<?xml version="1.0" encoding="UTF-8"?>
<testsuite xmlns:xsi="http://www.w3.org/2001/XMLSchema-instance" xsi:noNamespaceSchemaLocation="https://maven.apache.org/surefire/maven-surefire-plugin/xsd/surefire-test-report-3.0.xsd" version="3.0" name="step_definitions.RunCukesTest" time="8,450.375" tests="2775" errors="374" skipped="479" failures="42">
  <properties>
    <property name="gopherProxySet" value="false"/>
    <property name="awt.toolkit" value="sun.lwawt.macosx.LWCToolkit"/>
    <property name="file.encoding.pkg" value="sun.io"/>
    <property name="java.specification.version" value="1.8"/>
    <property name="sun.cpu.isalist" value=""/>
    <property name="sun.jnu.encoding" value="UTF-8"/>
    <property name="java.class.path" value="/Users/suci/IdeaProjects/GuruMuWeb/target/test-classes:/Users/suci/IdeaProjects/GuruMuWeb/target/classes:/Users/suci/.m2/repository/junit/junit/4.11/junit-4.11.jar:/Users/suci/.m2/repository/org/hamcrest/hamcrest-core/1.3/hamcrest-core-1.3.jar:/Users/suci/.m2/repository/org/seleniumhq/selenium/selenium-java/4.1.2/selenium-java-4.1.2.jar:/Users/suci/.m2/repository/org/seleniumhq/selenium/selenium-api/4.1.2/selenium-api-4.1.2.jar:/Users/suci/.m2/repository/org/seleniumhq/selenium/selenium-chrome-driver/4.1.2/selenium-chrome-driver-4.1.2.jar:/Users/suci/.m2/repository/com/google/auto/service/auto-service-annotations/1.0.1/auto-service-annotations-1.0.1.jar:/Users/suci/.m2/repository/com/google/auto/service/auto-service/1.0.1/auto-service-1.0.1.jar:/Users/suci/.m2/repository/com/google/auto/auto-common/1.2/auto-common-1.2.jar:/Users/suci/.m2/repository/com/google/guava/guava/31.0.1-jre/guava-31.0.1-jre.jar:/Users/suci/.m2/repository/com/google/guava/failureaccess/1.0.1/failureaccess-1.0.1.jar:/Users/suci/.m2/repository/com/google/guava/listenablefuture/9999.0-empty-to-avoid-conflict-with-guava/listenablefuture-9999.0-empty-to-avoid-conflict-with-guava.jar:/Users/suci/.m2/repository/com/google/code/findbugs/jsr305/3.0.2/jsr305-3.0.2.jar:/Users/suci/.m2/repository/org/checkerframework/checker-qual/3.12.0/checker-qual-3.12.0.jar:/Users/suci/.m2/repository/com/google/errorprone/error_prone_annotations/2.7.1/error_prone_annotations-2.7.1.jar:/Users/suci/.m2/repository/com/google/j2objc/j2objc-annotations/1.3/j2objc-annotations-1.3.jar:/Users/suci/.m2/repository/org/seleniumhq/selenium/selenium-chromium-driver/4.1.2/selenium-chromium-driver-4.1.2.jar:/Users/suci/.m2/repository/org/seleniumhq/selenium/selenium-json/4.1.2/selenium-json-4.1.2.jar:/Users/suci/.m2/repository/org/seleniumhq/selenium/selenium-devtools-v85/4.1.2/selenium-devtools-v85-4.1.2.jar:/Users/suci/.m2/repository/org/seleniumhq/selenium/selenium-devtools-v95/4.1.2/selenium-devtools-v95-4.1.2.jar:/Users/suci/.m2/repository/org/seleniumhq/selenium/selenium-devtools-v96/4.1.2/selenium-devtools-v96-4.1.2.jar:/Users/suci/.m2/repository/org/seleniumhq/selenium/selenium-devtools-v97/4.1.2/selenium-devtools-v97-4.1.2.jar:/Users/suci/.m2/repository/org/seleniumhq/selenium/selenium-edge-driver/4.1.2/selenium-edge-driver-4.1.2.jar:/Users/suci/.m2/repository/org/seleniumhq/selenium/selenium-firefox-driver/4.1.2/selenium-firefox-driver-4.1.2.jar:/Users/suci/.m2/repository/org/seleniumhq/selenium/selenium-firefox-xpi-driver/4.1.2/selenium-firefox-xpi-driver-4.1.2.jar:/Users/suci/.m2/repository/org/seleniumhq/selenium/selenium-ie-driver/4.1.2/selenium-ie-driver-4.1.2.jar:/Users/suci/.m2/repository/org/seleniumhq/selenium/selenium-opera-driver/4.1.2/selenium-opera-driver-4.1.2.jar:/Users/suci/.m2/repository/org/seleniumhq/selenium/selenium-remote-driver/4.1.2/selenium-remote-driver-4.1.2.jar:/Users/suci/.m2/repository/com/beust/jcommander/1.82/jcommander-1.82.jar:/Users/suci/.m2/repository/io/netty/netty-buffer/4.1.73.Final/netty-buffer-4.1.73.Final.jar:/Users/suci/.m2/repository/io/netty/netty-codec-http/4.1.73.Final/netty-codec-http-4.1.73.Final.jar:/Users/suci/.m2/repository/io/netty/netty-codec/4.1.73.Final/netty-codec-4.1.73.Final.jar:/Users/suci/.m2/repository/io/netty/netty-handler/4.1.73.Final/netty-handler-4.1.73.Final.jar:/Users/suci/.m2/repository/io/netty/netty-tcnative-classes/2.0.46.Final/netty-tcnative-classes-2.0.46.Final.jar:/Users/suci/.m2/repository/io/netty/netty-common/4.1.73.Final/netty-common-4.1.73.Final.jar:/Users/suci/.m2/repository/io/netty/netty-transport-classes-epoll/4.1.73.Final/netty-transport-classes-epoll-4.1.73.Final.jar:/Users/suci/.m2/repository/io/netty/netty-transport-classes-kqueue/4.1.73.Final/netty-transport-classes-kqueue-4.1.73.Final.jar:/Users/suci/.m2/repository/io/netty/netty-transport-native-epoll/4.1.73.Final/netty-transport-native-epoll-4.1.73.Final.jar:/Users/suci/.m2/repository/io/netty/netty-transport-native-kqueue/4.1.73.Final/netty-transport-native-kqueue-4.1.73.Final.jar:/Users/suci/.m2/repository/io/netty/netty-transport-native-unix-common/4.1.73.Final/netty-transport-native-unix-common-4.1.73.Final.jar:/Users/suci/.m2/repository/io/netty/netty-transport/4.1.73.Final/netty-transport-4.1.73.Final.jar:/Users/suci/.m2/repository/io/netty/netty-resolver/4.1.73.Final/netty-resolver-4.1.73.Final.jar:/Users/suci/.m2/repository/io/opentelemetry/opentelemetry-api/1.10.1/opentelemetry-api-1.10.1.jar:/Users/suci/.m2/repository/io/opentelemetry/opentelemetry-context/1.10.1/opentelemetry-context-1.10.1.jar:/Users/suci/.m2/repository/io/opentelemetry/opentelemetry-exporter-logging/1.10.1/opentelemetry-exporter-logging-1.10.1.jar:/Users/suci/.m2/repository/io/opentelemetry/opentelemetry-sdk-metrics/1.10.1-alpha/opentelemetry-sdk-metrics-1.10.1-alpha.jar:/Users/suci/.m2/repository/io/opentelemetry/opentelemetry-sdk-logs/1.10.1-alpha/opentelemetry-sdk-logs-1.10.1-alpha.jar:/Users/suci/.m2/repository/io/opentelemetry/opentelemetry-sdk-common/1.10.1/opentelemetry-sdk-common-1.10.1.jar:/Users/suci/.m2/repository/io/opentelemetry/opentelemetry-sdk-extension-autoconfigure-spi/1.10.1/opentelemetry-sdk-extension-autoconfigure-spi-1.10.1.jar:/Users/suci/.m2/repository/io/opentelemetry/opentelemetry-sdk-extension-autoconfigure/1.10.1-alpha/opentelemetry-sdk-extension-autoconfigure-1.10.1-alpha.jar:/Users/suci/.m2/repository/io/opentelemetry/opentelemetry-sdk-trace/1.10.1/opentelemetry-sdk-trace-1.10.1.jar:/Users/suci/.m2/repository/io/opentelemetry/opentelemetry-sdk/1.10.1/opentelemetry-sdk-1.10.1.jar:/Users/suci/.m2/repository/io/opentelemetry/opentelemetry-semconv/1.10.1-alpha/opentelemetry-semconv-1.10.1-alpha.jar:/Users/suci/.m2/repository/io/ous/jtoml/2.0.0/jtoml-2.0.0.jar:/Users/suci/.m2/repository/net/bytebuddy/byte-buddy/1.12.7/byte-buddy-1.12.7.jar:/Users/suci/.m2/repository/org/apache/commons/commons-exec/1.3/commons-exec-1.3.jar:/Users/suci/.m2/repository/org/asynchttpclient/async-http-client/2.12.3/async-http-client-2.12.3.jar:/Users/suci/.m2/repository/org/asynchttpclient/async-http-client-netty-utils/2.12.3/async-http-client-netty-utils-2.12.3.jar:/Users/suci/.m2/repository/io/netty/netty-codec-socks/4.1.60.Final/netty-codec-socks-4.1.60.Final.jar:/Users/suci/.m2/repository/io/netty/netty-handler-proxy/4.1.60.Final/netty-handler-proxy-4.1.60.Final.jar:/Users/suci/.m2/repository/io/netty/netty-transport-native-epoll/4.1.60.Final/netty-transport-native-epoll-4.1.60.Final-linux-x86_64.jar:/Users/suci/.m2/repository/io/netty/netty-transport-native-kqueue/4.1.60.Final/netty-transport-native-kqueue-4.1.60.Final-osx-x86_64.jar:/Users/suci/.m2/repository/org/reactivestreams/reactive-streams/1.0.3/reactive-streams-1.0.3.jar:/Users/suci/.m2/repository/com/typesafe/netty/netty-reactive-streams/2.0.4/netty-reactive-streams-2.0.4.jar:/Users/suci/.m2/repository/com/sun/activation/jakarta.activation/1.2.2/jakarta.activation-1.2.2.jar:/Users/suci/.m2/repository/org/seleniumhq/selenium/selenium-http/4.1.2/selenium-http-4.1.2.jar:/Users/suci/.m2/repository/net/jodah/failsafe/2.4.4/failsafe-2.4.4.jar:/Users/suci/.m2/repository/org/seleniumhq/selenium/selenium-safari-driver/4.1.2/selenium-safari-driver-4.1.2.jar:/Users/suci/.m2/repository/org/seleniumhq/selenium/selenium-support/4.1.2/selenium-support-4.1.2.jar:/Users/suci/.m2/repository/info/cukes/cucumber-java/1.2.5/cucumber-java-1.2.5.jar:/Users/suci/.m2/repository/info/cukes/cucumber-core/1.2.5/cucumber-core-1.2.5.jar:/Users/suci/.m2/repository/info/cukes/cucumber-html/0.2.3/cucumber-html-0.2.3.jar:/Users/suci/.m2/repository/info/cukes/cucumber-jvm-deps/1.0.5/cucumber-jvm-deps-1.0.5.jar:/Users/suci/.m2/repository/info/cukes/gherkin/2.12.2/gherkin-2.12.2.jar:/Users/suci/.m2/repository/info/cukes/cucumber-junit/1.2.5/cucumber-junit-1.2.5.jar:/Users/suci/.m2/repository/net/masterthought/cucumber-reporting/5.3.1/cucumber-reporting-5.3.1.jar:/Users/suci/.m2/repository/com/fasterxml/jackson/core/jackson-databind/2.10.1/jackson-databind-2.10.1.jar:/Users/suci/.m2/repository/com/fasterxml/jackson/core/jackson-annotations/2.10.1/jackson-annotations-2.10.1.jar:/Users/suci/.m2/repository/com/fasterxml/jackson/core/jackson-core/2.10.1/jackson-core-2.10.1.jar:/Users/suci/.m2/repository/com/fasterxml/jackson/datatype/jackson-datatype-jsr310/2.10.1/jackson-datatype-jsr310-2.10.1.jar:/Users/suci/.m2/repository/org/apache/velocity/velocity-engine-core/2.1/velocity-engine-core-2.1.jar:/Users/suci/.m2/repository/org/slf4j/slf4j-api/1.7.26/slf4j-api-1.7.26.jar:/Users/suci/.m2/repository/commons-collections/commons-collections/3.2.2/commons-collections-3.2.2.jar:/Users/suci/.m2/repository/joda-time/joda-time/2.10.5/joda-time-2.10.5.jar:/Users/suci/.m2/repository/org/apache/commons/commons-lang3/3.9/commons-lang3-3.9.jar:/Users/suci/.m2/repository/commons-io/commons-io/2.6/commons-io-2.6.jar:/Users/suci/.m2/repository/org/codehaus/plexus/plexus-utils/3.3.0/plexus-utils-3.3.0.jar:/Users/suci/.m2/repository/org/jsoup/jsoup/1.12.1/jsoup-1.12.1.jar:/Users/suci/.m2/repository/com/googlecode/owasp-java-html-sanitizer/owasp-java-html-sanitizer/20191001.1/owasp-java-html-sanitizer-20191001.1.jar:/Users/suci/.m2/repository/commons-configuration/commons-configuration/1.10/commons-configuration-1.10.jar:/Users/suci/.m2/repository/commons-lang/commons-lang/2.6/commons-lang-2.6.jar:/Users/suci/.m2/repository/commons-logging/commons-logging/1.1.1/commons-logging-1.1.1.jar:"/>
    <property name="java.vm.vendor" value="Oracle Corporation"/>
    <property name="sun.arch.data.model" value="64"/>
    <property name="java.vendor.url" value="http://java.oracle.com/"/>
    <property name="user.timezone" value=""/>
    <property name="java.vm.specification.version" value="1.8"/>
    <property name="os.name" value="Mac OS X"/>
    <property name="user.country" value="ID"/>
    <property name="sun.java.launcher" value="SUN_STANDARD"/>
    <property name="sun.boot.library.path" value="/Library/Java/JavaVirtualMachines/jdk1.8.0_201.jdk/Contents/Home/jre/lib"/>
    <property name="sun.java.command" value="/Users/suci/IdeaProjects/GuruMuWeb/target/surefire/surefirebooter2923227772856085592.jar /Users/suci/IdeaProjects/GuruMuWeb/target/surefire 2023-02-16T19-05-56_240-jvmRun1 surefire3168969264628801097tmp surefire_08319306452308465435tmp"/>
    <property name="http.nonProxyHosts" value="local|*.local|169.254/16|*.169.254/16"/>
    <property name="surefire.test.class.path" value="/Users/suci/IdeaProjects/GuruMuWeb/target/test-classes:/Users/suci/IdeaProjects/GuruMuWeb/target/classes:/Users/suci/.m2/repository/junit/junit/4.11/junit-4.11.jar:/Users/suci/.m2/repository/org/hamcrest/hamcrest-core/1.3/hamcrest-core-1.3.jar:/Users/suci/.m2/repository/org/seleniumhq/selenium/selenium-java/4.1.2/selenium-java-4.1.2.jar:/Users/suci/.m2/repository/org/seleniumhq/selenium/selenium-api/4.1.2/selenium-api-4.1.2.jar:/Users/suci/.m2/repository/org/seleniumhq/selenium/selenium-chrome-driver/4.1.2/selenium-chrome-driver-4.1.2.jar:/Users/suci/.m2/repository/com/google/auto/service/auto-service-annotations/1.0.1/auto-service-annotations-1.0.1.jar:/Users/suci/.m2/repository/com/google/auto/service/auto-service/1.0.1/auto-service-1.0.1.jar:/Users/suci/.m2/repository/com/google/auto/auto-common/1.2/auto-common-1.2.jar:/Users/suci/.m2/repository/com/google/guava/guava/31.0.1-jre/guava-31.0.1-jre.jar:/Users/suci/.m2/repository/com/google/guava/failureaccess/1.0.1/failureaccess-1.0.1.jar:/Users/suci/.m2/repository/com/google/guava/listenablefuture/9999.0-empty-to-avoid-conflict-with-guava/listenablefuture-9999.0-empty-to-avoid-conflict-with-guava.jar:/Users/suci/.m2/repository/com/google/code/findbugs/jsr305/3.0.2/jsr305-3.0.2.jar:/Users/suci/.m2/repository/org/checkerframework/checker-qual/3.12.0/checker-qual-3.12.0.jar:/Users/suci/.m2/repository/com/google/errorprone/error_prone_annotations/2.7.1/error_prone_annotations-2.7.1.jar:/Users/suci/.m2/repository/com/google/j2objc/j2objc-annotations/1.3/j2objc-annotations-1.3.jar:/Users/suci/.m2/repository/org/seleniumhq/selenium/selenium-chromium-driver/4.1.2/selenium-chromium-driver-4.1.2.jar:/Users/suci/.m2/repository/org/seleniumhq/selenium/selenium-json/4.1.2/selenium-json-4.1.2.jar:/Users/suci/.m2/repository/org/seleniumhq/selenium/selenium-devtools-v85/4.1.2/selenium-devtools-v85-4.1.2.jar:/Users/suci/.m2/repository/org/seleniumhq/selenium/selenium-devtools-v95/4.1.2/selenium-devtools-v95-4.1.2.jar:/Users/suci/.m2/repository/org/seleniumhq/selenium/selenium-devtools-v96/4.1.2/selenium-devtools-v96-4.1.2.jar:/Users/suci/.m2/repository/org/seleniumhq/selenium/selenium-devtools-v97/4.1.2/selenium-devtools-v97-4.1.2.jar:/Users/suci/.m2/repository/org/seleniumhq/selenium/selenium-edge-driver/4.1.2/selenium-edge-driver-4.1.2.jar:/Users/suci/.m2/repository/org/seleniumhq/selenium/selenium-firefox-driver/4.1.2/selenium-firefox-driver-4.1.2.jar:/Users/suci/.m2/repository/org/seleniumhq/selenium/selenium-firefox-xpi-driver/4.1.2/selenium-firefox-xpi-driver-4.1.2.jar:/Users/suci/.m2/repository/org/seleniumhq/selenium/selenium-ie-driver/4.1.2/selenium-ie-driver-4.1.2.jar:/Users/suci/.m2/repository/org/seleniumhq/selenium/selenium-opera-driver/4.1.2/selenium-opera-driver-4.1.2.jar:/Users/suci/.m2/repository/org/seleniumhq/selenium/selenium-remote-driver/4.1.2/selenium-remote-driver-4.1.2.jar:/Users/suci/.m2/repository/com/beust/jcommander/1.82/jcommander-1.82.jar:/Users/suci/.m2/repository/io/netty/netty-buffer/4.1.73.Final/netty-buffer-4.1.73.Final.jar:/Users/suci/.m2/repository/io/netty/netty-codec-http/4.1.73.Final/netty-codec-http-4.1.73.Final.jar:/Users/suci/.m2/repository/io/netty/netty-codec/4.1.73.Final/netty-codec-4.1.73.Final.jar:/Users/suci/.m2/repository/io/netty/netty-handler/4.1.73.Final/netty-handler-4.1.73.Final.jar:/Users/suci/.m2/repository/io/netty/netty-tcnative-classes/2.0.46.Final/netty-tcnative-classes-2.0.46.Final.jar:/Users/suci/.m2/repository/io/netty/netty-common/4.1.73.Final/netty-common-4.1.73.Final.jar:/Users/suci/.m2/repository/io/netty/netty-transport-classes-epoll/4.1.73.Final/netty-transport-classes-epoll-4.1.73.Final.jar:/Users/suci/.m2/repository/io/netty/netty-transport-classes-kqueue/4.1.73.Final/netty-transport-classes-kqueue-4.1.73.Final.jar:/Users/suci/.m2/repository/io/netty/netty-transport-native-epoll/4.1.73.Final/netty-transport-native-epoll-4.1.73.Final.jar:/Users/suci/.m2/repository/io/netty/netty-transport-native-kqueue/4.1.73.Final/netty-transport-native-kqueue-4.1.73.Final.jar:/Users/suci/.m2/repository/io/netty/netty-transport-native-unix-common/4.1.73.Final/netty-transport-native-unix-common-4.1.73.Final.jar:/Users/suci/.m2/repository/io/netty/netty-transport/4.1.73.Final/netty-transport-4.1.73.Final.jar:/Users/suci/.m2/repository/io/netty/netty-resolver/4.1.73.Final/netty-resolver-4.1.73.Final.jar:/Users/suci/.m2/repository/io/opentelemetry/opentelemetry-api/1.10.1/opentelemetry-api-1.10.1.jar:/Users/suci/.m2/repository/io/opentelemetry/opentelemetry-context/1.10.1/opentelemetry-context-1.10.1.jar:/Users/suci/.m2/repository/io/opentelemetry/opentelemetry-exporter-logging/1.10.1/opentelemetry-exporter-logging-1.10.1.jar:/Users/suci/.m2/repository/io/opentelemetry/opentelemetry-sdk-metrics/1.10.1-alpha/opentelemetry-sdk-metrics-1.10.1-alpha.jar:/Users/suci/.m2/repository/io/opentelemetry/opentelemetry-sdk-logs/1.10.1-alpha/opentelemetry-sdk-logs-1.10.1-alpha.jar:/Users/suci/.m2/repository/io/opentelemetry/opentelemetry-sdk-common/1.10.1/opentelemetry-sdk-common-1.10.1.jar:/Users/suci/.m2/repository/io/opentelemetry/opentelemetry-sdk-extension-autoconfigure-spi/1.10.1/opentelemetry-sdk-extension-autoconfigure-spi-1.10.1.jar:/Users/suci/.m2/repository/io/opentelemetry/opentelemetry-sdk-extension-autoconfigure/1.10.1-alpha/opentelemetry-sdk-extension-autoconfigure-1.10.1-alpha.jar:/Users/suci/.m2/repository/io/opentelemetry/opentelemetry-sdk-trace/1.10.1/opentelemetry-sdk-trace-1.10.1.jar:/Users/suci/.m2/repository/io/opentelemetry/opentelemetry-sdk/1.10.1/opentelemetry-sdk-1.10.1.jar:/Users/suci/.m2/repository/io/opentelemetry/opentelemetry-semconv/1.10.1-alpha/opentelemetry-semconv-1.10.1-alpha.jar:/Users/suci/.m2/repository/io/ous/jtoml/2.0.0/jtoml-2.0.0.jar:/Users/suci/.m2/repository/net/bytebuddy/byte-buddy/1.12.7/byte-buddy-1.12.7.jar:/Users/suci/.m2/repository/org/apache/commons/commons-exec/1.3/commons-exec-1.3.jar:/Users/suci/.m2/repository/org/asynchttpclient/async-http-client/2.12.3/async-http-client-2.12.3.jar:/Users/suci/.m2/repository/org/asynchttpclient/async-http-client-netty-utils/2.12.3/async-http-client-netty-utils-2.12.3.jar:/Users/suci/.m2/repository/io/netty/netty-codec-socks/4.1.60.Final/netty-codec-socks-4.1.60.Final.jar:/Users/suci/.m2/repository/io/netty/netty-handler-proxy/4.1.60.Final/netty-handler-proxy-4.1.60.Final.jar:/Users/suci/.m2/repository/io/netty/netty-transport-native-epoll/4.1.60.Final/netty-transport-native-epoll-4.1.60.Final-linux-x86_64.jar:/Users/suci/.m2/repository/io/netty/netty-transport-native-kqueue/4.1.60.Final/netty-transport-native-kqueue-4.1.60.Final-osx-x86_64.jar:/Users/suci/.m2/repository/org/reactivestreams/reactive-streams/1.0.3/reactive-streams-1.0.3.jar:/Users/suci/.m2/repository/com/typesafe/netty/netty-reactive-streams/2.0.4/netty-reactive-streams-2.0.4.jar:/Users/suci/.m2/repository/com/sun/activation/jakarta.activation/1.2.2/jakarta.activation-1.2.2.jar:/Users/suci/.m2/repository/org/seleniumhq/selenium/selenium-http/4.1.2/selenium-http-4.1.2.jar:/Users/suci/.m2/repository/net/jodah/failsafe/2.4.4/failsafe-2.4.4.jar:/Users/suci/.m2/repository/org/seleniumhq/selenium/selenium-safari-driver/4.1.2/selenium-safari-driver-4.1.2.jar:/Users/suci/.m2/repository/org/seleniumhq/selenium/selenium-support/4.1.2/selenium-support-4.1.2.jar:/Users/suci/.m2/repository/info/cukes/cucumber-java/1.2.5/cucumber-java-1.2.5.jar:/Users/suci/.m2/repository/info/cukes/cucumber-core/1.2.5/cucumber-core-1.2.5.jar:/Users/suci/.m2/repository/info/cukes/cucumber-html/0.2.3/cucumber-html-0.2.3.jar:/Users/suci/.m2/repository/info/cukes/cucumber-jvm-deps/1.0.5/cucumber-jvm-deps-1.0.5.jar:/Users/suci/.m2/repository/info/cukes/gherkin/2.12.2/gherkin-2.12.2.jar:/Users/suci/.m2/repository/info/cukes/cucumber-junit/1.2.5/cucumber-junit-1.2.5.jar:/Users/suci/.m2/repository/net/masterthought/cucumber-reporting/5.3.1/cucumber-reporting-5.3.1.jar:/Users/suci/.m2/repository/com/fasterxml/jackson/core/jackson-databind/2.10.1/jackson-databind-2.10.1.jar:/Users/suci/.m2/repository/com/fasterxml/jackson/core/jackson-annotations/2.10.1/jackson-annotations-2.10.1.jar:/Users/suci/.m2/repository/com/fasterxml/jackson/core/jackson-core/2.10.1/jackson-core-2.10.1.jar:/Users/suci/.m2/repository/com/fasterxml/jackson/datatype/jackson-datatype-jsr310/2.10.1/jackson-datatype-jsr310-2.10.1.jar:/Users/suci/.m2/repository/org/apache/velocity/velocity-engine-core/2.1/velocity-engine-core-2.1.jar:/Users/suci/.m2/repository/org/slf4j/slf4j-api/1.7.26/slf4j-api-1.7.26.jar:/Users/suci/.m2/repository/commons-collections/commons-collections/3.2.2/commons-collections-3.2.2.jar:/Users/suci/.m2/repository/joda-time/joda-time/2.10.5/joda-time-2.10.5.jar:/Users/suci/.m2/repository/org/apache/commons/commons-lang3/3.9/commons-lang3-3.9.jar:/Users/suci/.m2/repository/commons-io/commons-io/2.6/commons-io-2.6.jar:/Users/suci/.m2/repository/org/codehaus/plexus/plexus-utils/3.3.0/plexus-utils-3.3.0.jar:/Users/suci/.m2/repository/org/jsoup/jsoup/1.12.1/jsoup-1.12.1.jar:/Users/suci/.m2/repository/com/googlecode/owasp-java-html-sanitizer/owasp-java-html-sanitizer/20191001.1/owasp-java-html-sanitizer-20191001.1.jar:/Users/suci/.m2/repository/commons-configuration/commons-configuration/1.10/commons-configuration-1.10.jar:/Users/suci/.m2/repository/commons-lang/commons-lang/2.6/commons-lang-2.6.jar:/Users/suci/.m2/repository/commons-logging/commons-logging/1.1.1/commons-logging-1.1.1.jar:"/>
    <property name="sun.cpu.endian" value="little"/>
    <property name="user.home" value="/Users/suci"/>
    <property name="user.language" value="en"/>
    <property name="java.specification.vendor" value="Oracle Corporation"/>
    <property name="java.home" value="/Library/Java/JavaVirtualMachines/jdk1.8.0_201.jdk/Contents/Home/jre"/>
    <property name="basedir" value="/Users/suci/IdeaProjects/GuruMuWeb"/>
    <property name="file.separator" value="/"/>
    <property name="line.separator" value="&#10;"/>
    <property name="java.vm.specification.vendor" value="Oracle Corporation"/>
    <property name="java.specification.name" value="Java Platform API Specification"/>
    <property name="java.awt.graphicsenv" value="sun.awt.CGraphicsEnvironment"/>
    <property name="surefire.real.class.path" value="/Users/suci/IdeaProjects/GuruMuWeb/target/surefire/surefirebooter2923227772856085592.jar"/>
    <property name="sun.boot.class.path" value="/Library/Java/JavaVirtualMachines/jdk1.8.0_201.jdk/Contents/Home/jre/lib/resources.jar:/Library/Java/JavaVirtualMachines/jdk1.8.0_201.jdk/Contents/Home/jre/lib/rt.jar:/Library/Java/JavaVirtualMachines/jdk1.8.0_201.jdk/Contents/Home/jre/lib/sunrsasign.jar:/Library/Java/JavaVirtualMachines/jdk1.8.0_201.jdk/Contents/Home/jre/lib/jsse.jar:/Library/Java/JavaVirtualMachines/jdk1.8.0_201.jdk/Contents/Home/jre/lib/jce.jar:/Library/Java/JavaVirtualMachines/jdk1.8.0_201.jdk/Contents/Home/jre/lib/charsets.jar:/Library/Java/JavaVirtualMachines/jdk1.8.0_201.jdk/Contents/Home/jre/lib/jfr.jar:/Library/Java/JavaVirtualMachines/jdk1.8.0_201.jdk/Contents/Home/jre/classes"/>
    <property name="sun.management.compiler" value="HotSpot 64-Bit Tiered Compilers"/>
    <property name="ftp.nonProxyHosts" value="local|*.local|169.254/16|*.169.254/16"/>
    <property name="java.runtime.version" value="1.8.0_201-b09"/>
    <property name="user.name" value="suci"/>
    <property name="path.separator" value=":"/>
    <property name="os.version" value="10.16"/>
    <property name="java.endorsed.dirs" value="/Library/Java/JavaVirtualMachines/jdk1.8.0_201.jdk/Contents/Home/jre/lib/endorsed"/>
    <property name="java.runtime.name" value="Java(TM) SE Runtime Environment"/>
    <property name="file.encoding" value="UTF-8"/>
    <property name="java.vm.name" value="Java HotSpot(TM) 64-Bit Server VM"/>
    <property name="localRepository" value="/Users/suci/.m2/repository"/>
    <property name="java.vendor.url.bug" value="http://bugreport.sun.com/bugreport/"/>
    <property name="java.io.tmpdir" value="/var/folders/00/xzw63_pj58gg6k9kyyg709_h0000gp/T/"/>
    <property name="idea.version" value="2022.2.3"/>
    <property name="java.version" value="1.8.0_201"/>
    <property name="user.dir" value="/Users/suci/IdeaProjects/GuruMuWeb"/>
    <property name="os.arch" value="x86_64"/>
    <property name="java.vm.specification.name" value="Java Virtual Machine Specification"/>
    <property name="java.awt.printerjob" value="sun.lwawt.macosx.CPrinterJob"/>
    <property name="sun.os.patch.level" value="unknown"/>
    <property name="java.library.path" value="/Users/suci/Library/Java/Extensions:/Library/Java/Extensions:/Network/Library/Java/Extensions:/System/Library/Java/Extensions:/usr/lib/java:."/>
    <property name="java.vm.info" value="mixed mode"/>
    <property name="java.vendor" value="Oracle Corporation"/>
    <property name="java.vm.version" value="25.201-b09"/>
    <property name="java.ext.dirs" value="/Users/suci/Library/Java/Extensions:/Library/Java/JavaVirtualMachines/jdk1.8.0_201.jdk/Contents/Home/jre/lib/ext:/Library/Java/Extensions:/Network/Library/Java/Extensions:/System/Library/Java/Extensions:/usr/lib/java"/>
    <property name="sun.io.unicode.encoding" value="UnicodeBig"/>
    <property name="java.class.version" value="52.0"/>
    <property name="socksNonProxyHosts" value="local|*.local|169.254/16|*.169.254/16"/>
  </properties>
  <testcase name="Given User open the website GuruMu" classname="Scenario: Verify &apos;mata pelajaran&apos; field is displayed" time="0.01">
    <system-out><![CDATA[@CariGuru @Test
Feature: Cari guru
]]></system-out>
    <system-err><![CDATA[SLF4J: Failed to load class "org.slf4j.impl.StaticLoggerBinder".
SLF4J: Defaulting to no-operation (NOP) logger implementation
SLF4J: See http://www.slf4j.org/codes.html#StaticLoggerBinder for further details.
Starting ChromeDriver 110.0.5481.77 (65ed616c6e8ee3fe0ad64fe83796c020644d42af-refs/branch-heads/5481@{#839}) on port 55605
Only local connections are allowed.
Please see https://chromedriver.chromium.org/security-considerations for suggestions on keeping ChromeDriver safe.
ChromeDriver was started successfully.
[1676549164.462][WARNING]: virtual void DevToolsClientImpl::AddListener(DevToolsEventListener *) subscribing a listener to the already connected DevToolsClient. Connection notification will not arrive.
Feb 16, 2023 7:06:04 PM org.openqa.selenium.remote.ProtocolHandshake createSession
INFO: Detected dialect: W3C
Feb 16, 2023 7:06:04 PM org.openqa.selenium.devtools.CdpVersionFinder findNearestMatch
WARNING: Unable to find an exact match for CDP version 110, so returning the closest version found: a no-op implementation
Feb 16, 2023 7:06:04 PM org.openqa.selenium.devtools.CdpVersionFinder findNearestMatch
INFO: Unable to find CDP implementation matching 110.
Feb 16, 2023 7:06:04 PM org.openqa.selenium.chromium.ChromiumDriver lambda$new$3
WARNING: Unable to find version of CDP to use for . You may need to include a dependency on a specific version of the CDP using something similar to `org.seleniumhq.selenium:selenium-devtools-v86:4.1.2` where the version ("v86") matches the version of the chromium-based browser you're using and the version number of the artifact is the same as Selenium's.
]]></system-err>
  </testcase>
  <testcase name="When User click avatar navigation" classname="Scenario: Verify &apos;mata pelajaran&apos; field is displayed" time="0.001"/>
  <testcase name="And User click menu Masuk" classname="Scenario: Verify &apos;mata pelajaran&apos; field is displayed" time="0"/>
  <testcase name="And User input &quot;sucimurid@gmail.com&quot; as email and input &quot;sucimurid&quot; as password" classname="Scenario: Verify &apos;mata pelajaran&apos; field is displayed" time="0"/>
  <testcase name="And User clicked masuk button" classname="Scenario: Verify &apos;mata pelajaran&apos; field is displayed" time="0"/>
  <testcase name="When Student click menu Beranda" classname="Scenario: Verify &apos;mata pelajaran&apos; field is displayed" time="0">
    <system-out><![CDATA[
  Background:                                                                       &amp#27;[90m# features/CariGuru.feature:4&amp#27;[0m
    &amp#27;[32mGiven &amp#27;[0m&amp#27;[32mUser open the website GuruMu&amp#27;[0m                                              &amp#27;[90m# LoginSteps.userOpenTheWebsiteGuruMu()&amp#27;[0m
    &amp#27;[32mWhen &amp#27;[0m&amp#27;[32mUser click avatar navigation&amp#27;[0m                                               &amp#27;[90m# LoginSteps.userClickAvatarNavigation()&amp#27;[0m
    &amp#27;[32mAnd &amp#27;[0m&amp#27;[32mUser click menu Masuk&amp#27;[0m                                                       &amp#27;[90m# LoginSteps.userClickMenuMasuk()&amp#27;[0m
    &amp#27;[32mAnd &amp#27;[0m&amp#27;[32mUser input "&amp#27;[0m&amp#27;[32m&amp#27;[1msucimurid@gmail.com&amp#27;[0m&amp#27;[32m" as email and input "&amp#27;[0m&amp#27;[32m&amp#27;[1msucimurid&amp#27;[0m&amp#27;[32m" as password&amp#27;[0m &amp#27;[90m# LoginSteps.inputCredential(String,String)&amp#27;[0m
    &amp#27;[32mAnd &amp#27;[0m&amp#27;[32mUser clicked masuk button&amp#27;[0m                                                   &amp#27;[90m# LoginSteps.userClickMasukButton()&amp#27;[0m
]]></system-out>
  </testcase>
  <testcase name="Then Should show home page" classname="Scenario: Verify &apos;mata pelajaran&apos; field is displayed" time="0"/>
  <testcase name="And Should show mata pelajaran field" classname="Scenario: Verify &apos;mata pelajaran&apos; field is displayed" time="0.001"/>
  <testcase name="" classname="Scenario: Verify &apos;mata pelajaran&apos; field is displayed" time="0.132"/>
  <testcase name="Given User open the website GuruMu" classname="Scenario: Verify &apos;lokasi&apos; field is displayed" time="0.001">
    <system-out><![CDATA[
  Scenario: Verify 'mata pelajaran' field is displayed &amp#27;[90m# features/CariGuru.feature:11&amp#27;[0m
    &amp#27;[32mWhen &amp#27;[0m&amp#27;[32mStudent click menu Beranda&amp#27;[0m                    &amp#27;[90m# CariGuruSteps.studentClickMenuBeranda()&amp#27;[0m
    &amp#27;[32mThen &amp#27;[0m&amp#27;[32mShould show home page&amp#27;[0m                         &amp#27;[90m# CariGuruSteps.shouldShowHomePage()&amp#27;[0m
    &amp#27;[32mAnd &amp#27;[0m&amp#27;[32mShould show mata pelajaran field&amp#27;[0m               &amp#27;[90m# CariGuruSteps.shouldShowMataPelajaranField()&amp#27;[0m
]]></system-out>
    <system-err><![CDATA[Starting ChromeDriver 110.0.5481.77 (65ed616c6e8ee3fe0ad64fe83796c020644d42af-refs/branch-heads/5481@{#839}) on port 63869
Only local connections are allowed.
Please see https://chromedriver.chromium.org/security-considerations for suggestions on keeping ChromeDriver safe.
ChromeDriver was started successfully.
[1676549189.927][WARNING]: virtual void DevToolsClientImpl::AddListener(DevToolsEventListener *) subscribing a listener to the already connected DevToolsClient. Connection notification will not arrive.
Feb 16, 2023 7:06:30 PM org.openqa.selenium.remote.ProtocolHandshake createSession
INFO: Detected dialect: W3C
Feb 16, 2023 7:06:30 PM org.openqa.selenium.devtools.CdpVersionFinder findNearestMatch
WARNING: Unable to find an exact match for CDP version 110, so returning the closest version found: a no-op implementation
Feb 16, 2023 7:06:30 PM org.openqa.selenium.devtools.CdpVersionFinder findNearestMatch
INFO: Unable to find CDP implementation matching 110.
Feb 16, 2023 7:06:30 PM org.openqa.selenium.chromium.ChromiumDriver lambda$new$3
WARNING: Unable to find version of CDP to use for . You may need to include a dependency on a specific version of the CDP using something similar to `org.seleniumhq.selenium:selenium-devtools-v86:4.1.2` where the version ("v86") matches the version of the chromium-based browser you're using and the version number of the artifact is the same as Selenium's.
]]></system-err>
  </testcase>
  <testcase name="When User click avatar navigation" classname="Scenario: Verify &apos;lokasi&apos; field is displayed" time="0"/>
  <testcase name="And User click menu Masuk" classname="Scenario: Verify &apos;lokasi&apos; field is displayed" time="0"/>
  <testcase name="And User input &quot;sucimurid@gmail.com&quot; as email and input &quot;sucimurid&quot; as password" classname="Scenario: Verify &apos;lokasi&apos; field is displayed" time="0"/>
  <testcase name="And User clicked masuk button" classname="Scenario: Verify &apos;lokasi&apos; field is displayed" time="0"/>
  <testcase name="When Student click menu Beranda" classname="Scenario: Verify &apos;lokasi&apos; field is displayed" time="0">
    <system-out><![CDATA[
  Background:                                                                       &amp#27;[90m# features/CariGuru.feature:4&amp#27;[0m
    &amp#27;[32mGiven &amp#27;[0m&amp#27;[32mUser open the website GuruMu&amp#27;[0m                                              &amp#27;[90m# LoginSteps.userOpenTheWebsiteGuruMu()&amp#27;[0m
    &amp#27;[32mWhen &amp#27;[0m&amp#27;[32mUser click avatar navigation&amp#27;[0m                                               &amp#27;[90m# LoginSteps.userClickAvatarNavigation()&amp#27;[0m
    &amp#27;[32mAnd &amp#27;[0m&amp#27;[32mUser click menu Masuk&amp#27;[0m                                                       &amp#27;[90m# LoginSteps.userClickMenuMasuk()&amp#27;[0m
    &amp#27;[32mAnd &amp#27;[0m&amp#27;[32mUser input "&amp#27;[0m&amp#27;[32m&amp#27;[1msucimurid@gmail.com&amp#27;[0m&amp#27;[32m" as email and input "&amp#27;[0m&amp#27;[32m&amp#27;[1msucimurid&amp#27;[0m&amp#27;[32m" as password&amp#27;[0m &amp#27;[90m# LoginSteps.inputCredential(String,String)&amp#27;[0m
    &amp#27;[32mAnd &amp#27;[0m&amp#27;[32mUser clicked masuk button&amp#27;[0m                                                   &amp#27;[90m# LoginSteps.userClickMasukButton()&amp#27;[0m
]]></system-out>
  </testcase>
  <testcase name="Then Should show home page" classname="Scenario: Verify &apos;lokasi&apos; field is displayed" time="0"/>
  <testcase name="And Should show lokasi field" classname="Scenario: Verify &apos;lokasi&apos; field is displayed" time="0"/>
  <testcase name="" classname="Scenario: Verify &apos;lokasi&apos; field is displayed" time="0.113"/>
  <testcase name="Given User open the website GuruMu" classname="Scenario: Verify &apos;cari&apos; button is displayed" time="0">
    <system-out><![CDATA[
  Scenario: Verify 'lokasi' field is displayed &amp#27;[90m# features/CariGuru.feature:16&amp#27;[0m
    &amp#27;[32mWhen &amp#27;[0m&amp#27;[32mStudent click menu Beranda&amp#27;[0m            &amp#27;[90m# CariGuruSteps.studentClickMenuBeranda()&amp#27;[0m
    &amp#27;[32mThen &amp#27;[0m&amp#27;[32mShould show home page&amp#27;[0m                 &amp#27;[90m# CariGuruSteps.shouldShowHomePage()&amp#27;[0m
    &amp#27;[32mAnd &amp#27;[0m&amp#27;[32mShould show lokasi field&amp#27;[0m               &amp#27;[90m# CariGuruSteps.shouldShowLokasiField()&amp#27;[0m
]]></system-out>
    <system-err><![CDATA[Starting ChromeDriver 110.0.5481.77 (65ed616c6e8ee3fe0ad64fe83796c020644d42af-refs/branch-heads/5481@{#839}) on port 63318
Only local connections are allowed.
Please see https://chromedriver.chromium.org/security-considerations for suggestions on keeping ChromeDriver safe.
ChromeDriver was started successfully.
[1676549213.278][WARNING]: virtual void DevToolsClientImpl::AddListener(DevToolsEventListener *) subscribing a listener to the already connected DevToolsClient. Connection notification will not arrive.
Feb 16, 2023 7:06:53 PM org.openqa.selenium.remote.ProtocolHandshake createSession
INFO: Detected dialect: W3C
Feb 16, 2023 7:06:53 PM org.openqa.selenium.devtools.CdpVersionFinder findNearestMatch
WARNING: Unable to find an exact match for CDP version 110, so returning the closest version found: a no-op implementation
Feb 16, 2023 7:06:53 PM org.openqa.selenium.devtools.CdpVersionFinder findNearestMatch
INFO: Unable to find CDP implementation matching 110.
Feb 16, 2023 7:06:53 PM org.openqa.selenium.chromium.ChromiumDriver lambda$new$3
WARNING: Unable to find version of CDP to use for . You may need to include a dependency on a specific version of the CDP using something similar to `org.seleniumhq.selenium:selenium-devtools-v86:4.1.2` where the version ("v86") matches the version of the chromium-based browser you're using and the version number of the artifact is the same as Selenium's.
]]></system-err>
  </testcase>
  <testcase name="When User click avatar navigation" classname="Scenario: Verify &apos;cari&apos; button is displayed" time="0"/>
  <testcase name="And User click menu Masuk" classname="Scenario: Verify &apos;cari&apos; button is displayed" time="0.001"/>
  <testcase name="And User input &quot;sucimurid@gmail.com&quot; as email and input &quot;sucimurid&quot; as password" classname="Scenario: Verify &apos;cari&apos; button is displayed" time="0"/>
  <testcase name="And User clicked masuk button" classname="Scenario: Verify &apos;cari&apos; button is displayed" time="0"/>
  <testcase name="When Student click menu Beranda" classname="Scenario: Verify &apos;cari&apos; button is displayed" time="0">
    <system-out><![CDATA[
  Background:                                                                       &amp#27;[90m# features/CariGuru.feature:4&amp#27;[0m
    &amp#27;[32mGiven &amp#27;[0m&amp#27;[32mUser open the website GuruMu&amp#27;[0m                                              &amp#27;[90m# LoginSteps.userOpenTheWebsiteGuruMu()&amp#27;[0m
    &amp#27;[32mWhen &amp#27;[0m&amp#27;[32mUser click avatar navigation&amp#27;[0m                                               &amp#27;[90m# LoginSteps.userClickAvatarNavigation()&amp#27;[0m
    &amp#27;[32mAnd &amp#27;[0m&amp#27;[32mUser click menu Masuk&amp#27;[0m                                                       &amp#27;[90m# LoginSteps.userClickMenuMasuk()&amp#27;[0m
    &amp#27;[32mAnd &amp#27;[0m&amp#27;[32mUser input "&amp#27;[0m&amp#27;[32m&amp#27;[1msucimurid@gmail.com&amp#27;[0m&amp#27;[32m" as email and input "&amp#27;[0m&amp#27;[32m&amp#27;[1msucimurid&amp#27;[0m&amp#27;[32m" as password&amp#27;[0m &amp#27;[90m# LoginSteps.inputCredential(String,String)&amp#27;[0m
    &amp#27;[32mAnd &amp#27;[0m&amp#27;[32mUser clicked masuk button&amp#27;[0m                                                   &amp#27;[90m# LoginSteps.userClickMasukButton()&amp#27;[0m
]]></system-out>
  </testcase>
  <testcase name="Then Should show home page" classname="Scenario: Verify &apos;cari&apos; button is displayed" time="0"/>
  <testcase name="And Should show cari button" classname="Scenario: Verify &apos;cari&apos; button is displayed" time="0"/>
  <testcase name="" classname="Scenario: Verify &apos;cari&apos; button is displayed" time="0.111"/>
  <testcase name="Given User open the website GuruMu" classname="Scenario: Verify teacher list is displayed" time="0">
    <system-out><![CDATA[
  Scenario: Verify 'cari' button is displayed &amp#27;[90m# features/CariGuru.feature:21&amp#27;[0m
    &amp#27;[32mWhen &amp#27;[0m&amp#27;[32mStudent click menu Beranda&amp#27;[0m           &amp#27;[90m# CariGuruSteps.studentClickMenuBeranda()&amp#27;[0m
    &amp#27;[32mThen &amp#27;[0m&amp#27;[32mShould show home page&amp#27;[0m                &amp#27;[90m# CariGuruSteps.shouldShowHomePage()&amp#27;[0m
    &amp#27;[32mAnd &amp#27;[0m&amp#27;[32mShould show cari button&amp#27;[0m               &amp#27;[90m# CariGuruSteps.shouldShowCariButton()&amp#27;[0m
]]></system-out>
    <system-err><![CDATA[Starting ChromeDriver 110.0.5481.77 (65ed616c6e8ee3fe0ad64fe83796c020644d42af-refs/branch-heads/5481@{#839}) on port 63110
Only local connections are allowed.
Please see https://chromedriver.chromium.org/security-considerations for suggestions on keeping ChromeDriver safe.
ChromeDriver was started successfully.
[1676549242.845][WARNING]: virtual void DevToolsClientImpl::AddListener(DevToolsEventListener *) subscribing a listener to the already connected DevToolsClient. Connection notification will not arrive.
Feb 16, 2023 7:07:23 PM org.openqa.selenium.remote.ProtocolHandshake createSession
INFO: Detected dialect: W3C
Feb 16, 2023 7:07:23 PM org.openqa.selenium.devtools.CdpVersionFinder findNearestMatch
WARNING: Unable to find an exact match for CDP version 110, so returning the closest version found: a no-op implementation
Feb 16, 2023 7:07:23 PM org.openqa.selenium.devtools.CdpVersionFinder findNearestMatch
INFO: Unable to find CDP implementation matching 110.
Feb 16, 2023 7:07:23 PM org.openqa.selenium.chromium.ChromiumDriver lambda$new$3
WARNING: Unable to find version of CDP to use for . You may need to include a dependency on a specific version of the CDP using something similar to `org.seleniumhq.selenium:selenium-devtools-v86:4.1.2` where the version ("v86") matches the version of the chromium-based browser you're using and the version number of the artifact is the same as Selenium's.
]]></system-err>
  </testcase>
  <testcase name="When User click avatar navigation" classname="Scenario: Verify teacher list is displayed" time="0"/>
  <testcase name="And User click menu Masuk" classname="Scenario: Verify teacher list is displayed" time="0"/>
  <testcase name="And User input &quot;sucimurid@gmail.com&quot; as email and input &quot;sucimurid&quot; as password" classname="Scenario: Verify teacher list is displayed" time="0"/>
  <testcase name="And User clicked masuk button" classname="Scenario: Verify teacher list is displayed" time="0"/>
  <testcase name="When Student click menu Beranda" classname="Scenario: Verify teacher list is displayed" time="0">
    <system-out><![CDATA[
  Background:                                                                       &amp#27;[90m# features/CariGuru.feature:4&amp#27;[0m
    &amp#27;[32mGiven &amp#27;[0m&amp#27;[32mUser open the website GuruMu&amp#27;[0m                                              &amp#27;[90m# LoginSteps.userOpenTheWebsiteGuruMu()&amp#27;[0m
    &amp#27;[32mWhen &amp#27;[0m&amp#27;[32mUser click avatar navigation&amp#27;[0m                                               &amp#27;[90m# LoginSteps.userClickAvatarNavigation()&amp#27;[0m
    &amp#27;[32mAnd &amp#27;[0m&amp#27;[32mUser click menu Masuk&amp#27;[0m                                                       &amp#27;[90m# LoginSteps.userClickMenuMasuk()&amp#27;[0m
    &amp#27;[32mAnd &amp#27;[0m&amp#27;[32mUser input "&amp#27;[0m&amp#27;[32m&amp#27;[1msucimurid@gmail.com&amp#27;[0m&amp#27;[32m" as email and input "&amp#27;[0m&amp#27;[32m&amp#27;[1msucimurid&amp#27;[0m&amp#27;[32m" as password&amp#27;[0m &amp#27;[90m# LoginSteps.inputCredential(String,String)&amp#27;[0m
    &amp#27;[32mAnd &amp#27;[0m&amp#27;[32mUser clicked masuk button&amp#27;[0m                                                   &amp#27;[90m# LoginSteps.userClickMasukButton()&amp#27;[0m
]]></system-out>
  </testcase>
  <testcase name="Then Should show home page" classname="Scenario: Verify teacher list is displayed" time="0"/>
  <testcase name="And Should show teacher list" classname="Scenario: Verify teacher list is displayed" time="0"/>
  <testcase name="" classname="Scenario: Verify teacher list is displayed" time="0.111"/>
  <testcase name="Given User open the website GuruMu" classname="Scenario: Verify &apos;mata pelajaran&apos; field is enabled" time="0">
    <system-out><![CDATA[
  Scenario: Verify teacher list is displayed &amp#27;[90m# features/CariGuru.feature:26&amp#27;[0m
    &amp#27;[32mWhen &amp#27;[0m&amp#27;[32mStudent click menu Beranda&amp#27;[0m          &amp#27;[90m# CariGuruSteps.studentClickMenuBeranda()&amp#27;[0m
    &amp#27;[32mThen &amp#27;[0m&amp#27;[32mShould show home page&amp#27;[0m               &amp#27;[90m# CariGuruSteps.shouldShowHomePage()&amp#27;[0m
    &amp#27;[32mAnd &amp#27;[0m&amp#27;[32mShould show teacher list&amp#27;[0m             &amp#27;[90m# CariGuruSteps.shouldShowTeacherList()&amp#27;[0m
]]></system-out>
    <system-err><![CDATA[Starting ChromeDriver 110.0.5481.77 (65ed616c6e8ee3fe0ad64fe83796c020644d42af-refs/branch-heads/5481@{#839}) on port 64021
Only local connections are allowed.
Please see https://chromedriver.chromium.org/security-considerations for suggestions on keeping ChromeDriver safe.
ChromeDriver was started successfully.
[1676549267.088][WARNING]: virtual void DevToolsClientImpl::AddListener(DevToolsEventListener *) subscribing a listener to the already connected DevToolsClient. Connection notification will not arrive.
Feb 16, 2023 7:07:47 PM org.openqa.selenium.remote.ProtocolHandshake createSession
INFO: Detected dialect: W3C
Feb 16, 2023 7:07:47 PM org.openqa.selenium.devtools.CdpVersionFinder findNearestMatch
WARNING: Unable to find an exact match for CDP version 110, so returning the closest version found: a no-op implementation
Feb 16, 2023 7:07:47 PM org.openqa.selenium.devtools.CdpVersionFinder findNearestMatch
INFO: Unable to find CDP implementation matching 110.
Feb 16, 2023 7:07:47 PM org.openqa.selenium.chromium.ChromiumDriver lambda$new$3
WARNING: Unable to find version of CDP to use for . You may need to include a dependency on a specific version of the CDP using something similar to `org.seleniumhq.selenium:selenium-devtools-v86:4.1.2` where the version ("v86") matches the version of the chromium-based browser you're using and the version number of the artifact is the same as Selenium's.
]]></system-err>
  </testcase>
  <testcase name="When User click avatar navigation" classname="Scenario: Verify &apos;mata pelajaran&apos; field is enabled" time="0"/>
  <testcase name="And User click menu Masuk" classname="Scenario: Verify &apos;mata pelajaran&apos; field is enabled" time="0"/>
  <testcase name="And User input &quot;sucimurid@gmail.com&quot; as email and input &quot;sucimurid&quot; as password" classname="Scenario: Verify &apos;mata pelajaran&apos; field is enabled" time="0"/>
  <testcase name="And User clicked masuk button" classname="Scenario: Verify &apos;mata pelajaran&apos; field is enabled" time="0"/>
  <testcase name="When Student click menu Beranda" classname="Scenario: Verify &apos;mata pelajaran&apos; field is enabled" time="0">
    <system-out><![CDATA[
  Background:                                                                       &amp#27;[90m# features/CariGuru.feature:4&amp#27;[0m
    &amp#27;[32mGiven &amp#27;[0m&amp#27;[32mUser open the website GuruMu&amp#27;[0m                                              &amp#27;[90m# LoginSteps.userOpenTheWebsiteGuruMu()&amp#27;[0m
    &amp#27;[32mWhen &amp#27;[0m&amp#27;[32mUser click avatar navigation&amp#27;[0m                                               &amp#27;[90m# LoginSteps.userClickAvatarNavigation()&amp#27;[0m
    &amp#27;[32mAnd &amp#27;[0m&amp#27;[32mUser click menu Masuk&amp#27;[0m                                                       &amp#27;[90m# LoginSteps.userClickMenuMasuk()&amp#27;[0m
    &amp#27;[32mAnd &amp#27;[0m&amp#27;[32mUser input "&amp#27;[0m&amp#27;[32m&amp#27;[1msucimurid@gmail.com&amp#27;[0m&amp#27;[32m" as email and input "&amp#27;[0m&amp#27;[32m&amp#27;[1msucimurid&amp#27;[0m&amp#27;[32m" as password&amp#27;[0m &amp#27;[90m# LoginSteps.inputCredential(String,String)&amp#27;[0m
    &amp#27;[32mAnd &amp#27;[0m&amp#27;[32mUser clicked masuk button&amp#27;[0m                                                   &amp#27;[90m# LoginSteps.userClickMasukButton()&amp#27;[0m
]]></system-out>
  </testcase>
  <testcase name="And Student click mata pelajaran field" classname="Scenario: Verify &apos;mata pelajaran&apos; field is enabled" time="0"/>
  <testcase name="Then Mata pelajaran field is enabled" classname="Scenario: Verify &apos;mata pelajaran&apos; field is enabled" time="0"/>
  <testcase name="" classname="Scenario: Verify &apos;mata pelajaran&apos; field is enabled" time="0.115"/>
  <testcase name="Given User open the website GuruMu" classname="| #@#@ |" time="0">
    <system-out><![CDATA[
  Scenario: Verify 'mata pelajaran' field is enabled &amp#27;[90m# features/CariGuru.feature:31&amp#27;[0m
    &amp#27;[32mWhen &amp#27;[0m&amp#27;[32mStudent click menu Beranda&amp#27;[0m                  &amp#27;[90m# CariGuruSteps.studentClickMenuBeranda()&amp#27;[0m
    &amp#27;[32mAnd &amp#27;[0m&amp#27;[32mStudent click mata pelajaran field&amp#27;[0m           &amp#27;[90m# CariGuruSteps.studentClickMataPelajaranField()&amp#27;[0m
    &amp#27;[32mThen &amp#27;[0m&amp#27;[32mMata pelajaran field is enabled&amp#27;[0m             &amp#27;[90m# CariGuruSteps.mataPelajaranFieldIsEnabled()&amp#27;[0m

  Scenario Outline: Input special character in 'mata pelajaran' field &amp#27;[90m# features/CariGuru.feature:36&amp#27;[0m
    &amp#27;[36mWhen &amp#27;[0m&amp#27;[36mStudent click menu Beranda&amp#27;[0m
    &amp#27;[36mAnd &amp#27;[0m&amp#27;[36mStudent input "<mata_pelajaran>" as mata pelajaran&amp#27;[0m
    &amp#27;[36mThen &amp#27;[0m&amp#27;[36mMata pelajaran field value is "<mata_pelajaran>"&amp#27;[0m

    Examples: 
]]></system-out>
    <system-err><![CDATA[Starting ChromeDriver 110.0.5481.77 (65ed616c6e8ee3fe0ad64fe83796c020644d42af-refs/branch-heads/5481@{#839}) on port 49707
Only local connections are allowed.
Please see https://chromedriver.chromium.org/security-considerations for suggestions on keeping ChromeDriver safe.
ChromeDriver was started successfully.
[1676549289.148][WARNING]: virtual void DevToolsClientImpl::AddListener(DevToolsEventListener *) subscribing a listener to the already connected DevToolsClient. Connection notification will not arrive.
Feb 16, 2023 7:08:09 PM org.openqa.selenium.remote.ProtocolHandshake createSession
INFO: Detected dialect: W3C
Feb 16, 2023 7:08:09 PM org.openqa.selenium.devtools.CdpVersionFinder findNearestMatch
WARNING: Unable to find an exact match for CDP version 110, so returning the closest version found: a no-op implementation
Feb 16, 2023 7:08:09 PM org.openqa.selenium.devtools.CdpVersionFinder findNearestMatch
INFO: Unable to find CDP implementation matching 110.
Feb 16, 2023 7:08:09 PM org.openqa.selenium.chromium.ChromiumDriver lambda$new$3
WARNING: Unable to find version of CDP to use for . You may need to include a dependency on a specific version of the CDP using something similar to `org.seleniumhq.selenium:selenium-devtools-v86:4.1.2` where the version ("v86") matches the version of the chromium-based browser you're using and the version number of the artifact is the same as Selenium's.
]]></system-err>
  </testcase>
  <testcase name="Given User open the website GuruMu" classname="| #@#@ |" time="0">
    <system-out><![CDATA[
  Scenario: Verify 'lokasi' field is enabled &amp#27;[90m# features/CariGuru.feature:68&amp#27;[0m
    &amp#27;[32mWhen &amp#27;[0m&amp#27;[32mStudent click menu Beranda&amp#27;[0m          &amp#27;[90m# CariGuruSteps.studentClickMenuBeranda()&amp#27;[0m
    &amp#27;[32mAnd &amp#27;[0m&amp#27;[32mStudent click lokasi field&amp#27;[0m           &amp#27;[90m# CariGuruSteps.studentClickLokasiField()&amp#27;[0m
    &amp#27;[32mThen &amp#27;[0m&amp#27;[32mLokasi field is enabled&amp#27;[0m             &amp#27;[90m# CariGuruSteps.lokasiFieldIsEnabled()&amp#27;[0m

  Scenario Outline: Input special character in 'lokasi' field &amp#27;[90m# features/CariGuru.feature:73&amp#27;[0m
    &amp#27;[36mWhen &amp#27;[0m&amp#27;[36mStudent click menu Beranda&amp#27;[0m
    &amp#27;[36mAnd &amp#27;[0m&amp#27;[36mStudent input "<lokasi>" as lokasi&amp#27;[0m
    &amp#27;[36mThen &amp#27;[0m&amp#27;[36mLokasi field value is "<lokasi>"&amp#27;[0m

    Examples: 
]]></system-out>
    <system-err><![CDATA[Starting ChromeDriver 110.0.5481.77 (65ed616c6e8ee3fe0ad64fe83796c020644d42af-refs/branch-heads/5481@{#839}) on port 62268
Only local connections are allowed.
Please see https://chromedriver.chromium.org/security-considerations for suggestions on keeping ChromeDriver safe.
ChromeDriver was started successfully.
[1676549412.336][WARNING]: virtual void DevToolsClientImpl::AddListener(DevToolsEventListener *) subscribing a listener to the already connected DevToolsClient. Connection notification will not arrive.
Feb 16, 2023 7:10:12 PM org.openqa.selenium.remote.ProtocolHandshake createSession
INFO: Detected dialect: W3C
Feb 16, 2023 7:10:12 PM org.openqa.selenium.devtools.CdpVersionFinder findNearestMatch
WARNING: Unable to find an exact match for CDP version 110, so returning the closest version found: a no-op implementation
Feb 16, 2023 7:10:12 PM org.openqa.selenium.devtools.CdpVersionFinder findNearestMatch
INFO: Unable to find CDP implementation matching 110.
Feb 16, 2023 7:10:12 PM org.openqa.selenium.chromium.ChromiumDriver lambda$new$3
WARNING: Unable to find version of CDP to use for . You may need to include a dependency on a specific version of the CDP using something similar to `org.seleniumhq.selenium:selenium-devtools-v86:4.1.2` where the version ("v86") matches the version of the chromium-based browser you're using and the version number of the artifact is the same as Selenium's.
]]></system-err>
  </testcase>
  <testcase name="Given User open the website GuruMu" classname="| #@#@ |" time="0">
    <system-out><![CDATA[
  Scenario: Verify 'ulasan' field is enabled &amp#27;[90m# features/PenilaianUlasan.feature:31&amp#27;[0m
    &amp#27;[32mThen &amp#27;[0m&amp#27;[32mUlasan field is enabled&amp#27;[0m             &amp#27;[90m# PenilaianUlasanSteps.ulasanFieldIsEnabled()&amp#27;[0m

  Scenario Outline: Input special character in 'ulasan' field &amp#27;[90m# features/PenilaianUlasan.feature:34&amp#27;[0m
    &amp#27;[36mWhen &amp#27;[0m&amp#27;[36mStudent input "<ulasan>" in ulasan field&amp#27;[0m
    &amp#27;[36mThen &amp#27;[0m&amp#27;[36mUlasan field value is "<ulasan>"&amp#27;[0m

    Examples: 
]]></system-out>
    <system-err><![CDATA[Starting ChromeDriver 110.0.5481.77 (65ed616c6e8ee3fe0ad64fe83796c020644d42af-refs/branch-heads/5481@{#839}) on port 54131
Only local connections are allowed.
Please see https://chromedriver.chromium.org/security-considerations for suggestions on keeping ChromeDriver safe.
ChromeDriver was started successfully.
[1676550404.237][WARNING]: virtual void DevToolsClientImpl::AddListener(DevToolsEventListener *) subscribing a listener to the already connected DevToolsClient. Connection notification will not arrive.
Feb 16, 2023 7:26:44 PM org.openqa.selenium.remote.ProtocolHandshake createSession
INFO: Detected dialect: W3C
Feb 16, 2023 7:26:44 PM org.openqa.selenium.devtools.CdpVersionFinder findNearestMatch
WARNING: Unable to find an exact match for CDP version 110, so returning the closest version found: a no-op implementation
Feb 16, 2023 7:26:44 PM org.openqa.selenium.devtools.CdpVersionFinder findNearestMatch
INFO: Unable to find CDP implementation matching 110.
Feb 16, 2023 7:26:44 PM org.openqa.selenium.chromium.ChromiumDriver lambda$new$3
WARNING: Unable to find version of CDP to use for . You may need to include a dependency on a specific version of the CDP using something similar to `org.seleniumhq.selenium:selenium-devtools-v86:4.1.2` where the version ("v86") matches the version of the chromium-based browser you're using and the version number of the artifact is the same as Selenium's.
]]></system-err>
  </testcase>
  <testcase name="Given User open the website GuruMu" classname="| #@#@ |" time="0">
    <system-out><![CDATA[
  Scenario: Verify 'penilaian' field is enabled &amp#27;[90m# features/PenilaianUlasan.feature:62&amp#27;[0m
    &amp#27;[32mWhen &amp#27;[0m&amp#27;[32mStudent click penilaian field&amp#27;[0m          &amp#27;[90m# PenilaianUlasanSteps.studentClickPenilaianField()&amp#27;[0m
    &amp#27;[32mThen &amp#27;[0m&amp#27;[32mPenilaian field is enabled&amp#27;[0m             &amp#27;[90m# PenilaianUlasanSteps.penilaianFieldIsEnabled()&amp#27;[0m

  Scenario Outline: Input special character in 'penilaian' field &amp#27;[90m# features/PenilaianUlasan.feature:66&amp#27;[0m
    &amp#27;[36mWhen &amp#27;[0m&amp#27;[36mStudent input "<penilaian>" in penilaian field&amp#27;[0m
    &amp#27;[36mThen &amp#27;[0m&amp#27;[36mPenilaian field value is ""&amp#27;[0m

    Examples: 
]]></system-out>
    <system-err><![CDATA[Starting ChromeDriver 110.0.5481.77 (65ed616c6e8ee3fe0ad64fe83796c020644d42af-refs/branch-heads/5481@{#839}) on port 49423
Only local connections are allowed.
Please see https://chromedriver.chromium.org/security-considerations for suggestions on keeping ChromeDriver safe.
ChromeDriver was started successfully.
[1676550552.149][WARNING]: virtual void DevToolsClientImpl::AddListener(DevToolsEventListener *) subscribing a listener to the already connected DevToolsClient. Connection notification will not arrive.
Feb 16, 2023 7:29:12 PM org.openqa.selenium.remote.ProtocolHandshake createSession
INFO: Detected dialect: W3C
Feb 16, 2023 7:29:12 PM org.openqa.selenium.devtools.CdpVersionFinder findNearestMatch
WARNING: Unable to find an exact match for CDP version 110, so returning the closest version found: a no-op implementation
Feb 16, 2023 7:29:12 PM org.openqa.selenium.devtools.CdpVersionFinder findNearestMatch
INFO: Unable to find CDP implementation matching 110.
Feb 16, 2023 7:29:12 PM org.openqa.selenium.chromium.ChromiumDriver lambda$new$3
WARNING: Unable to find version of CDP to use for . You may need to include a dependency on a specific version of the CDP using something similar to `org.seleniumhq.selenium:selenium-devtools-v86:4.1.2` where the version ("v86") matches the version of the chromium-based browser you're using and the version number of the artifact is the same as Selenium's.
]]></system-err>
  </testcase>
  <testcase name="When User click avatar navigation" classname="| #@#@ |" time="0"/>
  <testcase name="When User click avatar navigation" classname="| #@#@ |" time="0.002"/>
  <testcase name="When User click avatar navigation" classname="| #@#@ |" time="0.001"/>
  <testcase name="When User click avatar navigation" classname="| #@#@ |" time="0.001"/>
  <testcase name="And User click menu Masuk" classname="| #@#@ |" time="0"/>
  <testcase name="And User click menu Masuk" classname="| #@#@ |" time="0"/>
  <testcase name="And User click menu Masuk" classname="| #@#@ |" time="0"/>
  <testcase name="And User click menu Masuk" classname="| #@#@ |" time="0"/>
  <testcase name="And User input &quot;sucimurid@gmail.com&quot; as email and input &quot;sucimurid&quot; as password" classname="| #@#@ |" time="0"/>
  <testcase name="And User input &quot;sucimurid@gmail.com&quot; as email and input &quot;sucimurid&quot; as password" classname="| #@#@ |" time="0"/>
  <testcase name="And User input &quot;sucimurid@gmail.com&quot; as email and input &quot;sucimurid&quot; as password" classname="| #@#@ |" time="0"/>
  <testcase name="And User input &quot;sucimurid@gmail.com&quot; as email and input &quot;sucimurid&quot; as password" classname="| #@#@ |" time="0"/>
  <testcase name="And User clicked masuk button" classname="| #@#@ |" time="0"/>
  <testcase name="And User clicked masuk button" classname="| #@#@ |" time="0"/>
  <testcase name="And User clicked masuk button" classname="| #@#@ |" time="0"/>
  <testcase name="And User clicked masuk button" classname="| #@#@ |" time="0"/>
  <testcase name="When Student click menu Beranda" classname="| #@#@ |" time="0">
    <system-out><![CDATA[
  Background:                                                                       &amp#27;[90m# features/CariGuru.feature:4&amp#27;[0m
    &amp#27;[32mGiven &amp#27;[0m&amp#27;[32mUser open the website GuruMu&amp#27;[0m                                              &amp#27;[90m# LoginSteps.userOpenTheWebsiteGuruMu()&amp#27;[0m
    &amp#27;[32mWhen &amp#27;[0m&amp#27;[32mUser click avatar navigation&amp#27;[0m                                               &amp#27;[90m# LoginSteps.userClickAvatarNavigation()&amp#27;[0m
    &amp#27;[32mAnd &amp#27;[0m&amp#27;[32mUser click menu Masuk&amp#27;[0m                                                       &amp#27;[90m# LoginSteps.userClickMenuMasuk()&amp#27;[0m
    &amp#27;[32mAnd &amp#27;[0m&amp#27;[32mUser input "&amp#27;[0m&amp#27;[32m&amp#27;[1msucimurid@gmail.com&amp#27;[0m&amp#27;[32m" as email and input "&amp#27;[0m&amp#27;[32m&amp#27;[1msucimurid&amp#27;[0m&amp#27;[32m" as password&amp#27;[0m &amp#27;[90m# LoginSteps.inputCredential(String,String)&amp#27;[0m
    &amp#27;[32mAnd &amp#27;[0m&amp#27;[32mUser clicked masuk button&amp#27;[0m                                                   &amp#27;[90m# LoginSteps.userClickMasukButton()&amp#27;[0m
]]></system-out>
  </testcase>
  <testcase name="When Student click menu Beranda" classname="| #@#@ |" time="0">
    <system-out><![CDATA[
  Background:                                                                       &amp#27;[90m# features/CariGuru.feature:4&amp#27;[0m
    &amp#27;[32mGiven &amp#27;[0m&amp#27;[32mUser open the website GuruMu&amp#27;[0m                                              &amp#27;[90m# LoginSteps.userOpenTheWebsiteGuruMu()&amp#27;[0m
    &amp#27;[32mWhen &amp#27;[0m&amp#27;[32mUser click avatar navigation&amp#27;[0m                                               &amp#27;[90m# LoginSteps.userClickAvatarNavigation()&amp#27;[0m
    &amp#27;[32mAnd &amp#27;[0m&amp#27;[32mUser click menu Masuk&amp#27;[0m                                                       &amp#27;[90m# LoginSteps.userClickMenuMasuk()&amp#27;[0m
    &amp#27;[32mAnd &amp#27;[0m&amp#27;[32mUser input "&amp#27;[0m&amp#27;[32m&amp#27;[1msucimurid@gmail.com&amp#27;[0m&amp#27;[32m" as email and input "&amp#27;[0m&amp#27;[32m&amp#27;[1msucimurid&amp#27;[0m&amp#27;[32m" as password&amp#27;[0m &amp#27;[90m# LoginSteps.inputCredential(String,String)&amp#27;[0m
    &amp#27;[32mAnd &amp#27;[0m&amp#27;[32mUser clicked masuk button&amp#27;[0m                                                   &amp#27;[90m# LoginSteps.userClickMasukButton()&amp#27;[0m
]]></system-out>
  </testcase>
  <testcase name="And Student input &quot;#@#@&quot; as mata pelajaran" classname="| #@#@ |" time="0"/>
  <testcase name="Then Mata pelajaran field value is &quot;#@#@&quot;" classname="| #@#@ |" time="0"/>
  <testcase name="" classname="| #@#@ |" time="0.116"/>
  <testcase name="" classname="| #@#@ |" time="0.114"/>
  <testcase name="" classname="| #@#@ |" time="0.118"/>
  <testcase name="" classname="| #@#@ |" time="0.004">
    <error message="no such element: Unable to locate element: {&quot;method&quot;:&quot;css selector&quot;,&quot;selector&quot;:&quot;#bp4\-tab\-title_undefined_tab\-2&quot;}&#10;  (Session info: chrome=110.0.5481.100)&#10;For documentation on this error, please visit: https://selenium.dev/exceptions/#no_such_element&#10;Build info: version: &apos;4.1.2&apos;, revision: &apos;9a5a329c5a&apos;&#10;System info: host: &apos;nsystem-mbp&apos;, ip: &apos;fe80:0:0:0:ce7:beec:a50b:8367%en0&apos;, os.name: &apos;Mac OS X&apos;, os.arch: &apos;x86_64&apos;, os.version: &apos;10.16&apos;, java.version: &apos;1.8.0_201&apos;&#10;Driver info: org.openqa.selenium.chrome.ChromeDriver&#10;Command: [a4321bda4f8d19f9a0be73b38419e5f0, findElement {using=id, value=bp4-tab-title_undefined_tab-2}]&#10;Capabilities {acceptInsecureCerts: false, browserName: chrome, browserVersion: 110.0.5481.100, chrome: {chromedriverVersion: 110.0.5481.77 (65ed616c6e8e..., userDataDir: /var/folders/00/xzw63_pj58g...}, goog:chromeOptions: {debuggerAddress: localhost:64466}, javascriptEnabled: true, networkConnectionEnabled: false, pageLoadStrategy: normal, platform: MAC, platformName: MAC, proxy: Proxy(), se:cdp: ws://localhost:64466/devtoo..., se:cdpVersion: 110.0.5481.100, setWindowRect: true, strictFileInteractability: false, timeouts: {implicit: 0, pageLoad: 300000, script: 30000}, unhandledPromptBehavior: dismiss and notify, webauthn:extension:credBlob: true, webauthn:extension:largeBlob: true, webauthn:virtualAuthenticators: true}&#10;Session ID: a4321bda4f8d19f9a0be73b38419e5f0" type="org.openqa.selenium.NoSuchElementException"><![CDATA[org.openqa.selenium.NoSuchElementException: 
no such element: Unable to locate element: {"method":"css selector","selector":"#bp4\-tab\-title_undefined_tab\-2"}
  (Session info: chrome=110.0.5481.100)
For documentation on this error, please visit: https://selenium.dev/exceptions/#no_such_element
Build info: version: '4.1.2', revision: '9a5a329c5a'
System info: host: 'nsystem-mbp', ip: 'fe80:0:0:0:ce7:beec:a50b:8367%en0', os.name: 'Mac OS X', os.arch: 'x86_64', os.version: '10.16', java.version: '1.8.0_201'
Driver info: org.openqa.selenium.chrome.ChromeDriver
Command: [a4321bda4f8d19f9a0be73b38419e5f0, findElement {using=id, value=bp4-tab-title_undefined_tab-2}]
Capabilities {acceptInsecureCerts: false, browserName: chrome, browserVersion: 110.0.5481.100, chrome: {chromedriverVersion: 110.0.5481.77 (65ed616c6e8e..., userDataDir: /var/folders/00/xzw63_pj58g...}, goog:chromeOptions: {debuggerAddress: localhost:64466}, javascriptEnabled: true, networkConnectionEnabled: false, pageLoadStrategy: normal, platform: MAC, platformName: MAC, proxy: Proxy(), se:cdp: ws://localhost:64466/devtoo..., se:cdpVersion: 110.0.5481.100, setWindowRect: true, strictFileInteractability: false, timeouts: {implicit: 0, pageLoad: 300000, script: 30000}, unhandledPromptBehavior: dismiss and notify, webauthn:extension:credBlob: true, webauthn:extension:largeBlob: true, webauthn:virtualAuthenticators: true}
Session ID: a4321bda4f8d19f9a0be73b38419e5f0
]]></error>
  </testcase>
  <testcase name="And Student input &quot;#@#@&quot; as lokasi" classname="| #@#@ |" time="0"/>
  <testcase name="Then Lokasi field value is &quot;#@#@&quot;" classname="| #@#@ |" time="0"/>
  <testcase name="When User move to History Murid Page" classname="| #@#@ |" time="0"/>
  <testcase name="When User move to History Murid Page" classname="| #@#@ |" time="0"/>
  <testcase name="And Student click Riwayat submenu" classname="| #@#@ |" time="0"/>
  <testcase name="And Student click Riwayat submenu" classname="| #@#@ |" time="0.004">
    <error message="no such element: Unable to locate element: {&quot;method&quot;:&quot;css selector&quot;,&quot;selector&quot;:&quot;#bp4\-tab\-title_undefined_tab\-2&quot;}&#10;  (Session info: chrome=110.0.5481.100)&#10;For documentation on this error, please visit: https://selenium.dev/exceptions/#no_such_element&#10;Build info: version: &apos;4.1.2&apos;, revision: &apos;9a5a329c5a&apos;&#10;System info: host: &apos;nsystem-mbp&apos;, ip: &apos;fe80:0:0:0:ce7:beec:a50b:8367%en0&apos;, os.name: &apos;Mac OS X&apos;, os.arch: &apos;x86_64&apos;, os.version: &apos;10.16&apos;, java.version: &apos;1.8.0_201&apos;&#10;Driver info: org.openqa.selenium.chrome.ChromeDriver&#10;Command: [a4321bda4f8d19f9a0be73b38419e5f0, findElement {using=id, value=bp4-tab-title_undefined_tab-2}]&#10;Capabilities {acceptInsecureCerts: false, browserName: chrome, browserVersion: 110.0.5481.100, chrome: {chromedriverVersion: 110.0.5481.77 (65ed616c6e8e..., userDataDir: /var/folders/00/xzw63_pj58g...}, goog:chromeOptions: {debuggerAddress: localhost:64466}, javascriptEnabled: true, networkConnectionEnabled: false, pageLoadStrategy: normal, platform: MAC, platformName: MAC, proxy: Proxy(), se:cdp: ws://localhost:64466/devtoo..., se:cdpVersion: 110.0.5481.100, setWindowRect: true, strictFileInteractability: false, timeouts: {implicit: 0, pageLoad: 300000, script: 30000}, unhandledPromptBehavior: dismiss and notify, webauthn:extension:credBlob: true, webauthn:extension:largeBlob: true, webauthn:virtualAuthenticators: true}&#10;Session ID: a4321bda4f8d19f9a0be73b38419e5f0" type="org.openqa.selenium.NoSuchElementException"><![CDATA[org.openqa.selenium.NoSuchElementException: 
no such element: Unable to locate element: {"method":"css selector","selector":"#bp4\-tab\-title_undefined_tab\-2"}
  (Session info: chrome=110.0.5481.100)
For documentation on this error, please visit: https://selenium.dev/exceptions/#no_such_element
Build info: version: '4.1.2', revision: '9a5a329c5a'
System info: host: 'nsystem-mbp', ip: 'fe80:0:0:0:ce7:beec:a50b:8367%en0', os.name: 'Mac OS X', os.arch: 'x86_64', os.version: '10.16', java.version: '1.8.0_201'
Driver info: org.openqa.selenium.chrome.ChromeDriver
Command: [a4321bda4f8d19f9a0be73b38419e5f0, findElement {using=id, value=bp4-tab-title_undefined_tab-2}]
Capabilities {acceptInsecureCerts: false, browserName: chrome, browserVersion: 110.0.5481.100, chrome: {chromedriverVersion: 110.0.5481.77 (65ed616c6e8e..., userDataDir: /var/folders/00/xzw63_pj58g...}, goog:chromeOptions: {debuggerAddress: localhost:64466}, javascriptEnabled: true, networkConnectionEnabled: false, pageLoadStrategy: normal, platform: MAC, platformName: MAC, proxy: Proxy(), se:cdp: ws://localhost:64466/devtoo..., se:cdpVersion: 110.0.5481.100, setWindowRect: true, strictFileInteractability: false, timeouts: {implicit: 0, pageLoad: 300000, script: 30000}, unhandledPromptBehavior: dismiss and notify, webauthn:extension:credBlob: true, webauthn:extension:largeBlob: true, webauthn:virtualAuthenticators: true}
Session ID: a4321bda4f8d19f9a0be73b38419e5f0
]]></error>
  </testcase>
  <testcase name="And Sub menu Riwayat is active" classname="| #@#@ |" time="0"/>
  <testcase name="And Sub menu Riwayat is active" classname="| #@#@ |" time="0">
    <skipped/>
  </testcase>
  <testcase name="When Student click link ulasan in row" classname="| #@#@ |" time="0"/>
  <testcase name="When Student click link ulasan in row" classname="| #@#@ |" time="0">
    <skipped/>
  </testcase>
  <testcase name="Then Show penilaian dan ulasan popup" classname="| #@#@ |" time="0"/>
  <testcase name="Then Show penilaian dan ulasan popup" classname="| #@#@ |" time="0">
    <skipped/>
  </testcase>
  <testcase name="When Student input &quot;#@#@&quot; in ulasan field" classname="| #@#@ |" time="0">
    <system-out><![CDATA[
  Background:                                                                       &amp#27;[90m# features/PenilaianUlasan.feature:4&amp#27;[0m
    &amp#27;[32mGiven &amp#27;[0m&amp#27;[32mUser open the website GuruMu&amp#27;[0m                                              &amp#27;[90m# LoginSteps.userOpenTheWebsiteGuruMu()&amp#27;[0m
    &amp#27;[32mWhen &amp#27;[0m&amp#27;[32mUser click avatar navigation&amp#27;[0m                                               &amp#27;[90m# LoginSteps.userClickAvatarNavigation()&amp#27;[0m
    &amp#27;[32mAnd &amp#27;[0m&amp#27;[32mUser click menu Masuk&amp#27;[0m                                                       &amp#27;[90m# LoginSteps.userClickMenuMasuk()&amp#27;[0m
    &amp#27;[32mAnd &amp#27;[0m&amp#27;[32mUser input "&amp#27;[0m&amp#27;[32m&amp#27;[1msucimurid@gmail.com&amp#27;[0m&amp#27;[32m" as email and input "&amp#27;[0m&amp#27;[32m&amp#27;[1msucimurid&amp#27;[0m&amp#27;[32m" as password&amp#27;[0m &amp#27;[90m# LoginSteps.inputCredential(String,String)&amp#27;[0m
    &amp#27;[32mAnd &amp#27;[0m&amp#27;[32mUser clicked masuk button&amp#27;[0m                                                   &amp#27;[90m# LoginSteps.userClickMasukButton()&amp#27;[0m
    &amp#27;[32mWhen &amp#27;[0m&amp#27;[32mUser move to History Murid Page&amp#27;[0m                                            &amp#27;[90m# PenilaianUlasanSteps.userMoveToHistoryMuridPage()&amp#27;[0m
    &amp#27;[32mAnd &amp#27;[0m&amp#27;[32mStudent click Riwayat submenu&amp#27;[0m                                               &amp#27;[90m# PenilaianUlasanSteps.studentClickRiwayatSubmenu()&amp#27;[0m
    &amp#27;[32mAnd &amp#27;[0m&amp#27;[32mSub menu Riwayat is active&amp#27;[0m                                                  &amp#27;[90m# PenilaianUlasanSteps.subMenuRiwayatIsActive()&amp#27;[0m
    &amp#27;[32mWhen &amp#27;[0m&amp#27;[32mStudent click link ulasan in row&amp#27;[0m                                           &amp#27;[90m# PenilaianUlasanSteps.studentClickLinkUlasanInRowAsTeacher()&amp#27;[0m
    &amp#27;[32mThen &amp#27;[0m&amp#27;[32mShow penilaian dan ulasan popup&amp#27;[0m                                            &amp#27;[90m# PenilaianUlasanSteps.showPenilaianDanUlasanPopup()&amp#27;[0m
]]></system-out>
  </testcase>
  <testcase name="Then Ulasan field value is &quot;#@#@&quot;" classname="| #@#@ |" time="0"/>
  <testcase name="When Student input &quot;#@#@&quot; in penilaian field" classname="| #@#@ |" time="0">
    <skipped/>
    <system-out><![CDATA[
  Background:                                                                       &amp#27;[90m# features/PenilaianUlasan.feature:4&amp#27;[0m
    &amp#27;[32mGiven &amp#27;[0m&amp#27;[32mUser open the website GuruMu&amp#27;[0m                                              &amp#27;[90m# LoginSteps.userOpenTheWebsiteGuruMu()&amp#27;[0m
    &amp#27;[32mWhen &amp#27;[0m&amp#27;[32mUser click avatar navigation&amp#27;[0m                                               &amp#27;[90m# LoginSteps.userClickAvatarNavigation()&amp#27;[0m
    &amp#27;[32mAnd &amp#27;[0m&amp#27;[32mUser click menu Masuk&amp#27;[0m                                                       &amp#27;[90m# LoginSteps.userClickMenuMasuk()&amp#27;[0m
    &amp#27;[32mAnd &amp#27;[0m&amp#27;[32mUser input "&amp#27;[0m&amp#27;[32m&amp#27;[1msucimurid@gmail.com&amp#27;[0m&amp#27;[32m" as email and input "&amp#27;[0m&amp#27;[32m&amp#27;[1msucimurid&amp#27;[0m&amp#27;[32m" as password&amp#27;[0m &amp#27;[90m# LoginSteps.inputCredential(String,String)&amp#27;[0m
    &amp#27;[32mAnd &amp#27;[0m&amp#27;[32mUser clicked masuk button&amp#27;[0m                                                   &amp#27;[90m# LoginSteps.userClickMasukButton()&amp#27;[0m
    &amp#27;[32mWhen &amp#27;[0m&amp#27;[32mUser move to History Murid Page&amp#27;[0m                                            &amp#27;[90m# PenilaianUlasanSteps.userMoveToHistoryMuridPage()&amp#27;[0m
    &amp#27;[31mAnd &amp#27;[0m&amp#27;[31mStudent click Riwayat submenu&amp#27;[0m                                               &amp#27;[90m# PenilaianUlasanSteps.studentClickRiwayatSubmenu()&amp#27;[0m
      &amp#27;[31morg.openqa.selenium.NoSuchElementException: no such element: Unable to locate element: {"method":"css selector","selector":"#bp4\-tab\-title_undefined_tab\-2"}
        (Session info: chrome=110.0.5481.100)
      For documentation on this error, please visit: https://selenium.dev/exceptions/#no_such_element
      Build info: version: '4.1.2', revision: '9a5a329c5a'
      System info: host: 'nsystem-mbp', ip: 'fe80:0:0:0:ce7:beec:a50b:8367%en0', os.name: 'Mac OS X', os.arch: 'x86_64', os.version: '10.16', java.version: '1.8.0_201'
      Driver info: org.openqa.selenium.chrome.ChromeDriver
      Command: [a4321bda4f8d19f9a0be73b38419e5f0, findElement {using=id, value=bp4-tab-title_undefined_tab-2}]
      Capabilities {acceptInsecureCerts: false, browserName: chrome, browserVersion: 110.0.5481.100, chrome: {chromedriverVersion: 110.0.5481.77 (65ed616c6e8e..., userDataDir: /var/folders/00/xzw63_pj58g...}, goog:chromeOptions: {debuggerAddress: localhost:64466}, javascriptEnabled: true, networkConnectionEnabled: false, pageLoadStrategy: normal, platform: MAC, platformName: MAC, proxy: Proxy(), se:cdp: ws://localhost:64466/devtoo..., se:cdpVersion: 110.0.5481.100, setWindowRect: true, strictFileInteractability: false, timeouts: {implicit: 0, pageLoad: 300000, script: 30000}, unhandledPromptBehavior: dismiss and notify, webauthn:extension:credBlob: true, webauthn:extension:largeBlob: true, webauthn:virtualAuthenticators: true}
      Session ID: a4321bda4f8d19f9a0be73b38419e5f0
      	at sun.reflect.GeneratedConstructorAccessor38.newInstance(Unknown Source)
      	at sun.reflect.DelegatingConstructorAccessorImpl.newInstance(DelegatingConstructorAccessorImpl.java:45)
      	at java.lang.reflect.Constructor.newInstance(Constructor.java:423)
      	at org.openqa.selenium.remote.codec.w3c.W3CHttpResponseCodec.createException(W3CHttpResponseCodec.java:200)
      	at org.openqa.selenium.remote.codec.w3c.W3CHttpResponseCodec.decode(W3CHttpResponseCodec.java:133)
      	at org.openqa.selenium.remote.codec.w3c.W3CHttpResponseCodec.decode(W3CHttpResponseCodec.java:53)
      	at org.openqa.selenium.remote.HttpCommandExecutor.execute(HttpCommandExecutor.java:184)
      	at org.openqa.selenium.remote.service.DriverCommandExecutor.invokeExecute(DriverCommandExecutor.java:167)
      	at org.openqa.selenium.remote.service.DriverCommandExecutor.execute(DriverCommandExecutor.java:142)
      	at org.openqa.selenium.remote.RemoteWebDriver.execute(RemoteWebDriver.java:558)
      	at org.openqa.selenium.remote.ElementLocation$ElementFinder$2.findElement(ElementLocation.java:162)
      	at org.openqa.selenium.remote.ElementLocation.findElement(ElementLocation.java:60)
      	at org.openqa.selenium.remote.RemoteWebDriver.findElement(RemoteWebDriver.java:382)
      	at org.openqa.selenium.remote.RemoteWebDriver.findElement(RemoteWebDriver.java:374)
      	at org.openqa.selenium.support.pagefactory.DefaultElementLocator.findElement(DefaultElementLocator.java:70)
      	at org.openqa.selenium.support.pagefactory.internal.LocatingElementHandler.invoke(LocatingElementHandler.java:39)
      	at com.sun.proxy.$Proxy21.click(Unknown Source)
      	at org.example.pageObject.ProfilePage.clickNavbarRiwayat(ProfilePage.java:43)
      	at step_definitions.PenilaianUlasanSteps.studentClickRiwayatSubmenu(PenilaianUlasanSteps.java:186)
      	at ✽.And Student click Riwayat submenu(features/PenilaianUlasan.feature:11)
      &amp#27;[0m
    &amp#27;[36mAnd &amp#27;[0m&amp#27;[36mSub menu Riwayat is active&amp#27;[0m                                                  &amp#27;[90m# PenilaianUlasanSteps.subMenuRiwayatIsActive()&amp#27;[0m
    &amp#27;[36mWhen &amp#27;[0m&amp#27;[36mStudent click link ulasan in row&amp#27;[0m                                           &amp#27;[90m# PenilaianUlasanSteps.studentClickLinkUlasanInRowAsTeacher()&amp#27;[0m
    &amp#27;[36mThen &amp#27;[0m&amp#27;[36mShow penilaian dan ulasan popup&amp#27;[0m                                            &amp#27;[90m# PenilaianUlasanSteps.showPenilaianDanUlasanPopup()&amp#27;[0m
]]></system-out>
  </testcase>
  <testcase name="Then Penilaian field value is &quot;&quot;" classname="| #@#@ |" time="0">
    <skipped/>
  </testcase>
  <testcase name="Given User open the website GuruMu" classname="| 1 |" time="0">
    <system-out><![CDATA[
  @CariGuru @Test
  Scenario Outline: Input special character in 'mata pelajaran' field &amp#27;[90m# features/CariGuru.feature:42&amp#27;[0m
    &amp#27;[32mWhen &amp#27;[0m&amp#27;[32mStudent click menu Beranda&amp#27;[0m                                   &amp#27;[90m# CariGuruSteps.studentClickMenuBeranda()&amp#27;[0m
    &amp#27;[32mAnd &amp#27;[0m&amp#27;[32mStudent input "&amp#27;[0m&amp#27;[32m&amp#27;[1m#@#@&amp#27;[0m&amp#27;[32m" as mata pelajaran&amp#27;[0m                        &amp#27;[90m# CariGuruSteps.studentInputAsMataPelajaran(String)&amp#27;[0m
    &amp#27;[32mThen &amp#27;[0m&amp#27;[32mMata pelajaran field value is "&amp#27;[0m&amp#27;[32m&amp#27;[1m#@#@&amp#27;[0m&amp#27;[32m"&amp#27;[0m                         &amp#27;[90m# CariGuruSteps.mataPelajaranFieldValueIs(String)&amp#27;[0m

  Scenario Outline: Input number in 'mata pelajaran' field &amp#27;[90m# features/CariGuru.feature:44&amp#27;[0m
    &amp#27;[36mWhen &amp#27;[0m&amp#27;[36mStudent click menu Beranda&amp#27;[0m
    &amp#27;[36mAnd &amp#27;[0m&amp#27;[36mStudent input "<mata_pelajaran>" as mata pelajaran&amp#27;[0m
    &amp#27;[36mThen &amp#27;[0m&amp#27;[36mMata pelajaran field value is "<mata_pelajaran>"&amp#27;[0m

    Examples: 
]]></system-out>
    <system-err><![CDATA[Starting ChromeDriver 110.0.5481.77 (65ed616c6e8ee3fe0ad64fe83796c020644d42af-refs/branch-heads/5481@{#839}) on port 62284
Only local connections are allowed.
Please see https://chromedriver.chromium.org/security-considerations for suggestions on keeping ChromeDriver safe.
ChromeDriver was started successfully.
[1676549314.797][WARNING]: virtual void DevToolsClientImpl::AddListener(DevToolsEventListener *) subscribing a listener to the already connected DevToolsClient. Connection notification will not arrive.
Feb 16, 2023 7:08:35 PM org.openqa.selenium.remote.ProtocolHandshake createSession
INFO: Detected dialect: W3C
Feb 16, 2023 7:08:35 PM org.openqa.selenium.devtools.CdpVersionFinder findNearestMatch
WARNING: Unable to find an exact match for CDP version 110, so returning the closest version found: a no-op implementation
Feb 16, 2023 7:08:35 PM org.openqa.selenium.devtools.CdpVersionFinder findNearestMatch
INFO: Unable to find CDP implementation matching 110.
Feb 16, 2023 7:08:35 PM org.openqa.selenium.chromium.ChromiumDriver lambda$new$3
WARNING: Unable to find version of CDP to use for . You may need to include a dependency on a specific version of the CDP using something similar to `org.seleniumhq.selenium:selenium-devtools-v86:4.1.2` where the version ("v86") matches the version of the chromium-based browser you're using and the version number of the artifact is the same as Selenium's.
]]></system-err>
  </testcase>
  <testcase name="Given User open the website GuruMu" classname="| 1 |" time="0">
    <system-out><![CDATA[
  @CariGuru @Test
  Scenario Outline: Input special character in 'lokasi' field &amp#27;[90m# features/CariGuru.feature:79&amp#27;[0m
    &amp#27;[32mWhen &amp#27;[0m&amp#27;[32mStudent click menu Beranda&amp#27;[0m                           &amp#27;[90m# CariGuruSteps.studentClickMenuBeranda()&amp#27;[0m
    &amp#27;[32mAnd &amp#27;[0m&amp#27;[32mStudent input "&amp#27;[0m&amp#27;[32m&amp#27;[1m#@#@&amp#27;[0m&amp#27;[32m" as lokasi&amp#27;[0m                        &amp#27;[90m# CariGuruSteps.studentInputAsLokasi(String)&amp#27;[0m
    &amp#27;[32mThen &amp#27;[0m&amp#27;[32mLokasi field value is "&amp#27;[0m&amp#27;[32m&amp#27;[1m#@#@&amp#27;[0m&amp#27;[32m"&amp#27;[0m                         &amp#27;[90m# CariGuruSteps.lokasiFieldValueIs(String)&amp#27;[0m

  Scenario Outline: Input number in 'lokasi' field &amp#27;[90m# features/CariGuru.feature:81&amp#27;[0m
    &amp#27;[36mWhen &amp#27;[0m&amp#27;[36mStudent click menu Beranda&amp#27;[0m
    &amp#27;[36mAnd &amp#27;[0m&amp#27;[36mStudent input "<lokasi>" as lokasi&amp#27;[0m
    &amp#27;[36mThen &amp#27;[0m&amp#27;[36mLokasi field value is "<lokasi>"&amp#27;[0m

    Examples: 
]]></system-out>
    <system-err><![CDATA[Starting ChromeDriver 110.0.5481.77 (65ed616c6e8ee3fe0ad64fe83796c020644d42af-refs/branch-heads/5481@{#839}) on port 58562
Only local connections are allowed.
Please see https://chromedriver.chromium.org/security-considerations for suggestions on keeping ChromeDriver safe.
ChromeDriver was started successfully.
[1676549434.916][WARNING]: virtual void DevToolsClientImpl::AddListener(DevToolsEventListener *) subscribing a listener to the already connected DevToolsClient. Connection notification will not arrive.
Feb 16, 2023 7:10:35 PM org.openqa.selenium.remote.ProtocolHandshake createSession
INFO: Detected dialect: W3C
Feb 16, 2023 7:10:35 PM org.openqa.selenium.devtools.CdpVersionFinder findNearestMatch
WARNING: Unable to find an exact match for CDP version 110, so returning the closest version found: a no-op implementation
Feb 16, 2023 7:10:35 PM org.openqa.selenium.devtools.CdpVersionFinder findNearestMatch
INFO: Unable to find CDP implementation matching 110.
Feb 16, 2023 7:10:35 PM org.openqa.selenium.chromium.ChromiumDriver lambda$new$3
WARNING: Unable to find version of CDP to use for . You may need to include a dependency on a specific version of the CDP using something similar to `org.seleniumhq.selenium:selenium-devtools-v86:4.1.2` where the version ("v86") matches the version of the chromium-based browser you're using and the version number of the artifact is the same as Selenium's.
]]></system-err>
  </testcase>
  <testcase name="Given User open the website GuruMu" classname="| 1 |" time="0">
    <system-out><![CDATA[
  @CariGuru @Test
  Scenario Outline: Students search for teachers by input special char in mata pelajaran field &amp#27;[90m# features/CariGuru.feature:118&amp#27;[0m
    &amp#27;[32mWhen &amp#27;[0m&amp#27;[32mStudent click menu Beranda&amp#27;[0m                                                            &amp#27;[90m# CariGuruSteps.studentClickMenuBeranda()&amp#27;[0m
    &amp#27;[32mAnd &amp#27;[0m&amp#27;[32mStudent input "&amp#27;[0m&amp#27;[32m&amp#27;[1m!#@#@#*)&amp#27;[0m&amp#27;[32m" as mata pelajaran&amp#27;[0m                                             &amp#27;[90m# CariGuruSteps.studentInputAsMataPelajaran(String)&amp#27;[0m
    &amp#27;[31mThen &amp#27;[0m&amp#27;[31mShouldn't show teacher list&amp#27;[0m                                                           &amp#27;[90m# CariGuruSteps.shouldnTShowTeacherList()&amp#27;[0m
      &amp#27;[31mjava.lang.AssertionError
      	at org.junit.Assert.fail(Assert.java:86)
      	at org.junit.Assert.assertTrue(Assert.java:41)
      	at org.junit.Assert.assertTrue(Assert.java:52)
      	at step_definitions.CariGuruSteps.shouldnTShowTeacherList(CariGuruSteps.java:42)
      	at ✽.Then Shouldn't show teacher list(features/CariGuru.feature:114)
      &amp#27;[0m

  Scenario Outline: Students search for teachers by input number in mata pelajaran field &amp#27;[90m# features/CariGuru.feature:120&amp#27;[0m
    &amp#27;[36mWhen &amp#27;[0m&amp#27;[36mStudent click menu Beranda&amp#27;[0m
    &amp#27;[36mAnd &amp#27;[0m&amp#27;[36mStudent input "<mata_pelajaran>" as mata pelajaran&amp#27;[0m
    &amp#27;[36mThen &amp#27;[0m&amp#27;[36mShouldn't show teacher list&amp#27;[0m

    Examples: 
]]></system-out>
    <system-err><![CDATA[Starting ChromeDriver 110.0.5481.77 (65ed616c6e8ee3fe0ad64fe83796c020644d42af-refs/branch-heads/5481@{#839}) on port 50655
Only local connections are allowed.
Please see https://chromedriver.chromium.org/security-considerations for suggestions on keeping ChromeDriver safe.
ChromeDriver was started successfully.
[1676549578.912][WARNING]: virtual void DevToolsClientImpl::AddListener(DevToolsEventListener *) subscribing a listener to the already connected DevToolsClient. Connection notification will not arrive.
Feb 16, 2023 7:12:59 PM org.openqa.selenium.remote.ProtocolHandshake createSession
INFO: Detected dialect: W3C
Feb 16, 2023 7:12:59 PM org.openqa.selenium.devtools.CdpVersionFinder findNearestMatch
WARNING: Unable to find an exact match for CDP version 110, so returning the closest version found: a no-op implementation
Feb 16, 2023 7:12:59 PM org.openqa.selenium.devtools.CdpVersionFinder findNearestMatch
INFO: Unable to find CDP implementation matching 110.
Feb 16, 2023 7:12:59 PM org.openqa.selenium.chromium.ChromiumDriver lambda$new$3
WARNING: Unable to find version of CDP to use for . You may need to include a dependency on a specific version of the CDP using something similar to `org.seleniumhq.selenium:selenium-devtools-v86:4.1.2` where the version ("v86") matches the version of the chromium-based browser you're using and the version number of the artifact is the same as Selenium's.
]]></system-err>
  </testcase>
  <testcase name="Given User open the website GuruMu" classname="| 1 |" time="0">
    <system-out><![CDATA[
  @CariGuru @Test
  Scenario Outline: Students search for teachers by input special char in lokasi field &amp#27;[90m# features/CariGuru.feature:145&amp#27;[0m
    &amp#27;[32mWhen &amp#27;[0m&amp#27;[32mStudent click menu Beranda&amp#27;[0m                                                    &amp#27;[90m# CariGuruSteps.studentClickMenuBeranda()&amp#27;[0m
    &amp#27;[32mAnd &amp#27;[0m&amp#27;[32mStudent input "&amp#27;[0m&amp#27;[32m&amp#27;[1m!#@#@#*)&amp#27;[0m&amp#27;[32m" as lokasi&amp#27;[0m                                             &amp#27;[90m# CariGuruSteps.studentInputAsLokasi(String)&amp#27;[0m
    &amp#27;[31mThen &amp#27;[0m&amp#27;[31mShouldn't show teacher list&amp#27;[0m                                                   &amp#27;[90m# CariGuruSteps.shouldnTShowTeacherList()&amp#27;[0m
      &amp#27;[31mjava.lang.AssertionError
      	at org.junit.Assert.fail(Assert.java:86)
      	at org.junit.Assert.assertTrue(Assert.java:41)
      	at org.junit.Assert.assertTrue(Assert.java:52)
      	at step_definitions.CariGuruSteps.shouldnTShowTeacherList(CariGuruSteps.java:42)
      	at ✽.Then Shouldn't show teacher list(features/CariGuru.feature:141)
      &amp#27;[0m

  Scenario Outline: Students search for teachers by number in lokasi field &amp#27;[90m# features/CariGuru.feature:147&amp#27;[0m
    &amp#27;[36mWhen &amp#27;[0m&amp#27;[36mStudent click menu Beranda&amp#27;[0m
    &amp#27;[36mAnd &amp#27;[0m&amp#27;[36mStudent input "<lokasi>" as lokasi&amp#27;[0m
    &amp#27;[36mThen &amp#27;[0m&amp#27;[36mShouldn't show teacher list&amp#27;[0m

    Examples: 
]]></system-out>
    <system-err><![CDATA[Starting ChromeDriver 110.0.5481.77 (65ed616c6e8ee3fe0ad64fe83796c020644d42af-refs/branch-heads/5481@{#839}) on port 53135
Only local connections are allowed.
Please see https://chromedriver.chromium.org/security-considerations for suggestions on keeping ChromeDriver safe.
ChromeDriver was started successfully.
[1676549691.674][WARNING]: virtual void DevToolsClientImpl::AddListener(DevToolsEventListener *) subscribing a listener to the already connected DevToolsClient. Connection notification will not arrive.
Feb 16, 2023 7:14:51 PM org.openqa.selenium.remote.ProtocolHandshake createSession
INFO: Detected dialect: W3C
Feb 16, 2023 7:14:51 PM org.openqa.selenium.devtools.CdpVersionFinder findNearestMatch
WARNING: Unable to find an exact match for CDP version 110, so returning the closest version found: a no-op implementation
Feb 16, 2023 7:14:51 PM org.openqa.selenium.devtools.CdpVersionFinder findNearestMatch
INFO: Unable to find CDP implementation matching 110.
Feb 16, 2023 7:14:51 PM org.openqa.selenium.chromium.ChromiumDriver lambda$new$3
WARNING: Unable to find version of CDP to use for . You may need to include a dependency on a specific version of the CDP using something similar to `org.seleniumhq.selenium:selenium-devtools-v86:4.1.2` where the version ("v86") matches the version of the chromium-based browser you're using and the version number of the artifact is the same as Selenium's.
]]></system-err>
  </testcase>
  <testcase name="Given User open the website GuruMu" classname="| 1 |" time="0">
    <system-out><![CDATA[
  @PenilaianUlasan @Test
  Scenario Outline: Input special character in 'ulasan' field &amp#27;[90m# features/PenilaianUlasan.feature:39&amp#27;[0m
    &amp#27;[32mWhen &amp#27;[0m&amp#27;[32mStudent input "&amp#27;[0m&amp#27;[32m&amp#27;[1m#@#@&amp#27;[0m&amp#27;[32m" in ulasan field&amp#27;[0m                 &amp#27;[90m# PenilaianUlasanSteps.studentInputInUlasanField(String)&amp#27;[0m
    &amp#27;[32mThen &amp#27;[0m&amp#27;[32mUlasan field value is "&amp#27;[0m&amp#27;[32m&amp#27;[1m#@#@&amp#27;[0m&amp#27;[32m"&amp#27;[0m                         &amp#27;[90m# PenilaianUlasanSteps.ulasanFieldValueIs(String)&amp#27;[0m

  Scenario Outline: Input number in 'ulasan' field &amp#27;[90m# features/PenilaianUlasan.feature:41&amp#27;[0m
    &amp#27;[36mWhen &amp#27;[0m&amp#27;[36mStudent input "<ulasan>" in ulasan field&amp#27;[0m
    &amp#27;[36mThen &amp#27;[0m&amp#27;[36mUlasan field value is "<ulasan>"&amp#27;[0m

    Examples: 
]]></system-out>
    <system-err><![CDATA[Starting ChromeDriver 110.0.5481.77 (65ed616c6e8ee3fe0ad64fe83796c020644d42af-refs/branch-heads/5481@{#839}) on port 60000
Only local connections are allowed.
Please see https://chromedriver.chromium.org/security-considerations for suggestions on keeping ChromeDriver safe.
ChromeDriver was started successfully.
[1676550427.670][WARNING]: virtual void DevToolsClientImpl::AddListener(DevToolsEventListener *) subscribing a listener to the already connected DevToolsClient. Connection notification will not arrive.
Feb 16, 2023 7:27:07 PM org.openqa.selenium.remote.ProtocolHandshake createSession
INFO: Detected dialect: W3C
Feb 16, 2023 7:27:07 PM org.openqa.selenium.devtools.CdpVersionFinder findNearestMatch
WARNING: Unable to find an exact match for CDP version 110, so returning the closest version found: a no-op implementation
Feb 16, 2023 7:27:07 PM org.openqa.selenium.devtools.CdpVersionFinder findNearestMatch
INFO: Unable to find CDP implementation matching 110.
Feb 16, 2023 7:27:07 PM org.openqa.selenium.chromium.ChromiumDriver lambda$new$3
WARNING: Unable to find version of CDP to use for . You may need to include a dependency on a specific version of the CDP using something similar to `org.seleniumhq.selenium:selenium-devtools-v86:4.1.2` where the version ("v86") matches the version of the chromium-based browser you're using and the version number of the artifact is the same as Selenium's.
]]></system-err>
  </testcase>
  <testcase name="Given User open the website GuruMu" classname="| 1 |" time="0">
    <system-out><![CDATA[
  @PenilaianUlasan @Test
  Scenario Outline: Input special character in 'penilaian' field &amp#27;[90m# features/PenilaianUlasan.feature:71&amp#27;[0m
    &amp#27;[36mWhen &amp#27;[0m&amp#27;[36mStudent input "&amp#27;[0m&amp#27;[36m&amp#27;[1m#@#@&amp#27;[0m&amp#27;[36m" in penilaian field&amp#27;[0m                 &amp#27;[90m# PenilaianUlasanSteps.studentInputInPenilaianField(String)&amp#27;[0m
    &amp#27;[36mThen &amp#27;[0m&amp#27;[36mPenilaian field value is "&amp#27;[0m&amp#27;[36m&amp#27;[1m&amp#27;[0m&amp#27;[36m"&amp#27;[0m                             &amp#27;[90m# PenilaianUlasanSteps.penilaianFieldValueIs(String)&amp#27;[0m

  Scenario Outline: Input number in 'penilaian' field   &amp#27;[90m# features/PenilaianUlasan.feature:73&amp#27;[0m
    &amp#27;[36mWhen &amp#27;[0m&amp#27;[36mStudent input "<penilaian>" in penilaian field&amp#27;[0m
    &amp#27;[36mThen &amp#27;[0m&amp#27;[36mPenilaian field value is "<penilaian>"&amp#27;[0m

    Examples: 
]]></system-out>
    <system-err><![CDATA[Starting ChromeDriver 110.0.5481.77 (65ed616c6e8ee3fe0ad64fe83796c020644d42af-refs/branch-heads/5481@{#839}) on port 65032
Only local connections are allowed.
Please see https://chromedriver.chromium.org/security-considerations for suggestions on keeping ChromeDriver safe.
ChromeDriver was started successfully.
[1676550580.576][WARNING]: virtual void DevToolsClientImpl::AddListener(DevToolsEventListener *) subscribing a listener to the already connected DevToolsClient. Connection notification will not arrive.
Feb 16, 2023 7:29:40 PM org.openqa.selenium.remote.ProtocolHandshake createSession
INFO: Detected dialect: W3C
Feb 16, 2023 7:29:40 PM org.openqa.selenium.devtools.CdpVersionFinder findNearestMatch
WARNING: Unable to find an exact match for CDP version 110, so returning the closest version found: a no-op implementation
Feb 16, 2023 7:29:40 PM org.openqa.selenium.devtools.CdpVersionFinder findNearestMatch
INFO: Unable to find CDP implementation matching 110.
Feb 16, 2023 7:29:40 PM org.openqa.selenium.chromium.ChromiumDriver lambda$new$3
WARNING: Unable to find version of CDP to use for . You may need to include a dependency on a specific version of the CDP using something similar to `org.seleniumhq.selenium:selenium-devtools-v86:4.1.2` where the version ("v86") matches the version of the chromium-based browser you're using and the version number of the artifact is the same as Selenium's.
]]></system-err>
  </testcase>
  <testcase name="When User click avatar navigation" classname="| 1 |" time="0"/>
  <testcase name="When User click avatar navigation" classname="| 1 |" time="0"/>
  <testcase name="When User click avatar navigation" classname="| 1 |" time="0"/>
  <testcase name="When User click avatar navigation" classname="| 1 |" time="0"/>
  <testcase name="When User click avatar navigation" classname="| 1 |" time="0"/>
  <testcase name="When User click avatar navigation" classname="| 1 |" time="0"/>
  <testcase name="And User click menu Masuk" classname="| 1 |" time="0"/>
  <testcase name="And User click menu Masuk" classname="| 1 |" time="0"/>
  <testcase name="And User click menu Masuk" classname="| 1 |" time="0"/>
  <testcase name="And User click menu Masuk" classname="| 1 |" time="0.001"/>
  <testcase name="And User click menu Masuk" classname="| 1 |" time="0"/>
  <testcase name="And User click menu Masuk" classname="| 1 |" time="0"/>
  <testcase name="And User input &quot;sucimurid@gmail.com&quot; as email and input &quot;sucimurid&quot; as password" classname="| 1 |" time="0"/>
  <testcase name="And User input &quot;sucimurid@gmail.com&quot; as email and input &quot;sucimurid&quot; as password" classname="| 1 |" time="0"/>
  <testcase name="And User input &quot;sucimurid@gmail.com&quot; as email and input &quot;sucimurid&quot; as password" classname="| 1 |" time="0"/>
  <testcase name="And User input &quot;sucimurid@gmail.com&quot; as email and input &quot;sucimurid&quot; as password" classname="| 1 |" time="0"/>
  <testcase name="And User input &quot;sucimurid@gmail.com&quot; as email and input &quot;sucimurid&quot; as password" classname="| 1 |" time="0"/>
  <testcase name="And User input &quot;sucimurid@gmail.com&quot; as email and input &quot;sucimurid&quot; as password" classname="| 1 |" time="0"/>
  <testcase name="And User clicked masuk button" classname="| 1 |" time="0"/>
  <testcase name="And User clicked masuk button" classname="| 1 |" time="0"/>
  <testcase name="And User clicked masuk button" classname="| 1 |" time="0"/>
  <testcase name="And User clicked masuk button" classname="| 1 |" time="0"/>
  <testcase name="And User clicked masuk button" classname="| 1 |" time="0"/>
  <testcase name="And User clicked masuk button" classname="| 1 |" time="0"/>
  <testcase name="When Student click menu Beranda" classname="| 1 |" time="0">
    <system-out><![CDATA[
  Background:                                                                       &amp#27;[90m# features/CariGuru.feature:4&amp#27;[0m
    &amp#27;[32mGiven &amp#27;[0m&amp#27;[32mUser open the website GuruMu&amp#27;[0m                                              &amp#27;[90m# LoginSteps.userOpenTheWebsiteGuruMu()&amp#27;[0m
    &amp#27;[32mWhen &amp#27;[0m&amp#27;[32mUser click avatar navigation&amp#27;[0m                                               &amp#27;[90m# LoginSteps.userClickAvatarNavigation()&amp#27;[0m
    &amp#27;[32mAnd &amp#27;[0m&amp#27;[32mUser click menu Masuk&amp#27;[0m                                                       &amp#27;[90m# LoginSteps.userClickMenuMasuk()&amp#27;[0m
    &amp#27;[32mAnd &amp#27;[0m&amp#27;[32mUser input "&amp#27;[0m&amp#27;[32m&amp#27;[1msucimurid@gmail.com&amp#27;[0m&amp#27;[32m" as email and input "&amp#27;[0m&amp#27;[32m&amp#27;[1msucimurid&amp#27;[0m&amp#27;[32m" as password&amp#27;[0m &amp#27;[90m# LoginSteps.inputCredential(String,String)&amp#27;[0m
    &amp#27;[32mAnd &amp#27;[0m&amp#27;[32mUser clicked masuk button&amp#27;[0m                                                   &amp#27;[90m# LoginSteps.userClickMasukButton()&amp#27;[0m
]]></system-out>
  </testcase>
  <testcase name="When Student click menu Beranda" classname="| 1 |" time="0">
    <system-out><![CDATA[
  Background:                                                                       &amp#27;[90m# features/CariGuru.feature:4&amp#27;[0m
    &amp#27;[32mGiven &amp#27;[0m&amp#27;[32mUser open the website GuruMu&amp#27;[0m                                              &amp#27;[90m# LoginSteps.userOpenTheWebsiteGuruMu()&amp#27;[0m
    &amp#27;[32mWhen &amp#27;[0m&amp#27;[32mUser click avatar navigation&amp#27;[0m                                               &amp#27;[90m# LoginSteps.userClickAvatarNavigation()&amp#27;[0m
    &amp#27;[32mAnd &amp#27;[0m&amp#27;[32mUser click menu Masuk&amp#27;[0m                                                       &amp#27;[90m# LoginSteps.userClickMenuMasuk()&amp#27;[0m
    &amp#27;[32mAnd &amp#27;[0m&amp#27;[32mUser input "&amp#27;[0m&amp#27;[32m&amp#27;[1msucimurid@gmail.com&amp#27;[0m&amp#27;[32m" as email and input "&amp#27;[0m&amp#27;[32m&amp#27;[1msucimurid&amp#27;[0m&amp#27;[32m" as password&amp#27;[0m &amp#27;[90m# LoginSteps.inputCredential(String,String)&amp#27;[0m
    &amp#27;[32mAnd &amp#27;[0m&amp#27;[32mUser clicked masuk button&amp#27;[0m                                                   &amp#27;[90m# LoginSteps.userClickMasukButton()&amp#27;[0m
]]></system-out>
  </testcase>
  <testcase name="When Student click menu Beranda" classname="| 1 |" time="0">
    <system-out><![CDATA[
  Background:                                                                       &amp#27;[90m# features/CariGuru.feature:4&amp#27;[0m
    &amp#27;[32mGiven &amp#27;[0m&amp#27;[32mUser open the website GuruMu&amp#27;[0m                                              &amp#27;[90m# LoginSteps.userOpenTheWebsiteGuruMu()&amp#27;[0m
    &amp#27;[32mWhen &amp#27;[0m&amp#27;[32mUser click avatar navigation&amp#27;[0m                                               &amp#27;[90m# LoginSteps.userClickAvatarNavigation()&amp#27;[0m
    &amp#27;[32mAnd &amp#27;[0m&amp#27;[32mUser click menu Masuk&amp#27;[0m                                                       &amp#27;[90m# LoginSteps.userClickMenuMasuk()&amp#27;[0m
    &amp#27;[32mAnd &amp#27;[0m&amp#27;[32mUser input "&amp#27;[0m&amp#27;[32m&amp#27;[1msucimurid@gmail.com&amp#27;[0m&amp#27;[32m" as email and input "&amp#27;[0m&amp#27;[32m&amp#27;[1msucimurid&amp#27;[0m&amp#27;[32m" as password&amp#27;[0m &amp#27;[90m# LoginSteps.inputCredential(String,String)&amp#27;[0m
    &amp#27;[32mAnd &amp#27;[0m&amp#27;[32mUser clicked masuk button&amp#27;[0m                                                   &amp#27;[90m# LoginSteps.userClickMasukButton()&amp#27;[0m
]]></system-out>
  </testcase>
  <testcase name="When Student click menu Beranda" classname="| 1 |" time="0">
    <system-out><![CDATA[
  Background:                                                                       &amp#27;[90m# features/CariGuru.feature:4&amp#27;[0m
    &amp#27;[32mGiven &amp#27;[0m&amp#27;[32mUser open the website GuruMu&amp#27;[0m                                              &amp#27;[90m# LoginSteps.userOpenTheWebsiteGuruMu()&amp#27;[0m
    &amp#27;[32mWhen &amp#27;[0m&amp#27;[32mUser click avatar navigation&amp#27;[0m                                               &amp#27;[90m# LoginSteps.userClickAvatarNavigation()&amp#27;[0m
    &amp#27;[32mAnd &amp#27;[0m&amp#27;[32mUser click menu Masuk&amp#27;[0m                                                       &amp#27;[90m# LoginSteps.userClickMenuMasuk()&amp#27;[0m
    &amp#27;[32mAnd &amp#27;[0m&amp#27;[32mUser input "&amp#27;[0m&amp#27;[32m&amp#27;[1msucimurid@gmail.com&amp#27;[0m&amp#27;[32m" as email and input "&amp#27;[0m&amp#27;[32m&amp#27;[1msucimurid&amp#27;[0m&amp#27;[32m" as password&amp#27;[0m &amp#27;[90m# LoginSteps.inputCredential(String,String)&amp#27;[0m
    &amp#27;[32mAnd &amp#27;[0m&amp#27;[32mUser clicked masuk button&amp#27;[0m                                                   &amp#27;[90m# LoginSteps.userClickMasukButton()&amp#27;[0m
]]></system-out>
  </testcase>
  <testcase name="And Student input &quot;1&quot; as mata pelajaran" classname="| 1 |" time="0"/>
  <testcase name="And Student input &quot;1&quot; as mata pelajaran" classname="| 1 |" time="0"/>
  <testcase name="Then Mata pelajaran field value is &quot;1&quot;" classname="| 1 |" time="0"/>
  <testcase name="" classname="| 1 |" time="0.114"/>
  <testcase name="" classname="| 1 |" time="0.118"/>
  <testcase name="" classname="| 1 |" time="0.003">
    <failure type="java.lang.AssertionError"><![CDATA[java.lang.AssertionError
]]></failure>
  </testcase>
  <testcase name="" classname="| 1 |" time="0.001">
    <failure type="java.lang.AssertionError"><![CDATA[java.lang.AssertionError
]]></failure>
  </testcase>
  <testcase name="" classname="| 1 |" time="0.003">
    <error message="no such element: Unable to locate element: {&quot;method&quot;:&quot;xpath&quot;,&quot;selector&quot;:&quot;//h2[@class=&apos;swal2-title&apos;]&quot;}&#10;  (Session info: chrome=110.0.5481.100)&#10;For documentation on this error, please visit: https://selenium.dev/exceptions/#no_such_element&#10;Build info: version: &apos;4.1.2&apos;, revision: &apos;9a5a329c5a&apos;&#10;System info: host: &apos;nsystem-mbp&apos;, ip: &apos;fe80:0:0:0:ce7:beec:a50b:8367%en0&apos;, os.name: &apos;Mac OS X&apos;, os.arch: &apos;x86_64&apos;, os.version: &apos;10.16&apos;, java.version: &apos;1.8.0_201&apos;&#10;Driver info: org.openqa.selenium.chrome.ChromeDriver&#10;Command: [375f5f6999251b5c14b6d6e2fa28aaeb, findElement {using=xpath, value=//h2[@class=&apos;swal2-title&apos;]}]&#10;Capabilities {acceptInsecureCerts: false, browserName: chrome, browserVersion: 110.0.5481.100, chrome: {chromedriverVersion: 110.0.5481.77 (65ed616c6e8e..., userDataDir: /var/folders/00/xzw63_pj58g...}, goog:chromeOptions: {debuggerAddress: localhost:64374}, javascriptEnabled: true, networkConnectionEnabled: false, pageLoadStrategy: normal, platform: MAC, platformName: MAC, proxy: Proxy(), se:cdp: ws://localhost:64374/devtoo..., se:cdpVersion: 110.0.5481.100, setWindowRect: true, strictFileInteractability: false, timeouts: {implicit: 0, pageLoad: 300000, script: 30000}, unhandledPromptBehavior: dismiss and notify, webauthn:extension:credBlob: true, webauthn:extension:largeBlob: true, webauthn:virtualAuthenticators: true}&#10;Session ID: 375f5f6999251b5c14b6d6e2fa28aaeb" type="org.openqa.selenium.NoSuchElementException"><![CDATA[org.openqa.selenium.NoSuchElementException: 
no such element: Unable to locate element: {"method":"xpath","selector":"//h2[@class='swal2-title']"}
  (Session info: chrome=110.0.5481.100)
For documentation on this error, please visit: https://selenium.dev/exceptions/#no_such_element
Build info: version: '4.1.2', revision: '9a5a329c5a'
System info: host: 'nsystem-mbp', ip: 'fe80:0:0:0:ce7:beec:a50b:8367%en0', os.name: 'Mac OS X', os.arch: 'x86_64', os.version: '10.16', java.version: '1.8.0_201'
Driver info: org.openqa.selenium.chrome.ChromeDriver
Command: [375f5f6999251b5c14b6d6e2fa28aaeb, findElement {using=xpath, value=//h2[@class='swal2-title']}]
Capabilities {acceptInsecureCerts: false, browserName: chrome, browserVersion: 110.0.5481.100, chrome: {chromedriverVersion: 110.0.5481.77 (65ed616c6e8e..., userDataDir: /var/folders/00/xzw63_pj58g...}, goog:chromeOptions: {debuggerAddress: localhost:64374}, javascriptEnabled: true, networkConnectionEnabled: false, pageLoadStrategy: normal, platform: MAC, platformName: MAC, proxy: Proxy(), se:cdp: ws://localhost:64374/devtoo..., se:cdpVersion: 110.0.5481.100, setWindowRect: true, strictFileInteractability: false, timeouts: {implicit: 0, pageLoad: 300000, script: 30000}, unhandledPromptBehavior: dismiss and notify, webauthn:extension:credBlob: true, webauthn:extension:largeBlob: true, webauthn:virtualAuthenticators: true}
Session ID: 375f5f6999251b5c14b6d6e2fa28aaeb
]]></error>
  </testcase>
  <testcase name="" classname="| 1 |" time="0.002">
    <error message="no such element: Unable to locate element: {&quot;method&quot;:&quot;xpath&quot;,&quot;selector&quot;:&quot;//h2[@class=&apos;swal2-title&apos;]&quot;}&#10;  (Session info: chrome=110.0.5481.100)&#10;For documentation on this error, please visit: https://selenium.dev/exceptions/#no_such_element&#10;Build info: version: &apos;4.1.2&apos;, revision: &apos;9a5a329c5a&apos;&#10;System info: host: &apos;nsystem-mbp&apos;, ip: &apos;fe80:0:0:0:ce7:beec:a50b:8367%en0&apos;, os.name: &apos;Mac OS X&apos;, os.arch: &apos;x86_64&apos;, os.version: &apos;10.16&apos;, java.version: &apos;1.8.0_201&apos;&#10;Driver info: org.openqa.selenium.chrome.ChromeDriver&#10;Command: [375a807841324891efdbcb948556d587, findElement {using=xpath, value=//h2[@class=&apos;swal2-title&apos;]}]&#10;Capabilities {acceptInsecureCerts: false, browserName: chrome, browserVersion: 110.0.5481.100, chrome: {chromedriverVersion: 110.0.5481.77 (65ed616c6e8e..., userDataDir: /var/folders/00/xzw63_pj58g...}, goog:chromeOptions: {debuggerAddress: localhost:64488}, javascriptEnabled: true, networkConnectionEnabled: false, pageLoadStrategy: normal, platform: MAC, platformName: MAC, proxy: Proxy(), se:cdp: ws://localhost:64488/devtoo..., se:cdpVersion: 110.0.5481.100, setWindowRect: true, strictFileInteractability: false, timeouts: {implicit: 0, pageLoad: 300000, script: 30000}, unhandledPromptBehavior: dismiss and notify, webauthn:extension:credBlob: true, webauthn:extension:largeBlob: true, webauthn:virtualAuthenticators: true}&#10;Session ID: 375a807841324891efdbcb948556d587" type="org.openqa.selenium.NoSuchElementException"><![CDATA[org.openqa.selenium.NoSuchElementException: 
no such element: Unable to locate element: {"method":"xpath","selector":"//h2[@class='swal2-title']"}
  (Session info: chrome=110.0.5481.100)
For documentation on this error, please visit: https://selenium.dev/exceptions/#no_such_element
Build info: version: '4.1.2', revision: '9a5a329c5a'
System info: host: 'nsystem-mbp', ip: 'fe80:0:0:0:ce7:beec:a50b:8367%en0', os.name: 'Mac OS X', os.arch: 'x86_64', os.version: '10.16', java.version: '1.8.0_201'
Driver info: org.openqa.selenium.chrome.ChromeDriver
Command: [375a807841324891efdbcb948556d587, findElement {using=xpath, value=//h2[@class='swal2-title']}]
Capabilities {acceptInsecureCerts: false, browserName: chrome, browserVersion: 110.0.5481.100, chrome: {chromedriverVersion: 110.0.5481.77 (65ed616c6e8e..., userDataDir: /var/folders/00/xzw63_pj58g...}, goog:chromeOptions: {debuggerAddress: localhost:64488}, javascriptEnabled: true, networkConnectionEnabled: false, pageLoadStrategy: normal, platform: MAC, platformName: MAC, proxy: Proxy(), se:cdp: ws://localhost:64488/devtoo..., se:cdpVersion: 110.0.5481.100, setWindowRect: true, strictFileInteractability: false, timeouts: {implicit: 0, pageLoad: 300000, script: 30000}, unhandledPromptBehavior: dismiss and notify, webauthn:extension:credBlob: true, webauthn:extension:largeBlob: true, webauthn:virtualAuthenticators: true}
Session ID: 375a807841324891efdbcb948556d587
]]></error>
  </testcase>
  <testcase name="And Student input &quot;1&quot; as lokasi" classname="| 1 |" time="0"/>
  <testcase name="And Student input &quot;1&quot; as lokasi" classname="| 1 |" time="0"/>
  <testcase name="Then Lokasi field value is &quot;1&quot;" classname="| 1 |" time="0"/>
  <testcase name="Then Shouldn&apos;t show teacher list" classname="| 1 |" time="0.002">
    <failure type="java.lang.AssertionError"><![CDATA[java.lang.AssertionError
]]></failure>
  </testcase>
  <testcase name="Then Shouldn&apos;t show teacher list" classname="| 1 |" time="0.001">
    <failure type="java.lang.AssertionError"><![CDATA[java.lang.AssertionError
]]></failure>
  </testcase>
  <testcase name="When User move to History Murid Page" classname="| 1 |" time="0.003">
    <error message="no such element: Unable to locate element: {&quot;method&quot;:&quot;xpath&quot;,&quot;selector&quot;:&quot;//h2[@class=&apos;swal2-title&apos;]&quot;}&#10;  (Session info: chrome=110.0.5481.100)&#10;For documentation on this error, please visit: https://selenium.dev/exceptions/#no_such_element&#10;Build info: version: &apos;4.1.2&apos;, revision: &apos;9a5a329c5a&apos;&#10;System info: host: &apos;nsystem-mbp&apos;, ip: &apos;fe80:0:0:0:ce7:beec:a50b:8367%en0&apos;, os.name: &apos;Mac OS X&apos;, os.arch: &apos;x86_64&apos;, os.version: &apos;10.16&apos;, java.version: &apos;1.8.0_201&apos;&#10;Driver info: org.openqa.selenium.chrome.ChromeDriver&#10;Command: [375f5f6999251b5c14b6d6e2fa28aaeb, findElement {using=xpath, value=//h2[@class=&apos;swal2-title&apos;]}]&#10;Capabilities {acceptInsecureCerts: false, browserName: chrome, browserVersion: 110.0.5481.100, chrome: {chromedriverVersion: 110.0.5481.77 (65ed616c6e8e..., userDataDir: /var/folders/00/xzw63_pj58g...}, goog:chromeOptions: {debuggerAddress: localhost:64374}, javascriptEnabled: true, networkConnectionEnabled: false, pageLoadStrategy: normal, platform: MAC, platformName: MAC, proxy: Proxy(), se:cdp: ws://localhost:64374/devtoo..., se:cdpVersion: 110.0.5481.100, setWindowRect: true, strictFileInteractability: false, timeouts: {implicit: 0, pageLoad: 300000, script: 30000}, unhandledPromptBehavior: dismiss and notify, webauthn:extension:credBlob: true, webauthn:extension:largeBlob: true, webauthn:virtualAuthenticators: true}&#10;Session ID: 375f5f6999251b5c14b6d6e2fa28aaeb" type="org.openqa.selenium.NoSuchElementException"><![CDATA[org.openqa.selenium.NoSuchElementException: 
no such element: Unable to locate element: {"method":"xpath","selector":"//h2[@class='swal2-title']"}
  (Session info: chrome=110.0.5481.100)
For documentation on this error, please visit: https://selenium.dev/exceptions/#no_such_element
Build info: version: '4.1.2', revision: '9a5a329c5a'
System info: host: 'nsystem-mbp', ip: 'fe80:0:0:0:ce7:beec:a50b:8367%en0', os.name: 'Mac OS X', os.arch: 'x86_64', os.version: '10.16', java.version: '1.8.0_201'
Driver info: org.openqa.selenium.chrome.ChromeDriver
Command: [375f5f6999251b5c14b6d6e2fa28aaeb, findElement {using=xpath, value=//h2[@class='swal2-title']}]
Capabilities {acceptInsecureCerts: false, browserName: chrome, browserVersion: 110.0.5481.100, chrome: {chromedriverVersion: 110.0.5481.77 (65ed616c6e8e..., userDataDir: /var/folders/00/xzw63_pj58g...}, goog:chromeOptions: {debuggerAddress: localhost:64374}, javascriptEnabled: true, networkConnectionEnabled: false, pageLoadStrategy: normal, platform: MAC, platformName: MAC, proxy: Proxy(), se:cdp: ws://localhost:64374/devtoo..., se:cdpVersion: 110.0.5481.100, setWindowRect: true, strictFileInteractability: false, timeouts: {implicit: 0, pageLoad: 300000, script: 30000}, unhandledPromptBehavior: dismiss and notify, webauthn:extension:credBlob: true, webauthn:extension:largeBlob: true, webauthn:virtualAuthenticators: true}
Session ID: 375f5f6999251b5c14b6d6e2fa28aaeb
]]></error>
  </testcase>
  <testcase name="When User move to History Murid Page" classname="| 1 |" time="0.001">
    <error message="no such element: Unable to locate element: {&quot;method&quot;:&quot;xpath&quot;,&quot;selector&quot;:&quot;//h2[@class=&apos;swal2-title&apos;]&quot;}&#10;  (Session info: chrome=110.0.5481.100)&#10;For documentation on this error, please visit: https://selenium.dev/exceptions/#no_such_element&#10;Build info: version: &apos;4.1.2&apos;, revision: &apos;9a5a329c5a&apos;&#10;System info: host: &apos;nsystem-mbp&apos;, ip: &apos;fe80:0:0:0:ce7:beec:a50b:8367%en0&apos;, os.name: &apos;Mac OS X&apos;, os.arch: &apos;x86_64&apos;, os.version: &apos;10.16&apos;, java.version: &apos;1.8.0_201&apos;&#10;Driver info: org.openqa.selenium.chrome.ChromeDriver&#10;Command: [375a807841324891efdbcb948556d587, findElement {using=xpath, value=//h2[@class=&apos;swal2-title&apos;]}]&#10;Capabilities {acceptInsecureCerts: false, browserName: chrome, browserVersion: 110.0.5481.100, chrome: {chromedriverVersion: 110.0.5481.77 (65ed616c6e8e..., userDataDir: /var/folders/00/xzw63_pj58g...}, goog:chromeOptions: {debuggerAddress: localhost:64488}, javascriptEnabled: true, networkConnectionEnabled: false, pageLoadStrategy: normal, platform: MAC, platformName: MAC, proxy: Proxy(), se:cdp: ws://localhost:64488/devtoo..., se:cdpVersion: 110.0.5481.100, setWindowRect: true, strictFileInteractability: false, timeouts: {implicit: 0, pageLoad: 300000, script: 30000}, unhandledPromptBehavior: dismiss and notify, webauthn:extension:credBlob: true, webauthn:extension:largeBlob: true, webauthn:virtualAuthenticators: true}&#10;Session ID: 375a807841324891efdbcb948556d587" type="org.openqa.selenium.NoSuchElementException"><![CDATA[org.openqa.selenium.NoSuchElementException: 
no such element: Unable to locate element: {"method":"xpath","selector":"//h2[@class='swal2-title']"}
  (Session info: chrome=110.0.5481.100)
For documentation on this error, please visit: https://selenium.dev/exceptions/#no_such_element
Build info: version: '4.1.2', revision: '9a5a329c5a'
System info: host: 'nsystem-mbp', ip: 'fe80:0:0:0:ce7:beec:a50b:8367%en0', os.name: 'Mac OS X', os.arch: 'x86_64', os.version: '10.16', java.version: '1.8.0_201'
Driver info: org.openqa.selenium.chrome.ChromeDriver
Command: [375a807841324891efdbcb948556d587, findElement {using=xpath, value=//h2[@class='swal2-title']}]
Capabilities {acceptInsecureCerts: false, browserName: chrome, browserVersion: 110.0.5481.100, chrome: {chromedriverVersion: 110.0.5481.77 (65ed616c6e8e..., userDataDir: /var/folders/00/xzw63_pj58g...}, goog:chromeOptions: {debuggerAddress: localhost:64488}, javascriptEnabled: true, networkConnectionEnabled: false, pageLoadStrategy: normal, platform: MAC, platformName: MAC, proxy: Proxy(), se:cdp: ws://localhost:64488/devtoo..., se:cdpVersion: 110.0.5481.100, setWindowRect: true, strictFileInteractability: false, timeouts: {implicit: 0, pageLoad: 300000, script: 30000}, unhandledPromptBehavior: dismiss and notify, webauthn:extension:credBlob: true, webauthn:extension:largeBlob: true, webauthn:virtualAuthenticators: true}
Session ID: 375a807841324891efdbcb948556d587
]]></error>
  </testcase>
  <testcase name="And Student click Riwayat submenu" classname="| 1 |" time="0">
    <skipped/>
  </testcase>
  <testcase name="And Student click Riwayat submenu" classname="| 1 |" time="0">
    <skipped/>
  </testcase>
  <testcase name="And Sub menu Riwayat is active" classname="| 1 |" time="0">
    <skipped/>
  </testcase>
  <testcase name="And Sub menu Riwayat is active" classname="| 1 |" time="0">
    <skipped/>
  </testcase>
  <testcase name="When Student click link ulasan in row" classname="| 1 |" time="0">
    <skipped/>
  </testcase>
  <testcase name="When Student click link ulasan in row" classname="| 1 |" time="0">
    <skipped/>
  </testcase>
  <testcase name="Then Show penilaian dan ulasan popup" classname="| 1 |" time="0">
    <skipped/>
  </testcase>
  <testcase name="Then Show penilaian dan ulasan popup" classname="| 1 |" time="0">
    <skipped/>
  </testcase>
  <testcase name="When Student input &quot;1&quot; in ulasan field" classname="| 1 |" time="0">
    <skipped/>
    <system-out><![CDATA[
  Background:                                                                       &amp#27;[90m# features/PenilaianUlasan.feature:4&amp#27;[0m
    &amp#27;[32mGiven &amp#27;[0m&amp#27;[32mUser open the website GuruMu&amp#27;[0m                                              &amp#27;[90m# LoginSteps.userOpenTheWebsiteGuruMu()&amp#27;[0m
    &amp#27;[32mWhen &amp#27;[0m&amp#27;[32mUser click avatar navigation&amp#27;[0m                                               &amp#27;[90m# LoginSteps.userClickAvatarNavigation()&amp#27;[0m
    &amp#27;[32mAnd &amp#27;[0m&amp#27;[32mUser click menu Masuk&amp#27;[0m                                                       &amp#27;[90m# LoginSteps.userClickMenuMasuk()&amp#27;[0m
    &amp#27;[32mAnd &amp#27;[0m&amp#27;[32mUser input "&amp#27;[0m&amp#27;[32m&amp#27;[1msucimurid@gmail.com&amp#27;[0m&amp#27;[32m" as email and input "&amp#27;[0m&amp#27;[32m&amp#27;[1msucimurid&amp#27;[0m&amp#27;[32m" as password&amp#27;[0m &amp#27;[90m# LoginSteps.inputCredential(String,String)&amp#27;[0m
    &amp#27;[32mAnd &amp#27;[0m&amp#27;[32mUser clicked masuk button&amp#27;[0m                                                   &amp#27;[90m# LoginSteps.userClickMasukButton()&amp#27;[0m
    &amp#27;[31mWhen &amp#27;[0m&amp#27;[31mUser move to History Murid Page&amp#27;[0m                                            &amp#27;[90m# PenilaianUlasanSteps.userMoveToHistoryMuridPage()&amp#27;[0m
      &amp#27;[31morg.openqa.selenium.NoSuchElementException: no such element: Unable to locate element: {"method":"xpath","selector":"//h2[@class='swal2-title']"}
        (Session info: chrome=110.0.5481.100)
      For documentation on this error, please visit: https://selenium.dev/exceptions/#no_such_element
      Build info: version: '4.1.2', revision: '9a5a329c5a'
      System info: host: 'nsystem-mbp', ip: 'fe80:0:0:0:ce7:beec:a50b:8367%en0', os.name: 'Mac OS X', os.arch: 'x86_64', os.version: '10.16', java.version: '1.8.0_201'
      Driver info: org.openqa.selenium.chrome.ChromeDriver
      Command: [375f5f6999251b5c14b6d6e2fa28aaeb, findElement {using=xpath, value=//h2[@class='swal2-title']}]
      Capabilities {acceptInsecureCerts: false, browserName: chrome, browserVersion: 110.0.5481.100, chrome: {chromedriverVersion: 110.0.5481.77 (65ed616c6e8e..., userDataDir: /var/folders/00/xzw63_pj58g...}, goog:chromeOptions: {debuggerAddress: localhost:64374}, javascriptEnabled: true, networkConnectionEnabled: false, pageLoadStrategy: normal, platform: MAC, platformName: MAC, proxy: Proxy(), se:cdp: ws://localhost:64374/devtoo..., se:cdpVersion: 110.0.5481.100, setWindowRect: true, strictFileInteractability: false, timeouts: {implicit: 0, pageLoad: 300000, script: 30000}, unhandledPromptBehavior: dismiss and notify, webauthn:extension:credBlob: true, webauthn:extension:largeBlob: true, webauthn:virtualAuthenticators: true}
      Session ID: 375f5f6999251b5c14b6d6e2fa28aaeb
      	at sun.reflect.GeneratedConstructorAccessor38.newInstance(Unknown Source)
      	at sun.reflect.DelegatingConstructorAccessorImpl.newInstance(DelegatingConstructorAccessorImpl.java:45)
      	at java.lang.reflect.Constructor.newInstance(Constructor.java:423)
      	at org.openqa.selenium.remote.codec.w3c.W3CHttpResponseCodec.createException(W3CHttpResponseCodec.java:200)
      	at org.openqa.selenium.remote.codec.w3c.W3CHttpResponseCodec.decode(W3CHttpResponseCodec.java:133)
      	at org.openqa.selenium.remote.codec.w3c.W3CHttpResponseCodec.decode(W3CHttpResponseCodec.java:53)
      	at org.openqa.selenium.remote.HttpCommandExecutor.execute(HttpCommandExecutor.java:184)
      	at org.openqa.selenium.remote.service.DriverCommandExecutor.invokeExecute(DriverCommandExecutor.java:167)
      	at org.openqa.selenium.remote.service.DriverCommandExecutor.execute(DriverCommandExecutor.java:142)
      	at org.openqa.selenium.remote.RemoteWebDriver.execute(RemoteWebDriver.java:558)
      	at org.openqa.selenium.remote.ElementLocation$ElementFinder$2.findElement(ElementLocation.java:162)
      	at org.openqa.selenium.remote.ElementLocation.findElement(ElementLocation.java:60)
      	at org.openqa.selenium.remote.RemoteWebDriver.findElement(RemoteWebDriver.java:382)
      	at org.openqa.selenium.remote.RemoteWebDriver.findElement(RemoteWebDriver.java:374)
      	at org.openqa.selenium.support.pagefactory.DefaultElementLocator.findElement(DefaultElementLocator.java:70)
      	at org.openqa.selenium.support.pagefactory.internal.LocatingElementHandler.invoke(LocatingElementHandler.java:39)
      	at com.sun.proxy.$Proxy21.isDisplayed(Unknown Source)
      	at org.example.pageObject.BerandaPage.successMessageIsDisplayed(BerandaPage.java:169)
      	at step_definitions.PenilaianUlasanSteps.userMoveToHistoryMuridPage(PenilaianUlasanSteps.java:174)
      	at ✽.When User move to History Murid Page(features/PenilaianUlasan.feature:10)
      &amp#27;[0m
    &amp#27;[36mAnd &amp#27;[0m&amp#27;[36mStudent click Riwayat submenu&amp#27;[0m                                               &amp#27;[90m# PenilaianUlasanSteps.studentClickRiwayatSubmenu()&amp#27;[0m
    &amp#27;[36mAnd &amp#27;[0m&amp#27;[36mSub menu Riwayat is active&amp#27;[0m                                                  &amp#27;[90m# PenilaianUlasanSteps.subMenuRiwayatIsActive()&amp#27;[0m
    &amp#27;[36mWhen &amp#27;[0m&amp#27;[36mStudent click link ulasan in row&amp#27;[0m                                           &amp#27;[90m# PenilaianUlasanSteps.studentClickLinkUlasanInRowAsTeacher()&amp#27;[0m
    &amp#27;[36mThen &amp#27;[0m&amp#27;[36mShow penilaian dan ulasan popup&amp#27;[0m                                            &amp#27;[90m# PenilaianUlasanSteps.showPenilaianDanUlasanPopup()&amp#27;[0m
]]></system-out>
  </testcase>
  <testcase name="Then Ulasan field value is &quot;1&quot;" classname="| 1 |" time="0">
    <skipped/>
  </testcase>
  <testcase name="When Student input &quot;1&quot; in penilaian field" classname="| 1 |" time="0">
    <skipped/>
    <system-out><![CDATA[
  Background:                                                                       &amp#27;[90m# features/PenilaianUlasan.feature:4&amp#27;[0m
    &amp#27;[32mGiven &amp#27;[0m&amp#27;[32mUser open the website GuruMu&amp#27;[0m                                              &amp#27;[90m# LoginSteps.userOpenTheWebsiteGuruMu()&amp#27;[0m
    &amp#27;[32mWhen &amp#27;[0m&amp#27;[32mUser click avatar navigation&amp#27;[0m                                               &amp#27;[90m# LoginSteps.userClickAvatarNavigation()&amp#27;[0m
    &amp#27;[32mAnd &amp#27;[0m&amp#27;[32mUser click menu Masuk&amp#27;[0m                                                       &amp#27;[90m# LoginSteps.userClickMenuMasuk()&amp#27;[0m
    &amp#27;[32mAnd &amp#27;[0m&amp#27;[32mUser input "&amp#27;[0m&amp#27;[32m&amp#27;[1msucimurid@gmail.com&amp#27;[0m&amp#27;[32m" as email and input "&amp#27;[0m&amp#27;[32m&amp#27;[1msucimurid&amp#27;[0m&amp#27;[32m" as password&amp#27;[0m &amp#27;[90m# LoginSteps.inputCredential(String,String)&amp#27;[0m
    &amp#27;[32mAnd &amp#27;[0m&amp#27;[32mUser clicked masuk button&amp#27;[0m                                                   &amp#27;[90m# LoginSteps.userClickMasukButton()&amp#27;[0m
    &amp#27;[31mWhen &amp#27;[0m&amp#27;[31mUser move to History Murid Page&amp#27;[0m                                            &amp#27;[90m# PenilaianUlasanSteps.userMoveToHistoryMuridPage()&amp#27;[0m
      &amp#27;[31morg.openqa.selenium.NoSuchElementException: no such element: Unable to locate element: {"method":"xpath","selector":"//h2[@class='swal2-title']"}
        (Session info: chrome=110.0.5481.100)
      For documentation on this error, please visit: https://selenium.dev/exceptions/#no_such_element
      Build info: version: '4.1.2', revision: '9a5a329c5a'
      System info: host: 'nsystem-mbp', ip: 'fe80:0:0:0:ce7:beec:a50b:8367%en0', os.name: 'Mac OS X', os.arch: 'x86_64', os.version: '10.16', java.version: '1.8.0_201'
      Driver info: org.openqa.selenium.chrome.ChromeDriver
      Command: [375a807841324891efdbcb948556d587, findElement {using=xpath, value=//h2[@class='swal2-title']}]
      Capabilities {acceptInsecureCerts: false, browserName: chrome, browserVersion: 110.0.5481.100, chrome: {chromedriverVersion: 110.0.5481.77 (65ed616c6e8e..., userDataDir: /var/folders/00/xzw63_pj58g...}, goog:chromeOptions: {debuggerAddress: localhost:64488}, javascriptEnabled: true, networkConnectionEnabled: false, pageLoadStrategy: normal, platform: MAC, platformName: MAC, proxy: Proxy(), se:cdp: ws://localhost:64488/devtoo..., se:cdpVersion: 110.0.5481.100, setWindowRect: true, strictFileInteractability: false, timeouts: {implicit: 0, pageLoad: 300000, script: 30000}, unhandledPromptBehavior: dismiss and notify, webauthn:extension:credBlob: true, webauthn:extension:largeBlob: true, webauthn:virtualAuthenticators: true}
      Session ID: 375a807841324891efdbcb948556d587
      	at sun.reflect.GeneratedConstructorAccessor38.newInstance(Unknown Source)
      	at sun.reflect.DelegatingConstructorAccessorImpl.newInstance(DelegatingConstructorAccessorImpl.java:45)
      	at java.lang.reflect.Constructor.newInstance(Constructor.java:423)
      	at org.openqa.selenium.remote.codec.w3c.W3CHttpResponseCodec.createException(W3CHttpResponseCodec.java:200)
      	at org.openqa.selenium.remote.codec.w3c.W3CHttpResponseCodec.decode(W3CHttpResponseCodec.java:133)
      	at org.openqa.selenium.remote.codec.w3c.W3CHttpResponseCodec.decode(W3CHttpResponseCodec.java:53)
      	at org.openqa.selenium.remote.HttpCommandExecutor.execute(HttpCommandExecutor.java:184)
      	at org.openqa.selenium.remote.service.DriverCommandExecutor.invokeExecute(DriverCommandExecutor.java:167)
      	at org.openqa.selenium.remote.service.DriverCommandExecutor.execute(DriverCommandExecutor.java:142)
      	at org.openqa.selenium.remote.RemoteWebDriver.execute(RemoteWebDriver.java:558)
      	at org.openqa.selenium.remote.ElementLocation$ElementFinder$2.findElement(ElementLocation.java:162)
      	at org.openqa.selenium.remote.ElementLocation.findElement(ElementLocation.java:60)
      	at org.openqa.selenium.remote.RemoteWebDriver.findElement(RemoteWebDriver.java:382)
      	at org.openqa.selenium.remote.RemoteWebDriver.findElement(RemoteWebDriver.java:374)
      	at org.openqa.selenium.support.pagefactory.DefaultElementLocator.findElement(DefaultElementLocator.java:70)
      	at org.openqa.selenium.support.pagefactory.internal.LocatingElementHandler.invoke(LocatingElementHandler.java:39)
      	at com.sun.proxy.$Proxy21.isDisplayed(Unknown Source)
      	at org.example.pageObject.BerandaPage.successMessageIsDisplayed(BerandaPage.java:169)
      	at step_definitions.PenilaianUlasanSteps.userMoveToHistoryMuridPage(PenilaianUlasanSteps.java:174)
      	at ✽.When User move to History Murid Page(features/PenilaianUlasan.feature:10)
      &amp#27;[0m
    &amp#27;[36mAnd &amp#27;[0m&amp#27;[36mStudent click Riwayat submenu&amp#27;[0m                                               &amp#27;[90m# PenilaianUlasanSteps.studentClickRiwayatSubmenu()&amp#27;[0m
    &amp#27;[36mAnd &amp#27;[0m&amp#27;[36mSub menu Riwayat is active&amp#27;[0m                                                  &amp#27;[90m# PenilaianUlasanSteps.subMenuRiwayatIsActive()&amp#27;[0m
    &amp#27;[36mWhen &amp#27;[0m&amp#27;[36mStudent click link ulasan in row&amp#27;[0m                                           &amp#27;[90m# PenilaianUlasanSteps.studentClickLinkUlasanInRowAsTeacher()&amp#27;[0m
    &amp#27;[36mThen &amp#27;[0m&amp#27;[36mShow penilaian dan ulasan popup&amp#27;[0m                                            &amp#27;[90m# PenilaianUlasanSteps.showPenilaianDanUlasanPopup()&amp#27;[0m
]]></system-out>
  </testcase>
  <testcase name="Then Penilaian field value is &quot;1&quot;" classname="| 1 |" time="0">
    <skipped/>
  </testcase>
  <testcase name="Given User open the website GuruMu" classname="| matematika |" time="0">
    <system-out><![CDATA[
  @CariGuru @Test
  Scenario Outline: Input number in 'mata pelajaran' field &amp#27;[90m# features/CariGuru.feature:50&amp#27;[0m
    &amp#27;[32mWhen &amp#27;[0m&amp#27;[32mStudent click menu Beranda&amp#27;[0m                        &amp#27;[90m# CariGuruSteps.studentClickMenuBeranda()&amp#27;[0m
    &amp#27;[32mAnd &amp#27;[0m&amp#27;[32mStudent input "&amp#27;[0m&amp#27;[32m&amp#27;[1m1&amp#27;[0m&amp#27;[32m" as mata pelajaran&amp#27;[0m                &amp#27;[90m# CariGuruSteps.studentInputAsMataPelajaran(String)&amp#27;[0m
    &amp#27;[32mThen &amp#27;[0m&amp#27;[32mMata pelajaran field value is "&amp#27;[0m&amp#27;[32m&amp#27;[1m1&amp#27;[0m&amp#27;[32m"&amp#27;[0m                 &amp#27;[90m# CariGuruSteps.mataPelajaranFieldValueIs(String)&amp#27;[0m

  Scenario Outline: Input alphabet in 'mata pelajaran' field &amp#27;[90m# features/CariGuru.feature:52&amp#27;[0m
    &amp#27;[36mWhen &amp#27;[0m&amp#27;[36mStudent click menu Beranda&amp#27;[0m
    &amp#27;[36mAnd &amp#27;[0m&amp#27;[36mStudent input "<mata_pelajaran>" as mata pelajaran&amp#27;[0m
    &amp#27;[36mThen &amp#27;[0m&amp#27;[36mMata pelajaran field value is "<mata_pelajaran>"&amp#27;[0m

    Examples: 
]]></system-out>
    <system-err><![CDATA[Starting ChromeDriver 110.0.5481.77 (65ed616c6e8ee3fe0ad64fe83796c020644d42af-refs/branch-heads/5481@{#839}) on port 57851
Only local connections are allowed.
Please see https://chromedriver.chromium.org/security-considerations for suggestions on keeping ChromeDriver safe.
ChromeDriver was started successfully.
[1676549339.036][WARNING]: virtual void DevToolsClientImpl::AddListener(DevToolsEventListener *) subscribing a listener to the already connected DevToolsClient. Connection notification will not arrive.
Feb 16, 2023 7:08:59 PM org.openqa.selenium.remote.ProtocolHandshake createSession
INFO: Detected dialect: W3C
Feb 16, 2023 7:08:59 PM org.openqa.selenium.devtools.CdpVersionFinder findNearestMatch
WARNING: Unable to find an exact match for CDP version 110, so returning the closest version found: a no-op implementation
Feb 16, 2023 7:08:59 PM org.openqa.selenium.devtools.CdpVersionFinder findNearestMatch
INFO: Unable to find CDP implementation matching 110.
Feb 16, 2023 7:08:59 PM org.openqa.selenium.chromium.ChromiumDriver lambda$new$3
WARNING: Unable to find version of CDP to use for . You may need to include a dependency on a specific version of the CDP using something similar to `org.seleniumhq.selenium:selenium-devtools-v86:4.1.2` where the version ("v86") matches the version of the chromium-based browser you're using and the version number of the artifact is the same as Selenium's.
]]></system-err>
  </testcase>
  <testcase name="When User click avatar navigation" classname="| matematika |" time="0"/>
  <testcase name="And User click menu Masuk" classname="| matematika |" time="0"/>
  <testcase name="And User input &quot;sucimurid@gmail.com&quot; as email and input &quot;sucimurid&quot; as password" classname="| matematika |" time="0"/>
  <testcase name="And User clicked masuk button" classname="| matematika |" time="0"/>
  <testcase name="When Student click menu Beranda" classname="| matematika |" time="0">
    <system-out><![CDATA[
  Background:                                                                       &amp#27;[90m# features/CariGuru.feature:4&amp#27;[0m
    &amp#27;[32mGiven &amp#27;[0m&amp#27;[32mUser open the website GuruMu&amp#27;[0m                                              &amp#27;[90m# LoginSteps.userOpenTheWebsiteGuruMu()&amp#27;[0m
    &amp#27;[32mWhen &amp#27;[0m&amp#27;[32mUser click avatar navigation&amp#27;[0m                                               &amp#27;[90m# LoginSteps.userClickAvatarNavigation()&amp#27;[0m
    &amp#27;[32mAnd &amp#27;[0m&amp#27;[32mUser click menu Masuk&amp#27;[0m                                                       &amp#27;[90m# LoginSteps.userClickMenuMasuk()&amp#27;[0m
    &amp#27;[32mAnd &amp#27;[0m&amp#27;[32mUser input "&amp#27;[0m&amp#27;[32m&amp#27;[1msucimurid@gmail.com&amp#27;[0m&amp#27;[32m" as email and input "&amp#27;[0m&amp#27;[32m&amp#27;[1msucimurid&amp#27;[0m&amp#27;[32m" as password&amp#27;[0m &amp#27;[90m# LoginSteps.inputCredential(String,String)&amp#27;[0m
    &amp#27;[32mAnd &amp#27;[0m&amp#27;[32mUser clicked masuk button&amp#27;[0m                                                   &amp#27;[90m# LoginSteps.userClickMasukButton()&amp#27;[0m
]]></system-out>
  </testcase>
  <testcase name="And Student input &quot;matematika&quot; as mata pelajaran" classname="| matematika |" time="0"/>
  <testcase name="Then Mata pelajaran field value is &quot;matematika&quot;" classname="| matematika |" time="0"/>
  <testcase name="" classname="| matematika |" time="0.123"/>
  <testcase name="Given User open the website GuruMu" classname="| Abcsdsdadsdadsadsdsadasdasdasdasdasdasdasdsdasdasdasdasdasdasdasdasdasdasdasdasdasdssdsdsdsdsd |" time="0.001">
    <system-out><![CDATA[
  @CariGuru @Test
  Scenario Outline: Input alphabet in 'mata pelajaran' field &amp#27;[90m# features/CariGuru.feature:58&amp#27;[0m
    &amp#27;[32mWhen &amp#27;[0m&amp#27;[32mStudent click menu Beranda&amp#27;[0m                          &amp#27;[90m# CariGuruSteps.studentClickMenuBeranda()&amp#27;[0m
    &amp#27;[32mAnd &amp#27;[0m&amp#27;[32mStudent input "&amp#27;[0m&amp#27;[32m&amp#27;[1mmatematika&amp#27;[0m&amp#27;[32m" as mata pelajaran&amp#27;[0m         &amp#27;[90m# CariGuruSteps.studentInputAsMataPelajaran(String)&amp#27;[0m
    &amp#27;[32mThen &amp#27;[0m&amp#27;[32mMata pelajaran field value is "&amp#27;[0m&amp#27;[32m&amp#27;[1mmatematika&amp#27;[0m&amp#27;[32m"&amp#27;[0m          &amp#27;[90m# CariGuruSteps.mataPelajaranFieldValueIs(String)&amp#27;[0m

  Scenario Outline: Input alphabet with more than maximum allowed length on 'mata pelajaran' field &amp#27;[90m# features/CariGuru.feature:60&amp#27;[0m
    &amp#27;[36mWhen &amp#27;[0m&amp#27;[36mStudent click menu Beranda&amp#27;[0m
    &amp#27;[36mAnd &amp#27;[0m&amp#27;[36mStudent input "<mata_pelajaran>" as mata pelajaran&amp#27;[0m
    &amp#27;[36mThen &amp#27;[0m&amp#27;[36mMata pelajaran field show alert "Maximal char 250"&amp#27;[0m

    Examples: 
]]></system-out>
    <system-err><![CDATA[Starting ChromeDriver 110.0.5481.77 (65ed616c6e8ee3fe0ad64fe83796c020644d42af-refs/branch-heads/5481@{#839}) on port 60241
Only local connections are allowed.
Please see https://chromedriver.chromium.org/security-considerations for suggestions on keeping ChromeDriver safe.
ChromeDriver was started successfully.
[1676549362.255][WARNING]: virtual void DevToolsClientImpl::AddListener(DevToolsEventListener *) subscribing a listener to the already connected DevToolsClient. Connection notification will not arrive.
Feb 16, 2023 7:09:22 PM org.openqa.selenium.remote.ProtocolHandshake createSession
INFO: Detected dialect: W3C
Feb 16, 2023 7:09:22 PM org.openqa.selenium.devtools.CdpVersionFinder findNearestMatch
WARNING: Unable to find an exact match for CDP version 110, so returning the closest version found: a no-op implementation
Feb 16, 2023 7:09:22 PM org.openqa.selenium.devtools.CdpVersionFinder findNearestMatch
INFO: Unable to find CDP implementation matching 110.
Feb 16, 2023 7:09:22 PM org.openqa.selenium.chromium.ChromiumDriver lambda$new$3
WARNING: Unable to find version of CDP to use for . You may need to include a dependency on a specific version of the CDP using something similar to `org.seleniumhq.selenium:selenium-devtools-v86:4.1.2` where the version ("v86") matches the version of the chromium-based browser you're using and the version number of the artifact is the same as Selenium's.
]]></system-err>
  </testcase>
  <testcase name="Given User open the website GuruMu" classname="| Abcsdsdadsdadsadsdsadasdasdasdasdasdasdasdsdasdasdasdasdasdasdasdasdasdasdasdasdasdssdsdsdsdsd |" time="0">
    <system-out><![CDATA[
  @CariGuru @Test
  Scenario Outline: Input alphabet in 'lokasi' field &amp#27;[90m# features/CariGuru.feature:95&amp#27;[0m
    &amp#27;[32mWhen &amp#27;[0m&amp#27;[32mStudent click menu Beranda&amp#27;[0m                  &amp#27;[90m# CariGuruSteps.studentClickMenuBeranda()&amp#27;[0m
    &amp#27;[32mAnd &amp#27;[0m&amp#27;[32mStudent input "&amp#27;[0m&amp#27;[32m&amp#27;[1mjakarta&amp#27;[0m&amp#27;[32m" as lokasi&amp#27;[0m            &amp#27;[90m# CariGuruSteps.studentInputAsLokasi(String)&amp#27;[0m
    &amp#27;[32mThen &amp#27;[0m&amp#27;[32mLokasi field value is "&amp#27;[0m&amp#27;[32m&amp#27;[1mjakarta&amp#27;[0m&amp#27;[32m"&amp#27;[0m             &amp#27;[90m# CariGuruSteps.lokasiFieldValueIs(String)&amp#27;[0m

  Scenario Outline: Input alphabet with more than maximum allowed length on 'lokasi' field &amp#27;[90m# features/CariGuru.feature:97&amp#27;[0m
    &amp#27;[36mWhen &amp#27;[0m&amp#27;[36mStudent click menu Beranda&amp#27;[0m
    &amp#27;[36mAnd &amp#27;[0m&amp#27;[36mStudent input "<lokasi>" as lokasi&amp#27;[0m
    &amp#27;[36mThen &amp#27;[0m&amp#27;[36mLokasi field show alert "Maximal char 250"&amp#27;[0m

    Examples: 
]]></system-out>
    <system-err><![CDATA[Starting ChromeDriver 110.0.5481.77 (65ed616c6e8ee3fe0ad64fe83796c020644d42af-refs/branch-heads/5481@{#839}) on port 61869
Only local connections are allowed.
Please see https://chromedriver.chromium.org/security-considerations for suggestions on keeping ChromeDriver safe.
ChromeDriver was started successfully.
[1676549482.110][WARNING]: virtual void DevToolsClientImpl::AddListener(DevToolsEventListener *) subscribing a listener to the already connected DevToolsClient. Connection notification will not arrive.
Feb 16, 2023 7:11:22 PM org.openqa.selenium.remote.ProtocolHandshake createSession
INFO: Detected dialect: W3C
Feb 16, 2023 7:11:22 PM org.openqa.selenium.devtools.CdpVersionFinder findNearestMatch
WARNING: Unable to find an exact match for CDP version 110, so returning the closest version found: a no-op implementation
Feb 16, 2023 7:11:22 PM org.openqa.selenium.devtools.CdpVersionFinder findNearestMatch
INFO: Unable to find CDP implementation matching 110.
Feb 16, 2023 7:11:22 PM org.openqa.selenium.chromium.ChromiumDriver lambda$new$3
WARNING: Unable to find version of CDP to use for . You may need to include a dependency on a specific version of the CDP using something similar to `org.seleniumhq.selenium:selenium-devtools-v86:4.1.2` where the version ("v86") matches the version of the chromium-based browser you're using and the version number of the artifact is the same as Selenium's.
]]></system-err>
  </testcase>
  <testcase name="When User click avatar navigation" classname="| Abcsdsdadsdadsadsdsadasdasdasdasdasdasdasdsdasdasdasdasdasdasdasdasdasdasdasdasdasdssdsdsdsdsd |" time="0"/>
  <testcase name="When User click avatar navigation" classname="| Abcsdsdadsdadsadsdsadasdasdasdasdasdasdasdsdasdasdasdasdasdasdasdasdasdasdasdasdasdssdsdsdsdsd |" time="0"/>
  <testcase name="And User click menu Masuk" classname="| Abcsdsdadsdadsadsdsadasdasdasdasdasdasdasdsdasdasdasdasdasdasdasdasdasdasdasdasdasdssdsdsdsdsd |" time="0"/>
  <testcase name="And User click menu Masuk" classname="| Abcsdsdadsdadsadsdsadasdasdasdasdasdasdasdsdasdasdasdasdasdasdasdasdasdasdasdasdasdssdsdsdsdsd |" time="0"/>
  <testcase name="And User input &quot;sucimurid@gmail.com&quot; as email and input &quot;sucimurid&quot; as password" classname="| Abcsdsdadsdadsadsdsadasdasdasdasdasdasdasdsdasdasdasdasdasdasdasdasdasdasdasdasdasdssdsdsdsdsd |" time="0"/>
  <testcase name="And User input &quot;sucimurid@gmail.com&quot; as email and input &quot;sucimurid&quot; as password" classname="| Abcsdsdadsdadsadsdsadasdasdasdasdasdasdasdsdasdasdasdasdasdasdasdasdasdasdasdasdasdssdsdsdsdsd |" time="0"/>
  <testcase name="And User clicked masuk button" classname="| Abcsdsdadsdadsadsdsadasdasdasdasdasdasdasdsdasdasdasdasdasdasdasdasdasdasdasdasdasdssdsdsdsdsd |" time="0"/>
  <testcase name="And User clicked masuk button" classname="| Abcsdsdadsdadsadsdsadasdasdasdasdasdasdasdsdasdasdasdasdasdasdasdasdasdasdasdasdasdssdsdsdsdsd |" time="0"/>
  <testcase name="When Student click menu Beranda" classname="| Abcsdsdadsdadsadsdsadasdasdasdasdasdasdasdsdasdasdasdasdasdasdasdasdasdasdasdasdasdssdsdsdsdsd |" time="0">
    <system-out><![CDATA[
  Background:                                                                       &amp#27;[90m# features/CariGuru.feature:4&amp#27;[0m
    &amp#27;[32mGiven &amp#27;[0m&amp#27;[32mUser open the website GuruMu&amp#27;[0m                                              &amp#27;[90m# LoginSteps.userOpenTheWebsiteGuruMu()&amp#27;[0m
    &amp#27;[32mWhen &amp#27;[0m&amp#27;[32mUser click avatar navigation&amp#27;[0m                                               &amp#27;[90m# LoginSteps.userClickAvatarNavigation()&amp#27;[0m
    &amp#27;[32mAnd &amp#27;[0m&amp#27;[32mUser click menu Masuk&amp#27;[0m                                                       &amp#27;[90m# LoginSteps.userClickMenuMasuk()&amp#27;[0m
    &amp#27;[32mAnd &amp#27;[0m&amp#27;[32mUser input "&amp#27;[0m&amp#27;[32m&amp#27;[1msucimurid@gmail.com&amp#27;[0m&amp#27;[32m" as email and input "&amp#27;[0m&amp#27;[32m&amp#27;[1msucimurid&amp#27;[0m&amp#27;[32m" as password&amp#27;[0m &amp#27;[90m# LoginSteps.inputCredential(String,String)&amp#27;[0m
    &amp#27;[32mAnd &amp#27;[0m&amp#27;[32mUser clicked masuk button&amp#27;[0m                                                   &amp#27;[90m# LoginSteps.userClickMasukButton()&amp#27;[0m
]]></system-out>
  </testcase>
  <testcase name="When Student click menu Beranda" classname="| Abcsdsdadsdadsadsdsadasdasdasdasdasdasdasdsdasdasdasdasdasdasdasdasdasdasdasdasdasdssdsdsdsdsd |" time="0">
    <system-out><![CDATA[
  Background:                                                                       &amp#27;[90m# features/CariGuru.feature:4&amp#27;[0m
    &amp#27;[32mGiven &amp#27;[0m&amp#27;[32mUser open the website GuruMu&amp#27;[0m                                              &amp#27;[90m# LoginSteps.userOpenTheWebsiteGuruMu()&amp#27;[0m
    &amp#27;[32mWhen &amp#27;[0m&amp#27;[32mUser click avatar navigation&amp#27;[0m                                               &amp#27;[90m# LoginSteps.userClickAvatarNavigation()&amp#27;[0m
    &amp#27;[32mAnd &amp#27;[0m&amp#27;[32mUser click menu Masuk&amp#27;[0m                                                       &amp#27;[90m# LoginSteps.userClickMenuMasuk()&amp#27;[0m
    &amp#27;[32mAnd &amp#27;[0m&amp#27;[32mUser input "&amp#27;[0m&amp#27;[32m&amp#27;[1msucimurid@gmail.com&amp#27;[0m&amp#27;[32m" as email and input "&amp#27;[0m&amp#27;[32m&amp#27;[1msucimurid&amp#27;[0m&amp#27;[32m" as password&amp#27;[0m &amp#27;[90m# LoginSteps.inputCredential(String,String)&amp#27;[0m
    &amp#27;[32mAnd &amp#27;[0m&amp#27;[32mUser clicked masuk button&amp#27;[0m                                                   &amp#27;[90m# LoginSteps.userClickMasukButton()&amp#27;[0m
]]></system-out>
  </testcase>
  <testcase name="And Student input &quot;Abcsdsdadsdadsadsdsadasdasdasdasdasdasdasdsdasdasdasdasdasdasdasdasdasdasdasdasdasdssdsdsdsdsd&quot; as mata pelajaran" classname="| Abcsdsdadsdadsadsdsadasdasdasdasdasdasdasdsdasdasdasdasdasdasdasdasdasdasdasdasdasdssdsdsdsdsd |" time="0"/>
  <testcase name="Then Mata pelajaran field show alert &quot;Maximal char 250&quot;" classname="| Abcsdsdadsdadsadsdsadasdasdasdasdasdasdasdsdasdasdasdasdasdasdasdasdasdasdasdasdasdssdsdsdsdsd |" time="0.029">
    <error message="no such element: Unable to locate element: {&quot;method&quot;:&quot;css selector&quot;,&quot;selector&quot;:&quot;#input\-pencarianMapel\-alert&quot;}&#10;  (Session info: chrome=110.0.5481.100)&#10;For documentation on this error, please visit: https://selenium.dev/exceptions/#no_such_element&#10;Build info: version: &apos;4.1.2&apos;, revision: &apos;9a5a329c5a&apos;&#10;System info: host: &apos;nsystem-mbp&apos;, ip: &apos;fe80:0:0:0:ce7:beec:a50b:8367%en0&apos;, os.name: &apos;Mac OS X&apos;, os.arch: &apos;x86_64&apos;, os.version: &apos;10.16&apos;, java.version: &apos;1.8.0_201&apos;&#10;Driver info: org.openqa.selenium.chrome.ChromeDriver&#10;Command: [ac129dcacae89e4e8858a02c0b84ebe1, findElement {using=id, value=input-pencarianMapel-alert}]&#10;Capabilities {acceptInsecureCerts: false, browserName: chrome, browserVersion: 110.0.5481.100, chrome: {chromedriverVersion: 110.0.5481.77 (65ed616c6e8e..., userDataDir: /var/folders/00/xzw63_pj58g...}, goog:chromeOptions: {debuggerAddress: localhost:63425}, javascriptEnabled: true, networkConnectionEnabled: false, pageLoadStrategy: normal, platform: MAC, platformName: MAC, proxy: Proxy(), se:cdp: ws://localhost:63425/devtoo..., se:cdpVersion: 110.0.5481.100, setWindowRect: true, strictFileInteractability: false, timeouts: {implicit: 0, pageLoad: 300000, script: 30000}, unhandledPromptBehavior: dismiss and notify, webauthn:extension:credBlob: true, webauthn:extension:largeBlob: true, webauthn:virtualAuthenticators: true}&#10;Session ID: ac129dcacae89e4e8858a02c0b84ebe1" type="org.openqa.selenium.NoSuchElementException"><![CDATA[org.openqa.selenium.NoSuchElementException: 
no such element: Unable to locate element: {"method":"css selector","selector":"#input\-pencarianMapel\-alert"}
  (Session info: chrome=110.0.5481.100)
For documentation on this error, please visit: https://selenium.dev/exceptions/#no_such_element
Build info: version: '4.1.2', revision: '9a5a329c5a'
System info: host: 'nsystem-mbp', ip: 'fe80:0:0:0:ce7:beec:a50b:8367%en0', os.name: 'Mac OS X', os.arch: 'x86_64', os.version: '10.16', java.version: '1.8.0_201'
Driver info: org.openqa.selenium.chrome.ChromeDriver
Command: [ac129dcacae89e4e8858a02c0b84ebe1, findElement {using=id, value=input-pencarianMapel-alert}]
Capabilities {acceptInsecureCerts: false, browserName: chrome, browserVersion: 110.0.5481.100, chrome: {chromedriverVersion: 110.0.5481.77 (65ed616c6e8e..., userDataDir: /var/folders/00/xzw63_pj58g...}, goog:chromeOptions: {debuggerAddress: localhost:63425}, javascriptEnabled: true, networkConnectionEnabled: false, pageLoadStrategy: normal, platform: MAC, platformName: MAC, proxy: Proxy(), se:cdp: ws://localhost:63425/devtoo..., se:cdpVersion: 110.0.5481.100, setWindowRect: true, strictFileInteractability: false, timeouts: {implicit: 0, pageLoad: 300000, script: 30000}, unhandledPromptBehavior: dismiss and notify, webauthn:extension:credBlob: true, webauthn:extension:largeBlob: true, webauthn:virtualAuthenticators: true}
Session ID: ac129dcacae89e4e8858a02c0b84ebe1
]]></error>
  </testcase>
  <testcase name="" classname="| Abcsdsdadsdadsadsdsadasdasdasdasdasdasdasdsdasdasdasdasdasdasdasdasdasdasdasdasdasdssdsdsdsdsd |" time="0.029">
    <error message="no such element: Unable to locate element: {&quot;method&quot;:&quot;css selector&quot;,&quot;selector&quot;:&quot;#input\-pencarianMapel\-alert&quot;}&#10;  (Session info: chrome=110.0.5481.100)&#10;For documentation on this error, please visit: https://selenium.dev/exceptions/#no_such_element&#10;Build info: version: &apos;4.1.2&apos;, revision: &apos;9a5a329c5a&apos;&#10;System info: host: &apos;nsystem-mbp&apos;, ip: &apos;fe80:0:0:0:ce7:beec:a50b:8367%en0&apos;, os.name: &apos;Mac OS X&apos;, os.arch: &apos;x86_64&apos;, os.version: &apos;10.16&apos;, java.version: &apos;1.8.0_201&apos;&#10;Driver info: org.openqa.selenium.chrome.ChromeDriver&#10;Command: [ac129dcacae89e4e8858a02c0b84ebe1, findElement {using=id, value=input-pencarianMapel-alert}]&#10;Capabilities {acceptInsecureCerts: false, browserName: chrome, browserVersion: 110.0.5481.100, chrome: {chromedriverVersion: 110.0.5481.77 (65ed616c6e8e..., userDataDir: /var/folders/00/xzw63_pj58g...}, goog:chromeOptions: {debuggerAddress: localhost:63425}, javascriptEnabled: true, networkConnectionEnabled: false, pageLoadStrategy: normal, platform: MAC, platformName: MAC, proxy: Proxy(), se:cdp: ws://localhost:63425/devtoo..., se:cdpVersion: 110.0.5481.100, setWindowRect: true, strictFileInteractability: false, timeouts: {implicit: 0, pageLoad: 300000, script: 30000}, unhandledPromptBehavior: dismiss and notify, webauthn:extension:credBlob: true, webauthn:extension:largeBlob: true, webauthn:virtualAuthenticators: true}&#10;Session ID: ac129dcacae89e4e8858a02c0b84ebe1" type="org.openqa.selenium.NoSuchElementException"><![CDATA[org.openqa.selenium.NoSuchElementException: 
no such element: Unable to locate element: {"method":"css selector","selector":"#input\-pencarianMapel\-alert"}
  (Session info: chrome=110.0.5481.100)
For documentation on this error, please visit: https://selenium.dev/exceptions/#no_such_element
Build info: version: '4.1.2', revision: '9a5a329c5a'
System info: host: 'nsystem-mbp', ip: 'fe80:0:0:0:ce7:beec:a50b:8367%en0', os.name: 'Mac OS X', os.arch: 'x86_64', os.version: '10.16', java.version: '1.8.0_201'
Driver info: org.openqa.selenium.chrome.ChromeDriver
Command: [ac129dcacae89e4e8858a02c0b84ebe1, findElement {using=id, value=input-pencarianMapel-alert}]
Capabilities {acceptInsecureCerts: false, browserName: chrome, browserVersion: 110.0.5481.100, chrome: {chromedriverVersion: 110.0.5481.77 (65ed616c6e8e..., userDataDir: /var/folders/00/xzw63_pj58g...}, goog:chromeOptions: {debuggerAddress: localhost:63425}, javascriptEnabled: true, networkConnectionEnabled: false, pageLoadStrategy: normal, platform: MAC, platformName: MAC, proxy: Proxy(), se:cdp: ws://localhost:63425/devtoo..., se:cdpVersion: 110.0.5481.100, setWindowRect: true, strictFileInteractability: false, timeouts: {implicit: 0, pageLoad: 300000, script: 30000}, unhandledPromptBehavior: dismiss and notify, webauthn:extension:credBlob: true, webauthn:extension:largeBlob: true, webauthn:virtualAuthenticators: true}
Session ID: ac129dcacae89e4e8858a02c0b84ebe1
]]></error>
  </testcase>
  <testcase name="" classname="| Abcsdsdadsdadsadsdsadasdasdasdasdasdasdasdsdasdasdasdasdasdasdasdasdasdasdasdasdasdssdsdsdsdsd |" time="0.005">
    <error message="no such element: Unable to locate element: {&quot;method&quot;:&quot;css selector&quot;,&quot;selector&quot;:&quot;#input\-pencarianLokasi\-alert&quot;}&#10;  (Session info: chrome=110.0.5481.100)&#10;For documentation on this error, please visit: https://selenium.dev/exceptions/#no_such_element&#10;Build info: version: &apos;4.1.2&apos;, revision: &apos;9a5a329c5a&apos;&#10;System info: host: &apos;nsystem-mbp&apos;, ip: &apos;fe80:0:0:0:ce7:beec:a50b:8367%en0&apos;, os.name: &apos;Mac OS X&apos;, os.arch: &apos;x86_64&apos;, os.version: &apos;10.16&apos;, java.version: &apos;1.8.0_201&apos;&#10;Driver info: org.openqa.selenium.chrome.ChromeDriver&#10;Command: [ad215cc270a08fcade8b0958ef7253ec, findElement {using=id, value=input-pencarianLokasi-alert}]&#10;Capabilities {acceptInsecureCerts: false, browserName: chrome, browserVersion: 110.0.5481.100, chrome: {chromedriverVersion: 110.0.5481.77 (65ed616c6e8e..., userDataDir: /var/folders/00/xzw63_pj58g...}, goog:chromeOptions: {debuggerAddress: localhost:63532}, javascriptEnabled: true, networkConnectionEnabled: false, pageLoadStrategy: normal, platform: MAC, platformName: MAC, proxy: Proxy(), se:cdp: ws://localhost:63532/devtoo..., se:cdpVersion: 110.0.5481.100, setWindowRect: true, strictFileInteractability: false, timeouts: {implicit: 0, pageLoad: 300000, script: 30000}, unhandledPromptBehavior: dismiss and notify, webauthn:extension:credBlob: true, webauthn:extension:largeBlob: true, webauthn:virtualAuthenticators: true}&#10;Session ID: ad215cc270a08fcade8b0958ef7253ec" type="org.openqa.selenium.NoSuchElementException"><![CDATA[org.openqa.selenium.NoSuchElementException: 
no such element: Unable to locate element: {"method":"css selector","selector":"#input\-pencarianLokasi\-alert"}
  (Session info: chrome=110.0.5481.100)
For documentation on this error, please visit: https://selenium.dev/exceptions/#no_such_element
Build info: version: '4.1.2', revision: '9a5a329c5a'
System info: host: 'nsystem-mbp', ip: 'fe80:0:0:0:ce7:beec:a50b:8367%en0', os.name: 'Mac OS X', os.arch: 'x86_64', os.version: '10.16', java.version: '1.8.0_201'
Driver info: org.openqa.selenium.chrome.ChromeDriver
Command: [ad215cc270a08fcade8b0958ef7253ec, findElement {using=id, value=input-pencarianLokasi-alert}]
Capabilities {acceptInsecureCerts: false, browserName: chrome, browserVersion: 110.0.5481.100, chrome: {chromedriverVersion: 110.0.5481.77 (65ed616c6e8e..., userDataDir: /var/folders/00/xzw63_pj58g...}, goog:chromeOptions: {debuggerAddress: localhost:63532}, javascriptEnabled: true, networkConnectionEnabled: false, pageLoadStrategy: normal, platform: MAC, platformName: MAC, proxy: Proxy(), se:cdp: ws://localhost:63532/devtoo..., se:cdpVersion: 110.0.5481.100, setWindowRect: true, strictFileInteractability: false, timeouts: {implicit: 0, pageLoad: 300000, script: 30000}, unhandledPromptBehavior: dismiss and notify, webauthn:extension:credBlob: true, webauthn:extension:largeBlob: true, webauthn:virtualAuthenticators: true}
Session ID: ad215cc270a08fcade8b0958ef7253ec
]]></error>
  </testcase>
  <testcase name="And Student input &quot;Abcsdsdadsdadsadsdsadasdasdasdasdasdasdasdsdasdasdasdasdasdasdasdasdasdasdasdasdasdssdsdsdsdsd&quot; as lokasi" classname="| Abcsdsdadsdadsadsdsadasdasdasdasdasdasdasdsdasdasdasdasdasdasdasdasdasdasdasdasdasdssdsdsdsdsd |" time="0"/>
  <testcase name="Then Lokasi field show alert &quot;Maximal char 250&quot;" classname="| Abcsdsdadsdadsadsdsadasdasdasdasdasdasdasdsdasdasdasdasdasdasdasdasdasdasdasdasdasdssdsdsdsdsd |" time="0.003">
    <error message="no such element: Unable to locate element: {&quot;method&quot;:&quot;css selector&quot;,&quot;selector&quot;:&quot;#input\-pencarianLokasi\-alert&quot;}&#10;  (Session info: chrome=110.0.5481.100)&#10;For documentation on this error, please visit: https://selenium.dev/exceptions/#no_such_element&#10;Build info: version: &apos;4.1.2&apos;, revision: &apos;9a5a329c5a&apos;&#10;System info: host: &apos;nsystem-mbp&apos;, ip: &apos;fe80:0:0:0:ce7:beec:a50b:8367%en0&apos;, os.name: &apos;Mac OS X&apos;, os.arch: &apos;x86_64&apos;, os.version: &apos;10.16&apos;, java.version: &apos;1.8.0_201&apos;&#10;Driver info: org.openqa.selenium.chrome.ChromeDriver&#10;Command: [ad215cc270a08fcade8b0958ef7253ec, findElement {using=id, value=input-pencarianLokasi-alert}]&#10;Capabilities {acceptInsecureCerts: false, browserName: chrome, browserVersion: 110.0.5481.100, chrome: {chromedriverVersion: 110.0.5481.77 (65ed616c6e8e..., userDataDir: /var/folders/00/xzw63_pj58g...}, goog:chromeOptions: {debuggerAddress: localhost:63532}, javascriptEnabled: true, networkConnectionEnabled: false, pageLoadStrategy: normal, platform: MAC, platformName: MAC, proxy: Proxy(), se:cdp: ws://localhost:63532/devtoo..., se:cdpVersion: 110.0.5481.100, setWindowRect: true, strictFileInteractability: false, timeouts: {implicit: 0, pageLoad: 300000, script: 30000}, unhandledPromptBehavior: dismiss and notify, webauthn:extension:credBlob: true, webauthn:extension:largeBlob: true, webauthn:virtualAuthenticators: true}&#10;Session ID: ad215cc270a08fcade8b0958ef7253ec" type="org.openqa.selenium.NoSuchElementException"><![CDATA[org.openqa.selenium.NoSuchElementException: 
no such element: Unable to locate element: {"method":"css selector","selector":"#input\-pencarianLokasi\-alert"}
  (Session info: chrome=110.0.5481.100)
For documentation on this error, please visit: https://selenium.dev/exceptions/#no_such_element
Build info: version: '4.1.2', revision: '9a5a329c5a'
System info: host: 'nsystem-mbp', ip: 'fe80:0:0:0:ce7:beec:a50b:8367%en0', os.name: 'Mac OS X', os.arch: 'x86_64', os.version: '10.16', java.version: '1.8.0_201'
Driver info: org.openqa.selenium.chrome.ChromeDriver
Command: [ad215cc270a08fcade8b0958ef7253ec, findElement {using=id, value=input-pencarianLokasi-alert}]
Capabilities {acceptInsecureCerts: false, browserName: chrome, browserVersion: 110.0.5481.100, chrome: {chromedriverVersion: 110.0.5481.77 (65ed616c6e8e..., userDataDir: /var/folders/00/xzw63_pj58g...}, goog:chromeOptions: {debuggerAddress: localhost:63532}, javascriptEnabled: true, networkConnectionEnabled: false, pageLoadStrategy: normal, platform: MAC, platformName: MAC, proxy: Proxy(), se:cdp: ws://localhost:63532/devtoo..., se:cdpVersion: 110.0.5481.100, setWindowRect: true, strictFileInteractability: false, timeouts: {implicit: 0, pageLoad: 300000, script: 30000}, unhandledPromptBehavior: dismiss and notify, webauthn:extension:credBlob: true, webauthn:extension:largeBlob: true, webauthn:virtualAuthenticators: true}
Session ID: ad215cc270a08fcade8b0958ef7253ec
]]></error>
  </testcase>
  <testcase name="Given User open the website GuruMu" classname="Scenario: Verify &apos;lokasi&apos; field is enabled" time="0">
    <system-out><![CDATA[
  @CariGuru @Test
  Scenario Outline: Input alphabet with more than maximum allowed length on 'mata pelajaran' field                                       &amp#27;[90m# features/CariGuru.feature:66&amp#27;[0m
    &amp#27;[32mWhen &amp#27;[0m&amp#27;[32mStudent click menu Beranda&amp#27;[0m                                                                                                      &amp#27;[90m# CariGuruSteps.studentClickMenuBeranda()&amp#27;[0m
    &amp#27;[32mAnd &amp#27;[0m&amp#27;[32mStudent input "&amp#27;[0m&amp#27;[32m&amp#27;[1mAbcsdsdadsdadsadsdsadasdasdasdasdasdasdasdsdasdasdasdasdasdasdasdasdasdasdasdasdasdssdsdsdsdsd&amp#27;[0m&amp#27;[32m" as mata pelajaran&amp#27;[0m &amp#27;[90m# CariGuruSteps.studentInputAsMataPelajaran(String)&amp#27;[0m
    &amp#27;[31mThen &amp#27;[0m&amp#27;[31mMata pelajaran field show alert "&amp#27;[0m&amp#27;[31m&amp#27;[1mMaximal char 250&amp#27;[0m&amp#27;[31m"&amp#27;[0m                                                                              &amp#27;[90m# CariGuruSteps.mataPelajaranFieldShowAlert(String)&amp#27;[0m
      &amp#27;[31morg.openqa.selenium.NoSuchElementException: no such element: Unable to locate element: {"method":"css selector","selector":"#input\-pencarianMapel\-alert"}
        (Session info: chrome=110.0.5481.100)
      For documentation on this error, please visit: https://selenium.dev/exceptions/#no_such_element
      Build info: version: '4.1.2', revision: '9a5a329c5a'
      System info: host: 'nsystem-mbp', ip: 'fe80:0:0:0:ce7:beec:a50b:8367%en0', os.name: 'Mac OS X', os.arch: 'x86_64', os.version: '10.16', java.version: '1.8.0_201'
      Driver info: org.openqa.selenium.chrome.ChromeDriver
      Command: [ac129dcacae89e4e8858a02c0b84ebe1, findElement {using=id, value=input-pencarianMapel-alert}]
      Capabilities {acceptInsecureCerts: false, browserName: chrome, browserVersion: 110.0.5481.100, chrome: {chromedriverVersion: 110.0.5481.77 (65ed616c6e8e..., userDataDir: /var/folders/00/xzw63_pj58g...}, goog:chromeOptions: {debuggerAddress: localhost:63425}, javascriptEnabled: true, networkConnectionEnabled: false, pageLoadStrategy: normal, platform: MAC, platformName: MAC, proxy: Proxy(), se:cdp: ws://localhost:63425/devtoo..., se:cdpVersion: 110.0.5481.100, setWindowRect: true, strictFileInteractability: false, timeouts: {implicit: 0, pageLoad: 300000, script: 30000}, unhandledPromptBehavior: dismiss and notify, webauthn:extension:credBlob: true, webauthn:extension:largeBlob: true, webauthn:virtualAuthenticators: true}
      Session ID: ac129dcacae89e4e8858a02c0b84ebe1
      	at sun.reflect.NativeConstructorAccessorImpl.newInstance0(Native Method)
      	at sun.reflect.NativeConstructorAccessorImpl.newInstance(NativeConstructorAccessorImpl.java:62)
      	at sun.reflect.DelegatingConstructorAccessorImpl.newInstance(DelegatingConstructorAccessorImpl.java:45)
      	at java.lang.reflect.Constructor.newInstance(Constructor.java:423)
      	at org.openqa.selenium.remote.codec.w3c.W3CHttpResponseCodec.createException(W3CHttpResponseCodec.java:200)
      	at org.openqa.selenium.remote.codec.w3c.W3CHttpResponseCodec.decode(W3CHttpResponseCodec.java:133)
      	at org.openqa.selenium.remote.codec.w3c.W3CHttpResponseCodec.decode(W3CHttpResponseCodec.java:53)
      	at org.openqa.selenium.remote.HttpCommandExecutor.execute(HttpCommandExecutor.java:184)
      	at org.openqa.selenium.remote.service.DriverCommandExecutor.invokeExecute(DriverCommandExecutor.java:167)
      	at org.openqa.selenium.remote.service.DriverCommandExecutor.execute(DriverCommandExecutor.java:142)
      	at org.openqa.selenium.remote.RemoteWebDriver.execute(RemoteWebDriver.java:558)
      	at org.openqa.selenium.remote.ElementLocation$ElementFinder$2.findElement(ElementLocation.java:162)
      	at org.openqa.selenium.remote.ElementLocation.findElement(ElementLocation.java:60)
      	at org.openqa.selenium.remote.RemoteWebDriver.findElement(RemoteWebDriver.java:382)
      	at org.openqa.selenium.remote.RemoteWebDriver.findElement(RemoteWebDriver.java:374)
      	at org.openqa.selenium.support.pagefactory.DefaultElementLocator.findElement(DefaultElementLocator.java:70)
      	at org.openqa.selenium.support.pagefactory.internal.LocatingElementHandler.invoke(LocatingElementHandler.java:39)
      	at com.sun.proxy.$Proxy21.getText(Unknown Source)
      	at org.example.pageObject.BerandaPage.getErrorInputMataPelajaran(BerandaPage.java:85)
      	at step_definitions.CariGuruSteps.mataPelajaranFieldShowAlert(CariGuruSteps.java:108)
      	at ✽.Then Mata pelajaran field show alert "Maximal char 250"(features/CariGuru.feature:63)
      &amp#27;[0m
]]></system-out>
    <system-err><![CDATA[Starting ChromeDriver 110.0.5481.77 (65ed616c6e8ee3fe0ad64fe83796c020644d42af-refs/branch-heads/5481@{#839}) on port 49809
Only local connections are allowed.
Please see https://chromedriver.chromium.org/security-considerations for suggestions on keeping ChromeDriver safe.
ChromeDriver was started successfully.
[1676549388.495][WARNING]: virtual void DevToolsClientImpl::AddListener(DevToolsEventListener *) subscribing a listener to the already connected DevToolsClient. Connection notification will not arrive.
Feb 16, 2023 7:09:48 PM org.openqa.selenium.remote.ProtocolHandshake createSession
INFO: Detected dialect: W3C
Feb 16, 2023 7:09:48 PM org.openqa.selenium.devtools.CdpVersionFinder findNearestMatch
WARNING: Unable to find an exact match for CDP version 110, so returning the closest version found: a no-op implementation
Feb 16, 2023 7:09:48 PM org.openqa.selenium.devtools.CdpVersionFinder findNearestMatch
INFO: Unable to find CDP implementation matching 110.
Feb 16, 2023 7:09:48 PM org.openqa.selenium.chromium.ChromiumDriver lambda$new$3
WARNING: Unable to find version of CDP to use for . You may need to include a dependency on a specific version of the CDP using something similar to `org.seleniumhq.selenium:selenium-devtools-v86:4.1.2` where the version ("v86") matches the version of the chromium-based browser you're using and the version number of the artifact is the same as Selenium's.
]]></system-err>
  </testcase>
  <testcase name="When User click avatar navigation" classname="Scenario: Verify &apos;lokasi&apos; field is enabled" time="0"/>
  <testcase name="And User click menu Masuk" classname="Scenario: Verify &apos;lokasi&apos; field is enabled" time="0"/>
  <testcase name="And User input &quot;sucimurid@gmail.com&quot; as email and input &quot;sucimurid&quot; as password" classname="Scenario: Verify &apos;lokasi&apos; field is enabled" time="0"/>
  <testcase name="And User clicked masuk button" classname="Scenario: Verify &apos;lokasi&apos; field is enabled" time="0"/>
  <testcase name="When Student click menu Beranda" classname="Scenario: Verify &apos;lokasi&apos; field is enabled" time="0">
    <system-out><![CDATA[
  Background:                                                                       &amp#27;[90m# features/CariGuru.feature:4&amp#27;[0m
    &amp#27;[32mGiven &amp#27;[0m&amp#27;[32mUser open the website GuruMu&amp#27;[0m                                              &amp#27;[90m# LoginSteps.userOpenTheWebsiteGuruMu()&amp#27;[0m
    &amp#27;[32mWhen &amp#27;[0m&amp#27;[32mUser click avatar navigation&amp#27;[0m                                               &amp#27;[90m# LoginSteps.userClickAvatarNavigation()&amp#27;[0m
    &amp#27;[32mAnd &amp#27;[0m&amp#27;[32mUser click menu Masuk&amp#27;[0m                                                       &amp#27;[90m# LoginSteps.userClickMenuMasuk()&amp#27;[0m
    &amp#27;[32mAnd &amp#27;[0m&amp#27;[32mUser input "&amp#27;[0m&amp#27;[32m&amp#27;[1msucimurid@gmail.com&amp#27;[0m&amp#27;[32m" as email and input "&amp#27;[0m&amp#27;[32m&amp#27;[1msucimurid&amp#27;[0m&amp#27;[32m" as password&amp#27;[0m &amp#27;[90m# LoginSteps.inputCredential(String,String)&amp#27;[0m
    &amp#27;[32mAnd &amp#27;[0m&amp#27;[32mUser clicked masuk button&amp#27;[0m                                                   &amp#27;[90m# LoginSteps.userClickMasukButton()&amp#27;[0m
]]></system-out>
  </testcase>
  <testcase name="And Student click lokasi field" classname="Scenario: Verify &apos;lokasi&apos; field is enabled" time="0"/>
  <testcase name="Then Lokasi field is enabled" classname="Scenario: Verify &apos;lokasi&apos; field is enabled" time="0"/>
  <testcase name="" classname="Scenario: Verify &apos;lokasi&apos; field is enabled" time="0.114"/>
  <testcase name="Given User open the website GuruMu" classname="| jakarta |" time="0">
    <system-out><![CDATA[
  @CariGuru @Test
  Scenario Outline: Input number in 'lokasi' field &amp#27;[90m# features/CariGuru.feature:87&amp#27;[0m
    &amp#27;[32mWhen &amp#27;[0m&amp#27;[32mStudent click menu Beranda&amp#27;[0m                &amp#27;[90m# CariGuruSteps.studentClickMenuBeranda()&amp#27;[0m
    &amp#27;[32mAnd &amp#27;[0m&amp#27;[32mStudent input "&amp#27;[0m&amp#27;[32m&amp#27;[1m1&amp#27;[0m&amp#27;[32m" as lokasi&amp#27;[0m                &amp#27;[90m# CariGuruSteps.studentInputAsLokasi(String)&amp#27;[0m
    &amp#27;[32mThen &amp#27;[0m&amp#27;[32mLokasi field value is "&amp#27;[0m&amp#27;[32m&amp#27;[1m1&amp#27;[0m&amp#27;[32m"&amp#27;[0m                 &amp#27;[90m# CariGuruSteps.lokasiFieldValueIs(String)&amp#27;[0m

  Scenario Outline: Input alphabet in 'lokasi' field &amp#27;[90m# features/CariGuru.feature:89&amp#27;[0m
    &amp#27;[36mWhen &amp#27;[0m&amp#27;[36mStudent click menu Beranda&amp#27;[0m
    &amp#27;[36mAnd &amp#27;[0m&amp#27;[36mStudent input "<lokasi>" as lokasi&amp#27;[0m
    &amp#27;[36mThen &amp#27;[0m&amp#27;[36mLokasi field value is "<lokasi>"&amp#27;[0m

    Examples: 
]]></system-out>
    <system-err><![CDATA[Starting ChromeDriver 110.0.5481.77 (65ed616c6e8ee3fe0ad64fe83796c020644d42af-refs/branch-heads/5481@{#839}) on port 50730
Only local connections are allowed.
Please see https://chromedriver.chromium.org/security-considerations for suggestions on keeping ChromeDriver safe.
ChromeDriver was started successfully.
[1676549458.147][WARNING]: virtual void DevToolsClientImpl::AddListener(DevToolsEventListener *) subscribing a listener to the already connected DevToolsClient. Connection notification will not arrive.
Feb 16, 2023 7:10:58 PM org.openqa.selenium.remote.ProtocolHandshake createSession
INFO: Detected dialect: W3C
Feb 16, 2023 7:10:58 PM org.openqa.selenium.devtools.CdpVersionFinder findNearestMatch
WARNING: Unable to find an exact match for CDP version 110, so returning the closest version found: a no-op implementation
Feb 16, 2023 7:10:58 PM org.openqa.selenium.devtools.CdpVersionFinder findNearestMatch
INFO: Unable to find CDP implementation matching 110.
Feb 16, 2023 7:10:58 PM org.openqa.selenium.chromium.ChromiumDriver lambda$new$3
WARNING: Unable to find version of CDP to use for . You may need to include a dependency on a specific version of the CDP using something similar to `org.seleniumhq.selenium:selenium-devtools-v86:4.1.2` where the version ("v86") matches the version of the chromium-based browser you're using and the version number of the artifact is the same as Selenium's.
]]></system-err>
  </testcase>
  <testcase name="Given User open the website GuruMu" classname="| jakarta |" time="0.001">
    <system-out><![CDATA[
  @CariGuru @Test
  Scenario Outline: Students search for teachers by input number in mata pelajaran field &amp#27;[90m# features/CariGuru.feature:127&amp#27;[0m
    &amp#27;[32mWhen &amp#27;[0m&amp#27;[32mStudent click menu Beranda&amp#27;[0m                                                      &amp#27;[90m# CariGuruSteps.studentClickMenuBeranda()&amp#27;[0m
    &amp#27;[32mAnd &amp#27;[0m&amp#27;[32mStudent input "&amp#27;[0m&amp#27;[32m&amp#27;[1m123&amp#27;[0m&amp#27;[32m" as mata pelajaran&amp#27;[0m                                            &amp#27;[90m# CariGuruSteps.studentInputAsMataPelajaran(String)&amp#27;[0m
    &amp#27;[31mThen &amp#27;[0m&amp#27;[31mShouldn't show teacher list&amp#27;[0m                                                     &amp#27;[90m# CariGuruSteps.shouldnTShowTeacherList()&amp#27;[0m
      &amp#27;[31mjava.lang.AssertionError
      	at org.junit.Assert.fail(Assert.java:86)
      	at org.junit.Assert.assertTrue(Assert.java:41)
      	at org.junit.Assert.assertTrue(Assert.java:52)
      	at step_definitions.CariGuruSteps.shouldnTShowTeacherList(CariGuruSteps.java:42)
      	at ✽.Then Shouldn't show teacher list(features/CariGuru.feature:123)
      &amp#27;[0m

  Scenario Outline: Students search for teachers by input valid lokasi field &amp#27;[90m# features/CariGuru.feature:129&amp#27;[0m
    &amp#27;[36mWhen &amp#27;[0m&amp#27;[36mStudent click menu Beranda&amp#27;[0m
    &amp#27;[36mAnd &amp#27;[0m&amp#27;[36mStudent input "<lokasi>" as lokasi&amp#27;[0m
    &amp#27;[36mThen &amp#27;[0m&amp#27;[36mShould show teacher list&amp#27;[0m
    &amp#27;[36mAnd &amp#27;[0m&amp#27;[36mVerify teacher lokasi "<lokasi>"&amp#27;[0m

    Examples: 
]]></system-out>
    <system-err><![CDATA[Starting ChromeDriver 110.0.5481.77 (65ed616c6e8ee3fe0ad64fe83796c020644d42af-refs/branch-heads/5481@{#839}) on port 58093
Only local connections are allowed.
Please see https://chromedriver.chromium.org/security-considerations for suggestions on keeping ChromeDriver safe.
ChromeDriver was started successfully.
[1676549623.460][WARNING]: virtual void DevToolsClientImpl::AddListener(DevToolsEventListener *) subscribing a listener to the already connected DevToolsClient. Connection notification will not arrive.
Feb 16, 2023 7:13:43 PM org.openqa.selenium.remote.ProtocolHandshake createSession
INFO: Detected dialect: W3C
Feb 16, 2023 7:13:43 PM org.openqa.selenium.devtools.CdpVersionFinder findNearestMatch
WARNING: Unable to find an exact match for CDP version 110, so returning the closest version found: a no-op implementation
Feb 16, 2023 7:13:43 PM org.openqa.selenium.devtools.CdpVersionFinder findNearestMatch
INFO: Unable to find CDP implementation matching 110.
Feb 16, 2023 7:13:43 PM org.openqa.selenium.chromium.ChromiumDriver lambda$new$3
WARNING: Unable to find version of CDP to use for . You may need to include a dependency on a specific version of the CDP using something similar to `org.seleniumhq.selenium:selenium-devtools-v86:4.1.2` where the version ("v86") matches the version of the chromium-based browser you're using and the version number of the artifact is the same as Selenium's.
]]></system-err>
  </testcase>
  <testcase name="When User click avatar navigation" classname="| jakarta |" time="0"/>
  <testcase name="When User click avatar navigation" classname="| jakarta |" time="0"/>
  <testcase name="And User click menu Masuk" classname="| jakarta |" time="0"/>
  <testcase name="And User click menu Masuk" classname="| jakarta |" time="0"/>
  <testcase name="And User input &quot;sucimurid@gmail.com&quot; as email and input &quot;sucimurid&quot; as password" classname="| jakarta |" time="0"/>
  <testcase name="And User input &quot;sucimurid@gmail.com&quot; as email and input &quot;sucimurid&quot; as password" classname="| jakarta |" time="0.001"/>
  <testcase name="And User clicked masuk button" classname="| jakarta |" time="0"/>
  <testcase name="And User clicked masuk button" classname="| jakarta |" time="0"/>
  <testcase name="When Student click menu Beranda" classname="| jakarta |" time="0">
    <system-out><![CDATA[
  Background:                                                                       &amp#27;[90m# features/CariGuru.feature:4&amp#27;[0m
    &amp#27;[32mGiven &amp#27;[0m&amp#27;[32mUser open the website GuruMu&amp#27;[0m                                              &amp#27;[90m# LoginSteps.userOpenTheWebsiteGuruMu()&amp#27;[0m
    &amp#27;[32mWhen &amp#27;[0m&amp#27;[32mUser click avatar navigation&amp#27;[0m                                               &amp#27;[90m# LoginSteps.userClickAvatarNavigation()&amp#27;[0m
    &amp#27;[32mAnd &amp#27;[0m&amp#27;[32mUser click menu Masuk&amp#27;[0m                                                       &amp#27;[90m# LoginSteps.userClickMenuMasuk()&amp#27;[0m
    &amp#27;[32mAnd &amp#27;[0m&amp#27;[32mUser input "&amp#27;[0m&amp#27;[32m&amp#27;[1msucimurid@gmail.com&amp#27;[0m&amp#27;[32m" as email and input "&amp#27;[0m&amp#27;[32m&amp#27;[1msucimurid&amp#27;[0m&amp#27;[32m" as password&amp#27;[0m &amp#27;[90m# LoginSteps.inputCredential(String,String)&amp#27;[0m
    &amp#27;[32mAnd &amp#27;[0m&amp#27;[32mUser clicked masuk button&amp#27;[0m                                                   &amp#27;[90m# LoginSteps.userClickMasukButton()&amp#27;[0m
]]></system-out>
  </testcase>
  <testcase name="When Student click menu Beranda" classname="| jakarta |" time="0">
    <system-out><![CDATA[
  Background:                                                                       &amp#27;[90m# features/CariGuru.feature:4&amp#27;[0m
    &amp#27;[32mGiven &amp#27;[0m&amp#27;[32mUser open the website GuruMu&amp#27;[0m                                              &amp#27;[90m# LoginSteps.userOpenTheWebsiteGuruMu()&amp#27;[0m
    &amp#27;[32mWhen &amp#27;[0m&amp#27;[32mUser click avatar navigation&amp#27;[0m                                               &amp#27;[90m# LoginSteps.userClickAvatarNavigation()&amp#27;[0m
    &amp#27;[32mAnd &amp#27;[0m&amp#27;[32mUser click menu Masuk&amp#27;[0m                                                       &amp#27;[90m# LoginSteps.userClickMenuMasuk()&amp#27;[0m
    &amp#27;[32mAnd &amp#27;[0m&amp#27;[32mUser input "&amp#27;[0m&amp#27;[32m&amp#27;[1msucimurid@gmail.com&amp#27;[0m&amp#27;[32m" as email and input "&amp#27;[0m&amp#27;[32m&amp#27;[1msucimurid&amp#27;[0m&amp#27;[32m" as password&amp#27;[0m &amp#27;[90m# LoginSteps.inputCredential(String,String)&amp#27;[0m
    &amp#27;[32mAnd &amp#27;[0m&amp#27;[32mUser clicked masuk button&amp#27;[0m                                                   &amp#27;[90m# LoginSteps.userClickMasukButton()&amp#27;[0m
]]></system-out>
  </testcase>
  <testcase name="And Student input &quot;jakarta&quot; as lokasi" classname="| jakarta |" time="0"/>
  <testcase name="And Student input &quot;jakarta&quot; as lokasi" classname="| jakarta |" time="0"/>
  <testcase name="Then Lokasi field value is &quot;jakarta&quot;" classname="| jakarta |" time="0"/>
  <testcase name="" classname="| jakarta |" time="0.142"/>
  <testcase name="" classname="| jakarta |" time="0.007">
    <error message="no such element: Unable to locate element: {&quot;method&quot;:&quot;xpath&quot;,&quot;selector&quot;:&quot;//p[.=&apos;jakarta&apos;]&quot;}&#10;  (Session info: chrome=110.0.5481.100)&#10;For documentation on this error, please visit: https://selenium.dev/exceptions/#no_such_element&#10;Build info: version: &apos;4.1.2&apos;, revision: &apos;9a5a329c5a&apos;&#10;System info: host: &apos;nsystem-mbp&apos;, ip: &apos;fe80:0:0:0:ce7:beec:a50b:8367%en0&apos;, os.name: &apos;Mac OS X&apos;, os.arch: &apos;x86_64&apos;, os.version: &apos;10.16&apos;, java.version: &apos;1.8.0_201&apos;&#10;Driver info: org.openqa.selenium.chrome.ChromeDriver&#10;Command: [53e01fcea6001403c9a86d042888260c, findChildElement {id=f45e0cf8-4c6f-43d2-9e79-b556a77e0e4d, using=xpath, value=//p[.=&apos;jakarta&apos;]}]&#10;Capabilities {acceptInsecureCerts: false, browserName: chrome, browserVersion: 110.0.5481.100, chrome: {chromedriverVersion: 110.0.5481.77 (65ed616c6e8e..., userDataDir: /var/folders/00/xzw63_pj58g...}, goog:chromeOptions: {debuggerAddress: localhost:63660}, javascriptEnabled: true, networkConnectionEnabled: false, pageLoadStrategy: normal, platform: MAC, platformName: MAC, proxy: Proxy(), se:cdp: ws://localhost:63660/devtoo..., se:cdpVersion: 110.0.5481.100, setWindowRect: true, strictFileInteractability: false, timeouts: {implicit: 0, pageLoad: 300000, script: 30000}, unhandledPromptBehavior: dismiss and notify, webauthn:extension:credBlob: true, webauthn:extension:largeBlob: true, webauthn:virtualAuthenticators: true}&#10;Session ID: 53e01fcea6001403c9a86d042888260c" type="org.openqa.selenium.NoSuchElementException"><![CDATA[org.openqa.selenium.NoSuchElementException: 
no such element: Unable to locate element: {"method":"xpath","selector":"//p[.='jakarta']"}
  (Session info: chrome=110.0.5481.100)
For documentation on this error, please visit: https://selenium.dev/exceptions/#no_such_element
Build info: version: '4.1.2', revision: '9a5a329c5a'
System info: host: 'nsystem-mbp', ip: 'fe80:0:0:0:ce7:beec:a50b:8367%en0', os.name: 'Mac OS X', os.arch: 'x86_64', os.version: '10.16', java.version: '1.8.0_201'
Driver info: org.openqa.selenium.chrome.ChromeDriver
Command: [53e01fcea6001403c9a86d042888260c, findChildElement {id=f45e0cf8-4c6f-43d2-9e79-b556a77e0e4d, using=xpath, value=//p[.='jakarta']}]
Capabilities {acceptInsecureCerts: false, browserName: chrome, browserVersion: 110.0.5481.100, chrome: {chromedriverVersion: 110.0.5481.77 (65ed616c6e8e..., userDataDir: /var/folders/00/xzw63_pj58g...}, goog:chromeOptions: {debuggerAddress: localhost:63660}, javascriptEnabled: true, networkConnectionEnabled: false, pageLoadStrategy: normal, platform: MAC, platformName: MAC, proxy: Proxy(), se:cdp: ws://localhost:63660/devtoo..., se:cdpVersion: 110.0.5481.100, setWindowRect: true, strictFileInteractability: false, timeouts: {implicit: 0, pageLoad: 300000, script: 30000}, unhandledPromptBehavior: dismiss and notify, webauthn:extension:credBlob: true, webauthn:extension:largeBlob: true, webauthn:virtualAuthenticators: true}
Session ID: 53e01fcea6001403c9a86d042888260c
]]></error>
  </testcase>
  <testcase name="Then Should show teacher list" classname="| jakarta |" time="0"/>
  <testcase name="And Verify teacher lokasi &quot;jakarta&quot;" classname="| jakarta |" time="0.007">
    <error message="no such element: Unable to locate element: {&quot;method&quot;:&quot;xpath&quot;,&quot;selector&quot;:&quot;//p[.=&apos;jakarta&apos;]&quot;}&#10;  (Session info: chrome=110.0.5481.100)&#10;For documentation on this error, please visit: https://selenium.dev/exceptions/#no_such_element&#10;Build info: version: &apos;4.1.2&apos;, revision: &apos;9a5a329c5a&apos;&#10;System info: host: &apos;nsystem-mbp&apos;, ip: &apos;fe80:0:0:0:ce7:beec:a50b:8367%en0&apos;, os.name: &apos;Mac OS X&apos;, os.arch: &apos;x86_64&apos;, os.version: &apos;10.16&apos;, java.version: &apos;1.8.0_201&apos;&#10;Driver info: org.openqa.selenium.chrome.ChromeDriver&#10;Command: [53e01fcea6001403c9a86d042888260c, findChildElement {id=f45e0cf8-4c6f-43d2-9e79-b556a77e0e4d, using=xpath, value=//p[.=&apos;jakarta&apos;]}]&#10;Capabilities {acceptInsecureCerts: false, browserName: chrome, browserVersion: 110.0.5481.100, chrome: {chromedriverVersion: 110.0.5481.77 (65ed616c6e8e..., userDataDir: /var/folders/00/xzw63_pj58g...}, goog:chromeOptions: {debuggerAddress: localhost:63660}, javascriptEnabled: true, networkConnectionEnabled: false, pageLoadStrategy: normal, platform: MAC, platformName: MAC, proxy: Proxy(), se:cdp: ws://localhost:63660/devtoo..., se:cdpVersion: 110.0.5481.100, setWindowRect: true, strictFileInteractability: false, timeouts: {implicit: 0, pageLoad: 300000, script: 30000}, unhandledPromptBehavior: dismiss and notify, webauthn:extension:credBlob: true, webauthn:extension:largeBlob: true, webauthn:virtualAuthenticators: true}&#10;Session ID: 53e01fcea6001403c9a86d042888260c" type="org.openqa.selenium.NoSuchElementException"><![CDATA[org.openqa.selenium.NoSuchElementException: 
no such element: Unable to locate element: {"method":"xpath","selector":"//p[.='jakarta']"}
  (Session info: chrome=110.0.5481.100)
For documentation on this error, please visit: https://selenium.dev/exceptions/#no_such_element
Build info: version: '4.1.2', revision: '9a5a329c5a'
System info: host: 'nsystem-mbp', ip: 'fe80:0:0:0:ce7:beec:a50b:8367%en0', os.name: 'Mac OS X', os.arch: 'x86_64', os.version: '10.16', java.version: '1.8.0_201'
Driver info: org.openqa.selenium.chrome.ChromeDriver
Command: [53e01fcea6001403c9a86d042888260c, findChildElement {id=f45e0cf8-4c6f-43d2-9e79-b556a77e0e4d, using=xpath, value=//p[.='jakarta']}]
Capabilities {acceptInsecureCerts: false, browserName: chrome, browserVersion: 110.0.5481.100, chrome: {chromedriverVersion: 110.0.5481.77 (65ed616c6e8e..., userDataDir: /var/folders/00/xzw63_pj58g...}, goog:chromeOptions: {debuggerAddress: localhost:63660}, javascriptEnabled: true, networkConnectionEnabled: false, pageLoadStrategy: normal, platform: MAC, platformName: MAC, proxy: Proxy(), se:cdp: ws://localhost:63660/devtoo..., se:cdpVersion: 110.0.5481.100, setWindowRect: true, strictFileInteractability: false, timeouts: {implicit: 0, pageLoad: 300000, script: 30000}, unhandledPromptBehavior: dismiss and notify, webauthn:extension:credBlob: true, webauthn:extension:largeBlob: true, webauthn:virtualAuthenticators: true}
Session ID: 53e01fcea6001403c9a86d042888260c
]]></error>
  </testcase>
  <testcase name="Given User open the website GuruMu" classname="Scenario: Student search for teachers by input valid mata pelajaran field" time="0">
    <system-out><![CDATA[
  @CariGuru @Test
  Scenario Outline: Input alphabet with more than maximum allowed length on 'lokasi' field                                       &amp#27;[90m# features/CariGuru.feature:103&amp#27;[0m
    &amp#27;[32mWhen &amp#27;[0m&amp#27;[32mStudent click menu Beranda&amp#27;[0m                                                                                              &amp#27;[90m# CariGuruSteps.studentClickMenuBeranda()&amp#27;[0m
    &amp#27;[32mAnd &amp#27;[0m&amp#27;[32mStudent input "&amp#27;[0m&amp#27;[32m&amp#27;[1mAbcsdsdadsdadsadsdsadasdasdasdasdasdasdasdsdasdasdasdasdasdasdasdasdasdasdasdasdasdssdsdsdsdsd&amp#27;[0m&amp#27;[32m" as lokasi&amp#27;[0m &amp#27;[90m# CariGuruSteps.studentInputAsLokasi(String)&amp#27;[0m
    &amp#27;[31mThen &amp#27;[0m&amp#27;[31mLokasi field show alert "&amp#27;[0m&amp#27;[31m&amp#27;[1mMaximal char 250&amp#27;[0m&amp#27;[31m"&amp#27;[0m                                                                              &amp#27;[90m# CariGuruSteps.lokasiFieldShowAlert(String)&amp#27;[0m
      &amp#27;[31morg.openqa.selenium.NoSuchElementException: no such element: Unable to locate element: {"method":"css selector","selector":"#input\-pencarianLokasi\-alert"}
        (Session info: chrome=110.0.5481.100)
      For documentation on this error, please visit: https://selenium.dev/exceptions/#no_such_element
      Build info: version: '4.1.2', revision: '9a5a329c5a'
      System info: host: 'nsystem-mbp', ip: 'fe80:0:0:0:ce7:beec:a50b:8367%en0', os.name: 'Mac OS X', os.arch: 'x86_64', os.version: '10.16', java.version: '1.8.0_201'
      Driver info: org.openqa.selenium.chrome.ChromeDriver
      Command: [ad215cc270a08fcade8b0958ef7253ec, findElement {using=id, value=input-pencarianLokasi-alert}]
      Capabilities {acceptInsecureCerts: false, browserName: chrome, browserVersion: 110.0.5481.100, chrome: {chromedriverVersion: 110.0.5481.77 (65ed616c6e8e..., userDataDir: /var/folders/00/xzw63_pj58g...}, goog:chromeOptions: {debuggerAddress: localhost:63532}, javascriptEnabled: true, networkConnectionEnabled: false, pageLoadStrategy: normal, platform: MAC, platformName: MAC, proxy: Proxy(), se:cdp: ws://localhost:63532/devtoo..., se:cdpVersion: 110.0.5481.100, setWindowRect: true, strictFileInteractability: false, timeouts: {implicit: 0, pageLoad: 300000, script: 30000}, unhandledPromptBehavior: dismiss and notify, webauthn:extension:credBlob: true, webauthn:extension:largeBlob: true, webauthn:virtualAuthenticators: true}
      Session ID: ad215cc270a08fcade8b0958ef7253ec
      	at sun.reflect.NativeConstructorAccessorImpl.newInstance0(Native Method)
      	at sun.reflect.NativeConstructorAccessorImpl.newInstance(NativeConstructorAccessorImpl.java:62)
      	at sun.reflect.DelegatingConstructorAccessorImpl.newInstance(DelegatingConstructorAccessorImpl.java:45)
      	at java.lang.reflect.Constructor.newInstance(Constructor.java:423)
      	at org.openqa.selenium.remote.codec.w3c.W3CHttpResponseCodec.createException(W3CHttpResponseCodec.java:200)
      	at org.openqa.selenium.remote.codec.w3c.W3CHttpResponseCodec.decode(W3CHttpResponseCodec.java:133)
      	at org.openqa.selenium.remote.codec.w3c.W3CHttpResponseCodec.decode(W3CHttpResponseCodec.java:53)
      	at org.openqa.selenium.remote.HttpCommandExecutor.execute(HttpCommandExecutor.java:184)
      	at org.openqa.selenium.remote.service.DriverCommandExecutor.invokeExecute(DriverCommandExecutor.java:167)
      	at org.openqa.selenium.remote.service.DriverCommandExecutor.execute(DriverCommandExecutor.java:142)
      	at org.openqa.selenium.remote.RemoteWebDriver.execute(RemoteWebDriver.java:558)
      	at org.openqa.selenium.remote.ElementLocation$ElementFinder$2.findElement(ElementLocation.java:162)
      	at org.openqa.selenium.remote.ElementLocation.findElement(ElementLocation.java:60)
      	at org.openqa.selenium.remote.RemoteWebDriver.findElement(RemoteWebDriver.java:382)
      	at org.openqa.selenium.remote.RemoteWebDriver.findElement(RemoteWebDriver.java:374)
      	at org.openqa.selenium.support.pagefactory.DefaultElementLocator.findElement(DefaultElementLocator.java:70)
      	at org.openqa.selenium.support.pagefactory.internal.LocatingElementHandler.invoke(LocatingElementHandler.java:39)
      	at com.sun.proxy.$Proxy21.getText(Unknown Source)
      	at org.example.pageObject.BerandaPage.getErrorInputLokasi(BerandaPage.java:89)
      	at step_definitions.CariGuruSteps.lokasiFieldShowAlert(CariGuruSteps.java:132)
      	at ✽.Then Lokasi field show alert "Maximal char 250"(features/CariGuru.feature:100)
      &amp#27;[0m
]]></system-out>
    <system-err><![CDATA[Starting ChromeDriver 110.0.5481.77 (65ed616c6e8ee3fe0ad64fe83796c020644d42af-refs/branch-heads/5481@{#839}) on port 64505
Only local connections are allowed.
Please see https://chromedriver.chromium.org/security-considerations for suggestions on keeping ChromeDriver safe.
ChromeDriver was started successfully.
[1676549508.867][WARNING]: virtual void DevToolsClientImpl::AddListener(DevToolsEventListener *) subscribing a listener to the already connected DevToolsClient. Connection notification will not arrive.
Feb 16, 2023 7:11:49 PM org.openqa.selenium.remote.ProtocolHandshake createSession
INFO: Detected dialect: W3C
Feb 16, 2023 7:11:49 PM org.openqa.selenium.devtools.CdpVersionFinder findNearestMatch
WARNING: Unable to find an exact match for CDP version 110, so returning the closest version found: a no-op implementation
Feb 16, 2023 7:11:49 PM org.openqa.selenium.devtools.CdpVersionFinder findNearestMatch
INFO: Unable to find CDP implementation matching 110.
Feb 16, 2023 7:11:49 PM org.openqa.selenium.chromium.ChromiumDriver lambda$new$3
WARNING: Unable to find version of CDP to use for . You may need to include a dependency on a specific version of the CDP using something similar to `org.seleniumhq.selenium:selenium-devtools-v86:4.1.2` where the version ("v86") matches the version of the chromium-based browser you're using and the version number of the artifact is the same as Selenium's.
]]></system-err>
  </testcase>
  <testcase name="When User click avatar navigation" classname="Scenario: Student search for teachers by input valid mata pelajaran field" time="0"/>
  <testcase name="And User click menu Masuk" classname="Scenario: Student search for teachers by input valid mata pelajaran field" time="0.003"/>
  <testcase name="And User input &quot;sucimurid@gmail.com&quot; as email and input &quot;sucimurid&quot; as password" classname="Scenario: Student search for teachers by input valid mata pelajaran field" time="0"/>
  <testcase name="And User clicked masuk button" classname="Scenario: Student search for teachers by input valid mata pelajaran field" time="0"/>
  <testcase name="When Student click menu Beranda" classname="Scenario: Student search for teachers by input valid mata pelajaran field" time="0">
    <system-out><![CDATA[
  Background:                                                                       &amp#27;[90m# features/CariGuru.feature:4&amp#27;[0m
    &amp#27;[32mGiven &amp#27;[0m&amp#27;[32mUser open the website GuruMu&amp#27;[0m                                              &amp#27;[90m# LoginSteps.userOpenTheWebsiteGuruMu()&amp#27;[0m
    &amp#27;[32mWhen &amp#27;[0m&amp#27;[32mUser click avatar navigation&amp#27;[0m                                               &amp#27;[90m# LoginSteps.userClickAvatarNavigation()&amp#27;[0m
    &amp#27;[32mAnd &amp#27;[0m&amp#27;[32mUser click menu Masuk&amp#27;[0m                                                       &amp#27;[90m# LoginSteps.userClickMenuMasuk()&amp#27;[0m
    &amp#27;[32mAnd &amp#27;[0m&amp#27;[32mUser input "&amp#27;[0m&amp#27;[32m&amp#27;[1msucimurid@gmail.com&amp#27;[0m&amp#27;[32m" as email and input "&amp#27;[0m&amp#27;[32m&amp#27;[1msucimurid&amp#27;[0m&amp#27;[32m" as password&amp#27;[0m &amp#27;[90m# LoginSteps.inputCredential(String,String)&amp#27;[0m
    &amp#27;[32mAnd &amp#27;[0m&amp#27;[32mUser clicked masuk button&amp#27;[0m                                                   &amp#27;[90m# LoginSteps.userClickMasukButton()&amp#27;[0m
]]></system-out>
  </testcase>
  <testcase name="And Student input &quot;matematika&quot; as mata pelajaran" classname="Scenario: Student search for teachers by input valid mata pelajaran field" time="0"/>
  <testcase name="Then Should show teacher list" classname="Scenario: Student search for teachers by input valid mata pelajaran field" time="0"/>
  <testcase name="" classname="Scenario: Student search for teachers by input valid mata pelajaran field" time="0.119"/>
  <testcase name="Given User open the website GuruMu" classname="| $#@@*! |" time="0">
    <system-out><![CDATA[
  #    Cari Guru Functionality
  Scenario: Student search for teachers by input valid mata pelajaran field &amp#27;[90m# features/CariGuru.feature:106&amp#27;[0m
    &amp#27;[32mWhen &amp#27;[0m&amp#27;[32mStudent click menu Beranda&amp#27;[0m                                         &amp#27;[90m# CariGuruSteps.studentClickMenuBeranda()&amp#27;[0m
    &amp#27;[32mAnd &amp#27;[0m&amp#27;[32mStudent input "&amp#27;[0m&amp#27;[32m&amp#27;[1mmatematika&amp#27;[0m&amp#27;[32m" as mata pelajaran&amp#27;[0m                        &amp#27;[90m# CariGuruSteps.studentInputAsMataPelajaran(String)&amp#27;[0m
    &amp#27;[32mThen &amp#27;[0m&amp#27;[32mShould show teacher list&amp#27;[0m                                           &amp#27;[90m# CariGuruSteps.shouldShowTeacherList()&amp#27;[0m

  Scenario Outline: Students search for teachers by input special char in mata pelajaran field &amp#27;[90m# features/CariGuru.feature:111&amp#27;[0m
    &amp#27;[36mWhen &amp#27;[0m&amp#27;[36mStudent click menu Beranda&amp#27;[0m
    &amp#27;[36mAnd &amp#27;[0m&amp#27;[36mStudent input "<mata_pelajaran>" as mata pelajaran&amp#27;[0m
    &amp#27;[36mThen &amp#27;[0m&amp#27;[36mShouldn't show teacher list&amp#27;[0m

    Examples: 
]]></system-out>
    <system-err><![CDATA[Starting ChromeDriver 110.0.5481.77 (65ed616c6e8ee3fe0ad64fe83796c020644d42af-refs/branch-heads/5481@{#839}) on port 62844
Only local connections are allowed.
Please see https://chromedriver.chromium.org/security-considerations for suggestions on keeping ChromeDriver safe.
ChromeDriver was started successfully.
[1676549532.582][WARNING]: virtual void DevToolsClientImpl::AddListener(DevToolsEventListener *) subscribing a listener to the already connected DevToolsClient. Connection notification will not arrive.
Feb 16, 2023 7:12:12 PM org.openqa.selenium.remote.ProtocolHandshake createSession
INFO: Detected dialect: W3C
Feb 16, 2023 7:12:12 PM org.openqa.selenium.devtools.CdpVersionFinder findNearestMatch
WARNING: Unable to find an exact match for CDP version 110, so returning the closest version found: a no-op implementation
Feb 16, 2023 7:12:12 PM org.openqa.selenium.devtools.CdpVersionFinder findNearestMatch
INFO: Unable to find CDP implementation matching 110.
Feb 16, 2023 7:12:12 PM org.openqa.selenium.chromium.ChromiumDriver lambda$new$3
WARNING: Unable to find version of CDP to use for . You may need to include a dependency on a specific version of the CDP using something similar to `org.seleniumhq.selenium:selenium-devtools-v86:4.1.2` where the version ("v86") matches the version of the chromium-based browser you're using and the version number of the artifact is the same as Selenium's.
]]></system-err>
  </testcase>
  <testcase name="Given User open the website GuruMu" classname="| $#@@*! |" time="0">
    <system-out><![CDATA[
  @CariGuru @Test
  Scenario Outline: Students search for teachers by input valid lokasi field &amp#27;[90m# features/CariGuru.feature:136&amp#27;[0m
    &amp#27;[32mWhen &amp#27;[0m&amp#27;[32mStudent click menu Beranda&amp#27;[0m                                          &amp#27;[90m# CariGuruSteps.studentClickMenuBeranda()&amp#27;[0m
    &amp#27;[32mAnd &amp#27;[0m&amp#27;[32mStudent input "&amp#27;[0m&amp#27;[32m&amp#27;[1mjakarta&amp#27;[0m&amp#27;[32m" as lokasi&amp#27;[0m                                    &amp#27;[90m# CariGuruSteps.studentInputAsLokasi(String)&amp#27;[0m
    &amp#27;[32mThen &amp#27;[0m&amp#27;[32mShould show teacher list&amp#27;[0m                                            &amp#27;[90m# CariGuruSteps.shouldShowTeacherList()&amp#27;[0m
    &amp#27;[31mAnd &amp#27;[0m&amp#27;[31mVerify teacher lokasi "&amp#27;[0m&amp#27;[31m&amp#27;[1mjakarta&amp#27;[0m&amp#27;[31m"&amp#27;[0m                                      &amp#27;[90m# CariGuruSteps.verifyTeacherLokasi(String)&amp#27;[0m
      &amp#27;[31morg.openqa.selenium.NoSuchElementException: no such element: Unable to locate element: {"method":"xpath","selector":"//p[.='jakarta']"}
        (Session info: chrome=110.0.5481.100)
      For documentation on this error, please visit: https://selenium.dev/exceptions/#no_such_element
      Build info: version: '4.1.2', revision: '9a5a329c5a'
      System info: host: 'nsystem-mbp', ip: 'fe80:0:0:0:ce7:beec:a50b:8367%en0', os.name: 'Mac OS X', os.arch: 'x86_64', os.version: '10.16', java.version: '1.8.0_201'
      Driver info: org.openqa.selenium.chrome.ChromeDriver
      Command: [53e01fcea6001403c9a86d042888260c, findChildElement {id=f45e0cf8-4c6f-43d2-9e79-b556a77e0e4d, using=xpath, value=//p[.='jakarta']}]
      Capabilities {acceptInsecureCerts: false, browserName: chrome, browserVersion: 110.0.5481.100, chrome: {chromedriverVersion: 110.0.5481.77 (65ed616c6e8e..., userDataDir: /var/folders/00/xzw63_pj58g...}, goog:chromeOptions: {debuggerAddress: localhost:63660}, javascriptEnabled: true, networkConnectionEnabled: false, pageLoadStrategy: normal, platform: MAC, platformName: MAC, proxy: Proxy(), se:cdp: ws://localhost:63660/devtoo..., se:cdpVersion: 110.0.5481.100, setWindowRect: true, strictFileInteractability: false, timeouts: {implicit: 0, pageLoad: 300000, script: 30000}, unhandledPromptBehavior: dismiss and notify, webauthn:extension:credBlob: true, webauthn:extension:largeBlob: true, webauthn:virtualAuthenticators: true}
      Session ID: 53e01fcea6001403c9a86d042888260c
      	at sun.reflect.NativeConstructorAccessorImpl.newInstance0(Native Method)
      	at sun.reflect.NativeConstructorAccessorImpl.newInstance(NativeConstructorAccessorImpl.java:62)
      	at sun.reflect.DelegatingConstructorAccessorImpl.newInstance(DelegatingConstructorAccessorImpl.java:45)
      	at java.lang.reflect.Constructor.newInstance(Constructor.java:423)
      	at org.openqa.selenium.remote.codec.w3c.W3CHttpResponseCodec.createException(W3CHttpResponseCodec.java:200)
      	at org.openqa.selenium.remote.codec.w3c.W3CHttpResponseCodec.decode(W3CHttpResponseCodec.java:133)
      	at org.openqa.selenium.remote.codec.w3c.W3CHttpResponseCodec.decode(W3CHttpResponseCodec.java:53)
      	at org.openqa.selenium.remote.HttpCommandExecutor.execute(HttpCommandExecutor.java:184)
      	at org.openqa.selenium.remote.service.DriverCommandExecutor.invokeExecute(DriverCommandExecutor.java:167)
      	at org.openqa.selenium.remote.service.DriverCommandExecutor.execute(DriverCommandExecutor.java:142)
      	at org.openqa.selenium.remote.RemoteWebDriver.execute(RemoteWebDriver.java:558)
      	at org.openqa.selenium.remote.ElementLocation$ElementFinder$2.findElement(ElementLocation.java:162)
      	at org.openqa.selenium.remote.ElementLocation.findElement(ElementLocation.java:60)
      	at org.openqa.selenium.remote.RemoteWebDriver.findElement(RemoteWebDriver.java:382)
      	at org.openqa.selenium.remote.RemoteWebElement.findElement(RemoteWebElement.java:221)
      	at sun.reflect.NativeMethodAccessorImpl.invoke0(Native Method)
      	at sun.reflect.NativeMethodAccessorImpl.invoke(NativeMethodAccessorImpl.java:62)
      	at sun.reflect.DelegatingMethodAccessorImpl.invoke(DelegatingMethodAccessorImpl.java:43)
      	at java.lang.reflect.Method.invoke(Method.java:498)
      	at org.openqa.selenium.support.pagefactory.internal.LocatingElementHandler.invoke(LocatingElementHandler.java:52)
      	at com.sun.proxy.$Proxy21.findElement(Unknown Source)
      	at org.example.pageObject.BerandaPage.isDisplayListGuruByLokasi(BerandaPage.java:159)
      	at step_definitions.CariGuruSteps.verifyTeacherLokasi(CariGuruSteps.java:48)
      	at ✽.And Verify teacher lokasi "jakarta"(features/CariGuru.feature:133)
      &amp#27;[0m

  Scenario Outline: Students search for teachers by input special char in lokasi field &amp#27;[90m# features/CariGuru.feature:138&amp#27;[0m
    &amp#27;[36mWhen &amp#27;[0m&amp#27;[36mStudent click menu Beranda&amp#27;[0m
    &amp#27;[36mAnd &amp#27;[0m&amp#27;[36mStudent input "<lokasi>" as lokasi&amp#27;[0m
    &amp#27;[36mThen &amp#27;[0m&amp#27;[36mShouldn't show teacher list&amp#27;[0m

    Examples: 
]]></system-out>
    <system-err><![CDATA[Starting ChromeDriver 110.0.5481.77 (65ed616c6e8ee3fe0ad64fe83796c020644d42af-refs/branch-heads/5481@{#839}) on port 51336
Only local connections are allowed.
Please see https://chromedriver.chromium.org/security-considerations for suggestions on keeping ChromeDriver safe.
ChromeDriver was started successfully.
[1676549646.265][WARNING]: virtual void DevToolsClientImpl::AddListener(DevToolsEventListener *) subscribing a listener to the already connected DevToolsClient. Connection notification will not arrive.
Feb 16, 2023 7:14:06 PM org.openqa.selenium.remote.ProtocolHandshake createSession
INFO: Detected dialect: W3C
Feb 16, 2023 7:14:06 PM org.openqa.selenium.devtools.CdpVersionFinder findNearestMatch
WARNING: Unable to find an exact match for CDP version 110, so returning the closest version found: a no-op implementation
Feb 16, 2023 7:14:06 PM org.openqa.selenium.devtools.CdpVersionFinder findNearestMatch
INFO: Unable to find CDP implementation matching 110.
Feb 16, 2023 7:14:06 PM org.openqa.selenium.chromium.ChromiumDriver lambda$new$3
WARNING: Unable to find version of CDP to use for . You may need to include a dependency on a specific version of the CDP using something similar to `org.seleniumhq.selenium:selenium-devtools-v86:4.1.2` where the version ("v86") matches the version of the chromium-based browser you're using and the version number of the artifact is the same as Selenium's.
]]></system-err>
  </testcase>
  <testcase name="When User click avatar navigation" classname="| $#@@*! |" time="0"/>
  <testcase name="When User click avatar navigation" classname="| $#@@*! |" time="0"/>
  <testcase name="And User click menu Masuk" classname="| $#@@*! |" time="0"/>
  <testcase name="And User click menu Masuk" classname="| $#@@*! |" time="0.001"/>
  <testcase name="And User input &quot;sucimurid@gmail.com&quot; as email and input &quot;sucimurid&quot; as password" classname="| $#@@*! |" time="0"/>
  <testcase name="And User input &quot;sucimurid@gmail.com&quot; as email and input &quot;sucimurid&quot; as password" classname="| $#@@*! |" time="0"/>
  <testcase name="And User clicked masuk button" classname="| $#@@*! |" time="0"/>
  <testcase name="And User clicked masuk button" classname="| $#@@*! |" time="0"/>
  <testcase name="When Student click menu Beranda" classname="| $#@@*! |" time="0">
    <system-out><![CDATA[
  Background:                                                                       &amp#27;[90m# features/CariGuru.feature:4&amp#27;[0m
    &amp#27;[32mGiven &amp#27;[0m&amp#27;[32mUser open the website GuruMu&amp#27;[0m                                              &amp#27;[90m# LoginSteps.userOpenTheWebsiteGuruMu()&amp#27;[0m
    &amp#27;[32mWhen &amp#27;[0m&amp#27;[32mUser click avatar navigation&amp#27;[0m                                               &amp#27;[90m# LoginSteps.userClickAvatarNavigation()&amp#27;[0m
    &amp#27;[32mAnd &amp#27;[0m&amp#27;[32mUser click menu Masuk&amp#27;[0m                                                       &amp#27;[90m# LoginSteps.userClickMenuMasuk()&amp#27;[0m
    &amp#27;[32mAnd &amp#27;[0m&amp#27;[32mUser input "&amp#27;[0m&amp#27;[32m&amp#27;[1msucimurid@gmail.com&amp#27;[0m&amp#27;[32m" as email and input "&amp#27;[0m&amp#27;[32m&amp#27;[1msucimurid&amp#27;[0m&amp#27;[32m" as password&amp#27;[0m &amp#27;[90m# LoginSteps.inputCredential(String,String)&amp#27;[0m
    &amp#27;[32mAnd &amp#27;[0m&amp#27;[32mUser clicked masuk button&amp#27;[0m                                                   &amp#27;[90m# LoginSteps.userClickMasukButton()&amp#27;[0m
]]></system-out>
  </testcase>
  <testcase name="When Student click menu Beranda" classname="| $#@@*! |" time="0">
    <system-out><![CDATA[
  Background:                                                                       &amp#27;[90m# features/CariGuru.feature:4&amp#27;[0m
    &amp#27;[32mGiven &amp#27;[0m&amp#27;[32mUser open the website GuruMu&amp#27;[0m                                              &amp#27;[90m# LoginSteps.userOpenTheWebsiteGuruMu()&amp#27;[0m
    &amp#27;[32mWhen &amp#27;[0m&amp#27;[32mUser click avatar navigation&amp#27;[0m                                               &amp#27;[90m# LoginSteps.userClickAvatarNavigation()&amp#27;[0m
    &amp#27;[32mAnd &amp#27;[0m&amp#27;[32mUser click menu Masuk&amp#27;[0m                                                       &amp#27;[90m# LoginSteps.userClickMenuMasuk()&amp#27;[0m
    &amp#27;[32mAnd &amp#27;[0m&amp#27;[32mUser input "&amp#27;[0m&amp#27;[32m&amp#27;[1msucimurid@gmail.com&amp#27;[0m&amp#27;[32m" as email and input "&amp#27;[0m&amp#27;[32m&amp#27;[1msucimurid&amp#27;[0m&amp#27;[32m" as password&amp#27;[0m &amp#27;[90m# LoginSteps.inputCredential(String,String)&amp#27;[0m
    &amp#27;[32mAnd &amp#27;[0m&amp#27;[32mUser clicked masuk button&amp#27;[0m                                                   &amp#27;[90m# LoginSteps.userClickMasukButton()&amp#27;[0m
]]></system-out>
  </testcase>
  <testcase name="And Student input &quot;$#@@*!&quot; as mata pelajaran" classname="| $#@@*! |" time="0"/>
  <testcase name="Then Shouldn&apos;t show teacher list" classname="| $#@@*! |" time="0.004">
    <failure type="java.lang.AssertionError"><![CDATA[java.lang.AssertionError
]]></failure>
  </testcase>
  <testcase name="Then Shouldn&apos;t show teacher list" classname="| $#@@*! |" time="0.001">
    <failure type="java.lang.AssertionError"><![CDATA[java.lang.AssertionError
]]></failure>
  </testcase>
  <testcase name="" classname="| $#@@*! |" time="0.005">
    <failure type="java.lang.AssertionError"><![CDATA[java.lang.AssertionError
]]></failure>
  </testcase>
  <testcase name="" classname="| $#@@*! |" time="0.002">
    <failure type="java.lang.AssertionError"><![CDATA[java.lang.AssertionError
]]></failure>
  </testcase>
  <testcase name="And Student input &quot;$#@@*!&quot; as lokasi" classname="| $#@@*! |" time="0"/>
  <testcase name="Given User open the website GuruMu" classname="| !#@#@#*) |" time="0">
    <system-out><![CDATA[
  @CariGuru @Test
  Scenario Outline: Students search for teachers by input special char in mata pelajaran field &amp#27;[90m# features/CariGuru.feature:117&amp#27;[0m
    &amp#27;[32mWhen &amp#27;[0m&amp#27;[32mStudent click menu Beranda&amp#27;[0m                                                            &amp#27;[90m# CariGuruSteps.studentClickMenuBeranda()&amp#27;[0m
    &amp#27;[32mAnd &amp#27;[0m&amp#27;[32mStudent input "&amp#27;[0m&amp#27;[32m&amp#27;[1m$#@@*!&amp#27;[0m&amp#27;[32m" as mata pelajaran&amp#27;[0m                                               &amp#27;[90m# CariGuruSteps.studentInputAsMataPelajaran(String)&amp#27;[0m
    &amp#27;[31mThen &amp#27;[0m&amp#27;[31mShouldn't show teacher list&amp#27;[0m                                                           &amp#27;[90m# CariGuruSteps.shouldnTShowTeacherList()&amp#27;[0m
      &amp#27;[31mjava.lang.AssertionError
      	at org.junit.Assert.fail(Assert.java:86)
      	at org.junit.Assert.assertTrue(Assert.java:41)
      	at org.junit.Assert.assertTrue(Assert.java:52)
      	at step_definitions.CariGuruSteps.shouldnTShowTeacherList(CariGuruSteps.java:42)
      	at ✽.Then Shouldn't show teacher list(features/CariGuru.feature:114)
      &amp#27;[0m
]]></system-out>
    <system-err><![CDATA[Starting ChromeDriver 110.0.5481.77 (65ed616c6e8ee3fe0ad64fe83796c020644d42af-refs/branch-heads/5481@{#839}) on port 60892
Only local connections are allowed.
Please see https://chromedriver.chromium.org/security-considerations for suggestions on keeping ChromeDriver safe.
ChromeDriver was started successfully.
[1676549556.162][WARNING]: virtual void DevToolsClientImpl::AddListener(DevToolsEventListener *) subscribing a listener to the already connected DevToolsClient. Connection notification will not arrive.
Feb 16, 2023 7:12:36 PM org.openqa.selenium.remote.ProtocolHandshake createSession
INFO: Detected dialect: W3C
Feb 16, 2023 7:12:36 PM org.openqa.selenium.devtools.CdpVersionFinder findNearestMatch
WARNING: Unable to find an exact match for CDP version 110, so returning the closest version found: a no-op implementation
Feb 16, 2023 7:12:36 PM org.openqa.selenium.devtools.CdpVersionFinder findNearestMatch
INFO: Unable to find CDP implementation matching 110.
Feb 16, 2023 7:12:36 PM org.openqa.selenium.chromium.ChromiumDriver lambda$new$3
WARNING: Unable to find version of CDP to use for . You may need to include a dependency on a specific version of the CDP using something similar to `org.seleniumhq.selenium:selenium-devtools-v86:4.1.2` where the version ("v86") matches the version of the chromium-based browser you're using and the version number of the artifact is the same as Selenium's.
]]></system-err>
  </testcase>
  <testcase name="Given User open the website GuruMu" classname="| !#@#@#*) |" time="0.001">
    <system-out><![CDATA[
  @CariGuru @Test
  Scenario Outline: Students search for teachers by input special char in lokasi field &amp#27;[90m# features/CariGuru.feature:144&amp#27;[0m
    &amp#27;[32mWhen &amp#27;[0m&amp#27;[32mStudent click menu Beranda&amp#27;[0m                                                    &amp#27;[90m# CariGuruSteps.studentClickMenuBeranda()&amp#27;[0m
    &amp#27;[32mAnd &amp#27;[0m&amp#27;[32mStudent input "&amp#27;[0m&amp#27;[32m&amp#27;[1m$#@@*!&amp#27;[0m&amp#27;[32m" as lokasi&amp#27;[0m                                               &amp#27;[90m# CariGuruSteps.studentInputAsLokasi(String)&amp#27;[0m
    &amp#27;[31mThen &amp#27;[0m&amp#27;[31mShouldn't show teacher list&amp#27;[0m                                                   &amp#27;[90m# CariGuruSteps.shouldnTShowTeacherList()&amp#27;[0m
      &amp#27;[31mjava.lang.AssertionError
      	at org.junit.Assert.fail(Assert.java:86)
      	at org.junit.Assert.assertTrue(Assert.java:41)
      	at org.junit.Assert.assertTrue(Assert.java:52)
      	at step_definitions.CariGuruSteps.shouldnTShowTeacherList(CariGuruSteps.java:42)
      	at ✽.Then Shouldn't show teacher list(features/CariGuru.feature:141)
      &amp#27;[0m
]]></system-out>
    <system-err><![CDATA[Starting ChromeDriver 110.0.5481.77 (65ed616c6e8ee3fe0ad64fe83796c020644d42af-refs/branch-heads/5481@{#839}) on port 63643
Only local connections are allowed.
Please see https://chromedriver.chromium.org/security-considerations for suggestions on keeping ChromeDriver safe.
ChromeDriver was started successfully.
[1676549668.800][WARNING]: virtual void DevToolsClientImpl::AddListener(DevToolsEventListener *) subscribing a listener to the already connected DevToolsClient. Connection notification will not arrive.
Feb 16, 2023 7:14:29 PM org.openqa.selenium.remote.ProtocolHandshake createSession
INFO: Detected dialect: W3C
Feb 16, 2023 7:14:29 PM org.openqa.selenium.devtools.CdpVersionFinder findNearestMatch
WARNING: Unable to find an exact match for CDP version 110, so returning the closest version found: a no-op implementation
Feb 16, 2023 7:14:29 PM org.openqa.selenium.devtools.CdpVersionFinder findNearestMatch
INFO: Unable to find CDP implementation matching 110.
Feb 16, 2023 7:14:29 PM org.openqa.selenium.chromium.ChromiumDriver lambda$new$3
WARNING: Unable to find version of CDP to use for . You may need to include a dependency on a specific version of the CDP using something similar to `org.seleniumhq.selenium:selenium-devtools-v86:4.1.2` where the version ("v86") matches the version of the chromium-based browser you're using and the version number of the artifact is the same as Selenium's.
]]></system-err>
  </testcase>
  <testcase name="When User click avatar navigation" classname="| !#@#@#*) |" time="0.004"/>
  <testcase name="When User click avatar navigation" classname="| !#@#@#*) |" time="0.005"/>
  <testcase name="And User click menu Masuk" classname="| !#@#@#*) |" time="0"/>
  <testcase name="And User click menu Masuk" classname="| !#@#@#*) |" time="0"/>
  <testcase name="And User input &quot;sucimurid@gmail.com&quot; as email and input &quot;sucimurid&quot; as password" classname="| !#@#@#*) |" time="0"/>
  <testcase name="And User input &quot;sucimurid@gmail.com&quot; as email and input &quot;sucimurid&quot; as password" classname="| !#@#@#*) |" time="0"/>
  <testcase name="And User clicked masuk button" classname="| !#@#@#*) |" time="0"/>
  <testcase name="And User clicked masuk button" classname="| !#@#@#*) |" time="0"/>
  <testcase name="When Student click menu Beranda" classname="| !#@#@#*) |" time="0">
    <system-out><![CDATA[
  Background:                                                                       &amp#27;[90m# features/CariGuru.feature:4&amp#27;[0m
    &amp#27;[32mGiven &amp#27;[0m&amp#27;[32mUser open the website GuruMu&amp#27;[0m                                              &amp#27;[90m# LoginSteps.userOpenTheWebsiteGuruMu()&amp#27;[0m
    &amp#27;[32mWhen &amp#27;[0m&amp#27;[32mUser click avatar navigation&amp#27;[0m                                               &amp#27;[90m# LoginSteps.userClickAvatarNavigation()&amp#27;[0m
    &amp#27;[32mAnd &amp#27;[0m&amp#27;[32mUser click menu Masuk&amp#27;[0m                                                       &amp#27;[90m# LoginSteps.userClickMenuMasuk()&amp#27;[0m
    &amp#27;[32mAnd &amp#27;[0m&amp#27;[32mUser input "&amp#27;[0m&amp#27;[32m&amp#27;[1msucimurid@gmail.com&amp#27;[0m&amp#27;[32m" as email and input "&amp#27;[0m&amp#27;[32m&amp#27;[1msucimurid&amp#27;[0m&amp#27;[32m" as password&amp#27;[0m &amp#27;[90m# LoginSteps.inputCredential(String,String)&amp#27;[0m
    &amp#27;[32mAnd &amp#27;[0m&amp#27;[32mUser clicked masuk button&amp#27;[0m                                                   &amp#27;[90m# LoginSteps.userClickMasukButton()&amp#27;[0m
]]></system-out>
  </testcase>
  <testcase name="When Student click menu Beranda" classname="| !#@#@#*) |" time="0">
    <system-out><![CDATA[
  Background:                                                                       &amp#27;[90m# features/CariGuru.feature:4&amp#27;[0m
    &amp#27;[32mGiven &amp#27;[0m&amp#27;[32mUser open the website GuruMu&amp#27;[0m                                              &amp#27;[90m# LoginSteps.userOpenTheWebsiteGuruMu()&amp#27;[0m
    &amp#27;[32mWhen &amp#27;[0m&amp#27;[32mUser click avatar navigation&amp#27;[0m                                               &amp#27;[90m# LoginSteps.userClickAvatarNavigation()&amp#27;[0m
    &amp#27;[32mAnd &amp#27;[0m&amp#27;[32mUser click menu Masuk&amp#27;[0m                                                       &amp#27;[90m# LoginSteps.userClickMenuMasuk()&amp#27;[0m
    &amp#27;[32mAnd &amp#27;[0m&amp#27;[32mUser input "&amp#27;[0m&amp#27;[32m&amp#27;[1msucimurid@gmail.com&amp#27;[0m&amp#27;[32m" as email and input "&amp#27;[0m&amp#27;[32m&amp#27;[1msucimurid&amp#27;[0m&amp#27;[32m" as password&amp#27;[0m &amp#27;[90m# LoginSteps.inputCredential(String,String)&amp#27;[0m
    &amp#27;[32mAnd &amp#27;[0m&amp#27;[32mUser clicked masuk button&amp#27;[0m                                                   &amp#27;[90m# LoginSteps.userClickMasukButton()&amp#27;[0m
]]></system-out>
  </testcase>
  <testcase name="And Student input &quot;!#@#@#*)&quot; as mata pelajaran" classname="| !#@#@#*) |" time="0"/>
  <testcase name="Then Shouldn&apos;t show teacher list" classname="| !#@#@#*) |" time="0.002">
    <failure type="java.lang.AssertionError"><![CDATA[java.lang.AssertionError
]]></failure>
  </testcase>
  <testcase name="Then Shouldn&apos;t show teacher list" classname="| !#@#@#*) |" time="0.002">
    <failure type="java.lang.AssertionError"><![CDATA[java.lang.AssertionError
]]></failure>
  </testcase>
  <testcase name="" classname="| !#@#@#*) |" time="0.002">
    <failure type="java.lang.AssertionError"><![CDATA[java.lang.AssertionError
]]></failure>
  </testcase>
  <testcase name="" classname="| !#@#@#*) |" time="0.003">
    <failure type="java.lang.AssertionError"><![CDATA[java.lang.AssertionError
]]></failure>
  </testcase>
  <testcase name="And Student input &quot;!#@#@#*)&quot; as lokasi" classname="| !#@#@#*) |" time="0"/>
  <testcase name="Given User open the website GuruMu" classname="| 123 |" time="0.001">
    <system-out><![CDATA[
  @CariGuru @Test
  Scenario Outline: Students search for teachers by input number in mata pelajaran field &amp#27;[90m# features/CariGuru.feature:126&amp#27;[0m
    &amp#27;[32mWhen &amp#27;[0m&amp#27;[32mStudent click menu Beranda&amp#27;[0m                                                      &amp#27;[90m# CariGuruSteps.studentClickMenuBeranda()&amp#27;[0m
    &amp#27;[32mAnd &amp#27;[0m&amp#27;[32mStudent input "&amp#27;[0m&amp#27;[32m&amp#27;[1m1&amp#27;[0m&amp#27;[32m" as mata pelajaran&amp#27;[0m                                              &amp#27;[90m# CariGuruSteps.studentInputAsMataPelajaran(String)&amp#27;[0m
    &amp#27;[31mThen &amp#27;[0m&amp#27;[31mShouldn't show teacher list&amp#27;[0m                                                     &amp#27;[90m# CariGuruSteps.shouldnTShowTeacherList()&amp#27;[0m
      &amp#27;[31mjava.lang.AssertionError
      	at org.junit.Assert.fail(Assert.java:86)
      	at org.junit.Assert.assertTrue(Assert.java:41)
      	at org.junit.Assert.assertTrue(Assert.java:52)
      	at step_definitions.CariGuruSteps.shouldnTShowTeacherList(CariGuruSteps.java:42)
      	at ✽.Then Shouldn't show teacher list(features/CariGuru.feature:123)
      &amp#27;[0m
]]></system-out>
    <system-err><![CDATA[Starting ChromeDriver 110.0.5481.77 (65ed616c6e8ee3fe0ad64fe83796c020644d42af-refs/branch-heads/5481@{#839}) on port 50117
Only local connections are allowed.
Please see https://chromedriver.chromium.org/security-considerations for suggestions on keeping ChromeDriver safe.
ChromeDriver was started successfully.
[1676549601.158][WARNING]: virtual void DevToolsClientImpl::AddListener(DevToolsEventListener *) subscribing a listener to the already connected DevToolsClient. Connection notification will not arrive.
Feb 16, 2023 7:13:21 PM org.openqa.selenium.remote.ProtocolHandshake createSession
INFO: Detected dialect: W3C
Feb 16, 2023 7:13:21 PM org.openqa.selenium.devtools.CdpVersionFinder findNearestMatch
WARNING: Unable to find an exact match for CDP version 110, so returning the closest version found: a no-op implementation
Feb 16, 2023 7:13:21 PM org.openqa.selenium.devtools.CdpVersionFinder findNearestMatch
INFO: Unable to find CDP implementation matching 110.
Feb 16, 2023 7:13:21 PM org.openqa.selenium.chromium.ChromiumDriver lambda$new$3
WARNING: Unable to find version of CDP to use for . You may need to include a dependency on a specific version of the CDP using something similar to `org.seleniumhq.selenium:selenium-devtools-v86:4.1.2` where the version ("v86") matches the version of the chromium-based browser you're using and the version number of the artifact is the same as Selenium's.
]]></system-err>
  </testcase>
  <testcase name="Given User open the website GuruMu" classname="| 123 |" time="0">
    <system-out><![CDATA[
  @CariGuru @Test
  Scenario Outline: Students search for teachers by number in lokasi field &amp#27;[90m# features/CariGuru.feature:153&amp#27;[0m
    &amp#27;[32mWhen &amp#27;[0m&amp#27;[32mStudent click menu Beranda&amp#27;[0m                                        &amp#27;[90m# CariGuruSteps.studentClickMenuBeranda()&amp#27;[0m
    &amp#27;[32mAnd &amp#27;[0m&amp#27;[32mStudent input "&amp#27;[0m&amp#27;[32m&amp#27;[1m1&amp#27;[0m&amp#27;[32m" as lokasi&amp#27;[0m                                        &amp#27;[90m# CariGuruSteps.studentInputAsLokasi(String)&amp#27;[0m
    &amp#27;[31mThen &amp#27;[0m&amp#27;[31mShouldn't show teacher list&amp#27;[0m                                       &amp#27;[90m# CariGuruSteps.shouldnTShowTeacherList()&amp#27;[0m
      &amp#27;[31mjava.lang.AssertionError
      	at org.junit.Assert.fail(Assert.java:86)
      	at org.junit.Assert.assertTrue(Assert.java:41)
      	at org.junit.Assert.assertTrue(Assert.java:52)
      	at step_definitions.CariGuruSteps.shouldnTShowTeacherList(CariGuruSteps.java:42)
      	at ✽.Then Shouldn't show teacher list(features/CariGuru.feature:150)
      &amp#27;[0m
]]></system-out>
    <system-err><![CDATA[Starting ChromeDriver 110.0.5481.77 (65ed616c6e8ee3fe0ad64fe83796c020644d42af-refs/branch-heads/5481@{#839}) on port 55363
Only local connections are allowed.
Please see https://chromedriver.chromium.org/security-considerations for suggestions on keeping ChromeDriver safe.
ChromeDriver was started successfully.
[1676549713.880][WARNING]: virtual void DevToolsClientImpl::AddListener(DevToolsEventListener *) subscribing a listener to the already connected DevToolsClient. Connection notification will not arrive.
Feb 16, 2023 7:15:14 PM org.openqa.selenium.remote.ProtocolHandshake createSession
INFO: Detected dialect: W3C
Feb 16, 2023 7:15:14 PM org.openqa.selenium.devtools.CdpVersionFinder findNearestMatch
WARNING: Unable to find an exact match for CDP version 110, so returning the closest version found: a no-op implementation
Feb 16, 2023 7:15:14 PM org.openqa.selenium.devtools.CdpVersionFinder findNearestMatch
INFO: Unable to find CDP implementation matching 110.
Feb 16, 2023 7:15:14 PM org.openqa.selenium.chromium.ChromiumDriver lambda$new$3
WARNING: Unable to find version of CDP to use for . You may need to include a dependency on a specific version of the CDP using something similar to `org.seleniumhq.selenium:selenium-devtools-v86:4.1.2` where the version ("v86") matches the version of the chromium-based browser you're using and the version number of the artifact is the same as Selenium's.
]]></system-err>
  </testcase>
  <testcase name="When User click avatar navigation" classname="| 123 |" time="0"/>
  <testcase name="When User click avatar navigation" classname="| 123 |" time="0"/>
  <testcase name="And User click menu Masuk" classname="| 123 |" time="0.001"/>
  <testcase name="And User click menu Masuk" classname="| 123 |" time="0.001"/>
  <testcase name="And User input &quot;sucimurid@gmail.com&quot; as email and input &quot;sucimurid&quot; as password" classname="| 123 |" time="0"/>
  <testcase name="And User input &quot;sucimurid@gmail.com&quot; as email and input &quot;sucimurid&quot; as password" classname="| 123 |" time="0"/>
  <testcase name="And User clicked masuk button" classname="| 123 |" time="0"/>
  <testcase name="And User clicked masuk button" classname="| 123 |" time="0"/>
  <testcase name="When Student click menu Beranda" classname="| 123 |" time="0">
    <system-out><![CDATA[
  Background:                                                                       &amp#27;[90m# features/CariGuru.feature:4&amp#27;[0m
    &amp#27;[32mGiven &amp#27;[0m&amp#27;[32mUser open the website GuruMu&amp#27;[0m                                              &amp#27;[90m# LoginSteps.userOpenTheWebsiteGuruMu()&amp#27;[0m
    &amp#27;[32mWhen &amp#27;[0m&amp#27;[32mUser click avatar navigation&amp#27;[0m                                               &amp#27;[90m# LoginSteps.userClickAvatarNavigation()&amp#27;[0m
    &amp#27;[32mAnd &amp#27;[0m&amp#27;[32mUser click menu Masuk&amp#27;[0m                                                       &amp#27;[90m# LoginSteps.userClickMenuMasuk()&amp#27;[0m
    &amp#27;[32mAnd &amp#27;[0m&amp#27;[32mUser input "&amp#27;[0m&amp#27;[32m&amp#27;[1msucimurid@gmail.com&amp#27;[0m&amp#27;[32m" as email and input "&amp#27;[0m&amp#27;[32m&amp#27;[1msucimurid&amp#27;[0m&amp#27;[32m" as password&amp#27;[0m &amp#27;[90m# LoginSteps.inputCredential(String,String)&amp#27;[0m
    &amp#27;[32mAnd &amp#27;[0m&amp#27;[32mUser clicked masuk button&amp#27;[0m                                                   &amp#27;[90m# LoginSteps.userClickMasukButton()&amp#27;[0m
]]></system-out>
  </testcase>
  <testcase name="When Student click menu Beranda" classname="| 123 |" time="0">
    <system-out><![CDATA[
  Background:                                                                       &amp#27;[90m# features/CariGuru.feature:4&amp#27;[0m
    &amp#27;[32mGiven &amp#27;[0m&amp#27;[32mUser open the website GuruMu&amp#27;[0m                                              &amp#27;[90m# LoginSteps.userOpenTheWebsiteGuruMu()&amp#27;[0m
    &amp#27;[32mWhen &amp#27;[0m&amp#27;[32mUser click avatar navigation&amp#27;[0m                                               &amp#27;[90m# LoginSteps.userClickAvatarNavigation()&amp#27;[0m
    &amp#27;[32mAnd &amp#27;[0m&amp#27;[32mUser click menu Masuk&amp#27;[0m                                                       &amp#27;[90m# LoginSteps.userClickMenuMasuk()&amp#27;[0m
    &amp#27;[32mAnd &amp#27;[0m&amp#27;[32mUser input "&amp#27;[0m&amp#27;[32m&amp#27;[1msucimurid@gmail.com&amp#27;[0m&amp#27;[32m" as email and input "&amp#27;[0m&amp#27;[32m&amp#27;[1msucimurid&amp#27;[0m&amp#27;[32m" as password&amp#27;[0m &amp#27;[90m# LoginSteps.inputCredential(String,String)&amp#27;[0m
    &amp#27;[32mAnd &amp#27;[0m&amp#27;[32mUser clicked masuk button&amp#27;[0m                                                   &amp#27;[90m# LoginSteps.userClickMasukButton()&amp#27;[0m
]]></system-out>
  </testcase>
  <testcase name="And Student input &quot;123&quot; as mata pelajaran" classname="| 123 |" time="0"/>
  <testcase name="Then Shouldn&apos;t show teacher list" classname="| 123 |" time="0.003">
    <failure type="java.lang.AssertionError"><![CDATA[java.lang.AssertionError
]]></failure>
  </testcase>
  <testcase name="Then Shouldn&apos;t show teacher list" classname="| 123 |" time="0.001">
    <failure type="java.lang.AssertionError"><![CDATA[java.lang.AssertionError
]]></failure>
  </testcase>
  <testcase name="" classname="| 123 |" time="0.004">
    <failure type="java.lang.AssertionError"><![CDATA[java.lang.AssertionError
]]></failure>
  </testcase>
  <testcase name="" classname="| 123 |" time="0.002">
    <failure type="java.lang.AssertionError"><![CDATA[java.lang.AssertionError
]]></failure>
  </testcase>
  <testcase name="And Student input &quot;123&quot; as lokasi" classname="| 123 |" time="0"/>
  <testcase name="Given User open the website GuruMu" classname="Scenario: Student search for teachers by input valid mata pelajaran and valid lokasi" time="0">
    <system-out><![CDATA[
  @CariGuru @Test
  Scenario Outline: Students search for teachers by number in lokasi field &amp#27;[90m# features/CariGuru.feature:154&amp#27;[0m
    &amp#27;[32mWhen &amp#27;[0m&amp#27;[32mStudent click menu Beranda&amp#27;[0m                                        &amp#27;[90m# CariGuruSteps.studentClickMenuBeranda()&amp#27;[0m
    &amp#27;[32mAnd &amp#27;[0m&amp#27;[32mStudent input "&amp#27;[0m&amp#27;[32m&amp#27;[1m123&amp#27;[0m&amp#27;[32m" as lokasi&amp#27;[0m                                      &amp#27;[90m# CariGuruSteps.studentInputAsLokasi(String)&amp#27;[0m
    &amp#27;[31mThen &amp#27;[0m&amp#27;[31mShouldn't show teacher list&amp#27;[0m                                       &amp#27;[90m# CariGuruSteps.shouldnTShowTeacherList()&amp#27;[0m
      &amp#27;[31mjava.lang.AssertionError
      	at org.junit.Assert.fail(Assert.java:86)
      	at org.junit.Assert.assertTrue(Assert.java:41)
      	at org.junit.Assert.assertTrue(Assert.java:52)
      	at step_definitions.CariGuruSteps.shouldnTShowTeacherList(CariGuruSteps.java:42)
      	at ✽.Then Shouldn't show teacher list(features/CariGuru.feature:150)
      &amp#27;[0m
]]></system-out>
    <system-err><![CDATA[Starting ChromeDriver 110.0.5481.77 (65ed616c6e8ee3fe0ad64fe83796c020644d42af-refs/branch-heads/5481@{#839}) on port 64679
Only local connections are allowed.
Please see https://chromedriver.chromium.org/security-considerations for suggestions on keeping ChromeDriver safe.
ChromeDriver was started successfully.
[1676549737.425][WARNING]: virtual void DevToolsClientImpl::AddListener(DevToolsEventListener *) subscribing a listener to the already connected DevToolsClient. Connection notification will not arrive.
Feb 16, 2023 7:15:37 PM org.openqa.selenium.remote.ProtocolHandshake createSession
INFO: Detected dialect: W3C
Feb 16, 2023 7:15:37 PM org.openqa.selenium.devtools.CdpVersionFinder findNearestMatch
WARNING: Unable to find an exact match for CDP version 110, so returning the closest version found: a no-op implementation
Feb 16, 2023 7:15:37 PM org.openqa.selenium.devtools.CdpVersionFinder findNearestMatch
INFO: Unable to find CDP implementation matching 110.
Feb 16, 2023 7:15:37 PM org.openqa.selenium.chromium.ChromiumDriver lambda$new$3
WARNING: Unable to find version of CDP to use for . You may need to include a dependency on a specific version of the CDP using something similar to `org.seleniumhq.selenium:selenium-devtools-v86:4.1.2` where the version ("v86") matches the version of the chromium-based browser you're using and the version number of the artifact is the same as Selenium's.
]]></system-err>
  </testcase>
  <testcase name="When User click avatar navigation" classname="Scenario: Student search for teachers by input valid mata pelajaran and valid lokasi" time="0"/>
  <testcase name="And User click menu Masuk" classname="Scenario: Student search for teachers by input valid mata pelajaran and valid lokasi" time="0"/>
  <testcase name="And User input &quot;sucimurid@gmail.com&quot; as email and input &quot;sucimurid&quot; as password" classname="Scenario: Student search for teachers by input valid mata pelajaran and valid lokasi" time="0"/>
  <testcase name="And User clicked masuk button" classname="Scenario: Student search for teachers by input valid mata pelajaran and valid lokasi" time="0"/>
  <testcase name="When Student click menu Beranda" classname="Scenario: Student search for teachers by input valid mata pelajaran and valid lokasi" time="0">
    <system-out><![CDATA[
  Background:                                                                       &amp#27;[90m# features/CariGuru.feature:4&amp#27;[0m
    &amp#27;[32mGiven &amp#27;[0m&amp#27;[32mUser open the website GuruMu&amp#27;[0m                                              &amp#27;[90m# LoginSteps.userOpenTheWebsiteGuruMu()&amp#27;[0m
    &amp#27;[32mWhen &amp#27;[0m&amp#27;[32mUser click avatar navigation&amp#27;[0m                                               &amp#27;[90m# LoginSteps.userClickAvatarNavigation()&amp#27;[0m
    &amp#27;[32mAnd &amp#27;[0m&amp#27;[32mUser click menu Masuk&amp#27;[0m                                                       &amp#27;[90m# LoginSteps.userClickMenuMasuk()&amp#27;[0m
    &amp#27;[32mAnd &amp#27;[0m&amp#27;[32mUser input "&amp#27;[0m&amp#27;[32m&amp#27;[1msucimurid@gmail.com&amp#27;[0m&amp#27;[32m" as email and input "&amp#27;[0m&amp#27;[32m&amp#27;[1msucimurid&amp#27;[0m&amp#27;[32m" as password&amp#27;[0m &amp#27;[90m# LoginSteps.inputCredential(String,String)&amp#27;[0m
    &amp#27;[32mAnd &amp#27;[0m&amp#27;[32mUser clicked masuk button&amp#27;[0m                                                   &amp#27;[90m# LoginSteps.userClickMasukButton()&amp#27;[0m
]]></system-out>
  </testcase>
  <testcase name="And Student input &quot;matematika&quot; as mata pelajaran" classname="Scenario: Student search for teachers by input valid mata pelajaran and valid lokasi" time="0"/>
  <testcase name="And Student input &quot;jakarta&quot; as lokasi" classname="Scenario: Student search for teachers by input valid mata pelajaran and valid lokasi" time="0"/>
  <testcase name="Then Should show teacher list" classname="Scenario: Student search for teachers by input valid mata pelajaran and valid lokasi" time="0"/>
  <testcase name="And Verify teacher lokasi &quot;jakarta&quot;" classname="Scenario: Student search for teachers by input valid mata pelajaran and valid lokasi" time="0.011">
    <error message="no such element: Unable to locate element: {&quot;method&quot;:&quot;xpath&quot;,&quot;selector&quot;:&quot;//p[.=&apos;jakarta&apos;]&quot;}&#10;  (Session info: chrome=110.0.5481.100)&#10;For documentation on this error, please visit: https://selenium.dev/exceptions/#no_such_element&#10;Build info: version: &apos;4.1.2&apos;, revision: &apos;9a5a329c5a&apos;&#10;System info: host: &apos;nsystem-mbp&apos;, ip: &apos;fe80:0:0:0:ce7:beec:a50b:8367%en0&apos;, os.name: &apos;Mac OS X&apos;, os.arch: &apos;x86_64&apos;, os.version: &apos;10.16&apos;, java.version: &apos;1.8.0_201&apos;&#10;Driver info: org.openqa.selenium.chrome.ChromeDriver&#10;Command: [a7f6bd9276cd7999440181dae22f1017, findChildElement {id=44b2ef6b-0dcd-402b-a13b-ed1b627d9c6d, using=xpath, value=//p[.=&apos;jakarta&apos;]}]&#10;Capabilities {acceptInsecureCerts: false, browserName: chrome, browserVersion: 110.0.5481.100, chrome: {chromedriverVersion: 110.0.5481.77 (65ed616c6e8e..., userDataDir: /var/folders/00/xzw63_pj58g...}, goog:chromeOptions: {debuggerAddress: localhost:63764}, javascriptEnabled: true, networkConnectionEnabled: false, pageLoadStrategy: normal, platform: MAC, platformName: MAC, proxy: Proxy(), se:cdp: ws://localhost:63764/devtoo..., se:cdpVersion: 110.0.5481.100, setWindowRect: true, strictFileInteractability: false, timeouts: {implicit: 0, pageLoad: 300000, script: 30000}, unhandledPromptBehavior: dismiss and notify, webauthn:extension:credBlob: true, webauthn:extension:largeBlob: true, webauthn:virtualAuthenticators: true}&#10;Session ID: a7f6bd9276cd7999440181dae22f1017" type="org.openqa.selenium.NoSuchElementException"><![CDATA[org.openqa.selenium.NoSuchElementException: 
no such element: Unable to locate element: {"method":"xpath","selector":"//p[.='jakarta']"}
  (Session info: chrome=110.0.5481.100)
For documentation on this error, please visit: https://selenium.dev/exceptions/#no_such_element
Build info: version: '4.1.2', revision: '9a5a329c5a'
System info: host: 'nsystem-mbp', ip: 'fe80:0:0:0:ce7:beec:a50b:8367%en0', os.name: 'Mac OS X', os.arch: 'x86_64', os.version: '10.16', java.version: '1.8.0_201'
Driver info: org.openqa.selenium.chrome.ChromeDriver
Command: [a7f6bd9276cd7999440181dae22f1017, findChildElement {id=44b2ef6b-0dcd-402b-a13b-ed1b627d9c6d, using=xpath, value=//p[.='jakarta']}]
Capabilities {acceptInsecureCerts: false, browserName: chrome, browserVersion: 110.0.5481.100, chrome: {chromedriverVersion: 110.0.5481.77 (65ed616c6e8e..., userDataDir: /var/folders/00/xzw63_pj58g...}, goog:chromeOptions: {debuggerAddress: localhost:63764}, javascriptEnabled: true, networkConnectionEnabled: false, pageLoadStrategy: normal, platform: MAC, platformName: MAC, proxy: Proxy(), se:cdp: ws://localhost:63764/devtoo..., se:cdpVersion: 110.0.5481.100, setWindowRect: true, strictFileInteractability: false, timeouts: {implicit: 0, pageLoad: 300000, script: 30000}, unhandledPromptBehavior: dismiss and notify, webauthn:extension:credBlob: true, webauthn:extension:largeBlob: true, webauthn:virtualAuthenticators: true}
Session ID: a7f6bd9276cd7999440181dae22f1017
]]></error>
  </testcase>
  <testcase name="" classname="Scenario: Student search for teachers by input valid mata pelajaran and valid lokasi" time="0.012">
    <error message="no such element: Unable to locate element: {&quot;method&quot;:&quot;xpath&quot;,&quot;selector&quot;:&quot;//p[.=&apos;jakarta&apos;]&quot;}&#10;  (Session info: chrome=110.0.5481.100)&#10;For documentation on this error, please visit: https://selenium.dev/exceptions/#no_such_element&#10;Build info: version: &apos;4.1.2&apos;, revision: &apos;9a5a329c5a&apos;&#10;System info: host: &apos;nsystem-mbp&apos;, ip: &apos;fe80:0:0:0:ce7:beec:a50b:8367%en0&apos;, os.name: &apos;Mac OS X&apos;, os.arch: &apos;x86_64&apos;, os.version: &apos;10.16&apos;, java.version: &apos;1.8.0_201&apos;&#10;Driver info: org.openqa.selenium.chrome.ChromeDriver&#10;Command: [a7f6bd9276cd7999440181dae22f1017, findChildElement {id=44b2ef6b-0dcd-402b-a13b-ed1b627d9c6d, using=xpath, value=//p[.=&apos;jakarta&apos;]}]&#10;Capabilities {acceptInsecureCerts: false, browserName: chrome, browserVersion: 110.0.5481.100, chrome: {chromedriverVersion: 110.0.5481.77 (65ed616c6e8e..., userDataDir: /var/folders/00/xzw63_pj58g...}, goog:chromeOptions: {debuggerAddress: localhost:63764}, javascriptEnabled: true, networkConnectionEnabled: false, pageLoadStrategy: normal, platform: MAC, platformName: MAC, proxy: Proxy(), se:cdp: ws://localhost:63764/devtoo..., se:cdpVersion: 110.0.5481.100, setWindowRect: true, strictFileInteractability: false, timeouts: {implicit: 0, pageLoad: 300000, script: 30000}, unhandledPromptBehavior: dismiss and notify, webauthn:extension:credBlob: true, webauthn:extension:largeBlob: true, webauthn:virtualAuthenticators: true}&#10;Session ID: a7f6bd9276cd7999440181dae22f1017" type="org.openqa.selenium.NoSuchElementException"><![CDATA[org.openqa.selenium.NoSuchElementException: 
no such element: Unable to locate element: {"method":"xpath","selector":"//p[.='jakarta']"}
  (Session info: chrome=110.0.5481.100)
For documentation on this error, please visit: https://selenium.dev/exceptions/#no_such_element
Build info: version: '4.1.2', revision: '9a5a329c5a'
System info: host: 'nsystem-mbp', ip: 'fe80:0:0:0:ce7:beec:a50b:8367%en0', os.name: 'Mac OS X', os.arch: 'x86_64', os.version: '10.16', java.version: '1.8.0_201'
Driver info: org.openqa.selenium.chrome.ChromeDriver
Command: [a7f6bd9276cd7999440181dae22f1017, findChildElement {id=44b2ef6b-0dcd-402b-a13b-ed1b627d9c6d, using=xpath, value=//p[.='jakarta']}]
Capabilities {acceptInsecureCerts: false, browserName: chrome, browserVersion: 110.0.5481.100, chrome: {chromedriverVersion: 110.0.5481.77 (65ed616c6e8e..., userDataDir: /var/folders/00/xzw63_pj58g...}, goog:chromeOptions: {debuggerAddress: localhost:63764}, javascriptEnabled: true, networkConnectionEnabled: false, pageLoadStrategy: normal, platform: MAC, platformName: MAC, proxy: Proxy(), se:cdp: ws://localhost:63764/devtoo..., se:cdpVersion: 110.0.5481.100, setWindowRect: true, strictFileInteractability: false, timeouts: {implicit: 0, pageLoad: 300000, script: 30000}, unhandledPromptBehavior: dismiss and notify, webauthn:extension:credBlob: true, webauthn:extension:largeBlob: true, webauthn:virtualAuthenticators: true}
Session ID: a7f6bd9276cd7999440181dae22f1017
]]></error>
  </testcase>
  <testcase name="Given User open the website GuruMu" classname="Scenario: Students search for teachers without search filter" time="0">
    <system-out><![CDATA[
  Scenario: Student search for teachers by input valid mata pelajaran and valid lokasi &amp#27;[90m# features/CariGuru.feature:157&amp#27;[0m
    &amp#27;[32mWhen &amp#27;[0m&amp#27;[32mStudent click menu Beranda&amp#27;[0m                                                    &amp#27;[90m# CariGuruSteps.studentClickMenuBeranda()&amp#27;[0m
    &amp#27;[32mAnd &amp#27;[0m&amp#27;[32mStudent input "&amp#27;[0m&amp#27;[32m&amp#27;[1mmatematika&amp#27;[0m&amp#27;[32m" as mata pelajaran&amp#27;[0m                                   &amp#27;[90m# CariGuruSteps.studentInputAsMataPelajaran(String)&amp#27;[0m
    &amp#27;[32mAnd &amp#27;[0m&amp#27;[32mStudent input "&amp#27;[0m&amp#27;[32m&amp#27;[1mjakarta&amp#27;[0m&amp#27;[32m" as lokasi&amp#27;[0m                                              &amp#27;[90m# CariGuruSteps.studentInputAsLokasi(String)&amp#27;[0m
    &amp#27;[32mThen &amp#27;[0m&amp#27;[32mShould show teacher list&amp#27;[0m                                                      &amp#27;[90m# CariGuruSteps.shouldShowTeacherList()&amp#27;[0m
    &amp#27;[31mAnd &amp#27;[0m&amp#27;[31mVerify teacher lokasi "&amp#27;[0m&amp#27;[31m&amp#27;[1mjakarta&amp#27;[0m&amp#27;[31m"&amp#27;[0m                                                &amp#27;[90m# CariGuruSteps.verifyTeacherLokasi(String)&amp#27;[0m
      &amp#27;[31morg.openqa.selenium.NoSuchElementException: no such element: Unable to locate element: {"method":"xpath","selector":"//p[.='jakarta']"}
        (Session info: chrome=110.0.5481.100)
      For documentation on this error, please visit: https://selenium.dev/exceptions/#no_such_element
      Build info: version: '4.1.2', revision: '9a5a329c5a'
      System info: host: 'nsystem-mbp', ip: 'fe80:0:0:0:ce7:beec:a50b:8367%en0', os.name: 'Mac OS X', os.arch: 'x86_64', os.version: '10.16', java.version: '1.8.0_201'
      Driver info: org.openqa.selenium.chrome.ChromeDriver
      Command: [a7f6bd9276cd7999440181dae22f1017, findChildElement {id=44b2ef6b-0dcd-402b-a13b-ed1b627d9c6d, using=xpath, value=//p[.='jakarta']}]
      Capabilities {acceptInsecureCerts: false, browserName: chrome, browserVersion: 110.0.5481.100, chrome: {chromedriverVersion: 110.0.5481.77 (65ed616c6e8e..., userDataDir: /var/folders/00/xzw63_pj58g...}, goog:chromeOptions: {debuggerAddress: localhost:63764}, javascriptEnabled: true, networkConnectionEnabled: false, pageLoadStrategy: normal, platform: MAC, platformName: MAC, proxy: Proxy(), se:cdp: ws://localhost:63764/devtoo..., se:cdpVersion: 110.0.5481.100, setWindowRect: true, strictFileInteractability: false, timeouts: {implicit: 0, pageLoad: 300000, script: 30000}, unhandledPromptBehavior: dismiss and notify, webauthn:extension:credBlob: true, webauthn:extension:largeBlob: true, webauthn:virtualAuthenticators: true}
      Session ID: a7f6bd9276cd7999440181dae22f1017
      	at sun.reflect.NativeConstructorAccessorImpl.newInstance0(Native Method)
      	at sun.reflect.NativeConstructorAccessorImpl.newInstance(NativeConstructorAccessorImpl.java:62)
      	at sun.reflect.DelegatingConstructorAccessorImpl.newInstance(DelegatingConstructorAccessorImpl.java:45)
      	at java.lang.reflect.Constructor.newInstance(Constructor.java:423)
      	at org.openqa.selenium.remote.codec.w3c.W3CHttpResponseCodec.createException(W3CHttpResponseCodec.java:200)
      	at org.openqa.selenium.remote.codec.w3c.W3CHttpResponseCodec.decode(W3CHttpResponseCodec.java:133)
      	at org.openqa.selenium.remote.codec.w3c.W3CHttpResponseCodec.decode(W3CHttpResponseCodec.java:53)
      	at org.openqa.selenium.remote.HttpCommandExecutor.execute(HttpCommandExecutor.java:184)
      	at org.openqa.selenium.remote.service.DriverCommandExecutor.invokeExecute(DriverCommandExecutor.java:167)
      	at org.openqa.selenium.remote.service.DriverCommandExecutor.execute(DriverCommandExecutor.java:142)
      	at org.openqa.selenium.remote.RemoteWebDriver.execute(RemoteWebDriver.java:558)
      	at org.openqa.selenium.remote.ElementLocation$ElementFinder$2.findElement(ElementLocation.java:162)
      	at org.openqa.selenium.remote.ElementLocation.findElement(ElementLocation.java:60)
      	at org.openqa.selenium.remote.RemoteWebDriver.findElement(RemoteWebDriver.java:382)
      	at org.openqa.selenium.remote.RemoteWebElement.findElement(RemoteWebElement.java:221)
      	at sun.reflect.NativeMethodAccessorImpl.invoke0(Native Method)
      	at sun.reflect.NativeMethodAccessorImpl.invoke(NativeMethodAccessorImpl.java:62)
      	at sun.reflect.DelegatingMethodAccessorImpl.invoke(DelegatingMethodAccessorImpl.java:43)
      	at java.lang.reflect.Method.invoke(Method.java:498)
      	at org.openqa.selenium.support.pagefactory.internal.LocatingElementHandler.invoke(LocatingElementHandler.java:52)
      	at com.sun.proxy.$Proxy21.findElement(Unknown Source)
      	at org.example.pageObject.BerandaPage.isDisplayListGuruByLokasi(BerandaPage.java:159)
      	at step_definitions.CariGuruSteps.verifyTeacherLokasi(CariGuruSteps.java:48)
      	at ✽.And Verify teacher lokasi "jakarta"(features/CariGuru.feature:162)
      &amp#27;[0m
]]></system-out>
    <system-err><![CDATA[Starting ChromeDriver 110.0.5481.77 (65ed616c6e8ee3fe0ad64fe83796c020644d42af-refs/branch-heads/5481@{#839}) on port 58173
Only local connections are allowed.
Please see https://chromedriver.chromium.org/security-considerations for suggestions on keeping ChromeDriver safe.
ChromeDriver was started successfully.
[1676549764.403][WARNING]: virtual void DevToolsClientImpl::AddListener(DevToolsEventListener *) subscribing a listener to the already connected DevToolsClient. Connection notification will not arrive.
Feb 16, 2023 7:16:04 PM org.openqa.selenium.remote.ProtocolHandshake createSession
INFO: Detected dialect: W3C
Feb 16, 2023 7:16:04 PM org.openqa.selenium.devtools.CdpVersionFinder findNearestMatch
WARNING: Unable to find an exact match for CDP version 110, so returning the closest version found: a no-op implementation
Feb 16, 2023 7:16:04 PM org.openqa.selenium.devtools.CdpVersionFinder findNearestMatch
INFO: Unable to find CDP implementation matching 110.
Feb 16, 2023 7:16:04 PM org.openqa.selenium.chromium.ChromiumDriver lambda$new$3
WARNING: Unable to find version of CDP to use for . You may need to include a dependency on a specific version of the CDP using something similar to `org.seleniumhq.selenium:selenium-devtools-v86:4.1.2` where the version ("v86") matches the version of the chromium-based browser you're using and the version number of the artifact is the same as Selenium's.
]]></system-err>
  </testcase>
  <testcase name="When User click avatar navigation" classname="Scenario: Students search for teachers without search filter" time="0"/>
  <testcase name="And User click menu Masuk" classname="Scenario: Students search for teachers without search filter" time="0"/>
  <testcase name="And User input &quot;sucimurid@gmail.com&quot; as email and input &quot;sucimurid&quot; as password" classname="Scenario: Students search for teachers without search filter" time="0.001"/>
  <testcase name="And User clicked masuk button" classname="Scenario: Students search for teachers without search filter" time="0"/>
  <testcase name="When Student click menu Beranda" classname="Scenario: Students search for teachers without search filter" time="0">
    <system-out><![CDATA[
  Background:                                                                       &amp#27;[90m# features/CariGuru.feature:4&amp#27;[0m
    &amp#27;[32mGiven &amp#27;[0m&amp#27;[32mUser open the website GuruMu&amp#27;[0m                                              &amp#27;[90m# LoginSteps.userOpenTheWebsiteGuruMu()&amp#27;[0m
    &amp#27;[32mWhen &amp#27;[0m&amp#27;[32mUser click avatar navigation&amp#27;[0m                                               &amp#27;[90m# LoginSteps.userClickAvatarNavigation()&amp#27;[0m
    &amp#27;[32mAnd &amp#27;[0m&amp#27;[32mUser click menu Masuk&amp#27;[0m                                                       &amp#27;[90m# LoginSteps.userClickMenuMasuk()&amp#27;[0m
    &amp#27;[32mAnd &amp#27;[0m&amp#27;[32mUser input "&amp#27;[0m&amp#27;[32m&amp#27;[1msucimurid@gmail.com&amp#27;[0m&amp#27;[32m" as email and input "&amp#27;[0m&amp#27;[32m&amp#27;[1msucimurid&amp#27;[0m&amp#27;[32m" as password&amp#27;[0m &amp#27;[90m# LoginSteps.inputCredential(String,String)&amp#27;[0m
    &amp#27;[32mAnd &amp#27;[0m&amp#27;[32mUser clicked masuk button&amp#27;[0m                                                   &amp#27;[90m# LoginSteps.userClickMasukButton()&amp#27;[0m
]]></system-out>
  </testcase>
  <testcase name="Then Should show teacher list" classname="Scenario: Students search for teachers without search filter" time="0"/>
  <testcase name="" classname="Scenario: Students search for teachers without search filter" time="0.151"/>
  <testcase name="Given User already in GuruMu Selesaikan profil anda pop-up form" classname="Scenario: Input valid data in Register teacher next step" time="0">
    <system-out><![CDATA[
  Scenario: Students search for teachers without search filter &amp#27;[90m# features/CariGuru.feature:164&amp#27;[0m
    &amp#27;[32mWhen &amp#27;[0m&amp#27;[32mStudent click menu Beranda&amp#27;[0m                            &amp#27;[90m# CariGuruSteps.studentClickMenuBeranda()&amp#27;[0m
    &amp#27;[32mThen &amp#27;[0m&amp#27;[32mShould show teacher list&amp#27;[0m                              &amp#27;[90m# CariGuruSteps.shouldShowTeacherList()&amp#27;[0m
@Register @Test
Feature: Lengkapi Data Guru
  As a teacher i want to complete my profile
]]></system-out>
    <system-err><![CDATA[Starting ChromeDriver 110.0.5481.77 (65ed616c6e8ee3fe0ad64fe83796c020644d42af-refs/branch-heads/5481@{#839}) on port 57347
Only local connections are allowed.
Please see https://chromedriver.chromium.org/security-considerations for suggestions on keeping ChromeDriver safe.
ChromeDriver was started successfully.
[1676549789.676][WARNING]: virtual void DevToolsClientImpl::AddListener(DevToolsEventListener *) subscribing a listener to the already connected DevToolsClient. Connection notification will not arrive.
Feb 16, 2023 7:16:29 PM org.openqa.selenium.remote.ProtocolHandshake createSession
INFO: Detected dialect: W3C
Feb 16, 2023 7:16:29 PM org.openqa.selenium.devtools.CdpVersionFinder findNearestMatch
WARNING: Unable to find an exact match for CDP version 110, so returning the closest version found: a no-op implementation
Feb 16, 2023 7:16:29 PM org.openqa.selenium.devtools.CdpVersionFinder findNearestMatch
INFO: Unable to find CDP implementation matching 110.
Feb 16, 2023 7:16:29 PM org.openqa.selenium.chromium.ChromiumDriver lambda$new$3
WARNING: Unable to find version of CDP to use for . You may need to include a dependency on a specific version of the CDP using something similar to `org.seleniumhq.selenium:selenium-devtools-v86:4.1.2` where the version ("v86") matches the version of the chromium-based browser you're using and the version number of the artifact is the same as Selenium's.
]]></system-err>
  </testcase>
  <testcase name="When User input all valid data in selesaikan profil anda form" classname="Scenario: Input valid data in Register teacher next step" time="0.009">
    <error message="no such element: Unable to locate element: {&quot;method&quot;:&quot;xpath&quot;,&quot;selector&quot;:&quot;//input[@id=&apos;input-linkedin&apos;]&quot;}&#10;  (Session info: chrome=110.0.5481.100)&#10;For documentation on this error, please visit: https://selenium.dev/exceptions/#no_such_element&#10;Build info: version: &apos;4.1.2&apos;, revision: &apos;9a5a329c5a&apos;&#10;System info: host: &apos;nsystem-mbp&apos;, ip: &apos;fe80:0:0:0:ce7:beec:a50b:8367%en0&apos;, os.name: &apos;Mac OS X&apos;, os.arch: &apos;x86_64&apos;, os.version: &apos;10.16&apos;, java.version: &apos;1.8.0_201&apos;&#10;Driver info: org.openqa.selenium.chrome.ChromeDriver&#10;Command: [076978a4663d2b713b79fef7def51339, findElement {using=xpath, value=//input[@id=&apos;input-linkedin&apos;]}]&#10;Capabilities {acceptInsecureCerts: false, browserName: chrome, browserVersion: 110.0.5481.100, chrome: {chromedriverVersion: 110.0.5481.77 (65ed616c6e8e..., userDataDir: /var/folders/00/xzw63_pj58g...}, goog:chromeOptions: {debuggerAddress: localhost:63806}, javascriptEnabled: true, networkConnectionEnabled: false, pageLoadStrategy: normal, platform: MAC, platformName: MAC, proxy: Proxy(), se:cdp: ws://localhost:63806/devtoo..., se:cdpVersion: 110.0.5481.100, setWindowRect: true, strictFileInteractability: false, timeouts: {implicit: 0, pageLoad: 300000, script: 30000}, unhandledPromptBehavior: dismiss and notify, webauthn:extension:credBlob: true, webauthn:extension:largeBlob: true, webauthn:virtualAuthenticators: true}&#10;Session ID: 076978a4663d2b713b79fef7def51339" type="org.openqa.selenium.NoSuchElementException"><![CDATA[org.openqa.selenium.NoSuchElementException: 
no such element: Unable to locate element: {"method":"xpath","selector":"//input[@id='input-linkedin']"}
  (Session info: chrome=110.0.5481.100)
For documentation on this error, please visit: https://selenium.dev/exceptions/#no_such_element
Build info: version: '4.1.2', revision: '9a5a329c5a'
System info: host: 'nsystem-mbp', ip: 'fe80:0:0:0:ce7:beec:a50b:8367%en0', os.name: 'Mac OS X', os.arch: 'x86_64', os.version: '10.16', java.version: '1.8.0_201'
Driver info: org.openqa.selenium.chrome.ChromeDriver
Command: [076978a4663d2b713b79fef7def51339, findElement {using=xpath, value=//input[@id='input-linkedin']}]
Capabilities {acceptInsecureCerts: false, browserName: chrome, browserVersion: 110.0.5481.100, chrome: {chromedriverVersion: 110.0.5481.77 (65ed616c6e8e..., userDataDir: /var/folders/00/xzw63_pj58g...}, goog:chromeOptions: {debuggerAddress: localhost:63806}, javascriptEnabled: true, networkConnectionEnabled: false, pageLoadStrategy: normal, platform: MAC, platformName: MAC, proxy: Proxy(), se:cdp: ws://localhost:63806/devtoo..., se:cdpVersion: 110.0.5481.100, setWindowRect: true, strictFileInteractability: false, timeouts: {implicit: 0, pageLoad: 300000, script: 30000}, unhandledPromptBehavior: dismiss and notify, webauthn:extension:credBlob: true, webauthn:extension:largeBlob: true, webauthn:virtualAuthenticators: true}
Session ID: 076978a4663d2b713b79fef7def51339
]]></error>
  </testcase>
  <testcase name="" classname="Scenario: Input valid data in Register teacher next step" time="0.01">
    <error message="no such element: Unable to locate element: {&quot;method&quot;:&quot;xpath&quot;,&quot;selector&quot;:&quot;//input[@id=&apos;input-linkedin&apos;]&quot;}&#10;  (Session info: chrome=110.0.5481.100)&#10;For documentation on this error, please visit: https://selenium.dev/exceptions/#no_such_element&#10;Build info: version: &apos;4.1.2&apos;, revision: &apos;9a5a329c5a&apos;&#10;System info: host: &apos;nsystem-mbp&apos;, ip: &apos;fe80:0:0:0:ce7:beec:a50b:8367%en0&apos;, os.name: &apos;Mac OS X&apos;, os.arch: &apos;x86_64&apos;, os.version: &apos;10.16&apos;, java.version: &apos;1.8.0_201&apos;&#10;Driver info: org.openqa.selenium.chrome.ChromeDriver&#10;Command: [076978a4663d2b713b79fef7def51339, findElement {using=xpath, value=//input[@id=&apos;input-linkedin&apos;]}]&#10;Capabilities {acceptInsecureCerts: false, browserName: chrome, browserVersion: 110.0.5481.100, chrome: {chromedriverVersion: 110.0.5481.77 (65ed616c6e8e..., userDataDir: /var/folders/00/xzw63_pj58g...}, goog:chromeOptions: {debuggerAddress: localhost:63806}, javascriptEnabled: true, networkConnectionEnabled: false, pageLoadStrategy: normal, platform: MAC, platformName: MAC, proxy: Proxy(), se:cdp: ws://localhost:63806/devtoo..., se:cdpVersion: 110.0.5481.100, setWindowRect: true, strictFileInteractability: false, timeouts: {implicit: 0, pageLoad: 300000, script: 30000}, unhandledPromptBehavior: dismiss and notify, webauthn:extension:credBlob: true, webauthn:extension:largeBlob: true, webauthn:virtualAuthenticators: true}&#10;Session ID: 076978a4663d2b713b79fef7def51339" type="org.openqa.selenium.NoSuchElementException"><![CDATA[org.openqa.selenium.NoSuchElementException: 
no such element: Unable to locate element: {"method":"xpath","selector":"//input[@id='input-linkedin']"}
  (Session info: chrome=110.0.5481.100)
For documentation on this error, please visit: https://selenium.dev/exceptions/#no_such_element
Build info: version: '4.1.2', revision: '9a5a329c5a'
System info: host: 'nsystem-mbp', ip: 'fe80:0:0:0:ce7:beec:a50b:8367%en0', os.name: 'Mac OS X', os.arch: 'x86_64', os.version: '10.16', java.version: '1.8.0_201'
Driver info: org.openqa.selenium.chrome.ChromeDriver
Command: [076978a4663d2b713b79fef7def51339, findElement {using=xpath, value=//input[@id='input-linkedin']}]
Capabilities {acceptInsecureCerts: false, browserName: chrome, browserVersion: 110.0.5481.100, chrome: {chromedriverVersion: 110.0.5481.77 (65ed616c6e8e..., userDataDir: /var/folders/00/xzw63_pj58g...}, goog:chromeOptions: {debuggerAddress: localhost:63806}, javascriptEnabled: true, networkConnectionEnabled: false, pageLoadStrategy: normal, platform: MAC, platformName: MAC, proxy: Proxy(), se:cdp: ws://localhost:63806/devtoo..., se:cdpVersion: 110.0.5481.100, setWindowRect: true, strictFileInteractability: false, timeouts: {implicit: 0, pageLoad: 300000, script: 30000}, unhandledPromptBehavior: dismiss and notify, webauthn:extension:credBlob: true, webauthn:extension:largeBlob: true, webauthn:virtualAuthenticators: true}
Session ID: 076978a4663d2b713b79fef7def51339
]]></error>
  </testcase>
  <testcase name="And User select &quot;Sekolah Menengah Atas&quot; in Pemilihan Jenjang Pengajaran field" classname="Scenario: Input valid data in Register teacher next step" time="0">
    <skipped/>
  </testcase>
  <testcase name="And User upload photo and ijazah with valid requirement" classname="Scenario: Input valid data in Register teacher next step" time="0">
    <skipped/>
  </testcase>
  <testcase name="Then User click Update data Button" classname="Scenario: Input valid data in Register teacher next step" time="0">
    <skipped/>
  </testcase>
  <testcase name="And User will see alert message &quot;sukses update data guru&quot;" classname="Scenario: Input valid data in Register teacher next step" time="0">
    <skipped/>
  </testcase>
  <testcase name="Given User already in GuruMu Selesaikan profil pop-up form" classname="Scenario: Empty the alamat in Register teacher next step" time="0">
    <system-out><![CDATA[
  @LengkapiDataGuru
  Scenario: Input valid data in Register teacher next step                        &amp#27;[90m# features/LengkapiDataGuru.feature:6&amp#27;[0m
    &amp#27;[32mGiven &amp#27;[0m&amp#27;[32mUser already in GuruMu Selesaikan profil anda pop-up form&amp#27;[0m               &amp#27;[90m# RegisterSteps.userAlreadyInGuruMuSelesaikanProfilAndaPopUpForm()&amp#27;[0m
    &amp#27;[31mWhen &amp#27;[0m&amp#27;[31mUser input all valid data in selesaikan profil anda form&amp#27;[0m                 &amp#27;[90m# RegisterSteps.userInputAllValidDataInSelesaikanProfilAndaForm()&amp#27;[0m
      &amp#27;[31morg.openqa.selenium.NoSuchElementException: no such element: Unable to locate element: {"method":"xpath","selector":"//input[@id='input-linkedin']"}
        (Session info: chrome=110.0.5481.100)
      For documentation on this error, please visit: https://selenium.dev/exceptions/#no_such_element
      Build info: version: '4.1.2', revision: '9a5a329c5a'
      System info: host: 'nsystem-mbp', ip: 'fe80:0:0:0:ce7:beec:a50b:8367%en0', os.name: 'Mac OS X', os.arch: 'x86_64', os.version: '10.16', java.version: '1.8.0_201'
      Driver info: org.openqa.selenium.chrome.ChromeDriver
      Command: [076978a4663d2b713b79fef7def51339, findElement {using=xpath, value=//input[@id='input-linkedin']}]
      Capabilities {acceptInsecureCerts: false, browserName: chrome, browserVersion: 110.0.5481.100, chrome: {chromedriverVersion: 110.0.5481.77 (65ed616c6e8e..., userDataDir: /var/folders/00/xzw63_pj58g...}, goog:chromeOptions: {debuggerAddress: localhost:63806}, javascriptEnabled: true, networkConnectionEnabled: false, pageLoadStrategy: normal, platform: MAC, platformName: MAC, proxy: Proxy(), se:cdp: ws://localhost:63806/devtoo..., se:cdpVersion: 110.0.5481.100, setWindowRect: true, strictFileInteractability: false, timeouts: {implicit: 0, pageLoad: 300000, script: 30000}, unhandledPromptBehavior: dismiss and notify, webauthn:extension:credBlob: true, webauthn:extension:largeBlob: true, webauthn:virtualAuthenticators: true}
      Session ID: 076978a4663d2b713b79fef7def51339
      	at sun.reflect.NativeConstructorAccessorImpl.newInstance0(Native Method)
      	at sun.reflect.NativeConstructorAccessorImpl.newInstance(NativeConstructorAccessorImpl.java:62)
      	at sun.reflect.DelegatingConstructorAccessorImpl.newInstance(DelegatingConstructorAccessorImpl.java:45)
      	at java.lang.reflect.Constructor.newInstance(Constructor.java:423)
      	at org.openqa.selenium.remote.codec.w3c.W3CHttpResponseCodec.createException(W3CHttpResponseCodec.java:200)
      	at org.openqa.selenium.remote.codec.w3c.W3CHttpResponseCodec.decode(W3CHttpResponseCodec.java:133)
      	at org.openqa.selenium.remote.codec.w3c.W3CHttpResponseCodec.decode(W3CHttpResponseCodec.java:53)
      	at org.openqa.selenium.remote.HttpCommandExecutor.execute(HttpCommandExecutor.java:184)
      	at org.openqa.selenium.remote.service.DriverCommandExecutor.invokeExecute(DriverCommandExecutor.java:167)
      	at org.openqa.selenium.remote.service.DriverCommandExecutor.execute(DriverCommandExecutor.java:142)
      	at org.openqa.selenium.remote.RemoteWebDriver.execute(RemoteWebDriver.java:558)
      	at org.openqa.selenium.remote.ElementLocation$ElementFinder$2.findElement(ElementLocation.java:162)
      	at org.openqa.selenium.remote.ElementLocation.findElement(ElementLocation.java:60)
      	at org.openqa.selenium.remote.RemoteWebDriver.findElement(RemoteWebDriver.java:382)
      	at org.openqa.selenium.remote.RemoteWebDriver.findElement(RemoteWebDriver.java:374)
      	at org.openqa.selenium.support.pagefactory.DefaultElementLocator.findElement(DefaultElementLocator.java:70)
      	at org.openqa.selenium.support.pagefactory.internal.LocatingElementHandler.invoke(LocatingElementHandler.java:39)
      	at com.sun.proxy.$Proxy21.sendKeys(Unknown Source)
      	at org.example.pageObject.RegisterPage.setLinkedin(RegisterPage.java:120)
      	at step_definitions.RegisterSteps.userInputAllValidDataInSelesaikanProfilAndaForm(RegisterSteps.java:144)
      	at ✽.When User input all valid data in selesaikan profil anda form(features/LengkapiDataGuru.feature:8)
      &amp#27;[0m
    &amp#27;[36mAnd &amp#27;[0m&amp#27;[36mUser select "&amp#27;[0m&amp#27;[36m&amp#27;[1mSekolah Menengah Atas&amp#27;[0m&amp#27;[36m" in Pemilihan Jenjang Pengajaran field&amp#27;[0m &amp#27;[90m# RegisterSteps.userSelectInPemilihanJenjangPengajaranField(String)&amp#27;[0m
    &amp#27;[36mAnd &amp#27;[0m&amp#27;[36mUser upload photo and ijazah with valid requirement&amp#27;[0m                       &amp#27;[90m# RegisterSteps.userUploadPhotoAndIjazahWithValidRequirement()&amp#27;[0m
    &amp#27;[36mThen &amp#27;[0m&amp#27;[36mUser click Update data Button&amp#27;[0m                                            &amp#27;[90m# RegisterSteps.userClickUpdateDataButton()&amp#27;[0m
    &amp#27;[36mAnd &amp#27;[0m&amp#27;[36mUser will see alert message "&amp#27;[0m&amp#27;[36m&amp#27;[1msukses update data guru&amp#27;[0m&amp#27;[36m"&amp#27;[0m                     &amp#27;[90m# RegisterSteps.userWillSeeAlertMessages(String)&amp#27;[0m
]]></system-out>
    <system-err><![CDATA[Starting ChromeDriver 110.0.5481.77 (65ed616c6e8ee3fe0ad64fe83796c020644d42af-refs/branch-heads/5481@{#839}) on port 64364
Only local connections are allowed.
Please see https://chromedriver.chromium.org/security-considerations for suggestions on keeping ChromeDriver safe.
ChromeDriver was started successfully.
[1676549814.698][WARNING]: virtual void DevToolsClientImpl::AddListener(DevToolsEventListener *) subscribing a listener to the already connected DevToolsClient. Connection notification will not arrive.
Feb 16, 2023 7:16:54 PM org.openqa.selenium.remote.ProtocolHandshake createSession
INFO: Detected dialect: W3C
Feb 16, 2023 7:16:55 PM org.openqa.selenium.devtools.CdpVersionFinder findNearestMatch
WARNING: Unable to find an exact match for CDP version 110, so returning the closest version found: a no-op implementation
Feb 16, 2023 7:16:55 PM org.openqa.selenium.devtools.CdpVersionFinder findNearestMatch
INFO: Unable to find CDP implementation matching 110.
Feb 16, 2023 7:16:55 PM org.openqa.selenium.chromium.ChromiumDriver lambda$new$3
WARNING: Unable to find version of CDP to use for . You may need to include a dependency on a specific version of the CDP using something similar to `org.seleniumhq.selenium:selenium-devtools-v86:4.1.2` where the version ("v86") matches the version of the chromium-based browser you're using and the version number of the artifact is the same as Selenium's.
]]></system-err>
  </testcase>
  <testcase name="When User input valid data but empty alamat field" classname="Scenario: Empty the alamat in Register teacher next step" time="0.005">
    <error message="no such element: Unable to locate element: {&quot;method&quot;:&quot;xpath&quot;,&quot;selector&quot;:&quot;//input[@id=&apos;input-linkedin&apos;]&quot;}&#10;  (Session info: chrome=110.0.5481.100)&#10;For documentation on this error, please visit: https://selenium.dev/exceptions/#no_such_element&#10;Build info: version: &apos;4.1.2&apos;, revision: &apos;9a5a329c5a&apos;&#10;System info: host: &apos;nsystem-mbp&apos;, ip: &apos;fe80:0:0:0:ce7:beec:a50b:8367%en0&apos;, os.name: &apos;Mac OS X&apos;, os.arch: &apos;x86_64&apos;, os.version: &apos;10.16&apos;, java.version: &apos;1.8.0_201&apos;&#10;Driver info: org.openqa.selenium.chrome.ChromeDriver&#10;Command: [999c5552063942844296e29fb30ac0e2, findElement {using=xpath, value=//input[@id=&apos;input-linkedin&apos;]}]&#10;Capabilities {acceptInsecureCerts: false, browserName: chrome, browserVersion: 110.0.5481.100, chrome: {chromedriverVersion: 110.0.5481.77 (65ed616c6e8e..., userDataDir: /var/folders/00/xzw63_pj58g...}, goog:chromeOptions: {debuggerAddress: localhost:63827}, javascriptEnabled: true, networkConnectionEnabled: false, pageLoadStrategy: normal, platform: MAC, platformName: MAC, proxy: Proxy(), se:cdp: ws://localhost:63827/devtoo..., se:cdpVersion: 110.0.5481.100, setWindowRect: true, strictFileInteractability: false, timeouts: {implicit: 0, pageLoad: 300000, script: 30000}, unhandledPromptBehavior: dismiss and notify, webauthn:extension:credBlob: true, webauthn:extension:largeBlob: true, webauthn:virtualAuthenticators: true}&#10;Session ID: 999c5552063942844296e29fb30ac0e2" type="org.openqa.selenium.NoSuchElementException"><![CDATA[org.openqa.selenium.NoSuchElementException: 
no such element: Unable to locate element: {"method":"xpath","selector":"//input[@id='input-linkedin']"}
  (Session info: chrome=110.0.5481.100)
For documentation on this error, please visit: https://selenium.dev/exceptions/#no_such_element
Build info: version: '4.1.2', revision: '9a5a329c5a'
System info: host: 'nsystem-mbp', ip: 'fe80:0:0:0:ce7:beec:a50b:8367%en0', os.name: 'Mac OS X', os.arch: 'x86_64', os.version: '10.16', java.version: '1.8.0_201'
Driver info: org.openqa.selenium.chrome.ChromeDriver
Command: [999c5552063942844296e29fb30ac0e2, findElement {using=xpath, value=//input[@id='input-linkedin']}]
Capabilities {acceptInsecureCerts: false, browserName: chrome, browserVersion: 110.0.5481.100, chrome: {chromedriverVersion: 110.0.5481.77 (65ed616c6e8e..., userDataDir: /var/folders/00/xzw63_pj58g...}, goog:chromeOptions: {debuggerAddress: localhost:63827}, javascriptEnabled: true, networkConnectionEnabled: false, pageLoadStrategy: normal, platform: MAC, platformName: MAC, proxy: Proxy(), se:cdp: ws://localhost:63827/devtoo..., se:cdpVersion: 110.0.5481.100, setWindowRect: true, strictFileInteractability: false, timeouts: {implicit: 0, pageLoad: 300000, script: 30000}, unhandledPromptBehavior: dismiss and notify, webauthn:extension:credBlob: true, webauthn:extension:largeBlob: true, webauthn:virtualAuthenticators: true}
Session ID: 999c5552063942844296e29fb30ac0e2
]]></error>
  </testcase>
  <testcase name="" classname="Scenario: Empty the alamat in Register teacher next step" time="0.007">
    <error message="no such element: Unable to locate element: {&quot;method&quot;:&quot;xpath&quot;,&quot;selector&quot;:&quot;//input[@id=&apos;input-linkedin&apos;]&quot;}&#10;  (Session info: chrome=110.0.5481.100)&#10;For documentation on this error, please visit: https://selenium.dev/exceptions/#no_such_element&#10;Build info: version: &apos;4.1.2&apos;, revision: &apos;9a5a329c5a&apos;&#10;System info: host: &apos;nsystem-mbp&apos;, ip: &apos;fe80:0:0:0:ce7:beec:a50b:8367%en0&apos;, os.name: &apos;Mac OS X&apos;, os.arch: &apos;x86_64&apos;, os.version: &apos;10.16&apos;, java.version: &apos;1.8.0_201&apos;&#10;Driver info: org.openqa.selenium.chrome.ChromeDriver&#10;Command: [999c5552063942844296e29fb30ac0e2, findElement {using=xpath, value=//input[@id=&apos;input-linkedin&apos;]}]&#10;Capabilities {acceptInsecureCerts: false, browserName: chrome, browserVersion: 110.0.5481.100, chrome: {chromedriverVersion: 110.0.5481.77 (65ed616c6e8e..., userDataDir: /var/folders/00/xzw63_pj58g...}, goog:chromeOptions: {debuggerAddress: localhost:63827}, javascriptEnabled: true, networkConnectionEnabled: false, pageLoadStrategy: normal, platform: MAC, platformName: MAC, proxy: Proxy(), se:cdp: ws://localhost:63827/devtoo..., se:cdpVersion: 110.0.5481.100, setWindowRect: true, strictFileInteractability: false, timeouts: {implicit: 0, pageLoad: 300000, script: 30000}, unhandledPromptBehavior: dismiss and notify, webauthn:extension:credBlob: true, webauthn:extension:largeBlob: true, webauthn:virtualAuthenticators: true}&#10;Session ID: 999c5552063942844296e29fb30ac0e2" type="org.openqa.selenium.NoSuchElementException"><![CDATA[org.openqa.selenium.NoSuchElementException: 
no such element: Unable to locate element: {"method":"xpath","selector":"//input[@id='input-linkedin']"}
  (Session info: chrome=110.0.5481.100)
For documentation on this error, please visit: https://selenium.dev/exceptions/#no_such_element
Build info: version: '4.1.2', revision: '9a5a329c5a'
System info: host: 'nsystem-mbp', ip: 'fe80:0:0:0:ce7:beec:a50b:8367%en0', os.name: 'Mac OS X', os.arch: 'x86_64', os.version: '10.16', java.version: '1.8.0_201'
Driver info: org.openqa.selenium.chrome.ChromeDriver
Command: [999c5552063942844296e29fb30ac0e2, findElement {using=xpath, value=//input[@id='input-linkedin']}]
Capabilities {acceptInsecureCerts: false, browserName: chrome, browserVersion: 110.0.5481.100, chrome: {chromedriverVersion: 110.0.5481.77 (65ed616c6e8e..., userDataDir: /var/folders/00/xzw63_pj58g...}, goog:chromeOptions: {debuggerAddress: localhost:63827}, javascriptEnabled: true, networkConnectionEnabled: false, pageLoadStrategy: normal, platform: MAC, platformName: MAC, proxy: Proxy(), se:cdp: ws://localhost:63827/devtoo..., se:cdpVersion: 110.0.5481.100, setWindowRect: true, strictFileInteractability: false, timeouts: {implicit: 0, pageLoad: 300000, script: 30000}, unhandledPromptBehavior: dismiss and notify, webauthn:extension:credBlob: true, webauthn:extension:largeBlob: true, webauthn:virtualAuthenticators: true}
Session ID: 999c5552063942844296e29fb30ac0e2
]]></error>
  </testcase>
  <testcase name="And User select &quot;Sekolah Menengah Atas&quot; in Pemilihan Jenjang Pengajaran field" classname="Scenario: Empty the alamat in Register teacher next step" time="0">
    <skipped/>
  </testcase>
  <testcase name="And User upload photo and ijazah with valid requirement" classname="Scenario: Empty the alamat in Register teacher next step" time="0">
    <skipped/>
  </testcase>
  <testcase name="Then User click Update data Button" classname="Scenario: Empty the alamat in Register teacher next step" time="0">
    <skipped/>
  </testcase>
  <testcase name="And User will see alert message &quot;updateData masa kosong sih&quot;" classname="Scenario: Empty the alamat in Register teacher next step" time="0">
    <skipped/>
  </testcase>
  <testcase name="Given User already in GuruMu Selesaikan profil pop-up form" classname="| 08iwq9231313 |" time="0.001">
    <system-out><![CDATA[
  @LengkapiDataGuru
  Scenario: Empty the alamat in Register teacher next step                        &amp#27;[90m# features/LengkapiDataGuru.feature:15&amp#27;[0m
    &amp#27;[32mGiven &amp#27;[0m&amp#27;[32mUser already in GuruMu Selesaikan profil pop-up form&amp#27;[0m                    &amp#27;[90m# RegisterSteps.userAlreadyInGuruMuSelesaikanProfilPopUpForm()&amp#27;[0m
    &amp#27;[31mWhen &amp#27;[0m&amp#27;[31mUser input valid data but empty alamat field&amp#27;[0m                             &amp#27;[90m# RegisterSteps.userInputValidDataButEmptyAlamatField()&amp#27;[0m
      &amp#27;[31morg.openqa.selenium.NoSuchElementException: no such element: Unable to locate element: {"method":"xpath","selector":"//input[@id='input-linkedin']"}
        (Session info: chrome=110.0.5481.100)
      For documentation on this error, please visit: https://selenium.dev/exceptions/#no_such_element
      Build info: version: '4.1.2', revision: '9a5a329c5a'
      System info: host: 'nsystem-mbp', ip: 'fe80:0:0:0:ce7:beec:a50b:8367%en0', os.name: 'Mac OS X', os.arch: 'x86_64', os.version: '10.16', java.version: '1.8.0_201'
      Driver info: org.openqa.selenium.chrome.ChromeDriver
      Command: [999c5552063942844296e29fb30ac0e2, findElement {using=xpath, value=//input[@id='input-linkedin']}]
      Capabilities {acceptInsecureCerts: false, browserName: chrome, browserVersion: 110.0.5481.100, chrome: {chromedriverVersion: 110.0.5481.77 (65ed616c6e8e..., userDataDir: /var/folders/00/xzw63_pj58g...}, goog:chromeOptions: {debuggerAddress: localhost:63827}, javascriptEnabled: true, networkConnectionEnabled: false, pageLoadStrategy: normal, platform: MAC, platformName: MAC, proxy: Proxy(), se:cdp: ws://localhost:63827/devtoo..., se:cdpVersion: 110.0.5481.100, setWindowRect: true, strictFileInteractability: false, timeouts: {implicit: 0, pageLoad: 300000, script: 30000}, unhandledPromptBehavior: dismiss and notify, webauthn:extension:credBlob: true, webauthn:extension:largeBlob: true, webauthn:virtualAuthenticators: true}
      Session ID: 999c5552063942844296e29fb30ac0e2
      	at sun.reflect.NativeConstructorAccessorImpl.newInstance0(Native Method)
      	at sun.reflect.NativeConstructorAccessorImpl.newInstance(NativeConstructorAccessorImpl.java:62)
      	at sun.reflect.DelegatingConstructorAccessorImpl.newInstance(DelegatingConstructorAccessorImpl.java:45)
      	at java.lang.reflect.Constructor.newInstance(Constructor.java:423)
      	at org.openqa.selenium.remote.codec.w3c.W3CHttpResponseCodec.createException(W3CHttpResponseCodec.java:200)
      	at org.openqa.selenium.remote.codec.w3c.W3CHttpResponseCodec.decode(W3CHttpResponseCodec.java:133)
      	at org.openqa.selenium.remote.codec.w3c.W3CHttpResponseCodec.decode(W3CHttpResponseCodec.java:53)
      	at org.openqa.selenium.remote.HttpCommandExecutor.execute(HttpCommandExecutor.java:184)
      	at org.openqa.selenium.remote.service.DriverCommandExecutor.invokeExecute(DriverCommandExecutor.java:167)
      	at org.openqa.selenium.remote.service.DriverCommandExecutor.execute(DriverCommandExecutor.java:142)
      	at org.openqa.selenium.remote.RemoteWebDriver.execute(RemoteWebDriver.java:558)
      	at org.openqa.selenium.remote.ElementLocation$ElementFinder$2.findElement(ElementLocation.java:162)
      	at org.openqa.selenium.remote.ElementLocation.findElement(ElementLocation.java:60)
      	at org.openqa.selenium.remote.RemoteWebDriver.findElement(RemoteWebDriver.java:382)
      	at org.openqa.selenium.remote.RemoteWebDriver.findElement(RemoteWebDriver.java:374)
      	at org.openqa.selenium.support.pagefactory.DefaultElementLocator.findElement(DefaultElementLocator.java:70)
      	at org.openqa.selenium.support.pagefactory.internal.LocatingElementHandler.invoke(LocatingElementHandler.java:39)
      	at com.sun.proxy.$Proxy21.sendKeys(Unknown Source)
      	at org.example.pageObject.RegisterPage.setLinkedin(RegisterPage.java:120)
      	at step_definitions.RegisterSteps.userInputValidDataButEmptyAlamatField(RegisterSteps.java:171)
      	at ✽.When User input valid data but empty alamat field(features/LengkapiDataGuru.feature:17)
      &amp#27;[0m
    &amp#27;[36mAnd &amp#27;[0m&amp#27;[36mUser select "&amp#27;[0m&amp#27;[36m&amp#27;[1mSekolah Menengah Atas&amp#27;[0m&amp#27;[36m" in Pemilihan Jenjang Pengajaran field&amp#27;[0m &amp#27;[90m# RegisterSteps.userSelectInPemilihanJenjangPengajaranField(String)&amp#27;[0m
    &amp#27;[36mAnd &amp#27;[0m&amp#27;[36mUser upload photo and ijazah with valid requirement&amp#27;[0m                       &amp#27;[90m# RegisterSteps.userUploadPhotoAndIjazahWithValidRequirement()&amp#27;[0m
    &amp#27;[36mThen &amp#27;[0m&amp#27;[36mUser click Update data Button&amp#27;[0m                                            &amp#27;[90m# RegisterSteps.userClickUpdateDataButton()&amp#27;[0m
    &amp#27;[36mAnd &amp#27;[0m&amp#27;[36mUser will see alert message "&amp#27;[0m&amp#27;[36m&amp#27;[1mupdateData masa kosong sih&amp#27;[0m&amp#27;[36m"&amp#27;[0m                  &amp#27;[90m# RegisterSteps.userWillSeeAlertMessages(String)&amp#27;[0m

  @LengkapiDataGuru
  Scenario Outline: Input invalid phone number in Register teacher next step      &amp#27;[90m# features/LengkapiDataGuru.feature:24&amp#27;[0m
    &amp#27;[36mGiven &amp#27;[0m&amp#27;[36mUser already in GuruMu Selesaikan profil pop-up form&amp#27;[0m
    &amp#27;[36mWhen &amp#27;[0m&amp#27;[36mUser input valid data but invalid "<phone number>" in Handphone field&amp#27;[0m
    &amp#27;[36mAnd &amp#27;[0m&amp#27;[36mUser select "Sekolah Menengah Atas" in Pemilihan Jenjang Pengajaran field&amp#27;[0m
    &amp#27;[36mAnd &amp#27;[0m&amp#27;[36mUser upload photo and ijazah with valid requirement&amp#27;[0m
    &amp#27;[36mThen &amp#27;[0m&amp#27;[36mUser click Update data Button&amp#27;[0m
    &amp#27;[36mAnd &amp#27;[0m&amp#27;[36mUser will see alert message "updateData masa kosong sih"&amp#27;[0m

    Examples: 
]]></system-out>
    <system-err><![CDATA[Starting ChromeDriver 110.0.5481.77 (65ed616c6e8ee3fe0ad64fe83796c020644d42af-refs/branch-heads/5481@{#839}) on port 49819
Only local connections are allowed.
Please see https://chromedriver.chromium.org/security-considerations for suggestions on keeping ChromeDriver safe.
ChromeDriver was started successfully.
[1676549839.103][WARNING]: virtual void DevToolsClientImpl::AddListener(DevToolsEventListener *) subscribing a listener to the already connected DevToolsClient. Connection notification will not arrive.
Feb 16, 2023 7:17:19 PM org.openqa.selenium.remote.ProtocolHandshake createSession
INFO: Detected dialect: W3C
Feb 16, 2023 7:17:19 PM org.openqa.selenium.devtools.CdpVersionFinder findNearestMatch
WARNING: Unable to find an exact match for CDP version 110, so returning the closest version found: a no-op implementation
Feb 16, 2023 7:17:19 PM org.openqa.selenium.devtools.CdpVersionFinder findNearestMatch
INFO: Unable to find CDP implementation matching 110.
Feb 16, 2023 7:17:19 PM org.openqa.selenium.chromium.ChromiumDriver lambda$new$3
WARNING: Unable to find version of CDP to use for . You may need to include a dependency on a specific version of the CDP using something similar to `org.seleniumhq.selenium:selenium-devtools-v86:4.1.2` where the version ("v86") matches the version of the chromium-based browser you're using and the version number of the artifact is the same as Selenium's.
]]></system-err>
  </testcase>
  <testcase name="When User input valid data but invalid &quot;08iwq9231313&quot; in Handphone field" classname="| 08iwq9231313 |" time="0.003">
    <error message="no such element: Unable to locate element: {&quot;method&quot;:&quot;xpath&quot;,&quot;selector&quot;:&quot;//input[@id=&apos;input-linkedin&apos;]&quot;}&#10;  (Session info: chrome=110.0.5481.100)&#10;For documentation on this error, please visit: https://selenium.dev/exceptions/#no_such_element&#10;Build info: version: &apos;4.1.2&apos;, revision: &apos;9a5a329c5a&apos;&#10;System info: host: &apos;nsystem-mbp&apos;, ip: &apos;fe80:0:0:0:ce7:beec:a50b:8367%en0&apos;, os.name: &apos;Mac OS X&apos;, os.arch: &apos;x86_64&apos;, os.version: &apos;10.16&apos;, java.version: &apos;1.8.0_201&apos;&#10;Driver info: org.openqa.selenium.chrome.ChromeDriver&#10;Command: [982d471799cd70230891983354397f94, findElement {using=xpath, value=//input[@id=&apos;input-linkedin&apos;]}]&#10;Capabilities {acceptInsecureCerts: false, browserName: chrome, browserVersion: 110.0.5481.100, chrome: {chromedriverVersion: 110.0.5481.77 (65ed616c6e8e..., userDataDir: /var/folders/00/xzw63_pj58g...}, goog:chromeOptions: {debuggerAddress: localhost:63847}, javascriptEnabled: true, networkConnectionEnabled: false, pageLoadStrategy: normal, platform: MAC, platformName: MAC, proxy: Proxy(), se:cdp: ws://localhost:63847/devtoo..., se:cdpVersion: 110.0.5481.100, setWindowRect: true, strictFileInteractability: false, timeouts: {implicit: 0, pageLoad: 300000, script: 30000}, unhandledPromptBehavior: dismiss and notify, webauthn:extension:credBlob: true, webauthn:extension:largeBlob: true, webauthn:virtualAuthenticators: true}&#10;Session ID: 982d471799cd70230891983354397f94" type="org.openqa.selenium.NoSuchElementException"><![CDATA[org.openqa.selenium.NoSuchElementException: 
no such element: Unable to locate element: {"method":"xpath","selector":"//input[@id='input-linkedin']"}
  (Session info: chrome=110.0.5481.100)
For documentation on this error, please visit: https://selenium.dev/exceptions/#no_such_element
Build info: version: '4.1.2', revision: '9a5a329c5a'
System info: host: 'nsystem-mbp', ip: 'fe80:0:0:0:ce7:beec:a50b:8367%en0', os.name: 'Mac OS X', os.arch: 'x86_64', os.version: '10.16', java.version: '1.8.0_201'
Driver info: org.openqa.selenium.chrome.ChromeDriver
Command: [982d471799cd70230891983354397f94, findElement {using=xpath, value=//input[@id='input-linkedin']}]
Capabilities {acceptInsecureCerts: false, browserName: chrome, browserVersion: 110.0.5481.100, chrome: {chromedriverVersion: 110.0.5481.77 (65ed616c6e8e..., userDataDir: /var/folders/00/xzw63_pj58g...}, goog:chromeOptions: {debuggerAddress: localhost:63847}, javascriptEnabled: true, networkConnectionEnabled: false, pageLoadStrategy: normal, platform: MAC, platformName: MAC, proxy: Proxy(), se:cdp: ws://localhost:63847/devtoo..., se:cdpVersion: 110.0.5481.100, setWindowRect: true, strictFileInteractability: false, timeouts: {implicit: 0, pageLoad: 300000, script: 30000}, unhandledPromptBehavior: dismiss and notify, webauthn:extension:credBlob: true, webauthn:extension:largeBlob: true, webauthn:virtualAuthenticators: true}
Session ID: 982d471799cd70230891983354397f94
]]></error>
  </testcase>
  <testcase name="" classname="| 08iwq9231313 |" time="0.004">
    <error message="no such element: Unable to locate element: {&quot;method&quot;:&quot;xpath&quot;,&quot;selector&quot;:&quot;//input[@id=&apos;input-linkedin&apos;]&quot;}&#10;  (Session info: chrome=110.0.5481.100)&#10;For documentation on this error, please visit: https://selenium.dev/exceptions/#no_such_element&#10;Build info: version: &apos;4.1.2&apos;, revision: &apos;9a5a329c5a&apos;&#10;System info: host: &apos;nsystem-mbp&apos;, ip: &apos;fe80:0:0:0:ce7:beec:a50b:8367%en0&apos;, os.name: &apos;Mac OS X&apos;, os.arch: &apos;x86_64&apos;, os.version: &apos;10.16&apos;, java.version: &apos;1.8.0_201&apos;&#10;Driver info: org.openqa.selenium.chrome.ChromeDriver&#10;Command: [982d471799cd70230891983354397f94, findElement {using=xpath, value=//input[@id=&apos;input-linkedin&apos;]}]&#10;Capabilities {acceptInsecureCerts: false, browserName: chrome, browserVersion: 110.0.5481.100, chrome: {chromedriverVersion: 110.0.5481.77 (65ed616c6e8e..., userDataDir: /var/folders/00/xzw63_pj58g...}, goog:chromeOptions: {debuggerAddress: localhost:63847}, javascriptEnabled: true, networkConnectionEnabled: false, pageLoadStrategy: normal, platform: MAC, platformName: MAC, proxy: Proxy(), se:cdp: ws://localhost:63847/devtoo..., se:cdpVersion: 110.0.5481.100, setWindowRect: true, strictFileInteractability: false, timeouts: {implicit: 0, pageLoad: 300000, script: 30000}, unhandledPromptBehavior: dismiss and notify, webauthn:extension:credBlob: true, webauthn:extension:largeBlob: true, webauthn:virtualAuthenticators: true}&#10;Session ID: 982d471799cd70230891983354397f94" type="org.openqa.selenium.NoSuchElementException"><![CDATA[org.openqa.selenium.NoSuchElementException: 
no such element: Unable to locate element: {"method":"xpath","selector":"//input[@id='input-linkedin']"}
  (Session info: chrome=110.0.5481.100)
For documentation on this error, please visit: https://selenium.dev/exceptions/#no_such_element
Build info: version: '4.1.2', revision: '9a5a329c5a'
System info: host: 'nsystem-mbp', ip: 'fe80:0:0:0:ce7:beec:a50b:8367%en0', os.name: 'Mac OS X', os.arch: 'x86_64', os.version: '10.16', java.version: '1.8.0_201'
Driver info: org.openqa.selenium.chrome.ChromeDriver
Command: [982d471799cd70230891983354397f94, findElement {using=xpath, value=//input[@id='input-linkedin']}]
Capabilities {acceptInsecureCerts: false, browserName: chrome, browserVersion: 110.0.5481.100, chrome: {chromedriverVersion: 110.0.5481.77 (65ed616c6e8e..., userDataDir: /var/folders/00/xzw63_pj58g...}, goog:chromeOptions: {debuggerAddress: localhost:63847}, javascriptEnabled: true, networkConnectionEnabled: false, pageLoadStrategy: normal, platform: MAC, platformName: MAC, proxy: Proxy(), se:cdp: ws://localhost:63847/devtoo..., se:cdpVersion: 110.0.5481.100, setWindowRect: true, strictFileInteractability: false, timeouts: {implicit: 0, pageLoad: 300000, script: 30000}, unhandledPromptBehavior: dismiss and notify, webauthn:extension:credBlob: true, webauthn:extension:largeBlob: true, webauthn:virtualAuthenticators: true}
Session ID: 982d471799cd70230891983354397f94
]]></error>
  </testcase>
  <testcase name="And User select &quot;Sekolah Menengah Atas&quot; in Pemilihan Jenjang Pengajaran field" classname="| 08iwq9231313 |" time="0">
    <skipped/>
  </testcase>
  <testcase name="And User upload photo and ijazah with valid requirement" classname="| 08iwq9231313 |" time="0">
    <skipped/>
  </testcase>
  <testcase name="Then User click Update data Button" classname="| 08iwq9231313 |" time="0">
    <skipped/>
  </testcase>
  <testcase name="And User will see alert message &quot;updateData masa kosong sih&quot;" classname="| 08iwq9231313 |" time="0">
    <skipped/>
  </testcase>
  <testcase name="Given User already in GuruMu Selesaikan profil pop-up form(| 829(@*#" classname="8389 |" time="0.002">
    <system-out><![CDATA[
  @LengkapiDataGuru @Register @Test
  Scenario Outline: Input invalid phone number in Register teacher next step      &amp#27;[90m# features/LengkapiDataGuru.feature:33&amp#27;[0m
    &amp#27;[32mGiven &amp#27;[0m&amp#27;[32mUser already in GuruMu Selesaikan profil pop-up form&amp#27;[0m                    &amp#27;[90m# RegisterSteps.userAlreadyInGuruMuSelesaikanProfilPopUpForm()&amp#27;[0m
    &amp#27;[31mWhen &amp#27;[0m&amp#27;[31mUser input valid data but invalid "&amp#27;[0m&amp#27;[31m&amp#27;[1m08iwq9231313&amp#27;[0m&amp#27;[31m" in Handphone field&amp#27;[0m      &amp#27;[90m# RegisterSteps.userInputValidDataButInvalidInHandphoneField(String)&amp#27;[0m
      &amp#27;[31morg.openqa.selenium.NoSuchElementException: no such element: Unable to locate element: {"method":"xpath","selector":"//input[@id='input-linkedin']"}
        (Session info: chrome=110.0.5481.100)
      For documentation on this error, please visit: https://selenium.dev/exceptions/#no_such_element
      Build info: version: '4.1.2', revision: '9a5a329c5a'
      System info: host: 'nsystem-mbp', ip: 'fe80:0:0:0:ce7:beec:a50b:8367%en0', os.name: 'Mac OS X', os.arch: 'x86_64', os.version: '10.16', java.version: '1.8.0_201'
      Driver info: org.openqa.selenium.chrome.ChromeDriver
      Command: [982d471799cd70230891983354397f94, findElement {using=xpath, value=//input[@id='input-linkedin']}]
      Capabilities {acceptInsecureCerts: false, browserName: chrome, browserVersion: 110.0.5481.100, chrome: {chromedriverVersion: 110.0.5481.77 (65ed616c6e8e..., userDataDir: /var/folders/00/xzw63_pj58g...}, goog:chromeOptions: {debuggerAddress: localhost:63847}, javascriptEnabled: true, networkConnectionEnabled: false, pageLoadStrategy: normal, platform: MAC, platformName: MAC, proxy: Proxy(), se:cdp: ws://localhost:63847/devtoo..., se:cdpVersion: 110.0.5481.100, setWindowRect: true, strictFileInteractability: false, timeouts: {implicit: 0, pageLoad: 300000, script: 30000}, unhandledPromptBehavior: dismiss and notify, webauthn:extension:credBlob: true, webauthn:extension:largeBlob: true, webauthn:virtualAuthenticators: true}
      Session ID: 982d471799cd70230891983354397f94
      	at sun.reflect.NativeConstructorAccessorImpl.newInstance0(Native Method)
      	at sun.reflect.NativeConstructorAccessorImpl.newInstance(NativeConstructorAccessorImpl.java:62)
      	at sun.reflect.DelegatingConstructorAccessorImpl.newInstance(DelegatingConstructorAccessorImpl.java:45)
      	at java.lang.reflect.Constructor.newInstance(Constructor.java:423)
      	at org.openqa.selenium.remote.codec.w3c.W3CHttpResponseCodec.createException(W3CHttpResponseCodec.java:200)
      	at org.openqa.selenium.remote.codec.w3c.W3CHttpResponseCodec.decode(W3CHttpResponseCodec.java:133)
      	at org.openqa.selenium.remote.codec.w3c.W3CHttpResponseCodec.decode(W3CHttpResponseCodec.java:53)
      	at org.openqa.selenium.remote.HttpCommandExecutor.execute(HttpCommandExecutor.java:184)
      	at org.openqa.selenium.remote.service.DriverCommandExecutor.invokeExecute(DriverCommandExecutor.java:167)
      	at org.openqa.selenium.remote.service.DriverCommandExecutor.execute(DriverCommandExecutor.java:142)
      	at org.openqa.selenium.remote.RemoteWebDriver.execute(RemoteWebDriver.java:558)
      	at org.openqa.selenium.remote.ElementLocation$ElementFinder$2.findElement(ElementLocation.java:162)
      	at org.openqa.selenium.remote.ElementLocation.findElement(ElementLocation.java:60)
      	at org.openqa.selenium.remote.RemoteWebDriver.findElement(RemoteWebDriver.java:382)
      	at org.openqa.selenium.remote.RemoteWebDriver.findElement(RemoteWebDriver.java:374)
      	at org.openqa.selenium.support.pagefactory.DefaultElementLocator.findElement(DefaultElementLocator.java:70)
      	at org.openqa.selenium.support.pagefactory.internal.LocatingElementHandler.invoke(LocatingElementHandler.java:39)
      	at com.sun.proxy.$Proxy21.sendKeys(Unknown Source)
      	at org.example.pageObject.RegisterPage.setLinkedin(RegisterPage.java:120)
      	at step_definitions.RegisterSteps.userInputValidDataButInvalidInHandphoneField(RegisterSteps.java:179)
      	at ✽.When User input valid data but invalid "08iwq9231313" in Handphone field(features/LengkapiDataGuru.feature:26)
      &amp#27;[0m
    &amp#27;[36mAnd &amp#27;[0m&amp#27;[36mUser select "&amp#27;[0m&amp#27;[36m&amp#27;[1mSekolah Menengah Atas&amp#27;[0m&amp#27;[36m" in Pemilihan Jenjang Pengajaran field&amp#27;[0m &amp#27;[90m# RegisterSteps.userSelectInPemilihanJenjangPengajaranField(String)&amp#27;[0m
    &amp#27;[36mAnd &amp#27;[0m&amp#27;[36mUser upload photo and ijazah with valid requirement&amp#27;[0m                       &amp#27;[90m# RegisterSteps.userUploadPhotoAndIjazahWithValidRequirement()&amp#27;[0m
    &amp#27;[36mThen &amp#27;[0m&amp#27;[36mUser click Update data Button&amp#27;[0m                                            &amp#27;[90m# RegisterSteps.userClickUpdateDataButton()&amp#27;[0m
    &amp#27;[36mAnd &amp#27;[0m&amp#27;[36mUser will see alert message "&amp#27;[0m&amp#27;[36m&amp#27;[1mupdateData masa kosong sih&amp#27;[0m&amp#27;[36m"&amp#27;[0m                  &amp#27;[90m# RegisterSteps.userWillSeeAlertMessages(String)&amp#27;[0m
]]></system-out>
    <system-err><![CDATA[Starting ChromeDriver 110.0.5481.77 (65ed616c6e8ee3fe0ad64fe83796c020644d42af-refs/branch-heads/5481@{#839}) on port 59844
Only local connections are allowed.
Please see https://chromedriver.chromium.org/security-considerations for suggestions on keeping ChromeDriver safe.
ChromeDriver was started successfully.
[1676549865.903][WARNING]: virtual void DevToolsClientImpl::AddListener(DevToolsEventListener *) subscribing a listener to the already connected DevToolsClient. Connection notification will not arrive.
Feb 16, 2023 7:17:46 PM org.openqa.selenium.remote.ProtocolHandshake createSession
INFO: Detected dialect: W3C
Feb 16, 2023 7:17:46 PM org.openqa.selenium.devtools.CdpVersionFinder findNearestMatch
WARNING: Unable to find an exact match for CDP version 110, so returning the closest version found: a no-op implementation
Feb 16, 2023 7:17:46 PM org.openqa.selenium.devtools.CdpVersionFinder findNearestMatch
INFO: Unable to find CDP implementation matching 110.
Feb 16, 2023 7:17:46 PM org.openqa.selenium.chromium.ChromiumDriver lambda$new$3
WARNING: Unable to find version of CDP to use for . You may need to include a dependency on a specific version of the CDP using something similar to `org.seleniumhq.selenium:selenium-devtools-v86:4.1.2` where the version ("v86") matches the version of the chromium-based browser you're using and the version number of the artifact is the same as Selenium's.
]]></system-err>
  </testcase>
  <testcase name="When User input valid data but invalid &quot;829(@*#(8389&quot; in Handphone field(| 829(@*#" classname="8389 |" time="0.007">
    <error message="no such element: Unable to locate element: {&quot;method&quot;:&quot;xpath&quot;,&quot;selector&quot;:&quot;//input[@id=&apos;input-linkedin&apos;]&quot;}&#10;  (Session info: chrome=110.0.5481.100)&#10;For documentation on this error, please visit: https://selenium.dev/exceptions/#no_such_element&#10;Build info: version: &apos;4.1.2&apos;, revision: &apos;9a5a329c5a&apos;&#10;System info: host: &apos;nsystem-mbp&apos;, ip: &apos;fe80:0:0:0:ce7:beec:a50b:8367%en0&apos;, os.name: &apos;Mac OS X&apos;, os.arch: &apos;x86_64&apos;, os.version: &apos;10.16&apos;, java.version: &apos;1.8.0_201&apos;&#10;Driver info: org.openqa.selenium.chrome.ChromeDriver&#10;Command: [674cf4b41495854a420fbcc441b456a2, findElement {using=xpath, value=//input[@id=&apos;input-linkedin&apos;]}]&#10;Capabilities {acceptInsecureCerts: false, browserName: chrome, browserVersion: 110.0.5481.100, chrome: {chromedriverVersion: 110.0.5481.77 (65ed616c6e8e..., userDataDir: /var/folders/00/xzw63_pj58g...}, goog:chromeOptions: {debuggerAddress: localhost:63872}, javascriptEnabled: true, networkConnectionEnabled: false, pageLoadStrategy: normal, platform: MAC, platformName: MAC, proxy: Proxy(), se:cdp: ws://localhost:63872/devtoo..., se:cdpVersion: 110.0.5481.100, setWindowRect: true, strictFileInteractability: false, timeouts: {implicit: 0, pageLoad: 300000, script: 30000}, unhandledPromptBehavior: dismiss and notify, webauthn:extension:credBlob: true, webauthn:extension:largeBlob: true, webauthn:virtualAuthenticators: true}&#10;Session ID: 674cf4b41495854a420fbcc441b456a2" type="org.openqa.selenium.NoSuchElementException"><![CDATA[org.openqa.selenium.NoSuchElementException: 
no such element: Unable to locate element: {"method":"xpath","selector":"//input[@id='input-linkedin']"}
  (Session info: chrome=110.0.5481.100)
For documentation on this error, please visit: https://selenium.dev/exceptions/#no_such_element
Build info: version: '4.1.2', revision: '9a5a329c5a'
System info: host: 'nsystem-mbp', ip: 'fe80:0:0:0:ce7:beec:a50b:8367%en0', os.name: 'Mac OS X', os.arch: 'x86_64', os.version: '10.16', java.version: '1.8.0_201'
Driver info: org.openqa.selenium.chrome.ChromeDriver
Command: [674cf4b41495854a420fbcc441b456a2, findElement {using=xpath, value=//input[@id='input-linkedin']}]
Capabilities {acceptInsecureCerts: false, browserName: chrome, browserVersion: 110.0.5481.100, chrome: {chromedriverVersion: 110.0.5481.77 (65ed616c6e8e..., userDataDir: /var/folders/00/xzw63_pj58g...}, goog:chromeOptions: {debuggerAddress: localhost:63872}, javascriptEnabled: true, networkConnectionEnabled: false, pageLoadStrategy: normal, platform: MAC, platformName: MAC, proxy: Proxy(), se:cdp: ws://localhost:63872/devtoo..., se:cdpVersion: 110.0.5481.100, setWindowRect: true, strictFileInteractability: false, timeouts: {implicit: 0, pageLoad: 300000, script: 30000}, unhandledPromptBehavior: dismiss and notify, webauthn:extension:credBlob: true, webauthn:extension:largeBlob: true, webauthn:virtualAuthenticators: true}
Session ID: 674cf4b41495854a420fbcc441b456a2
]]></error>
  </testcase>
  <testcase name="And User select &quot;Sekolah Menengah Atas&quot; in Pemilihan Jenjang Pengajaran field(| 829(@*#" classname="8389 |" time="0">
    <skipped/>
  </testcase>
  <testcase name="And User upload photo and ijazah with valid requirement(| 829(@*#" classname="8389 |" time="0">
    <skipped/>
  </testcase>
  <testcase name="Then User click Update data Button(| 829(@*#" classname="8389 |" time="0">
    <skipped/>
  </testcase>
  <testcase name="And User will see alert message &quot;updateData masa kosong sih&quot;(| 829(@*#" classname="8389 |" time="0">
    <skipped/>
  </testcase>
  <testcase name="| 829(@*#" classname="| 829(@*#(8389 |" time="0.007">
    <error message="no such element: Unable to locate element: {&quot;method&quot;:&quot;xpath&quot;,&quot;selector&quot;:&quot;//input[@id=&apos;input-linkedin&apos;]&quot;}&#10;  (Session info: chrome=110.0.5481.100)&#10;For documentation on this error, please visit: https://selenium.dev/exceptions/#no_such_element&#10;Build info: version: &apos;4.1.2&apos;, revision: &apos;9a5a329c5a&apos;&#10;System info: host: &apos;nsystem-mbp&apos;, ip: &apos;fe80:0:0:0:ce7:beec:a50b:8367%en0&apos;, os.name: &apos;Mac OS X&apos;, os.arch: &apos;x86_64&apos;, os.version: &apos;10.16&apos;, java.version: &apos;1.8.0_201&apos;&#10;Driver info: org.openqa.selenium.chrome.ChromeDriver&#10;Command: [674cf4b41495854a420fbcc441b456a2, findElement {using=xpath, value=//input[@id=&apos;input-linkedin&apos;]}]&#10;Capabilities {acceptInsecureCerts: false, browserName: chrome, browserVersion: 110.0.5481.100, chrome: {chromedriverVersion: 110.0.5481.77 (65ed616c6e8e..., userDataDir: /var/folders/00/xzw63_pj58g...}, goog:chromeOptions: {debuggerAddress: localhost:63872}, javascriptEnabled: true, networkConnectionEnabled: false, pageLoadStrategy: normal, platform: MAC, platformName: MAC, proxy: Proxy(), se:cdp: ws://localhost:63872/devtoo..., se:cdpVersion: 110.0.5481.100, setWindowRect: true, strictFileInteractability: false, timeouts: {implicit: 0, pageLoad: 300000, script: 30000}, unhandledPromptBehavior: dismiss and notify, webauthn:extension:credBlob: true, webauthn:extension:largeBlob: true, webauthn:virtualAuthenticators: true}&#10;Session ID: 674cf4b41495854a420fbcc441b456a2" type="org.openqa.selenium.NoSuchElementException"><![CDATA[org.openqa.selenium.NoSuchElementException: 
no such element: Unable to locate element: {"method":"xpath","selector":"//input[@id='input-linkedin']"}
  (Session info: chrome=110.0.5481.100)
For documentation on this error, please visit: https://selenium.dev/exceptions/#no_such_element
Build info: version: '4.1.2', revision: '9a5a329c5a'
System info: host: 'nsystem-mbp', ip: 'fe80:0:0:0:ce7:beec:a50b:8367%en0', os.name: 'Mac OS X', os.arch: 'x86_64', os.version: '10.16', java.version: '1.8.0_201'
Driver info: org.openqa.selenium.chrome.ChromeDriver
Command: [674cf4b41495854a420fbcc441b456a2, findElement {using=xpath, value=//input[@id='input-linkedin']}]
Capabilities {acceptInsecureCerts: false, browserName: chrome, browserVersion: 110.0.5481.100, chrome: {chromedriverVersion: 110.0.5481.77 (65ed616c6e8e..., userDataDir: /var/folders/00/xzw63_pj58g...}, goog:chromeOptions: {debuggerAddress: localhost:63872}, javascriptEnabled: true, networkConnectionEnabled: false, pageLoadStrategy: normal, platform: MAC, platformName: MAC, proxy: Proxy(), se:cdp: ws://localhost:63872/devtoo..., se:cdpVersion: 110.0.5481.100, setWindowRect: true, strictFileInteractability: false, timeouts: {implicit: 0, pageLoad: 300000, script: 30000}, unhandledPromptBehavior: dismiss and notify, webauthn:extension:credBlob: true, webauthn:extension:largeBlob: true, webauthn:virtualAuthenticators: true}
Session ID: 674cf4b41495854a420fbcc441b456a2
]]></error>
  </testcase>
  <testcase name="Given User already in GuruMu Selesaikan profil pop-up form" classname="| 08127382912837823193 |" time="0">
    <system-out><![CDATA[
  @LengkapiDataGuru @Register @Test
  Scenario Outline: Input invalid phone number in Register teacher next step      &amp#27;[90m# features/LengkapiDataGuru.feature:34&amp#27;[0m
    &amp#27;[32mGiven &amp#27;[0m&amp#27;[32mUser already in GuruMu Selesaikan profil pop-up form&amp#27;[0m                    &amp#27;[90m# RegisterSteps.userAlreadyInGuruMuSelesaikanProfilPopUpForm()&amp#27;[0m
    &amp#27;[31mWhen &amp#27;[0m&amp#27;[31mUser input valid data but invalid "&amp#27;[0m&amp#27;[31m&amp#27;[1m829(@*#(8389&amp#27;[0m&amp#27;[31m" in Handphone field&amp#27;[0m      &amp#27;[90m# RegisterSteps.userInputValidDataButInvalidInHandphoneField(String)&amp#27;[0m
      &amp#27;[31morg.openqa.selenium.NoSuchElementException: no such element: Unable to locate element: {"method":"xpath","selector":"//input[@id='input-linkedin']"}
        (Session info: chrome=110.0.5481.100)
      For documentation on this error, please visit: https://selenium.dev/exceptions/#no_such_element
      Build info: version: '4.1.2', revision: '9a5a329c5a'
      System info: host: 'nsystem-mbp', ip: 'fe80:0:0:0:ce7:beec:a50b:8367%en0', os.name: 'Mac OS X', os.arch: 'x86_64', os.version: '10.16', java.version: '1.8.0_201'
      Driver info: org.openqa.selenium.chrome.ChromeDriver
      Command: [674cf4b41495854a420fbcc441b456a2, findElement {using=xpath, value=//input[@id='input-linkedin']}]
      Capabilities {acceptInsecureCerts: false, browserName: chrome, browserVersion: 110.0.5481.100, chrome: {chromedriverVersion: 110.0.5481.77 (65ed616c6e8e..., userDataDir: /var/folders/00/xzw63_pj58g...}, goog:chromeOptions: {debuggerAddress: localhost:63872}, javascriptEnabled: true, networkConnectionEnabled: false, pageLoadStrategy: normal, platform: MAC, platformName: MAC, proxy: Proxy(), se:cdp: ws://localhost:63872/devtoo..., se:cdpVersion: 110.0.5481.100, setWindowRect: true, strictFileInteractability: false, timeouts: {implicit: 0, pageLoad: 300000, script: 30000}, unhandledPromptBehavior: dismiss and notify, webauthn:extension:credBlob: true, webauthn:extension:largeBlob: true, webauthn:virtualAuthenticators: true}
      Session ID: 674cf4b41495854a420fbcc441b456a2
      	at sun.reflect.NativeConstructorAccessorImpl.newInstance0(Native Method)
      	at sun.reflect.NativeConstructorAccessorImpl.newInstance(NativeConstructorAccessorImpl.java:62)
      	at sun.reflect.DelegatingConstructorAccessorImpl.newInstance(DelegatingConstructorAccessorImpl.java:45)
      	at java.lang.reflect.Constructor.newInstance(Constructor.java:423)
      	at org.openqa.selenium.remote.codec.w3c.W3CHttpResponseCodec.createException(W3CHttpResponseCodec.java:200)
      	at org.openqa.selenium.remote.codec.w3c.W3CHttpResponseCodec.decode(W3CHttpResponseCodec.java:133)
      	at org.openqa.selenium.remote.codec.w3c.W3CHttpResponseCodec.decode(W3CHttpResponseCodec.java:53)
      	at org.openqa.selenium.remote.HttpCommandExecutor.execute(HttpCommandExecutor.java:184)
      	at org.openqa.selenium.remote.service.DriverCommandExecutor.invokeExecute(DriverCommandExecutor.java:167)
      	at org.openqa.selenium.remote.service.DriverCommandExecutor.execute(DriverCommandExecutor.java:142)
      	at org.openqa.selenium.remote.RemoteWebDriver.execute(RemoteWebDriver.java:558)
      	at org.openqa.selenium.remote.ElementLocation$ElementFinder$2.findElement(ElementLocation.java:162)
      	at org.openqa.selenium.remote.ElementLocation.findElement(ElementLocation.java:60)
      	at org.openqa.selenium.remote.RemoteWebDriver.findElement(RemoteWebDriver.java:382)
      	at org.openqa.selenium.remote.RemoteWebDriver.findElement(RemoteWebDriver.java:374)
      	at org.openqa.selenium.support.pagefactory.DefaultElementLocator.findElement(DefaultElementLocator.java:70)
      	at org.openqa.selenium.support.pagefactory.internal.LocatingElementHandler.invoke(LocatingElementHandler.java:39)
      	at com.sun.proxy.$Proxy21.sendKeys(Unknown Source)
      	at org.example.pageObject.RegisterPage.setLinkedin(RegisterPage.java:120)
      	at step_definitions.RegisterSteps.userInputValidDataButInvalidInHandphoneField(RegisterSteps.java:179)
      	at ✽.When User input valid data but invalid "829(@*#(8389" in Handphone field(features/LengkapiDataGuru.feature:26)
      &amp#27;[0m
    &amp#27;[36mAnd &amp#27;[0m&amp#27;[36mUser select "&amp#27;[0m&amp#27;[36m&amp#27;[1mSekolah Menengah Atas&amp#27;[0m&amp#27;[36m" in Pemilihan Jenjang Pengajaran field&amp#27;[0m &amp#27;[90m# RegisterSteps.userSelectInPemilihanJenjangPengajaranField(String)&amp#27;[0m
    &amp#27;[36mAnd &amp#27;[0m&amp#27;[36mUser upload photo and ijazah with valid requirement&amp#27;[0m                       &amp#27;[90m# RegisterSteps.userUploadPhotoAndIjazahWithValidRequirement()&amp#27;[0m
    &amp#27;[36mThen &amp#27;[0m&amp#27;[36mUser click Update data Button&amp#27;[0m                                            &amp#27;[90m# RegisterSteps.userClickUpdateDataButton()&amp#27;[0m
    &amp#27;[36mAnd &amp#27;[0m&amp#27;[36mUser will see alert message "&amp#27;[0m&amp#27;[36m&amp#27;[1mupdateData masa kosong sih&amp#27;[0m&amp#27;[36m"&amp#27;[0m                  &amp#27;[90m# RegisterSteps.userWillSeeAlertMessages(String)&amp#27;[0m
]]></system-out>
    <system-err><![CDATA[Starting ChromeDriver 110.0.5481.77 (65ed616c6e8ee3fe0ad64fe83796c020644d42af-refs/branch-heads/5481@{#839}) on port 58669
Only local connections are allowed.
Please see https://chromedriver.chromium.org/security-considerations for suggestions on keeping ChromeDriver safe.
ChromeDriver was started successfully.
[1676549893.226][WARNING]: virtual void DevToolsClientImpl::AddListener(DevToolsEventListener *) subscribing a listener to the already connected DevToolsClient. Connection notification will not arrive.
Feb 16, 2023 7:18:13 PM org.openqa.selenium.remote.ProtocolHandshake createSession
INFO: Detected dialect: W3C
Feb 16, 2023 7:18:13 PM org.openqa.selenium.devtools.CdpVersionFinder findNearestMatch
WARNING: Unable to find an exact match for CDP version 110, so returning the closest version found: a no-op implementation
Feb 16, 2023 7:18:13 PM org.openqa.selenium.devtools.CdpVersionFinder findNearestMatch
INFO: Unable to find CDP implementation matching 110.
Feb 16, 2023 7:18:13 PM org.openqa.selenium.chromium.ChromiumDriver lambda$new$3
WARNING: Unable to find version of CDP to use for . You may need to include a dependency on a specific version of the CDP using something similar to `org.seleniumhq.selenium:selenium-devtools-v86:4.1.2` where the version ("v86") matches the version of the chromium-based browser you're using and the version number of the artifact is the same as Selenium's.
]]></system-err>
  </testcase>
  <testcase name="When User input valid data but invalid &quot;08127382912837823193&quot; in Handphone field" classname="| 08127382912837823193 |" time="0.003">
    <error message="no such element: Unable to locate element: {&quot;method&quot;:&quot;xpath&quot;,&quot;selector&quot;:&quot;//input[@id=&apos;input-linkedin&apos;]&quot;}&#10;  (Session info: chrome=110.0.5481.100)&#10;For documentation on this error, please visit: https://selenium.dev/exceptions/#no_such_element&#10;Build info: version: &apos;4.1.2&apos;, revision: &apos;9a5a329c5a&apos;&#10;System info: host: &apos;nsystem-mbp&apos;, ip: &apos;fe80:0:0:0:ce7:beec:a50b:8367%en0&apos;, os.name: &apos;Mac OS X&apos;, os.arch: &apos;x86_64&apos;, os.version: &apos;10.16&apos;, java.version: &apos;1.8.0_201&apos;&#10;Driver info: org.openqa.selenium.chrome.ChromeDriver&#10;Command: [52fc7bb66efc5220f51c28f0daf1fc87, findElement {using=xpath, value=//input[@id=&apos;input-linkedin&apos;]}]&#10;Capabilities {acceptInsecureCerts: false, browserName: chrome, browserVersion: 110.0.5481.100, chrome: {chromedriverVersion: 110.0.5481.77 (65ed616c6e8e..., userDataDir: /var/folders/00/xzw63_pj58g...}, goog:chromeOptions: {debuggerAddress: localhost:63895}, javascriptEnabled: true, networkConnectionEnabled: false, pageLoadStrategy: normal, platform: MAC, platformName: MAC, proxy: Proxy(), se:cdp: ws://localhost:63895/devtoo..., se:cdpVersion: 110.0.5481.100, setWindowRect: true, strictFileInteractability: false, timeouts: {implicit: 0, pageLoad: 300000, script: 30000}, unhandledPromptBehavior: dismiss and notify, webauthn:extension:credBlob: true, webauthn:extension:largeBlob: true, webauthn:virtualAuthenticators: true}&#10;Session ID: 52fc7bb66efc5220f51c28f0daf1fc87" type="org.openqa.selenium.NoSuchElementException"><![CDATA[org.openqa.selenium.NoSuchElementException: 
no such element: Unable to locate element: {"method":"xpath","selector":"//input[@id='input-linkedin']"}
  (Session info: chrome=110.0.5481.100)
For documentation on this error, please visit: https://selenium.dev/exceptions/#no_such_element
Build info: version: '4.1.2', revision: '9a5a329c5a'
System info: host: 'nsystem-mbp', ip: 'fe80:0:0:0:ce7:beec:a50b:8367%en0', os.name: 'Mac OS X', os.arch: 'x86_64', os.version: '10.16', java.version: '1.8.0_201'
Driver info: org.openqa.selenium.chrome.ChromeDriver
Command: [52fc7bb66efc5220f51c28f0daf1fc87, findElement {using=xpath, value=//input[@id='input-linkedin']}]
Capabilities {acceptInsecureCerts: false, browserName: chrome, browserVersion: 110.0.5481.100, chrome: {chromedriverVersion: 110.0.5481.77 (65ed616c6e8e..., userDataDir: /var/folders/00/xzw63_pj58g...}, goog:chromeOptions: {debuggerAddress: localhost:63895}, javascriptEnabled: true, networkConnectionEnabled: false, pageLoadStrategy: normal, platform: MAC, platformName: MAC, proxy: Proxy(), se:cdp: ws://localhost:63895/devtoo..., se:cdpVersion: 110.0.5481.100, setWindowRect: true, strictFileInteractability: false, timeouts: {implicit: 0, pageLoad: 300000, script: 30000}, unhandledPromptBehavior: dismiss and notify, webauthn:extension:credBlob: true, webauthn:extension:largeBlob: true, webauthn:virtualAuthenticators: true}
Session ID: 52fc7bb66efc5220f51c28f0daf1fc87
]]></error>
  </testcase>
  <testcase name="" classname="| 08127382912837823193 |" time="0.004">
    <error message="no such element: Unable to locate element: {&quot;method&quot;:&quot;xpath&quot;,&quot;selector&quot;:&quot;//input[@id=&apos;input-linkedin&apos;]&quot;}&#10;  (Session info: chrome=110.0.5481.100)&#10;For documentation on this error, please visit: https://selenium.dev/exceptions/#no_such_element&#10;Build info: version: &apos;4.1.2&apos;, revision: &apos;9a5a329c5a&apos;&#10;System info: host: &apos;nsystem-mbp&apos;, ip: &apos;fe80:0:0:0:ce7:beec:a50b:8367%en0&apos;, os.name: &apos;Mac OS X&apos;, os.arch: &apos;x86_64&apos;, os.version: &apos;10.16&apos;, java.version: &apos;1.8.0_201&apos;&#10;Driver info: org.openqa.selenium.chrome.ChromeDriver&#10;Command: [52fc7bb66efc5220f51c28f0daf1fc87, findElement {using=xpath, value=//input[@id=&apos;input-linkedin&apos;]}]&#10;Capabilities {acceptInsecureCerts: false, browserName: chrome, browserVersion: 110.0.5481.100, chrome: {chromedriverVersion: 110.0.5481.77 (65ed616c6e8e..., userDataDir: /var/folders/00/xzw63_pj58g...}, goog:chromeOptions: {debuggerAddress: localhost:63895}, javascriptEnabled: true, networkConnectionEnabled: false, pageLoadStrategy: normal, platform: MAC, platformName: MAC, proxy: Proxy(), se:cdp: ws://localhost:63895/devtoo..., se:cdpVersion: 110.0.5481.100, setWindowRect: true, strictFileInteractability: false, timeouts: {implicit: 0, pageLoad: 300000, script: 30000}, unhandledPromptBehavior: dismiss and notify, webauthn:extension:credBlob: true, webauthn:extension:largeBlob: true, webauthn:virtualAuthenticators: true}&#10;Session ID: 52fc7bb66efc5220f51c28f0daf1fc87" type="org.openqa.selenium.NoSuchElementException"><![CDATA[org.openqa.selenium.NoSuchElementException: 
no such element: Unable to locate element: {"method":"xpath","selector":"//input[@id='input-linkedin']"}
  (Session info: chrome=110.0.5481.100)
For documentation on this error, please visit: https://selenium.dev/exceptions/#no_such_element
Build info: version: '4.1.2', revision: '9a5a329c5a'
System info: host: 'nsystem-mbp', ip: 'fe80:0:0:0:ce7:beec:a50b:8367%en0', os.name: 'Mac OS X', os.arch: 'x86_64', os.version: '10.16', java.version: '1.8.0_201'
Driver info: org.openqa.selenium.chrome.ChromeDriver
Command: [52fc7bb66efc5220f51c28f0daf1fc87, findElement {using=xpath, value=//input[@id='input-linkedin']}]
Capabilities {acceptInsecureCerts: false, browserName: chrome, browserVersion: 110.0.5481.100, chrome: {chromedriverVersion: 110.0.5481.77 (65ed616c6e8e..., userDataDir: /var/folders/00/xzw63_pj58g...}, goog:chromeOptions: {debuggerAddress: localhost:63895}, javascriptEnabled: true, networkConnectionEnabled: false, pageLoadStrategy: normal, platform: MAC, platformName: MAC, proxy: Proxy(), se:cdp: ws://localhost:63895/devtoo..., se:cdpVersion: 110.0.5481.100, setWindowRect: true, strictFileInteractability: false, timeouts: {implicit: 0, pageLoad: 300000, script: 30000}, unhandledPromptBehavior: dismiss and notify, webauthn:extension:credBlob: true, webauthn:extension:largeBlob: true, webauthn:virtualAuthenticators: true}
Session ID: 52fc7bb66efc5220f51c28f0daf1fc87
]]></error>
  </testcase>
  <testcase name="And User select &quot;Sekolah Menengah Atas&quot; in Pemilihan Jenjang Pengajaran field" classname="| 08127382912837823193 |" time="0">
    <skipped/>
  </testcase>
  <testcase name="And User upload photo and ijazah with valid requirement" classname="| 08127382912837823193 |" time="0">
    <skipped/>
  </testcase>
  <testcase name="Then User click Update data Button" classname="| 08127382912837823193 |" time="0">
    <skipped/>
  </testcase>
  <testcase name="And User will see alert message &quot;updateData masa kosong sih&quot;" classname="| 08127382912837823193 |" time="0">
    <skipped/>
  </testcase>
  <testcase name="Given User already in GuruMu Selesaikan profil pop-up form" classname="| 2 |" time="0">
    <system-out><![CDATA[
  @LengkapiDataGuru @Register @Test
  Scenario Outline: Input invalid phone number in Register teacher next step         &amp#27;[90m# features/LengkapiDataGuru.feature:35&amp#27;[0m
    &amp#27;[32mGiven &amp#27;[0m&amp#27;[32mUser already in GuruMu Selesaikan profil pop-up form&amp#27;[0m                       &amp#27;[90m# RegisterSteps.userAlreadyInGuruMuSelesaikanProfilPopUpForm()&amp#27;[0m
    &amp#27;[31mWhen &amp#27;[0m&amp#27;[31mUser input valid data but invalid "&amp#27;[0m&amp#27;[31m&amp#27;[1m08127382912837823193&amp#27;[0m&amp#27;[31m" in Handphone field&amp#27;[0m &amp#27;[90m# RegisterSteps.userInputValidDataButInvalidInHandphoneField(String)&amp#27;[0m
      &amp#27;[31morg.openqa.selenium.NoSuchElementException: no such element: Unable to locate element: {"method":"xpath","selector":"//input[@id='input-linkedin']"}
        (Session info: chrome=110.0.5481.100)
      For documentation on this error, please visit: https://selenium.dev/exceptions/#no_such_element
      Build info: version: '4.1.2', revision: '9a5a329c5a'
      System info: host: 'nsystem-mbp', ip: 'fe80:0:0:0:ce7:beec:a50b:8367%en0', os.name: 'Mac OS X', os.arch: 'x86_64', os.version: '10.16', java.version: '1.8.0_201'
      Driver info: org.openqa.selenium.chrome.ChromeDriver
      Command: [52fc7bb66efc5220f51c28f0daf1fc87, findElement {using=xpath, value=//input[@id='input-linkedin']}]
      Capabilities {acceptInsecureCerts: false, browserName: chrome, browserVersion: 110.0.5481.100, chrome: {chromedriverVersion: 110.0.5481.77 (65ed616c6e8e..., userDataDir: /var/folders/00/xzw63_pj58g...}, goog:chromeOptions: {debuggerAddress: localhost:63895}, javascriptEnabled: true, networkConnectionEnabled: false, pageLoadStrategy: normal, platform: MAC, platformName: MAC, proxy: Proxy(), se:cdp: ws://localhost:63895/devtoo..., se:cdpVersion: 110.0.5481.100, setWindowRect: true, strictFileInteractability: false, timeouts: {implicit: 0, pageLoad: 300000, script: 30000}, unhandledPromptBehavior: dismiss and notify, webauthn:extension:credBlob: true, webauthn:extension:largeBlob: true, webauthn:virtualAuthenticators: true}
      Session ID: 52fc7bb66efc5220f51c28f0daf1fc87
      	at sun.reflect.NativeConstructorAccessorImpl.newInstance0(Native Method)
      	at sun.reflect.NativeConstructorAccessorImpl.newInstance(NativeConstructorAccessorImpl.java:62)
      	at sun.reflect.DelegatingConstructorAccessorImpl.newInstance(DelegatingConstructorAccessorImpl.java:45)
      	at java.lang.reflect.Constructor.newInstance(Constructor.java:423)
      	at org.openqa.selenium.remote.codec.w3c.W3CHttpResponseCodec.createException(W3CHttpResponseCodec.java:200)
      	at org.openqa.selenium.remote.codec.w3c.W3CHttpResponseCodec.decode(W3CHttpResponseCodec.java:133)
      	at org.openqa.selenium.remote.codec.w3c.W3CHttpResponseCodec.decode(W3CHttpResponseCodec.java:53)
      	at org.openqa.selenium.remote.HttpCommandExecutor.execute(HttpCommandExecutor.java:184)
      	at org.openqa.selenium.remote.service.DriverCommandExecutor.invokeExecute(DriverCommandExecutor.java:167)
      	at org.openqa.selenium.remote.service.DriverCommandExecutor.execute(DriverCommandExecutor.java:142)
      	at org.openqa.selenium.remote.RemoteWebDriver.execute(RemoteWebDriver.java:558)
      	at org.openqa.selenium.remote.ElementLocation$ElementFinder$2.findElement(ElementLocation.java:162)
      	at org.openqa.selenium.remote.ElementLocation.findElement(ElementLocation.java:60)
      	at org.openqa.selenium.remote.RemoteWebDriver.findElement(RemoteWebDriver.java:382)
      	at org.openqa.selenium.remote.RemoteWebDriver.findElement(RemoteWebDriver.java:374)
      	at org.openqa.selenium.support.pagefactory.DefaultElementLocator.findElement(DefaultElementLocator.java:70)
      	at org.openqa.selenium.support.pagefactory.internal.LocatingElementHandler.invoke(LocatingElementHandler.java:39)
      	at com.sun.proxy.$Proxy21.sendKeys(Unknown Source)
      	at org.example.pageObject.RegisterPage.setLinkedin(RegisterPage.java:120)
      	at step_definitions.RegisterSteps.userInputValidDataButInvalidInHandphoneField(RegisterSteps.java:179)
      	at ✽.When User input valid data but invalid "08127382912837823193" in Handphone field(features/LengkapiDataGuru.feature:26)
      &amp#27;[0m
    &amp#27;[36mAnd &amp#27;[0m&amp#27;[36mUser select "&amp#27;[0m&amp#27;[36m&amp#27;[1mSekolah Menengah Atas&amp#27;[0m&amp#27;[36m" in Pemilihan Jenjang Pengajaran field&amp#27;[0m    &amp#27;[90m# RegisterSteps.userSelectInPemilihanJenjangPengajaranField(String)&amp#27;[0m
    &amp#27;[36mAnd &amp#27;[0m&amp#27;[36mUser upload photo and ijazah with valid requirement&amp#27;[0m                          &amp#27;[90m# RegisterSteps.userUploadPhotoAndIjazahWithValidRequirement()&amp#27;[0m
    &amp#27;[36mThen &amp#27;[0m&amp#27;[36mUser click Update data Button&amp#27;[0m                                               &amp#27;[90m# RegisterSteps.userClickUpdateDataButton()&amp#27;[0m
    &amp#27;[36mAnd &amp#27;[0m&amp#27;[36mUser will see alert message "&amp#27;[0m&amp#27;[36m&amp#27;[1mupdateData masa kosong sih&amp#27;[0m&amp#27;[36m"&amp#27;[0m                     &amp#27;[90m# RegisterSteps.userWillSeeAlertMessages(String)&amp#27;[0m
]]></system-out>
    <system-err><![CDATA[Starting ChromeDriver 110.0.5481.77 (65ed616c6e8ee3fe0ad64fe83796c020644d42af-refs/branch-heads/5481@{#839}) on port 49239
Only local connections are allowed.
Please see https://chromedriver.chromium.org/security-considerations for suggestions on keeping ChromeDriver safe.
ChromeDriver was started successfully.
[1676549916.910][WARNING]: virtual void DevToolsClientImpl::AddListener(DevToolsEventListener *) subscribing a listener to the already connected DevToolsClient. Connection notification will not arrive.
Feb 16, 2023 7:18:37 PM org.openqa.selenium.remote.ProtocolHandshake createSession
INFO: Detected dialect: W3C
Feb 16, 2023 7:18:37 PM org.openqa.selenium.devtools.CdpVersionFinder findNearestMatch
WARNING: Unable to find an exact match for CDP version 110, so returning the closest version found: a no-op implementation
Feb 16, 2023 7:18:37 PM org.openqa.selenium.devtools.CdpVersionFinder findNearestMatch
INFO: Unable to find CDP implementation matching 110.
Feb 16, 2023 7:18:37 PM org.openqa.selenium.chromium.ChromiumDriver lambda$new$3
WARNING: Unable to find version of CDP to use for . You may need to include a dependency on a specific version of the CDP using something similar to `org.seleniumhq.selenium:selenium-devtools-v86:4.1.2` where the version ("v86") matches the version of the chromium-based browser you're using and the version number of the artifact is the same as Selenium's.
]]></system-err>
  </testcase>
  <testcase name="When User input valid data but invalid &quot;2&quot; in Handphone field" classname="| 2 |" time="0">
    <error message="no such element: Unable to locate element: {&quot;method&quot;:&quot;xpath&quot;,&quot;selector&quot;:&quot;//input[@id=&apos;input-linkedin&apos;]&quot;}&#10;  (Session info: chrome=110.0.5481.100)&#10;For documentation on this error, please visit: https://selenium.dev/exceptions/#no_such_element&#10;Build info: version: &apos;4.1.2&apos;, revision: &apos;9a5a329c5a&apos;&#10;System info: host: &apos;nsystem-mbp&apos;, ip: &apos;fe80:0:0:0:ce7:beec:a50b:8367%en0&apos;, os.name: &apos;Mac OS X&apos;, os.arch: &apos;x86_64&apos;, os.version: &apos;10.16&apos;, java.version: &apos;1.8.0_201&apos;&#10;Driver info: org.openqa.selenium.chrome.ChromeDriver&#10;Command: [052ea2ccbf730f26ad289c33bd216c1c, findElement {using=xpath, value=//input[@id=&apos;input-linkedin&apos;]}]&#10;Capabilities {acceptInsecureCerts: false, browserName: chrome, browserVersion: 110.0.5481.100, chrome: {chromedriverVersion: 110.0.5481.77 (65ed616c6e8e..., userDataDir: /var/folders/00/xzw63_pj58g...}, goog:chromeOptions: {debuggerAddress: localhost:63917}, javascriptEnabled: true, networkConnectionEnabled: false, pageLoadStrategy: normal, platform: MAC, platformName: MAC, proxy: Proxy(), se:cdp: ws://localhost:63917/devtoo..., se:cdpVersion: 110.0.5481.100, setWindowRect: true, strictFileInteractability: false, timeouts: {implicit: 0, pageLoad: 300000, script: 30000}, unhandledPromptBehavior: dismiss and notify, webauthn:extension:credBlob: true, webauthn:extension:largeBlob: true, webauthn:virtualAuthenticators: true}&#10;Session ID: 052ea2ccbf730f26ad289c33bd216c1c" type="org.openqa.selenium.NoSuchElementException"><![CDATA[org.openqa.selenium.NoSuchElementException: 
no such element: Unable to locate element: {"method":"xpath","selector":"//input[@id='input-linkedin']"}
  (Session info: chrome=110.0.5481.100)
For documentation on this error, please visit: https://selenium.dev/exceptions/#no_such_element
Build info: version: '4.1.2', revision: '9a5a329c5a'
System info: host: 'nsystem-mbp', ip: 'fe80:0:0:0:ce7:beec:a50b:8367%en0', os.name: 'Mac OS X', os.arch: 'x86_64', os.version: '10.16', java.version: '1.8.0_201'
Driver info: org.openqa.selenium.chrome.ChromeDriver
Command: [052ea2ccbf730f26ad289c33bd216c1c, findElement {using=xpath, value=//input[@id='input-linkedin']}]
Capabilities {acceptInsecureCerts: false, browserName: chrome, browserVersion: 110.0.5481.100, chrome: {chromedriverVersion: 110.0.5481.77 (65ed616c6e8e..., userDataDir: /var/folders/00/xzw63_pj58g...}, goog:chromeOptions: {debuggerAddress: localhost:63917}, javascriptEnabled: true, networkConnectionEnabled: false, pageLoadStrategy: normal, platform: MAC, platformName: MAC, proxy: Proxy(), se:cdp: ws://localhost:63917/devtoo..., se:cdpVersion: 110.0.5481.100, setWindowRect: true, strictFileInteractability: false, timeouts: {implicit: 0, pageLoad: 300000, script: 30000}, unhandledPromptBehavior: dismiss and notify, webauthn:extension:credBlob: true, webauthn:extension:largeBlob: true, webauthn:virtualAuthenticators: true}
Session ID: 052ea2ccbf730f26ad289c33bd216c1c
]]></error>
  </testcase>
  <testcase name="" classname="| 2 |" time="0">
    <error message="no such element: Unable to locate element: {&quot;method&quot;:&quot;xpath&quot;,&quot;selector&quot;:&quot;//input[@id=&apos;input-linkedin&apos;]&quot;}&#10;  (Session info: chrome=110.0.5481.100)&#10;For documentation on this error, please visit: https://selenium.dev/exceptions/#no_such_element&#10;Build info: version: &apos;4.1.2&apos;, revision: &apos;9a5a329c5a&apos;&#10;System info: host: &apos;nsystem-mbp&apos;, ip: &apos;fe80:0:0:0:ce7:beec:a50b:8367%en0&apos;, os.name: &apos;Mac OS X&apos;, os.arch: &apos;x86_64&apos;, os.version: &apos;10.16&apos;, java.version: &apos;1.8.0_201&apos;&#10;Driver info: org.openqa.selenium.chrome.ChromeDriver&#10;Command: [052ea2ccbf730f26ad289c33bd216c1c, findElement {using=xpath, value=//input[@id=&apos;input-linkedin&apos;]}]&#10;Capabilities {acceptInsecureCerts: false, browserName: chrome, browserVersion: 110.0.5481.100, chrome: {chromedriverVersion: 110.0.5481.77 (65ed616c6e8e..., userDataDir: /var/folders/00/xzw63_pj58g...}, goog:chromeOptions: {debuggerAddress: localhost:63917}, javascriptEnabled: true, networkConnectionEnabled: false, pageLoadStrategy: normal, platform: MAC, platformName: MAC, proxy: Proxy(), se:cdp: ws://localhost:63917/devtoo..., se:cdpVersion: 110.0.5481.100, setWindowRect: true, strictFileInteractability: false, timeouts: {implicit: 0, pageLoad: 300000, script: 30000}, unhandledPromptBehavior: dismiss and notify, webauthn:extension:credBlob: true, webauthn:extension:largeBlob: true, webauthn:virtualAuthenticators: true}&#10;Session ID: 052ea2ccbf730f26ad289c33bd216c1c" type="org.openqa.selenium.NoSuchElementException"><![CDATA[org.openqa.selenium.NoSuchElementException: 
no such element: Unable to locate element: {"method":"xpath","selector":"//input[@id='input-linkedin']"}
  (Session info: chrome=110.0.5481.100)
For documentation on this error, please visit: https://selenium.dev/exceptions/#no_such_element
Build info: version: '4.1.2', revision: '9a5a329c5a'
System info: host: 'nsystem-mbp', ip: 'fe80:0:0:0:ce7:beec:a50b:8367%en0', os.name: 'Mac OS X', os.arch: 'x86_64', os.version: '10.16', java.version: '1.8.0_201'
Driver info: org.openqa.selenium.chrome.ChromeDriver
Command: [052ea2ccbf730f26ad289c33bd216c1c, findElement {using=xpath, value=//input[@id='input-linkedin']}]
Capabilities {acceptInsecureCerts: false, browserName: chrome, browserVersion: 110.0.5481.100, chrome: {chromedriverVersion: 110.0.5481.77 (65ed616c6e8e..., userDataDir: /var/folders/00/xzw63_pj58g...}, goog:chromeOptions: {debuggerAddress: localhost:63917}, javascriptEnabled: true, networkConnectionEnabled: false, pageLoadStrategy: normal, platform: MAC, platformName: MAC, proxy: Proxy(), se:cdp: ws://localhost:63917/devtoo..., se:cdpVersion: 110.0.5481.100, setWindowRect: true, strictFileInteractability: false, timeouts: {implicit: 0, pageLoad: 300000, script: 30000}, unhandledPromptBehavior: dismiss and notify, webauthn:extension:credBlob: true, webauthn:extension:largeBlob: true, webauthn:virtualAuthenticators: true}
Session ID: 052ea2ccbf730f26ad289c33bd216c1c
]]></error>
  </testcase>
  <testcase name="And User select &quot;Sekolah Menengah Atas&quot; in Pemilihan Jenjang Pengajaran field" classname="| 2 |" time="0">
    <skipped/>
  </testcase>
  <testcase name="And User upload photo and ijazah with valid requirement" classname="| 2 |" time="0">
    <skipped/>
  </testcase>
  <testcase name="Then User click Update data Button" classname="| 2 |" time="0">
    <skipped/>
  </testcase>
  <testcase name="And User will see alert message &quot;updateData masa kosong sih&quot;" classname="| 2 |" time="0">
    <skipped/>
  </testcase>
  <testcase name="Given User already in GuruMu Selesaikan profil pop-up form" classname="Scenario: Empty the phone number in Register teacher next step" time="0.004">
    <system-out><![CDATA[
  @LengkapiDataGuru @Register @Test
  Scenario Outline: Input invalid phone number in Register teacher next step      &amp#27;[90m# features/LengkapiDataGuru.feature:36&amp#27;[0m
    &amp#27;[32mGiven &amp#27;[0m&amp#27;[32mUser already in GuruMu Selesaikan profil pop-up form&amp#27;[0m                    &amp#27;[90m# RegisterSteps.userAlreadyInGuruMuSelesaikanProfilPopUpForm()&amp#27;[0m
    &amp#27;[31mWhen &amp#27;[0m&amp#27;[31mUser input valid data but invalid "&amp#27;[0m&amp#27;[31m&amp#27;[1m2&amp#27;[0m&amp#27;[31m" in Handphone field&amp#27;[0m                 &amp#27;[90m# RegisterSteps.userInputValidDataButInvalidInHandphoneField(String)&amp#27;[0m
      &amp#27;[31morg.openqa.selenium.NoSuchElementException: no such element: Unable to locate element: {"method":"xpath","selector":"//input[@id='input-linkedin']"}
        (Session info: chrome=110.0.5481.100)
      For documentation on this error, please visit: https://selenium.dev/exceptions/#no_such_element
      Build info: version: '4.1.2', revision: '9a5a329c5a'
      System info: host: 'nsystem-mbp', ip: 'fe80:0:0:0:ce7:beec:a50b:8367%en0', os.name: 'Mac OS X', os.arch: 'x86_64', os.version: '10.16', java.version: '1.8.0_201'
      Driver info: org.openqa.selenium.chrome.ChromeDriver
      Command: [052ea2ccbf730f26ad289c33bd216c1c, findElement {using=xpath, value=//input[@id='input-linkedin']}]
      Capabilities {acceptInsecureCerts: false, browserName: chrome, browserVersion: 110.0.5481.100, chrome: {chromedriverVersion: 110.0.5481.77 (65ed616c6e8e..., userDataDir: /var/folders/00/xzw63_pj58g...}, goog:chromeOptions: {debuggerAddress: localhost:63917}, javascriptEnabled: true, networkConnectionEnabled: false, pageLoadStrategy: normal, platform: MAC, platformName: MAC, proxy: Proxy(), se:cdp: ws://localhost:63917/devtoo..., se:cdpVersion: 110.0.5481.100, setWindowRect: true, strictFileInteractability: false, timeouts: {implicit: 0, pageLoad: 300000, script: 30000}, unhandledPromptBehavior: dismiss and notify, webauthn:extension:credBlob: true, webauthn:extension:largeBlob: true, webauthn:virtualAuthenticators: true}
      Session ID: 052ea2ccbf730f26ad289c33bd216c1c
      	at sun.reflect.NativeConstructorAccessorImpl.newInstance0(Native Method)
      	at sun.reflect.NativeConstructorAccessorImpl.newInstance(NativeConstructorAccessorImpl.java:62)
      	at sun.reflect.DelegatingConstructorAccessorImpl.newInstance(DelegatingConstructorAccessorImpl.java:45)
      	at java.lang.reflect.Constructor.newInstance(Constructor.java:423)
      	at org.openqa.selenium.remote.codec.w3c.W3CHttpResponseCodec.createException(W3CHttpResponseCodec.java:200)
      	at org.openqa.selenium.remote.codec.w3c.W3CHttpResponseCodec.decode(W3CHttpResponseCodec.java:133)
      	at org.openqa.selenium.remote.codec.w3c.W3CHttpResponseCodec.decode(W3CHttpResponseCodec.java:53)
      	at org.openqa.selenium.remote.HttpCommandExecutor.execute(HttpCommandExecutor.java:184)
      	at org.openqa.selenium.remote.service.DriverCommandExecutor.invokeExecute(DriverCommandExecutor.java:167)
      	at org.openqa.selenium.remote.service.DriverCommandExecutor.execute(DriverCommandExecutor.java:142)
      	at org.openqa.selenium.remote.RemoteWebDriver.execute(RemoteWebDriver.java:558)
      	at org.openqa.selenium.remote.ElementLocation$ElementFinder$2.findElement(ElementLocation.java:162)
      	at org.openqa.selenium.remote.ElementLocation.findElement(ElementLocation.java:60)
      	at org.openqa.selenium.remote.RemoteWebDriver.findElement(RemoteWebDriver.java:382)
      	at org.openqa.selenium.remote.RemoteWebDriver.findElement(RemoteWebDriver.java:374)
      	at org.openqa.selenium.support.pagefactory.DefaultElementLocator.findElement(DefaultElementLocator.java:70)
      	at org.openqa.selenium.support.pagefactory.internal.LocatingElementHandler.invoke(LocatingElementHandler.java:39)
      	at com.sun.proxy.$Proxy21.sendKeys(Unknown Source)
      	at org.example.pageObject.RegisterPage.setLinkedin(RegisterPage.java:120)
      	at step_definitions.RegisterSteps.userInputValidDataButInvalidInHandphoneField(RegisterSteps.java:179)
      	at ✽.When User input valid data but invalid "2" in Handphone field(features/LengkapiDataGuru.feature:26)
      &amp#27;[0m
    &amp#27;[36mAnd &amp#27;[0m&amp#27;[36mUser select "&amp#27;[0m&amp#27;[36m&amp#27;[1mSekolah Menengah Atas&amp#27;[0m&amp#27;[36m" in Pemilihan Jenjang Pengajaran field&amp#27;[0m &amp#27;[90m# RegisterSteps.userSelectInPemilihanJenjangPengajaranField(String)&amp#27;[0m
    &amp#27;[36mAnd &amp#27;[0m&amp#27;[36mUser upload photo and ijazah with valid requirement&amp#27;[0m                       &amp#27;[90m# RegisterSteps.userUploadPhotoAndIjazahWithValidRequirement()&amp#27;[0m
    &amp#27;[36mThen &amp#27;[0m&amp#27;[36mUser click Update data Button&amp#27;[0m                                            &amp#27;[90m# RegisterSteps.userClickUpdateDataButton()&amp#27;[0m
    &amp#27;[36mAnd &amp#27;[0m&amp#27;[36mUser will see alert message "&amp#27;[0m&amp#27;[36m&amp#27;[1mupdateData masa kosong sih&amp#27;[0m&amp#27;[36m"&amp#27;[0m                  &amp#27;[90m# RegisterSteps.userWillSeeAlertMessages(String)&amp#27;[0m
]]></system-out>
    <system-err><![CDATA[Starting ChromeDriver 110.0.5481.77 (65ed616c6e8ee3fe0ad64fe83796c020644d42af-refs/branch-heads/5481@{#839}) on port 59333
Only local connections are allowed.
Please see https://chromedriver.chromium.org/security-considerations for suggestions on keeping ChromeDriver safe.
ChromeDriver was started successfully.
[1676549940.553][WARNING]: virtual void DevToolsClientImpl::AddListener(DevToolsEventListener *) subscribing a listener to the already connected DevToolsClient. Connection notification will not arrive.
Feb 16, 2023 7:19:00 PM org.openqa.selenium.remote.ProtocolHandshake createSession
INFO: Detected dialect: W3C
Feb 16, 2023 7:19:00 PM org.openqa.selenium.devtools.CdpVersionFinder findNearestMatch
WARNING: Unable to find an exact match for CDP version 110, so returning the closest version found: a no-op implementation
Feb 16, 2023 7:19:00 PM org.openqa.selenium.devtools.CdpVersionFinder findNearestMatch
INFO: Unable to find CDP implementation matching 110.
Feb 16, 2023 7:19:00 PM org.openqa.selenium.chromium.ChromiumDriver lambda$new$3
WARNING: Unable to find version of CDP to use for . You may need to include a dependency on a specific version of the CDP using something similar to `org.seleniumhq.selenium:selenium-devtools-v86:4.1.2` where the version ("v86") matches the version of the chromium-based browser you're using and the version number of the artifact is the same as Selenium's.
]]></system-err>
  </testcase>
  <testcase name="When User input valid data but empty phone number field" classname="Scenario: Empty the phone number in Register teacher next step" time="0.003">
    <error message="no such element: Unable to locate element: {&quot;method&quot;:&quot;xpath&quot;,&quot;selector&quot;:&quot;//input[@id=&apos;input-linkedin&apos;]&quot;}&#10;  (Session info: chrome=110.0.5481.100)&#10;For documentation on this error, please visit: https://selenium.dev/exceptions/#no_such_element&#10;Build info: version: &apos;4.1.2&apos;, revision: &apos;9a5a329c5a&apos;&#10;System info: host: &apos;nsystem-mbp&apos;, ip: &apos;fe80:0:0:0:ce7:beec:a50b:8367%en0&apos;, os.name: &apos;Mac OS X&apos;, os.arch: &apos;x86_64&apos;, os.version: &apos;10.16&apos;, java.version: &apos;1.8.0_201&apos;&#10;Driver info: org.openqa.selenium.chrome.ChromeDriver&#10;Command: [5537300ac116a71fdc6129fc59c01413, findElement {using=xpath, value=//input[@id=&apos;input-linkedin&apos;]}]&#10;Capabilities {acceptInsecureCerts: false, browserName: chrome, browserVersion: 110.0.5481.100, chrome: {chromedriverVersion: 110.0.5481.77 (65ed616c6e8e..., userDataDir: /var/folders/00/xzw63_pj58g...}, goog:chromeOptions: {debuggerAddress: localhost:63938}, javascriptEnabled: true, networkConnectionEnabled: false, pageLoadStrategy: normal, platform: MAC, platformName: MAC, proxy: Proxy(), se:cdp: ws://localhost:63938/devtoo..., se:cdpVersion: 110.0.5481.100, setWindowRect: true, strictFileInteractability: false, timeouts: {implicit: 0, pageLoad: 300000, script: 30000}, unhandledPromptBehavior: dismiss and notify, webauthn:extension:credBlob: true, webauthn:extension:largeBlob: true, webauthn:virtualAuthenticators: true}&#10;Session ID: 5537300ac116a71fdc6129fc59c01413" type="org.openqa.selenium.NoSuchElementException"><![CDATA[org.openqa.selenium.NoSuchElementException: 
no such element: Unable to locate element: {"method":"xpath","selector":"//input[@id='input-linkedin']"}
  (Session info: chrome=110.0.5481.100)
For documentation on this error, please visit: https://selenium.dev/exceptions/#no_such_element
Build info: version: '4.1.2', revision: '9a5a329c5a'
System info: host: 'nsystem-mbp', ip: 'fe80:0:0:0:ce7:beec:a50b:8367%en0', os.name: 'Mac OS X', os.arch: 'x86_64', os.version: '10.16', java.version: '1.8.0_201'
Driver info: org.openqa.selenium.chrome.ChromeDriver
Command: [5537300ac116a71fdc6129fc59c01413, findElement {using=xpath, value=//input[@id='input-linkedin']}]
Capabilities {acceptInsecureCerts: false, browserName: chrome, browserVersion: 110.0.5481.100, chrome: {chromedriverVersion: 110.0.5481.77 (65ed616c6e8e..., userDataDir: /var/folders/00/xzw63_pj58g...}, goog:chromeOptions: {debuggerAddress: localhost:63938}, javascriptEnabled: true, networkConnectionEnabled: false, pageLoadStrategy: normal, platform: MAC, platformName: MAC, proxy: Proxy(), se:cdp: ws://localhost:63938/devtoo..., se:cdpVersion: 110.0.5481.100, setWindowRect: true, strictFileInteractability: false, timeouts: {implicit: 0, pageLoad: 300000, script: 30000}, unhandledPromptBehavior: dismiss and notify, webauthn:extension:credBlob: true, webauthn:extension:largeBlob: true, webauthn:virtualAuthenticators: true}
Session ID: 5537300ac116a71fdc6129fc59c01413
]]></error>
  </testcase>
  <testcase name="" classname="Scenario: Empty the phone number in Register teacher next step" time="0.004">
    <error message="no such element: Unable to locate element: {&quot;method&quot;:&quot;xpath&quot;,&quot;selector&quot;:&quot;//input[@id=&apos;input-linkedin&apos;]&quot;}&#10;  (Session info: chrome=110.0.5481.100)&#10;For documentation on this error, please visit: https://selenium.dev/exceptions/#no_such_element&#10;Build info: version: &apos;4.1.2&apos;, revision: &apos;9a5a329c5a&apos;&#10;System info: host: &apos;nsystem-mbp&apos;, ip: &apos;fe80:0:0:0:ce7:beec:a50b:8367%en0&apos;, os.name: &apos;Mac OS X&apos;, os.arch: &apos;x86_64&apos;, os.version: &apos;10.16&apos;, java.version: &apos;1.8.0_201&apos;&#10;Driver info: org.openqa.selenium.chrome.ChromeDriver&#10;Command: [5537300ac116a71fdc6129fc59c01413, findElement {using=xpath, value=//input[@id=&apos;input-linkedin&apos;]}]&#10;Capabilities {acceptInsecureCerts: false, browserName: chrome, browserVersion: 110.0.5481.100, chrome: {chromedriverVersion: 110.0.5481.77 (65ed616c6e8e..., userDataDir: /var/folders/00/xzw63_pj58g...}, goog:chromeOptions: {debuggerAddress: localhost:63938}, javascriptEnabled: true, networkConnectionEnabled: false, pageLoadStrategy: normal, platform: MAC, platformName: MAC, proxy: Proxy(), se:cdp: ws://localhost:63938/devtoo..., se:cdpVersion: 110.0.5481.100, setWindowRect: true, strictFileInteractability: false, timeouts: {implicit: 0, pageLoad: 300000, script: 30000}, unhandledPromptBehavior: dismiss and notify, webauthn:extension:credBlob: true, webauthn:extension:largeBlob: true, webauthn:virtualAuthenticators: true}&#10;Session ID: 5537300ac116a71fdc6129fc59c01413" type="org.openqa.selenium.NoSuchElementException"><![CDATA[org.openqa.selenium.NoSuchElementException: 
no such element: Unable to locate element: {"method":"xpath","selector":"//input[@id='input-linkedin']"}
  (Session info: chrome=110.0.5481.100)
For documentation on this error, please visit: https://selenium.dev/exceptions/#no_such_element
Build info: version: '4.1.2', revision: '9a5a329c5a'
System info: host: 'nsystem-mbp', ip: 'fe80:0:0:0:ce7:beec:a50b:8367%en0', os.name: 'Mac OS X', os.arch: 'x86_64', os.version: '10.16', java.version: '1.8.0_201'
Driver info: org.openqa.selenium.chrome.ChromeDriver
Command: [5537300ac116a71fdc6129fc59c01413, findElement {using=xpath, value=//input[@id='input-linkedin']}]
Capabilities {acceptInsecureCerts: false, browserName: chrome, browserVersion: 110.0.5481.100, chrome: {chromedriverVersion: 110.0.5481.77 (65ed616c6e8e..., userDataDir: /var/folders/00/xzw63_pj58g...}, goog:chromeOptions: {debuggerAddress: localhost:63938}, javascriptEnabled: true, networkConnectionEnabled: false, pageLoadStrategy: normal, platform: MAC, platformName: MAC, proxy: Proxy(), se:cdp: ws://localhost:63938/devtoo..., se:cdpVersion: 110.0.5481.100, setWindowRect: true, strictFileInteractability: false, timeouts: {implicit: 0, pageLoad: 300000, script: 30000}, unhandledPromptBehavior: dismiss and notify, webauthn:extension:credBlob: true, webauthn:extension:largeBlob: true, webauthn:virtualAuthenticators: true}
Session ID: 5537300ac116a71fdc6129fc59c01413
]]></error>
  </testcase>
  <testcase name="And User select &quot;Sekolah Menengah Atas&quot; in Pemilihan Jenjang Pengajaran field" classname="Scenario: Empty the phone number in Register teacher next step" time="0">
    <skipped/>
  </testcase>
  <testcase name="And User upload photo and ijazah with valid requirement" classname="Scenario: Empty the phone number in Register teacher next step" time="0">
    <skipped/>
  </testcase>
  <testcase name="Then User click Update data Button" classname="Scenario: Empty the phone number in Register teacher next step" time="0">
    <skipped/>
  </testcase>
  <testcase name="And User will see alert message &quot;updateData masa kosong sih&quot;" classname="Scenario: Empty the phone number in Register teacher next step" time="0">
    <skipped/>
  </testcase>
  <testcase name="Given User already in GuruMu Selesaikan profil pop-up form" classname="Scenario: Empty the pemilihan jenjang pengajaran in Register teacher next step" time="0">
    <system-out><![CDATA[
  @LengkapiDataGuru
  Scenario: Empty the phone number in Register teacher next step                  &amp#27;[90m# features/LengkapiDataGuru.feature:39&amp#27;[0m
    &amp#27;[32mGiven &amp#27;[0m&amp#27;[32mUser already in GuruMu Selesaikan profil pop-up form&amp#27;[0m                    &amp#27;[90m# RegisterSteps.userAlreadyInGuruMuSelesaikanProfilPopUpForm()&amp#27;[0m
    &amp#27;[31mWhen &amp#27;[0m&amp#27;[31mUser input valid data but empty phone number field&amp#27;[0m                       &amp#27;[90m# RegisterSteps.userInputValidDataButEmptyPhoneNumberField()&amp#27;[0m
      &amp#27;[31morg.openqa.selenium.NoSuchElementException: no such element: Unable to locate element: {"method":"xpath","selector":"//input[@id='input-linkedin']"}
        (Session info: chrome=110.0.5481.100)
      For documentation on this error, please visit: https://selenium.dev/exceptions/#no_such_element
      Build info: version: '4.1.2', revision: '9a5a329c5a'
      System info: host: 'nsystem-mbp', ip: 'fe80:0:0:0:ce7:beec:a50b:8367%en0', os.name: 'Mac OS X', os.arch: 'x86_64', os.version: '10.16', java.version: '1.8.0_201'
      Driver info: org.openqa.selenium.chrome.ChromeDriver
      Command: [5537300ac116a71fdc6129fc59c01413, findElement {using=xpath, value=//input[@id='input-linkedin']}]
      Capabilities {acceptInsecureCerts: false, browserName: chrome, browserVersion: 110.0.5481.100, chrome: {chromedriverVersion: 110.0.5481.77 (65ed616c6e8e..., userDataDir: /var/folders/00/xzw63_pj58g...}, goog:chromeOptions: {debuggerAddress: localhost:63938}, javascriptEnabled: true, networkConnectionEnabled: false, pageLoadStrategy: normal, platform: MAC, platformName: MAC, proxy: Proxy(), se:cdp: ws://localhost:63938/devtoo..., se:cdpVersion: 110.0.5481.100, setWindowRect: true, strictFileInteractability: false, timeouts: {implicit: 0, pageLoad: 300000, script: 30000}, unhandledPromptBehavior: dismiss and notify, webauthn:extension:credBlob: true, webauthn:extension:largeBlob: true, webauthn:virtualAuthenticators: true}
      Session ID: 5537300ac116a71fdc6129fc59c01413
      	at sun.reflect.NativeConstructorAccessorImpl.newInstance0(Native Method)
      	at sun.reflect.NativeConstructorAccessorImpl.newInstance(NativeConstructorAccessorImpl.java:62)
      	at sun.reflect.DelegatingConstructorAccessorImpl.newInstance(DelegatingConstructorAccessorImpl.java:45)
      	at java.lang.reflect.Constructor.newInstance(Constructor.java:423)
      	at org.openqa.selenium.remote.codec.w3c.W3CHttpResponseCodec.createException(W3CHttpResponseCodec.java:200)
      	at org.openqa.selenium.remote.codec.w3c.W3CHttpResponseCodec.decode(W3CHttpResponseCodec.java:133)
      	at org.openqa.selenium.remote.codec.w3c.W3CHttpResponseCodec.decode(W3CHttpResponseCodec.java:53)
      	at org.openqa.selenium.remote.HttpCommandExecutor.execute(HttpCommandExecutor.java:184)
      	at org.openqa.selenium.remote.service.DriverCommandExecutor.invokeExecute(DriverCommandExecutor.java:167)
      	at org.openqa.selenium.remote.service.DriverCommandExecutor.execute(DriverCommandExecutor.java:142)
      	at org.openqa.selenium.remote.RemoteWebDriver.execute(RemoteWebDriver.java:558)
      	at org.openqa.selenium.remote.ElementLocation$ElementFinder$2.findElement(ElementLocation.java:162)
      	at org.openqa.selenium.remote.ElementLocation.findElement(ElementLocation.java:60)
      	at org.openqa.selenium.remote.RemoteWebDriver.findElement(RemoteWebDriver.java:382)
      	at org.openqa.selenium.remote.RemoteWebDriver.findElement(RemoteWebDriver.java:374)
      	at org.openqa.selenium.support.pagefactory.DefaultElementLocator.findElement(DefaultElementLocator.java:70)
      	at org.openqa.selenium.support.pagefactory.internal.LocatingElementHandler.invoke(LocatingElementHandler.java:39)
      	at com.sun.proxy.$Proxy21.sendKeys(Unknown Source)
      	at org.example.pageObject.RegisterPage.setLinkedin(RegisterPage.java:120)
      	at step_definitions.RegisterSteps.userInputValidDataButEmptyPhoneNumberField(RegisterSteps.java:187)
      	at ✽.When User input valid data but empty phone number field(features/LengkapiDataGuru.feature:41)
      &amp#27;[0m
    &amp#27;[36mAnd &amp#27;[0m&amp#27;[36mUser select "&amp#27;[0m&amp#27;[36m&amp#27;[1mSekolah Menengah Atas&amp#27;[0m&amp#27;[36m" in Pemilihan Jenjang Pengajaran field&amp#27;[0m &amp#27;[90m# RegisterSteps.userSelectInPemilihanJenjangPengajaranField(String)&amp#27;[0m
    &amp#27;[36mAnd &amp#27;[0m&amp#27;[36mUser upload photo and ijazah with valid requirement&amp#27;[0m                       &amp#27;[90m# RegisterSteps.userUploadPhotoAndIjazahWithValidRequirement()&amp#27;[0m
    &amp#27;[36mThen &amp#27;[0m&amp#27;[36mUser click Update data Button&amp#27;[0m                                            &amp#27;[90m# RegisterSteps.userClickUpdateDataButton()&amp#27;[0m
    &amp#27;[36mAnd &amp#27;[0m&amp#27;[36mUser will see alert message "&amp#27;[0m&amp#27;[36m&amp#27;[1mupdateData masa kosong sih&amp#27;[0m&amp#27;[36m"&amp#27;[0m                  &amp#27;[90m# RegisterSteps.userWillSeeAlertMessages(String)&amp#27;[0m
]]></system-out>
    <system-err><![CDATA[Starting ChromeDriver 110.0.5481.77 (65ed616c6e8ee3fe0ad64fe83796c020644d42af-refs/branch-heads/5481@{#839}) on port 64683
Only local connections are allowed.
Please see https://chromedriver.chromium.org/security-considerations for suggestions on keeping ChromeDriver safe.
ChromeDriver was started successfully.
[1676549966.193][WARNING]: virtual void DevToolsClientImpl::AddListener(DevToolsEventListener *) subscribing a listener to the already connected DevToolsClient. Connection notification will not arrive.
Feb 16, 2023 7:19:26 PM org.openqa.selenium.remote.ProtocolHandshake createSession
INFO: Detected dialect: W3C
Feb 16, 2023 7:19:26 PM org.openqa.selenium.devtools.CdpVersionFinder findNearestMatch
WARNING: Unable to find an exact match for CDP version 110, so returning the closest version found: a no-op implementation
Feb 16, 2023 7:19:26 PM org.openqa.selenium.devtools.CdpVersionFinder findNearestMatch
INFO: Unable to find CDP implementation matching 110.
Feb 16, 2023 7:19:26 PM org.openqa.selenium.chromium.ChromiumDriver lambda$new$3
WARNING: Unable to find version of CDP to use for . You may need to include a dependency on a specific version of the CDP using something similar to `org.seleniumhq.selenium:selenium-devtools-v86:4.1.2` where the version ("v86") matches the version of the chromium-based browser you're using and the version number of the artifact is the same as Selenium's.
]]></system-err>
  </testcase>
  <testcase name="When User input all valid data in selesaikan profil anda form" classname="Scenario: Empty the pemilihan jenjang pengajaran in Register teacher next step" time="0.004">
    <error message="no such element: Unable to locate element: {&quot;method&quot;:&quot;xpath&quot;,&quot;selector&quot;:&quot;//input[@id=&apos;input-linkedin&apos;]&quot;}&#10;  (Session info: chrome=110.0.5481.100)&#10;For documentation on this error, please visit: https://selenium.dev/exceptions/#no_such_element&#10;Build info: version: &apos;4.1.2&apos;, revision: &apos;9a5a329c5a&apos;&#10;System info: host: &apos;nsystem-mbp&apos;, ip: &apos;fe80:0:0:0:ce7:beec:a50b:8367%en0&apos;, os.name: &apos;Mac OS X&apos;, os.arch: &apos;x86_64&apos;, os.version: &apos;10.16&apos;, java.version: &apos;1.8.0_201&apos;&#10;Driver info: org.openqa.selenium.chrome.ChromeDriver&#10;Command: [13d193b161ee72871f89ab82e209bb6b, findElement {using=xpath, value=//input[@id=&apos;input-linkedin&apos;]}]&#10;Capabilities {acceptInsecureCerts: false, browserName: chrome, browserVersion: 110.0.5481.100, chrome: {chromedriverVersion: 110.0.5481.77 (65ed616c6e8e..., userDataDir: /var/folders/00/xzw63_pj58g...}, goog:chromeOptions: {debuggerAddress: localhost:63958}, javascriptEnabled: true, networkConnectionEnabled: false, pageLoadStrategy: normal, platform: MAC, platformName: MAC, proxy: Proxy(), se:cdp: ws://localhost:63958/devtoo..., se:cdpVersion: 110.0.5481.100, setWindowRect: true, strictFileInteractability: false, timeouts: {implicit: 0, pageLoad: 300000, script: 30000}, unhandledPromptBehavior: dismiss and notify, webauthn:extension:credBlob: true, webauthn:extension:largeBlob: true, webauthn:virtualAuthenticators: true}&#10;Session ID: 13d193b161ee72871f89ab82e209bb6b" type="org.openqa.selenium.NoSuchElementException"><![CDATA[org.openqa.selenium.NoSuchElementException: 
no such element: Unable to locate element: {"method":"xpath","selector":"//input[@id='input-linkedin']"}
  (Session info: chrome=110.0.5481.100)
For documentation on this error, please visit: https://selenium.dev/exceptions/#no_such_element
Build info: version: '4.1.2', revision: '9a5a329c5a'
System info: host: 'nsystem-mbp', ip: 'fe80:0:0:0:ce7:beec:a50b:8367%en0', os.name: 'Mac OS X', os.arch: 'x86_64', os.version: '10.16', java.version: '1.8.0_201'
Driver info: org.openqa.selenium.chrome.ChromeDriver
Command: [13d193b161ee72871f89ab82e209bb6b, findElement {using=xpath, value=//input[@id='input-linkedin']}]
Capabilities {acceptInsecureCerts: false, browserName: chrome, browserVersion: 110.0.5481.100, chrome: {chromedriverVersion: 110.0.5481.77 (65ed616c6e8e..., userDataDir: /var/folders/00/xzw63_pj58g...}, goog:chromeOptions: {debuggerAddress: localhost:63958}, javascriptEnabled: true, networkConnectionEnabled: false, pageLoadStrategy: normal, platform: MAC, platformName: MAC, proxy: Proxy(), se:cdp: ws://localhost:63958/devtoo..., se:cdpVersion: 110.0.5481.100, setWindowRect: true, strictFileInteractability: false, timeouts: {implicit: 0, pageLoad: 300000, script: 30000}, unhandledPromptBehavior: dismiss and notify, webauthn:extension:credBlob: true, webauthn:extension:largeBlob: true, webauthn:virtualAuthenticators: true}
Session ID: 13d193b161ee72871f89ab82e209bb6b
]]></error>
  </testcase>
  <testcase name="" classname="Scenario: Empty the pemilihan jenjang pengajaran in Register teacher next step" time="0.005">
    <error message="no such element: Unable to locate element: {&quot;method&quot;:&quot;xpath&quot;,&quot;selector&quot;:&quot;//input[@id=&apos;input-linkedin&apos;]&quot;}&#10;  (Session info: chrome=110.0.5481.100)&#10;For documentation on this error, please visit: https://selenium.dev/exceptions/#no_such_element&#10;Build info: version: &apos;4.1.2&apos;, revision: &apos;9a5a329c5a&apos;&#10;System info: host: &apos;nsystem-mbp&apos;, ip: &apos;fe80:0:0:0:ce7:beec:a50b:8367%en0&apos;, os.name: &apos;Mac OS X&apos;, os.arch: &apos;x86_64&apos;, os.version: &apos;10.16&apos;, java.version: &apos;1.8.0_201&apos;&#10;Driver info: org.openqa.selenium.chrome.ChromeDriver&#10;Command: [13d193b161ee72871f89ab82e209bb6b, findElement {using=xpath, value=//input[@id=&apos;input-linkedin&apos;]}]&#10;Capabilities {acceptInsecureCerts: false, browserName: chrome, browserVersion: 110.0.5481.100, chrome: {chromedriverVersion: 110.0.5481.77 (65ed616c6e8e..., userDataDir: /var/folders/00/xzw63_pj58g...}, goog:chromeOptions: {debuggerAddress: localhost:63958}, javascriptEnabled: true, networkConnectionEnabled: false, pageLoadStrategy: normal, platform: MAC, platformName: MAC, proxy: Proxy(), se:cdp: ws://localhost:63958/devtoo..., se:cdpVersion: 110.0.5481.100, setWindowRect: true, strictFileInteractability: false, timeouts: {implicit: 0, pageLoad: 300000, script: 30000}, unhandledPromptBehavior: dismiss and notify, webauthn:extension:credBlob: true, webauthn:extension:largeBlob: true, webauthn:virtualAuthenticators: true}&#10;Session ID: 13d193b161ee72871f89ab82e209bb6b" type="org.openqa.selenium.NoSuchElementException"><![CDATA[org.openqa.selenium.NoSuchElementException: 
no such element: Unable to locate element: {"method":"xpath","selector":"//input[@id='input-linkedin']"}
  (Session info: chrome=110.0.5481.100)
For documentation on this error, please visit: https://selenium.dev/exceptions/#no_such_element
Build info: version: '4.1.2', revision: '9a5a329c5a'
System info: host: 'nsystem-mbp', ip: 'fe80:0:0:0:ce7:beec:a50b:8367%en0', os.name: 'Mac OS X', os.arch: 'x86_64', os.version: '10.16', java.version: '1.8.0_201'
Driver info: org.openqa.selenium.chrome.ChromeDriver
Command: [13d193b161ee72871f89ab82e209bb6b, findElement {using=xpath, value=//input[@id='input-linkedin']}]
Capabilities {acceptInsecureCerts: false, browserName: chrome, browserVersion: 110.0.5481.100, chrome: {chromedriverVersion: 110.0.5481.77 (65ed616c6e8e..., userDataDir: /var/folders/00/xzw63_pj58g...}, goog:chromeOptions: {debuggerAddress: localhost:63958}, javascriptEnabled: true, networkConnectionEnabled: false, pageLoadStrategy: normal, platform: MAC, platformName: MAC, proxy: Proxy(), se:cdp: ws://localhost:63958/devtoo..., se:cdpVersion: 110.0.5481.100, setWindowRect: true, strictFileInteractability: false, timeouts: {implicit: 0, pageLoad: 300000, script: 30000}, unhandledPromptBehavior: dismiss and notify, webauthn:extension:credBlob: true, webauthn:extension:largeBlob: true, webauthn:virtualAuthenticators: true}
Session ID: 13d193b161ee72871f89ab82e209bb6b
]]></error>
  </testcase>
  <testcase name="And User not select any choice in Pemilihan Jenjang Pengajaran field" classname="Scenario: Empty the pemilihan jenjang pengajaran in Register teacher next step" time="0">
    <skipped/>
  </testcase>
  <testcase name="And User upload photo and ijazah with valid requirement" classname="Scenario: Empty the pemilihan jenjang pengajaran in Register teacher next step" time="0">
    <skipped/>
  </testcase>
  <testcase name="Then User click Update data Button" classname="Scenario: Empty the pemilihan jenjang pengajaran in Register teacher next step" time="0">
    <skipped/>
  </testcase>
  <testcase name="And User will see alert message &quot;updateData masa kosong sih&quot;" classname="Scenario: Empty the pemilihan jenjang pengajaran in Register teacher next step" time="0">
    <skipped/>
  </testcase>
  <testcase name="Given User already in GuruMu Selesaikan profil pop-up form" classname="Scenario: Empty the Deskripsi diri in Register teacher next step" time="0">
    <system-out><![CDATA[
  @LengkapiDataGuru
  Scenario: Empty the pemilihan jenjang pengajaran in Register teacher next step &amp#27;[90m# features/LengkapiDataGuru.feature:48&amp#27;[0m
    &amp#27;[32mGiven &amp#27;[0m&amp#27;[32mUser already in GuruMu Selesaikan profil pop-up form&amp#27;[0m                   &amp#27;[90m# RegisterSteps.userAlreadyInGuruMuSelesaikanProfilPopUpForm()&amp#27;[0m
    &amp#27;[31mWhen &amp#27;[0m&amp#27;[31mUser input all valid data in selesaikan profil anda form&amp#27;[0m                &amp#27;[90m# RegisterSteps.userInputAllValidDataInSelesaikanProfilAndaForm()&amp#27;[0m
      &amp#27;[31morg.openqa.selenium.NoSuchElementException: no such element: Unable to locate element: {"method":"xpath","selector":"//input[@id='input-linkedin']"}
        (Session info: chrome=110.0.5481.100)
      For documentation on this error, please visit: https://selenium.dev/exceptions/#no_such_element
      Build info: version: '4.1.2', revision: '9a5a329c5a'
      System info: host: 'nsystem-mbp', ip: 'fe80:0:0:0:ce7:beec:a50b:8367%en0', os.name: 'Mac OS X', os.arch: 'x86_64', os.version: '10.16', java.version: '1.8.0_201'
      Driver info: org.openqa.selenium.chrome.ChromeDriver
      Command: [13d193b161ee72871f89ab82e209bb6b, findElement {using=xpath, value=//input[@id='input-linkedin']}]
      Capabilities {acceptInsecureCerts: false, browserName: chrome, browserVersion: 110.0.5481.100, chrome: {chromedriverVersion: 110.0.5481.77 (65ed616c6e8e..., userDataDir: /var/folders/00/xzw63_pj58g...}, goog:chromeOptions: {debuggerAddress: localhost:63958}, javascriptEnabled: true, networkConnectionEnabled: false, pageLoadStrategy: normal, platform: MAC, platformName: MAC, proxy: Proxy(), se:cdp: ws://localhost:63958/devtoo..., se:cdpVersion: 110.0.5481.100, setWindowRect: true, strictFileInteractability: false, timeouts: {implicit: 0, pageLoad: 300000, script: 30000}, unhandledPromptBehavior: dismiss and notify, webauthn:extension:credBlob: true, webauthn:extension:largeBlob: true, webauthn:virtualAuthenticators: true}
      Session ID: 13d193b161ee72871f89ab82e209bb6b
      	at sun.reflect.NativeConstructorAccessorImpl.newInstance0(Native Method)
      	at sun.reflect.NativeConstructorAccessorImpl.newInstance(NativeConstructorAccessorImpl.java:62)
      	at sun.reflect.DelegatingConstructorAccessorImpl.newInstance(DelegatingConstructorAccessorImpl.java:45)
      	at java.lang.reflect.Constructor.newInstance(Constructor.java:423)
      	at org.openqa.selenium.remote.codec.w3c.W3CHttpResponseCodec.createException(W3CHttpResponseCodec.java:200)
      	at org.openqa.selenium.remote.codec.w3c.W3CHttpResponseCodec.decode(W3CHttpResponseCodec.java:133)
      	at org.openqa.selenium.remote.codec.w3c.W3CHttpResponseCodec.decode(W3CHttpResponseCodec.java:53)
      	at org.openqa.selenium.remote.HttpCommandExecutor.execute(HttpCommandExecutor.java:184)
      	at org.openqa.selenium.remote.service.DriverCommandExecutor.invokeExecute(DriverCommandExecutor.java:167)
      	at org.openqa.selenium.remote.service.DriverCommandExecutor.execute(DriverCommandExecutor.java:142)
      	at org.openqa.selenium.remote.RemoteWebDriver.execute(RemoteWebDriver.java:558)
      	at org.openqa.selenium.remote.ElementLocation$ElementFinder$2.findElement(ElementLocation.java:162)
      	at org.openqa.selenium.remote.ElementLocation.findElement(ElementLocation.java:60)
      	at org.openqa.selenium.remote.RemoteWebDriver.findElement(RemoteWebDriver.java:382)
      	at org.openqa.selenium.remote.RemoteWebDriver.findElement(RemoteWebDriver.java:374)
      	at org.openqa.selenium.support.pagefactory.DefaultElementLocator.findElement(DefaultElementLocator.java:70)
      	at org.openqa.selenium.support.pagefactory.internal.LocatingElementHandler.invoke(LocatingElementHandler.java:39)
      	at com.sun.proxy.$Proxy21.sendKeys(Unknown Source)
      	at org.example.pageObject.RegisterPage.setLinkedin(RegisterPage.java:120)
      	at step_definitions.RegisterSteps.userInputAllValidDataInSelesaikanProfilAndaForm(RegisterSteps.java:144)
      	at ✽.When User input all valid data in selesaikan profil anda form(features/LengkapiDataGuru.feature:50)
      &amp#27;[0m
    &amp#27;[36mAnd &amp#27;[0m&amp#27;[36mUser not select any choice in Pemilihan Jenjang Pengajaran field&amp#27;[0m         &amp#27;[90m# RegisterSteps.userNotSelectChoice()&amp#27;[0m
    &amp#27;[36mAnd &amp#27;[0m&amp#27;[36mUser upload photo and ijazah with valid requirement&amp#27;[0m                      &amp#27;[90m# RegisterSteps.userUploadPhotoAndIjazahWithValidRequirement()&amp#27;[0m
    &amp#27;[36mThen &amp#27;[0m&amp#27;[36mUser click Update data Button&amp#27;[0m                                           &amp#27;[90m# RegisterSteps.userClickUpdateDataButton()&amp#27;[0m
    &amp#27;[36mAnd &amp#27;[0m&amp#27;[36mUser will see alert message "&amp#27;[0m&amp#27;[36m&amp#27;[1mupdateData masa kosong sih&amp#27;[0m&amp#27;[36m"&amp#27;[0m                 &amp#27;[90m# RegisterSteps.userWillSeeAlertMessages(String)&amp#27;[0m
]]></system-out>
    <system-err><![CDATA[Starting ChromeDriver 110.0.5481.77 (65ed616c6e8ee3fe0ad64fe83796c020644d42af-refs/branch-heads/5481@{#839}) on port 57662
Only local connections are allowed.
Please see https://chromedriver.chromium.org/security-considerations for suggestions on keeping ChromeDriver safe.
ChromeDriver was started successfully.
[1676549993.806][WARNING]: virtual void DevToolsClientImpl::AddListener(DevToolsEventListener *) subscribing a listener to the already connected DevToolsClient. Connection notification will not arrive.
Feb 16, 2023 7:19:54 PM org.openqa.selenium.remote.ProtocolHandshake createSession
INFO: Detected dialect: W3C
Feb 16, 2023 7:19:54 PM org.openqa.selenium.devtools.CdpVersionFinder findNearestMatch
WARNING: Unable to find an exact match for CDP version 110, so returning the closest version found: a no-op implementation
Feb 16, 2023 7:19:54 PM org.openqa.selenium.devtools.CdpVersionFinder findNearestMatch
INFO: Unable to find CDP implementation matching 110.
Feb 16, 2023 7:19:54 PM org.openqa.selenium.chromium.ChromiumDriver lambda$new$3
WARNING: Unable to find version of CDP to use for . You may need to include a dependency on a specific version of the CDP using something similar to `org.seleniumhq.selenium:selenium-devtools-v86:4.1.2` where the version ("v86") matches the version of the chromium-based browser you're using and the version number of the artifact is the same as Selenium's.
]]></system-err>
  </testcase>
  <testcase name="When User input valid data but empty Deskripsi diri field" classname="Scenario: Empty the Deskripsi diri in Register teacher next step" time="0.007">
    <error message="no such element: Unable to locate element: {&quot;method&quot;:&quot;xpath&quot;,&quot;selector&quot;:&quot;//input[@id=&apos;input-linkedin&apos;]&quot;}&#10;  (Session info: chrome=110.0.5481.100)&#10;For documentation on this error, please visit: https://selenium.dev/exceptions/#no_such_element&#10;Build info: version: &apos;4.1.2&apos;, revision: &apos;9a5a329c5a&apos;&#10;System info: host: &apos;nsystem-mbp&apos;, ip: &apos;fe80:0:0:0:ce7:beec:a50b:8367%en0&apos;, os.name: &apos;Mac OS X&apos;, os.arch: &apos;x86_64&apos;, os.version: &apos;10.16&apos;, java.version: &apos;1.8.0_201&apos;&#10;Driver info: org.openqa.selenium.chrome.ChromeDriver&#10;Command: [bcbb843953c551534df87fff29237735, findElement {using=xpath, value=//input[@id=&apos;input-linkedin&apos;]}]&#10;Capabilities {acceptInsecureCerts: false, browserName: chrome, browserVersion: 110.0.5481.100, chrome: {chromedriverVersion: 110.0.5481.77 (65ed616c6e8e..., userDataDir: /var/folders/00/xzw63_pj58g...}, goog:chromeOptions: {debuggerAddress: localhost:63979}, javascriptEnabled: true, networkConnectionEnabled: false, pageLoadStrategy: normal, platform: MAC, platformName: MAC, proxy: Proxy(), se:cdp: ws://localhost:63979/devtoo..., se:cdpVersion: 110.0.5481.100, setWindowRect: true, strictFileInteractability: false, timeouts: {implicit: 0, pageLoad: 300000, script: 30000}, unhandledPromptBehavior: dismiss and notify, webauthn:extension:credBlob: true, webauthn:extension:largeBlob: true, webauthn:virtualAuthenticators: true}&#10;Session ID: bcbb843953c551534df87fff29237735" type="org.openqa.selenium.NoSuchElementException"><![CDATA[org.openqa.selenium.NoSuchElementException: 
no such element: Unable to locate element: {"method":"xpath","selector":"//input[@id='input-linkedin']"}
  (Session info: chrome=110.0.5481.100)
For documentation on this error, please visit: https://selenium.dev/exceptions/#no_such_element
Build info: version: '4.1.2', revision: '9a5a329c5a'
System info: host: 'nsystem-mbp', ip: 'fe80:0:0:0:ce7:beec:a50b:8367%en0', os.name: 'Mac OS X', os.arch: 'x86_64', os.version: '10.16', java.version: '1.8.0_201'
Driver info: org.openqa.selenium.chrome.ChromeDriver
Command: [bcbb843953c551534df87fff29237735, findElement {using=xpath, value=//input[@id='input-linkedin']}]
Capabilities {acceptInsecureCerts: false, browserName: chrome, browserVersion: 110.0.5481.100, chrome: {chromedriverVersion: 110.0.5481.77 (65ed616c6e8e..., userDataDir: /var/folders/00/xzw63_pj58g...}, goog:chromeOptions: {debuggerAddress: localhost:63979}, javascriptEnabled: true, networkConnectionEnabled: false, pageLoadStrategy: normal, platform: MAC, platformName: MAC, proxy: Proxy(), se:cdp: ws://localhost:63979/devtoo..., se:cdpVersion: 110.0.5481.100, setWindowRect: true, strictFileInteractability: false, timeouts: {implicit: 0, pageLoad: 300000, script: 30000}, unhandledPromptBehavior: dismiss and notify, webauthn:extension:credBlob: true, webauthn:extension:largeBlob: true, webauthn:virtualAuthenticators: true}
Session ID: bcbb843953c551534df87fff29237735
]]></error>
  </testcase>
  <testcase name="" classname="Scenario: Empty the Deskripsi diri in Register teacher next step" time="0.009">
    <error message="no such element: Unable to locate element: {&quot;method&quot;:&quot;xpath&quot;,&quot;selector&quot;:&quot;//input[@id=&apos;input-linkedin&apos;]&quot;}&#10;  (Session info: chrome=110.0.5481.100)&#10;For documentation on this error, please visit: https://selenium.dev/exceptions/#no_such_element&#10;Build info: version: &apos;4.1.2&apos;, revision: &apos;9a5a329c5a&apos;&#10;System info: host: &apos;nsystem-mbp&apos;, ip: &apos;fe80:0:0:0:ce7:beec:a50b:8367%en0&apos;, os.name: &apos;Mac OS X&apos;, os.arch: &apos;x86_64&apos;, os.version: &apos;10.16&apos;, java.version: &apos;1.8.0_201&apos;&#10;Driver info: org.openqa.selenium.chrome.ChromeDriver&#10;Command: [bcbb843953c551534df87fff29237735, findElement {using=xpath, value=//input[@id=&apos;input-linkedin&apos;]}]&#10;Capabilities {acceptInsecureCerts: false, browserName: chrome, browserVersion: 110.0.5481.100, chrome: {chromedriverVersion: 110.0.5481.77 (65ed616c6e8e..., userDataDir: /var/folders/00/xzw63_pj58g...}, goog:chromeOptions: {debuggerAddress: localhost:63979}, javascriptEnabled: true, networkConnectionEnabled: false, pageLoadStrategy: normal, platform: MAC, platformName: MAC, proxy: Proxy(), se:cdp: ws://localhost:63979/devtoo..., se:cdpVersion: 110.0.5481.100, setWindowRect: true, strictFileInteractability: false, timeouts: {implicit: 0, pageLoad: 300000, script: 30000}, unhandledPromptBehavior: dismiss and notify, webauthn:extension:credBlob: true, webauthn:extension:largeBlob: true, webauthn:virtualAuthenticators: true}&#10;Session ID: bcbb843953c551534df87fff29237735" type="org.openqa.selenium.NoSuchElementException"><![CDATA[org.openqa.selenium.NoSuchElementException: 
no such element: Unable to locate element: {"method":"xpath","selector":"//input[@id='input-linkedin']"}
  (Session info: chrome=110.0.5481.100)
For documentation on this error, please visit: https://selenium.dev/exceptions/#no_such_element
Build info: version: '4.1.2', revision: '9a5a329c5a'
System info: host: 'nsystem-mbp', ip: 'fe80:0:0:0:ce7:beec:a50b:8367%en0', os.name: 'Mac OS X', os.arch: 'x86_64', os.version: '10.16', java.version: '1.8.0_201'
Driver info: org.openqa.selenium.chrome.ChromeDriver
Command: [bcbb843953c551534df87fff29237735, findElement {using=xpath, value=//input[@id='input-linkedin']}]
Capabilities {acceptInsecureCerts: false, browserName: chrome, browserVersion: 110.0.5481.100, chrome: {chromedriverVersion: 110.0.5481.77 (65ed616c6e8e..., userDataDir: /var/folders/00/xzw63_pj58g...}, goog:chromeOptions: {debuggerAddress: localhost:63979}, javascriptEnabled: true, networkConnectionEnabled: false, pageLoadStrategy: normal, platform: MAC, platformName: MAC, proxy: Proxy(), se:cdp: ws://localhost:63979/devtoo..., se:cdpVersion: 110.0.5481.100, setWindowRect: true, strictFileInteractability: false, timeouts: {implicit: 0, pageLoad: 300000, script: 30000}, unhandledPromptBehavior: dismiss and notify, webauthn:extension:credBlob: true, webauthn:extension:largeBlob: true, webauthn:virtualAuthenticators: true}
Session ID: bcbb843953c551534df87fff29237735
]]></error>
  </testcase>
  <testcase name="And User select &quot;Sekolah Menengah Atas&quot; in Pemilihan Jenjang Pengajaran field" classname="Scenario: Empty the Deskripsi diri in Register teacher next step" time="0">
    <skipped/>
  </testcase>
  <testcase name="And User upload photo and ijazah with valid requirement" classname="Scenario: Empty the Deskripsi diri in Register teacher next step" time="0">
    <skipped/>
  </testcase>
  <testcase name="Then User click Update data Button" classname="Scenario: Empty the Deskripsi diri in Register teacher next step" time="0">
    <skipped/>
  </testcase>
  <testcase name="And User will see alert message &quot;updateData masa kosong sih&quot;" classname="Scenario: Empty the Deskripsi diri in Register teacher next step" time="0">
    <skipped/>
  </testcase>
  <testcase name="Given User already in GuruMu Selesaikan profil pop-up form" classname="Scenario: Empty the LinkedIn Profile in Register teacher next step" time="0">
    <system-out><![CDATA[
  @LengkapiDataGuru
  Scenario: Empty the Deskripsi diri in Register teacher next step                &amp#27;[90m# features/LengkapiDataGuru.feature:57&amp#27;[0m
    &amp#27;[32mGiven &amp#27;[0m&amp#27;[32mUser already in GuruMu Selesaikan profil pop-up form&amp#27;[0m                    &amp#27;[90m# RegisterSteps.userAlreadyInGuruMuSelesaikanProfilPopUpForm()&amp#27;[0m
    &amp#27;[31mWhen &amp#27;[0m&amp#27;[31mUser input valid data but empty Deskripsi diri field&amp#27;[0m                     &amp#27;[90m# RegisterSteps.userInputValidDataButEmptyDeskripsiDiriField()&amp#27;[0m
      &amp#27;[31morg.openqa.selenium.NoSuchElementException: no such element: Unable to locate element: {"method":"xpath","selector":"//input[@id='input-linkedin']"}
        (Session info: chrome=110.0.5481.100)
      For documentation on this error, please visit: https://selenium.dev/exceptions/#no_such_element
      Build info: version: '4.1.2', revision: '9a5a329c5a'
      System info: host: 'nsystem-mbp', ip: 'fe80:0:0:0:ce7:beec:a50b:8367%en0', os.name: 'Mac OS X', os.arch: 'x86_64', os.version: '10.16', java.version: '1.8.0_201'
      Driver info: org.openqa.selenium.chrome.ChromeDriver
      Command: [bcbb843953c551534df87fff29237735, findElement {using=xpath, value=//input[@id='input-linkedin']}]
      Capabilities {acceptInsecureCerts: false, browserName: chrome, browserVersion: 110.0.5481.100, chrome: {chromedriverVersion: 110.0.5481.77 (65ed616c6e8e..., userDataDir: /var/folders/00/xzw63_pj58g...}, goog:chromeOptions: {debuggerAddress: localhost:63979}, javascriptEnabled: true, networkConnectionEnabled: false, pageLoadStrategy: normal, platform: MAC, platformName: MAC, proxy: Proxy(), se:cdp: ws://localhost:63979/devtoo..., se:cdpVersion: 110.0.5481.100, setWindowRect: true, strictFileInteractability: false, timeouts: {implicit: 0, pageLoad: 300000, script: 30000}, unhandledPromptBehavior: dismiss and notify, webauthn:extension:credBlob: true, webauthn:extension:largeBlob: true, webauthn:virtualAuthenticators: true}
      Session ID: bcbb843953c551534df87fff29237735
      	at sun.reflect.NativeConstructorAccessorImpl.newInstance0(Native Method)
      	at sun.reflect.NativeConstructorAccessorImpl.newInstance(NativeConstructorAccessorImpl.java:62)
      	at sun.reflect.DelegatingConstructorAccessorImpl.newInstance(DelegatingConstructorAccessorImpl.java:45)
      	at java.lang.reflect.Constructor.newInstance(Constructor.java:423)
      	at org.openqa.selenium.remote.codec.w3c.W3CHttpResponseCodec.createException(W3CHttpResponseCodec.java:200)
      	at org.openqa.selenium.remote.codec.w3c.W3CHttpResponseCodec.decode(W3CHttpResponseCodec.java:133)
      	at org.openqa.selenium.remote.codec.w3c.W3CHttpResponseCodec.decode(W3CHttpResponseCodec.java:53)
      	at org.openqa.selenium.remote.HttpCommandExecutor.execute(HttpCommandExecutor.java:184)
      	at org.openqa.selenium.remote.service.DriverCommandExecutor.invokeExecute(DriverCommandExecutor.java:167)
      	at org.openqa.selenium.remote.service.DriverCommandExecutor.execute(DriverCommandExecutor.java:142)
      	at org.openqa.selenium.remote.RemoteWebDriver.execute(RemoteWebDriver.java:558)
      	at org.openqa.selenium.remote.ElementLocation$ElementFinder$2.findElement(ElementLocation.java:162)
      	at org.openqa.selenium.remote.ElementLocation.findElement(ElementLocation.java:60)
      	at org.openqa.selenium.remote.RemoteWebDriver.findElement(RemoteWebDriver.java:382)
      	at org.openqa.selenium.remote.RemoteWebDriver.findElement(RemoteWebDriver.java:374)
      	at org.openqa.selenium.support.pagefactory.DefaultElementLocator.findElement(DefaultElementLocator.java:70)
      	at org.openqa.selenium.support.pagefactory.internal.LocatingElementHandler.invoke(LocatingElementHandler.java:39)
      	at com.sun.proxy.$Proxy21.sendKeys(Unknown Source)
      	at org.example.pageObject.RegisterPage.setLinkedin(RegisterPage.java:120)
      	at step_definitions.RegisterSteps.userInputValidDataButEmptyDeskripsiDiriField(RegisterSteps.java:195)
      	at ✽.When User input valid data but empty Deskripsi diri field(features/LengkapiDataGuru.feature:59)
      &amp#27;[0m
    &amp#27;[36mAnd &amp#27;[0m&amp#27;[36mUser select "&amp#27;[0m&amp#27;[36m&amp#27;[1mSekolah Menengah Atas&amp#27;[0m&amp#27;[36m" in Pemilihan Jenjang Pengajaran field&amp#27;[0m &amp#27;[90m# RegisterSteps.userSelectInPemilihanJenjangPengajaranField(String)&amp#27;[0m
    &amp#27;[36mAnd &amp#27;[0m&amp#27;[36mUser upload photo and ijazah with valid requirement&amp#27;[0m                       &amp#27;[90m# RegisterSteps.userUploadPhotoAndIjazahWithValidRequirement()&amp#27;[0m
    &amp#27;[36mThen &amp#27;[0m&amp#27;[36mUser click Update data Button&amp#27;[0m                                            &amp#27;[90m# RegisterSteps.userClickUpdateDataButton()&amp#27;[0m
    &amp#27;[36mAnd &amp#27;[0m&amp#27;[36mUser will see alert message "&amp#27;[0m&amp#27;[36m&amp#27;[1mupdateData masa kosong sih&amp#27;[0m&amp#27;[36m"&amp#27;[0m                  &amp#27;[90m# RegisterSteps.userWillSeeAlertMessages(String)&amp#27;[0m
]]></system-out>
    <system-err><![CDATA[Starting ChromeDriver 110.0.5481.77 (65ed616c6e8ee3fe0ad64fe83796c020644d42af-refs/branch-heads/5481@{#839}) on port 52512
Only local connections are allowed.
Please see https://chromedriver.chromium.org/security-considerations for suggestions on keeping ChromeDriver safe.
ChromeDriver was started successfully.
[1676550023.126][WARNING]: virtual void DevToolsClientImpl::AddListener(DevToolsEventListener *) subscribing a listener to the already connected DevToolsClient. Connection notification will not arrive.
Feb 16, 2023 7:20:23 PM org.openqa.selenium.remote.ProtocolHandshake createSession
INFO: Detected dialect: W3C
Feb 16, 2023 7:20:23 PM org.openqa.selenium.devtools.CdpVersionFinder findNearestMatch
WARNING: Unable to find an exact match for CDP version 110, so returning the closest version found: a no-op implementation
Feb 16, 2023 7:20:23 PM org.openqa.selenium.devtools.CdpVersionFinder findNearestMatch
INFO: Unable to find CDP implementation matching 110.
Feb 16, 2023 7:20:23 PM org.openqa.selenium.chromium.ChromiumDriver lambda$new$3
WARNING: Unable to find version of CDP to use for . You may need to include a dependency on a specific version of the CDP using something similar to `org.seleniumhq.selenium:selenium-devtools-v86:4.1.2` where the version ("v86") matches the version of the chromium-based browser you're using and the version number of the artifact is the same as Selenium's.
]]></system-err>
  </testcase>
  <testcase name="When User input valid data but empty Linkedin profile" classname="Scenario: Empty the LinkedIn Profile in Register teacher next step" time="0.012">
    <error message="no such element: Unable to locate element: {&quot;method&quot;:&quot;xpath&quot;,&quot;selector&quot;:&quot;//input[@id=&apos;input-linkedin&apos;]&quot;}&#10;  (Session info: chrome=110.0.5481.100)&#10;For documentation on this error, please visit: https://selenium.dev/exceptions/#no_such_element&#10;Build info: version: &apos;4.1.2&apos;, revision: &apos;9a5a329c5a&apos;&#10;System info: host: &apos;nsystem-mbp&apos;, ip: &apos;fe80:0:0:0:ce7:beec:a50b:8367%en0&apos;, os.name: &apos;Mac OS X&apos;, os.arch: &apos;x86_64&apos;, os.version: &apos;10.16&apos;, java.version: &apos;1.8.0_201&apos;&#10;Driver info: org.openqa.selenium.chrome.ChromeDriver&#10;Command: [6486f899271ea7df268eab7b5ddc6b1f, findElement {using=xpath, value=//input[@id=&apos;input-linkedin&apos;]}]&#10;Capabilities {acceptInsecureCerts: false, browserName: chrome, browserVersion: 110.0.5481.100, chrome: {chromedriverVersion: 110.0.5481.77 (65ed616c6e8e..., userDataDir: /var/folders/00/xzw63_pj58g...}, goog:chromeOptions: {debuggerAddress: localhost:64001}, javascriptEnabled: true, networkConnectionEnabled: false, pageLoadStrategy: normal, platform: MAC, platformName: MAC, proxy: Proxy(), se:cdp: ws://localhost:64001/devtoo..., se:cdpVersion: 110.0.5481.100, setWindowRect: true, strictFileInteractability: false, timeouts: {implicit: 0, pageLoad: 300000, script: 30000}, unhandledPromptBehavior: dismiss and notify, webauthn:extension:credBlob: true, webauthn:extension:largeBlob: true, webauthn:virtualAuthenticators: true}&#10;Session ID: 6486f899271ea7df268eab7b5ddc6b1f" type="org.openqa.selenium.NoSuchElementException"><![CDATA[org.openqa.selenium.NoSuchElementException: 
no such element: Unable to locate element: {"method":"xpath","selector":"//input[@id='input-linkedin']"}
  (Session info: chrome=110.0.5481.100)
For documentation on this error, please visit: https://selenium.dev/exceptions/#no_such_element
Build info: version: '4.1.2', revision: '9a5a329c5a'
System info: host: 'nsystem-mbp', ip: 'fe80:0:0:0:ce7:beec:a50b:8367%en0', os.name: 'Mac OS X', os.arch: 'x86_64', os.version: '10.16', java.version: '1.8.0_201'
Driver info: org.openqa.selenium.chrome.ChromeDriver
Command: [6486f899271ea7df268eab7b5ddc6b1f, findElement {using=xpath, value=//input[@id='input-linkedin']}]
Capabilities {acceptInsecureCerts: false, browserName: chrome, browserVersion: 110.0.5481.100, chrome: {chromedriverVersion: 110.0.5481.77 (65ed616c6e8e..., userDataDir: /var/folders/00/xzw63_pj58g...}, goog:chromeOptions: {debuggerAddress: localhost:64001}, javascriptEnabled: true, networkConnectionEnabled: false, pageLoadStrategy: normal, platform: MAC, platformName: MAC, proxy: Proxy(), se:cdp: ws://localhost:64001/devtoo..., se:cdpVersion: 110.0.5481.100, setWindowRect: true, strictFileInteractability: false, timeouts: {implicit: 0, pageLoad: 300000, script: 30000}, unhandledPromptBehavior: dismiss and notify, webauthn:extension:credBlob: true, webauthn:extension:largeBlob: true, webauthn:virtualAuthenticators: true}
Session ID: 6486f899271ea7df268eab7b5ddc6b1f
]]></error>
  </testcase>
  <testcase name="" classname="Scenario: Empty the LinkedIn Profile in Register teacher next step" time="0.013">
    <error message="no such element: Unable to locate element: {&quot;method&quot;:&quot;xpath&quot;,&quot;selector&quot;:&quot;//input[@id=&apos;input-linkedin&apos;]&quot;}&#10;  (Session info: chrome=110.0.5481.100)&#10;For documentation on this error, please visit: https://selenium.dev/exceptions/#no_such_element&#10;Build info: version: &apos;4.1.2&apos;, revision: &apos;9a5a329c5a&apos;&#10;System info: host: &apos;nsystem-mbp&apos;, ip: &apos;fe80:0:0:0:ce7:beec:a50b:8367%en0&apos;, os.name: &apos;Mac OS X&apos;, os.arch: &apos;x86_64&apos;, os.version: &apos;10.16&apos;, java.version: &apos;1.8.0_201&apos;&#10;Driver info: org.openqa.selenium.chrome.ChromeDriver&#10;Command: [6486f899271ea7df268eab7b5ddc6b1f, findElement {using=xpath, value=//input[@id=&apos;input-linkedin&apos;]}]&#10;Capabilities {acceptInsecureCerts: false, browserName: chrome, browserVersion: 110.0.5481.100, chrome: {chromedriverVersion: 110.0.5481.77 (65ed616c6e8e..., userDataDir: /var/folders/00/xzw63_pj58g...}, goog:chromeOptions: {debuggerAddress: localhost:64001}, javascriptEnabled: true, networkConnectionEnabled: false, pageLoadStrategy: normal, platform: MAC, platformName: MAC, proxy: Proxy(), se:cdp: ws://localhost:64001/devtoo..., se:cdpVersion: 110.0.5481.100, setWindowRect: true, strictFileInteractability: false, timeouts: {implicit: 0, pageLoad: 300000, script: 30000}, unhandledPromptBehavior: dismiss and notify, webauthn:extension:credBlob: true, webauthn:extension:largeBlob: true, webauthn:virtualAuthenticators: true}&#10;Session ID: 6486f899271ea7df268eab7b5ddc6b1f" type="org.openqa.selenium.NoSuchElementException"><![CDATA[org.openqa.selenium.NoSuchElementException: 
no such element: Unable to locate element: {"method":"xpath","selector":"//input[@id='input-linkedin']"}
  (Session info: chrome=110.0.5481.100)
For documentation on this error, please visit: https://selenium.dev/exceptions/#no_such_element
Build info: version: '4.1.2', revision: '9a5a329c5a'
System info: host: 'nsystem-mbp', ip: 'fe80:0:0:0:ce7:beec:a50b:8367%en0', os.name: 'Mac OS X', os.arch: 'x86_64', os.version: '10.16', java.version: '1.8.0_201'
Driver info: org.openqa.selenium.chrome.ChromeDriver
Command: [6486f899271ea7df268eab7b5ddc6b1f, findElement {using=xpath, value=//input[@id='input-linkedin']}]
Capabilities {acceptInsecureCerts: false, browserName: chrome, browserVersion: 110.0.5481.100, chrome: {chromedriverVersion: 110.0.5481.77 (65ed616c6e8e..., userDataDir: /var/folders/00/xzw63_pj58g...}, goog:chromeOptions: {debuggerAddress: localhost:64001}, javascriptEnabled: true, networkConnectionEnabled: false, pageLoadStrategy: normal, platform: MAC, platformName: MAC, proxy: Proxy(), se:cdp: ws://localhost:64001/devtoo..., se:cdpVersion: 110.0.5481.100, setWindowRect: true, strictFileInteractability: false, timeouts: {implicit: 0, pageLoad: 300000, script: 30000}, unhandledPromptBehavior: dismiss and notify, webauthn:extension:credBlob: true, webauthn:extension:largeBlob: true, webauthn:virtualAuthenticators: true}
Session ID: 6486f899271ea7df268eab7b5ddc6b1f
]]></error>
  </testcase>
  <testcase name="And User select &quot;Sekolah Menengah Atas&quot; in Pemilihan Jenjang Pengajaran field" classname="Scenario: Empty the LinkedIn Profile in Register teacher next step" time="0">
    <skipped/>
  </testcase>
  <testcase name="And User upload photo and ijazah with valid requirement" classname="Scenario: Empty the LinkedIn Profile in Register teacher next step" time="0">
    <skipped/>
  </testcase>
  <testcase name="Then User click Update data Button" classname="Scenario: Empty the LinkedIn Profile in Register teacher next step" time="0">
    <skipped/>
  </testcase>
  <testcase name="And User will see alert message &quot;updateData masa kosong sih&quot;" classname="Scenario: Empty the LinkedIn Profile in Register teacher next step" time="0">
    <skipped/>
  </testcase>
  <testcase name="Given User already in GuruMu Selesaikan profil pop-up form" classname="Scenario: Upload photo with size more than maximum requirement in Register teacher next step" time="0">
    <system-out><![CDATA[
  @LengkapiDataGuru
  Scenario: Empty the LinkedIn Profile in Register teacher next step              &amp#27;[90m# features/LengkapiDataGuru.feature:66&amp#27;[0m
    &amp#27;[32mGiven &amp#27;[0m&amp#27;[32mUser already in GuruMu Selesaikan profil pop-up form&amp#27;[0m                    &amp#27;[90m# RegisterSteps.userAlreadyInGuruMuSelesaikanProfilPopUpForm()&amp#27;[0m
    &amp#27;[31mWhen &amp#27;[0m&amp#27;[31mUser input valid data but empty Linkedin profile&amp#27;[0m                         &amp#27;[90m# RegisterSteps.userInputValidDataButEmptyLinkedinProfile()&amp#27;[0m
      &amp#27;[31morg.openqa.selenium.NoSuchElementException: no such element: Unable to locate element: {"method":"xpath","selector":"//input[@id='input-linkedin']"}
        (Session info: chrome=110.0.5481.100)
      For documentation on this error, please visit: https://selenium.dev/exceptions/#no_such_element
      Build info: version: '4.1.2', revision: '9a5a329c5a'
      System info: host: 'nsystem-mbp', ip: 'fe80:0:0:0:ce7:beec:a50b:8367%en0', os.name: 'Mac OS X', os.arch: 'x86_64', os.version: '10.16', java.version: '1.8.0_201'
      Driver info: org.openqa.selenium.chrome.ChromeDriver
      Command: [6486f899271ea7df268eab7b5ddc6b1f, findElement {using=xpath, value=//input[@id='input-linkedin']}]
      Capabilities {acceptInsecureCerts: false, browserName: chrome, browserVersion: 110.0.5481.100, chrome: {chromedriverVersion: 110.0.5481.77 (65ed616c6e8e..., userDataDir: /var/folders/00/xzw63_pj58g...}, goog:chromeOptions: {debuggerAddress: localhost:64001}, javascriptEnabled: true, networkConnectionEnabled: false, pageLoadStrategy: normal, platform: MAC, platformName: MAC, proxy: Proxy(), se:cdp: ws://localhost:64001/devtoo..., se:cdpVersion: 110.0.5481.100, setWindowRect: true, strictFileInteractability: false, timeouts: {implicit: 0, pageLoad: 300000, script: 30000}, unhandledPromptBehavior: dismiss and notify, webauthn:extension:credBlob: true, webauthn:extension:largeBlob: true, webauthn:virtualAuthenticators: true}
      Session ID: 6486f899271ea7df268eab7b5ddc6b1f
      	at sun.reflect.NativeConstructorAccessorImpl.newInstance0(Native Method)
      	at sun.reflect.NativeConstructorAccessorImpl.newInstance(NativeConstructorAccessorImpl.java:62)
      	at sun.reflect.DelegatingConstructorAccessorImpl.newInstance(DelegatingConstructorAccessorImpl.java:45)
      	at java.lang.reflect.Constructor.newInstance(Constructor.java:423)
      	at org.openqa.selenium.remote.codec.w3c.W3CHttpResponseCodec.createException(W3CHttpResponseCodec.java:200)
      	at org.openqa.selenium.remote.codec.w3c.W3CHttpResponseCodec.decode(W3CHttpResponseCodec.java:133)
      	at org.openqa.selenium.remote.codec.w3c.W3CHttpResponseCodec.decode(W3CHttpResponseCodec.java:53)
      	at org.openqa.selenium.remote.HttpCommandExecutor.execute(HttpCommandExecutor.java:184)
      	at org.openqa.selenium.remote.service.DriverCommandExecutor.invokeExecute(DriverCommandExecutor.java:167)
      	at org.openqa.selenium.remote.service.DriverCommandExecutor.execute(DriverCommandExecutor.java:142)
      	at org.openqa.selenium.remote.RemoteWebDriver.execute(RemoteWebDriver.java:558)
      	at org.openqa.selenium.remote.ElementLocation$ElementFinder$2.findElement(ElementLocation.java:162)
      	at org.openqa.selenium.remote.ElementLocation.findElement(ElementLocation.java:60)
      	at org.openqa.selenium.remote.RemoteWebDriver.findElement(RemoteWebDriver.java:382)
      	at org.openqa.selenium.remote.RemoteWebDriver.findElement(RemoteWebDriver.java:374)
      	at org.openqa.selenium.support.pagefactory.DefaultElementLocator.findElement(DefaultElementLocator.java:70)
      	at org.openqa.selenium.support.pagefactory.internal.LocatingElementHandler.invoke(LocatingElementHandler.java:39)
      	at com.sun.proxy.$Proxy21.sendKeys(Unknown Source)
      	at org.example.pageObject.RegisterPage.setLinkedin(RegisterPage.java:120)
      	at step_definitions.RegisterSteps.userInputValidDataButEmptyLinkedinProfile(RegisterSteps.java:203)
      	at ✽.When User input valid data but empty Linkedin profile(features/LengkapiDataGuru.feature:68)
      &amp#27;[0m
    &amp#27;[36mAnd &amp#27;[0m&amp#27;[36mUser select "&amp#27;[0m&amp#27;[36m&amp#27;[1mSekolah Menengah Atas&amp#27;[0m&amp#27;[36m" in Pemilihan Jenjang Pengajaran field&amp#27;[0m &amp#27;[90m# RegisterSteps.userSelectInPemilihanJenjangPengajaranField(String)&amp#27;[0m
    &amp#27;[36mAnd &amp#27;[0m&amp#27;[36mUser upload photo and ijazah with valid requirement&amp#27;[0m                       &amp#27;[90m# RegisterSteps.userUploadPhotoAndIjazahWithValidRequirement()&amp#27;[0m
    &amp#27;[36mThen &amp#27;[0m&amp#27;[36mUser click Update data Button&amp#27;[0m                                            &amp#27;[90m# RegisterSteps.userClickUpdateDataButton()&amp#27;[0m
    &amp#27;[36mAnd &amp#27;[0m&amp#27;[36mUser will see alert message "&amp#27;[0m&amp#27;[36m&amp#27;[1mupdateData masa kosong sih&amp#27;[0m&amp#27;[36m"&amp#27;[0m                  &amp#27;[90m# RegisterSteps.userWillSeeAlertMessages(String)&amp#27;[0m
]]></system-out>
    <system-err><![CDATA[Starting ChromeDriver 110.0.5481.77 (65ed616c6e8ee3fe0ad64fe83796c020644d42af-refs/branch-heads/5481@{#839}) on port 58885
Only local connections are allowed.
Please see https://chromedriver.chromium.org/security-considerations for suggestions on keeping ChromeDriver safe.
ChromeDriver was started successfully.
[1676550048.281][WARNING]: virtual void DevToolsClientImpl::AddListener(DevToolsEventListener *) subscribing a listener to the already connected DevToolsClient. Connection notification will not arrive.
Feb 16, 2023 7:20:48 PM org.openqa.selenium.remote.ProtocolHandshake createSession
INFO: Detected dialect: W3C
Feb 16, 2023 7:20:48 PM org.openqa.selenium.devtools.CdpVersionFinder findNearestMatch
WARNING: Unable to find an exact match for CDP version 110, so returning the closest version found: a no-op implementation
Feb 16, 2023 7:20:48 PM org.openqa.selenium.devtools.CdpVersionFinder findNearestMatch
INFO: Unable to find CDP implementation matching 110.
Feb 16, 2023 7:20:48 PM org.openqa.selenium.chromium.ChromiumDriver lambda$new$3
WARNING: Unable to find version of CDP to use for . You may need to include a dependency on a specific version of the CDP using something similar to `org.seleniumhq.selenium:selenium-devtools-v86:4.1.2` where the version ("v86") matches the version of the chromium-based browser you're using and the version number of the artifact is the same as Selenium's.
]]></system-err>
  </testcase>
  <testcase name="When User input all valid data in selesaikan profil anda form" classname="Scenario: Upload photo with size more than maximum requirement in Register teacher next step" time="0.004">
    <error message="no such element: Unable to locate element: {&quot;method&quot;:&quot;xpath&quot;,&quot;selector&quot;:&quot;//input[@id=&apos;input-linkedin&apos;]&quot;}&#10;  (Session info: chrome=110.0.5481.100)&#10;For documentation on this error, please visit: https://selenium.dev/exceptions/#no_such_element&#10;Build info: version: &apos;4.1.2&apos;, revision: &apos;9a5a329c5a&apos;&#10;System info: host: &apos;nsystem-mbp&apos;, ip: &apos;fe80:0:0:0:ce7:beec:a50b:8367%en0&apos;, os.name: &apos;Mac OS X&apos;, os.arch: &apos;x86_64&apos;, os.version: &apos;10.16&apos;, java.version: &apos;1.8.0_201&apos;&#10;Driver info: org.openqa.selenium.chrome.ChromeDriver&#10;Command: [993731d054c6e248b3679a9ab6759f28, findElement {using=xpath, value=//input[@id=&apos;input-linkedin&apos;]}]&#10;Capabilities {acceptInsecureCerts: false, browserName: chrome, browserVersion: 110.0.5481.100, chrome: {chromedriverVersion: 110.0.5481.77 (65ed616c6e8e..., userDataDir: /var/folders/00/xzw63_pj58g...}, goog:chromeOptions: {debuggerAddress: localhost:64022}, javascriptEnabled: true, networkConnectionEnabled: false, pageLoadStrategy: normal, platform: MAC, platformName: MAC, proxy: Proxy(), se:cdp: ws://localhost:64022/devtoo..., se:cdpVersion: 110.0.5481.100, setWindowRect: true, strictFileInteractability: false, timeouts: {implicit: 0, pageLoad: 300000, script: 30000}, unhandledPromptBehavior: dismiss and notify, webauthn:extension:credBlob: true, webauthn:extension:largeBlob: true, webauthn:virtualAuthenticators: true}&#10;Session ID: 993731d054c6e248b3679a9ab6759f28" type="org.openqa.selenium.NoSuchElementException"><![CDATA[org.openqa.selenium.NoSuchElementException: 
no such element: Unable to locate element: {"method":"xpath","selector":"//input[@id='input-linkedin']"}
  (Session info: chrome=110.0.5481.100)
For documentation on this error, please visit: https://selenium.dev/exceptions/#no_such_element
Build info: version: '4.1.2', revision: '9a5a329c5a'
System info: host: 'nsystem-mbp', ip: 'fe80:0:0:0:ce7:beec:a50b:8367%en0', os.name: 'Mac OS X', os.arch: 'x86_64', os.version: '10.16', java.version: '1.8.0_201'
Driver info: org.openqa.selenium.chrome.ChromeDriver
Command: [993731d054c6e248b3679a9ab6759f28, findElement {using=xpath, value=//input[@id='input-linkedin']}]
Capabilities {acceptInsecureCerts: false, browserName: chrome, browserVersion: 110.0.5481.100, chrome: {chromedriverVersion: 110.0.5481.77 (65ed616c6e8e..., userDataDir: /var/folders/00/xzw63_pj58g...}, goog:chromeOptions: {debuggerAddress: localhost:64022}, javascriptEnabled: true, networkConnectionEnabled: false, pageLoadStrategy: normal, platform: MAC, platformName: MAC, proxy: Proxy(), se:cdp: ws://localhost:64022/devtoo..., se:cdpVersion: 110.0.5481.100, setWindowRect: true, strictFileInteractability: false, timeouts: {implicit: 0, pageLoad: 300000, script: 30000}, unhandledPromptBehavior: dismiss and notify, webauthn:extension:credBlob: true, webauthn:extension:largeBlob: true, webauthn:virtualAuthenticators: true}
Session ID: 993731d054c6e248b3679a9ab6759f28
]]></error>
  </testcase>
  <testcase name="" classname="Scenario: Upload photo with size more than maximum requirement in Register teacher next step" time="0.005">
    <error message="no such element: Unable to locate element: {&quot;method&quot;:&quot;xpath&quot;,&quot;selector&quot;:&quot;//input[@id=&apos;input-linkedin&apos;]&quot;}&#10;  (Session info: chrome=110.0.5481.100)&#10;For documentation on this error, please visit: https://selenium.dev/exceptions/#no_such_element&#10;Build info: version: &apos;4.1.2&apos;, revision: &apos;9a5a329c5a&apos;&#10;System info: host: &apos;nsystem-mbp&apos;, ip: &apos;fe80:0:0:0:ce7:beec:a50b:8367%en0&apos;, os.name: &apos;Mac OS X&apos;, os.arch: &apos;x86_64&apos;, os.version: &apos;10.16&apos;, java.version: &apos;1.8.0_201&apos;&#10;Driver info: org.openqa.selenium.chrome.ChromeDriver&#10;Command: [993731d054c6e248b3679a9ab6759f28, findElement {using=xpath, value=//input[@id=&apos;input-linkedin&apos;]}]&#10;Capabilities {acceptInsecureCerts: false, browserName: chrome, browserVersion: 110.0.5481.100, chrome: {chromedriverVersion: 110.0.5481.77 (65ed616c6e8e..., userDataDir: /var/folders/00/xzw63_pj58g...}, goog:chromeOptions: {debuggerAddress: localhost:64022}, javascriptEnabled: true, networkConnectionEnabled: false, pageLoadStrategy: normal, platform: MAC, platformName: MAC, proxy: Proxy(), se:cdp: ws://localhost:64022/devtoo..., se:cdpVersion: 110.0.5481.100, setWindowRect: true, strictFileInteractability: false, timeouts: {implicit: 0, pageLoad: 300000, script: 30000}, unhandledPromptBehavior: dismiss and notify, webauthn:extension:credBlob: true, webauthn:extension:largeBlob: true, webauthn:virtualAuthenticators: true}&#10;Session ID: 993731d054c6e248b3679a9ab6759f28" type="org.openqa.selenium.NoSuchElementException"><![CDATA[org.openqa.selenium.NoSuchElementException: 
no such element: Unable to locate element: {"method":"xpath","selector":"//input[@id='input-linkedin']"}
  (Session info: chrome=110.0.5481.100)
For documentation on this error, please visit: https://selenium.dev/exceptions/#no_such_element
Build info: version: '4.1.2', revision: '9a5a329c5a'
System info: host: 'nsystem-mbp', ip: 'fe80:0:0:0:ce7:beec:a50b:8367%en0', os.name: 'Mac OS X', os.arch: 'x86_64', os.version: '10.16', java.version: '1.8.0_201'
Driver info: org.openqa.selenium.chrome.ChromeDriver
Command: [993731d054c6e248b3679a9ab6759f28, findElement {using=xpath, value=//input[@id='input-linkedin']}]
Capabilities {acceptInsecureCerts: false, browserName: chrome, browserVersion: 110.0.5481.100, chrome: {chromedriverVersion: 110.0.5481.77 (65ed616c6e8e..., userDataDir: /var/folders/00/xzw63_pj58g...}, goog:chromeOptions: {debuggerAddress: localhost:64022}, javascriptEnabled: true, networkConnectionEnabled: false, pageLoadStrategy: normal, platform: MAC, platformName: MAC, proxy: Proxy(), se:cdp: ws://localhost:64022/devtoo..., se:cdpVersion: 110.0.5481.100, setWindowRect: true, strictFileInteractability: false, timeouts: {implicit: 0, pageLoad: 300000, script: 30000}, unhandledPromptBehavior: dismiss and notify, webauthn:extension:credBlob: true, webauthn:extension:largeBlob: true, webauthn:virtualAuthenticators: true}
Session ID: 993731d054c6e248b3679a9ab6759f28
]]></error>
  </testcase>
  <testcase name="And User select &quot;Sekolah Menengah Atas&quot; in Pemilihan Jenjang Pengajaran field" classname="Scenario: Upload photo with size more than maximum requirement in Register teacher next step" time="0">
    <skipped/>
  </testcase>
  <testcase name="And User upload ijazah with valid requirement except photo" classname="Scenario: Upload photo with size more than maximum requirement in Register teacher next step" time="0">
    <skipped/>
  </testcase>
  <testcase name="Then User click Update data Button" classname="Scenario: Upload photo with size more than maximum requirement in Register teacher next step" time="0">
    <skipped/>
  </testcase>
  <testcase name="And User will see alert message &quot;updateData masa kosong sih&quot;" classname="Scenario: Upload photo with size more than maximum requirement in Register teacher next step" time="0">
    <skipped/>
  </testcase>
  <testcase name="Given User already in GuruMu Selesaikan profil pop-up form" classname="Scenario: Upload ijazah with size more than maximum requirement in Register teacher next step" time="0">
    <system-out><![CDATA[
  @LengkapiDataGuru
  Scenario: Upload photo with size more than maximum requirement in Register teacher next step &amp#27;[90m# features/LengkapiDataGuru.feature:75&amp#27;[0m
    &amp#27;[32mGiven &amp#27;[0m&amp#27;[32mUser already in GuruMu Selesaikan profil pop-up form&amp#27;[0m                                 &amp#27;[90m# RegisterSteps.userAlreadyInGuruMuSelesaikanProfilPopUpForm()&amp#27;[0m
    &amp#27;[31mWhen &amp#27;[0m&amp#27;[31mUser input all valid data in selesaikan profil anda form&amp#27;[0m                              &amp#27;[90m# RegisterSteps.userInputAllValidDataInSelesaikanProfilAndaForm()&amp#27;[0m
      &amp#27;[31morg.openqa.selenium.NoSuchElementException: no such element: Unable to locate element: {"method":"xpath","selector":"//input[@id='input-linkedin']"}
        (Session info: chrome=110.0.5481.100)
      For documentation on this error, please visit: https://selenium.dev/exceptions/#no_such_element
      Build info: version: '4.1.2', revision: '9a5a329c5a'
      System info: host: 'nsystem-mbp', ip: 'fe80:0:0:0:ce7:beec:a50b:8367%en0', os.name: 'Mac OS X', os.arch: 'x86_64', os.version: '10.16', java.version: '1.8.0_201'
      Driver info: org.openqa.selenium.chrome.ChromeDriver
      Command: [993731d054c6e248b3679a9ab6759f28, findElement {using=xpath, value=//input[@id='input-linkedin']}]
      Capabilities {acceptInsecureCerts: false, browserName: chrome, browserVersion: 110.0.5481.100, chrome: {chromedriverVersion: 110.0.5481.77 (65ed616c6e8e..., userDataDir: /var/folders/00/xzw63_pj58g...}, goog:chromeOptions: {debuggerAddress: localhost:64022}, javascriptEnabled: true, networkConnectionEnabled: false, pageLoadStrategy: normal, platform: MAC, platformName: MAC, proxy: Proxy(), se:cdp: ws://localhost:64022/devtoo..., se:cdpVersion: 110.0.5481.100, setWindowRect: true, strictFileInteractability: false, timeouts: {implicit: 0, pageLoad: 300000, script: 30000}, unhandledPromptBehavior: dismiss and notify, webauthn:extension:credBlob: true, webauthn:extension:largeBlob: true, webauthn:virtualAuthenticators: true}
      Session ID: 993731d054c6e248b3679a9ab6759f28
      	at sun.reflect.NativeConstructorAccessorImpl.newInstance0(Native Method)
      	at sun.reflect.NativeConstructorAccessorImpl.newInstance(NativeConstructorAccessorImpl.java:62)
      	at sun.reflect.DelegatingConstructorAccessorImpl.newInstance(DelegatingConstructorAccessorImpl.java:45)
      	at java.lang.reflect.Constructor.newInstance(Constructor.java:423)
      	at org.openqa.selenium.remote.codec.w3c.W3CHttpResponseCodec.createException(W3CHttpResponseCodec.java:200)
      	at org.openqa.selenium.remote.codec.w3c.W3CHttpResponseCodec.decode(W3CHttpResponseCodec.java:133)
      	at org.openqa.selenium.remote.codec.w3c.W3CHttpResponseCodec.decode(W3CHttpResponseCodec.java:53)
      	at org.openqa.selenium.remote.HttpCommandExecutor.execute(HttpCommandExecutor.java:184)
      	at org.openqa.selenium.remote.service.DriverCommandExecutor.invokeExecute(DriverCommandExecutor.java:167)
      	at org.openqa.selenium.remote.service.DriverCommandExecutor.execute(DriverCommandExecutor.java:142)
      	at org.openqa.selenium.remote.RemoteWebDriver.execute(RemoteWebDriver.java:558)
      	at org.openqa.selenium.remote.ElementLocation$ElementFinder$2.findElement(ElementLocation.java:162)
      	at org.openqa.selenium.remote.ElementLocation.findElement(ElementLocation.java:60)
      	at org.openqa.selenium.remote.RemoteWebDriver.findElement(RemoteWebDriver.java:382)
      	at org.openqa.selenium.remote.RemoteWebDriver.findElement(RemoteWebDriver.java:374)
      	at org.openqa.selenium.support.pagefactory.DefaultElementLocator.findElement(DefaultElementLocator.java:70)
      	at org.openqa.selenium.support.pagefactory.internal.LocatingElementHandler.invoke(LocatingElementHandler.java:39)
      	at com.sun.proxy.$Proxy21.sendKeys(Unknown Source)
      	at org.example.pageObject.RegisterPage.setLinkedin(RegisterPage.java:120)
      	at step_definitions.RegisterSteps.userInputAllValidDataInSelesaikanProfilAndaForm(RegisterSteps.java:144)
      	at ✽.When User input all valid data in selesaikan profil anda form(features/LengkapiDataGuru.feature:77)
      &amp#27;[0m
    &amp#27;[36mAnd &amp#27;[0m&amp#27;[36mUser select "&amp#27;[0m&amp#27;[36m&amp#27;[1mSekolah Menengah Atas&amp#27;[0m&amp#27;[36m" in Pemilihan Jenjang Pengajaran field&amp#27;[0m              &amp#27;[90m# RegisterSteps.userSelectInPemilihanJenjangPengajaranField(String)&amp#27;[0m
    &amp#27;[36mAnd &amp#27;[0m&amp#27;[36mUser upload ijazah with valid requirement except photo&amp#27;[0m                                 &amp#27;[90m# RegisterSteps.userUploadIjazahWithValidRequirementExceptPhoto()&amp#27;[0m
    &amp#27;[36mThen &amp#27;[0m&amp#27;[36mUser click Update data Button&amp#27;[0m                                                         &amp#27;[90m# RegisterSteps.userClickUpdateDataButton()&amp#27;[0m
    &amp#27;[36mAnd &amp#27;[0m&amp#27;[36mUser will see alert message "&amp#27;[0m&amp#27;[36m&amp#27;[1mupdateData masa kosong sih&amp#27;[0m&amp#27;[36m"&amp#27;[0m                               &amp#27;[90m# RegisterSteps.userWillSeeAlertMessages(String)&amp#27;[0m
]]></system-out>
    <system-err><![CDATA[Starting ChromeDriver 110.0.5481.77 (65ed616c6e8ee3fe0ad64fe83796c020644d42af-refs/branch-heads/5481@{#839}) on port 56668
Only local connections are allowed.
Please see https://chromedriver.chromium.org/security-considerations for suggestions on keeping ChromeDriver safe.
ChromeDriver was started successfully.
[1676550074.408][WARNING]: virtual void DevToolsClientImpl::AddListener(DevToolsEventListener *) subscribing a listener to the already connected DevToolsClient. Connection notification will not arrive.
Feb 16, 2023 7:21:14 PM org.openqa.selenium.remote.ProtocolHandshake createSession
INFO: Detected dialect: W3C
Feb 16, 2023 7:21:14 PM org.openqa.selenium.devtools.CdpVersionFinder findNearestMatch
WARNING: Unable to find an exact match for CDP version 110, so returning the closest version found: a no-op implementation
Feb 16, 2023 7:21:14 PM org.openqa.selenium.devtools.CdpVersionFinder findNearestMatch
INFO: Unable to find CDP implementation matching 110.
Feb 16, 2023 7:21:14 PM org.openqa.selenium.chromium.ChromiumDriver lambda$new$3
WARNING: Unable to find version of CDP to use for . You may need to include a dependency on a specific version of the CDP using something similar to `org.seleniumhq.selenium:selenium-devtools-v86:4.1.2` where the version ("v86") matches the version of the chromium-based browser you're using and the version number of the artifact is the same as Selenium's.
]]></system-err>
  </testcase>
  <testcase name="When User input all valid data in selesaikan profil anda form" classname="Scenario: Upload ijazah with size more than maximum requirement in Register teacher next step" time="0.005">
    <error message="no such element: Unable to locate element: {&quot;method&quot;:&quot;xpath&quot;,&quot;selector&quot;:&quot;//input[@id=&apos;input-linkedin&apos;]&quot;}&#10;  (Session info: chrome=110.0.5481.100)&#10;For documentation on this error, please visit: https://selenium.dev/exceptions/#no_such_element&#10;Build info: version: &apos;4.1.2&apos;, revision: &apos;9a5a329c5a&apos;&#10;System info: host: &apos;nsystem-mbp&apos;, ip: &apos;fe80:0:0:0:ce7:beec:a50b:8367%en0&apos;, os.name: &apos;Mac OS X&apos;, os.arch: &apos;x86_64&apos;, os.version: &apos;10.16&apos;, java.version: &apos;1.8.0_201&apos;&#10;Driver info: org.openqa.selenium.chrome.ChromeDriver&#10;Command: [c5adeffc41478f504c47d1faaae9dffe, findElement {using=xpath, value=//input[@id=&apos;input-linkedin&apos;]}]&#10;Capabilities {acceptInsecureCerts: false, browserName: chrome, browserVersion: 110.0.5481.100, chrome: {chromedriverVersion: 110.0.5481.77 (65ed616c6e8e..., userDataDir: /var/folders/00/xzw63_pj58g...}, goog:chromeOptions: {debuggerAddress: localhost:64042}, javascriptEnabled: true, networkConnectionEnabled: false, pageLoadStrategy: normal, platform: MAC, platformName: MAC, proxy: Proxy(), se:cdp: ws://localhost:64042/devtoo..., se:cdpVersion: 110.0.5481.100, setWindowRect: true, strictFileInteractability: false, timeouts: {implicit: 0, pageLoad: 300000, script: 30000}, unhandledPromptBehavior: dismiss and notify, webauthn:extension:credBlob: true, webauthn:extension:largeBlob: true, webauthn:virtualAuthenticators: true}&#10;Session ID: c5adeffc41478f504c47d1faaae9dffe" type="org.openqa.selenium.NoSuchElementException"><![CDATA[org.openqa.selenium.NoSuchElementException: 
no such element: Unable to locate element: {"method":"xpath","selector":"//input[@id='input-linkedin']"}
  (Session info: chrome=110.0.5481.100)
For documentation on this error, please visit: https://selenium.dev/exceptions/#no_such_element
Build info: version: '4.1.2', revision: '9a5a329c5a'
System info: host: 'nsystem-mbp', ip: 'fe80:0:0:0:ce7:beec:a50b:8367%en0', os.name: 'Mac OS X', os.arch: 'x86_64', os.version: '10.16', java.version: '1.8.0_201'
Driver info: org.openqa.selenium.chrome.ChromeDriver
Command: [c5adeffc41478f504c47d1faaae9dffe, findElement {using=xpath, value=//input[@id='input-linkedin']}]
Capabilities {acceptInsecureCerts: false, browserName: chrome, browserVersion: 110.0.5481.100, chrome: {chromedriverVersion: 110.0.5481.77 (65ed616c6e8e..., userDataDir: /var/folders/00/xzw63_pj58g...}, goog:chromeOptions: {debuggerAddress: localhost:64042}, javascriptEnabled: true, networkConnectionEnabled: false, pageLoadStrategy: normal, platform: MAC, platformName: MAC, proxy: Proxy(), se:cdp: ws://localhost:64042/devtoo..., se:cdpVersion: 110.0.5481.100, setWindowRect: true, strictFileInteractability: false, timeouts: {implicit: 0, pageLoad: 300000, script: 30000}, unhandledPromptBehavior: dismiss and notify, webauthn:extension:credBlob: true, webauthn:extension:largeBlob: true, webauthn:virtualAuthenticators: true}
Session ID: c5adeffc41478f504c47d1faaae9dffe
]]></error>
  </testcase>
  <testcase name="" classname="Scenario: Upload ijazah with size more than maximum requirement in Register teacher next step" time="0.006">
    <error message="no such element: Unable to locate element: {&quot;method&quot;:&quot;xpath&quot;,&quot;selector&quot;:&quot;//input[@id=&apos;input-linkedin&apos;]&quot;}&#10;  (Session info: chrome=110.0.5481.100)&#10;For documentation on this error, please visit: https://selenium.dev/exceptions/#no_such_element&#10;Build info: version: &apos;4.1.2&apos;, revision: &apos;9a5a329c5a&apos;&#10;System info: host: &apos;nsystem-mbp&apos;, ip: &apos;fe80:0:0:0:ce7:beec:a50b:8367%en0&apos;, os.name: &apos;Mac OS X&apos;, os.arch: &apos;x86_64&apos;, os.version: &apos;10.16&apos;, java.version: &apos;1.8.0_201&apos;&#10;Driver info: org.openqa.selenium.chrome.ChromeDriver&#10;Command: [c5adeffc41478f504c47d1faaae9dffe, findElement {using=xpath, value=//input[@id=&apos;input-linkedin&apos;]}]&#10;Capabilities {acceptInsecureCerts: false, browserName: chrome, browserVersion: 110.0.5481.100, chrome: {chromedriverVersion: 110.0.5481.77 (65ed616c6e8e..., userDataDir: /var/folders/00/xzw63_pj58g...}, goog:chromeOptions: {debuggerAddress: localhost:64042}, javascriptEnabled: true, networkConnectionEnabled: false, pageLoadStrategy: normal, platform: MAC, platformName: MAC, proxy: Proxy(), se:cdp: ws://localhost:64042/devtoo..., se:cdpVersion: 110.0.5481.100, setWindowRect: true, strictFileInteractability: false, timeouts: {implicit: 0, pageLoad: 300000, script: 30000}, unhandledPromptBehavior: dismiss and notify, webauthn:extension:credBlob: true, webauthn:extension:largeBlob: true, webauthn:virtualAuthenticators: true}&#10;Session ID: c5adeffc41478f504c47d1faaae9dffe" type="org.openqa.selenium.NoSuchElementException"><![CDATA[org.openqa.selenium.NoSuchElementException: 
no such element: Unable to locate element: {"method":"xpath","selector":"//input[@id='input-linkedin']"}
  (Session info: chrome=110.0.5481.100)
For documentation on this error, please visit: https://selenium.dev/exceptions/#no_such_element
Build info: version: '4.1.2', revision: '9a5a329c5a'
System info: host: 'nsystem-mbp', ip: 'fe80:0:0:0:ce7:beec:a50b:8367%en0', os.name: 'Mac OS X', os.arch: 'x86_64', os.version: '10.16', java.version: '1.8.0_201'
Driver info: org.openqa.selenium.chrome.ChromeDriver
Command: [c5adeffc41478f504c47d1faaae9dffe, findElement {using=xpath, value=//input[@id='input-linkedin']}]
Capabilities {acceptInsecureCerts: false, browserName: chrome, browserVersion: 110.0.5481.100, chrome: {chromedriverVersion: 110.0.5481.77 (65ed616c6e8e..., userDataDir: /var/folders/00/xzw63_pj58g...}, goog:chromeOptions: {debuggerAddress: localhost:64042}, javascriptEnabled: true, networkConnectionEnabled: false, pageLoadStrategy: normal, platform: MAC, platformName: MAC, proxy: Proxy(), se:cdp: ws://localhost:64042/devtoo..., se:cdpVersion: 110.0.5481.100, setWindowRect: true, strictFileInteractability: false, timeouts: {implicit: 0, pageLoad: 300000, script: 30000}, unhandledPromptBehavior: dismiss and notify, webauthn:extension:credBlob: true, webauthn:extension:largeBlob: true, webauthn:virtualAuthenticators: true}
Session ID: c5adeffc41478f504c47d1faaae9dffe
]]></error>
  </testcase>
  <testcase name="And User select &quot;Sekolah Menengah Atas&quot; in Pemilihan Jenjang Pengajaran field" classname="Scenario: Upload ijazah with size more than maximum requirement in Register teacher next step" time="0">
    <skipped/>
  </testcase>
  <testcase name="And User upload photo with valid requirement except ijazah" classname="Scenario: Upload ijazah with size more than maximum requirement in Register teacher next step" time="0">
    <skipped/>
  </testcase>
  <testcase name="Then User click Update data Button" classname="Scenario: Upload ijazah with size more than maximum requirement in Register teacher next step" time="0">
    <skipped/>
  </testcase>
  <testcase name="And User will see alert message &quot;updateData masa kosong sih&quot;" classname="Scenario: Upload ijazah with size more than maximum requirement in Register teacher next step" time="0">
    <skipped/>
  </testcase>
  <testcase name="Given User already in GuruMu login page" classname="Scenario: Login user with valid email &amp; password" time="0">
    <system-out><![CDATA[
  @LengkapiDataGuru
  Scenario: Upload ijazah with size more than maximum requirement in Register teacher next step &amp#27;[90m# features/LengkapiDataGuru.feature:84&amp#27;[0m
    &amp#27;[32mGiven &amp#27;[0m&amp#27;[32mUser already in GuruMu Selesaikan profil pop-up form&amp#27;[0m                                  &amp#27;[90m# RegisterSteps.userAlreadyInGuruMuSelesaikanProfilPopUpForm()&amp#27;[0m
    &amp#27;[31mWhen &amp#27;[0m&amp#27;[31mUser input all valid data in selesaikan profil anda form&amp#27;[0m                               &amp#27;[90m# RegisterSteps.userInputAllValidDataInSelesaikanProfilAndaForm()&amp#27;[0m
      &amp#27;[31morg.openqa.selenium.NoSuchElementException: no such element: Unable to locate element: {"method":"xpath","selector":"//input[@id='input-linkedin']"}
        (Session info: chrome=110.0.5481.100)
      For documentation on this error, please visit: https://selenium.dev/exceptions/#no_such_element
      Build info: version: '4.1.2', revision: '9a5a329c5a'
      System info: host: 'nsystem-mbp', ip: 'fe80:0:0:0:ce7:beec:a50b:8367%en0', os.name: 'Mac OS X', os.arch: 'x86_64', os.version: '10.16', java.version: '1.8.0_201'
      Driver info: org.openqa.selenium.chrome.ChromeDriver
      Command: [c5adeffc41478f504c47d1faaae9dffe, findElement {using=xpath, value=//input[@id='input-linkedin']}]
      Capabilities {acceptInsecureCerts: false, browserName: chrome, browserVersion: 110.0.5481.100, chrome: {chromedriverVersion: 110.0.5481.77 (65ed616c6e8e..., userDataDir: /var/folders/00/xzw63_pj58g...}, goog:chromeOptions: {debuggerAddress: localhost:64042}, javascriptEnabled: true, networkConnectionEnabled: false, pageLoadStrategy: normal, platform: MAC, platformName: MAC, proxy: Proxy(), se:cdp: ws://localhost:64042/devtoo..., se:cdpVersion: 110.0.5481.100, setWindowRect: true, strictFileInteractability: false, timeouts: {implicit: 0, pageLoad: 300000, script: 30000}, unhandledPromptBehavior: dismiss and notify, webauthn:extension:credBlob: true, webauthn:extension:largeBlob: true, webauthn:virtualAuthenticators: true}
      Session ID: c5adeffc41478f504c47d1faaae9dffe
      	at sun.reflect.NativeConstructorAccessorImpl.newInstance0(Native Method)
      	at sun.reflect.NativeConstructorAccessorImpl.newInstance(NativeConstructorAccessorImpl.java:62)
      	at sun.reflect.DelegatingConstructorAccessorImpl.newInstance(DelegatingConstructorAccessorImpl.java:45)
      	at java.lang.reflect.Constructor.newInstance(Constructor.java:423)
      	at org.openqa.selenium.remote.codec.w3c.W3CHttpResponseCodec.createException(W3CHttpResponseCodec.java:200)
      	at org.openqa.selenium.remote.codec.w3c.W3CHttpResponseCodec.decode(W3CHttpResponseCodec.java:133)
      	at org.openqa.selenium.remote.codec.w3c.W3CHttpResponseCodec.decode(W3CHttpResponseCodec.java:53)
      	at org.openqa.selenium.remote.HttpCommandExecutor.execute(HttpCommandExecutor.java:184)
      	at org.openqa.selenium.remote.service.DriverCommandExecutor.invokeExecute(DriverCommandExecutor.java:167)
      	at org.openqa.selenium.remote.service.DriverCommandExecutor.execute(DriverCommandExecutor.java:142)
      	at org.openqa.selenium.remote.RemoteWebDriver.execute(RemoteWebDriver.java:558)
      	at org.openqa.selenium.remote.ElementLocation$ElementFinder$2.findElement(ElementLocation.java:162)
      	at org.openqa.selenium.remote.ElementLocation.findElement(ElementLocation.java:60)
      	at org.openqa.selenium.remote.RemoteWebDriver.findElement(RemoteWebDriver.java:382)
      	at org.openqa.selenium.remote.RemoteWebDriver.findElement(RemoteWebDriver.java:374)
      	at org.openqa.selenium.support.pagefactory.DefaultElementLocator.findElement(DefaultElementLocator.java:70)
      	at org.openqa.selenium.support.pagefactory.internal.LocatingElementHandler.invoke(LocatingElementHandler.java:39)
      	at com.sun.proxy.$Proxy21.sendKeys(Unknown Source)
      	at org.example.pageObject.RegisterPage.setLinkedin(RegisterPage.java:120)
      	at step_definitions.RegisterSteps.userInputAllValidDataInSelesaikanProfilAndaForm(RegisterSteps.java:144)
      	at ✽.When User input all valid data in selesaikan profil anda form(features/LengkapiDataGuru.feature:86)
      &amp#27;[0m
    &amp#27;[36mAnd &amp#27;[0m&amp#27;[36mUser select "&amp#27;[0m&amp#27;[36m&amp#27;[1mSekolah Menengah Atas&amp#27;[0m&amp#27;[36m" in Pemilihan Jenjang Pengajaran field&amp#27;[0m               &amp#27;[90m# RegisterSteps.userSelectInPemilihanJenjangPengajaranField(String)&amp#27;[0m
    &amp#27;[36mAnd &amp#27;[0m&amp#27;[36mUser upload photo with valid requirement except ijazah&amp#27;[0m                                  &amp#27;[90m# RegisterSteps.userUploadPhotoWithValidRequirementExceptIjazah()&amp#27;[0m
    &amp#27;[36mThen &amp#27;[0m&amp#27;[36mUser click Update data Button&amp#27;[0m                                                          &amp#27;[90m# RegisterSteps.userClickUpdateDataButton()&amp#27;[0m
    &amp#27;[36mAnd &amp#27;[0m&amp#27;[36mUser will see alert message "&amp#27;[0m&amp#27;[36m&amp#27;[1mupdateData masa kosong sih&amp#27;[0m&amp#27;[36m"&amp#27;[0m                                &amp#27;[90m# RegisterSteps.userWillSeeAlertMessages(String)&amp#27;[0m
@Test
Feature: Login
  As a user i want to login to GuruMu website
]]></system-out>
    <system-err><![CDATA[Starting ChromeDriver 110.0.5481.77 (65ed616c6e8ee3fe0ad64fe83796c020644d42af-refs/branch-heads/5481@{#839}) on port 54491
Only local connections are allowed.
Please see https://chromedriver.chromium.org/security-considerations for suggestions on keeping ChromeDriver safe.
ChromeDriver was started successfully.
[1676550102.137][WARNING]: virtual void DevToolsClientImpl::AddListener(DevToolsEventListener *) subscribing a listener to the already connected DevToolsClient. Connection notification will not arrive.
Feb 16, 2023 7:21:42 PM org.openqa.selenium.remote.ProtocolHandshake createSession
INFO: Detected dialect: W3C
Feb 16, 2023 7:21:42 PM org.openqa.selenium.devtools.CdpVersionFinder findNearestMatch
WARNING: Unable to find an exact match for CDP version 110, so returning the closest version found: a no-op implementation
Feb 16, 2023 7:21:42 PM org.openqa.selenium.devtools.CdpVersionFinder findNearestMatch
INFO: Unable to find CDP implementation matching 110.
Feb 16, 2023 7:21:42 PM org.openqa.selenium.chromium.ChromiumDriver lambda$new$3
WARNING: Unable to find version of CDP to use for . You may need to include a dependency on a specific version of the CDP using something similar to `org.seleniumhq.selenium:selenium-devtools-v86:4.1.2` where the version ("v86") matches the version of the chromium-based browser you're using and the version number of the artifact is the same as Selenium's.
]]></system-err>
  </testcase>
  <testcase name="When User input &quot;qatestregisterguru5@gmail.com&quot; as email and input &quot;Qatestguru@123&quot; as password" classname="Scenario: Login user with valid email &amp; password" time="0.001"/>
  <testcase name="Then User clicked masuk button" classname="Scenario: Login user with valid email &amp; password" time="0"/>
  <testcase name="And User will see &quot;Succes Login&quot; in beranda page" classname="Scenario: Login user with valid email &amp; password" time="0"/>
  <testcase name="" classname="Scenario: Login user with valid email &amp; password" time="0.115"/>
  <testcase name="Given User already in GuruMu login page" classname="|  |  |" time="0">
    <system-out><![CDATA[
  Scenario: Login user with valid email & password                                                  &amp#27;[90m# features/Login.feature:6&amp#27;[0m
    &amp#27;[32mGiven &amp#27;[0m&amp#27;[32mUser already in GuruMu login page&amp#27;[0m                                                         &amp#27;[90m# LoginSteps.userAlreadyInGuruMuLoginPage()&amp#27;[0m
    &amp#27;[32mWhen &amp#27;[0m&amp#27;[32mUser input "&amp#27;[0m&amp#27;[32m&amp#27;[1mqatestregisterguru5@gmail.com&amp#27;[0m&amp#27;[32m" as email and input "&amp#27;[0m&amp#27;[32m&amp#27;[1mQatestguru@123&amp#27;[0m&amp#27;[32m" as password&amp#27;[0m &amp#27;[90m# LoginSteps.inputCredential(String,String)&amp#27;[0m
    &amp#27;[32mThen &amp#27;[0m&amp#27;[32mUser clicked masuk button&amp#27;[0m                                                                  &amp#27;[90m# LoginSteps.userClickMasukButton()&amp#27;[0m
    &amp#27;[32mAnd &amp#27;[0m&amp#27;[32mUser will see "&amp#27;[0m&amp#27;[32m&amp#27;[1mSucces Login&amp#27;[0m&amp#27;[32m" in beranda page&amp#27;[0m                                                &amp#27;[90m# LoginSteps.userWillSeeSuccesAlertInBerandaPage(String)&amp#27;[0m

  Scenario Outline: Login user with empty data                            &amp#27;[90m# features/Login.feature:13&amp#27;[0m
    &amp#27;[36mGiven &amp#27;[0m&amp#27;[36mUser already in GuruMu login page&amp#27;[0m
    &amp#27;[36mWhen &amp#27;[0m&amp#27;[36mUser input "<email>" as email and input "<password>" as password&amp#27;[0m
    &amp#27;[36mThen &amp#27;[0m&amp#27;[36mUser cant clicked masuk button&amp#27;[0m

    Examples: 
]]></system-out>
    <system-err><![CDATA[Starting ChromeDriver 110.0.5481.77 (65ed616c6e8ee3fe0ad64fe83796c020644d42af-refs/branch-heads/5481@{#839}) on port 54939
Only local connections are allowed.
Please see https://chromedriver.chromium.org/security-considerations for suggestions on keeping ChromeDriver safe.
ChromeDriver was started successfully.
[1676550127.266][WARNING]: virtual void DevToolsClientImpl::AddListener(DevToolsEventListener *) subscribing a listener to the already connected DevToolsClient. Connection notification will not arrive.
Feb 16, 2023 7:22:07 PM org.openqa.selenium.remote.ProtocolHandshake createSession
INFO: Detected dialect: W3C
Feb 16, 2023 7:22:07 PM org.openqa.selenium.devtools.CdpVersionFinder findNearestMatch
WARNING: Unable to find an exact match for CDP version 110, so returning the closest version found: a no-op implementation
Feb 16, 2023 7:22:07 PM org.openqa.selenium.devtools.CdpVersionFinder findNearestMatch
INFO: Unable to find CDP implementation matching 110.
Feb 16, 2023 7:22:07 PM org.openqa.selenium.chromium.ChromiumDriver lambda$new$3
WARNING: Unable to find version of CDP to use for . You may need to include a dependency on a specific version of the CDP using something similar to `org.seleniumhq.selenium:selenium-devtools-v86:4.1.2` where the version ("v86") matches the version of the chromium-based browser you're using and the version number of the artifact is the same as Selenium's.
]]></system-err>
  </testcase>
  <testcase name="When User input &quot;&quot; as email and input &quot;&quot; as password" classname="|  |  |" time="0"/>
  <testcase name="Then User cant clicked masuk button" classname="|  |  |" time="0"/>
  <testcase name="" classname="|  |  |" time="0.115"/>
  <testcase name="Given User already in GuruMu login page" classname="| wrongemail@gmail.com |  |" time="0">
    <system-out><![CDATA[
  @Test
  Scenario Outline: Login user with empty data           &amp#27;[90m# features/Login.feature:19&amp#27;[0m
    &amp#27;[32mGiven &amp#27;[0m&amp#27;[32mUser already in GuruMu login page&amp#27;[0m              &amp#27;[90m# LoginSteps.userAlreadyInGuruMuLoginPage()&amp#27;[0m
    &amp#27;[32mWhen &amp#27;[0m&amp#27;[32mUser input "&amp#27;[0m&amp#27;[32m&amp#27;[1m&amp#27;[0m&amp#27;[32m" as email and input "&amp#27;[0m&amp#27;[32m&amp#27;[1m&amp#27;[0m&amp#27;[32m" as password&amp#27;[0m &amp#27;[90m# LoginSteps.inputCredential(String,String)&amp#27;[0m
    &amp#27;[32mThen &amp#27;[0m&amp#27;[32mUser cant clicked masuk button&amp#27;[0m                  &amp#27;[90m# LoginSteps.userCantClickedMasukButton()&amp#27;[0m
]]></system-out>
    <system-err><![CDATA[Starting ChromeDriver 110.0.5481.77 (65ed616c6e8ee3fe0ad64fe83796c020644d42af-refs/branch-heads/5481@{#839}) on port 55401
Only local connections are allowed.
Please see https://chromedriver.chromium.org/security-considerations for suggestions on keeping ChromeDriver safe.
ChromeDriver was started successfully.
[1676550152.779][WARNING]: virtual void DevToolsClientImpl::AddListener(DevToolsEventListener *) subscribing a listener to the already connected DevToolsClient. Connection notification will not arrive.
Feb 16, 2023 7:22:33 PM org.openqa.selenium.remote.ProtocolHandshake createSession
INFO: Detected dialect: W3C
Feb 16, 2023 7:22:33 PM org.openqa.selenium.devtools.CdpVersionFinder findNearestMatch
WARNING: Unable to find an exact match for CDP version 110, so returning the closest version found: a no-op implementation
Feb 16, 2023 7:22:33 PM org.openqa.selenium.devtools.CdpVersionFinder findNearestMatch
INFO: Unable to find CDP implementation matching 110.
Feb 16, 2023 7:22:33 PM org.openqa.selenium.chromium.ChromiumDriver lambda$new$3
WARNING: Unable to find version of CDP to use for . You may need to include a dependency on a specific version of the CDP using something similar to `org.seleniumhq.selenium:selenium-devtools-v86:4.1.2` where the version ("v86") matches the version of the chromium-based browser you're using and the version number of the artifact is the same as Selenium's.
]]></system-err>
  </testcase>
  <testcase name="When User input &quot;wrongemail@gmail.com&quot; as email and input &quot;&quot; as password" classname="| wrongemail@gmail.com |  |" time="0"/>
  <testcase name="Then User cant clicked masuk button" classname="| wrongemail@gmail.com |  |" time="0"/>
  <testcase name="" classname="| wrongemail@gmail.com |  |" time="0.166"/>
  <testcase name="Given User already in GuruMu login page" classname="|  | invalidpass |" time="0">
    <system-out><![CDATA[
  @Test
  Scenario Outline: Login user with empty data                               &amp#27;[90m# features/Login.feature:20&amp#27;[0m
    &amp#27;[32mGiven &amp#27;[0m&amp#27;[32mUser already in GuruMu login page&amp#27;[0m                                  &amp#27;[90m# LoginSteps.userAlreadyInGuruMuLoginPage()&amp#27;[0m
    &amp#27;[32mWhen &amp#27;[0m&amp#27;[32mUser input "&amp#27;[0m&amp#27;[32m&amp#27;[1mwrongemail@gmail.com&amp#27;[0m&amp#27;[32m" as email and input "&amp#27;[0m&amp#27;[32m&amp#27;[1m&amp#27;[0m&amp#27;[32m" as password&amp#27;[0m &amp#27;[90m# LoginSteps.inputCredential(String,String)&amp#27;[0m
    &amp#27;[32mThen &amp#27;[0m&amp#27;[32mUser cant clicked masuk button&amp#27;[0m                                      &amp#27;[90m# LoginSteps.userCantClickedMasukButton()&amp#27;[0m
]]></system-out>
    <system-err><![CDATA[Starting ChromeDriver 110.0.5481.77 (65ed616c6e8ee3fe0ad64fe83796c020644d42af-refs/branch-heads/5481@{#839}) on port 51741
Only local connections are allowed.
Please see https://chromedriver.chromium.org/security-considerations for suggestions on keeping ChromeDriver safe.
ChromeDriver was started successfully.
[1676550173.780][WARNING]: virtual void DevToolsClientImpl::AddListener(DevToolsEventListener *) subscribing a listener to the already connected DevToolsClient. Connection notification will not arrive.
Feb 16, 2023 7:22:54 PM org.openqa.selenium.remote.ProtocolHandshake createSession
INFO: Detected dialect: W3C
Feb 16, 2023 7:22:54 PM org.openqa.selenium.devtools.CdpVersionFinder findNearestMatch
WARNING: Unable to find an exact match for CDP version 110, so returning the closest version found: a no-op implementation
Feb 16, 2023 7:22:54 PM org.openqa.selenium.devtools.CdpVersionFinder findNearestMatch
INFO: Unable to find CDP implementation matching 110.
Feb 16, 2023 7:22:54 PM org.openqa.selenium.chromium.ChromiumDriver lambda$new$3
WARNING: Unable to find version of CDP to use for . You may need to include a dependency on a specific version of the CDP using something similar to `org.seleniumhq.selenium:selenium-devtools-v86:4.1.2` where the version ("v86") matches the version of the chromium-based browser you're using and the version number of the artifact is the same as Selenium's.
]]></system-err>
  </testcase>
  <testcase name="When User input &quot;&quot; as email and input &quot;invalidpass&quot; as password" classname="|  | invalidpass |" time="0.001"/>
  <testcase name="Then User cant clicked masuk button" classname="|  | invalidpass |" time="0.001"/>
  <testcase name="" classname="|  | invalidpass |" time="0.115"/>
  <testcase name="Given User already in GuruMu login page" classname="| unregistered@gmail.com | unregister |" time="0">
    <system-out><![CDATA[
  @Test
  Scenario Outline: Login user with empty data                      &amp#27;[90m# features/Login.feature:21&amp#27;[0m
    &amp#27;[32mGiven &amp#27;[0m&amp#27;[32mUser already in GuruMu login page&amp#27;[0m                         &amp#27;[90m# LoginSteps.userAlreadyInGuruMuLoginPage()&amp#27;[0m
    &amp#27;[32mWhen &amp#27;[0m&amp#27;[32mUser input "&amp#27;[0m&amp#27;[32m&amp#27;[1m&amp#27;[0m&amp#27;[32m" as email and input "&amp#27;[0m&amp#27;[32m&amp#27;[1minvalidpass&amp#27;[0m&amp#27;[32m" as password&amp#27;[0m &amp#27;[90m# LoginSteps.inputCredential(String,String)&amp#27;[0m
    &amp#27;[32mThen &amp#27;[0m&amp#27;[32mUser cant clicked masuk button&amp#27;[0m                             &amp#27;[90m# LoginSteps.userCantClickedMasukButton()&amp#27;[0m

  Scenario Outline: Login user with invalid data                          &amp#27;[90m# features/Login.feature:24&amp#27;[0m
    &amp#27;[36mGiven &amp#27;[0m&amp#27;[36mUser already in GuruMu login page&amp#27;[0m
    &amp#27;[36mWhen &amp#27;[0m&amp#27;[36mUser input "<email>" as email and input "<password>" as password&amp#27;[0m
    &amp#27;[36mThen &amp#27;[0m&amp#27;[36mUser clicked masuk button&amp#27;[0m
    &amp#27;[36mAnd &amp#27;[0m&amp#27;[36mAlert pop-up will shown with message "data not found"&amp#27;[0m

    Examples: 
]]></system-out>
    <system-err><![CDATA[Starting ChromeDriver 110.0.5481.77 (65ed616c6e8ee3fe0ad64fe83796c020644d42af-refs/branch-heads/5481@{#839}) on port 51352
Only local connections are allowed.
Please see https://chromedriver.chromium.org/security-considerations for suggestions on keeping ChromeDriver safe.
ChromeDriver was started successfully.
[1676550193.402][WARNING]: virtual void DevToolsClientImpl::AddListener(DevToolsEventListener *) subscribing a listener to the already connected DevToolsClient. Connection notification will not arrive.
Feb 16, 2023 7:23:13 PM org.openqa.selenium.remote.ProtocolHandshake createSession
INFO: Detected dialect: W3C
Feb 16, 2023 7:23:13 PM org.openqa.selenium.devtools.CdpVersionFinder findNearestMatch
WARNING: Unable to find an exact match for CDP version 110, so returning the closest version found: a no-op implementation
Feb 16, 2023 7:23:13 PM org.openqa.selenium.devtools.CdpVersionFinder findNearestMatch
INFO: Unable to find CDP implementation matching 110.
Feb 16, 2023 7:23:13 PM org.openqa.selenium.chromium.ChromiumDriver lambda$new$3
WARNING: Unable to find version of CDP to use for . You may need to include a dependency on a specific version of the CDP using something similar to `org.seleniumhq.selenium:selenium-devtools-v86:4.1.2` where the version ("v86") matches the version of the chromium-based browser you're using and the version number of the artifact is the same as Selenium's.
]]></system-err>
  </testcase>
  <testcase name="When User input &quot;unregistered@gmail.com&quot; as email and input &quot;unregister&quot; as password" classname="| unregistered@gmail.com | unregister |" time="0"/>
  <testcase name="Then User clicked masuk button" classname="| unregistered@gmail.com | unregister |" time="0"/>
  <testcase name="And Alert pop-up will shown with message &quot;data not found&quot;" classname="| unregistered@gmail.com | unregister |" time="0"/>
  <testcase name="" classname="| unregistered@gmail.com | unregister |" time="0.113"/>
  <testcase name="Given User already in GuruMu login page" classname="| wrongemail@gmail.com | validpass |" time="0">
    <system-out><![CDATA[
  @Test
  Scenario Outline: Login user with invalid data                                         &amp#27;[90m# features/Login.feature:31&amp#27;[0m
    &amp#27;[32mGiven &amp#27;[0m&amp#27;[32mUser already in GuruMu login page&amp#27;[0m                                              &amp#27;[90m# LoginSteps.userAlreadyInGuruMuLoginPage()&amp#27;[0m
    &amp#27;[32mWhen &amp#27;[0m&amp#27;[32mUser input "&amp#27;[0m&amp#27;[32m&amp#27;[1munregistered@gmail.com&amp#27;[0m&amp#27;[32m" as email and input "&amp#27;[0m&amp#27;[32m&amp#27;[1munregister&amp#27;[0m&amp#27;[32m" as password&amp#27;[0m &amp#27;[90m# LoginSteps.inputCredential(String,String)&amp#27;[0m
    &amp#27;[32mThen &amp#27;[0m&amp#27;[32mUser clicked masuk button&amp#27;[0m                                                       &amp#27;[90m# LoginSteps.userClickMasukButton()&amp#27;[0m
    &amp#27;[32mAnd &amp#27;[0m&amp#27;[32mAlert pop-up will shown with message "&amp#27;[0m&amp#27;[32m&amp#27;[1mdata not found&amp#27;[0m&amp#27;[32m"&amp#27;[0m                            &amp#27;[90m# LoginSteps.alertPopUpWillShownWithMessage(String)&amp#27;[0m
]]></system-out>
    <system-err><![CDATA[Starting ChromeDriver 110.0.5481.77 (65ed616c6e8ee3fe0ad64fe83796c020644d42af-refs/branch-heads/5481@{#839}) on port 55896
Only local connections are allowed.
Please see https://chromedriver.chromium.org/security-considerations for suggestions on keeping ChromeDriver safe.
ChromeDriver was started successfully.
[1676550221.003][WARNING]: virtual void DevToolsClientImpl::AddListener(DevToolsEventListener *) subscribing a listener to the already connected DevToolsClient. Connection notification will not arrive.
Feb 16, 2023 7:23:41 PM org.openqa.selenium.remote.ProtocolHandshake createSession
INFO: Detected dialect: W3C
Feb 16, 2023 7:23:41 PM org.openqa.selenium.devtools.CdpVersionFinder findNearestMatch
WARNING: Unable to find an exact match for CDP version 110, so returning the closest version found: a no-op implementation
Feb 16, 2023 7:23:41 PM org.openqa.selenium.devtools.CdpVersionFinder findNearestMatch
INFO: Unable to find CDP implementation matching 110.
Feb 16, 2023 7:23:41 PM org.openqa.selenium.chromium.ChromiumDriver lambda$new$3
WARNING: Unable to find version of CDP to use for . You may need to include a dependency on a specific version of the CDP using something similar to `org.seleniumhq.selenium:selenium-devtools-v86:4.1.2` where the version ("v86") matches the version of the chromium-based browser you're using and the version number of the artifact is the same as Selenium's.
]]></system-err>
  </testcase>
  <testcase name="When User input &quot;wrongemail@gmail.com&quot; as email and input &quot;validpass&quot; as password" classname="| wrongemail@gmail.com | validpass |" time="0"/>
  <testcase name="Then User clicked masuk button" classname="| wrongemail@gmail.com | validpass |" time="0"/>
  <testcase name="And Alert pop-up will shown with message &quot;data not found&quot;" classname="| wrongemail@gmail.com | validpass |" time="0.008">
    <error message="no such alert&#10;  (Session info: chrome=110.0.5481.100)&#10;Build info: version: &apos;4.1.2&apos;, revision: &apos;9a5a329c5a&apos;&#10;System info: host: &apos;nsystem-mbp&apos;, ip: &apos;fe80:0:0:0:ce7:beec:a50b:8367%en0&apos;, os.name: &apos;Mac OS X&apos;, os.arch: &apos;x86_64&apos;, os.version: &apos;10.16&apos;, java.version: &apos;1.8.0_201&apos;&#10;Driver info: org.openqa.selenium.chrome.ChromeDriver&#10;Command: [84005156e1290f6b0cc464af1b5479dc, getAlertText {}]&#10;Capabilities {acceptInsecureCerts: false, browserName: chrome, browserVersion: 110.0.5481.100, chrome: {chromedriverVersion: 110.0.5481.77 (65ed616c6e8e..., userDataDir: /var/folders/00/xzw63_pj58g...}, goog:chromeOptions: {debuggerAddress: localhost:64173}, javascriptEnabled: true, networkConnectionEnabled: false, pageLoadStrategy: normal, platform: MAC, platformName: MAC, proxy: Proxy(), se:cdp: ws://localhost:64173/devtoo..., se:cdpVersion: 110.0.5481.100, setWindowRect: true, strictFileInteractability: false, timeouts: {implicit: 0, pageLoad: 300000, script: 30000}, unhandledPromptBehavior: dismiss and notify, webauthn:extension:credBlob: true, webauthn:extension:largeBlob: true, webauthn:virtualAuthenticators: true}&#10;Session ID: 84005156e1290f6b0cc464af1b5479dc" type="org.openqa.selenium.NoAlertPresentException"><![CDATA[org.openqa.selenium.NoAlertPresentException: 
no such alert
  (Session info: chrome=110.0.5481.100)
Build info: version: '4.1.2', revision: '9a5a329c5a'
System info: host: 'nsystem-mbp', ip: 'fe80:0:0:0:ce7:beec:a50b:8367%en0', os.name: 'Mac OS X', os.arch: 'x86_64', os.version: '10.16', java.version: '1.8.0_201'
Driver info: org.openqa.selenium.chrome.ChromeDriver
Command: [84005156e1290f6b0cc464af1b5479dc, getAlertText {}]
Capabilities {acceptInsecureCerts: false, browserName: chrome, browserVersion: 110.0.5481.100, chrome: {chromedriverVersion: 110.0.5481.77 (65ed616c6e8e..., userDataDir: /var/folders/00/xzw63_pj58g...}, goog:chromeOptions: {debuggerAddress: localhost:64173}, javascriptEnabled: true, networkConnectionEnabled: false, pageLoadStrategy: normal, platform: MAC, platformName: MAC, proxy: Proxy(), se:cdp: ws://localhost:64173/devtoo..., se:cdpVersion: 110.0.5481.100, setWindowRect: true, strictFileInteractability: false, timeouts: {implicit: 0, pageLoad: 300000, script: 30000}, unhandledPromptBehavior: dismiss and notify, webauthn:extension:credBlob: true, webauthn:extension:largeBlob: true, webauthn:virtualAuthenticators: true}
Session ID: 84005156e1290f6b0cc464af1b5479dc
]]></error>
  </testcase>
  <testcase name="" classname="| wrongemail@gmail.com | validpass |" time="0.009">
    <error message="no such alert&#10;  (Session info: chrome=110.0.5481.100)&#10;Build info: version: &apos;4.1.2&apos;, revision: &apos;9a5a329c5a&apos;&#10;System info: host: &apos;nsystem-mbp&apos;, ip: &apos;fe80:0:0:0:ce7:beec:a50b:8367%en0&apos;, os.name: &apos;Mac OS X&apos;, os.arch: &apos;x86_64&apos;, os.version: &apos;10.16&apos;, java.version: &apos;1.8.0_201&apos;&#10;Driver info: org.openqa.selenium.chrome.ChromeDriver&#10;Command: [84005156e1290f6b0cc464af1b5479dc, getAlertText {}]&#10;Capabilities {acceptInsecureCerts: false, browserName: chrome, browserVersion: 110.0.5481.100, chrome: {chromedriverVersion: 110.0.5481.77 (65ed616c6e8e..., userDataDir: /var/folders/00/xzw63_pj58g...}, goog:chromeOptions: {debuggerAddress: localhost:64173}, javascriptEnabled: true, networkConnectionEnabled: false, pageLoadStrategy: normal, platform: MAC, platformName: MAC, proxy: Proxy(), se:cdp: ws://localhost:64173/devtoo..., se:cdpVersion: 110.0.5481.100, setWindowRect: true, strictFileInteractability: false, timeouts: {implicit: 0, pageLoad: 300000, script: 30000}, unhandledPromptBehavior: dismiss and notify, webauthn:extension:credBlob: true, webauthn:extension:largeBlob: true, webauthn:virtualAuthenticators: true}&#10;Session ID: 84005156e1290f6b0cc464af1b5479dc" type="org.openqa.selenium.NoAlertPresentException"><![CDATA[org.openqa.selenium.NoAlertPresentException: 
no such alert
  (Session info: chrome=110.0.5481.100)
Build info: version: '4.1.2', revision: '9a5a329c5a'
System info: host: 'nsystem-mbp', ip: 'fe80:0:0:0:ce7:beec:a50b:8367%en0', os.name: 'Mac OS X', os.arch: 'x86_64', os.version: '10.16', java.version: '1.8.0_201'
Driver info: org.openqa.selenium.chrome.ChromeDriver
Command: [84005156e1290f6b0cc464af1b5479dc, getAlertText {}]
Capabilities {acceptInsecureCerts: false, browserName: chrome, browserVersion: 110.0.5481.100, chrome: {chromedriverVersion: 110.0.5481.77 (65ed616c6e8e..., userDataDir: /var/folders/00/xzw63_pj58g...}, goog:chromeOptions: {debuggerAddress: localhost:64173}, javascriptEnabled: true, networkConnectionEnabled: false, pageLoadStrategy: normal, platform: MAC, platformName: MAC, proxy: Proxy(), se:cdp: ws://localhost:64173/devtoo..., se:cdpVersion: 110.0.5481.100, setWindowRect: true, strictFileInteractability: false, timeouts: {implicit: 0, pageLoad: 300000, script: 30000}, unhandledPromptBehavior: dismiss and notify, webauthn:extension:credBlob: true, webauthn:extension:largeBlob: true, webauthn:virtualAuthenticators: true}
Session ID: 84005156e1290f6b0cc464af1b5479dc
]]></error>
  </testcase>
  <testcase name="Given User already in GuruMu login page" classname="| validemail@gmail.com | invalidpass |" time="0.001">
    <system-out><![CDATA[
  @Test
  Scenario Outline: Login user with invalid data                                      &amp#27;[90m# features/Login.feature:32&amp#27;[0m
    &amp#27;[32mGiven &amp#27;[0m&amp#27;[32mUser already in GuruMu login page&amp#27;[0m                                           &amp#27;[90m# LoginSteps.userAlreadyInGuruMuLoginPage()&amp#27;[0m
    &amp#27;[32mWhen &amp#27;[0m&amp#27;[32mUser input "&amp#27;[0m&amp#27;[32m&amp#27;[1mwrongemail@gmail.com&amp#27;[0m&amp#27;[32m" as email and input "&amp#27;[0m&amp#27;[32m&amp#27;[1mvalidpass&amp#27;[0m&amp#27;[32m" as password&amp#27;[0m &amp#27;[90m# LoginSteps.inputCredential(String,String)&amp#27;[0m
    &amp#27;[32mThen &amp#27;[0m&amp#27;[32mUser clicked masuk button&amp#27;[0m                                                    &amp#27;[90m# LoginSteps.userClickMasukButton()&amp#27;[0m
    &amp#27;[31mAnd &amp#27;[0m&amp#27;[31mAlert pop-up will shown with message "&amp#27;[0m&amp#27;[31m&amp#27;[1mdata not found&amp#27;[0m&amp#27;[31m"&amp#27;[0m                         &amp#27;[90m# LoginSteps.alertPopUpWillShownWithMessage(String)&amp#27;[0m
      &amp#27;[31morg.openqa.selenium.NoAlertPresentException: no such alert
        (Session info: chrome=110.0.5481.100)
      Build info: version: '4.1.2', revision: '9a5a329c5a'
      System info: host: 'nsystem-mbp', ip: 'fe80:0:0:0:ce7:beec:a50b:8367%en0', os.name: 'Mac OS X', os.arch: 'x86_64', os.version: '10.16', java.version: '1.8.0_201'
      Driver info: org.openqa.selenium.chrome.ChromeDriver
      Command: [84005156e1290f6b0cc464af1b5479dc, getAlertText {}]
      Capabilities {acceptInsecureCerts: false, browserName: chrome, browserVersion: 110.0.5481.100, chrome: {chromedriverVersion: 110.0.5481.77 (65ed616c6e8e..., userDataDir: /var/folders/00/xzw63_pj58g...}, goog:chromeOptions: {debuggerAddress: localhost:64173}, javascriptEnabled: true, networkConnectionEnabled: false, pageLoadStrategy: normal, platform: MAC, platformName: MAC, proxy: Proxy(), se:cdp: ws://localhost:64173/devtoo..., se:cdpVersion: 110.0.5481.100, setWindowRect: true, strictFileInteractability: false, timeouts: {implicit: 0, pageLoad: 300000, script: 30000}, unhandledPromptBehavior: dismiss and notify, webauthn:extension:credBlob: true, webauthn:extension:largeBlob: true, webauthn:virtualAuthenticators: true}
      Session ID: 84005156e1290f6b0cc464af1b5479dc
      	at sun.reflect.NativeConstructorAccessorImpl.newInstance0(Native Method)
      	at sun.reflect.NativeConstructorAccessorImpl.newInstance(NativeConstructorAccessorImpl.java:62)
      	at sun.reflect.DelegatingConstructorAccessorImpl.newInstance(DelegatingConstructorAccessorImpl.java:45)
      	at java.lang.reflect.Constructor.newInstance(Constructor.java:423)
      	at org.openqa.selenium.remote.codec.w3c.W3CHttpResponseCodec.createException(W3CHttpResponseCodec.java:200)
      	at org.openqa.selenium.remote.codec.w3c.W3CHttpResponseCodec.decode(W3CHttpResponseCodec.java:133)
      	at org.openqa.selenium.remote.codec.w3c.W3CHttpResponseCodec.decode(W3CHttpResponseCodec.java:53)
      	at org.openqa.selenium.remote.HttpCommandExecutor.execute(HttpCommandExecutor.java:184)
      	at org.openqa.selenium.remote.service.DriverCommandExecutor.invokeExecute(DriverCommandExecutor.java:167)
      	at org.openqa.selenium.remote.service.DriverCommandExecutor.execute(DriverCommandExecutor.java:142)
      	at org.openqa.selenium.remote.RemoteWebDriver.execute(RemoteWebDriver.java:558)
      	at org.openqa.selenium.remote.RemoteWebDriver.execute(RemoteWebDriver.java:613)
      	at org.openqa.selenium.remote.RemoteWebDriver.execute(RemoteWebDriver.java:617)
      	at org.openqa.selenium.remote.RemoteWebDriver$RemoteTargetLocator.alert(RemoteWebDriver.java:1110)
      	at org.example.pageObject.LoginPage.getAlert(LoginPage.java:71)
      	at step_definitions.LoginSteps.alertPopUpWillShownWithMessage(LoginSteps.java:60)
      	at ✽.And Alert pop-up will shown with message "data not found"(features/Login.feature:28)
      &amp#27;[0m
]]></system-out>
    <system-err><![CDATA[Starting ChromeDriver 110.0.5481.77 (65ed616c6e8ee3fe0ad64fe83796c020644d42af-refs/branch-heads/5481@{#839}) on port 57304
Only local connections are allowed.
Please see https://chromedriver.chromium.org/security-considerations for suggestions on keeping ChromeDriver safe.
ChromeDriver was started successfully.
[1676550245.969][WARNING]: virtual void DevToolsClientImpl::AddListener(DevToolsEventListener *) subscribing a listener to the already connected DevToolsClient. Connection notification will not arrive.
Feb 16, 2023 7:24:06 PM org.openqa.selenium.remote.ProtocolHandshake createSession
INFO: Detected dialect: W3C
Feb 16, 2023 7:24:06 PM org.openqa.selenium.devtools.CdpVersionFinder findNearestMatch
WARNING: Unable to find an exact match for CDP version 110, so returning the closest version found: a no-op implementation
Feb 16, 2023 7:24:06 PM org.openqa.selenium.devtools.CdpVersionFinder findNearestMatch
INFO: Unable to find CDP implementation matching 110.
Feb 16, 2023 7:24:06 PM org.openqa.selenium.chromium.ChromiumDriver lambda$new$3
WARNING: Unable to find version of CDP to use for . You may need to include a dependency on a specific version of the CDP using something similar to `org.seleniumhq.selenium:selenium-devtools-v86:4.1.2` where the version ("v86") matches the version of the chromium-based browser you're using and the version number of the artifact is the same as Selenium's.
]]></system-err>
  </testcase>
  <testcase name="When User input &quot;validemail@gmail.com&quot; as email and input &quot;invalidpass&quot; as password" classname="| validemail@gmail.com | invalidpass |" time="0.003"/>
  <testcase name="Then User clicked masuk button" classname="| validemail@gmail.com | invalidpass |" time="0"/>
  <testcase name="And Alert pop-up will shown with message &quot;data not found&quot;" classname="| validemail@gmail.com | invalidpass |" time="0.001"/>
  <testcase name="" classname="| validemail@gmail.com | invalidpass |" time="0.114"/>
  <testcase name="Given User already in GuruMu login page" classname="Scenario: Login user with valid email wrong password" time="0.001">
    <system-out><![CDATA[
  @Test
  Scenario Outline: Login user with invalid data                                        &amp#27;[90m# features/Login.feature:33&amp#27;[0m
    &amp#27;[32mGiven &amp#27;[0m&amp#27;[32mUser already in GuruMu login page&amp#27;[0m                                             &amp#27;[90m# LoginSteps.userAlreadyInGuruMuLoginPage()&amp#27;[0m
    &amp#27;[32mWhen &amp#27;[0m&amp#27;[32mUser input "&amp#27;[0m&amp#27;[32m&amp#27;[1mvalidemail@gmail.com&amp#27;[0m&amp#27;[32m" as email and input "&amp#27;[0m&amp#27;[32m&amp#27;[1minvalidpass&amp#27;[0m&amp#27;[32m" as password&amp#27;[0m &amp#27;[90m# LoginSteps.inputCredential(String,String)&amp#27;[0m
    &amp#27;[32mThen &amp#27;[0m&amp#27;[32mUser clicked masuk button&amp#27;[0m                                                      &amp#27;[90m# LoginSteps.userClickMasukButton()&amp#27;[0m
    &amp#27;[32mAnd &amp#27;[0m&amp#27;[32mAlert pop-up will shown with message "&amp#27;[0m&amp#27;[32m&amp#27;[1mdata not found&amp#27;[0m&amp#27;[32m"&amp#27;[0m                           &amp#27;[90m# LoginSteps.alertPopUpWillShownWithMessage(String)&amp#27;[0m
]]></system-out>
    <system-err><![CDATA[Starting ChromeDriver 110.0.5481.77 (65ed616c6e8ee3fe0ad64fe83796c020644d42af-refs/branch-heads/5481@{#839}) on port 63459
Only local connections are allowed.
Please see https://chromedriver.chromium.org/security-considerations for suggestions on keeping ChromeDriver safe.
ChromeDriver was started successfully.
[1676550267.359][WARNING]: virtual void DevToolsClientImpl::AddListener(DevToolsEventListener *) subscribing a listener to the already connected DevToolsClient. Connection notification will not arrive.
Feb 16, 2023 7:24:27 PM org.openqa.selenium.remote.ProtocolHandshake createSession
INFO: Detected dialect: W3C
Feb 16, 2023 7:24:27 PM org.openqa.selenium.devtools.CdpVersionFinder findNearestMatch
WARNING: Unable to find an exact match for CDP version 110, so returning the closest version found: a no-op implementation
Feb 16, 2023 7:24:27 PM org.openqa.selenium.devtools.CdpVersionFinder findNearestMatch
INFO: Unable to find CDP implementation matching 110.
Feb 16, 2023 7:24:27 PM org.openqa.selenium.chromium.ChromiumDriver lambda$new$3
WARNING: Unable to find version of CDP to use for . You may need to include a dependency on a specific version of the CDP using something similar to `org.seleniumhq.selenium:selenium-devtools-v86:4.1.2` where the version ("v86") matches the version of the chromium-based browser you're using and the version number of the artifact is the same as Selenium's.
]]></system-err>
  </testcase>
  <testcase name="When User input &quot;qatestregisterguru5@gmail.com&quot; as email and input &quot;9adnas2JIk&quot; as password" classname="Scenario: Login user with valid email wrong password" time="0"/>
  <testcase name="Then User clicked masuk button" classname="Scenario: Login user with valid email wrong password" time="0.002"/>
  <testcase name="And Alert pop-up will shown with message &quot;password tidak sesuai &quot;" classname="Scenario: Login user with valid email wrong password" time="0.001"/>
  <testcase name="" classname="Scenario: Login user with valid email wrong password" time="0.12"/>
  <testcase name="Given User open the website GuruMu" classname="| Suci Nascaisar Maharani |" time="0">
    <system-out><![CDATA[
  @Login
  Scenario: Login user with valid email wrong password                                          &amp#27;[90m# features/Login.feature:36&amp#27;[0m
    &amp#27;[32mGiven &amp#27;[0m&amp#27;[32mUser already in GuruMu login page&amp#27;[0m                                                     &amp#27;[90m# LoginSteps.userAlreadyInGuruMuLoginPage()&amp#27;[0m
    &amp#27;[32mWhen &amp#27;[0m&amp#27;[32mUser input "&amp#27;[0m&amp#27;[32m&amp#27;[1mqatestregisterguru5@gmail.com&amp#27;[0m&amp#27;[32m" as email and input "&amp#27;[0m&amp#27;[32m&amp#27;[1m9adnas2JIk&amp#27;[0m&amp#27;[32m" as password&amp#27;[0m &amp#27;[90m# LoginSteps.inputCredential(String,String)&amp#27;[0m
    &amp#27;[32mThen &amp#27;[0m&amp#27;[32mUser clicked masuk button&amp#27;[0m                                                              &amp#27;[90m# LoginSteps.userClickMasukButton()&amp#27;[0m
    &amp#27;[32mAnd &amp#27;[0m&amp#27;[32mAlert pop-up will shown with message "&amp#27;[0m&amp#27;[32m&amp#27;[1mpassword tidak sesuai &amp#27;[0m&amp#27;[32m"&amp#27;[0m                           &amp#27;[90m# LoginSteps.alertPopUpWillShownWithMessage(String)&amp#27;[0m
@PenilaianUlasan @Test
Feature: Penilaian Ulasan

  Scenario Outline: Verify teacher name is displayed      &amp#27;[90m# features/PenilaianUlasan.feature:16&amp#27;[0m
    &amp#27;[36mThen &amp#27;[0m&amp#27;[36mShow "<nama_guru>" on penilaian dan ulasan popup&amp#27;[0m

    Examples: 
]]></system-out>
    <system-err><![CDATA[Starting ChromeDriver 110.0.5481.77 (65ed616c6e8ee3fe0ad64fe83796c020644d42af-refs/branch-heads/5481@{#839}) on port 58880
Only local connections are allowed.
Please see https://chromedriver.chromium.org/security-considerations for suggestions on keeping ChromeDriver safe.
ChromeDriver was started successfully.
[1676550289.979][WARNING]: virtual void DevToolsClientImpl::AddListener(DevToolsEventListener *) subscribing a listener to the already connected DevToolsClient. Connection notification will not arrive.
Feb 16, 2023 7:24:50 PM org.openqa.selenium.remote.ProtocolHandshake createSession
INFO: Detected dialect: W3C
Feb 16, 2023 7:24:50 PM org.openqa.selenium.devtools.CdpVersionFinder findNearestMatch
WARNING: Unable to find an exact match for CDP version 110, so returning the closest version found: a no-op implementation
Feb 16, 2023 7:24:50 PM org.openqa.selenium.devtools.CdpVersionFinder findNearestMatch
INFO: Unable to find CDP implementation matching 110.
Feb 16, 2023 7:24:50 PM org.openqa.selenium.chromium.ChromiumDriver lambda$new$3
WARNING: Unable to find version of CDP to use for . You may need to include a dependency on a specific version of the CDP using something similar to `org.seleniumhq.selenium:selenium-devtools-v86:4.1.2` where the version ("v86") matches the version of the chromium-based browser you're using and the version number of the artifact is the same as Selenium's.
]]></system-err>
  </testcase>
  <testcase name="When User click avatar navigation" classname="| Suci Nascaisar Maharani |" time="0"/>
  <testcase name="And User click menu Masuk" classname="| Suci Nascaisar Maharani |" time="0"/>
  <testcase name="And User input &quot;sucimurid@gmail.com&quot; as email and input &quot;sucimurid&quot; as password" classname="| Suci Nascaisar Maharani |" time="0"/>
  <testcase name="And User clicked masuk button" classname="| Suci Nascaisar Maharani |" time="0"/>
  <testcase name="When User move to History Murid Page" classname="| Suci Nascaisar Maharani |" time="0"/>
  <testcase name="And Student click Riwayat submenu" classname="| Suci Nascaisar Maharani |" time="0"/>
  <testcase name="And Sub menu Riwayat is active" classname="| Suci Nascaisar Maharani |" time="0"/>
  <testcase name="When Student click link ulasan in row" classname="| Suci Nascaisar Maharani |" time="0"/>
  <testcase name="Then Show penilaian dan ulasan popup" classname="| Suci Nascaisar Maharani |" time="0"/>
  <testcase name="Then Show &quot;Suci Nascaisar Maharani&quot; on penilaian dan ulasan popup" classname="| Suci Nascaisar Maharani |" time="0">
    <error message="no such element: Unable to locate element: {&quot;method&quot;:&quot;xpath&quot;,&quot;selector&quot;:&quot;//p[.=&apos;Suci Nascaisar Maharani&apos;]&quot;}&#10;  (Session info: chrome=110.0.5481.100)&#10;For documentation on this error, please visit: https://selenium.dev/exceptions/#no_such_element&#10;Build info: version: &apos;4.1.2&apos;, revision: &apos;9a5a329c5a&apos;&#10;System info: host: &apos;nsystem-mbp&apos;, ip: &apos;fe80:0:0:0:ce7:beec:a50b:8367%en0&apos;, os.name: &apos;Mac OS X&apos;, os.arch: &apos;x86_64&apos;, os.version: &apos;10.16&apos;, java.version: &apos;1.8.0_201&apos;&#10;Driver info: org.openqa.selenium.chrome.ChromeDriver&#10;Command: [1029095094ec52f93c3312b99f802d6a, findChildElement {id=5502f087-0e3a-4e52-b9e2-4fc3590df6ce, using=xpath, value=//p[.=&apos;Suci Nascaisar Maharani&apos;]}]&#10;Capabilities {acceptInsecureCerts: false, browserName: chrome, browserVersion: 110.0.5481.100, chrome: {chromedriverVersion: 110.0.5481.77 (65ed616c6e8e..., userDataDir: /var/folders/00/xzw63_pj58g...}, goog:chromeOptions: {debuggerAddress: localhost:64239}, javascriptEnabled: true, networkConnectionEnabled: false, pageLoadStrategy: normal, platform: MAC, platformName: MAC, proxy: Proxy(), se:cdp: ws://localhost:64239/devtoo..., se:cdpVersion: 110.0.5481.100, setWindowRect: true, strictFileInteractability: false, timeouts: {implicit: 0, pageLoad: 300000, script: 30000}, unhandledPromptBehavior: dismiss and notify, webauthn:extension:credBlob: true, webauthn:extension:largeBlob: true, webauthn:virtualAuthenticators: true}&#10;Session ID: 1029095094ec52f93c3312b99f802d6a" type="org.openqa.selenium.NoSuchElementException"><![CDATA[org.openqa.selenium.NoSuchElementException: 
no such element: Unable to locate element: {"method":"xpath","selector":"//p[.='Suci Nascaisar Maharani']"}
  (Session info: chrome=110.0.5481.100)
For documentation on this error, please visit: https://selenium.dev/exceptions/#no_such_element
Build info: version: '4.1.2', revision: '9a5a329c5a'
System info: host: 'nsystem-mbp', ip: 'fe80:0:0:0:ce7:beec:a50b:8367%en0', os.name: 'Mac OS X', os.arch: 'x86_64', os.version: '10.16', java.version: '1.8.0_201'
Driver info: org.openqa.selenium.chrome.ChromeDriver
Command: [1029095094ec52f93c3312b99f802d6a, findChildElement {id=5502f087-0e3a-4e52-b9e2-4fc3590df6ce, using=xpath, value=//p[.='Suci Nascaisar Maharani']}]
Capabilities {acceptInsecureCerts: false, browserName: chrome, browserVersion: 110.0.5481.100, chrome: {chromedriverVersion: 110.0.5481.77 (65ed616c6e8e..., userDataDir: /var/folders/00/xzw63_pj58g...}, goog:chromeOptions: {debuggerAddress: localhost:64239}, javascriptEnabled: true, networkConnectionEnabled: false, pageLoadStrategy: normal, platform: MAC, platformName: MAC, proxy: Proxy(), se:cdp: ws://localhost:64239/devtoo..., se:cdpVersion: 110.0.5481.100, setWindowRect: true, strictFileInteractability: false, timeouts: {implicit: 0, pageLoad: 300000, script: 30000}, unhandledPromptBehavior: dismiss and notify, webauthn:extension:credBlob: true, webauthn:extension:largeBlob: true, webauthn:virtualAuthenticators: true}
Session ID: 1029095094ec52f93c3312b99f802d6a
]]></error>
    <system-out><![CDATA[
  Background:                                                                       &amp#27;[90m# features/PenilaianUlasan.feature:4&amp#27;[0m
    &amp#27;[32mGiven &amp#27;[0m&amp#27;[32mUser open the website GuruMu&amp#27;[0m                                              &amp#27;[90m# LoginSteps.userOpenTheWebsiteGuruMu()&amp#27;[0m
    &amp#27;[32mWhen &amp#27;[0m&amp#27;[32mUser click avatar navigation&amp#27;[0m                                               &amp#27;[90m# LoginSteps.userClickAvatarNavigation()&amp#27;[0m
    &amp#27;[32mAnd &amp#27;[0m&amp#27;[32mUser click menu Masuk&amp#27;[0m                                                       &amp#27;[90m# LoginSteps.userClickMenuMasuk()&amp#27;[0m
    &amp#27;[32mAnd &amp#27;[0m&amp#27;[32mUser input "&amp#27;[0m&amp#27;[32m&amp#27;[1msucimurid@gmail.com&amp#27;[0m&amp#27;[32m" as email and input "&amp#27;[0m&amp#27;[32m&amp#27;[1msucimurid&amp#27;[0m&amp#27;[32m" as password&amp#27;[0m &amp#27;[90m# LoginSteps.inputCredential(String,String)&amp#27;[0m
    &amp#27;[32mAnd &amp#27;[0m&amp#27;[32mUser clicked masuk button&amp#27;[0m                                                   &amp#27;[90m# LoginSteps.userClickMasukButton()&amp#27;[0m
    &amp#27;[32mWhen &amp#27;[0m&amp#27;[32mUser move to History Murid Page&amp#27;[0m                                            &amp#27;[90m# PenilaianUlasanSteps.userMoveToHistoryMuridPage()&amp#27;[0m
    &amp#27;[32mAnd &amp#27;[0m&amp#27;[32mStudent click Riwayat submenu&amp#27;[0m                                               &amp#27;[90m# PenilaianUlasanSteps.studentClickRiwayatSubmenu()&amp#27;[0m
    &amp#27;[32mAnd &amp#27;[0m&amp#27;[32mSub menu Riwayat is active&amp#27;[0m                                                  &amp#27;[90m# PenilaianUlasanSteps.subMenuRiwayatIsActive()&amp#27;[0m
    &amp#27;[32mWhen &amp#27;[0m&amp#27;[32mStudent click link ulasan in row&amp#27;[0m                                           &amp#27;[90m# PenilaianUlasanSteps.studentClickLinkUlasanInRowAsTeacher()&amp#27;[0m
    &amp#27;[32mThen &amp#27;[0m&amp#27;[32mShow penilaian dan ulasan popup&amp#27;[0m                                            &amp#27;[90m# PenilaianUlasanSteps.showPenilaianDanUlasanPopup()&amp#27;[0m
]]></system-out>
  </testcase>
  <testcase name="" classname="| Suci Nascaisar Maharani |" time="0.001">
    <error message="no such element: Unable to locate element: {&quot;method&quot;:&quot;xpath&quot;,&quot;selector&quot;:&quot;//p[.=&apos;Suci Nascaisar Maharani&apos;]&quot;}&#10;  (Session info: chrome=110.0.5481.100)&#10;For documentation on this error, please visit: https://selenium.dev/exceptions/#no_such_element&#10;Build info: version: &apos;4.1.2&apos;, revision: &apos;9a5a329c5a&apos;&#10;System info: host: &apos;nsystem-mbp&apos;, ip: &apos;fe80:0:0:0:ce7:beec:a50b:8367%en0&apos;, os.name: &apos;Mac OS X&apos;, os.arch: &apos;x86_64&apos;, os.version: &apos;10.16&apos;, java.version: &apos;1.8.0_201&apos;&#10;Driver info: org.openqa.selenium.chrome.ChromeDriver&#10;Command: [1029095094ec52f93c3312b99f802d6a, findChildElement {id=5502f087-0e3a-4e52-b9e2-4fc3590df6ce, using=xpath, value=//p[.=&apos;Suci Nascaisar Maharani&apos;]}]&#10;Capabilities {acceptInsecureCerts: false, browserName: chrome, browserVersion: 110.0.5481.100, chrome: {chromedriverVersion: 110.0.5481.77 (65ed616c6e8e..., userDataDir: /var/folders/00/xzw63_pj58g...}, goog:chromeOptions: {debuggerAddress: localhost:64239}, javascriptEnabled: true, networkConnectionEnabled: false, pageLoadStrategy: normal, platform: MAC, platformName: MAC, proxy: Proxy(), se:cdp: ws://localhost:64239/devtoo..., se:cdpVersion: 110.0.5481.100, setWindowRect: true, strictFileInteractability: false, timeouts: {implicit: 0, pageLoad: 300000, script: 30000}, unhandledPromptBehavior: dismiss and notify, webauthn:extension:credBlob: true, webauthn:extension:largeBlob: true, webauthn:virtualAuthenticators: true}&#10;Session ID: 1029095094ec52f93c3312b99f802d6a" type="org.openqa.selenium.NoSuchElementException"><![CDATA[org.openqa.selenium.NoSuchElementException: 
no such element: Unable to locate element: {"method":"xpath","selector":"//p[.='Suci Nascaisar Maharani']"}
  (Session info: chrome=110.0.5481.100)
For documentation on this error, please visit: https://selenium.dev/exceptions/#no_such_element
Build info: version: '4.1.2', revision: '9a5a329c5a'
System info: host: 'nsystem-mbp', ip: 'fe80:0:0:0:ce7:beec:a50b:8367%en0', os.name: 'Mac OS X', os.arch: 'x86_64', os.version: '10.16', java.version: '1.8.0_201'
Driver info: org.openqa.selenium.chrome.ChromeDriver
Command: [1029095094ec52f93c3312b99f802d6a, findChildElement {id=5502f087-0e3a-4e52-b9e2-4fc3590df6ce, using=xpath, value=//p[.='Suci Nascaisar Maharani']}]
Capabilities {acceptInsecureCerts: false, browserName: chrome, browserVersion: 110.0.5481.100, chrome: {chromedriverVersion: 110.0.5481.77 (65ed616c6e8e..., userDataDir: /var/folders/00/xzw63_pj58g...}, goog:chromeOptions: {debuggerAddress: localhost:64239}, javascriptEnabled: true, networkConnectionEnabled: false, pageLoadStrategy: normal, platform: MAC, platformName: MAC, proxy: Proxy(), se:cdp: ws://localhost:64239/devtoo..., se:cdpVersion: 110.0.5481.100, setWindowRect: true, strictFileInteractability: false, timeouts: {implicit: 0, pageLoad: 300000, script: 30000}, unhandledPromptBehavior: dismiss and notify, webauthn:extension:credBlob: true, webauthn:extension:largeBlob: true, webauthn:virtualAuthenticators: true}
Session ID: 1029095094ec52f93c3312b99f802d6a
]]></error>
  </testcase>
  <testcase name="Given User open the website GuruMu" classname="Scenario: Verify &apos;ulasan&apos; field is displayed" time="0">
    <system-out><![CDATA[
  @PenilaianUlasan @Test
  Scenario Outline: Verify teacher name is displayed                  &amp#27;[90m# features/PenilaianUlasan.feature:20&amp#27;[0m
    &amp#27;[31mThen &amp#27;[0m&amp#27;[31mShow "&amp#27;[0m&amp#27;[31m&amp#27;[1mSuci Nascaisar Maharani&amp#27;[0m&amp#27;[31m" on penilaian dan ulasan popup&amp#27;[0m &amp#27;[90m# PenilaianUlasanSteps.showOnPenilaianDanUlasanPopup(String)&amp#27;[0m
      &amp#27;[31morg.openqa.selenium.NoSuchElementException: no such element: Unable to locate element: {"method":"xpath","selector":"//p[.='Suci Nascaisar Maharani']"}
        (Session info: chrome=110.0.5481.100)
      For documentation on this error, please visit: https://selenium.dev/exceptions/#no_such_element
      Build info: version: '4.1.2', revision: '9a5a329c5a'
      System info: host: 'nsystem-mbp', ip: 'fe80:0:0:0:ce7:beec:a50b:8367%en0', os.name: 'Mac OS X', os.arch: 'x86_64', os.version: '10.16', java.version: '1.8.0_201'
      Driver info: org.openqa.selenium.chrome.ChromeDriver
      Command: [1029095094ec52f93c3312b99f802d6a, findChildElement {id=5502f087-0e3a-4e52-b9e2-4fc3590df6ce, using=xpath, value=//p[.='Suci Nascaisar Maharani']}]
      Capabilities {acceptInsecureCerts: false, browserName: chrome, browserVersion: 110.0.5481.100, chrome: {chromedriverVersion: 110.0.5481.77 (65ed616c6e8e..., userDataDir: /var/folders/00/xzw63_pj58g...}, goog:chromeOptions: {debuggerAddress: localhost:64239}, javascriptEnabled: true, networkConnectionEnabled: false, pageLoadStrategy: normal, platform: MAC, platformName: MAC, proxy: Proxy(), se:cdp: ws://localhost:64239/devtoo..., se:cdpVersion: 110.0.5481.100, setWindowRect: true, strictFileInteractability: false, timeouts: {implicit: 0, pageLoad: 300000, script: 30000}, unhandledPromptBehavior: dismiss and notify, webauthn:extension:credBlob: true, webauthn:extension:largeBlob: true, webauthn:virtualAuthenticators: true}
      Session ID: 1029095094ec52f93c3312b99f802d6a
      	at sun.reflect.GeneratedConstructorAccessor38.newInstance(Unknown Source)
      	at sun.reflect.DelegatingConstructorAccessorImpl.newInstance(DelegatingConstructorAccessorImpl.java:45)
      	at java.lang.reflect.Constructor.newInstance(Constructor.java:423)
      	at org.openqa.selenium.remote.codec.w3c.W3CHttpResponseCodec.createException(W3CHttpResponseCodec.java:200)
      	at org.openqa.selenium.remote.codec.w3c.W3CHttpResponseCodec.decode(W3CHttpResponseCodec.java:133)
      	at org.openqa.selenium.remote.codec.w3c.W3CHttpResponseCodec.decode(W3CHttpResponseCodec.java:53)
      	at org.openqa.selenium.remote.HttpCommandExecutor.execute(HttpCommandExecutor.java:184)
      	at org.openqa.selenium.remote.service.DriverCommandExecutor.invokeExecute(DriverCommandExecutor.java:167)
      	at org.openqa.selenium.remote.service.DriverCommandExecutor.execute(DriverCommandExecutor.java:142)
      	at org.openqa.selenium.remote.RemoteWebDriver.execute(RemoteWebDriver.java:558)
      	at org.openqa.selenium.remote.ElementLocation$ElementFinder$2.findElement(ElementLocation.java:162)
      	at org.openqa.selenium.remote.ElementLocation.findElement(ElementLocation.java:60)
      	at org.openqa.selenium.remote.RemoteWebDriver.findElement(RemoteWebDriver.java:382)
      	at org.openqa.selenium.remote.RemoteWebElement.findElement(RemoteWebElement.java:221)
      	at sun.reflect.NativeMethodAccessorImpl.invoke0(Native Method)
      	at sun.reflect.NativeMethodAccessorImpl.invoke(NativeMethodAccessorImpl.java:62)
      	at sun.reflect.DelegatingMethodAccessorImpl.invoke(DelegatingMethodAccessorImpl.java:43)
      	at java.lang.reflect.Method.invoke(Method.java:498)
      	at org.openqa.selenium.support.pagefactory.internal.LocatingElementHandler.invoke(LocatingElementHandler.java:52)
      	at com.sun.proxy.$Proxy21.findElement(Unknown Source)
      	at org.example.pageObject.PenilaianUlasanPage.isDisplayNamaGuru(PenilaianUlasanPage.java:76)
      	at step_definitions.PenilaianUlasanSteps.showOnPenilaianDanUlasanPopup(PenilaianUlasanSteps.java:79)
      	at ✽.Then Show "Suci Nascaisar Maharani" on penilaian dan ulasan popup(features/PenilaianUlasan.feature:17)
      &amp#27;[0m
]]></system-out>
    <system-err><![CDATA[Starting ChromeDriver 110.0.5481.77 (65ed616c6e8ee3fe0ad64fe83796c020644d42af-refs/branch-heads/5481@{#839}) on port 56348
Only local connections are allowed.
Please see https://chromedriver.chromium.org/security-considerations for suggestions on keeping ChromeDriver safe.
ChromeDriver was started successfully.
[1676550311.817][WARNING]: virtual void DevToolsClientImpl::AddListener(DevToolsEventListener *) subscribing a listener to the already connected DevToolsClient. Connection notification will not arrive.
Feb 16, 2023 7:25:11 PM org.openqa.selenium.remote.ProtocolHandshake createSession
INFO: Detected dialect: W3C
Feb 16, 2023 7:25:12 PM org.openqa.selenium.devtools.CdpVersionFinder findNearestMatch
WARNING: Unable to find an exact match for CDP version 110, so returning the closest version found: a no-op implementation
Feb 16, 2023 7:25:12 PM org.openqa.selenium.devtools.CdpVersionFinder findNearestMatch
INFO: Unable to find CDP implementation matching 110.
Feb 16, 2023 7:25:12 PM org.openqa.selenium.chromium.ChromiumDriver lambda$new$3
WARNING: Unable to find version of CDP to use for . You may need to include a dependency on a specific version of the CDP using something similar to `org.seleniumhq.selenium:selenium-devtools-v86:4.1.2` where the version ("v86") matches the version of the chromium-based browser you're using and the version number of the artifact is the same as Selenium's.
]]></system-err>
  </testcase>
  <testcase name="When User click avatar navigation" classname="Scenario: Verify &apos;ulasan&apos; field is displayed" time="0.001"/>
  <testcase name="And User click menu Masuk" classname="Scenario: Verify &apos;ulasan&apos; field is displayed" time="0"/>
  <testcase name="And User input &quot;sucimurid@gmail.com&quot; as email and input &quot;sucimurid&quot; as password" classname="Scenario: Verify &apos;ulasan&apos; field is displayed" time="0"/>
  <testcase name="And User clicked masuk button" classname="Scenario: Verify &apos;ulasan&apos; field is displayed" time="0"/>
  <testcase name="When User move to History Murid Page" classname="Scenario: Verify &apos;ulasan&apos; field is displayed" time="0"/>
  <testcase name="And Student click Riwayat submenu" classname="Scenario: Verify &apos;ulasan&apos; field is displayed" time="0.003">
    <error message="no such element: Unable to locate element: {&quot;method&quot;:&quot;css selector&quot;,&quot;selector&quot;:&quot;#bp4\-tab\-title_undefined_tab\-2&quot;}&#10;  (Session info: chrome=110.0.5481.100)&#10;For documentation on this error, please visit: https://selenium.dev/exceptions/#no_such_element&#10;Build info: version: &apos;4.1.2&apos;, revision: &apos;9a5a329c5a&apos;&#10;System info: host: &apos;nsystem-mbp&apos;, ip: &apos;fe80:0:0:0:ce7:beec:a50b:8367%en0&apos;, os.name: &apos;Mac OS X&apos;, os.arch: &apos;x86_64&apos;, os.version: &apos;10.16&apos;, java.version: &apos;1.8.0_201&apos;&#10;Driver info: org.openqa.selenium.chrome.ChromeDriver&#10;Command: [cec769dba3e4cbd17a9773ab8db91a59, findElement {using=id, value=bp4-tab-title_undefined_tab-2}]&#10;Capabilities {acceptInsecureCerts: false, browserName: chrome, browserVersion: 110.0.5481.100, chrome: {chromedriverVersion: 110.0.5481.77 (65ed616c6e8e..., userDataDir: /var/folders/00/xzw63_pj58g...}, goog:chromeOptions: {debuggerAddress: localhost:64262}, javascriptEnabled: true, networkConnectionEnabled: false, pageLoadStrategy: normal, platform: MAC, platformName: MAC, proxy: Proxy(), se:cdp: ws://localhost:64262/devtoo..., se:cdpVersion: 110.0.5481.100, setWindowRect: true, strictFileInteractability: false, timeouts: {implicit: 0, pageLoad: 300000, script: 30000}, unhandledPromptBehavior: dismiss and notify, webauthn:extension:credBlob: true, webauthn:extension:largeBlob: true, webauthn:virtualAuthenticators: true}&#10;Session ID: cec769dba3e4cbd17a9773ab8db91a59" type="org.openqa.selenium.NoSuchElementException"><![CDATA[org.openqa.selenium.NoSuchElementException: 
no such element: Unable to locate element: {"method":"css selector","selector":"#bp4\-tab\-title_undefined_tab\-2"}
  (Session info: chrome=110.0.5481.100)
For documentation on this error, please visit: https://selenium.dev/exceptions/#no_such_element
Build info: version: '4.1.2', revision: '9a5a329c5a'
System info: host: 'nsystem-mbp', ip: 'fe80:0:0:0:ce7:beec:a50b:8367%en0', os.name: 'Mac OS X', os.arch: 'x86_64', os.version: '10.16', java.version: '1.8.0_201'
Driver info: org.openqa.selenium.chrome.ChromeDriver
Command: [cec769dba3e4cbd17a9773ab8db91a59, findElement {using=id, value=bp4-tab-title_undefined_tab-2}]
Capabilities {acceptInsecureCerts: false, browserName: chrome, browserVersion: 110.0.5481.100, chrome: {chromedriverVersion: 110.0.5481.77 (65ed616c6e8e..., userDataDir: /var/folders/00/xzw63_pj58g...}, goog:chromeOptions: {debuggerAddress: localhost:64262}, javascriptEnabled: true, networkConnectionEnabled: false, pageLoadStrategy: normal, platform: MAC, platformName: MAC, proxy: Proxy(), se:cdp: ws://localhost:64262/devtoo..., se:cdpVersion: 110.0.5481.100, setWindowRect: true, strictFileInteractability: false, timeouts: {implicit: 0, pageLoad: 300000, script: 30000}, unhandledPromptBehavior: dismiss and notify, webauthn:extension:credBlob: true, webauthn:extension:largeBlob: true, webauthn:virtualAuthenticators: true}
Session ID: cec769dba3e4cbd17a9773ab8db91a59
]]></error>
  </testcase>
  <testcase name="" classname="Scenario: Verify &apos;ulasan&apos; field is displayed" time="0.004">
    <error message="no such element: Unable to locate element: {&quot;method&quot;:&quot;css selector&quot;,&quot;selector&quot;:&quot;#bp4\-tab\-title_undefined_tab\-2&quot;}&#10;  (Session info: chrome=110.0.5481.100)&#10;For documentation on this error, please visit: https://selenium.dev/exceptions/#no_such_element&#10;Build info: version: &apos;4.1.2&apos;, revision: &apos;9a5a329c5a&apos;&#10;System info: host: &apos;nsystem-mbp&apos;, ip: &apos;fe80:0:0:0:ce7:beec:a50b:8367%en0&apos;, os.name: &apos;Mac OS X&apos;, os.arch: &apos;x86_64&apos;, os.version: &apos;10.16&apos;, java.version: &apos;1.8.0_201&apos;&#10;Driver info: org.openqa.selenium.chrome.ChromeDriver&#10;Command: [cec769dba3e4cbd17a9773ab8db91a59, findElement {using=id, value=bp4-tab-title_undefined_tab-2}]&#10;Capabilities {acceptInsecureCerts: false, browserName: chrome, browserVersion: 110.0.5481.100, chrome: {chromedriverVersion: 110.0.5481.77 (65ed616c6e8e..., userDataDir: /var/folders/00/xzw63_pj58g...}, goog:chromeOptions: {debuggerAddress: localhost:64262}, javascriptEnabled: true, networkConnectionEnabled: false, pageLoadStrategy: normal, platform: MAC, platformName: MAC, proxy: Proxy(), se:cdp: ws://localhost:64262/devtoo..., se:cdpVersion: 110.0.5481.100, setWindowRect: true, strictFileInteractability: false, timeouts: {implicit: 0, pageLoad: 300000, script: 30000}, unhandledPromptBehavior: dismiss and notify, webauthn:extension:credBlob: true, webauthn:extension:largeBlob: true, webauthn:virtualAuthenticators: true}&#10;Session ID: cec769dba3e4cbd17a9773ab8db91a59" type="org.openqa.selenium.NoSuchElementException"><![CDATA[org.openqa.selenium.NoSuchElementException: 
no such element: Unable to locate element: {"method":"css selector","selector":"#bp4\-tab\-title_undefined_tab\-2"}
  (Session info: chrome=110.0.5481.100)
For documentation on this error, please visit: https://selenium.dev/exceptions/#no_such_element
Build info: version: '4.1.2', revision: '9a5a329c5a'
System info: host: 'nsystem-mbp', ip: 'fe80:0:0:0:ce7:beec:a50b:8367%en0', os.name: 'Mac OS X', os.arch: 'x86_64', os.version: '10.16', java.version: '1.8.0_201'
Driver info: org.openqa.selenium.chrome.ChromeDriver
Command: [cec769dba3e4cbd17a9773ab8db91a59, findElement {using=id, value=bp4-tab-title_undefined_tab-2}]
Capabilities {acceptInsecureCerts: false, browserName: chrome, browserVersion: 110.0.5481.100, chrome: {chromedriverVersion: 110.0.5481.77 (65ed616c6e8e..., userDataDir: /var/folders/00/xzw63_pj58g...}, goog:chromeOptions: {debuggerAddress: localhost:64262}, javascriptEnabled: true, networkConnectionEnabled: false, pageLoadStrategy: normal, platform: MAC, platformName: MAC, proxy: Proxy(), se:cdp: ws://localhost:64262/devtoo..., se:cdpVersion: 110.0.5481.100, setWindowRect: true, strictFileInteractability: false, timeouts: {implicit: 0, pageLoad: 300000, script: 30000}, unhandledPromptBehavior: dismiss and notify, webauthn:extension:credBlob: true, webauthn:extension:largeBlob: true, webauthn:virtualAuthenticators: true}
Session ID: cec769dba3e4cbd17a9773ab8db91a59
]]></error>
  </testcase>
  <testcase name="And Sub menu Riwayat is active" classname="Scenario: Verify &apos;ulasan&apos; field is displayed" time="0">
    <skipped/>
  </testcase>
  <testcase name="When Student click link ulasan in row" classname="Scenario: Verify &apos;ulasan&apos; field is displayed" time="0">
    <skipped/>
  </testcase>
  <testcase name="Then Show penilaian dan ulasan popup" classname="Scenario: Verify &apos;ulasan&apos; field is displayed" time="0">
    <skipped/>
  </testcase>
  <testcase name="Then Show ulasan field" classname="Scenario: Verify &apos;ulasan&apos; field is displayed" time="0">
    <skipped/>
    <system-out><![CDATA[
  Background:                                                                       &amp#27;[90m# features/PenilaianUlasan.feature:4&amp#27;[0m
    &amp#27;[32mGiven &amp#27;[0m&amp#27;[32mUser open the website GuruMu&amp#27;[0m                                              &amp#27;[90m# LoginSteps.userOpenTheWebsiteGuruMu()&amp#27;[0m
    &amp#27;[32mWhen &amp#27;[0m&amp#27;[32mUser click avatar navigation&amp#27;[0m                                               &amp#27;[90m# LoginSteps.userClickAvatarNavigation()&amp#27;[0m
    &amp#27;[32mAnd &amp#27;[0m&amp#27;[32mUser click menu Masuk&amp#27;[0m                                                       &amp#27;[90m# LoginSteps.userClickMenuMasuk()&amp#27;[0m
    &amp#27;[32mAnd &amp#27;[0m&amp#27;[32mUser input "&amp#27;[0m&amp#27;[32m&amp#27;[1msucimurid@gmail.com&amp#27;[0m&amp#27;[32m" as email and input "&amp#27;[0m&amp#27;[32m&amp#27;[1msucimurid&amp#27;[0m&amp#27;[32m" as password&amp#27;[0m &amp#27;[90m# LoginSteps.inputCredential(String,String)&amp#27;[0m
    &amp#27;[32mAnd &amp#27;[0m&amp#27;[32mUser clicked masuk button&amp#27;[0m                                                   &amp#27;[90m# LoginSteps.userClickMasukButton()&amp#27;[0m
    &amp#27;[32mWhen &amp#27;[0m&amp#27;[32mUser move to History Murid Page&amp#27;[0m                                            &amp#27;[90m# PenilaianUlasanSteps.userMoveToHistoryMuridPage()&amp#27;[0m
    &amp#27;[31mAnd &amp#27;[0m&amp#27;[31mStudent click Riwayat submenu&amp#27;[0m                                               &amp#27;[90m# PenilaianUlasanSteps.studentClickRiwayatSubmenu()&amp#27;[0m
      &amp#27;[31morg.openqa.selenium.NoSuchElementException: no such element: Unable to locate element: {"method":"css selector","selector":"#bp4\-tab\-title_undefined_tab\-2"}
        (Session info: chrome=110.0.5481.100)
      For documentation on this error, please visit: https://selenium.dev/exceptions/#no_such_element
      Build info: version: '4.1.2', revision: '9a5a329c5a'
      System info: host: 'nsystem-mbp', ip: 'fe80:0:0:0:ce7:beec:a50b:8367%en0', os.name: 'Mac OS X', os.arch: 'x86_64', os.version: '10.16', java.version: '1.8.0_201'
      Driver info: org.openqa.selenium.chrome.ChromeDriver
      Command: [cec769dba3e4cbd17a9773ab8db91a59, findElement {using=id, value=bp4-tab-title_undefined_tab-2}]
      Capabilities {acceptInsecureCerts: false, browserName: chrome, browserVersion: 110.0.5481.100, chrome: {chromedriverVersion: 110.0.5481.77 (65ed616c6e8e..., userDataDir: /var/folders/00/xzw63_pj58g...}, goog:chromeOptions: {debuggerAddress: localhost:64262}, javascriptEnabled: true, networkConnectionEnabled: false, pageLoadStrategy: normal, platform: MAC, platformName: MAC, proxy: Proxy(), se:cdp: ws://localhost:64262/devtoo..., se:cdpVersion: 110.0.5481.100, setWindowRect: true, strictFileInteractability: false, timeouts: {implicit: 0, pageLoad: 300000, script: 30000}, unhandledPromptBehavior: dismiss and notify, webauthn:extension:credBlob: true, webauthn:extension:largeBlob: true, webauthn:virtualAuthenticators: true}
      Session ID: cec769dba3e4cbd17a9773ab8db91a59
      	at sun.reflect.GeneratedConstructorAccessor38.newInstance(Unknown Source)
      	at sun.reflect.DelegatingConstructorAccessorImpl.newInstance(DelegatingConstructorAccessorImpl.java:45)
      	at java.lang.reflect.Constructor.newInstance(Constructor.java:423)
      	at org.openqa.selenium.remote.codec.w3c.W3CHttpResponseCodec.createException(W3CHttpResponseCodec.java:200)
      	at org.openqa.selenium.remote.codec.w3c.W3CHttpResponseCodec.decode(W3CHttpResponseCodec.java:133)
      	at org.openqa.selenium.remote.codec.w3c.W3CHttpResponseCodec.decode(W3CHttpResponseCodec.java:53)
      	at org.openqa.selenium.remote.HttpCommandExecutor.execute(HttpCommandExecutor.java:184)
      	at org.openqa.selenium.remote.service.DriverCommandExecutor.invokeExecute(DriverCommandExecutor.java:167)
      	at org.openqa.selenium.remote.service.DriverCommandExecutor.execute(DriverCommandExecutor.java:142)
      	at org.openqa.selenium.remote.RemoteWebDriver.execute(RemoteWebDriver.java:558)
      	at org.openqa.selenium.remote.ElementLocation$ElementFinder$2.findElement(ElementLocation.java:162)
      	at org.openqa.selenium.remote.ElementLocation.findElement(ElementLocation.java:60)
      	at org.openqa.selenium.remote.RemoteWebDriver.findElement(RemoteWebDriver.java:382)
      	at org.openqa.selenium.remote.RemoteWebDriver.findElement(RemoteWebDriver.java:374)
      	at org.openqa.selenium.support.pagefactory.DefaultElementLocator.findElement(DefaultElementLocator.java:70)
      	at org.openqa.selenium.support.pagefactory.internal.LocatingElementHandler.invoke(LocatingElementHandler.java:39)
      	at com.sun.proxy.$Proxy21.click(Unknown Source)
      	at org.example.pageObject.ProfilePage.clickNavbarRiwayat(ProfilePage.java:43)
      	at step_definitions.PenilaianUlasanSteps.studentClickRiwayatSubmenu(PenilaianUlasanSteps.java:186)
      	at ✽.And Student click Riwayat submenu(features/PenilaianUlasan.feature:11)
      &amp#27;[0m
    &amp#27;[36mAnd &amp#27;[0m&amp#27;[36mSub menu Riwayat is active&amp#27;[0m                                                  &amp#27;[90m# PenilaianUlasanSteps.subMenuRiwayatIsActive()&amp#27;[0m
    &amp#27;[36mWhen &amp#27;[0m&amp#27;[36mStudent click link ulasan in row&amp#27;[0m                                           &amp#27;[90m# PenilaianUlasanSteps.studentClickLinkUlasanInRowAsTeacher()&amp#27;[0m
    &amp#27;[36mThen &amp#27;[0m&amp#27;[36mShow penilaian dan ulasan popup&amp#27;[0m                                            &amp#27;[90m# PenilaianUlasanSteps.showPenilaianDanUlasanPopup()&amp#27;[0m
]]></system-out>
  </testcase>
  <testcase name="Given User open the website GuruMu" classname="Scenario: Verify &apos;penilaian&apos; field is displayed" time="0">
    <system-out><![CDATA[
  Scenario: Verify 'ulasan' field is displayed &amp#27;[90m# features/PenilaianUlasan.feature:22&amp#27;[0m
    &amp#27;[36mThen &amp#27;[0m&amp#27;[36mShow ulasan field&amp#27;[0m                     &amp#27;[90m# PenilaianUlasanSteps.showUlasanField()&amp#27;[0m
]]></system-out>
    <system-err><![CDATA[Starting ChromeDriver 110.0.5481.77 (65ed616c6e8ee3fe0ad64fe83796c020644d42af-refs/branch-heads/5481@{#839}) on port 59387
Only local connections are allowed.
Please see https://chromedriver.chromium.org/security-considerations for suggestions on keeping ChromeDriver safe.
ChromeDriver was started successfully.
[1676550336.551][WARNING]: virtual void DevToolsClientImpl::AddListener(DevToolsEventListener *) subscribing a listener to the already connected DevToolsClient. Connection notification will not arrive.
Feb 16, 2023 7:25:36 PM org.openqa.selenium.remote.ProtocolHandshake createSession
INFO: Detected dialect: W3C
Feb 16, 2023 7:25:36 PM org.openqa.selenium.devtools.CdpVersionFinder findNearestMatch
WARNING: Unable to find an exact match for CDP version 110, so returning the closest version found: a no-op implementation
Feb 16, 2023 7:25:36 PM org.openqa.selenium.devtools.CdpVersionFinder findNearestMatch
INFO: Unable to find CDP implementation matching 110.
Feb 16, 2023 7:25:36 PM org.openqa.selenium.chromium.ChromiumDriver lambda$new$3
WARNING: Unable to find version of CDP to use for . You may need to include a dependency on a specific version of the CDP using something similar to `org.seleniumhq.selenium:selenium-devtools-v86:4.1.2` where the version ("v86") matches the version of the chromium-based browser you're using and the version number of the artifact is the same as Selenium's.
]]></system-err>
  </testcase>
  <testcase name="When User click avatar navigation" classname="Scenario: Verify &apos;penilaian&apos; field is displayed" time="0"/>
  <testcase name="And User click menu Masuk" classname="Scenario: Verify &apos;penilaian&apos; field is displayed" time="0"/>
  <testcase name="And User input &quot;sucimurid@gmail.com&quot; as email and input &quot;sucimurid&quot; as password" classname="Scenario: Verify &apos;penilaian&apos; field is displayed" time="0"/>
  <testcase name="And User clicked masuk button" classname="Scenario: Verify &apos;penilaian&apos; field is displayed" time="0"/>
  <testcase name="When User move to History Murid Page" classname="Scenario: Verify &apos;penilaian&apos; field is displayed" time="0"/>
  <testcase name="And Student click Riwayat submenu" classname="Scenario: Verify &apos;penilaian&apos; field is displayed" time="0"/>
  <testcase name="And Sub menu Riwayat is active" classname="Scenario: Verify &apos;penilaian&apos; field is displayed" time="0"/>
  <testcase name="When Student click link ulasan in row" classname="Scenario: Verify &apos;penilaian&apos; field is displayed" time="0"/>
  <testcase name="Then Show penilaian dan ulasan popup" classname="Scenario: Verify &apos;penilaian&apos; field is displayed" time="0"/>
  <testcase name="Then Show penilaian field" classname="Scenario: Verify &apos;penilaian&apos; field is displayed" time="0">
    <system-out><![CDATA[
  Background:                                                                       &amp#27;[90m# features/PenilaianUlasan.feature:4&amp#27;[0m
    &amp#27;[32mGiven &amp#27;[0m&amp#27;[32mUser open the website GuruMu&amp#27;[0m                                              &amp#27;[90m# LoginSteps.userOpenTheWebsiteGuruMu()&amp#27;[0m
    &amp#27;[32mWhen &amp#27;[0m&amp#27;[32mUser click avatar navigation&amp#27;[0m                                               &amp#27;[90m# LoginSteps.userClickAvatarNavigation()&amp#27;[0m
    &amp#27;[32mAnd &amp#27;[0m&amp#27;[32mUser click menu Masuk&amp#27;[0m                                                       &amp#27;[90m# LoginSteps.userClickMenuMasuk()&amp#27;[0m
    &amp#27;[32mAnd &amp#27;[0m&amp#27;[32mUser input "&amp#27;[0m&amp#27;[32m&amp#27;[1msucimurid@gmail.com&amp#27;[0m&amp#27;[32m" as email and input "&amp#27;[0m&amp#27;[32m&amp#27;[1msucimurid&amp#27;[0m&amp#27;[32m" as password&amp#27;[0m &amp#27;[90m# LoginSteps.inputCredential(String,String)&amp#27;[0m
    &amp#27;[32mAnd &amp#27;[0m&amp#27;[32mUser clicked masuk button&amp#27;[0m                                                   &amp#27;[90m# LoginSteps.userClickMasukButton()&amp#27;[0m
    &amp#27;[32mWhen &amp#27;[0m&amp#27;[32mUser move to History Murid Page&amp#27;[0m                                            &amp#27;[90m# PenilaianUlasanSteps.userMoveToHistoryMuridPage()&amp#27;[0m
    &amp#27;[32mAnd &amp#27;[0m&amp#27;[32mStudent click Riwayat submenu&amp#27;[0m                                               &amp#27;[90m# PenilaianUlasanSteps.studentClickRiwayatSubmenu()&amp#27;[0m
    &amp#27;[32mAnd &amp#27;[0m&amp#27;[32mSub menu Riwayat is active&amp#27;[0m                                                  &amp#27;[90m# PenilaianUlasanSteps.subMenuRiwayatIsActive()&amp#27;[0m
    &amp#27;[32mWhen &amp#27;[0m&amp#27;[32mStudent click link ulasan in row&amp#27;[0m                                           &amp#27;[90m# PenilaianUlasanSteps.studentClickLinkUlasanInRowAsTeacher()&amp#27;[0m
    &amp#27;[32mThen &amp#27;[0m&amp#27;[32mShow penilaian dan ulasan popup&amp#27;[0m                                            &amp#27;[90m# PenilaianUlasanSteps.showPenilaianDanUlasanPopup()&amp#27;[0m
]]></system-out>
  </testcase>
  <testcase name="" classname="Scenario: Verify &apos;penilaian&apos; field is displayed" time="0.11"/>
  <testcase name="Given User open the website GuruMu" classname="Scenario: Verify &apos;nilai&apos; button is displayed" time="0">
    <system-out><![CDATA[
  Scenario: Verify 'penilaian' field is displayed &amp#27;[90m# features/PenilaianUlasan.feature:25&amp#27;[0m
    &amp#27;[32mThen &amp#27;[0m&amp#27;[32mShow penilaian field&amp#27;[0m                     &amp#27;[90m# PenilaianUlasanSteps.showPenilaianField()&amp#27;[0m
]]></system-out>
    <system-err><![CDATA[Starting ChromeDriver 110.0.5481.77 (65ed616c6e8ee3fe0ad64fe83796c020644d42af-refs/branch-heads/5481@{#839}) on port 51508
Only local connections are allowed.
Please see https://chromedriver.chromium.org/security-considerations for suggestions on keeping ChromeDriver safe.
ChromeDriver was started successfully.
[1676550357.483][WARNING]: virtual void DevToolsClientImpl::AddListener(DevToolsEventListener *) subscribing a listener to the already connected DevToolsClient. Connection notification will not arrive.
Feb 16, 2023 7:25:57 PM org.openqa.selenium.remote.ProtocolHandshake createSession
INFO: Detected dialect: W3C
Feb 16, 2023 7:25:57 PM org.openqa.selenium.devtools.CdpVersionFinder findNearestMatch
WARNING: Unable to find an exact match for CDP version 110, so returning the closest version found: a no-op implementation
Feb 16, 2023 7:25:57 PM org.openqa.selenium.devtools.CdpVersionFinder findNearestMatch
INFO: Unable to find CDP implementation matching 110.
Feb 16, 2023 7:25:57 PM org.openqa.selenium.chromium.ChromiumDriver lambda$new$3
WARNING: Unable to find version of CDP to use for . You may need to include a dependency on a specific version of the CDP using something similar to `org.seleniumhq.selenium:selenium-devtools-v86:4.1.2` where the version ("v86") matches the version of the chromium-based browser you're using and the version number of the artifact is the same as Selenium's.
]]></system-err>
  </testcase>
  <testcase name="When User click avatar navigation" classname="Scenario: Verify &apos;nilai&apos; button is displayed" time="0"/>
  <testcase name="And User click menu Masuk" classname="Scenario: Verify &apos;nilai&apos; button is displayed" time="0"/>
  <testcase name="And User input &quot;sucimurid@gmail.com&quot; as email and input &quot;sucimurid&quot; as password" classname="Scenario: Verify &apos;nilai&apos; button is displayed" time="0"/>
  <testcase name="And User clicked masuk button" classname="Scenario: Verify &apos;nilai&apos; button is displayed" time="0"/>
  <testcase name="When User move to History Murid Page" classname="Scenario: Verify &apos;nilai&apos; button is displayed" time="0.003">
    <error message="no such element: Unable to locate element: {&quot;method&quot;:&quot;xpath&quot;,&quot;selector&quot;:&quot;//h2[@class=&apos;swal2-title&apos;]&quot;}&#10;  (Session info: chrome=110.0.5481.100)&#10;For documentation on this error, please visit: https://selenium.dev/exceptions/#no_such_element&#10;Build info: version: &apos;4.1.2&apos;, revision: &apos;9a5a329c5a&apos;&#10;System info: host: &apos;nsystem-mbp&apos;, ip: &apos;fe80:0:0:0:ce7:beec:a50b:8367%en0&apos;, os.name: &apos;Mac OS X&apos;, os.arch: &apos;x86_64&apos;, os.version: &apos;10.16&apos;, java.version: &apos;1.8.0_201&apos;&#10;Driver info: org.openqa.selenium.chrome.ChromeDriver&#10;Command: [9ae6fca09647f15d5502c58f3eede6d5, findElement {using=xpath, value=//h2[@class=&apos;swal2-title&apos;]}]&#10;Capabilities {acceptInsecureCerts: false, browserName: chrome, browserVersion: 110.0.5481.100, chrome: {chromedriverVersion: 110.0.5481.77 (65ed616c6e8e..., userDataDir: /var/folders/00/xzw63_pj58g...}, goog:chromeOptions: {debuggerAddress: localhost:64307}, javascriptEnabled: true, networkConnectionEnabled: false, pageLoadStrategy: normal, platform: MAC, platformName: MAC, proxy: Proxy(), se:cdp: ws://localhost:64307/devtoo..., se:cdpVersion: 110.0.5481.100, setWindowRect: true, strictFileInteractability: false, timeouts: {implicit: 0, pageLoad: 300000, script: 30000}, unhandledPromptBehavior: dismiss and notify, webauthn:extension:credBlob: true, webauthn:extension:largeBlob: true, webauthn:virtualAuthenticators: true}&#10;Session ID: 9ae6fca09647f15d5502c58f3eede6d5" type="org.openqa.selenium.NoSuchElementException"><![CDATA[org.openqa.selenium.NoSuchElementException: 
no such element: Unable to locate element: {"method":"xpath","selector":"//h2[@class='swal2-title']"}
  (Session info: chrome=110.0.5481.100)
For documentation on this error, please visit: https://selenium.dev/exceptions/#no_such_element
Build info: version: '4.1.2', revision: '9a5a329c5a'
System info: host: 'nsystem-mbp', ip: 'fe80:0:0:0:ce7:beec:a50b:8367%en0', os.name: 'Mac OS X', os.arch: 'x86_64', os.version: '10.16', java.version: '1.8.0_201'
Driver info: org.openqa.selenium.chrome.ChromeDriver
Command: [9ae6fca09647f15d5502c58f3eede6d5, findElement {using=xpath, value=//h2[@class='swal2-title']}]
Capabilities {acceptInsecureCerts: false, browserName: chrome, browserVersion: 110.0.5481.100, chrome: {chromedriverVersion: 110.0.5481.77 (65ed616c6e8e..., userDataDir: /var/folders/00/xzw63_pj58g...}, goog:chromeOptions: {debuggerAddress: localhost:64307}, javascriptEnabled: true, networkConnectionEnabled: false, pageLoadStrategy: normal, platform: MAC, platformName: MAC, proxy: Proxy(), se:cdp: ws://localhost:64307/devtoo..., se:cdpVersion: 110.0.5481.100, setWindowRect: true, strictFileInteractability: false, timeouts: {implicit: 0, pageLoad: 300000, script: 30000}, unhandledPromptBehavior: dismiss and notify, webauthn:extension:credBlob: true, webauthn:extension:largeBlob: true, webauthn:virtualAuthenticators: true}
Session ID: 9ae6fca09647f15d5502c58f3eede6d5
]]></error>
  </testcase>
  <testcase name="" classname="Scenario: Verify &apos;nilai&apos; button is displayed" time="0.003">
    <error message="no such element: Unable to locate element: {&quot;method&quot;:&quot;xpath&quot;,&quot;selector&quot;:&quot;//h2[@class=&apos;swal2-title&apos;]&quot;}&#10;  (Session info: chrome=110.0.5481.100)&#10;For documentation on this error, please visit: https://selenium.dev/exceptions/#no_such_element&#10;Build info: version: &apos;4.1.2&apos;, revision: &apos;9a5a329c5a&apos;&#10;System info: host: &apos;nsystem-mbp&apos;, ip: &apos;fe80:0:0:0:ce7:beec:a50b:8367%en0&apos;, os.name: &apos;Mac OS X&apos;, os.arch: &apos;x86_64&apos;, os.version: &apos;10.16&apos;, java.version: &apos;1.8.0_201&apos;&#10;Driver info: org.openqa.selenium.chrome.ChromeDriver&#10;Command: [9ae6fca09647f15d5502c58f3eede6d5, findElement {using=xpath, value=//h2[@class=&apos;swal2-title&apos;]}]&#10;Capabilities {acceptInsecureCerts: false, browserName: chrome, browserVersion: 110.0.5481.100, chrome: {chromedriverVersion: 110.0.5481.77 (65ed616c6e8e..., userDataDir: /var/folders/00/xzw63_pj58g...}, goog:chromeOptions: {debuggerAddress: localhost:64307}, javascriptEnabled: true, networkConnectionEnabled: false, pageLoadStrategy: normal, platform: MAC, platformName: MAC, proxy: Proxy(), se:cdp: ws://localhost:64307/devtoo..., se:cdpVersion: 110.0.5481.100, setWindowRect: true, strictFileInteractability: false, timeouts: {implicit: 0, pageLoad: 300000, script: 30000}, unhandledPromptBehavior: dismiss and notify, webauthn:extension:credBlob: true, webauthn:extension:largeBlob: true, webauthn:virtualAuthenticators: true}&#10;Session ID: 9ae6fca09647f15d5502c58f3eede6d5" type="org.openqa.selenium.NoSuchElementException"><![CDATA[org.openqa.selenium.NoSuchElementException: 
no such element: Unable to locate element: {"method":"xpath","selector":"//h2[@class='swal2-title']"}
  (Session info: chrome=110.0.5481.100)
For documentation on this error, please visit: https://selenium.dev/exceptions/#no_such_element
Build info: version: '4.1.2', revision: '9a5a329c5a'
System info: host: 'nsystem-mbp', ip: 'fe80:0:0:0:ce7:beec:a50b:8367%en0', os.name: 'Mac OS X', os.arch: 'x86_64', os.version: '10.16', java.version: '1.8.0_201'
Driver info: org.openqa.selenium.chrome.ChromeDriver
Command: [9ae6fca09647f15d5502c58f3eede6d5, findElement {using=xpath, value=//h2[@class='swal2-title']}]
Capabilities {acceptInsecureCerts: false, browserName: chrome, browserVersion: 110.0.5481.100, chrome: {chromedriverVersion: 110.0.5481.77 (65ed616c6e8e..., userDataDir: /var/folders/00/xzw63_pj58g...}, goog:chromeOptions: {debuggerAddress: localhost:64307}, javascriptEnabled: true, networkConnectionEnabled: false, pageLoadStrategy: normal, platform: MAC, platformName: MAC, proxy: Proxy(), se:cdp: ws://localhost:64307/devtoo..., se:cdpVersion: 110.0.5481.100, setWindowRect: true, strictFileInteractability: false, timeouts: {implicit: 0, pageLoad: 300000, script: 30000}, unhandledPromptBehavior: dismiss and notify, webauthn:extension:credBlob: true, webauthn:extension:largeBlob: true, webauthn:virtualAuthenticators: true}
Session ID: 9ae6fca09647f15d5502c58f3eede6d5
]]></error>
  </testcase>
  <testcase name="And Student click Riwayat submenu" classname="Scenario: Verify &apos;nilai&apos; button is displayed" time="0">
    <skipped/>
  </testcase>
  <testcase name="And Sub menu Riwayat is active" classname="Scenario: Verify &apos;nilai&apos; button is displayed" time="0">
    <skipped/>
  </testcase>
  <testcase name="When Student click link ulasan in row" classname="Scenario: Verify &apos;nilai&apos; button is displayed" time="0">
    <skipped/>
  </testcase>
  <testcase name="Then Show penilaian dan ulasan popup" classname="Scenario: Verify &apos;nilai&apos; button is displayed" time="0">
    <skipped/>
  </testcase>
  <testcase name="Then Show nilai button" classname="Scenario: Verify &apos;nilai&apos; button is displayed" time="0">
    <skipped/>
    <system-out><![CDATA[
  Background:                                                                       &amp#27;[90m# features/PenilaianUlasan.feature:4&amp#27;[0m
    &amp#27;[32mGiven &amp#27;[0m&amp#27;[32mUser open the website GuruMu&amp#27;[0m                                              &amp#27;[90m# LoginSteps.userOpenTheWebsiteGuruMu()&amp#27;[0m
    &amp#27;[32mWhen &amp#27;[0m&amp#27;[32mUser click avatar navigation&amp#27;[0m                                               &amp#27;[90m# LoginSteps.userClickAvatarNavigation()&amp#27;[0m
    &amp#27;[32mAnd &amp#27;[0m&amp#27;[32mUser click menu Masuk&amp#27;[0m                                                       &amp#27;[90m# LoginSteps.userClickMenuMasuk()&amp#27;[0m
    &amp#27;[32mAnd &amp#27;[0m&amp#27;[32mUser input "&amp#27;[0m&amp#27;[32m&amp#27;[1msucimurid@gmail.com&amp#27;[0m&amp#27;[32m" as email and input "&amp#27;[0m&amp#27;[32m&amp#27;[1msucimurid&amp#27;[0m&amp#27;[32m" as password&amp#27;[0m &amp#27;[90m# LoginSteps.inputCredential(String,String)&amp#27;[0m
    &amp#27;[32mAnd &amp#27;[0m&amp#27;[32mUser clicked masuk button&amp#27;[0m                                                   &amp#27;[90m# LoginSteps.userClickMasukButton()&amp#27;[0m
    &amp#27;[31mWhen &amp#27;[0m&amp#27;[31mUser move to History Murid Page&amp#27;[0m                                            &amp#27;[90m# PenilaianUlasanSteps.userMoveToHistoryMuridPage()&amp#27;[0m
      &amp#27;[31morg.openqa.selenium.NoSuchElementException: no such element: Unable to locate element: {"method":"xpath","selector":"//h2[@class='swal2-title']"}
        (Session info: chrome=110.0.5481.100)
      For documentation on this error, please visit: https://selenium.dev/exceptions/#no_such_element
      Build info: version: '4.1.2', revision: '9a5a329c5a'
      System info: host: 'nsystem-mbp', ip: 'fe80:0:0:0:ce7:beec:a50b:8367%en0', os.name: 'Mac OS X', os.arch: 'x86_64', os.version: '10.16', java.version: '1.8.0_201'
      Driver info: org.openqa.selenium.chrome.ChromeDriver
      Command: [9ae6fca09647f15d5502c58f3eede6d5, findElement {using=xpath, value=//h2[@class='swal2-title']}]
      Capabilities {acceptInsecureCerts: false, browserName: chrome, browserVersion: 110.0.5481.100, chrome: {chromedriverVersion: 110.0.5481.77 (65ed616c6e8e..., userDataDir: /var/folders/00/xzw63_pj58g...}, goog:chromeOptions: {debuggerAddress: localhost:64307}, javascriptEnabled: true, networkConnectionEnabled: false, pageLoadStrategy: normal, platform: MAC, platformName: MAC, proxy: Proxy(), se:cdp: ws://localhost:64307/devtoo..., se:cdpVersion: 110.0.5481.100, setWindowRect: true, strictFileInteractability: false, timeouts: {implicit: 0, pageLoad: 300000, script: 30000}, unhandledPromptBehavior: dismiss and notify, webauthn:extension:credBlob: true, webauthn:extension:largeBlob: true, webauthn:virtualAuthenticators: true}
      Session ID: 9ae6fca09647f15d5502c58f3eede6d5
      	at sun.reflect.GeneratedConstructorAccessor38.newInstance(Unknown Source)
      	at sun.reflect.DelegatingConstructorAccessorImpl.newInstance(DelegatingConstructorAccessorImpl.java:45)
      	at java.lang.reflect.Constructor.newInstance(Constructor.java:423)
      	at org.openqa.selenium.remote.codec.w3c.W3CHttpResponseCodec.createException(W3CHttpResponseCodec.java:200)
      	at org.openqa.selenium.remote.codec.w3c.W3CHttpResponseCodec.decode(W3CHttpResponseCodec.java:133)
      	at org.openqa.selenium.remote.codec.w3c.W3CHttpResponseCodec.decode(W3CHttpResponseCodec.java:53)
      	at org.openqa.selenium.remote.HttpCommandExecutor.execute(HttpCommandExecutor.java:184)
      	at org.openqa.selenium.remote.service.DriverCommandExecutor.invokeExecute(DriverCommandExecutor.java:167)
      	at org.openqa.selenium.remote.service.DriverCommandExecutor.execute(DriverCommandExecutor.java:142)
      	at org.openqa.selenium.remote.RemoteWebDriver.execute(RemoteWebDriver.java:558)
      	at org.openqa.selenium.remote.ElementLocation$ElementFinder$2.findElement(ElementLocation.java:162)
      	at org.openqa.selenium.remote.ElementLocation.findElement(ElementLocation.java:60)
      	at org.openqa.selenium.remote.RemoteWebDriver.findElement(RemoteWebDriver.java:382)
      	at org.openqa.selenium.remote.RemoteWebDriver.findElement(RemoteWebDriver.java:374)
      	at org.openqa.selenium.support.pagefactory.DefaultElementLocator.findElement(DefaultElementLocator.java:70)
      	at org.openqa.selenium.support.pagefactory.internal.LocatingElementHandler.invoke(LocatingElementHandler.java:39)
      	at com.sun.proxy.$Proxy21.isDisplayed(Unknown Source)
      	at org.example.pageObject.BerandaPage.successMessageIsDisplayed(BerandaPage.java:169)
      	at step_definitions.PenilaianUlasanSteps.userMoveToHistoryMuridPage(PenilaianUlasanSteps.java:174)
      	at ✽.When User move to History Murid Page(features/PenilaianUlasan.feature:10)
      &amp#27;[0m
    &amp#27;[36mAnd &amp#27;[0m&amp#27;[36mStudent click Riwayat submenu&amp#27;[0m                                               &amp#27;[90m# PenilaianUlasanSteps.studentClickRiwayatSubmenu()&amp#27;[0m
    &amp#27;[36mAnd &amp#27;[0m&amp#27;[36mSub menu Riwayat is active&amp#27;[0m                                                  &amp#27;[90m# PenilaianUlasanSteps.subMenuRiwayatIsActive()&amp#27;[0m
    &amp#27;[36mWhen &amp#27;[0m&amp#27;[36mStudent click link ulasan in row&amp#27;[0m                                           &amp#27;[90m# PenilaianUlasanSteps.studentClickLinkUlasanInRowAsTeacher()&amp#27;[0m
    &amp#27;[36mThen &amp#27;[0m&amp#27;[36mShow penilaian dan ulasan popup&amp#27;[0m                                            &amp#27;[90m# PenilaianUlasanSteps.showPenilaianDanUlasanPopup()&amp#27;[0m
]]></system-out>
  </testcase>
  <testcase name="Given User open the website GuruMu" classname="Scenario: Verify &apos;ulasan&apos; field is enabled" time="0">
    <system-out><![CDATA[
  Scenario: Verify 'nilai' button is displayed &amp#27;[90m# features/PenilaianUlasan.feature:28&amp#27;[0m
    &amp#27;[36mThen &amp#27;[0m&amp#27;[36mShow nilai button&amp#27;[0m                     &amp#27;[90m# PenilaianUlasanSteps.showNilaiButton()&amp#27;[0m
]]></system-out>
    <system-err><![CDATA[Starting ChromeDriver 110.0.5481.77 (65ed616c6e8ee3fe0ad64fe83796c020644d42af-refs/branch-heads/5481@{#839}) on port 55260
Only local connections are allowed.
Please see https://chromedriver.chromium.org/security-considerations for suggestions on keeping ChromeDriver safe.
ChromeDriver was started successfully.
[1676550380.074][WARNING]: virtual void DevToolsClientImpl::AddListener(DevToolsEventListener *) subscribing a listener to the already connected DevToolsClient. Connection notification will not arrive.
Feb 16, 2023 7:26:20 PM org.openqa.selenium.remote.ProtocolHandshake createSession
INFO: Detected dialect: W3C
Feb 16, 2023 7:26:20 PM org.openqa.selenium.devtools.CdpVersionFinder findNearestMatch
WARNING: Unable to find an exact match for CDP version 110, so returning the closest version found: a no-op implementation
Feb 16, 2023 7:26:20 PM org.openqa.selenium.devtools.CdpVersionFinder findNearestMatch
INFO: Unable to find CDP implementation matching 110.
Feb 16, 2023 7:26:20 PM org.openqa.selenium.chromium.ChromiumDriver lambda$new$3
WARNING: Unable to find version of CDP to use for . You may need to include a dependency on a specific version of the CDP using something similar to `org.seleniumhq.selenium:selenium-devtools-v86:4.1.2` where the version ("v86") matches the version of the chromium-based browser you're using and the version number of the artifact is the same as Selenium's.
]]></system-err>
  </testcase>
  <testcase name="When User click avatar navigation" classname="Scenario: Verify &apos;ulasan&apos; field is enabled" time="0.001"/>
  <testcase name="And User click menu Masuk" classname="Scenario: Verify &apos;ulasan&apos; field is enabled" time="0"/>
  <testcase name="And User input &quot;sucimurid@gmail.com&quot; as email and input &quot;sucimurid&quot; as password" classname="Scenario: Verify &apos;ulasan&apos; field is enabled" time="0"/>
  <testcase name="And User clicked masuk button" classname="Scenario: Verify &apos;ulasan&apos; field is enabled" time="0"/>
  <testcase name="When User move to History Murid Page" classname="Scenario: Verify &apos;ulasan&apos; field is enabled" time="0"/>
  <testcase name="And Student click Riwayat submenu" classname="Scenario: Verify &apos;ulasan&apos; field is enabled" time="0"/>
  <testcase name="And Sub menu Riwayat is active" classname="Scenario: Verify &apos;ulasan&apos; field is enabled" time="0"/>
  <testcase name="When Student click link ulasan in row" classname="Scenario: Verify &apos;ulasan&apos; field is enabled" time="0"/>
  <testcase name="Then Show penilaian dan ulasan popup" classname="Scenario: Verify &apos;ulasan&apos; field is enabled" time="0"/>
  <testcase name="Then Ulasan field is enabled" classname="Scenario: Verify &apos;ulasan&apos; field is enabled" time="0">
    <system-out><![CDATA[
  Background:                                                                       &amp#27;[90m# features/PenilaianUlasan.feature:4&amp#27;[0m
    &amp#27;[32mGiven &amp#27;[0m&amp#27;[32mUser open the website GuruMu&amp#27;[0m                                              &amp#27;[90m# LoginSteps.userOpenTheWebsiteGuruMu()&amp#27;[0m
    &amp#27;[32mWhen &amp#27;[0m&amp#27;[32mUser click avatar navigation&amp#27;[0m                                               &amp#27;[90m# LoginSteps.userClickAvatarNavigation()&amp#27;[0m
    &amp#27;[32mAnd &amp#27;[0m&amp#27;[32mUser click menu Masuk&amp#27;[0m                                                       &amp#27;[90m# LoginSteps.userClickMenuMasuk()&amp#27;[0m
    &amp#27;[32mAnd &amp#27;[0m&amp#27;[32mUser input "&amp#27;[0m&amp#27;[32m&amp#27;[1msucimurid@gmail.com&amp#27;[0m&amp#27;[32m" as email and input "&amp#27;[0m&amp#27;[32m&amp#27;[1msucimurid&amp#27;[0m&amp#27;[32m" as password&amp#27;[0m &amp#27;[90m# LoginSteps.inputCredential(String,String)&amp#27;[0m
    &amp#27;[32mAnd &amp#27;[0m&amp#27;[32mUser clicked masuk button&amp#27;[0m                                                   &amp#27;[90m# LoginSteps.userClickMasukButton()&amp#27;[0m
    &amp#27;[32mWhen &amp#27;[0m&amp#27;[32mUser move to History Murid Page&amp#27;[0m                                            &amp#27;[90m# PenilaianUlasanSteps.userMoveToHistoryMuridPage()&amp#27;[0m
    &amp#27;[32mAnd &amp#27;[0m&amp#27;[32mStudent click Riwayat submenu&amp#27;[0m                                               &amp#27;[90m# PenilaianUlasanSteps.studentClickRiwayatSubmenu()&amp#27;[0m
    &amp#27;[32mAnd &amp#27;[0m&amp#27;[32mSub menu Riwayat is active&amp#27;[0m                                                  &amp#27;[90m# PenilaianUlasanSteps.subMenuRiwayatIsActive()&amp#27;[0m
    &amp#27;[32mWhen &amp#27;[0m&amp#27;[32mStudent click link ulasan in row&amp#27;[0m                                           &amp#27;[90m# PenilaianUlasanSteps.studentClickLinkUlasanInRowAsTeacher()&amp#27;[0m
    &amp#27;[32mThen &amp#27;[0m&amp#27;[32mShow penilaian dan ulasan popup&amp#27;[0m                                            &amp#27;[90m# PenilaianUlasanSteps.showPenilaianDanUlasanPopup()&amp#27;[0m
]]></system-out>
  </testcase>
  <testcase name="" classname="Scenario: Verify &apos;ulasan&apos; field is enabled" time="0.118"/>
  <testcase name="Given User open the website GuruMu" classname="| keren |" time="0">
    <system-out><![CDATA[
  @PenilaianUlasan @Test
  Scenario Outline: Input number in 'ulasan' field &amp#27;[90m# features/PenilaianUlasan.feature:46&amp#27;[0m
    &amp#27;[36mWhen &amp#27;[0m&amp#27;[36mStudent input "&amp#27;[0m&amp#27;[36m&amp#27;[1m1&amp#27;[0m&amp#27;[36m" in ulasan field&amp#27;[0m         &amp#27;[90m# PenilaianUlasanSteps.studentInputInUlasanField(String)&amp#27;[0m
    &amp#27;[36mThen &amp#27;[0m&amp#27;[36mUlasan field value is "&amp#27;[0m&amp#27;[36m&amp#27;[1m1&amp#27;[0m&amp#27;[36m"&amp#27;[0m                 &amp#27;[90m# PenilaianUlasanSteps.ulasanFieldValueIs(String)&amp#27;[0m

  Scenario Outline: Input alphabet in 'ulasan' field &amp#27;[90m# features/PenilaianUlasan.feature:48&amp#27;[0m
    &amp#27;[36mWhen &amp#27;[0m&amp#27;[36mStudent input "<ulasan>" in ulasan field&amp#27;[0m
    &amp#27;[36mThen &amp#27;[0m&amp#27;[36mUlasan field value is "<ulasan>"&amp#27;[0m

    Examples: 
]]></system-out>
    <system-err><![CDATA[Starting ChromeDriver 110.0.5481.77 (65ed616c6e8ee3fe0ad64fe83796c020644d42af-refs/branch-heads/5481@{#839}) on port 61774
Only local connections are allowed.
Please see https://chromedriver.chromium.org/security-considerations for suggestions on keeping ChromeDriver safe.
ChromeDriver was started successfully.
[1676550456.758][WARNING]: virtual void DevToolsClientImpl::AddListener(DevToolsEventListener *) subscribing a listener to the already connected DevToolsClient. Connection notification will not arrive.
Feb 16, 2023 7:27:36 PM org.openqa.selenium.remote.ProtocolHandshake createSession
INFO: Detected dialect: W3C
Feb 16, 2023 7:27:37 PM org.openqa.selenium.devtools.CdpVersionFinder findNearestMatch
WARNING: Unable to find an exact match for CDP version 110, so returning the closest version found: a no-op implementation
Feb 16, 2023 7:27:37 PM org.openqa.selenium.devtools.CdpVersionFinder findNearestMatch
INFO: Unable to find CDP implementation matching 110.
Feb 16, 2023 7:27:37 PM org.openqa.selenium.chromium.ChromiumDriver lambda$new$3
WARNING: Unable to find version of CDP to use for . You may need to include a dependency on a specific version of the CDP using something similar to `org.seleniumhq.selenium:selenium-devtools-v86:4.1.2` where the version ("v86") matches the version of the chromium-based browser you're using and the version number of the artifact is the same as Selenium's.
]]></system-err>
  </testcase>
  <testcase name="Given User open the website GuruMu" classname="| keren |" time="0">
    <system-out><![CDATA[
  @PenilaianUlasan @Test
  Scenario Outline: Input number in 'penilaian' field &amp#27;[90m# features/PenilaianUlasan.feature:78&amp#27;[0m
    &amp#27;[36mWhen &amp#27;[0m&amp#27;[36mStudent input "&amp#27;[0m&amp#27;[36m&amp#27;[1m1&amp#27;[0m&amp#27;[36m" in penilaian field&amp#27;[0m         &amp#27;[90m# PenilaianUlasanSteps.studentInputInPenilaianField(String)&amp#27;[0m
    &amp#27;[36mThen &amp#27;[0m&amp#27;[36mPenilaian field value is "&amp#27;[0m&amp#27;[36m&amp#27;[1m1&amp#27;[0m&amp#27;[36m"&amp#27;[0m                 &amp#27;[90m# PenilaianUlasanSteps.penilaianFieldValueIs(String)&amp#27;[0m

  Scenario Outline: Input alphabet in 'penilaian' field &amp#27;[90m# features/PenilaianUlasan.feature:80&amp#27;[0m
    &amp#27;[36mWhen &amp#27;[0m&amp#27;[36mStudent input "<penilaian>" in penilaian field&amp#27;[0m
    &amp#27;[36mThen &amp#27;[0m&amp#27;[36mPenilaian field value is ""&amp#27;[0m

    Examples: 
]]></system-out>
    <system-err><![CDATA[Starting ChromeDriver 110.0.5481.77 (65ed616c6e8ee3fe0ad64fe83796c020644d42af-refs/branch-heads/5481@{#839}) on port 60080
Only local connections are allowed.
Please see https://chromedriver.chromium.org/security-considerations for suggestions on keeping ChromeDriver safe.
ChromeDriver was started successfully.
[1676550609.621][WARNING]: virtual void DevToolsClientImpl::AddListener(DevToolsEventListener *) subscribing a listener to the already connected DevToolsClient. Connection notification will not arrive.
Feb 16, 2023 7:30:09 PM org.openqa.selenium.remote.ProtocolHandshake createSession
INFO: Detected dialect: W3C
Feb 16, 2023 7:30:09 PM org.openqa.selenium.devtools.CdpVersionFinder findNearestMatch
WARNING: Unable to find an exact match for CDP version 110, so returning the closest version found: a no-op implementation
Feb 16, 2023 7:30:09 PM org.openqa.selenium.devtools.CdpVersionFinder findNearestMatch
INFO: Unable to find CDP implementation matching 110.
Feb 16, 2023 7:30:09 PM org.openqa.selenium.chromium.ChromiumDriver lambda$new$3
WARNING: Unable to find version of CDP to use for . You may need to include a dependency on a specific version of the CDP using something similar to `org.seleniumhq.selenium:selenium-devtools-v86:4.1.2` where the version ("v86") matches the version of the chromium-based browser you're using and the version number of the artifact is the same as Selenium's.
]]></system-err>
  </testcase>
  <testcase name="When User click avatar navigation" classname="| keren |" time="0"/>
  <testcase name="When User click avatar navigation" classname="| keren |" time="0.001"/>
  <testcase name="And User click menu Masuk" classname="| keren |" time="0"/>
  <testcase name="And User click menu Masuk" classname="| keren |" time="0"/>
  <testcase name="And User input &quot;sucimurid@gmail.com&quot; as email and input &quot;sucimurid&quot; as password" classname="| keren |" time="0"/>
  <testcase name="And User input &quot;sucimurid@gmail.com&quot; as email and input &quot;sucimurid&quot; as password" classname="| keren |" time="0.001"/>
  <testcase name="And User clicked masuk button" classname="| keren |" time="0.001"/>
  <testcase name="And User clicked masuk button" classname="| keren |" time="0"/>
  <testcase name="When User move to History Murid Page" classname="| keren |" time="0"/>
  <testcase name="When User move to History Murid Page" classname="| keren |" time="0.001">
    <error message="no such element: Unable to locate element: {&quot;method&quot;:&quot;xpath&quot;,&quot;selector&quot;:&quot;//h2[@class=&apos;swal2-title&apos;]&quot;}&#10;  (Session info: chrome=110.0.5481.100)&#10;For documentation on this error, please visit: https://selenium.dev/exceptions/#no_such_element&#10;Build info: version: &apos;4.1.2&apos;, revision: &apos;9a5a329c5a&apos;&#10;System info: host: &apos;nsystem-mbp&apos;, ip: &apos;fe80:0:0:0:ce7:beec:a50b:8367%en0&apos;, os.name: &apos;Mac OS X&apos;, os.arch: &apos;x86_64&apos;, os.version: &apos;10.16&apos;, java.version: &apos;1.8.0_201&apos;&#10;Driver info: org.openqa.selenium.chrome.ChromeDriver&#10;Command: [fdae731a50a92ca9db6de5d491d9e30e, findElement {using=xpath, value=//h2[@class=&apos;swal2-title&apos;]}]&#10;Capabilities {acceptInsecureCerts: false, browserName: chrome, browserVersion: 110.0.5481.100, chrome: {chromedriverVersion: 110.0.5481.77 (65ed616c6e8e..., userDataDir: /var/folders/00/xzw63_pj58g...}, goog:chromeOptions: {debuggerAddress: localhost:64507}, javascriptEnabled: true, networkConnectionEnabled: false, pageLoadStrategy: normal, platform: MAC, platformName: MAC, proxy: Proxy(), se:cdp: ws://localhost:64507/devtoo..., se:cdpVersion: 110.0.5481.100, setWindowRect: true, strictFileInteractability: false, timeouts: {implicit: 0, pageLoad: 300000, script: 30000}, unhandledPromptBehavior: dismiss and notify, webauthn:extension:credBlob: true, webauthn:extension:largeBlob: true, webauthn:virtualAuthenticators: true}&#10;Session ID: fdae731a50a92ca9db6de5d491d9e30e" type="org.openqa.selenium.NoSuchElementException"><![CDATA[org.openqa.selenium.NoSuchElementException: 
no such element: Unable to locate element: {"method":"xpath","selector":"//h2[@class='swal2-title']"}
  (Session info: chrome=110.0.5481.100)
For documentation on this error, please visit: https://selenium.dev/exceptions/#no_such_element
Build info: version: '4.1.2', revision: '9a5a329c5a'
System info: host: 'nsystem-mbp', ip: 'fe80:0:0:0:ce7:beec:a50b:8367%en0', os.name: 'Mac OS X', os.arch: 'x86_64', os.version: '10.16', java.version: '1.8.0_201'
Driver info: org.openqa.selenium.chrome.ChromeDriver
Command: [fdae731a50a92ca9db6de5d491d9e30e, findElement {using=xpath, value=//h2[@class='swal2-title']}]
Capabilities {acceptInsecureCerts: false, browserName: chrome, browserVersion: 110.0.5481.100, chrome: {chromedriverVersion: 110.0.5481.77 (65ed616c6e8e..., userDataDir: /var/folders/00/xzw63_pj58g...}, goog:chromeOptions: {debuggerAddress: localhost:64507}, javascriptEnabled: true, networkConnectionEnabled: false, pageLoadStrategy: normal, platform: MAC, platformName: MAC, proxy: Proxy(), se:cdp: ws://localhost:64507/devtoo..., se:cdpVersion: 110.0.5481.100, setWindowRect: true, strictFileInteractability: false, timeouts: {implicit: 0, pageLoad: 300000, script: 30000}, unhandledPromptBehavior: dismiss and notify, webauthn:extension:credBlob: true, webauthn:extension:largeBlob: true, webauthn:virtualAuthenticators: true}
Session ID: fdae731a50a92ca9db6de5d491d9e30e
]]></error>
  </testcase>
  <testcase name="And Student click Riwayat submenu" classname="| keren |" time="0.003">
    <error message="no such element: Unable to locate element: {&quot;method&quot;:&quot;css selector&quot;,&quot;selector&quot;:&quot;#bp4\-tab\-title_undefined_tab\-2&quot;}&#10;  (Session info: chrome=110.0.5481.100)&#10;For documentation on this error, please visit: https://selenium.dev/exceptions/#no_such_element&#10;Build info: version: &apos;4.1.2&apos;, revision: &apos;9a5a329c5a&apos;&#10;System info: host: &apos;nsystem-mbp&apos;, ip: &apos;fe80:0:0:0:ce7:beec:a50b:8367%en0&apos;, os.name: &apos;Mac OS X&apos;, os.arch: &apos;x86_64&apos;, os.version: &apos;10.16&apos;, java.version: &apos;1.8.0_201&apos;&#10;Driver info: org.openqa.selenium.chrome.ChromeDriver&#10;Command: [98ce85a802d1052b18e8c47c23989789, findElement {using=id, value=bp4-tab-title_undefined_tab-2}]&#10;Capabilities {acceptInsecureCerts: false, browserName: chrome, browserVersion: 110.0.5481.100, chrome: {chromedriverVersion: 110.0.5481.77 (65ed616c6e8e..., userDataDir: /var/folders/00/xzw63_pj58g...}, goog:chromeOptions: {debuggerAddress: localhost:64394}, javascriptEnabled: true, networkConnectionEnabled: false, pageLoadStrategy: normal, platform: MAC, platformName: MAC, proxy: Proxy(), se:cdp: ws://localhost:64394/devtoo..., se:cdpVersion: 110.0.5481.100, setWindowRect: true, strictFileInteractability: false, timeouts: {implicit: 0, pageLoad: 300000, script: 30000}, unhandledPromptBehavior: dismiss and notify, webauthn:extension:credBlob: true, webauthn:extension:largeBlob: true, webauthn:virtualAuthenticators: true}&#10;Session ID: 98ce85a802d1052b18e8c47c23989789" type="org.openqa.selenium.NoSuchElementException"><![CDATA[org.openqa.selenium.NoSuchElementException: 
no such element: Unable to locate element: {"method":"css selector","selector":"#bp4\-tab\-title_undefined_tab\-2"}
  (Session info: chrome=110.0.5481.100)
For documentation on this error, please visit: https://selenium.dev/exceptions/#no_such_element
Build info: version: '4.1.2', revision: '9a5a329c5a'
System info: host: 'nsystem-mbp', ip: 'fe80:0:0:0:ce7:beec:a50b:8367%en0', os.name: 'Mac OS X', os.arch: 'x86_64', os.version: '10.16', java.version: '1.8.0_201'
Driver info: org.openqa.selenium.chrome.ChromeDriver
Command: [98ce85a802d1052b18e8c47c23989789, findElement {using=id, value=bp4-tab-title_undefined_tab-2}]
Capabilities {acceptInsecureCerts: false, browserName: chrome, browserVersion: 110.0.5481.100, chrome: {chromedriverVersion: 110.0.5481.77 (65ed616c6e8e..., userDataDir: /var/folders/00/xzw63_pj58g...}, goog:chromeOptions: {debuggerAddress: localhost:64394}, javascriptEnabled: true, networkConnectionEnabled: false, pageLoadStrategy: normal, platform: MAC, platformName: MAC, proxy: Proxy(), se:cdp: ws://localhost:64394/devtoo..., se:cdpVersion: 110.0.5481.100, setWindowRect: true, strictFileInteractability: false, timeouts: {implicit: 0, pageLoad: 300000, script: 30000}, unhandledPromptBehavior: dismiss and notify, webauthn:extension:credBlob: true, webauthn:extension:largeBlob: true, webauthn:virtualAuthenticators: true}
Session ID: 98ce85a802d1052b18e8c47c23989789
]]></error>
  </testcase>
  <testcase name="And Student click Riwayat submenu" classname="| keren |" time="0">
    <skipped/>
  </testcase>
  <testcase name="" classname="| keren |" time="0.004">
    <error message="no such element: Unable to locate element: {&quot;method&quot;:&quot;css selector&quot;,&quot;selector&quot;:&quot;#bp4\-tab\-title_undefined_tab\-2&quot;}&#10;  (Session info: chrome=110.0.5481.100)&#10;For documentation on this error, please visit: https://selenium.dev/exceptions/#no_such_element&#10;Build info: version: &apos;4.1.2&apos;, revision: &apos;9a5a329c5a&apos;&#10;System info: host: &apos;nsystem-mbp&apos;, ip: &apos;fe80:0:0:0:ce7:beec:a50b:8367%en0&apos;, os.name: &apos;Mac OS X&apos;, os.arch: &apos;x86_64&apos;, os.version: &apos;10.16&apos;, java.version: &apos;1.8.0_201&apos;&#10;Driver info: org.openqa.selenium.chrome.ChromeDriver&#10;Command: [98ce85a802d1052b18e8c47c23989789, findElement {using=id, value=bp4-tab-title_undefined_tab-2}]&#10;Capabilities {acceptInsecureCerts: false, browserName: chrome, browserVersion: 110.0.5481.100, chrome: {chromedriverVersion: 110.0.5481.77 (65ed616c6e8e..., userDataDir: /var/folders/00/xzw63_pj58g...}, goog:chromeOptions: {debuggerAddress: localhost:64394}, javascriptEnabled: true, networkConnectionEnabled: false, pageLoadStrategy: normal, platform: MAC, platformName: MAC, proxy: Proxy(), se:cdp: ws://localhost:64394/devtoo..., se:cdpVersion: 110.0.5481.100, setWindowRect: true, strictFileInteractability: false, timeouts: {implicit: 0, pageLoad: 300000, script: 30000}, unhandledPromptBehavior: dismiss and notify, webauthn:extension:credBlob: true, webauthn:extension:largeBlob: true, webauthn:virtualAuthenticators: true}&#10;Session ID: 98ce85a802d1052b18e8c47c23989789" type="org.openqa.selenium.NoSuchElementException"><![CDATA[org.openqa.selenium.NoSuchElementException: 
no such element: Unable to locate element: {"method":"css selector","selector":"#bp4\-tab\-title_undefined_tab\-2"}
  (Session info: chrome=110.0.5481.100)
For documentation on this error, please visit: https://selenium.dev/exceptions/#no_such_element
Build info: version: '4.1.2', revision: '9a5a329c5a'
System info: host: 'nsystem-mbp', ip: 'fe80:0:0:0:ce7:beec:a50b:8367%en0', os.name: 'Mac OS X', os.arch: 'x86_64', os.version: '10.16', java.version: '1.8.0_201'
Driver info: org.openqa.selenium.chrome.ChromeDriver
Command: [98ce85a802d1052b18e8c47c23989789, findElement {using=id, value=bp4-tab-title_undefined_tab-2}]
Capabilities {acceptInsecureCerts: false, browserName: chrome, browserVersion: 110.0.5481.100, chrome: {chromedriverVersion: 110.0.5481.77 (65ed616c6e8e..., userDataDir: /var/folders/00/xzw63_pj58g...}, goog:chromeOptions: {debuggerAddress: localhost:64394}, javascriptEnabled: true, networkConnectionEnabled: false, pageLoadStrategy: normal, platform: MAC, platformName: MAC, proxy: Proxy(), se:cdp: ws://localhost:64394/devtoo..., se:cdpVersion: 110.0.5481.100, setWindowRect: true, strictFileInteractability: false, timeouts: {implicit: 0, pageLoad: 300000, script: 30000}, unhandledPromptBehavior: dismiss and notify, webauthn:extension:credBlob: true, webauthn:extension:largeBlob: true, webauthn:virtualAuthenticators: true}
Session ID: 98ce85a802d1052b18e8c47c23989789
]]></error>
  </testcase>
  <testcase name="" classname="| keren |" time="0.001">
    <error message="no such element: Unable to locate element: {&quot;method&quot;:&quot;xpath&quot;,&quot;selector&quot;:&quot;//h2[@class=&apos;swal2-title&apos;]&quot;}&#10;  (Session info: chrome=110.0.5481.100)&#10;For documentation on this error, please visit: https://selenium.dev/exceptions/#no_such_element&#10;Build info: version: &apos;4.1.2&apos;, revision: &apos;9a5a329c5a&apos;&#10;System info: host: &apos;nsystem-mbp&apos;, ip: &apos;fe80:0:0:0:ce7:beec:a50b:8367%en0&apos;, os.name: &apos;Mac OS X&apos;, os.arch: &apos;x86_64&apos;, os.version: &apos;10.16&apos;, java.version: &apos;1.8.0_201&apos;&#10;Driver info: org.openqa.selenium.chrome.ChromeDriver&#10;Command: [fdae731a50a92ca9db6de5d491d9e30e, findElement {using=xpath, value=//h2[@class=&apos;swal2-title&apos;]}]&#10;Capabilities {acceptInsecureCerts: false, browserName: chrome, browserVersion: 110.0.5481.100, chrome: {chromedriverVersion: 110.0.5481.77 (65ed616c6e8e..., userDataDir: /var/folders/00/xzw63_pj58g...}, goog:chromeOptions: {debuggerAddress: localhost:64507}, javascriptEnabled: true, networkConnectionEnabled: false, pageLoadStrategy: normal, platform: MAC, platformName: MAC, proxy: Proxy(), se:cdp: ws://localhost:64507/devtoo..., se:cdpVersion: 110.0.5481.100, setWindowRect: true, strictFileInteractability: false, timeouts: {implicit: 0, pageLoad: 300000, script: 30000}, unhandledPromptBehavior: dismiss and notify, webauthn:extension:credBlob: true, webauthn:extension:largeBlob: true, webauthn:virtualAuthenticators: true}&#10;Session ID: fdae731a50a92ca9db6de5d491d9e30e" type="org.openqa.selenium.NoSuchElementException"><![CDATA[org.openqa.selenium.NoSuchElementException: 
no such element: Unable to locate element: {"method":"xpath","selector":"//h2[@class='swal2-title']"}
  (Session info: chrome=110.0.5481.100)
For documentation on this error, please visit: https://selenium.dev/exceptions/#no_such_element
Build info: version: '4.1.2', revision: '9a5a329c5a'
System info: host: 'nsystem-mbp', ip: 'fe80:0:0:0:ce7:beec:a50b:8367%en0', os.name: 'Mac OS X', os.arch: 'x86_64', os.version: '10.16', java.version: '1.8.0_201'
Driver info: org.openqa.selenium.chrome.ChromeDriver
Command: [fdae731a50a92ca9db6de5d491d9e30e, findElement {using=xpath, value=//h2[@class='swal2-title']}]
Capabilities {acceptInsecureCerts: false, browserName: chrome, browserVersion: 110.0.5481.100, chrome: {chromedriverVersion: 110.0.5481.77 (65ed616c6e8e..., userDataDir: /var/folders/00/xzw63_pj58g...}, goog:chromeOptions: {debuggerAddress: localhost:64507}, javascriptEnabled: true, networkConnectionEnabled: false, pageLoadStrategy: normal, platform: MAC, platformName: MAC, proxy: Proxy(), se:cdp: ws://localhost:64507/devtoo..., se:cdpVersion: 110.0.5481.100, setWindowRect: true, strictFileInteractability: false, timeouts: {implicit: 0, pageLoad: 300000, script: 30000}, unhandledPromptBehavior: dismiss and notify, webauthn:extension:credBlob: true, webauthn:extension:largeBlob: true, webauthn:virtualAuthenticators: true}
Session ID: fdae731a50a92ca9db6de5d491d9e30e
]]></error>
  </testcase>
  <testcase name="And Sub menu Riwayat is active" classname="| keren |" time="0">
    <skipped/>
  </testcase>
  <testcase name="And Sub menu Riwayat is active" classname="| keren |" time="0">
    <skipped/>
  </testcase>
  <testcase name="When Student click link ulasan in row" classname="| keren |" time="0">
    <skipped/>
  </testcase>
  <testcase name="When Student click link ulasan in row" classname="| keren |" time="0">
    <skipped/>
  </testcase>
  <testcase name="Then Show penilaian dan ulasan popup" classname="| keren |" time="0">
    <skipped/>
  </testcase>
  <testcase name="Then Show penilaian dan ulasan popup" classname="| keren |" time="0">
    <skipped/>
  </testcase>
  <testcase name="When Student input &quot;keren&quot; in ulasan field" classname="| keren |" time="0">
    <skipped/>
    <system-out><![CDATA[
  Background:                                                                       &amp#27;[90m# features/PenilaianUlasan.feature:4&amp#27;[0m
    &amp#27;[32mGiven &amp#27;[0m&amp#27;[32mUser open the website GuruMu&amp#27;[0m                                              &amp#27;[90m# LoginSteps.userOpenTheWebsiteGuruMu()&amp#27;[0m
    &amp#27;[32mWhen &amp#27;[0m&amp#27;[32mUser click avatar navigation&amp#27;[0m                                               &amp#27;[90m# LoginSteps.userClickAvatarNavigation()&amp#27;[0m
    &amp#27;[32mAnd &amp#27;[0m&amp#27;[32mUser click menu Masuk&amp#27;[0m                                                       &amp#27;[90m# LoginSteps.userClickMenuMasuk()&amp#27;[0m
    &amp#27;[32mAnd &amp#27;[0m&amp#27;[32mUser input "&amp#27;[0m&amp#27;[32m&amp#27;[1msucimurid@gmail.com&amp#27;[0m&amp#27;[32m" as email and input "&amp#27;[0m&amp#27;[32m&amp#27;[1msucimurid&amp#27;[0m&amp#27;[32m" as password&amp#27;[0m &amp#27;[90m# LoginSteps.inputCredential(String,String)&amp#27;[0m
    &amp#27;[32mAnd &amp#27;[0m&amp#27;[32mUser clicked masuk button&amp#27;[0m                                                   &amp#27;[90m# LoginSteps.userClickMasukButton()&amp#27;[0m
    &amp#27;[32mWhen &amp#27;[0m&amp#27;[32mUser move to History Murid Page&amp#27;[0m                                            &amp#27;[90m# PenilaianUlasanSteps.userMoveToHistoryMuridPage()&amp#27;[0m
    &amp#27;[31mAnd &amp#27;[0m&amp#27;[31mStudent click Riwayat submenu&amp#27;[0m                                               &amp#27;[90m# PenilaianUlasanSteps.studentClickRiwayatSubmenu()&amp#27;[0m
      &amp#27;[31morg.openqa.selenium.NoSuchElementException: no such element: Unable to locate element: {"method":"css selector","selector":"#bp4\-tab\-title_undefined_tab\-2"}
        (Session info: chrome=110.0.5481.100)
      For documentation on this error, please visit: https://selenium.dev/exceptions/#no_such_element
      Build info: version: '4.1.2', revision: '9a5a329c5a'
      System info: host: 'nsystem-mbp', ip: 'fe80:0:0:0:ce7:beec:a50b:8367%en0', os.name: 'Mac OS X', os.arch: 'x86_64', os.version: '10.16', java.version: '1.8.0_201'
      Driver info: org.openqa.selenium.chrome.ChromeDriver
      Command: [98ce85a802d1052b18e8c47c23989789, findElement {using=id, value=bp4-tab-title_undefined_tab-2}]
      Capabilities {acceptInsecureCerts: false, browserName: chrome, browserVersion: 110.0.5481.100, chrome: {chromedriverVersion: 110.0.5481.77 (65ed616c6e8e..., userDataDir: /var/folders/00/xzw63_pj58g...}, goog:chromeOptions: {debuggerAddress: localhost:64394}, javascriptEnabled: true, networkConnectionEnabled: false, pageLoadStrategy: normal, platform: MAC, platformName: MAC, proxy: Proxy(), se:cdp: ws://localhost:64394/devtoo..., se:cdpVersion: 110.0.5481.100, setWindowRect: true, strictFileInteractability: false, timeouts: {implicit: 0, pageLoad: 300000, script: 30000}, unhandledPromptBehavior: dismiss and notify, webauthn:extension:credBlob: true, webauthn:extension:largeBlob: true, webauthn:virtualAuthenticators: true}
      Session ID: 98ce85a802d1052b18e8c47c23989789
      	at sun.reflect.GeneratedConstructorAccessor38.newInstance(Unknown Source)
      	at sun.reflect.DelegatingConstructorAccessorImpl.newInstance(DelegatingConstructorAccessorImpl.java:45)
      	at java.lang.reflect.Constructor.newInstance(Constructor.java:423)
      	at org.openqa.selenium.remote.codec.w3c.W3CHttpResponseCodec.createException(W3CHttpResponseCodec.java:200)
      	at org.openqa.selenium.remote.codec.w3c.W3CHttpResponseCodec.decode(W3CHttpResponseCodec.java:133)
      	at org.openqa.selenium.remote.codec.w3c.W3CHttpResponseCodec.decode(W3CHttpResponseCodec.java:53)
      	at org.openqa.selenium.remote.HttpCommandExecutor.execute(HttpCommandExecutor.java:184)
      	at org.openqa.selenium.remote.service.DriverCommandExecutor.invokeExecute(DriverCommandExecutor.java:167)
      	at org.openqa.selenium.remote.service.DriverCommandExecutor.execute(DriverCommandExecutor.java:142)
      	at org.openqa.selenium.remote.RemoteWebDriver.execute(RemoteWebDriver.java:558)
      	at org.openqa.selenium.remote.ElementLocation$ElementFinder$2.findElement(ElementLocation.java:162)
      	at org.openqa.selenium.remote.ElementLocation.findElement(ElementLocation.java:60)
      	at org.openqa.selenium.remote.RemoteWebDriver.findElement(RemoteWebDriver.java:382)
      	at org.openqa.selenium.remote.RemoteWebDriver.findElement(RemoteWebDriver.java:374)
      	at org.openqa.selenium.support.pagefactory.DefaultElementLocator.findElement(DefaultElementLocator.java:70)
      	at org.openqa.selenium.support.pagefactory.internal.LocatingElementHandler.invoke(LocatingElementHandler.java:39)
      	at com.sun.proxy.$Proxy21.click(Unknown Source)
      	at org.example.pageObject.ProfilePage.clickNavbarRiwayat(ProfilePage.java:43)
      	at step_definitions.PenilaianUlasanSteps.studentClickRiwayatSubmenu(PenilaianUlasanSteps.java:186)
      	at ✽.And Student click Riwayat submenu(features/PenilaianUlasan.feature:11)
      &amp#27;[0m
    &amp#27;[36mAnd &amp#27;[0m&amp#27;[36mSub menu Riwayat is active&amp#27;[0m                                                  &amp#27;[90m# PenilaianUlasanSteps.subMenuRiwayatIsActive()&amp#27;[0m
    &amp#27;[36mWhen &amp#27;[0m&amp#27;[36mStudent click link ulasan in row&amp#27;[0m                                           &amp#27;[90m# PenilaianUlasanSteps.studentClickLinkUlasanInRowAsTeacher()&amp#27;[0m
    &amp#27;[36mThen &amp#27;[0m&amp#27;[36mShow penilaian dan ulasan popup&amp#27;[0m                                            &amp#27;[90m# PenilaianUlasanSteps.showPenilaianDanUlasanPopup()&amp#27;[0m
]]></system-out>
  </testcase>
  <testcase name="Then Ulasan field value is &quot;keren&quot;" classname="| keren |" time="0">
    <skipped/>
  </testcase>
  <testcase name="When Student input &quot;keren&quot; in penilaian field" classname="| keren |" time="0">
    <skipped/>
    <system-out><![CDATA[
  Background:                                                                       &amp#27;[90m# features/PenilaianUlasan.feature:4&amp#27;[0m
    &amp#27;[32mGiven &amp#27;[0m&amp#27;[32mUser open the website GuruMu&amp#27;[0m                                              &amp#27;[90m# LoginSteps.userOpenTheWebsiteGuruMu()&amp#27;[0m
    &amp#27;[32mWhen &amp#27;[0m&amp#27;[32mUser click avatar navigation&amp#27;[0m                                               &amp#27;[90m# LoginSteps.userClickAvatarNavigation()&amp#27;[0m
    &amp#27;[32mAnd &amp#27;[0m&amp#27;[32mUser click menu Masuk&amp#27;[0m                                                       &amp#27;[90m# LoginSteps.userClickMenuMasuk()&amp#27;[0m
    &amp#27;[32mAnd &amp#27;[0m&amp#27;[32mUser input "&amp#27;[0m&amp#27;[32m&amp#27;[1msucimurid@gmail.com&amp#27;[0m&amp#27;[32m" as email and input "&amp#27;[0m&amp#27;[32m&amp#27;[1msucimurid&amp#27;[0m&amp#27;[32m" as password&amp#27;[0m &amp#27;[90m# LoginSteps.inputCredential(String,String)&amp#27;[0m
    &amp#27;[32mAnd &amp#27;[0m&amp#27;[32mUser clicked masuk button&amp#27;[0m                                                   &amp#27;[90m# LoginSteps.userClickMasukButton()&amp#27;[0m
    &amp#27;[31mWhen &amp#27;[0m&amp#27;[31mUser move to History Murid Page&amp#27;[0m                                            &amp#27;[90m# PenilaianUlasanSteps.userMoveToHistoryMuridPage()&amp#27;[0m
      &amp#27;[31morg.openqa.selenium.NoSuchElementException: no such element: Unable to locate element: {"method":"xpath","selector":"//h2[@class='swal2-title']"}
        (Session info: chrome=110.0.5481.100)
      For documentation on this error, please visit: https://selenium.dev/exceptions/#no_such_element
      Build info: version: '4.1.2', revision: '9a5a329c5a'
      System info: host: 'nsystem-mbp', ip: 'fe80:0:0:0:ce7:beec:a50b:8367%en0', os.name: 'Mac OS X', os.arch: 'x86_64', os.version: '10.16', java.version: '1.8.0_201'
      Driver info: org.openqa.selenium.chrome.ChromeDriver
      Command: [fdae731a50a92ca9db6de5d491d9e30e, findElement {using=xpath, value=//h2[@class='swal2-title']}]
      Capabilities {acceptInsecureCerts: false, browserName: chrome, browserVersion: 110.0.5481.100, chrome: {chromedriverVersion: 110.0.5481.77 (65ed616c6e8e..., userDataDir: /var/folders/00/xzw63_pj58g...}, goog:chromeOptions: {debuggerAddress: localhost:64507}, javascriptEnabled: true, networkConnectionEnabled: false, pageLoadStrategy: normal, platform: MAC, platformName: MAC, proxy: Proxy(), se:cdp: ws://localhost:64507/devtoo..., se:cdpVersion: 110.0.5481.100, setWindowRect: true, strictFileInteractability: false, timeouts: {implicit: 0, pageLoad: 300000, script: 30000}, unhandledPromptBehavior: dismiss and notify, webauthn:extension:credBlob: true, webauthn:extension:largeBlob: true, webauthn:virtualAuthenticators: true}
      Session ID: fdae731a50a92ca9db6de5d491d9e30e
      	at sun.reflect.GeneratedConstructorAccessor38.newInstance(Unknown Source)
      	at sun.reflect.DelegatingConstructorAccessorImpl.newInstance(DelegatingConstructorAccessorImpl.java:45)
      	at java.lang.reflect.Constructor.newInstance(Constructor.java:423)
      	at org.openqa.selenium.remote.codec.w3c.W3CHttpResponseCodec.createException(W3CHttpResponseCodec.java:200)
      	at org.openqa.selenium.remote.codec.w3c.W3CHttpResponseCodec.decode(W3CHttpResponseCodec.java:133)
      	at org.openqa.selenium.remote.codec.w3c.W3CHttpResponseCodec.decode(W3CHttpResponseCodec.java:53)
      	at org.openqa.selenium.remote.HttpCommandExecutor.execute(HttpCommandExecutor.java:184)
      	at org.openqa.selenium.remote.service.DriverCommandExecutor.invokeExecute(DriverCommandExecutor.java:167)
      	at org.openqa.selenium.remote.service.DriverCommandExecutor.execute(DriverCommandExecutor.java:142)
      	at org.openqa.selenium.remote.RemoteWebDriver.execute(RemoteWebDriver.java:558)
      	at org.openqa.selenium.remote.ElementLocation$ElementFinder$2.findElement(ElementLocation.java:162)
      	at org.openqa.selenium.remote.ElementLocation.findElement(ElementLocation.java:60)
      	at org.openqa.selenium.remote.RemoteWebDriver.findElement(RemoteWebDriver.java:382)
      	at org.openqa.selenium.remote.RemoteWebDriver.findElement(RemoteWebDriver.java:374)
      	at org.openqa.selenium.support.pagefactory.DefaultElementLocator.findElement(DefaultElementLocator.java:70)
      	at org.openqa.selenium.support.pagefactory.internal.LocatingElementHandler.invoke(LocatingElementHandler.java:39)
      	at com.sun.proxy.$Proxy21.isDisplayed(Unknown Source)
      	at org.example.pageObject.BerandaPage.successMessageIsDisplayed(BerandaPage.java:169)
      	at step_definitions.PenilaianUlasanSteps.userMoveToHistoryMuridPage(PenilaianUlasanSteps.java:174)
      	at ✽.When User move to History Murid Page(features/PenilaianUlasan.feature:10)
      &amp#27;[0m
    &amp#27;[36mAnd &amp#27;[0m&amp#27;[36mStudent click Riwayat submenu&amp#27;[0m                                               &amp#27;[90m# PenilaianUlasanSteps.studentClickRiwayatSubmenu()&amp#27;[0m
    &amp#27;[36mAnd &amp#27;[0m&amp#27;[36mSub menu Riwayat is active&amp#27;[0m                                                  &amp#27;[90m# PenilaianUlasanSteps.subMenuRiwayatIsActive()&amp#27;[0m
    &amp#27;[36mWhen &amp#27;[0m&amp#27;[36mStudent click link ulasan in row&amp#27;[0m                                           &amp#27;[90m# PenilaianUlasanSteps.studentClickLinkUlasanInRowAsTeacher()&amp#27;[0m
    &amp#27;[36mThen &amp#27;[0m&amp#27;[36mShow penilaian dan ulasan popup&amp#27;[0m                                            &amp#27;[90m# PenilaianUlasanSteps.showPenilaianDanUlasanPopup()&amp#27;[0m
]]></system-out>
  </testcase>
  <testcase name="Then Penilaian field value is &quot;&quot;" classname="| keren |" time="0">
    <skipped/>
  </testcase>
  <testcase name="Given User open the website GuruMu" classname="| Abcsdsdadsdadsadsdsadasdasdasdasdasdasdasdsdasdasdasdasdasdasdasdasdasdasdasdasdasdssdsdsdsdsdadasdadasdasjdbasjkdhasjdkhasjkdgasjhfgkasjhfgahjsfgadhjsfgahjsfgashjfgasjhfgasjkfasgjhadfgasfsgkfgjhasgfasdfsdfsdfjdsgfdshjfgdshfgdshfgdshjfgaskyfgqewyurteqwiufgadsufyewuifhdsjkfhekfdfsdfdsfssdfsdfsdsazxasasds |" time="0">
    <system-out><![CDATA[
  @PenilaianUlasan @Test
  Scenario Outline: Input alphabet in 'ulasan' field &amp#27;[90m# features/PenilaianUlasan.feature:53&amp#27;[0m
    &amp#27;[36mWhen &amp#27;[0m&amp#27;[36mStudent input "&amp#27;[0m&amp#27;[36m&amp#27;[1mkeren&amp#27;[0m&amp#27;[36m" in ulasan field&amp#27;[0m       &amp#27;[90m# PenilaianUlasanSteps.studentInputInUlasanField(String)&amp#27;[0m
    &amp#27;[36mThen &amp#27;[0m&amp#27;[36mUlasan field value is "&amp#27;[0m&amp#27;[36m&amp#27;[1mkeren&amp#27;[0m&amp#27;[36m"&amp#27;[0m               &amp#27;[90m# PenilaianUlasanSteps.ulasanFieldValueIs(String)&amp#27;[0m

  Scenario Outline: Input alphabet with more than maximum allowed length on 'ulasan' field &amp#27;[90m# features/PenilaianUlasan.feature:55&amp#27;[0m
    &amp#27;[36mWhen &amp#27;[0m&amp#27;[36mStudent input "<ulasan>" in ulasan field&amp#27;[0m
    &amp#27;[36mThen &amp#27;[0m&amp#27;[36mUlasan field show alert "Maximal char 300"&amp#27;[0m

    Examples: 
]]></system-out>
    <system-err><![CDATA[Starting ChromeDriver 110.0.5481.77 (65ed616c6e8ee3fe0ad64fe83796c020644d42af-refs/branch-heads/5481@{#839}) on port 53124
Only local connections are allowed.
Please see https://chromedriver.chromium.org/security-considerations for suggestions on keeping ChromeDriver safe.
ChromeDriver was started successfully.
[1676550483.191][WARNING]: virtual void DevToolsClientImpl::AddListener(DevToolsEventListener *) subscribing a listener to the already connected DevToolsClient. Connection notification will not arrive.
Feb 16, 2023 7:28:03 PM org.openqa.selenium.remote.ProtocolHandshake createSession
INFO: Detected dialect: W3C
Feb 16, 2023 7:28:03 PM org.openqa.selenium.devtools.CdpVersionFinder findNearestMatch
WARNING: Unable to find an exact match for CDP version 110, so returning the closest version found: a no-op implementation
Feb 16, 2023 7:28:03 PM org.openqa.selenium.devtools.CdpVersionFinder findNearestMatch
INFO: Unable to find CDP implementation matching 110.
Feb 16, 2023 7:28:03 PM org.openqa.selenium.chromium.ChromiumDriver lambda$new$3
WARNING: Unable to find version of CDP to use for . You may need to include a dependency on a specific version of the CDP using something similar to `org.seleniumhq.selenium:selenium-devtools-v86:4.1.2` where the version ("v86") matches the version of the chromium-based browser you're using and the version number of the artifact is the same as Selenium's.
]]></system-err>
  </testcase>
  <testcase name="When User click avatar navigation" classname="| Abcsdsdadsdadsadsdsadasdasdasdasdasdasdasdsdasdasdasdasdasdasdasdasdasdasdasdasdasdssdsdsdsdsdadasdadasdasjdbasjkdhasjdkhasjkdgasjhfgkasjhfgahjsfgadhjsfgahjsfgashjfgasjhfgasjkfasgjhadfgasfsgkfgjhasgfasdfsdfsdfjdsgfdshjfgdshfgdshfgdshjfgaskyfgqewyurteqwiufgadsufyewuifhdsjkfhekfdfsdfdsfssdfsdfsdsazxasasds |" time="0"/>
  <testcase name="And User click menu Masuk" classname="| Abcsdsdadsdadsadsdsadasdasdasdasdasdasdasdsdasdasdasdasdasdasdasdasdasdasdasdasdasdssdsdsdsdsdadasdadasdasjdbasjkdhasjdkhasjkdgasjhfgkasjhfgahjsfgadhjsfgahjsfgashjfgasjhfgasjkfasgjhadfgasfsgkfgjhasgfasdfsdfsdfjdsgfdshjfgdshfgdshfgdshjfgaskyfgqewyurteqwiufgadsufyewuifhdsjkfhekfdfsdfdsfssdfsdfsdsazxasasds |" time="0"/>
  <testcase name="And User input &quot;sucimurid@gmail.com&quot; as email and input &quot;sucimurid&quot; as password" classname="| Abcsdsdadsdadsadsdsadasdasdasdasdasdasdasdsdasdasdasdasdasdasdasdasdasdasdasdasdasdssdsdsdsdsdadasdadasdasjdbasjkdhasjdkhasjkdgasjhfgkasjhfgahjsfgadhjsfgahjsfgashjfgasjhfgasjkfasgjhadfgasfsgkfgjhasgfasdfsdfsdfjdsgfdshjfgdshfgdshfgdshjfgaskyfgqewyurteqwiufgadsufyewuifhdsjkfhekfdfsdfdsfssdfsdfsdsazxasasds |" time="0"/>
  <testcase name="And User clicked masuk button" classname="| Abcsdsdadsdadsadsdsadasdasdasdasdasdasdasdsdasdasdasdasdasdasdasdasdasdasdasdasdasdssdsdsdsdsdadasdadasdasjdbasjkdhasjdkhasjkdgasjhfgkasjhfgahjsfgadhjsfgahjsfgashjfgasjhfgasjkfasgjhadfgasfsgkfgjhasgfasdfsdfsdfjdsgfdshjfgdshfgdshfgdshjfgaskyfgqewyurteqwiufgadsufyewuifhdsjkfhekfdfsdfdsfssdfsdfsdsazxasasds |" time="0"/>
  <testcase name="When User move to History Murid Page" classname="| Abcsdsdadsdadsadsdsadasdasdasdasdasdasdasdsdasdasdasdasdasdasdasdasdasdasdasdasdasdssdsdsdsdsdadasdadasdasjdbasjkdhasjdkhasjkdgasjhfgkasjhfgahjsfgadhjsfgahjsfgashjfgasjhfgasjkfasgjhadfgasfsgkfgjhasgfasdfsdfsdfjdsgfdshjfgdshfgdshfgdshjfgaskyfgqewyurteqwiufgadsufyewuifhdsjkfhekfdfsdfdsfssdfsdfsdsazxasasds |" time="0"/>
  <testcase name="And Student click Riwayat submenu" classname="| Abcsdsdadsdadsadsdsadasdasdasdasdasdasdasdsdasdasdasdasdasdasdasdasdasdasdasdasdasdssdsdsdsdsdadasdadasdasjdbasjkdhasjdkhasjkdgasjhfgkasjhfgahjsfgadhjsfgahjsfgashjfgasjhfgasjkfasgjhadfgasfsgkfgjhasgfasdfsdfsdfjdsgfdshjfgdshfgdshfgdshjfgaskyfgqewyurteqwiufgadsufyewuifhdsjkfhekfdfsdfdsfssdfsdfsdsazxasasds |" time="0"/>
  <testcase name="And Sub menu Riwayat is active" classname="| Abcsdsdadsdadsadsdsadasdasdasdasdasdasdasdsdasdasdasdasdasdasdasdasdasdasdasdasdasdssdsdsdsdsdadasdadasdasjdbasjkdhasjdkhasjkdgasjhfgkasjhfgahjsfgadhjsfgahjsfgashjfgasjhfgasjkfasgjhadfgasfsgkfgjhasgfasdfsdfsdfjdsgfdshjfgdshfgdshfgdshjfgaskyfgqewyurteqwiufgadsufyewuifhdsjkfhekfdfsdfdsfssdfsdfsdsazxasasds |" time="0"/>
  <testcase name="When Student click link ulasan in row" classname="| Abcsdsdadsdadsadsdsadasdasdasdasdasdasdasdsdasdasdasdasdasdasdasdasdasdasdasdasdasdssdsdsdsdsdadasdadasdasjdbasjkdhasjdkhasjkdgasjhfgkasjhfgahjsfgadhjsfgahjsfgashjfgasjhfgasjkfasgjhadfgasfsgkfgjhasgfasdfsdfsdfjdsgfdshjfgdshfgdshfgdshjfgaskyfgqewyurteqwiufgadsufyewuifhdsjkfhekfdfsdfdsfssdfsdfsdsazxasasds |" time="0"/>
  <testcase name="Then Show penilaian dan ulasan popup" classname="| Abcsdsdadsdadsadsdsadasdasdasdasdasdasdasdsdasdasdasdasdasdasdasdasdasdasdasdasdasdssdsdsdsdsdadasdadasdasjdbasjkdhasjdkhasjkdgasjhfgkasjhfgahjsfgadhjsfgahjsfgashjfgasjhfgasjkfasgjhadfgasfsgkfgjhasgfasdfsdfsdfjdsgfdshjfgdshfgdshfgdshjfgaskyfgqewyurteqwiufgadsufyewuifhdsjkfhekfdfsdfdsfssdfsdfsdsazxasasds |" time="0"/>
  <testcase name="When Student input &quot;Abcsdsdadsdadsadsdsadasdasdasdasdasdasdasdsdasdasdasdasdasdasdasdasdasdasdasdasdasdssdsdsdsdsdadasdadasdasjdbasjkdhasjdkhasjkdgasjhfgkasjhfgahjsfgadhjsfgahjsfgashjfgasjhfgasjkfasgjhadfgasfsgkfgjhasgfasdfsdfsdfjdsgfdshjfgdshfgdshfgdshjfgaskyfgqewyurteqwiufgadsufyewuifhdsjkfhekfdfsdfdsfssdfsdfsdsazxasasds&quot; in ulasan field" classname="| Abcsdsdadsdadsadsdsadasdasdasdasdasdasdasdsdasdasdasdasdasdasdasdasdasdasdasdasdasdssdsdsdsdsdadasdadasdasjdbasjkdhasjdkhasjkdgasjhfgkasjhfgahjsfgadhjsfgahjsfgashjfgasjhfgasjkfasgjhadfgasfsgkfgjhasgfasdfsdfsdfjdsgfdshjfgdshfgdshfgdshjfgaskyfgqewyurteqwiufgadsufyewuifhdsjkfhekfdfsdfdsfssdfsdfsdsazxasasds |" time="0">
    <system-out><![CDATA[
  Background:                                                                       &amp#27;[90m# features/PenilaianUlasan.feature:4&amp#27;[0m
    &amp#27;[32mGiven &amp#27;[0m&amp#27;[32mUser open the website GuruMu&amp#27;[0m                                              &amp#27;[90m# LoginSteps.userOpenTheWebsiteGuruMu()&amp#27;[0m
    &amp#27;[32mWhen &amp#27;[0m&amp#27;[32mUser click avatar navigation&amp#27;[0m                                               &amp#27;[90m# LoginSteps.userClickAvatarNavigation()&amp#27;[0m
    &amp#27;[32mAnd &amp#27;[0m&amp#27;[32mUser click menu Masuk&amp#27;[0m                                                       &amp#27;[90m# LoginSteps.userClickMenuMasuk()&amp#27;[0m
    &amp#27;[32mAnd &amp#27;[0m&amp#27;[32mUser input "&amp#27;[0m&amp#27;[32m&amp#27;[1msucimurid@gmail.com&amp#27;[0m&amp#27;[32m" as email and input "&amp#27;[0m&amp#27;[32m&amp#27;[1msucimurid&amp#27;[0m&amp#27;[32m" as password&amp#27;[0m &amp#27;[90m# LoginSteps.inputCredential(String,String)&amp#27;[0m
    &amp#27;[32mAnd &amp#27;[0m&amp#27;[32mUser clicked masuk button&amp#27;[0m                                                   &amp#27;[90m# LoginSteps.userClickMasukButton()&amp#27;[0m
    &amp#27;[32mWhen &amp#27;[0m&amp#27;[32mUser move to History Murid Page&amp#27;[0m                                            &amp#27;[90m# PenilaianUlasanSteps.userMoveToHistoryMuridPage()&amp#27;[0m
    &amp#27;[32mAnd &amp#27;[0m&amp#27;[32mStudent click Riwayat submenu&amp#27;[0m                                               &amp#27;[90m# PenilaianUlasanSteps.studentClickRiwayatSubmenu()&amp#27;[0m
    &amp#27;[32mAnd &amp#27;[0m&amp#27;[32mSub menu Riwayat is active&amp#27;[0m                                                  &amp#27;[90m# PenilaianUlasanSteps.subMenuRiwayatIsActive()&amp#27;[0m
    &amp#27;[32mWhen &amp#27;[0m&amp#27;[32mStudent click link ulasan in row&amp#27;[0m                                           &amp#27;[90m# PenilaianUlasanSteps.studentClickLinkUlasanInRowAsTeacher()&amp#27;[0m
    &amp#27;[32mThen &amp#27;[0m&amp#27;[32mShow penilaian dan ulasan popup&amp#27;[0m                                            &amp#27;[90m# PenilaianUlasanSteps.showPenilaianDanUlasanPopup()&amp#27;[0m
]]></system-out>
  </testcase>
  <testcase name="Then Ulasan field show alert &quot;Maximal char 300&quot;" classname="| Abcsdsdadsdadsadsdsadasdasdasdasdasdasdasdsdasdasdasdasdasdasdasdasdasdasdasdasdasdssdsdsdsdsdadasdadasdasjdbasjkdhasjdkhasjkdgasjhfgkasjhfgahjsfgadhjsfgahjsfgashjfgasjhfgasjkfasgjhadfgasfsgkfgjhasgfasdfsdfsdfjdsgfdshjfgdshfgdshfgdshjfgaskyfgqewyurteqwiufgadsufyewuifhdsjkfhekfdfsdfdsfssdfsdfsdsazxasasds |" time="0.002">
    <error message="invalid selector: An invalid or illegal selector was specified&#10;  (Session info: chrome=110.0.5481.100)&#10;For documentation on this error, please visit: https://selenium.dev/exceptions/#invalid_selector_exception&#10;Build info: version: &apos;4.1.2&apos;, revision: &apos;9a5a329c5a&apos;&#10;System info: host: &apos;nsystem-mbp&apos;, ip: &apos;fe80:0:0:0:ce7:beec:a50b:8367%en0&apos;, os.name: &apos;Mac OS X&apos;, os.arch: &apos;x86_64&apos;, os.version: &apos;10.16&apos;, java.version: &apos;1.8.0_201&apos;&#10;Driver info: org.openqa.selenium.chrome.ChromeDriver&#10;Command: [27c9c71f0ebf90e86c1ea42d24b99148, findElement {using=id, value=}]&#10;Capabilities {acceptInsecureCerts: false, browserName: chrome, browserVersion: 110.0.5481.100, chrome: {chromedriverVersion: 110.0.5481.77 (65ed616c6e8e..., userDataDir: /var/folders/00/xzw63_pj58g...}, goog:chromeOptions: {debuggerAddress: localhost:64416}, javascriptEnabled: true, networkConnectionEnabled: false, pageLoadStrategy: normal, platform: MAC, platformName: MAC, proxy: Proxy(), se:cdp: ws://localhost:64416/devtoo..., se:cdpVersion: 110.0.5481.100, setWindowRect: true, strictFileInteractability: false, timeouts: {implicit: 0, pageLoad: 300000, script: 30000}, unhandledPromptBehavior: dismiss and notify, webauthn:extension:credBlob: true, webauthn:extension:largeBlob: true, webauthn:virtualAuthenticators: true}&#10;Session ID: 27c9c71f0ebf90e86c1ea42d24b99148" type="org.openqa.selenium.InvalidSelectorException"><![CDATA[org.openqa.selenium.InvalidSelectorException: 
invalid selector: An invalid or illegal selector was specified
  (Session info: chrome=110.0.5481.100)
For documentation on this error, please visit: https://selenium.dev/exceptions/#invalid_selector_exception
Build info: version: '4.1.2', revision: '9a5a329c5a'
System info: host: 'nsystem-mbp', ip: 'fe80:0:0:0:ce7:beec:a50b:8367%en0', os.name: 'Mac OS X', os.arch: 'x86_64', os.version: '10.16', java.version: '1.8.0_201'
Driver info: org.openqa.selenium.chrome.ChromeDriver
Command: [27c9c71f0ebf90e86c1ea42d24b99148, findElement {using=id, value=}]
Capabilities {acceptInsecureCerts: false, browserName: chrome, browserVersion: 110.0.5481.100, chrome: {chromedriverVersion: 110.0.5481.77 (65ed616c6e8e..., userDataDir: /var/folders/00/xzw63_pj58g...}, goog:chromeOptions: {debuggerAddress: localhost:64416}, javascriptEnabled: true, networkConnectionEnabled: false, pageLoadStrategy: normal, platform: MAC, platformName: MAC, proxy: Proxy(), se:cdp: ws://localhost:64416/devtoo..., se:cdpVersion: 110.0.5481.100, setWindowRect: true, strictFileInteractability: false, timeouts: {implicit: 0, pageLoad: 300000, script: 30000}, unhandledPromptBehavior: dismiss and notify, webauthn:extension:credBlob: true, webauthn:extension:largeBlob: true, webauthn:virtualAuthenticators: true}
Session ID: 27c9c71f0ebf90e86c1ea42d24b99148
]]></error>
  </testcase>
  <testcase name="" classname="| Abcsdsdadsdadsadsdsadasdasdasdasdasdasdasdsdasdasdasdasdasdasdasdasdasdasdasdasdasdssdsdsdsdsdadasdadasdasjdbasjkdhasjdkhasjkdgasjhfgkasjhfgahjsfgadhjsfgahjsfgashjfgasjhfgasjkfasgjhadfgasfsgkfgjhasgfasdfsdfsdfjdsgfdshjfgdshfgdshfgdshjfgaskyfgqewyurteqwiufgadsufyewuifhdsjkfhekfdfsdfdsfssdfsdfsdsazxasasds |" time="0.003">
    <error message="invalid selector: An invalid or illegal selector was specified&#10;  (Session info: chrome=110.0.5481.100)&#10;For documentation on this error, please visit: https://selenium.dev/exceptions/#invalid_selector_exception&#10;Build info: version: &apos;4.1.2&apos;, revision: &apos;9a5a329c5a&apos;&#10;System info: host: &apos;nsystem-mbp&apos;, ip: &apos;fe80:0:0:0:ce7:beec:a50b:8367%en0&apos;, os.name: &apos;Mac OS X&apos;, os.arch: &apos;x86_64&apos;, os.version: &apos;10.16&apos;, java.version: &apos;1.8.0_201&apos;&#10;Driver info: org.openqa.selenium.chrome.ChromeDriver&#10;Command: [27c9c71f0ebf90e86c1ea42d24b99148, findElement {using=id, value=}]&#10;Capabilities {acceptInsecureCerts: false, browserName: chrome, browserVersion: 110.0.5481.100, chrome: {chromedriverVersion: 110.0.5481.77 (65ed616c6e8e..., userDataDir: /var/folders/00/xzw63_pj58g...}, goog:chromeOptions: {debuggerAddress: localhost:64416}, javascriptEnabled: true, networkConnectionEnabled: false, pageLoadStrategy: normal, platform: MAC, platformName: MAC, proxy: Proxy(), se:cdp: ws://localhost:64416/devtoo..., se:cdpVersion: 110.0.5481.100, setWindowRect: true, strictFileInteractability: false, timeouts: {implicit: 0, pageLoad: 300000, script: 30000}, unhandledPromptBehavior: dismiss and notify, webauthn:extension:credBlob: true, webauthn:extension:largeBlob: true, webauthn:virtualAuthenticators: true}&#10;Session ID: 27c9c71f0ebf90e86c1ea42d24b99148" type="org.openqa.selenium.InvalidSelectorException"><![CDATA[org.openqa.selenium.InvalidSelectorException: 
invalid selector: An invalid or illegal selector was specified
  (Session info: chrome=110.0.5481.100)
For documentation on this error, please visit: https://selenium.dev/exceptions/#invalid_selector_exception
Build info: version: '4.1.2', revision: '9a5a329c5a'
System info: host: 'nsystem-mbp', ip: 'fe80:0:0:0:ce7:beec:a50b:8367%en0', os.name: 'Mac OS X', os.arch: 'x86_64', os.version: '10.16', java.version: '1.8.0_201'
Driver info: org.openqa.selenium.chrome.ChromeDriver
Command: [27c9c71f0ebf90e86c1ea42d24b99148, findElement {using=id, value=}]
Capabilities {acceptInsecureCerts: false, browserName: chrome, browserVersion: 110.0.5481.100, chrome: {chromedriverVersion: 110.0.5481.77 (65ed616c6e8e..., userDataDir: /var/folders/00/xzw63_pj58g...}, goog:chromeOptions: {debuggerAddress: localhost:64416}, javascriptEnabled: true, networkConnectionEnabled: false, pageLoadStrategy: normal, platform: MAC, platformName: MAC, proxy: Proxy(), se:cdp: ws://localhost:64416/devtoo..., se:cdpVersion: 110.0.5481.100, setWindowRect: true, strictFileInteractability: false, timeouts: {implicit: 0, pageLoad: 300000, script: 30000}, unhandledPromptBehavior: dismiss and notify, webauthn:extension:credBlob: true, webauthn:extension:largeBlob: true, webauthn:virtualAuthenticators: true}
Session ID: 27c9c71f0ebf90e86c1ea42d24b99148
]]></error>
  </testcase>
  <testcase name="Given User open the website GuruMu" classname="Scenario: Verify &apos;penilaian&apos; field is enabled" time="0">
    <system-out><![CDATA[
  @PenilaianUlasan @Test
  Scenario Outline: Input alphabet with more than maximum allowed length on 'ulasan' field                                                                                                                                                                                                                                                                &amp#27;[90m# features/PenilaianUlasan.feature:60&amp#27;[0m
    &amp#27;[32mWhen &amp#27;[0m&amp#27;[32mStudent input "&amp#27;[0m&amp#27;[32m&amp#27;[1mAbcsdsdadsdadsadsdsadasdasdasdasdasdasdasdsdasdasdasdasdasdasdasdasdasdasdasdasdasdssdsdsdsdsdadasdadasdasjdbasjkdhasjdkhasjkdgasjhfgkasjhfgahjsfgadhjsfgahjsfgashjfgasjhfgasjkfasgjhadfgasfsgkfgjhasgfasdfsdfsdfjdsgfdshjfgdshfgdshfgdshjfgaskyfgqewyurteqwiufgadsufyewuifhdsjkfhekfdfsdfdsfssdfsdfsdsazxasasds&amp#27;[0m&amp#27;[32m" in ulasan field&amp#27;[0m &amp#27;[90m# PenilaianUlasanSteps.studentInputInUlasanField(String)&amp#27;[0m
    &amp#27;[31mThen &amp#27;[0m&amp#27;[31mUlasan field show alert "&amp#27;[0m&amp#27;[31m&amp#27;[1mMaximal char 300&amp#27;[0m&amp#27;[31m"&amp#27;[0m                                                                                                                                                                                                                                                                                                       &amp#27;[90m# PenilaianUlasanSteps.ulasanFieldShowAlert(String)&amp#27;[0m
      &amp#27;[31morg.openqa.selenium.InvalidSelectorException: invalid selector: An invalid or illegal selector was specified
        (Session info: chrome=110.0.5481.100)
      For documentation on this error, please visit: https://selenium.dev/exceptions/#invalid_selector_exception
      Build info: version: '4.1.2', revision: '9a5a329c5a'
      System info: host: 'nsystem-mbp', ip: 'fe80:0:0:0:ce7:beec:a50b:8367%en0', os.name: 'Mac OS X', os.arch: 'x86_64', os.version: '10.16', java.version: '1.8.0_201'
      Driver info: org.openqa.selenium.chrome.ChromeDriver
      Command: [27c9c71f0ebf90e86c1ea42d24b99148, findElement {using=id, value=}]
      Capabilities {acceptInsecureCerts: false, browserName: chrome, browserVersion: 110.0.5481.100, chrome: {chromedriverVersion: 110.0.5481.77 (65ed616c6e8e..., userDataDir: /var/folders/00/xzw63_pj58g...}, goog:chromeOptions: {debuggerAddress: localhost:64416}, javascriptEnabled: true, networkConnectionEnabled: false, pageLoadStrategy: normal, platform: MAC, platformName: MAC, proxy: Proxy(), se:cdp: ws://localhost:64416/devtoo..., se:cdpVersion: 110.0.5481.100, setWindowRect: true, strictFileInteractability: false, timeouts: {implicit: 0, pageLoad: 300000, script: 30000}, unhandledPromptBehavior: dismiss and notify, webauthn:extension:credBlob: true, webauthn:extension:largeBlob: true, webauthn:virtualAuthenticators: true}
      Session ID: 27c9c71f0ebf90e86c1ea42d24b99148
      	at sun.reflect.NativeConstructorAccessorImpl.newInstance0(Native Method)
      	at sun.reflect.NativeConstructorAccessorImpl.newInstance(NativeConstructorAccessorImpl.java:62)
      	at sun.reflect.DelegatingConstructorAccessorImpl.newInstance(DelegatingConstructorAccessorImpl.java:45)
      	at java.lang.reflect.Constructor.newInstance(Constructor.java:423)
      	at org.openqa.selenium.remote.codec.w3c.W3CHttpResponseCodec.createException(W3CHttpResponseCodec.java:200)
      	at org.openqa.selenium.remote.codec.w3c.W3CHttpResponseCodec.decode(W3CHttpResponseCodec.java:133)
      	at org.openqa.selenium.remote.codec.w3c.W3CHttpResponseCodec.decode(W3CHttpResponseCodec.java:53)
      	at org.openqa.selenium.remote.HttpCommandExecutor.execute(HttpCommandExecutor.java:184)
      	at org.openqa.selenium.remote.service.DriverCommandExecutor.invokeExecute(DriverCommandExecutor.java:167)
      	at org.openqa.selenium.remote.service.DriverCommandExecutor.execute(DriverCommandExecutor.java:142)
      	at org.openqa.selenium.remote.RemoteWebDriver.execute(RemoteWebDriver.java:558)
      	at org.openqa.selenium.remote.ElementLocation$ElementFinder$2.findElement(ElementLocation.java:162)
      	at org.openqa.selenium.remote.ElementLocation.findElement(ElementLocation.java:60)
      	at org.openqa.selenium.remote.RemoteWebDriver.findElement(RemoteWebDriver.java:382)
      	at org.openqa.selenium.remote.RemoteWebDriver.findElement(RemoteWebDriver.java:374)
      	at org.openqa.selenium.support.pagefactory.DefaultElementLocator.findElement(DefaultElementLocator.java:70)
      	at org.openqa.selenium.support.pagefactory.internal.LocatingElementHandler.invoke(LocatingElementHandler.java:39)
      	at com.sun.proxy.$Proxy21.getText(Unknown Source)
      	at org.example.pageObject.PenilaianUlasanPage.getErrorInputUlasan(PenilaianUlasanPage.java:125)
      	at step_definitions.PenilaianUlasanSteps.ulasanFieldShowAlert(PenilaianUlasanSteps.java:127)
      	at ✽.Then Ulasan field show alert "Maximal char 300"(features/PenilaianUlasan.feature:57)
      &amp#27;[0m
]]></system-out>
    <system-err><![CDATA[Starting ChromeDriver 110.0.5481.77 (65ed616c6e8ee3fe0ad64fe83796c020644d42af-refs/branch-heads/5481@{#839}) on port 53697
Only local connections are allowed.
Please see https://chromedriver.chromium.org/security-considerations for suggestions on keeping ChromeDriver safe.
ChromeDriver was started successfully.
[1676550528.507][WARNING]: virtual void DevToolsClientImpl::AddListener(DevToolsEventListener *) subscribing a listener to the already connected DevToolsClient. Connection notification will not arrive.
Feb 16, 2023 7:28:48 PM org.openqa.selenium.remote.ProtocolHandshake createSession
INFO: Detected dialect: W3C
Feb 16, 2023 7:28:48 PM org.openqa.selenium.devtools.CdpVersionFinder findNearestMatch
WARNING: Unable to find an exact match for CDP version 110, so returning the closest version found: a no-op implementation
Feb 16, 2023 7:28:48 PM org.openqa.selenium.devtools.CdpVersionFinder findNearestMatch
INFO: Unable to find CDP implementation matching 110.
Feb 16, 2023 7:28:48 PM org.openqa.selenium.chromium.ChromiumDriver lambda$new$3
WARNING: Unable to find version of CDP to use for . You may need to include a dependency on a specific version of the CDP using something similar to `org.seleniumhq.selenium:selenium-devtools-v86:4.1.2` where the version ("v86") matches the version of the chromium-based browser you're using and the version number of the artifact is the same as Selenium's.
]]></system-err>
  </testcase>
  <testcase name="When User click avatar navigation" classname="Scenario: Verify &apos;penilaian&apos; field is enabled" time="0"/>
  <testcase name="And User click menu Masuk" classname="Scenario: Verify &apos;penilaian&apos; field is enabled" time="0"/>
  <testcase name="And User input &quot;sucimurid@gmail.com&quot; as email and input &quot;sucimurid&quot; as password" classname="Scenario: Verify &apos;penilaian&apos; field is enabled" time="0"/>
  <testcase name="And User clicked masuk button" classname="Scenario: Verify &apos;penilaian&apos; field is enabled" time="0"/>
  <testcase name="When User move to History Murid Page" classname="Scenario: Verify &apos;penilaian&apos; field is enabled" time="0"/>
  <testcase name="And Student click Riwayat submenu" classname="Scenario: Verify &apos;penilaian&apos; field is enabled" time="0"/>
  <testcase name="And Sub menu Riwayat is active" classname="Scenario: Verify &apos;penilaian&apos; field is enabled" time="0"/>
  <testcase name="When Student click link ulasan in row" classname="Scenario: Verify &apos;penilaian&apos; field is enabled" time="0"/>
  <testcase name="Then Show penilaian dan ulasan popup" classname="Scenario: Verify &apos;penilaian&apos; field is enabled" time="0"/>
  <testcase name="When Student click penilaian field" classname="Scenario: Verify &apos;penilaian&apos; field is enabled" time="0">
    <system-out><![CDATA[
  Background:                                                                       &amp#27;[90m# features/PenilaianUlasan.feature:4&amp#27;[0m
    &amp#27;[32mGiven &amp#27;[0m&amp#27;[32mUser open the website GuruMu&amp#27;[0m                                              &amp#27;[90m# LoginSteps.userOpenTheWebsiteGuruMu()&amp#27;[0m
    &amp#27;[32mWhen &amp#27;[0m&amp#27;[32mUser click avatar navigation&amp#27;[0m                                               &amp#27;[90m# LoginSteps.userClickAvatarNavigation()&amp#27;[0m
    &amp#27;[32mAnd &amp#27;[0m&amp#27;[32mUser click menu Masuk&amp#27;[0m                                                       &amp#27;[90m# LoginSteps.userClickMenuMasuk()&amp#27;[0m
    &amp#27;[32mAnd &amp#27;[0m&amp#27;[32mUser input "&amp#27;[0m&amp#27;[32m&amp#27;[1msucimurid@gmail.com&amp#27;[0m&amp#27;[32m" as email and input "&amp#27;[0m&amp#27;[32m&amp#27;[1msucimurid&amp#27;[0m&amp#27;[32m" as password&amp#27;[0m &amp#27;[90m# LoginSteps.inputCredential(String,String)&amp#27;[0m
    &amp#27;[32mAnd &amp#27;[0m&amp#27;[32mUser clicked masuk button&amp#27;[0m                                                   &amp#27;[90m# LoginSteps.userClickMasukButton()&amp#27;[0m
    &amp#27;[32mWhen &amp#27;[0m&amp#27;[32mUser move to History Murid Page&amp#27;[0m                                            &amp#27;[90m# PenilaianUlasanSteps.userMoveToHistoryMuridPage()&amp#27;[0m
    &amp#27;[32mAnd &amp#27;[0m&amp#27;[32mStudent click Riwayat submenu&amp#27;[0m                                               &amp#27;[90m# PenilaianUlasanSteps.studentClickRiwayatSubmenu()&amp#27;[0m
    &amp#27;[32mAnd &amp#27;[0m&amp#27;[32mSub menu Riwayat is active&amp#27;[0m                                                  &amp#27;[90m# PenilaianUlasanSteps.subMenuRiwayatIsActive()&amp#27;[0m
    &amp#27;[32mWhen &amp#27;[0m&amp#27;[32mStudent click link ulasan in row&amp#27;[0m                                           &amp#27;[90m# PenilaianUlasanSteps.studentClickLinkUlasanInRowAsTeacher()&amp#27;[0m
    &amp#27;[32mThen &amp#27;[0m&amp#27;[32mShow penilaian dan ulasan popup&amp#27;[0m                                            &amp#27;[90m# PenilaianUlasanSteps.showPenilaianDanUlasanPopup()&amp#27;[0m
]]></system-out>
  </testcase>
  <testcase name="Then Penilaian field is enabled" classname="Scenario: Verify &apos;penilaian&apos; field is enabled" time="0"/>
  <testcase name="" classname="Scenario: Verify &apos;penilaian&apos; field is enabled" time="0.119"/>
  <testcase name="Given User open the website GuruMu" classname="| 12121 |" time="0">
    <system-out><![CDATA[
  @PenilaianUlasan @Test
  Scenario Outline: Input alphabet in 'penilaian' field &amp#27;[90m# features/PenilaianUlasan.feature:85&amp#27;[0m
    &amp#27;[36mWhen &amp#27;[0m&amp#27;[36mStudent input "&amp#27;[0m&amp#27;[36m&amp#27;[1mkeren&amp#27;[0m&amp#27;[36m" in penilaian field&amp#27;[0m       &amp#27;[90m# PenilaianUlasanSteps.studentInputInPenilaianField(String)&amp#27;[0m
    &amp#27;[36mThen &amp#27;[0m&amp#27;[36mPenilaian field value is "&amp#27;[0m&amp#27;[36m&amp#27;[1m&amp#27;[0m&amp#27;[36m"&amp#27;[0m                    &amp#27;[90m# PenilaianUlasanSteps.penilaianFieldValueIs(String)&amp#27;[0m

  Scenario Outline: Input number with more than maximum allowed length on 'penilaian' field &amp#27;[90m# features/PenilaianUlasan.feature:87&amp#27;[0m
    &amp#27;[36mWhen &amp#27;[0m&amp#27;[36mStudent input "<penilaian>" in penilaian field&amp#27;[0m
    &amp#27;[36mAnd &amp#27;[0m&amp#27;[36mStudent click button nilai&amp#27;[0m
    &amp#27;[36mThen &amp#27;[0m&amp#27;[36mPenilaian field show alert&amp#27;[0m

    Examples: 
]]></system-out>
    <system-err><![CDATA[Starting ChromeDriver 110.0.5481.77 (65ed616c6e8ee3fe0ad64fe83796c020644d42af-refs/branch-heads/5481@{#839}) on port 56046
Only local connections are allowed.
Please see https://chromedriver.chromium.org/security-considerations for suggestions on keeping ChromeDriver safe.
ChromeDriver was started successfully.
[1676550630.644][WARNING]: virtual void DevToolsClientImpl::AddListener(DevToolsEventListener *) subscribing a listener to the already connected DevToolsClient. Connection notification will not arrive.
Feb 16, 2023 7:30:30 PM org.openqa.selenium.remote.ProtocolHandshake createSession
INFO: Detected dialect: W3C
Feb 16, 2023 7:30:30 PM org.openqa.selenium.devtools.CdpVersionFinder findNearestMatch
WARNING: Unable to find an exact match for CDP version 110, so returning the closest version found: a no-op implementation
Feb 16, 2023 7:30:30 PM org.openqa.selenium.devtools.CdpVersionFinder findNearestMatch
INFO: Unable to find CDP implementation matching 110.
Feb 16, 2023 7:30:30 PM org.openqa.selenium.chromium.ChromiumDriver lambda$new$3
WARNING: Unable to find version of CDP to use for . You may need to include a dependency on a specific version of the CDP using something similar to `org.seleniumhq.selenium:selenium-devtools-v86:4.1.2` where the version ("v86") matches the version of the chromium-based browser you're using and the version number of the artifact is the same as Selenium's.
]]></system-err>
  </testcase>
  <testcase name="When User click avatar navigation" classname="| 12121 |" time="0"/>
  <testcase name="And User click menu Masuk" classname="| 12121 |" time="0"/>
  <testcase name="And User input &quot;sucimurid@gmail.com&quot; as email and input &quot;sucimurid&quot; as password" classname="| 12121 |" time="0"/>
  <testcase name="And User clicked masuk button" classname="| 12121 |" time="0"/>
  <testcase name="When User move to History Murid Page" classname="| 12121 |" time="0"/>
  <testcase name="And Student click Riwayat submenu" classname="| 12121 |" time="0"/>
  <testcase name="And Sub menu Riwayat is active" classname="| 12121 |" time="0"/>
  <testcase name="When Student click link ulasan in row" classname="| 12121 |" time="0.004"/>
  <testcase name="Then Show penilaian dan ulasan popup" classname="| 12121 |" time="0.001"/>
  <testcase name="When Student input &quot;12121&quot; in penilaian field" classname="| 12121 |" time="0">
    <system-out><![CDATA[
  Background:                                                                       &amp#27;[90m# features/PenilaianUlasan.feature:4&amp#27;[0m
    &amp#27;[32mGiven &amp#27;[0m&amp#27;[32mUser open the website GuruMu&amp#27;[0m                                              &amp#27;[90m# LoginSteps.userOpenTheWebsiteGuruMu()&amp#27;[0m
    &amp#27;[32mWhen &amp#27;[0m&amp#27;[32mUser click avatar navigation&amp#27;[0m                                               &amp#27;[90m# LoginSteps.userClickAvatarNavigation()&amp#27;[0m
    &amp#27;[32mAnd &amp#27;[0m&amp#27;[32mUser click menu Masuk&amp#27;[0m                                                       &amp#27;[90m# LoginSteps.userClickMenuMasuk()&amp#27;[0m
    &amp#27;[32mAnd &amp#27;[0m&amp#27;[32mUser input "&amp#27;[0m&amp#27;[32m&amp#27;[1msucimurid@gmail.com&amp#27;[0m&amp#27;[32m" as email and input "&amp#27;[0m&amp#27;[32m&amp#27;[1msucimurid&amp#27;[0m&amp#27;[32m" as password&amp#27;[0m &amp#27;[90m# LoginSteps.inputCredential(String,String)&amp#27;[0m
    &amp#27;[32mAnd &amp#27;[0m&amp#27;[32mUser clicked masuk button&amp#27;[0m                                                   &amp#27;[90m# LoginSteps.userClickMasukButton()&amp#27;[0m
    &amp#27;[32mWhen &amp#27;[0m&amp#27;[32mUser move to History Murid Page&amp#27;[0m                                            &amp#27;[90m# PenilaianUlasanSteps.userMoveToHistoryMuridPage()&amp#27;[0m
    &amp#27;[32mAnd &amp#27;[0m&amp#27;[32mStudent click Riwayat submenu&amp#27;[0m                                               &amp#27;[90m# PenilaianUlasanSteps.studentClickRiwayatSubmenu()&amp#27;[0m
    &amp#27;[32mAnd &amp#27;[0m&amp#27;[32mSub menu Riwayat is active&amp#27;[0m                                                  &amp#27;[90m# PenilaianUlasanSteps.subMenuRiwayatIsActive()&amp#27;[0m
    &amp#27;[32mWhen &amp#27;[0m&amp#27;[32mStudent click link ulasan in row&amp#27;[0m                                           &amp#27;[90m# PenilaianUlasanSteps.studentClickLinkUlasanInRowAsTeacher()&amp#27;[0m
    &amp#27;[32mThen &amp#27;[0m&amp#27;[32mShow penilaian dan ulasan popup&amp#27;[0m                                            &amp#27;[90m# PenilaianUlasanSteps.showPenilaianDanUlasanPopup()&amp#27;[0m
]]></system-out>
  </testcase>
  <testcase name="And Student click button nilai" classname="| 12121 |" time="0"/>
  <testcase name="Then Penilaian field show alert" classname="| 12121 |" time="0"/>
  <testcase name="" classname="| 12121 |" time="0.117"/>
  <testcase name="Given User open the website GuruMu" classname="| 0 |" time="0">
    <system-out><![CDATA[
  @PenilaianUlasan @Test
  Scenario Outline: Input number with more than maximum allowed length on 'penilaian' field &amp#27;[90m# features/PenilaianUlasan.feature:93&amp#27;[0m
    &amp#27;[32mWhen &amp#27;[0m&amp#27;[32mStudent input "&amp#27;[0m&amp#27;[32m&amp#27;[1m12121&amp#27;[0m&amp#27;[32m" in penilaian field&amp#27;[0m                                           &amp#27;[90m# PenilaianUlasanSteps.studentInputInPenilaianField(String)&amp#27;[0m
    &amp#27;[32mAnd &amp#27;[0m&amp#27;[32mStudent click button nilai&amp#27;[0m                                                          &amp#27;[90m# PenilaianUlasanSteps.studentClickButtonNilai()&amp#27;[0m
    &amp#27;[32mThen &amp#27;[0m&amp#27;[32mPenilaian field show alert&amp#27;[0m                                                         &amp#27;[90m# PenilaianUlasanSteps.penilaianFieldShowAlert()&amp#27;[0m

  Scenario Outline: Input alphabet with less than minimum allowed length on 'penilaian' field &amp#27;[90m# features/PenilaianUlasan.feature:95&amp#27;[0m
    &amp#27;[36mWhen &amp#27;[0m&amp#27;[36mStudent input "<penilaian>" in penilaian field&amp#27;[0m
    &amp#27;[36mAnd &amp#27;[0m&amp#27;[36mStudent click button nilai&amp#27;[0m
    &amp#27;[36mThen &amp#27;[0m&amp#27;[36mPenilaian field show alert&amp#27;[0m

    Examples: 
]]></system-out>
    <system-err><![CDATA[Starting ChromeDriver 110.0.5481.77 (65ed616c6e8ee3fe0ad64fe83796c020644d42af-refs/branch-heads/5481@{#839}) on port 62008
Only local connections are allowed.
Please see https://chromedriver.chromium.org/security-considerations for suggestions on keeping ChromeDriver safe.
ChromeDriver was started successfully.
[1676550653.159][WARNING]: virtual void DevToolsClientImpl::AddListener(DevToolsEventListener *) subscribing a listener to the already connected DevToolsClient. Connection notification will not arrive.
Feb 16, 2023 7:30:53 PM org.openqa.selenium.remote.ProtocolHandshake createSession
INFO: Detected dialect: W3C
Feb 16, 2023 7:30:53 PM org.openqa.selenium.devtools.CdpVersionFinder findNearestMatch
WARNING: Unable to find an exact match for CDP version 110, so returning the closest version found: a no-op implementation
Feb 16, 2023 7:30:53 PM org.openqa.selenium.devtools.CdpVersionFinder findNearestMatch
INFO: Unable to find CDP implementation matching 110.
Feb 16, 2023 7:30:53 PM org.openqa.selenium.chromium.ChromiumDriver lambda$new$3
WARNING: Unable to find version of CDP to use for . You may need to include a dependency on a specific version of the CDP using something similar to `org.seleniumhq.selenium:selenium-devtools-v86:4.1.2` where the version ("v86") matches the version of the chromium-based browser you're using and the version number of the artifact is the same as Selenium's.
]]></system-err>
  </testcase>
  <testcase name="When User click avatar navigation" classname="| 0 |" time="0"/>
  <testcase name="And User click menu Masuk" classname="| 0 |" time="0"/>
  <testcase name="And User input &quot;sucimurid@gmail.com&quot; as email and input &quot;sucimurid&quot; as password" classname="| 0 |" time="0"/>
  <testcase name="And User clicked masuk button" classname="| 0 |" time="0"/>
  <testcase name="When User move to History Murid Page" classname="| 0 |" time="0.001"/>
  <testcase name="And Student click Riwayat submenu" classname="| 0 |" time="0.003">
    <error message="no such element: Unable to locate element: {&quot;method&quot;:&quot;css selector&quot;,&quot;selector&quot;:&quot;#bp4\-tab\-title_undefined_tab\-2&quot;}&#10;  (Session info: chrome=110.0.5481.100)&#10;For documentation on this error, please visit: https://selenium.dev/exceptions/#no_such_element&#10;Build info: version: &apos;4.1.2&apos;, revision: &apos;9a5a329c5a&apos;&#10;System info: host: &apos;nsystem-mbp&apos;, ip: &apos;fe80:0:0:0:ce7:beec:a50b:8367%en0&apos;, os.name: &apos;Mac OS X&apos;, os.arch: &apos;x86_64&apos;, os.version: &apos;10.16&apos;, java.version: &apos;1.8.0_201&apos;&#10;Driver info: org.openqa.selenium.chrome.ChromeDriver&#10;Command: [8ff38ccef4612f9b23a617647717a049, findElement {using=id, value=bp4-tab-title_undefined_tab-2}]&#10;Capabilities {acceptInsecureCerts: false, browserName: chrome, browserVersion: 110.0.5481.100, chrome: {chromedriverVersion: 110.0.5481.77 (65ed616c6e8e..., userDataDir: /var/folders/00/xzw63_pj58g...}, goog:chromeOptions: {debuggerAddress: localhost:64549}, javascriptEnabled: true, networkConnectionEnabled: false, pageLoadStrategy: normal, platform: MAC, platformName: MAC, proxy: Proxy(), se:cdp: ws://localhost:64549/devtoo..., se:cdpVersion: 110.0.5481.100, setWindowRect: true, strictFileInteractability: false, timeouts: {implicit: 0, pageLoad: 300000, script: 30000}, unhandledPromptBehavior: dismiss and notify, webauthn:extension:credBlob: true, webauthn:extension:largeBlob: true, webauthn:virtualAuthenticators: true}&#10;Session ID: 8ff38ccef4612f9b23a617647717a049" type="org.openqa.selenium.NoSuchElementException"><![CDATA[org.openqa.selenium.NoSuchElementException: 
no such element: Unable to locate element: {"method":"css selector","selector":"#bp4\-tab\-title_undefined_tab\-2"}
  (Session info: chrome=110.0.5481.100)
For documentation on this error, please visit: https://selenium.dev/exceptions/#no_such_element
Build info: version: '4.1.2', revision: '9a5a329c5a'
System info: host: 'nsystem-mbp', ip: 'fe80:0:0:0:ce7:beec:a50b:8367%en0', os.name: 'Mac OS X', os.arch: 'x86_64', os.version: '10.16', java.version: '1.8.0_201'
Driver info: org.openqa.selenium.chrome.ChromeDriver
Command: [8ff38ccef4612f9b23a617647717a049, findElement {using=id, value=bp4-tab-title_undefined_tab-2}]
Capabilities {acceptInsecureCerts: false, browserName: chrome, browserVersion: 110.0.5481.100, chrome: {chromedriverVersion: 110.0.5481.77 (65ed616c6e8e..., userDataDir: /var/folders/00/xzw63_pj58g...}, goog:chromeOptions: {debuggerAddress: localhost:64549}, javascriptEnabled: true, networkConnectionEnabled: false, pageLoadStrategy: normal, platform: MAC, platformName: MAC, proxy: Proxy(), se:cdp: ws://localhost:64549/devtoo..., se:cdpVersion: 110.0.5481.100, setWindowRect: true, strictFileInteractability: false, timeouts: {implicit: 0, pageLoad: 300000, script: 30000}, unhandledPromptBehavior: dismiss and notify, webauthn:extension:credBlob: true, webauthn:extension:largeBlob: true, webauthn:virtualAuthenticators: true}
Session ID: 8ff38ccef4612f9b23a617647717a049
]]></error>
  </testcase>
  <testcase name="" classname="| 0 |" time="0.004">
    <error message="no such element: Unable to locate element: {&quot;method&quot;:&quot;css selector&quot;,&quot;selector&quot;:&quot;#bp4\-tab\-title_undefined_tab\-2&quot;}&#10;  (Session info: chrome=110.0.5481.100)&#10;For documentation on this error, please visit: https://selenium.dev/exceptions/#no_such_element&#10;Build info: version: &apos;4.1.2&apos;, revision: &apos;9a5a329c5a&apos;&#10;System info: host: &apos;nsystem-mbp&apos;, ip: &apos;fe80:0:0:0:ce7:beec:a50b:8367%en0&apos;, os.name: &apos;Mac OS X&apos;, os.arch: &apos;x86_64&apos;, os.version: &apos;10.16&apos;, java.version: &apos;1.8.0_201&apos;&#10;Driver info: org.openqa.selenium.chrome.ChromeDriver&#10;Command: [8ff38ccef4612f9b23a617647717a049, findElement {using=id, value=bp4-tab-title_undefined_tab-2}]&#10;Capabilities {acceptInsecureCerts: false, browserName: chrome, browserVersion: 110.0.5481.100, chrome: {chromedriverVersion: 110.0.5481.77 (65ed616c6e8e..., userDataDir: /var/folders/00/xzw63_pj58g...}, goog:chromeOptions: {debuggerAddress: localhost:64549}, javascriptEnabled: true, networkConnectionEnabled: false, pageLoadStrategy: normal, platform: MAC, platformName: MAC, proxy: Proxy(), se:cdp: ws://localhost:64549/devtoo..., se:cdpVersion: 110.0.5481.100, setWindowRect: true, strictFileInteractability: false, timeouts: {implicit: 0, pageLoad: 300000, script: 30000}, unhandledPromptBehavior: dismiss and notify, webauthn:extension:credBlob: true, webauthn:extension:largeBlob: true, webauthn:virtualAuthenticators: true}&#10;Session ID: 8ff38ccef4612f9b23a617647717a049" type="org.openqa.selenium.NoSuchElementException"><![CDATA[org.openqa.selenium.NoSuchElementException: 
no such element: Unable to locate element: {"method":"css selector","selector":"#bp4\-tab\-title_undefined_tab\-2"}
  (Session info: chrome=110.0.5481.100)
For documentation on this error, please visit: https://selenium.dev/exceptions/#no_such_element
Build info: version: '4.1.2', revision: '9a5a329c5a'
System info: host: 'nsystem-mbp', ip: 'fe80:0:0:0:ce7:beec:a50b:8367%en0', os.name: 'Mac OS X', os.arch: 'x86_64', os.version: '10.16', java.version: '1.8.0_201'
Driver info: org.openqa.selenium.chrome.ChromeDriver
Command: [8ff38ccef4612f9b23a617647717a049, findElement {using=id, value=bp4-tab-title_undefined_tab-2}]
Capabilities {acceptInsecureCerts: false, browserName: chrome, browserVersion: 110.0.5481.100, chrome: {chromedriverVersion: 110.0.5481.77 (65ed616c6e8e..., userDataDir: /var/folders/00/xzw63_pj58g...}, goog:chromeOptions: {debuggerAddress: localhost:64549}, javascriptEnabled: true, networkConnectionEnabled: false, pageLoadStrategy: normal, platform: MAC, platformName: MAC, proxy: Proxy(), se:cdp: ws://localhost:64549/devtoo..., se:cdpVersion: 110.0.5481.100, setWindowRect: true, strictFileInteractability: false, timeouts: {implicit: 0, pageLoad: 300000, script: 30000}, unhandledPromptBehavior: dismiss and notify, webauthn:extension:credBlob: true, webauthn:extension:largeBlob: true, webauthn:virtualAuthenticators: true}
Session ID: 8ff38ccef4612f9b23a617647717a049
]]></error>
  </testcase>
  <testcase name="And Sub menu Riwayat is active" classname="| 0 |" time="0">
    <skipped/>
  </testcase>
  <testcase name="When Student click link ulasan in row" classname="| 0 |" time="0">
    <skipped/>
  </testcase>
  <testcase name="Then Show penilaian dan ulasan popup" classname="| 0 |" time="0">
    <skipped/>
  </testcase>
  <testcase name="When Student input &quot;0&quot; in penilaian field" classname="| 0 |" time="0">
    <skipped/>
    <system-out><![CDATA[
  Background:                                                                       &amp#27;[90m# features/PenilaianUlasan.feature:4&amp#27;[0m
    &amp#27;[32mGiven &amp#27;[0m&amp#27;[32mUser open the website GuruMu&amp#27;[0m                                              &amp#27;[90m# LoginSteps.userOpenTheWebsiteGuruMu()&amp#27;[0m
    &amp#27;[32mWhen &amp#27;[0m&amp#27;[32mUser click avatar navigation&amp#27;[0m                                               &amp#27;[90m# LoginSteps.userClickAvatarNavigation()&amp#27;[0m
    &amp#27;[32mAnd &amp#27;[0m&amp#27;[32mUser click menu Masuk&amp#27;[0m                                                       &amp#27;[90m# LoginSteps.userClickMenuMasuk()&amp#27;[0m
    &amp#27;[32mAnd &amp#27;[0m&amp#27;[32mUser input "&amp#27;[0m&amp#27;[32m&amp#27;[1msucimurid@gmail.com&amp#27;[0m&amp#27;[32m" as email and input "&amp#27;[0m&amp#27;[32m&amp#27;[1msucimurid&amp#27;[0m&amp#27;[32m" as password&amp#27;[0m &amp#27;[90m# LoginSteps.inputCredential(String,String)&amp#27;[0m
    &amp#27;[32mAnd &amp#27;[0m&amp#27;[32mUser clicked masuk button&amp#27;[0m                                                   &amp#27;[90m# LoginSteps.userClickMasukButton()&amp#27;[0m
    &amp#27;[32mWhen &amp#27;[0m&amp#27;[32mUser move to History Murid Page&amp#27;[0m                                            &amp#27;[90m# PenilaianUlasanSteps.userMoveToHistoryMuridPage()&amp#27;[0m
    &amp#27;[31mAnd &amp#27;[0m&amp#27;[31mStudent click Riwayat submenu&amp#27;[0m                                               &amp#27;[90m# PenilaianUlasanSteps.studentClickRiwayatSubmenu()&amp#27;[0m
      &amp#27;[31morg.openqa.selenium.NoSuchElementException: no such element: Unable to locate element: {"method":"css selector","selector":"#bp4\-tab\-title_undefined_tab\-2"}
        (Session info: chrome=110.0.5481.100)
      For documentation on this error, please visit: https://selenium.dev/exceptions/#no_such_element
      Build info: version: '4.1.2', revision: '9a5a329c5a'
      System info: host: 'nsystem-mbp', ip: 'fe80:0:0:0:ce7:beec:a50b:8367%en0', os.name: 'Mac OS X', os.arch: 'x86_64', os.version: '10.16', java.version: '1.8.0_201'
      Driver info: org.openqa.selenium.chrome.ChromeDriver
      Command: [8ff38ccef4612f9b23a617647717a049, findElement {using=id, value=bp4-tab-title_undefined_tab-2}]
      Capabilities {acceptInsecureCerts: false, browserName: chrome, browserVersion: 110.0.5481.100, chrome: {chromedriverVersion: 110.0.5481.77 (65ed616c6e8e..., userDataDir: /var/folders/00/xzw63_pj58g...}, goog:chromeOptions: {debuggerAddress: localhost:64549}, javascriptEnabled: true, networkConnectionEnabled: false, pageLoadStrategy: normal, platform: MAC, platformName: MAC, proxy: Proxy(), se:cdp: ws://localhost:64549/devtoo..., se:cdpVersion: 110.0.5481.100, setWindowRect: true, strictFileInteractability: false, timeouts: {implicit: 0, pageLoad: 300000, script: 30000}, unhandledPromptBehavior: dismiss and notify, webauthn:extension:credBlob: true, webauthn:extension:largeBlob: true, webauthn:virtualAuthenticators: true}
      Session ID: 8ff38ccef4612f9b23a617647717a049
      	at sun.reflect.GeneratedConstructorAccessor38.newInstance(Unknown Source)
      	at sun.reflect.DelegatingConstructorAccessorImpl.newInstance(DelegatingConstructorAccessorImpl.java:45)
      	at java.lang.reflect.Constructor.newInstance(Constructor.java:423)
      	at org.openqa.selenium.remote.codec.w3c.W3CHttpResponseCodec.createException(W3CHttpResponseCodec.java:200)
      	at org.openqa.selenium.remote.codec.w3c.W3CHttpResponseCodec.decode(W3CHttpResponseCodec.java:133)
      	at org.openqa.selenium.remote.codec.w3c.W3CHttpResponseCodec.decode(W3CHttpResponseCodec.java:53)
      	at org.openqa.selenium.remote.HttpCommandExecutor.execute(HttpCommandExecutor.java:184)
      	at org.openqa.selenium.remote.service.DriverCommandExecutor.invokeExecute(DriverCommandExecutor.java:167)
      	at org.openqa.selenium.remote.service.DriverCommandExecutor.execute(DriverCommandExecutor.java:142)
      	at org.openqa.selenium.remote.RemoteWebDriver.execute(RemoteWebDriver.java:558)
      	at org.openqa.selenium.remote.ElementLocation$ElementFinder$2.findElement(ElementLocation.java:162)
      	at org.openqa.selenium.remote.ElementLocation.findElement(ElementLocation.java:60)
      	at org.openqa.selenium.remote.RemoteWebDriver.findElement(RemoteWebDriver.java:382)
      	at org.openqa.selenium.remote.RemoteWebDriver.findElement(RemoteWebDriver.java:374)
      	at org.openqa.selenium.support.pagefactory.DefaultElementLocator.findElement(DefaultElementLocator.java:70)
      	at org.openqa.selenium.support.pagefactory.internal.LocatingElementHandler.invoke(LocatingElementHandler.java:39)
      	at com.sun.proxy.$Proxy21.click(Unknown Source)
      	at org.example.pageObject.ProfilePage.clickNavbarRiwayat(ProfilePage.java:43)
      	at step_definitions.PenilaianUlasanSteps.studentClickRiwayatSubmenu(PenilaianUlasanSteps.java:186)
      	at ✽.And Student click Riwayat submenu(features/PenilaianUlasan.feature:11)
      &amp#27;[0m
    &amp#27;[36mAnd &amp#27;[0m&amp#27;[36mSub menu Riwayat is active&amp#27;[0m                                                  &amp#27;[90m# PenilaianUlasanSteps.subMenuRiwayatIsActive()&amp#27;[0m
    &amp#27;[36mWhen &amp#27;[0m&amp#27;[36mStudent click link ulasan in row&amp#27;[0m                                           &amp#27;[90m# PenilaianUlasanSteps.studentClickLinkUlasanInRowAsTeacher()&amp#27;[0m
    &amp#27;[36mThen &amp#27;[0m&amp#27;[36mShow penilaian dan ulasan popup&amp#27;[0m                                            &amp#27;[90m# PenilaianUlasanSteps.showPenilaianDanUlasanPopup()&amp#27;[0m
]]></system-out>
  </testcase>
  <testcase name="And Student click button nilai" classname="| 0 |" time="0">
    <skipped/>
  </testcase>
  <testcase name="Then Penilaian field show alert" classname="| 0 |" time="0">
    <skipped/>
  </testcase>
  <testcase name="Given User open the website GuruMu" classname="| 1 | 5 |" time="0">
    <system-out><![CDATA[
  @PenilaianUlasan @Test
  Scenario Outline: Input alphabet with less than minimum allowed length on 'penilaian' field &amp#27;[90m# features/PenilaianUlasan.feature:101&amp#27;[0m
    &amp#27;[36mWhen &amp#27;[0m&amp#27;[36mStudent input "&amp#27;[0m&amp#27;[36m&amp#27;[1m0&amp#27;[0m&amp#27;[36m" in penilaian field&amp#27;[0m                                                 &amp#27;[90m# PenilaianUlasanSteps.studentInputInPenilaianField(String)&amp#27;[0m
    &amp#27;[36mAnd &amp#27;[0m&amp#27;[36mStudent click button nilai&amp#27;[0m                                                            &amp#27;[90m# PenilaianUlasanSteps.studentClickButtonNilai()&amp#27;[0m
    &amp#27;[36mThen &amp#27;[0m&amp#27;[36mPenilaian field show alert&amp#27;[0m                                                           &amp#27;[90m# PenilaianUlasanSteps.penilaianFieldShowAlert()&amp#27;[0m

  #  Penilaian & Ulasan Functionality
  Scenario Outline: Rating & review with input number in 'ulasan' field and 'penilaian' field &amp#27;[90m# features/PenilaianUlasan.feature:104&amp#27;[0m
    &amp#27;[36mWhen &amp#27;[0m&amp#27;[36mStudent input "<ulasan>" as ulasan&amp#27;[0m
    &amp#27;[36mAnd &amp#27;[0m&amp#27;[36mStudent input "<penilaian>" as penilaian&amp#27;[0m
    &amp#27;[36mAnd &amp#27;[0m&amp#27;[36mStudent click button nilai&amp#27;[0m
    &amp#27;[36mThen &amp#27;[0m&amp#27;[36mUser will see "Succes" in beranda page&amp#27;[0m

    Examples: 
]]></system-out>
    <system-err><![CDATA[Starting ChromeDriver 110.0.5481.77 (65ed616c6e8ee3fe0ad64fe83796c020644d42af-refs/branch-heads/5481@{#839}) on port 61564
Only local connections are allowed.
Please see https://chromedriver.chromium.org/security-considerations for suggestions on keeping ChromeDriver safe.
ChromeDriver was started successfully.
[1676550677.338][WARNING]: virtual void DevToolsClientImpl::AddListener(DevToolsEventListener *) subscribing a listener to the already connected DevToolsClient. Connection notification will not arrive.
Feb 16, 2023 7:31:17 PM org.openqa.selenium.remote.ProtocolHandshake createSession
INFO: Detected dialect: W3C
Feb 16, 2023 7:31:17 PM org.openqa.selenium.devtools.CdpVersionFinder findNearestMatch
WARNING: Unable to find an exact match for CDP version 110, so returning the closest version found: a no-op implementation
Feb 16, 2023 7:31:17 PM org.openqa.selenium.devtools.CdpVersionFinder findNearestMatch
INFO: Unable to find CDP implementation matching 110.
Feb 16, 2023 7:31:17 PM org.openqa.selenium.chromium.ChromiumDriver lambda$new$3
WARNING: Unable to find version of CDP to use for . You may need to include a dependency on a specific version of the CDP using something similar to `org.seleniumhq.selenium:selenium-devtools-v86:4.1.2` where the version ("v86") matches the version of the chromium-based browser you're using and the version number of the artifact is the same as Selenium's.
]]></system-err>
  </testcase>
  <testcase name="When User click avatar navigation" classname="| 1 | 5 |" time="0"/>
  <testcase name="And User click menu Masuk" classname="| 1 | 5 |" time="0"/>
  <testcase name="And User input &quot;sucimurid@gmail.com&quot; as email and input &quot;sucimurid&quot; as password" classname="| 1 | 5 |" time="0"/>
  <testcase name="And User clicked masuk button" classname="| 1 | 5 |" time="0"/>
  <testcase name="When User move to History Murid Page" classname="| 1 | 5 |" time="0"/>
  <testcase name="And Student click Riwayat submenu" classname="| 1 | 5 |" time="0"/>
  <testcase name="And Sub menu Riwayat is active" classname="| 1 | 5 |" time="0"/>
  <testcase name="When Student click link ulasan in row" classname="| 1 | 5 |" time="0"/>
  <testcase name="Then Show penilaian dan ulasan popup" classname="| 1 | 5 |" time="0"/>
  <testcase name="When Student input &quot;1&quot; as ulasan" classname="| 1 | 5 |" time="0">
    <system-out><![CDATA[
  Background:                                                                       &amp#27;[90m# features/PenilaianUlasan.feature:4&amp#27;[0m
    &amp#27;[32mGiven &amp#27;[0m&amp#27;[32mUser open the website GuruMu&amp#27;[0m                                              &amp#27;[90m# LoginSteps.userOpenTheWebsiteGuruMu()&amp#27;[0m
    &amp#27;[32mWhen &amp#27;[0m&amp#27;[32mUser click avatar navigation&amp#27;[0m                                               &amp#27;[90m# LoginSteps.userClickAvatarNavigation()&amp#27;[0m
    &amp#27;[32mAnd &amp#27;[0m&amp#27;[32mUser click menu Masuk&amp#27;[0m                                                       &amp#27;[90m# LoginSteps.userClickMenuMasuk()&amp#27;[0m
    &amp#27;[32mAnd &amp#27;[0m&amp#27;[32mUser input "&amp#27;[0m&amp#27;[32m&amp#27;[1msucimurid@gmail.com&amp#27;[0m&amp#27;[32m" as email and input "&amp#27;[0m&amp#27;[32m&amp#27;[1msucimurid&amp#27;[0m&amp#27;[32m" as password&amp#27;[0m &amp#27;[90m# LoginSteps.inputCredential(String,String)&amp#27;[0m
    &amp#27;[32mAnd &amp#27;[0m&amp#27;[32mUser clicked masuk button&amp#27;[0m                                                   &amp#27;[90m# LoginSteps.userClickMasukButton()&amp#27;[0m
    &amp#27;[32mWhen &amp#27;[0m&amp#27;[32mUser move to History Murid Page&amp#27;[0m                                            &amp#27;[90m# PenilaianUlasanSteps.userMoveToHistoryMuridPage()&amp#27;[0m
    &amp#27;[32mAnd &amp#27;[0m&amp#27;[32mStudent click Riwayat submenu&amp#27;[0m                                               &amp#27;[90m# PenilaianUlasanSteps.studentClickRiwayatSubmenu()&amp#27;[0m
    &amp#27;[32mAnd &amp#27;[0m&amp#27;[32mSub menu Riwayat is active&amp#27;[0m                                                  &amp#27;[90m# PenilaianUlasanSteps.subMenuRiwayatIsActive()&amp#27;[0m
    &amp#27;[32mWhen &amp#27;[0m&amp#27;[32mStudent click link ulasan in row&amp#27;[0m                                           &amp#27;[90m# PenilaianUlasanSteps.studentClickLinkUlasanInRowAsTeacher()&amp#27;[0m
    &amp#27;[32mThen &amp#27;[0m&amp#27;[32mShow penilaian dan ulasan popup&amp#27;[0m                                            &amp#27;[90m# PenilaianUlasanSteps.showPenilaianDanUlasanPopup()&amp#27;[0m
]]></system-out>
  </testcase>
  <testcase name="And Student input &quot;5&quot; as penilaian" classname="| 1 | 5 |" time="0"/>
  <testcase name="And Student click button nilai" classname="| 1 | 5 |" time="0"/>
  <testcase name="Then User will see &quot;Succes&quot; in beranda page" classname="| 1 | 5 |" time="0.002">
    <error message="no such element: Unable to locate element: {&quot;method&quot;:&quot;css selector&quot;,&quot;selector&quot;:&quot;.swal2-title&quot;}&#10;  (Session info: chrome=110.0.5481.100)&#10;For documentation on this error, please visit: https://selenium.dev/exceptions/#no_such_element&#10;Build info: version: &apos;4.1.2&apos;, revision: &apos;9a5a329c5a&apos;&#10;System info: host: &apos;nsystem-mbp&apos;, ip: &apos;fe80:0:0:0:ce7:beec:a50b:8367%en0&apos;, os.name: &apos;Mac OS X&apos;, os.arch: &apos;x86_64&apos;, os.version: &apos;10.16&apos;, java.version: &apos;1.8.0_201&apos;&#10;Driver info: org.openqa.selenium.chrome.ChromeDriver&#10;Command: [cb6cd386abe6a8605edfbdaf9128d8a7, findElement {using=css selector, value=.swal2-title}]&#10;Capabilities {acceptInsecureCerts: false, browserName: chrome, browserVersion: 110.0.5481.100, chrome: {chromedriverVersion: 110.0.5481.77 (65ed616c6e8e..., userDataDir: /var/folders/00/xzw63_pj58g...}, goog:chromeOptions: {debuggerAddress: localhost:64571}, javascriptEnabled: true, networkConnectionEnabled: false, pageLoadStrategy: normal, platform: MAC, platformName: MAC, proxy: Proxy(), se:cdp: ws://localhost:64571/devtoo..., se:cdpVersion: 110.0.5481.100, setWindowRect: true, strictFileInteractability: false, timeouts: {implicit: 0, pageLoad: 300000, script: 30000}, unhandledPromptBehavior: dismiss and notify, webauthn:extension:credBlob: true, webauthn:extension:largeBlob: true, webauthn:virtualAuthenticators: true}&#10;Session ID: cb6cd386abe6a8605edfbdaf9128d8a7" type="org.openqa.selenium.NoSuchElementException"><![CDATA[org.openqa.selenium.NoSuchElementException: 
no such element: Unable to locate element: {"method":"css selector","selector":".swal2-title"}
  (Session info: chrome=110.0.5481.100)
For documentation on this error, please visit: https://selenium.dev/exceptions/#no_such_element
Build info: version: '4.1.2', revision: '9a5a329c5a'
System info: host: 'nsystem-mbp', ip: 'fe80:0:0:0:ce7:beec:a50b:8367%en0', os.name: 'Mac OS X', os.arch: 'x86_64', os.version: '10.16', java.version: '1.8.0_201'
Driver info: org.openqa.selenium.chrome.ChromeDriver
Command: [cb6cd386abe6a8605edfbdaf9128d8a7, findElement {using=css selector, value=.swal2-title}]
Capabilities {acceptInsecureCerts: false, browserName: chrome, browserVersion: 110.0.5481.100, chrome: {chromedriverVersion: 110.0.5481.77 (65ed616c6e8e..., userDataDir: /var/folders/00/xzw63_pj58g...}, goog:chromeOptions: {debuggerAddress: localhost:64571}, javascriptEnabled: true, networkConnectionEnabled: false, pageLoadStrategy: normal, platform: MAC, platformName: MAC, proxy: Proxy(), se:cdp: ws://localhost:64571/devtoo..., se:cdpVersion: 110.0.5481.100, setWindowRect: true, strictFileInteractability: false, timeouts: {implicit: 0, pageLoad: 300000, script: 30000}, unhandledPromptBehavior: dismiss and notify, webauthn:extension:credBlob: true, webauthn:extension:largeBlob: true, webauthn:virtualAuthenticators: true}
Session ID: cb6cd386abe6a8605edfbdaf9128d8a7
]]></error>
  </testcase>
  <testcase name="" classname="| 1 | 5 |" time="0.003">
    <error message="no such element: Unable to locate element: {&quot;method&quot;:&quot;css selector&quot;,&quot;selector&quot;:&quot;.swal2-title&quot;}&#10;  (Session info: chrome=110.0.5481.100)&#10;For documentation on this error, please visit: https://selenium.dev/exceptions/#no_such_element&#10;Build info: version: &apos;4.1.2&apos;, revision: &apos;9a5a329c5a&apos;&#10;System info: host: &apos;nsystem-mbp&apos;, ip: &apos;fe80:0:0:0:ce7:beec:a50b:8367%en0&apos;, os.name: &apos;Mac OS X&apos;, os.arch: &apos;x86_64&apos;, os.version: &apos;10.16&apos;, java.version: &apos;1.8.0_201&apos;&#10;Driver info: org.openqa.selenium.chrome.ChromeDriver&#10;Command: [cb6cd386abe6a8605edfbdaf9128d8a7, findElement {using=css selector, value=.swal2-title}]&#10;Capabilities {acceptInsecureCerts: false, browserName: chrome, browserVersion: 110.0.5481.100, chrome: {chromedriverVersion: 110.0.5481.77 (65ed616c6e8e..., userDataDir: /var/folders/00/xzw63_pj58g...}, goog:chromeOptions: {debuggerAddress: localhost:64571}, javascriptEnabled: true, networkConnectionEnabled: false, pageLoadStrategy: normal, platform: MAC, platformName: MAC, proxy: Proxy(), se:cdp: ws://localhost:64571/devtoo..., se:cdpVersion: 110.0.5481.100, setWindowRect: true, strictFileInteractability: false, timeouts: {implicit: 0, pageLoad: 300000, script: 30000}, unhandledPromptBehavior: dismiss and notify, webauthn:extension:credBlob: true, webauthn:extension:largeBlob: true, webauthn:virtualAuthenticators: true}&#10;Session ID: cb6cd386abe6a8605edfbdaf9128d8a7" type="org.openqa.selenium.NoSuchElementException"><![CDATA[org.openqa.selenium.NoSuchElementException: 
no such element: Unable to locate element: {"method":"css selector","selector":".swal2-title"}
  (Session info: chrome=110.0.5481.100)
For documentation on this error, please visit: https://selenium.dev/exceptions/#no_such_element
Build info: version: '4.1.2', revision: '9a5a329c5a'
System info: host: 'nsystem-mbp', ip: 'fe80:0:0:0:ce7:beec:a50b:8367%en0', os.name: 'Mac OS X', os.arch: 'x86_64', os.version: '10.16', java.version: '1.8.0_201'
Driver info: org.openqa.selenium.chrome.ChromeDriver
Command: [cb6cd386abe6a8605edfbdaf9128d8a7, findElement {using=css selector, value=.swal2-title}]
Capabilities {acceptInsecureCerts: false, browserName: chrome, browserVersion: 110.0.5481.100, chrome: {chromedriverVersion: 110.0.5481.77 (65ed616c6e8e..., userDataDir: /var/folders/00/xzw63_pj58g...}, goog:chromeOptions: {debuggerAddress: localhost:64571}, javascriptEnabled: true, networkConnectionEnabled: false, pageLoadStrategy: normal, platform: MAC, platformName: MAC, proxy: Proxy(), se:cdp: ws://localhost:64571/devtoo..., se:cdpVersion: 110.0.5481.100, setWindowRect: true, strictFileInteractability: false, timeouts: {implicit: 0, pageLoad: 300000, script: 30000}, unhandledPromptBehavior: dismiss and notify, webauthn:extension:credBlob: true, webauthn:extension:largeBlob: true, webauthn:virtualAuthenticators: true}
Session ID: cb6cd386abe6a8605edfbdaf9128d8a7
]]></error>
  </testcase>
  <testcase name="Given User open the website GuruMu" classname="| @#@$ | 5 |" time="0">
    <system-out><![CDATA[
  @PenilaianUlasan @Test
  Scenario Outline: Rating & review with input number in 'ulasan' field and 'penilaian' field &amp#27;[90m# features/PenilaianUlasan.feature:111&amp#27;[0m
    &amp#27;[32mWhen &amp#27;[0m&amp#27;[32mStudent input "&amp#27;[0m&amp#27;[32m&amp#27;[1m1&amp#27;[0m&amp#27;[32m" as ulasan&amp#27;[0m                                                          &amp#27;[90m# PenilaianUlasanSteps.studentInputUlasanAsUlasan(String)&amp#27;[0m
    &amp#27;[32mAnd &amp#27;[0m&amp#27;[32mStudent input "&amp#27;[0m&amp#27;[32m&amp#27;[1m5&amp#27;[0m&amp#27;[32m" as penilaian&amp#27;[0m                                                        &amp#27;[90m# PenilaianUlasanSteps.studentInputPenilaianAsPenilaian(String)&amp#27;[0m
    &amp#27;[32mAnd &amp#27;[0m&amp#27;[32mStudent click button nilai&amp#27;[0m                                                            &amp#27;[90m# PenilaianUlasanSteps.studentClickButtonNilai()&amp#27;[0m
    &amp#27;[31mThen &amp#27;[0m&amp#27;[31mUser will see "&amp#27;[0m&amp#27;[31m&amp#27;[1mSucces&amp#27;[0m&amp#27;[31m" in beranda page&amp#27;[0m                                               &amp#27;[90m# LoginSteps.userWillSeeSuccesAlertInBerandaPage(String)&amp#27;[0m
      &amp#27;[31morg.openqa.selenium.NoSuchElementException: no such element: Unable to locate element: {"method":"css selector","selector":".swal2-title"}
        (Session info: chrome=110.0.5481.100)
      For documentation on this error, please visit: https://selenium.dev/exceptions/#no_such_element
      Build info: version: '4.1.2', revision: '9a5a329c5a'
      System info: host: 'nsystem-mbp', ip: 'fe80:0:0:0:ce7:beec:a50b:8367%en0', os.name: 'Mac OS X', os.arch: 'x86_64', os.version: '10.16', java.version: '1.8.0_201'
      Driver info: org.openqa.selenium.chrome.ChromeDriver
      Command: [cb6cd386abe6a8605edfbdaf9128d8a7, findElement {using=css selector, value=.swal2-title}]
      Capabilities {acceptInsecureCerts: false, browserName: chrome, browserVersion: 110.0.5481.100, chrome: {chromedriverVersion: 110.0.5481.77 (65ed616c6e8e..., userDataDir: /var/folders/00/xzw63_pj58g...}, goog:chromeOptions: {debuggerAddress: localhost:64571}, javascriptEnabled: true, networkConnectionEnabled: false, pageLoadStrategy: normal, platform: MAC, platformName: MAC, proxy: Proxy(), se:cdp: ws://localhost:64571/devtoo..., se:cdpVersion: 110.0.5481.100, setWindowRect: true, strictFileInteractability: false, timeouts: {implicit: 0, pageLoad: 300000, script: 30000}, unhandledPromptBehavior: dismiss and notify, webauthn:extension:credBlob: true, webauthn:extension:largeBlob: true, webauthn:virtualAuthenticators: true}
      Session ID: cb6cd386abe6a8605edfbdaf9128d8a7
      	at sun.reflect.GeneratedConstructorAccessor38.newInstance(Unknown Source)
      	at sun.reflect.DelegatingConstructorAccessorImpl.newInstance(DelegatingConstructorAccessorImpl.java:45)
      	at java.lang.reflect.Constructor.newInstance(Constructor.java:423)
      	at org.openqa.selenium.remote.codec.w3c.W3CHttpResponseCodec.createException(W3CHttpResponseCodec.java:200)
      	at org.openqa.selenium.remote.codec.w3c.W3CHttpResponseCodec.decode(W3CHttpResponseCodec.java:133)
      	at org.openqa.selenium.remote.codec.w3c.W3CHttpResponseCodec.decode(W3CHttpResponseCodec.java:53)
      	at org.openqa.selenium.remote.HttpCommandExecutor.execute(HttpCommandExecutor.java:184)
      	at org.openqa.selenium.remote.service.DriverCommandExecutor.invokeExecute(DriverCommandExecutor.java:167)
      	at org.openqa.selenium.remote.service.DriverCommandExecutor.execute(DriverCommandExecutor.java:142)
      	at org.openqa.selenium.remote.RemoteWebDriver.execute(RemoteWebDriver.java:558)
      	at org.openqa.selenium.remote.ElementLocation$ElementFinder$2.findElement(ElementLocation.java:162)
      	at org.openqa.selenium.remote.ElementLocation.findElement(ElementLocation.java:60)
      	at org.openqa.selenium.remote.RemoteWebDriver.findElement(RemoteWebDriver.java:382)
      	at org.openqa.selenium.remote.RemoteWebDriver.findElement(RemoteWebDriver.java:374)
      	at org.openqa.selenium.support.pagefactory.DefaultElementLocator.findElement(DefaultElementLocator.java:70)
      	at org.openqa.selenium.support.pagefactory.internal.LocatingElementHandler.invoke(LocatingElementHandler.java:39)
      	at com.sun.proxy.$Proxy21.getText(Unknown Source)
      	at org.example.pageObject.LoginPage.getSucces(LoginPage.java:79)
      	at step_definitions.LoginSteps.userWillSeeSuccesAlertInBerandaPage(LoginSteps.java:66)
      	at ✽.Then User will see "Succes" in beranda page(features/PenilaianUlasan.feature:108)
      &amp#27;[0m

  Scenario Outline: Rating & review with input special character in 'ulasan' field and input number in 'penilaian' field &amp#27;[90m# features/PenilaianUlasan.feature:113&amp#27;[0m
    &amp#27;[36mWhen &amp#27;[0m&amp#27;[36mStudent input "<ulasan>" as ulasan&amp#27;[0m
    &amp#27;[36mAnd &amp#27;[0m&amp#27;[36mStudent input "<penilaian>" as penilaian&amp#27;[0m
    &amp#27;[36mAnd &amp#27;[0m&amp#27;[36mStudent click button nilai&amp#27;[0m
    &amp#27;[36mThen &amp#27;[0m&amp#27;[36mStudent will see alert "input tidak valid" in beranda page&amp#27;[0m

    Examples: 
]]></system-out>
    <system-err><![CDATA[Starting ChromeDriver 110.0.5481.77 (65ed616c6e8ee3fe0ad64fe83796c020644d42af-refs/branch-heads/5481@{#839}) on port 50894
Only local connections are allowed.
Please see https://chromedriver.chromium.org/security-considerations for suggestions on keeping ChromeDriver safe.
ChromeDriver was started successfully.
[1676550699.049][WARNING]: virtual void DevToolsClientImpl::AddListener(DevToolsEventListener *) subscribing a listener to the already connected DevToolsClient. Connection notification will not arrive.
Feb 16, 2023 7:31:39 PM org.openqa.selenium.remote.ProtocolHandshake createSession
INFO: Detected dialect: W3C
Feb 16, 2023 7:31:39 PM org.openqa.selenium.devtools.CdpVersionFinder findNearestMatch
WARNING: Unable to find an exact match for CDP version 110, so returning the closest version found: a no-op implementation
Feb 16, 2023 7:31:39 PM org.openqa.selenium.devtools.CdpVersionFinder findNearestMatch
INFO: Unable to find CDP implementation matching 110.
Feb 16, 2023 7:31:39 PM org.openqa.selenium.chromium.ChromiumDriver lambda$new$3
WARNING: Unable to find version of CDP to use for . You may need to include a dependency on a specific version of the CDP using something similar to `org.seleniumhq.selenium:selenium-devtools-v86:4.1.2` where the version ("v86") matches the version of the chromium-based browser you're using and the version number of the artifact is the same as Selenium's.
]]></system-err>
  </testcase>
  <testcase name="When User click avatar navigation" classname="| @#@$ | 5 |" time="0.001"/>
  <testcase name="And User click menu Masuk" classname="| @#@$ | 5 |" time="0"/>
  <testcase name="And User input &quot;sucimurid@gmail.com&quot; as email and input &quot;sucimurid&quot; as password" classname="| @#@$ | 5 |" time="0"/>
  <testcase name="And User clicked masuk button" classname="| @#@$ | 5 |" time="0"/>
  <testcase name="When User move to History Murid Page" classname="| @#@$ | 5 |" time="0"/>
  <testcase name="And Student click Riwayat submenu" classname="| @#@$ | 5 |" time="0"/>
  <testcase name="And Sub menu Riwayat is active" classname="| @#@$ | 5 |" time="0"/>
  <testcase name="When Student click link ulasan in row" classname="| @#@$ | 5 |" time="0"/>
  <testcase name="Then Show penilaian dan ulasan popup" classname="| @#@$ | 5 |" time="0"/>
  <testcase name="When Student input &quot;@#@$&quot; as ulasan" classname="| @#@$ | 5 |" time="0">
    <system-out><![CDATA[
  Background:                                                                       &amp#27;[90m# features/PenilaianUlasan.feature:4&amp#27;[0m
    &amp#27;[32mGiven &amp#27;[0m&amp#27;[32mUser open the website GuruMu&amp#27;[0m                                              &amp#27;[90m# LoginSteps.userOpenTheWebsiteGuruMu()&amp#27;[0m
    &amp#27;[32mWhen &amp#27;[0m&amp#27;[32mUser click avatar navigation&amp#27;[0m                                               &amp#27;[90m# LoginSteps.userClickAvatarNavigation()&amp#27;[0m
    &amp#27;[32mAnd &amp#27;[0m&amp#27;[32mUser click menu Masuk&amp#27;[0m                                                       &amp#27;[90m# LoginSteps.userClickMenuMasuk()&amp#27;[0m
    &amp#27;[32mAnd &amp#27;[0m&amp#27;[32mUser input "&amp#27;[0m&amp#27;[32m&amp#27;[1msucimurid@gmail.com&amp#27;[0m&amp#27;[32m" as email and input "&amp#27;[0m&amp#27;[32m&amp#27;[1msucimurid&amp#27;[0m&amp#27;[32m" as password&amp#27;[0m &amp#27;[90m# LoginSteps.inputCredential(String,String)&amp#27;[0m
    &amp#27;[32mAnd &amp#27;[0m&amp#27;[32mUser clicked masuk button&amp#27;[0m                                                   &amp#27;[90m# LoginSteps.userClickMasukButton()&amp#27;[0m
    &amp#27;[32mWhen &amp#27;[0m&amp#27;[32mUser move to History Murid Page&amp#27;[0m                                            &amp#27;[90m# PenilaianUlasanSteps.userMoveToHistoryMuridPage()&amp#27;[0m
    &amp#27;[32mAnd &amp#27;[0m&amp#27;[32mStudent click Riwayat submenu&amp#27;[0m                                               &amp#27;[90m# PenilaianUlasanSteps.studentClickRiwayatSubmenu()&amp#27;[0m
    &amp#27;[32mAnd &amp#27;[0m&amp#27;[32mSub menu Riwayat is active&amp#27;[0m                                                  &amp#27;[90m# PenilaianUlasanSteps.subMenuRiwayatIsActive()&amp#27;[0m
    &amp#27;[32mWhen &amp#27;[0m&amp#27;[32mStudent click link ulasan in row&amp#27;[0m                                           &amp#27;[90m# PenilaianUlasanSteps.studentClickLinkUlasanInRowAsTeacher()&amp#27;[0m
    &amp#27;[32mThen &amp#27;[0m&amp#27;[32mShow penilaian dan ulasan popup&amp#27;[0m                                            &amp#27;[90m# PenilaianUlasanSteps.showPenilaianDanUlasanPopup()&amp#27;[0m
]]></system-out>
  </testcase>
  <testcase name="And Student input &quot;5&quot; as penilaian" classname="| @#@$ | 5 |" time="0"/>
  <testcase name="And Student click button nilai" classname="| @#@$ | 5 |" time="0"/>
  <testcase name="Then Student will see alert &quot;input tidak valid&quot; in beranda page" classname="| @#@$ | 5 |" time="0.002">
    <error message="no such alert&#10;  (Session info: chrome=110.0.5481.100)&#10;Build info: version: &apos;4.1.2&apos;, revision: &apos;9a5a329c5a&apos;&#10;System info: host: &apos;nsystem-mbp&apos;, ip: &apos;fe80:0:0:0:ce7:beec:a50b:8367%en0&apos;, os.name: &apos;Mac OS X&apos;, os.arch: &apos;x86_64&apos;, os.version: &apos;10.16&apos;, java.version: &apos;1.8.0_201&apos;&#10;Driver info: org.openqa.selenium.chrome.ChromeDriver&#10;Command: [62dbfb1808abec9f09d1756bcaa53760, getAlertText {}]&#10;Capabilities {acceptInsecureCerts: false, browserName: chrome, browserVersion: 110.0.5481.100, chrome: {chromedriverVersion: 110.0.5481.77 (65ed616c6e8e..., userDataDir: /var/folders/00/xzw63_pj58g...}, goog:chromeOptions: {debuggerAddress: localhost:64593}, javascriptEnabled: true, networkConnectionEnabled: false, pageLoadStrategy: normal, platform: MAC, platformName: MAC, proxy: Proxy(), se:cdp: ws://localhost:64593/devtoo..., se:cdpVersion: 110.0.5481.100, setWindowRect: true, strictFileInteractability: false, timeouts: {implicit: 0, pageLoad: 300000, script: 30000}, unhandledPromptBehavior: dismiss and notify, webauthn:extension:credBlob: true, webauthn:extension:largeBlob: true, webauthn:virtualAuthenticators: true}&#10;Session ID: 62dbfb1808abec9f09d1756bcaa53760" type="org.openqa.selenium.NoAlertPresentException"><![CDATA[org.openqa.selenium.NoAlertPresentException: 
no such alert
  (Session info: chrome=110.0.5481.100)
Build info: version: '4.1.2', revision: '9a5a329c5a'
System info: host: 'nsystem-mbp', ip: 'fe80:0:0:0:ce7:beec:a50b:8367%en0', os.name: 'Mac OS X', os.arch: 'x86_64', os.version: '10.16', java.version: '1.8.0_201'
Driver info: org.openqa.selenium.chrome.ChromeDriver
Command: [62dbfb1808abec9f09d1756bcaa53760, getAlertText {}]
Capabilities {acceptInsecureCerts: false, browserName: chrome, browserVersion: 110.0.5481.100, chrome: {chromedriverVersion: 110.0.5481.77 (65ed616c6e8e..., userDataDir: /var/folders/00/xzw63_pj58g...}, goog:chromeOptions: {debuggerAddress: localhost:64593}, javascriptEnabled: true, networkConnectionEnabled: false, pageLoadStrategy: normal, platform: MAC, platformName: MAC, proxy: Proxy(), se:cdp: ws://localhost:64593/devtoo..., se:cdpVersion: 110.0.5481.100, setWindowRect: true, strictFileInteractability: false, timeouts: {implicit: 0, pageLoad: 300000, script: 30000}, unhandledPromptBehavior: dismiss and notify, webauthn:extension:credBlob: true, webauthn:extension:largeBlob: true, webauthn:virtualAuthenticators: true}
Session ID: 62dbfb1808abec9f09d1756bcaa53760
]]></error>
  </testcase>
  <testcase name="" classname="| @#@$ | 5 |" time="0.002">
    <error message="no such alert&#10;  (Session info: chrome=110.0.5481.100)&#10;Build info: version: &apos;4.1.2&apos;, revision: &apos;9a5a329c5a&apos;&#10;System info: host: &apos;nsystem-mbp&apos;, ip: &apos;fe80:0:0:0:ce7:beec:a50b:8367%en0&apos;, os.name: &apos;Mac OS X&apos;, os.arch: &apos;x86_64&apos;, os.version: &apos;10.16&apos;, java.version: &apos;1.8.0_201&apos;&#10;Driver info: org.openqa.selenium.chrome.ChromeDriver&#10;Command: [62dbfb1808abec9f09d1756bcaa53760, getAlertText {}]&#10;Capabilities {acceptInsecureCerts: false, browserName: chrome, browserVersion: 110.0.5481.100, chrome: {chromedriverVersion: 110.0.5481.77 (65ed616c6e8e..., userDataDir: /var/folders/00/xzw63_pj58g...}, goog:chromeOptions: {debuggerAddress: localhost:64593}, javascriptEnabled: true, networkConnectionEnabled: false, pageLoadStrategy: normal, platform: MAC, platformName: MAC, proxy: Proxy(), se:cdp: ws://localhost:64593/devtoo..., se:cdpVersion: 110.0.5481.100, setWindowRect: true, strictFileInteractability: false, timeouts: {implicit: 0, pageLoad: 300000, script: 30000}, unhandledPromptBehavior: dismiss and notify, webauthn:extension:credBlob: true, webauthn:extension:largeBlob: true, webauthn:virtualAuthenticators: true}&#10;Session ID: 62dbfb1808abec9f09d1756bcaa53760" type="org.openqa.selenium.NoAlertPresentException"><![CDATA[org.openqa.selenium.NoAlertPresentException: 
no such alert
  (Session info: chrome=110.0.5481.100)
Build info: version: '4.1.2', revision: '9a5a329c5a'
System info: host: 'nsystem-mbp', ip: 'fe80:0:0:0:ce7:beec:a50b:8367%en0', os.name: 'Mac OS X', os.arch: 'x86_64', os.version: '10.16', java.version: '1.8.0_201'
Driver info: org.openqa.selenium.chrome.ChromeDriver
Command: [62dbfb1808abec9f09d1756bcaa53760, getAlertText {}]
Capabilities {acceptInsecureCerts: false, browserName: chrome, browserVersion: 110.0.5481.100, chrome: {chromedriverVersion: 110.0.5481.77 (65ed616c6e8e..., userDataDir: /var/folders/00/xzw63_pj58g...}, goog:chromeOptions: {debuggerAddress: localhost:64593}, javascriptEnabled: true, networkConnectionEnabled: false, pageLoadStrategy: normal, platform: MAC, platformName: MAC, proxy: Proxy(), se:cdp: ws://localhost:64593/devtoo..., se:cdpVersion: 110.0.5481.100, setWindowRect: true, strictFileInteractability: false, timeouts: {implicit: 0, pageLoad: 300000, script: 30000}, unhandledPromptBehavior: dismiss and notify, webauthn:extension:credBlob: true, webauthn:extension:largeBlob: true, webauthn:virtualAuthenticators: true}
Session ID: 62dbfb1808abec9f09d1756bcaa53760
]]></error>
  </testcase>
  <testcase name="Given User open the website GuruMu" classname="| keren | 5 |" time="0">
    <system-out><![CDATA[
  @PenilaianUlasan @Test
  Scenario Outline: Rating & review with input special character in 'ulasan' field and input number in 'penilaian' field &amp#27;[90m# features/PenilaianUlasan.feature:120&amp#27;[0m
    &amp#27;[32mWhen &amp#27;[0m&amp#27;[32mStudent input "&amp#27;[0m&amp#27;[32m&amp#27;[1m@#@$&amp#27;[0m&amp#27;[32m" as ulasan&amp#27;[0m                                                                                  &amp#27;[90m# PenilaianUlasanSteps.studentInputUlasanAsUlasan(String)&amp#27;[0m
    &amp#27;[32mAnd &amp#27;[0m&amp#27;[32mStudent input "&amp#27;[0m&amp#27;[32m&amp#27;[1m5&amp#27;[0m&amp#27;[32m" as penilaian&amp#27;[0m                                                                                   &amp#27;[90m# PenilaianUlasanSteps.studentInputPenilaianAsPenilaian(String)&amp#27;[0m
    &amp#27;[32mAnd &amp#27;[0m&amp#27;[32mStudent click button nilai&amp#27;[0m                                                                                       &amp#27;[90m# PenilaianUlasanSteps.studentClickButtonNilai()&amp#27;[0m
    &amp#27;[31mThen &amp#27;[0m&amp#27;[31mStudent will see alert "&amp#27;[0m&amp#27;[31m&amp#27;[1minput tidak valid&amp#27;[0m&amp#27;[31m" in beranda page&amp#27;[0m                                                      &amp#27;[90m# PenilaianUlasanSteps.studentWillSeeAlertInBerandaPage(String)&amp#27;[0m
      &amp#27;[31morg.openqa.selenium.NoAlertPresentException: no such alert
        (Session info: chrome=110.0.5481.100)
      Build info: version: '4.1.2', revision: '9a5a329c5a'
      System info: host: 'nsystem-mbp', ip: 'fe80:0:0:0:ce7:beec:a50b:8367%en0', os.name: 'Mac OS X', os.arch: 'x86_64', os.version: '10.16', java.version: '1.8.0_201'
      Driver info: org.openqa.selenium.chrome.ChromeDriver
      Command: [62dbfb1808abec9f09d1756bcaa53760, getAlertText {}]
      Capabilities {acceptInsecureCerts: false, browserName: chrome, browserVersion: 110.0.5481.100, chrome: {chromedriverVersion: 110.0.5481.77 (65ed616c6e8e..., userDataDir: /var/folders/00/xzw63_pj58g...}, goog:chromeOptions: {debuggerAddress: localhost:64593}, javascriptEnabled: true, networkConnectionEnabled: false, pageLoadStrategy: normal, platform: MAC, platformName: MAC, proxy: Proxy(), se:cdp: ws://localhost:64593/devtoo..., se:cdpVersion: 110.0.5481.100, setWindowRect: true, strictFileInteractability: false, timeouts: {implicit: 0, pageLoad: 300000, script: 30000}, unhandledPromptBehavior: dismiss and notify, webauthn:extension:credBlob: true, webauthn:extension:largeBlob: true, webauthn:virtualAuthenticators: true}
      Session ID: 62dbfb1808abec9f09d1756bcaa53760
      	at sun.reflect.NativeConstructorAccessorImpl.newInstance0(Native Method)
      	at sun.reflect.NativeConstructorAccessorImpl.newInstance(NativeConstructorAccessorImpl.java:62)
      	at sun.reflect.DelegatingConstructorAccessorImpl.newInstance(DelegatingConstructorAccessorImpl.java:45)
      	at java.lang.reflect.Constructor.newInstance(Constructor.java:423)
      	at org.openqa.selenium.remote.codec.w3c.W3CHttpResponseCodec.createException(W3CHttpResponseCodec.java:200)
      	at org.openqa.selenium.remote.codec.w3c.W3CHttpResponseCodec.decode(W3CHttpResponseCodec.java:133)
      	at org.openqa.selenium.remote.codec.w3c.W3CHttpResponseCodec.decode(W3CHttpResponseCodec.java:53)
      	at org.openqa.selenium.remote.HttpCommandExecutor.execute(HttpCommandExecutor.java:184)
      	at org.openqa.selenium.remote.service.DriverCommandExecutor.invokeExecute(DriverCommandExecutor.java:167)
      	at org.openqa.selenium.remote.service.DriverCommandExecutor.execute(DriverCommandExecutor.java:142)
      	at org.openqa.selenium.remote.RemoteWebDriver.execute(RemoteWebDriver.java:558)
      	at org.openqa.selenium.remote.RemoteWebDriver.execute(RemoteWebDriver.java:613)
      	at org.openqa.selenium.remote.RemoteWebDriver.execute(RemoteWebDriver.java:617)
      	at org.openqa.selenium.remote.RemoteWebDriver$RemoteTargetLocator.alert(RemoteWebDriver.java:1110)
      	at step_definitions.PenilaianUlasanSteps.studentWillSeeAlertInBerandaPage(PenilaianUlasanSteps.java:210)
      	at ✽.Then Student will see alert "input tidak valid" in beranda page(features/PenilaianUlasan.feature:117)
      &amp#27;[0m

  Scenario Outline: Rating & review with input alphabet in 'ulasan' field and input number in 'penilaian' field &amp#27;[90m# features/PenilaianUlasan.feature:122&amp#27;[0m
    &amp#27;[36mWhen &amp#27;[0m&amp#27;[36mStudent input "<ulasan>" as ulasan&amp#27;[0m
    &amp#27;[36mAnd &amp#27;[0m&amp#27;[36mStudent input "<penilaian>" as penilaian&amp#27;[0m
    &amp#27;[36mAnd &amp#27;[0m&amp#27;[36mStudent click button nilai&amp#27;[0m
    &amp#27;[36mThen &amp#27;[0m&amp#27;[36mStudent will see "berhasil menambahkan ulasan" in beranda page&amp#27;[0m

    Examples: 
]]></system-out>
    <system-err><![CDATA[Starting ChromeDriver 110.0.5481.77 (65ed616c6e8ee3fe0ad64fe83796c020644d42af-refs/branch-heads/5481@{#839}) on port 64051
Only local connections are allowed.
Please see https://chromedriver.chromium.org/security-considerations for suggestions on keeping ChromeDriver safe.
ChromeDriver was started successfully.
[1676550720.610][WARNING]: virtual void DevToolsClientImpl::AddListener(DevToolsEventListener *) subscribing a listener to the already connected DevToolsClient. Connection notification will not arrive.
Feb 16, 2023 7:32:00 PM org.openqa.selenium.remote.ProtocolHandshake createSession
INFO: Detected dialect: W3C
Feb 16, 2023 7:32:00 PM org.openqa.selenium.devtools.CdpVersionFinder findNearestMatch
WARNING: Unable to find an exact match for CDP version 110, so returning the closest version found: a no-op implementation
Feb 16, 2023 7:32:00 PM org.openqa.selenium.devtools.CdpVersionFinder findNearestMatch
INFO: Unable to find CDP implementation matching 110.
Feb 16, 2023 7:32:00 PM org.openqa.selenium.chromium.ChromiumDriver lambda$new$3
WARNING: Unable to find version of CDP to use for . You may need to include a dependency on a specific version of the CDP using something similar to `org.seleniumhq.selenium:selenium-devtools-v86:4.1.2` where the version ("v86") matches the version of the chromium-based browser you're using and the version number of the artifact is the same as Selenium's.
]]></system-err>
  </testcase>
  <testcase name="When User click avatar navigation" classname="| keren | 5 |" time="0"/>
  <testcase name="And User click menu Masuk" classname="| keren | 5 |" time="0"/>
  <testcase name="And User input &quot;sucimurid@gmail.com&quot; as email and input &quot;sucimurid&quot; as password" classname="| keren | 5 |" time="0"/>
  <testcase name="And User clicked masuk button" classname="| keren | 5 |" time="0"/>
  <testcase name="When User move to History Murid Page" classname="| keren | 5 |" time="0"/>
  <testcase name="And Student click Riwayat submenu" classname="| keren | 5 |" time="0"/>
  <testcase name="And Sub menu Riwayat is active" classname="| keren | 5 |" time="0"/>
  <testcase name="When Student click link ulasan in row" classname="| keren | 5 |" time="0"/>
  <testcase name="Then Show penilaian dan ulasan popup" classname="| keren | 5 |" time="0"/>
  <testcase name="When Student input &quot;keren&quot; as ulasan" classname="| keren | 5 |" time="0">
    <system-out><![CDATA[
  Background:                                                                       &amp#27;[90m# features/PenilaianUlasan.feature:4&amp#27;[0m
    &amp#27;[32mGiven &amp#27;[0m&amp#27;[32mUser open the website GuruMu&amp#27;[0m                                              &amp#27;[90m# LoginSteps.userOpenTheWebsiteGuruMu()&amp#27;[0m
    &amp#27;[32mWhen &amp#27;[0m&amp#27;[32mUser click avatar navigation&amp#27;[0m                                               &amp#27;[90m# LoginSteps.userClickAvatarNavigation()&amp#27;[0m
    &amp#27;[32mAnd &amp#27;[0m&amp#27;[32mUser click menu Masuk&amp#27;[0m                                                       &amp#27;[90m# LoginSteps.userClickMenuMasuk()&amp#27;[0m
    &amp#27;[32mAnd &amp#27;[0m&amp#27;[32mUser input "&amp#27;[0m&amp#27;[32m&amp#27;[1msucimurid@gmail.com&amp#27;[0m&amp#27;[32m" as email and input "&amp#27;[0m&amp#27;[32m&amp#27;[1msucimurid&amp#27;[0m&amp#27;[32m" as password&amp#27;[0m &amp#27;[90m# LoginSteps.inputCredential(String,String)&amp#27;[0m
    &amp#27;[32mAnd &amp#27;[0m&amp#27;[32mUser clicked masuk button&amp#27;[0m                                                   &amp#27;[90m# LoginSteps.userClickMasukButton()&amp#27;[0m
    &amp#27;[32mWhen &amp#27;[0m&amp#27;[32mUser move to History Murid Page&amp#27;[0m                                            &amp#27;[90m# PenilaianUlasanSteps.userMoveToHistoryMuridPage()&amp#27;[0m
    &amp#27;[32mAnd &amp#27;[0m&amp#27;[32mStudent click Riwayat submenu&amp#27;[0m                                               &amp#27;[90m# PenilaianUlasanSteps.studentClickRiwayatSubmenu()&amp#27;[0m
    &amp#27;[32mAnd &amp#27;[0m&amp#27;[32mSub menu Riwayat is active&amp#27;[0m                                                  &amp#27;[90m# PenilaianUlasanSteps.subMenuRiwayatIsActive()&amp#27;[0m
    &amp#27;[32mWhen &amp#27;[0m&amp#27;[32mStudent click link ulasan in row&amp#27;[0m                                           &amp#27;[90m# PenilaianUlasanSteps.studentClickLinkUlasanInRowAsTeacher()&amp#27;[0m
    &amp#27;[32mThen &amp#27;[0m&amp#27;[32mShow penilaian dan ulasan popup&amp#27;[0m                                            &amp#27;[90m# PenilaianUlasanSteps.showPenilaianDanUlasanPopup()&amp#27;[0m
]]></system-out>
  </testcase>
  <testcase name="And Student input &quot;5&quot; as penilaian" classname="| keren | 5 |" time="0"/>
  <testcase name="And Student click button nilai" classname="| keren | 5 |" time="0"/>
  <testcase name="Then Student will see &quot;berhasil menambahkan ulasan&quot; in beranda page" classname="| keren | 5 |" time="0"/>
  <testcase name="" classname="| keren | 5 |" time="0.131"/>
  <testcase name="Given User open the website GuruMu" classname="| keren | lima |" time="0">
    <system-out><![CDATA[
  @PenilaianUlasan @Test
  Scenario Outline: Rating & review with input alphabet in 'ulasan' field and input number in 'penilaian' field &amp#27;[90m# features/PenilaianUlasan.feature:129&amp#27;[0m
    &amp#27;[32mWhen &amp#27;[0m&amp#27;[32mStudent input "&amp#27;[0m&amp#27;[32m&amp#27;[1mkeren&amp#27;[0m&amp#27;[32m" as ulasan&amp#27;[0m                                                                        &amp#27;[90m# PenilaianUlasanSteps.studentInputUlasanAsUlasan(String)&amp#27;[0m
    &amp#27;[32mAnd &amp#27;[0m&amp#27;[32mStudent input "&amp#27;[0m&amp#27;[32m&amp#27;[1m5&amp#27;[0m&amp#27;[32m" as penilaian&amp#27;[0m                                                                          &amp#27;[90m# PenilaianUlasanSteps.studentInputPenilaianAsPenilaian(String)&amp#27;[0m
    &amp#27;[32mAnd &amp#27;[0m&amp#27;[32mStudent click button nilai&amp#27;[0m                                                                              &amp#27;[90m# PenilaianUlasanSteps.studentClickButtonNilai()&amp#27;[0m
    &amp#27;[32mThen &amp#27;[0m&amp#27;[32mStudent will see "&amp#27;[0m&amp#27;[32m&amp#27;[1mberhasil menambahkan ulasan&amp#27;[0m&amp#27;[32m" in beranda page&amp#27;[0m                                         &amp#27;[90m# PenilaianUlasanSteps.studentWillSeeInBerandaPage(String)&amp#27;[0m

  Scenario Outline: Rating & review with input alphabet in 'ulasan' field and input alphabet in 'penilaian' field &amp#27;[90m# features/PenilaianUlasan.feature:131&amp#27;[0m
    &amp#27;[36mWhen &amp#27;[0m&amp#27;[36mStudent input "<ulasan>" as ulasan&amp#27;[0m
    &amp#27;[36mAnd &amp#27;[0m&amp#27;[36mStudent input "<penilaian>" as penilaian&amp#27;[0m
    &amp#27;[36mThen &amp#27;[0m&amp#27;[36mButton nilai is disabled&amp#27;[0m

    Examples: 
]]></system-out>
    <system-err><![CDATA[Starting ChromeDriver 110.0.5481.77 (65ed616c6e8ee3fe0ad64fe83796c020644d42af-refs/branch-heads/5481@{#839}) on port 58496
Only local connections are allowed.
Please see https://chromedriver.chromium.org/security-considerations for suggestions on keeping ChromeDriver safe.
ChromeDriver was started successfully.
[1676550753.713][WARNING]: virtual void DevToolsClientImpl::AddListener(DevToolsEventListener *) subscribing a listener to the already connected DevToolsClient. Connection notification will not arrive.
Feb 16, 2023 7:32:33 PM org.openqa.selenium.remote.ProtocolHandshake createSession
INFO: Detected dialect: W3C
Feb 16, 2023 7:32:34 PM org.openqa.selenium.devtools.CdpVersionFinder findNearestMatch
WARNING: Unable to find an exact match for CDP version 110, so returning the closest version found: a no-op implementation
Feb 16, 2023 7:32:34 PM org.openqa.selenium.devtools.CdpVersionFinder findNearestMatch
INFO: Unable to find CDP implementation matching 110.
Feb 16, 2023 7:32:34 PM org.openqa.selenium.chromium.ChromiumDriver lambda$new$3
WARNING: Unable to find version of CDP to use for . You may need to include a dependency on a specific version of the CDP using something similar to `org.seleniumhq.selenium:selenium-devtools-v86:4.1.2` where the version ("v86") matches the version of the chromium-based browser you're using and the version number of the artifact is the same as Selenium's.
]]></system-err>
  </testcase>
  <testcase name="When User click avatar navigation" classname="| keren | lima |" time="0"/>
  <testcase name="And User click menu Masuk" classname="| keren | lima |" time="0"/>
  <testcase name="And User input &quot;sucimurid@gmail.com&quot; as email and input &quot;sucimurid&quot; as password" classname="| keren | lima |" time="0"/>
  <testcase name="And User clicked masuk button" classname="| keren | lima |" time="0"/>
  <testcase name="When User move to History Murid Page" classname="| keren | lima |" time="0"/>
  <testcase name="And Student click Riwayat submenu" classname="| keren | lima |" time="0"/>
  <testcase name="And Sub menu Riwayat is active" classname="| keren | lima |" time="0"/>
  <testcase name="When Student click link ulasan in row" classname="| keren | lima |" time="0"/>
  <testcase name="Then Show penilaian dan ulasan popup" classname="| keren | lima |" time="0"/>
  <testcase name="When Student input &quot;keren&quot; as ulasan" classname="| keren | lima |" time="0">
    <system-out><![CDATA[
  Background:                                                                       &amp#27;[90m# features/PenilaianUlasan.feature:4&amp#27;[0m
    &amp#27;[32mGiven &amp#27;[0m&amp#27;[32mUser open the website GuruMu&amp#27;[0m                                              &amp#27;[90m# LoginSteps.userOpenTheWebsiteGuruMu()&amp#27;[0m
    &amp#27;[32mWhen &amp#27;[0m&amp#27;[32mUser click avatar navigation&amp#27;[0m                                               &amp#27;[90m# LoginSteps.userClickAvatarNavigation()&amp#27;[0m
    &amp#27;[32mAnd &amp#27;[0m&amp#27;[32mUser click menu Masuk&amp#27;[0m                                                       &amp#27;[90m# LoginSteps.userClickMenuMasuk()&amp#27;[0m
    &amp#27;[32mAnd &amp#27;[0m&amp#27;[32mUser input "&amp#27;[0m&amp#27;[32m&amp#27;[1msucimurid@gmail.com&amp#27;[0m&amp#27;[32m" as email and input "&amp#27;[0m&amp#27;[32m&amp#27;[1msucimurid&amp#27;[0m&amp#27;[32m" as password&amp#27;[0m &amp#27;[90m# LoginSteps.inputCredential(String,String)&amp#27;[0m
    &amp#27;[32mAnd &amp#27;[0m&amp#27;[32mUser clicked masuk button&amp#27;[0m                                                   &amp#27;[90m# LoginSteps.userClickMasukButton()&amp#27;[0m
    &amp#27;[32mWhen &amp#27;[0m&amp#27;[32mUser move to History Murid Page&amp#27;[0m                                            &amp#27;[90m# PenilaianUlasanSteps.userMoveToHistoryMuridPage()&amp#27;[0m
    &amp#27;[32mAnd &amp#27;[0m&amp#27;[32mStudent click Riwayat submenu&amp#27;[0m                                               &amp#27;[90m# PenilaianUlasanSteps.studentClickRiwayatSubmenu()&amp#27;[0m
    &amp#27;[32mAnd &amp#27;[0m&amp#27;[32mSub menu Riwayat is active&amp#27;[0m                                                  &amp#27;[90m# PenilaianUlasanSteps.subMenuRiwayatIsActive()&amp#27;[0m
    &amp#27;[32mWhen &amp#27;[0m&amp#27;[32mStudent click link ulasan in row&amp#27;[0m                                           &amp#27;[90m# PenilaianUlasanSteps.studentClickLinkUlasanInRowAsTeacher()&amp#27;[0m
    &amp#27;[32mThen &amp#27;[0m&amp#27;[32mShow penilaian dan ulasan popup&amp#27;[0m                                            &amp#27;[90m# PenilaianUlasanSteps.showPenilaianDanUlasanPopup()&amp#27;[0m
]]></system-out>
  </testcase>
  <testcase name="And Student input &quot;lima&quot; as penilaian" classname="| keren | lima |" time="0"/>
  <testcase name="Then Button nilai is disabled" classname="| keren | lima |" time="0"/>
  <testcase name="" classname="| keren | lima |" time="0.119"/>
  <testcase name="Given User already in GuruMu register pop-up form" classname="Scenario: Register Student with valid data" time="0">
    <system-out><![CDATA[
  @PenilaianUlasan @Test
  Scenario Outline: Rating & review with input alphabet in 'ulasan' field and input alphabet in 'penilaian' field &amp#27;[90m# features/PenilaianUlasan.feature:137&amp#27;[0m
    &amp#27;[32mWhen &amp#27;[0m&amp#27;[32mStudent input "&amp#27;[0m&amp#27;[32m&amp#27;[1mkeren&amp#27;[0m&amp#27;[32m" as ulasan&amp#27;[0m                                                                          &amp#27;[90m# PenilaianUlasanSteps.studentInputUlasanAsUlasan(String)&amp#27;[0m
    &amp#27;[32mAnd &amp#27;[0m&amp#27;[32mStudent input "&amp#27;[0m&amp#27;[32m&amp#27;[1mlima&amp#27;[0m&amp#27;[32m" as penilaian&amp#27;[0m                                                                         &amp#27;[90m# PenilaianUlasanSteps.studentInputPenilaianAsPenilaian(String)&amp#27;[0m
    &amp#27;[32mThen &amp#27;[0m&amp#27;[32mButton nilai is disabled&amp#27;[0m                                                                                 &amp#27;[90m# PenilaianUlasanSteps.buttonNilaiIsDisabled()&amp#27;[0m
@Register @Test
Feature: Register Student
  As a user i want to register to GuruMu website
]]></system-out>
    <system-err><![CDATA[Starting ChromeDriver 110.0.5481.77 (65ed616c6e8ee3fe0ad64fe83796c020644d42af-refs/branch-heads/5481@{#839}) on port 50023
Only local connections are allowed.
Please see https://chromedriver.chromium.org/security-considerations for suggestions on keeping ChromeDriver safe.
ChromeDriver was started successfully.
[1676550778.484][WARNING]: virtual void DevToolsClientImpl::AddListener(DevToolsEventListener *) subscribing a listener to the already connected DevToolsClient. Connection notification will not arrive.
Feb 16, 2023 7:32:58 PM org.openqa.selenium.remote.ProtocolHandshake createSession
INFO: Detected dialect: W3C
Feb 16, 2023 7:32:58 PM org.openqa.selenium.devtools.CdpVersionFinder findNearestMatch
WARNING: Unable to find an exact match for CDP version 110, so returning the closest version found: a no-op implementation
Feb 16, 2023 7:32:58 PM org.openqa.selenium.devtools.CdpVersionFinder findNearestMatch
INFO: Unable to find CDP implementation matching 110.
Feb 16, 2023 7:32:58 PM org.openqa.selenium.chromium.ChromiumDriver lambda$new$3
WARNING: Unable to find version of CDP to use for . You may need to include a dependency on a specific version of the CDP using something similar to `org.seleniumhq.selenium:selenium-devtools-v86:4.1.2` where the version ("v86") matches the version of the chromium-based browser you're using and the version number of the artifact is the same as Selenium's.
]]></system-err>
  </testcase>
  <testcase name="When User input all valid data for student" classname="Scenario: Register Student with valid data" time="0"/>
  <testcase name="And User select &quot;Siswa&quot; in Peran field" classname="Scenario: Register Student with valid data" time="0.003"/>
  <testcase name="Then User click Daftar Button" classname="Scenario: Register Student with valid data" time="0"/>
  <testcase name="And User will redirect to Login Page" classname="Scenario: Register Student with valid data" time="0"/>
  <testcase name="" classname="Scenario: Register Student with valid data" time="0.126"/>
  <testcase name="Given User already in GuruMu register pop-up form" classname="| agusgmail@.com |" time="0">
    <system-out><![CDATA[
  @RegisterStudent
  Scenario: Register Student with valid data          &amp#27;[90m# features/RegisterStudent.feature:6&amp#27;[0m
    &amp#27;[32mGiven &amp#27;[0m&amp#27;[32mUser already in GuruMu register pop-up form&amp#27;[0m &amp#27;[90m# RegisterSteps.alreadyInRegisterPage()&amp#27;[0m
    &amp#27;[32mWhen &amp#27;[0m&amp#27;[32mUser input all valid data for student&amp#27;[0m        &amp#27;[90m# RegisterSteps.userInputAllValidData()&amp#27;[0m
    &amp#27;[32mAnd &amp#27;[0m&amp#27;[32mUser select "&amp#27;[0m&amp#27;[32m&amp#27;[1mSiswa&amp#27;[0m&amp#27;[32m" in Peran field&amp#27;[0m            &amp#27;[90m# RegisterSteps.userSelectStudentInPeranField(String)&amp#27;[0m
    &amp#27;[32mThen &amp#27;[0m&amp#27;[32mUser click Daftar Button&amp#27;[0m                     &amp#27;[90m# RegisterSteps.userClickDaftarButton()&amp#27;[0m
    &amp#27;[32mAnd &amp#27;[0m&amp#27;[32mUser will redirect to Login Page&amp#27;[0m              &amp#27;[90m# RegisterSteps.userWillRedirectToLoginPage()&amp#27;[0m

  @RegisterStudent
  Scenario Outline: Register Student with invalid email format             &amp#27;[90m# features/RegisterStudent.feature:14&amp#27;[0m
    &amp#27;[36mGiven &amp#27;[0m&amp#27;[36mUser already in GuruMu register pop-up form&amp#27;[0m
    &amp#27;[36mWhen &amp#27;[0m&amp#27;[36mUser input valid data except "<email>" in Email field for student&amp#27;[0m
    &amp#27;[36mAnd &amp#27;[0m&amp#27;[36mUser select "Siswa" in Peran field&amp#27;[0m
    &amp#27;[36mThen &amp#27;[0m&amp#27;[36mUser click Daftar Button&amp#27;[0m
    &amp#27;[36mAnd &amp#27;[0m&amp#27;[36mUser will see alert message "format email salah"&amp#27;[0m

    Examples: 
]]></system-out>
    <system-err><![CDATA[Starting ChromeDriver 110.0.5481.77 (65ed616c6e8ee3fe0ad64fe83796c020644d42af-refs/branch-heads/5481@{#839}) on port 53419
Only local connections are allowed.
Please see https://chromedriver.chromium.org/security-considerations for suggestions on keeping ChromeDriver safe.
ChromeDriver was started successfully.
[1676550807.936][WARNING]: virtual void DevToolsClientImpl::AddListener(DevToolsEventListener *) subscribing a listener to the already connected DevToolsClient. Connection notification will not arrive.
Feb 16, 2023 7:33:28 PM org.openqa.selenium.remote.ProtocolHandshake createSession
INFO: Detected dialect: W3C
Feb 16, 2023 7:33:28 PM org.openqa.selenium.devtools.CdpVersionFinder findNearestMatch
WARNING: Unable to find an exact match for CDP version 110, so returning the closest version found: a no-op implementation
Feb 16, 2023 7:33:28 PM org.openqa.selenium.devtools.CdpVersionFinder findNearestMatch
INFO: Unable to find CDP implementation matching 110.
Feb 16, 2023 7:33:28 PM org.openqa.selenium.chromium.ChromiumDriver lambda$new$3
WARNING: Unable to find version of CDP to use for . You may need to include a dependency on a specific version of the CDP using something similar to `org.seleniumhq.selenium:selenium-devtools-v86:4.1.2` where the version ("v86") matches the version of the chromium-based browser you're using and the version number of the artifact is the same as Selenium's.
]]></system-err>
  </testcase>
  <testcase name="Given User already in GuruMu register pop-up form" classname="| agusgmail@.com |" time="0">
    <system-out><![CDATA[
  @RegisterTeacher
  Scenario: Register Teacher with valid data          &amp#27;[90m# features/RegisterTeacher.feature:6&amp#27;[0m
    &amp#27;[32mGiven &amp#27;[0m&amp#27;[32mUser already in GuruMu register pop-up form&amp#27;[0m &amp#27;[90m# RegisterSteps.alreadyInRegisterPage()&amp#27;[0m
    &amp#27;[32mWhen &amp#27;[0m&amp#27;[32mUser input all valid data for teacher&amp#27;[0m        &amp#27;[90m# RegisterSteps.userInputAllValidDataForTeacher()&amp#27;[0m
    &amp#27;[32mAnd &amp#27;[0m&amp#27;[32mUser select "&amp#27;[0m&amp#27;[32m&amp#27;[1mGuru&amp#27;[0m&amp#27;[32m" in Peran field&amp#27;[0m             &amp#27;[90m# RegisterSteps.userSelectStudentInPeranField(String)&amp#27;[0m
    &amp#27;[32mThen &amp#27;[0m&amp#27;[32mUser click Daftar Button&amp#27;[0m                     &amp#27;[90m# RegisterSteps.userClickDaftarButton()&amp#27;[0m
    &amp#27;[32mAnd &amp#27;[0m&amp#27;[32mUser will redirect to Login Page&amp#27;[0m              &amp#27;[90m# RegisterSteps.userWillRedirectToLoginPage()&amp#27;[0m

  @RegisterTeacher
  Scenario Outline: Register Teacher with invalid email format             &amp#27;[90m# features/RegisterTeacher.feature:14&amp#27;[0m
    &amp#27;[36mGiven &amp#27;[0m&amp#27;[36mUser already in GuruMu register pop-up form&amp#27;[0m
    &amp#27;[36mWhen &amp#27;[0m&amp#27;[36mUser input valid data except "<email>" in Email field for teacher&amp#27;[0m
    &amp#27;[36mAnd &amp#27;[0m&amp#27;[36mUser select "Guru" in Peran field&amp#27;[0m
    &amp#27;[36mThen &amp#27;[0m&amp#27;[36mUser click Daftar Button&amp#27;[0m
    &amp#27;[36mAnd &amp#27;[0m&amp#27;[36mUser will see alert message "format email salah"&amp#27;[0m

    Examples: 
]]></system-out>
    <system-err><![CDATA[Starting ChromeDriver 110.0.5481.77 (65ed616c6e8ee3fe0ad64fe83796c020644d42af-refs/branch-heads/5481@{#839}) on port 58741
Only local connections are allowed.
Please see https://chromedriver.chromium.org/security-considerations for suggestions on keeping ChromeDriver safe.
ChromeDriver was started successfully.
[1676551154.470][WARNING]: virtual void DevToolsClientImpl::AddListener(DevToolsEventListener *) subscribing a listener to the already connected DevToolsClient. Connection notification will not arrive.
Feb 16, 2023 7:39:14 PM org.openqa.selenium.remote.ProtocolHandshake createSession
INFO: Detected dialect: W3C
Feb 16, 2023 7:39:14 PM org.openqa.selenium.devtools.CdpVersionFinder findNearestMatch
WARNING: Unable to find an exact match for CDP version 110, so returning the closest version found: a no-op implementation
Feb 16, 2023 7:39:14 PM org.openqa.selenium.devtools.CdpVersionFinder findNearestMatch
INFO: Unable to find CDP implementation matching 110.
Feb 16, 2023 7:39:14 PM org.openqa.selenium.chromium.ChromiumDriver lambda$new$3
WARNING: Unable to find version of CDP to use for . You may need to include a dependency on a specific version of the CDP using something similar to `org.seleniumhq.selenium:selenium-devtools-v86:4.1.2` where the version ("v86") matches the version of the chromium-based browser you're using and the version number of the artifact is the same as Selenium's.
]]></system-err>
  </testcase>
  <testcase name="When User input valid data except &quot;agusgmail@.com&quot; in Email field for student" classname="| agusgmail@.com |" time="0"/>
  <testcase name="And User select &quot;Siswa&quot; in Peran field" classname="| agusgmail@.com |" time="0"/>
  <testcase name="Then User click Daftar Button" classname="| agusgmail@.com |" time="0"/>
  <testcase name="Then User click Daftar Button" classname="| agusgmail@.com |" time="0"/>
  <testcase name="And User will see alert message &quot;format email salah&quot;" classname="| agusgmail@.com |" time="0.002">
    <failure message="expected:&lt;[format email salah]&gt; but was:&lt;[validation error]&gt;" type="org.junit.ComparisonFailure"><![CDATA[org.junit.ComparisonFailure: expected:<[format email salah]> but was:<[validation error]>
]]></failure>
  </testcase>
  <testcase name="And User will see alert message &quot;format email salah&quot;" classname="| agusgmail@.com |" time="0"/>
  <testcase name="" classname="| agusgmail@.com |" time="0.002">
    <failure message="expected:&lt;[format email salah]&gt; but was:&lt;[validation error]&gt;" type="org.junit.ComparisonFailure"><![CDATA[org.junit.ComparisonFailure: expected:<[format email salah]> but was:<[validation error]>
]]></failure>
  </testcase>
  <testcase name="" classname="| agusgmail@.com |" time="0.115"/>
  <testcase name="When User input valid data except &quot;agusgmail@.com&quot; in Email field for teacher" classname="| agusgmail@.com |" time="0"/>
  <testcase name="And User select &quot;Guru&quot; in Peran field" classname="| agusgmail@.com |" time="0"/>
  <testcase name="Given User already in GuruMu register pop-up form" classname="| agus31@gmailcom |" time="0">
    <system-out><![CDATA[
  @Register @RegisterStudent @Test
  Scenario Outline: Register Student with invalid email format                    &amp#27;[90m# features/RegisterStudent.feature:22&amp#27;[0m
    &amp#27;[32mGiven &amp#27;[0m&amp#27;[32mUser already in GuruMu register pop-up form&amp#27;[0m                             &amp#27;[90m# RegisterSteps.alreadyInRegisterPage()&amp#27;[0m
    &amp#27;[32mWhen &amp#27;[0m&amp#27;[32mUser input valid data except "&amp#27;[0m&amp#27;[32m&amp#27;[1magusgmail@.com&amp#27;[0m&amp#27;[32m" in Email field for student&amp#27;[0m &amp#27;[90m# RegisterSteps.userInputValidDataExceptInEmailField(String)&amp#27;[0m
    &amp#27;[32mAnd &amp#27;[0m&amp#27;[32mUser select "&amp#27;[0m&amp#27;[32m&amp#27;[1mSiswa&amp#27;[0m&amp#27;[32m" in Peran field&amp#27;[0m                                        &amp#27;[90m# RegisterSteps.userSelectStudentInPeranField(String)&amp#27;[0m
    &amp#27;[32mThen &amp#27;[0m&amp#27;[32mUser click Daftar Button&amp#27;[0m                                                 &amp#27;[90m# RegisterSteps.userClickDaftarButton()&amp#27;[0m
    &amp#27;[31mAnd &amp#27;[0m&amp#27;[31mUser will see alert message "&amp#27;[0m&amp#27;[31m&amp#27;[1mformat email salah&amp#27;[0m&amp#27;[31m"&amp#27;[0m                          &amp#27;[90m# RegisterSteps.userWillSeeAlertMessages(String)&amp#27;[0m
      &amp#27;[31morg.junit.ComparisonFailure: expected:<[format email salah]> but was:<[validation error]>
      	at org.junit.Assert.assertEquals(Assert.java:115)
      	at org.junit.Assert.assertEquals(Assert.java:144)
      	at step_definitions.RegisterSteps.userWillSeeAlertMessages(RegisterSteps.java:125)
      	at ✽.And User will see alert message "format email salah"(features/RegisterStudent.feature:19)
      &amp#27;[0m
]]></system-out>
    <system-err><![CDATA[Starting ChromeDriver 110.0.5481.77 (65ed616c6e8ee3fe0ad64fe83796c020644d42af-refs/branch-heads/5481@{#839}) on port 58248
Only local connections are allowed.
Please see https://chromedriver.chromium.org/security-considerations for suggestions on keeping ChromeDriver safe.
ChromeDriver was started successfully.
[1676550839.425][WARNING]: virtual void DevToolsClientImpl::AddListener(DevToolsEventListener *) subscribing a listener to the already connected DevToolsClient. Connection notification will not arrive.
Feb 16, 2023 7:33:59 PM org.openqa.selenium.remote.ProtocolHandshake createSession
INFO: Detected dialect: W3C
Feb 16, 2023 7:33:59 PM org.openqa.selenium.devtools.CdpVersionFinder findNearestMatch
WARNING: Unable to find an exact match for CDP version 110, so returning the closest version found: a no-op implementation
Feb 16, 2023 7:33:59 PM org.openqa.selenium.devtools.CdpVersionFinder findNearestMatch
INFO: Unable to find CDP implementation matching 110.
Feb 16, 2023 7:33:59 PM org.openqa.selenium.chromium.ChromiumDriver lambda$new$3
WARNING: Unable to find version of CDP to use for . You may need to include a dependency on a specific version of the CDP using something similar to `org.seleniumhq.selenium:selenium-devtools-v86:4.1.2` where the version ("v86") matches the version of the chromium-based browser you're using and the version number of the artifact is the same as Selenium's.
]]></system-err>
  </testcase>
  <testcase name="When User input valid data except &quot;agus31@gmailcom&quot; in Email field for student" classname="| agus31@gmailcom |" time="0"/>
  <testcase name="And User select &quot;Siswa&quot; in Peran field" classname="| agus31@gmailcom |" time="0"/>
  <testcase name="Then User click Daftar Button" classname="| agus31@gmailcom |" time="0"/>
  <testcase name="And User will see alert message &quot;format email salah&quot;" classname="| agus31@gmailcom |" time="0.002">
    <failure message="expected:&lt;[format email salah]&gt; but was:&lt;[validation error]&gt;" type="org.junit.ComparisonFailure"><![CDATA[org.junit.ComparisonFailure: expected:<[format email salah]> but was:<[validation error]>
]]></failure>
  </testcase>
  <testcase name="" classname="| agus31@gmailcom |" time="0.002">
    <failure message="expected:&lt;[format email salah]&gt; but was:&lt;[validation error]&gt;" type="org.junit.ComparisonFailure"><![CDATA[org.junit.ComparisonFailure: expected:<[format email salah]> but was:<[validation error]>
]]></failure>
  </testcase>
  <testcase name="Given User already in GuruMu register pop-up form" classname="| agus@opiqew.com |" time="0.001">
    <system-out><![CDATA[
  @Register @RegisterStudent @Test
  Scenario Outline: Register Student with invalid email format                     &amp#27;[90m# features/RegisterStudent.feature:23&amp#27;[0m
    &amp#27;[32mGiven &amp#27;[0m&amp#27;[32mUser already in GuruMu register pop-up form&amp#27;[0m                              &amp#27;[90m# RegisterSteps.alreadyInRegisterPage()&amp#27;[0m
    &amp#27;[32mWhen &amp#27;[0m&amp#27;[32mUser input valid data except "&amp#27;[0m&amp#27;[32m&amp#27;[1magus31@gmailcom&amp#27;[0m&amp#27;[32m" in Email field for student&amp#27;[0m &amp#27;[90m# RegisterSteps.userInputValidDataExceptInEmailField(String)&amp#27;[0m
    &amp#27;[32mAnd &amp#27;[0m&amp#27;[32mUser select "&amp#27;[0m&amp#27;[32m&amp#27;[1mSiswa&amp#27;[0m&amp#27;[32m" in Peran field&amp#27;[0m                                         &amp#27;[90m# RegisterSteps.userSelectStudentInPeranField(String)&amp#27;[0m
    &amp#27;[32mThen &amp#27;[0m&amp#27;[32mUser click Daftar Button&amp#27;[0m                                                  &amp#27;[90m# RegisterSteps.userClickDaftarButton()&amp#27;[0m
    &amp#27;[31mAnd &amp#27;[0m&amp#27;[31mUser will see alert message "&amp#27;[0m&amp#27;[31m&amp#27;[1mformat email salah&amp#27;[0m&amp#27;[31m"&amp#27;[0m                           &amp#27;[90m# RegisterSteps.userWillSeeAlertMessages(String)&amp#27;[0m
      &amp#27;[31morg.junit.ComparisonFailure: expected:<[format email salah]> but was:<[validation error]>
      	at org.junit.Assert.assertEquals(Assert.java:115)
      	at org.junit.Assert.assertEquals(Assert.java:144)
      	at step_definitions.RegisterSteps.userWillSeeAlertMessages(RegisterSteps.java:125)
      	at ✽.And User will see alert message "format email salah"(features/RegisterStudent.feature:19)
      &amp#27;[0m
]]></system-out>
    <system-err><![CDATA[Starting ChromeDriver 110.0.5481.77 (65ed616c6e8ee3fe0ad64fe83796c020644d42af-refs/branch-heads/5481@{#839}) on port 52786
Only local connections are allowed.
Please see https://chromedriver.chromium.org/security-considerations for suggestions on keeping ChromeDriver safe.
ChromeDriver was started successfully.
[1676550866.576][WARNING]: virtual void DevToolsClientImpl::AddListener(DevToolsEventListener *) subscribing a listener to the already connected DevToolsClient. Connection notification will not arrive.
Feb 16, 2023 7:34:26 PM org.openqa.selenium.remote.ProtocolHandshake createSession
INFO: Detected dialect: W3C
Feb 16, 2023 7:34:26 PM org.openqa.selenium.devtools.CdpVersionFinder findNearestMatch
WARNING: Unable to find an exact match for CDP version 110, so returning the closest version found: a no-op implementation
Feb 16, 2023 7:34:26 PM org.openqa.selenium.devtools.CdpVersionFinder findNearestMatch
INFO: Unable to find CDP implementation matching 110.
Feb 16, 2023 7:34:26 PM org.openqa.selenium.chromium.ChromiumDriver lambda$new$3
WARNING: Unable to find version of CDP to use for . You may need to include a dependency on a specific version of the CDP using something similar to `org.seleniumhq.selenium:selenium-devtools-v86:4.1.2` where the version ("v86") matches the version of the chromium-based browser you're using and the version number of the artifact is the same as Selenium's.
]]></system-err>
  </testcase>
  <testcase name="Given User already in GuruMu register pop-up form" classname="| agus@opiqew.com |" time="0">
    <system-out><![CDATA[
  @Register @RegisterTeacher @Test
  Scenario Outline: Register Teacher with invalid email format                     &amp#27;[90m# features/RegisterTeacher.feature:23&amp#27;[0m
    &amp#27;[32mGiven &amp#27;[0m&amp#27;[32mUser already in GuruMu register pop-up form&amp#27;[0m                              &amp#27;[90m# RegisterSteps.alreadyInRegisterPage()&amp#27;[0m
    &amp#27;[32mWhen &amp#27;[0m&amp#27;[32mUser input valid data except "&amp#27;[0m&amp#27;[32m&amp#27;[1magus12@gmailcom&amp#27;[0m&amp#27;[32m" in Email field for teacher&amp#27;[0m &amp#27;[90m# RegisterSteps.userInputValidDataExceptInEmailFieldForTeacher(String)&amp#27;[0m
    &amp#27;[32mAnd &amp#27;[0m&amp#27;[32mUser select "&amp#27;[0m&amp#27;[32m&amp#27;[1mGuru&amp#27;[0m&amp#27;[32m" in Peran field&amp#27;[0m                                          &amp#27;[90m# RegisterSteps.userSelectStudentInPeranField(String)&amp#27;[0m
    &amp#27;[32mThen &amp#27;[0m&amp#27;[32mUser click Daftar Button&amp#27;[0m                                                  &amp#27;[90m# RegisterSteps.userClickDaftarButton()&amp#27;[0m
    &amp#27;[31mAnd &amp#27;[0m&amp#27;[31mUser will see alert message "&amp#27;[0m&amp#27;[31m&amp#27;[1mformat email salah&amp#27;[0m&amp#27;[31m"&amp#27;[0m                           &amp#27;[90m# RegisterSteps.userWillSeeAlertMessages(String)&amp#27;[0m
      &amp#27;[31morg.junit.ComparisonFailure: expected:<[format email salah]> but was:<[data sudah terdaftar]>
      	at org.junit.Assert.assertEquals(Assert.java:115)
      	at org.junit.Assert.assertEquals(Assert.java:144)
      	at step_definitions.RegisterSteps.userWillSeeAlertMessages(RegisterSteps.java:125)
      	at ✽.And User will see alert message "format email salah"(features/RegisterTeacher.feature:19)
      &amp#27;[0m
]]></system-out>
    <system-err><![CDATA[Starting ChromeDriver 110.0.5481.77 (65ed616c6e8ee3fe0ad64fe83796c020644d42af-refs/branch-heads/5481@{#839}) on port 50401
Only local connections are allowed.
Please see https://chromedriver.chromium.org/security-considerations for suggestions on keeping ChromeDriver safe.
ChromeDriver was started successfully.
[1676551216.492][WARNING]: virtual void DevToolsClientImpl::AddListener(DevToolsEventListener *) subscribing a listener to the already connected DevToolsClient. Connection notification will not arrive.
Feb 16, 2023 7:40:16 PM org.openqa.selenium.remote.ProtocolHandshake createSession
INFO: Detected dialect: W3C
Feb 16, 2023 7:40:16 PM org.openqa.selenium.devtools.CdpVersionFinder findNearestMatch
WARNING: Unable to find an exact match for CDP version 110, so returning the closest version found: a no-op implementation
Feb 16, 2023 7:40:16 PM org.openqa.selenium.devtools.CdpVersionFinder findNearestMatch
INFO: Unable to find CDP implementation matching 110.
Feb 16, 2023 7:40:16 PM org.openqa.selenium.chromium.ChromiumDriver lambda$new$3
WARNING: Unable to find version of CDP to use for . You may need to include a dependency on a specific version of the CDP using something similar to `org.seleniumhq.selenium:selenium-devtools-v86:4.1.2` where the version ("v86") matches the version of the chromium-based browser you're using and the version number of the artifact is the same as Selenium's.
]]></system-err>
  </testcase>
  <testcase name="When User input valid data except &quot;agus@opiqew.com&quot; in Email field for student" classname="| agus@opiqew.com |" time="0"/>
  <testcase name="And User select &quot;Siswa&quot; in Peran field" classname="| agus@opiqew.com |" time="0.001"/>
  <testcase name="Then User click Daftar Button" classname="| agus@opiqew.com |" time="0.001"/>
  <testcase name="Then User click Daftar Button" classname="| agus@opiqew.com |" time="0"/>
  <testcase name="And User will see alert message &quot;format email salah&quot;" classname="| agus@opiqew.com |" time="0.003">
    <failure message="expected:&lt;[format email salah]&gt; but was:&lt;[data sudah terdaftar]&gt;" type="org.junit.ComparisonFailure"><![CDATA[org.junit.ComparisonFailure: expected:<[format email salah]> but was:<[data sudah terdaftar]>
]]></failure>
  </testcase>
  <testcase name="And User will see alert message &quot;format email salah&quot;" classname="| agus@opiqew.com |" time="0.004">
    <failure message="expected:&lt;[format email salah]&gt; but was:&lt;[data sudah terdaftar]&gt;" type="org.junit.ComparisonFailure"><![CDATA[org.junit.ComparisonFailure: expected:<[format email salah]> but was:<[data sudah terdaftar]>
]]></failure>
  </testcase>
  <testcase name="" classname="| agus@opiqew.com |" time="0.003">
    <failure message="expected:&lt;[format email salah]&gt; but was:&lt;[data sudah terdaftar]&gt;" type="org.junit.ComparisonFailure"><![CDATA[org.junit.ComparisonFailure: expected:<[format email salah]> but was:<[data sudah terdaftar]>
]]></failure>
  </testcase>
  <testcase name="" classname="| agus@opiqew.com |" time="0.004">
    <failure message="expected:&lt;[format email salah]&gt; but was:&lt;[data sudah terdaftar]&gt;" type="org.junit.ComparisonFailure"><![CDATA[org.junit.ComparisonFailure: expected:<[format email salah]> but was:<[data sudah terdaftar]>
]]></failure>
  </testcase>
  <testcase name="When User input valid data except &quot;agus@opiqew.com&quot; in Email field for teacher" classname="| agus@opiqew.com |" time="0"/>
  <testcase name="And User select &quot;Guru&quot; in Peran field" classname="| agus@opiqew.com |" time="0"/>
  <testcase name="Given User already in GuruMu register pop-up form" classname="| agusganteng |" time="0">
    <system-out><![CDATA[
  @Register @RegisterStudent @Test
  Scenario Outline: Register Student with invalid email format                     &amp#27;[90m# features/RegisterStudent.feature:24&amp#27;[0m
    &amp#27;[32mGiven &amp#27;[0m&amp#27;[32mUser already in GuruMu register pop-up form&amp#27;[0m                              &amp#27;[90m# RegisterSteps.alreadyInRegisterPage()&amp#27;[0m
    &amp#27;[32mWhen &amp#27;[0m&amp#27;[32mUser input valid data except "&amp#27;[0m&amp#27;[32m&amp#27;[1magus@opiqew.com&amp#27;[0m&amp#27;[32m" in Email field for student&amp#27;[0m &amp#27;[90m# RegisterSteps.userInputValidDataExceptInEmailField(String)&amp#27;[0m
    &amp#27;[32mAnd &amp#27;[0m&amp#27;[32mUser select "&amp#27;[0m&amp#27;[32m&amp#27;[1mSiswa&amp#27;[0m&amp#27;[32m" in Peran field&amp#27;[0m                                         &amp#27;[90m# RegisterSteps.userSelectStudentInPeranField(String)&amp#27;[0m
    &amp#27;[32mThen &amp#27;[0m&amp#27;[32mUser click Daftar Button&amp#27;[0m                                                  &amp#27;[90m# RegisterSteps.userClickDaftarButton()&amp#27;[0m
    &amp#27;[31mAnd &amp#27;[0m&amp#27;[31mUser will see alert message "&amp#27;[0m&amp#27;[31m&amp#27;[1mformat email salah&amp#27;[0m&amp#27;[31m"&amp#27;[0m                           &amp#27;[90m# RegisterSteps.userWillSeeAlertMessages(String)&amp#27;[0m
      &amp#27;[31morg.junit.ComparisonFailure: expected:<[format email salah]> but was:<[data sudah terdaftar]>
      	at org.junit.Assert.assertEquals(Assert.java:115)
      	at org.junit.Assert.assertEquals(Assert.java:144)
      	at step_definitions.RegisterSteps.userWillSeeAlertMessages(RegisterSteps.java:125)
      	at ✽.And User will see alert message "format email salah"(features/RegisterStudent.feature:19)
      &amp#27;[0m

  @RegisterStudent
  Scenario Outline: Register Student with invalid password format                &amp#27;[90m# features/RegisterStudent.feature:27&amp#27;[0m
    &amp#27;[36mGiven &amp#27;[0m&amp#27;[36mUser already in GuruMu register pop-up form&amp#27;[0m
    &amp#27;[36mWhen &amp#27;[0m&amp#27;[36mUser input valid data except "<password>" in Password field for student&amp#27;[0m
    &amp#27;[36mAnd &amp#27;[0m&amp#27;[36mUser select "Siswa" in Peran field&amp#27;[0m
    &amp#27;[36mAnd &amp#27;[0m&amp#27;[36mUser cant click Daftar Button&amp#27;[0m

    Examples: 
]]></system-out>
    <system-err><![CDATA[Starting ChromeDriver 110.0.5481.77 (65ed616c6e8ee3fe0ad64fe83796c020644d42af-refs/branch-heads/5481@{#839}) on port 53020
Only local connections are allowed.
Please see https://chromedriver.chromium.org/security-considerations for suggestions on keeping ChromeDriver safe.
ChromeDriver was started successfully.
[1676550894.598][WARNING]: virtual void DevToolsClientImpl::AddListener(DevToolsEventListener *) subscribing a listener to the already connected DevToolsClient. Connection notification will not arrive.
Feb 16, 2023 7:34:54 PM org.openqa.selenium.remote.ProtocolHandshake createSession
INFO: Detected dialect: W3C
Feb 16, 2023 7:34:54 PM org.openqa.selenium.devtools.CdpVersionFinder findNearestMatch
WARNING: Unable to find an exact match for CDP version 110, so returning the closest version found: a no-op implementation
Feb 16, 2023 7:34:54 PM org.openqa.selenium.devtools.CdpVersionFinder findNearestMatch
INFO: Unable to find CDP implementation matching 110.
Feb 16, 2023 7:34:54 PM org.openqa.selenium.chromium.ChromiumDriver lambda$new$3
WARNING: Unable to find version of CDP to use for . You may need to include a dependency on a specific version of the CDP using something similar to `org.seleniumhq.selenium:selenium-devtools-v86:4.1.2` where the version ("v86") matches the version of the chromium-based browser you're using and the version number of the artifact is the same as Selenium's.
]]></system-err>
  </testcase>
  <testcase name="Given User already in GuruMu register pop-up form" classname="| agusganteng |" time="0">
    <system-out><![CDATA[
  @Register @RegisterTeacher @Test
  Scenario Outline: Register Teacher with invalid email format                     &amp#27;[90m# features/RegisterTeacher.feature:24&amp#27;[0m
    &amp#27;[32mGiven &amp#27;[0m&amp#27;[32mUser already in GuruMu register pop-up form&amp#27;[0m                              &amp#27;[90m# RegisterSteps.alreadyInRegisterPage()&amp#27;[0m
    &amp#27;[32mWhen &amp#27;[0m&amp#27;[32mUser input valid data except "&amp#27;[0m&amp#27;[32m&amp#27;[1magus@opiqew.com&amp#27;[0m&amp#27;[32m" in Email field for teacher&amp#27;[0m &amp#27;[90m# RegisterSteps.userInputValidDataExceptInEmailFieldForTeacher(String)&amp#27;[0m
    &amp#27;[32mAnd &amp#27;[0m&amp#27;[32mUser select "&amp#27;[0m&amp#27;[32m&amp#27;[1mGuru&amp#27;[0m&amp#27;[32m" in Peran field&amp#27;[0m                                          &amp#27;[90m# RegisterSteps.userSelectStudentInPeranField(String)&amp#27;[0m
    &amp#27;[32mThen &amp#27;[0m&amp#27;[32mUser click Daftar Button&amp#27;[0m                                                  &amp#27;[90m# RegisterSteps.userClickDaftarButton()&amp#27;[0m
    &amp#27;[31mAnd &amp#27;[0m&amp#27;[31mUser will see alert message "&amp#27;[0m&amp#27;[31m&amp#27;[1mformat email salah&amp#27;[0m&amp#27;[31m"&amp#27;[0m                           &amp#27;[90m# RegisterSteps.userWillSeeAlertMessages(String)&amp#27;[0m
      &amp#27;[31morg.junit.ComparisonFailure: expected:<[format email salah]> but was:<[data sudah terdaftar]>
      	at org.junit.Assert.assertEquals(Assert.java:115)
      	at org.junit.Assert.assertEquals(Assert.java:144)
      	at step_definitions.RegisterSteps.userWillSeeAlertMessages(RegisterSteps.java:125)
      	at ✽.And User will see alert message "format email salah"(features/RegisterTeacher.feature:19)
      &amp#27;[0m

  @RegisterTeacher
  Scenario Outline: Register Teacher with invalid password format                &amp#27;[90m# features/RegisterTeacher.feature:27&amp#27;[0m
    &amp#27;[36mGiven &amp#27;[0m&amp#27;[36mUser already in GuruMu register pop-up form&amp#27;[0m
    &amp#27;[36mWhen &amp#27;[0m&amp#27;[36mUser input valid data except "<password>" in Password field for student&amp#27;[0m
    &amp#27;[36mAnd &amp#27;[0m&amp#27;[36mUser select "Guru" in Peran field&amp#27;[0m
    &amp#27;[36mThen &amp#27;[0m&amp#27;[36mUser cant click Daftar Button&amp#27;[0m

    Examples: 
]]></system-out>
    <system-err><![CDATA[Starting ChromeDriver 110.0.5481.77 (65ed616c6e8ee3fe0ad64fe83796c020644d42af-refs/branch-heads/5481@{#839}) on port 50345
Only local connections are allowed.
Please see https://chromedriver.chromium.org/security-considerations for suggestions on keeping ChromeDriver safe.
ChromeDriver was started successfully.
[1676551245.774][WARNING]: virtual void DevToolsClientImpl::AddListener(DevToolsEventListener *) subscribing a listener to the already connected DevToolsClient. Connection notification will not arrive.
Feb 16, 2023 7:40:45 PM org.openqa.selenium.remote.ProtocolHandshake createSession
INFO: Detected dialect: W3C
Feb 16, 2023 7:40:45 PM org.openqa.selenium.devtools.CdpVersionFinder findNearestMatch
WARNING: Unable to find an exact match for CDP version 110, so returning the closest version found: a no-op implementation
Feb 16, 2023 7:40:46 PM org.openqa.selenium.devtools.CdpVersionFinder findNearestMatch
INFO: Unable to find CDP implementation matching 110.
Feb 16, 2023 7:40:46 PM org.openqa.selenium.chromium.ChromiumDriver lambda$new$3
WARNING: Unable to find version of CDP to use for . You may need to include a dependency on a specific version of the CDP using something similar to `org.seleniumhq.selenium:selenium-devtools-v86:4.1.2` where the version ("v86") matches the version of the chromium-based browser you're using and the version number of the artifact is the same as Selenium's.
]]></system-err>
  </testcase>
  <testcase name="When User input valid data except &quot;agusganteng&quot; in Password field for student" classname="| agusganteng |" time="0"/>
  <testcase name="When User input valid data except &quot;agusganteng&quot; in Password field for student" classname="| agusganteng |" time="0"/>
  <testcase name="And User select &quot;Siswa&quot; in Peran field" classname="| agusganteng |" time="0"/>
  <testcase name="And User cant click Daftar Button" classname="| agusganteng |" time="0.002">
    <failure type="java.lang.AssertionError"><![CDATA[java.lang.AssertionError
]]></failure>
  </testcase>
  <testcase name="" classname="| agusganteng |" time="0.003">
    <failure type="java.lang.AssertionError"><![CDATA[java.lang.AssertionError
]]></failure>
  </testcase>
  <testcase name="" classname="| agusganteng |" time="0.003">
    <failure type="java.lang.AssertionError"><![CDATA[java.lang.AssertionError
]]></failure>
  </testcase>
  <testcase name="And User select &quot;Guru&quot; in Peran field" classname="| agusganteng |" time="0"/>
  <testcase name="Then User cant click Daftar Button" classname="| agusganteng |" time="0.003">
    <failure type="java.lang.AssertionError"><![CDATA[java.lang.AssertionError
]]></failure>
  </testcase>
  <testcase name="Given User already in GuruMu register pop-up form" classname="| agus123 |" time="0">
    <system-out><![CDATA[
  @Register @RegisterStudent @Test
  Scenario Outline: Register Student with invalid password format                 &amp#27;[90m# features/RegisterStudent.feature:34&amp#27;[0m
    &amp#27;[32mGiven &amp#27;[0m&amp#27;[32mUser already in GuruMu register pop-up form&amp#27;[0m                             &amp#27;[90m# RegisterSteps.alreadyInRegisterPage()&amp#27;[0m
    &amp#27;[32mWhen &amp#27;[0m&amp#27;[32mUser input valid data except "&amp#27;[0m&amp#27;[32m&amp#27;[1magusganteng&amp#27;[0m&amp#27;[32m" in Password field for student&amp#27;[0m &amp#27;[90m# RegisterSteps.userInputValidDataExceptInPasswordField(String)&amp#27;[0m
    &amp#27;[32mAnd &amp#27;[0m&amp#27;[32mUser select "&amp#27;[0m&amp#27;[32m&amp#27;[1mSiswa&amp#27;[0m&amp#27;[32m" in Peran field&amp#27;[0m                                        &amp#27;[90m# RegisterSteps.userSelectStudentInPeranField(String)&amp#27;[0m
    &amp#27;[31mAnd &amp#27;[0m&amp#27;[31mUser cant click Daftar Button&amp#27;[0m                                             &amp#27;[90m# RegisterSteps.userCantClickDaftarButton()&amp#27;[0m
      &amp#27;[31mjava.lang.AssertionError
      	at org.junit.Assert.fail(Assert.java:86)
      	at org.junit.Assert.assertTrue(Assert.java:41)
      	at org.junit.Assert.assertFalse(Assert.java:64)
      	at org.junit.Assert.assertFalse(Assert.java:74)
      	at step_definitions.RegisterSteps.userCantClickDaftarButton(RegisterSteps.java:68)
      	at ✽.And User cant click Daftar Button(features/RegisterStudent.feature:31)
      &amp#27;[0m
]]></system-out>
    <system-err><![CDATA[Starting ChromeDriver 110.0.5481.77 (65ed616c6e8ee3fe0ad64fe83796c020644d42af-refs/branch-heads/5481@{#839}) on port 50117
Only local connections are allowed.
Please see https://chromedriver.chromium.org/security-considerations for suggestions on keeping ChromeDriver safe.
ChromeDriver was started successfully.
[1676550920.063][WARNING]: virtual void DevToolsClientImpl::AddListener(DevToolsEventListener *) subscribing a listener to the already connected DevToolsClient. Connection notification will not arrive.
Feb 16, 2023 7:35:20 PM org.openqa.selenium.remote.ProtocolHandshake createSession
INFO: Detected dialect: W3C
Feb 16, 2023 7:35:20 PM org.openqa.selenium.devtools.CdpVersionFinder findNearestMatch
WARNING: Unable to find an exact match for CDP version 110, so returning the closest version found: a no-op implementation
Feb 16, 2023 7:35:20 PM org.openqa.selenium.devtools.CdpVersionFinder findNearestMatch
INFO: Unable to find CDP implementation matching 110.
Feb 16, 2023 7:35:20 PM org.openqa.selenium.chromium.ChromiumDriver lambda$new$3
WARNING: Unable to find version of CDP to use for . You may need to include a dependency on a specific version of the CDP using something similar to `org.seleniumhq.selenium:selenium-devtools-v86:4.1.2` where the version ("v86") matches the version of the chromium-based browser you're using and the version number of the artifact is the same as Selenium's.
]]></system-err>
  </testcase>
  <testcase name="Given User already in GuruMu register pop-up form" classname="| agus123 |" time="0">
    <system-out><![CDATA[
  @Register @RegisterTeacher @Test
  Scenario Outline: Register Teacher with invalid password format                 &amp#27;[90m# features/RegisterTeacher.feature:34&amp#27;[0m
    &amp#27;[32mGiven &amp#27;[0m&amp#27;[32mUser already in GuruMu register pop-up form&amp#27;[0m                             &amp#27;[90m# RegisterSteps.alreadyInRegisterPage()&amp#27;[0m
    &amp#27;[32mWhen &amp#27;[0m&amp#27;[32mUser input valid data except "&amp#27;[0m&amp#27;[32m&amp#27;[1magusganteng&amp#27;[0m&amp#27;[32m" in Password field for student&amp#27;[0m &amp#27;[90m# RegisterSteps.userInputValidDataExceptInPasswordField(String)&amp#27;[0m
    &amp#27;[32mAnd &amp#27;[0m&amp#27;[32mUser select "&amp#27;[0m&amp#27;[32m&amp#27;[1mGuru&amp#27;[0m&amp#27;[32m" in Peran field&amp#27;[0m                                         &amp#27;[90m# RegisterSteps.userSelectStudentInPeranField(String)&amp#27;[0m
    &amp#27;[31mThen &amp#27;[0m&amp#27;[31mUser cant click Daftar Button&amp#27;[0m                                            &amp#27;[90m# RegisterSteps.userCantClickDaftarButton()&amp#27;[0m
      &amp#27;[31mjava.lang.AssertionError
      	at org.junit.Assert.fail(Assert.java:86)
      	at org.junit.Assert.assertTrue(Assert.java:41)
      	at org.junit.Assert.assertFalse(Assert.java:64)
      	at org.junit.Assert.assertFalse(Assert.java:74)
      	at step_definitions.RegisterSteps.userCantClickDaftarButton(RegisterSteps.java:68)
      	at ✽.Then User cant click Daftar Button(features/RegisterTeacher.feature:31)
      &amp#27;[0m
]]></system-out>
    <system-err><![CDATA[Starting ChromeDriver 110.0.5481.77 (65ed616c6e8ee3fe0ad64fe83796c020644d42af-refs/branch-heads/5481@{#839}) on port 65404
Only local connections are allowed.
Please see https://chromedriver.chromium.org/security-considerations for suggestions on keeping ChromeDriver safe.
ChromeDriver was started successfully.
[1676551270.129][WARNING]: virtual void DevToolsClientImpl::AddListener(DevToolsEventListener *) subscribing a listener to the already connected DevToolsClient. Connection notification will not arrive.
Feb 16, 2023 7:41:10 PM org.openqa.selenium.remote.ProtocolHandshake createSession
INFO: Detected dialect: W3C
Feb 16, 2023 7:41:10 PM org.openqa.selenium.devtools.CdpVersionFinder findNearestMatch
WARNING: Unable to find an exact match for CDP version 110, so returning the closest version found: a no-op implementation
Feb 16, 2023 7:41:10 PM org.openqa.selenium.devtools.CdpVersionFinder findNearestMatch
INFO: Unable to find CDP implementation matching 110.
Feb 16, 2023 7:41:10 PM org.openqa.selenium.chromium.ChromiumDriver lambda$new$3
WARNING: Unable to find version of CDP to use for . You may need to include a dependency on a specific version of the CDP using something similar to `org.seleniumhq.selenium:selenium-devtools-v86:4.1.2` where the version ("v86") matches the version of the chromium-based browser you're using and the version number of the artifact is the same as Selenium's.
]]></system-err>
  </testcase>
  <testcase name="When User input valid data except &quot;agus123&quot; in Password field for student" classname="| agus123 |" time="0"/>
  <testcase name="When User input valid data except &quot;agus123&quot; in Password field for student" classname="| agus123 |" time="0"/>
  <testcase name="And User select &quot;Siswa&quot; in Peran field" classname="| agus123 |" time="0"/>
  <testcase name="And User cant click Daftar Button" classname="| agus123 |" time="0.002">
    <failure type="java.lang.AssertionError"><![CDATA[java.lang.AssertionError
]]></failure>
  </testcase>
  <testcase name="" classname="| agus123 |" time="0.002">
    <failure type="java.lang.AssertionError"><![CDATA[java.lang.AssertionError
]]></failure>
  </testcase>
  <testcase name="" classname="| agus123 |" time="0.004">
    <failure type="java.lang.AssertionError"><![CDATA[java.lang.AssertionError
]]></failure>
  </testcase>
  <testcase name="And User select &quot;Guru&quot; in Peran field" classname="| agus123 |" time="0"/>
  <testcase name="Then User cant click Daftar Button" classname="| agus123 |" time="0.003">
    <failure type="java.lang.AssertionError"><![CDATA[java.lang.AssertionError
]]></failure>
  </testcase>
  <testcase name="Given User already in GuruMu register pop-up form" classname="| 1231313231 |" time="0">
    <system-out><![CDATA[
  @Register @RegisterStudent @Test
  Scenario Outline: Register Student with invalid password format             &amp#27;[90m# features/RegisterStudent.feature:35&amp#27;[0m
    &amp#27;[32mGiven &amp#27;[0m&amp#27;[32mUser already in GuruMu register pop-up form&amp#27;[0m                         &amp#27;[90m# RegisterSteps.alreadyInRegisterPage()&amp#27;[0m
    &amp#27;[32mWhen &amp#27;[0m&amp#27;[32mUser input valid data except "&amp#27;[0m&amp#27;[32m&amp#27;[1magus123&amp#27;[0m&amp#27;[32m" in Password field for student&amp#27;[0m &amp#27;[90m# RegisterSteps.userInputValidDataExceptInPasswordField(String)&amp#27;[0m
    &amp#27;[32mAnd &amp#27;[0m&amp#27;[32mUser select "&amp#27;[0m&amp#27;[32m&amp#27;[1mSiswa&amp#27;[0m&amp#27;[32m" in Peran field&amp#27;[0m                                    &amp#27;[90m# RegisterSteps.userSelectStudentInPeranField(String)&amp#27;[0m
    &amp#27;[31mAnd &amp#27;[0m&amp#27;[31mUser cant click Daftar Button&amp#27;[0m                                         &amp#27;[90m# RegisterSteps.userCantClickDaftarButton()&amp#27;[0m
      &amp#27;[31mjava.lang.AssertionError
      	at org.junit.Assert.fail(Assert.java:86)
      	at org.junit.Assert.assertTrue(Assert.java:41)
      	at org.junit.Assert.assertFalse(Assert.java:64)
      	at org.junit.Assert.assertFalse(Assert.java:74)
      	at step_definitions.RegisterSteps.userCantClickDaftarButton(RegisterSteps.java:68)
      	at ✽.And User cant click Daftar Button(features/RegisterStudent.feature:31)
      &amp#27;[0m
]]></system-out>
    <system-err><![CDATA[Starting ChromeDriver 110.0.5481.77 (65ed616c6e8ee3fe0ad64fe83796c020644d42af-refs/branch-heads/5481@{#839}) on port 59313
Only local connections are allowed.
Please see https://chromedriver.chromium.org/security-considerations for suggestions on keeping ChromeDriver safe.
ChromeDriver was started successfully.
[1676550942.926][WARNING]: virtual void DevToolsClientImpl::AddListener(DevToolsEventListener *) subscribing a listener to the already connected DevToolsClient. Connection notification will not arrive.
Feb 16, 2023 7:35:43 PM org.openqa.selenium.remote.ProtocolHandshake createSession
INFO: Detected dialect: W3C
Feb 16, 2023 7:35:43 PM org.openqa.selenium.devtools.CdpVersionFinder findNearestMatch
WARNING: Unable to find an exact match for CDP version 110, so returning the closest version found: a no-op implementation
Feb 16, 2023 7:35:43 PM org.openqa.selenium.devtools.CdpVersionFinder findNearestMatch
INFO: Unable to find CDP implementation matching 110.
Feb 16, 2023 7:35:43 PM org.openqa.selenium.chromium.ChromiumDriver lambda$new$3
WARNING: Unable to find version of CDP to use for . You may need to include a dependency on a specific version of the CDP using something similar to `org.seleniumhq.selenium:selenium-devtools-v86:4.1.2` where the version ("v86") matches the version of the chromium-based browser you're using and the version number of the artifact is the same as Selenium's.
]]></system-err>
  </testcase>
  <testcase name="Given User already in GuruMu register pop-up form" classname="| 1231313231 |" time="0">
    <system-out><![CDATA[
  @Register @RegisterTeacher @Test
  Scenario Outline: Register Teacher with invalid password format             &amp#27;[90m# features/RegisterTeacher.feature:35&amp#27;[0m
    &amp#27;[32mGiven &amp#27;[0m&amp#27;[32mUser already in GuruMu register pop-up form&amp#27;[0m                         &amp#27;[90m# RegisterSteps.alreadyInRegisterPage()&amp#27;[0m
    &amp#27;[32mWhen &amp#27;[0m&amp#27;[32mUser input valid data except "&amp#27;[0m&amp#27;[32m&amp#27;[1magus123&amp#27;[0m&amp#27;[32m" in Password field for student&amp#27;[0m &amp#27;[90m# RegisterSteps.userInputValidDataExceptInPasswordField(String)&amp#27;[0m
    &amp#27;[32mAnd &amp#27;[0m&amp#27;[32mUser select "&amp#27;[0m&amp#27;[32m&amp#27;[1mGuru&amp#27;[0m&amp#27;[32m" in Peran field&amp#27;[0m                                     &amp#27;[90m# RegisterSteps.userSelectStudentInPeranField(String)&amp#27;[0m
    &amp#27;[31mThen &amp#27;[0m&amp#27;[31mUser cant click Daftar Button&amp#27;[0m                                        &amp#27;[90m# RegisterSteps.userCantClickDaftarButton()&amp#27;[0m
      &amp#27;[31mjava.lang.AssertionError
      	at org.junit.Assert.fail(Assert.java:86)
      	at org.junit.Assert.assertTrue(Assert.java:41)
      	at org.junit.Assert.assertFalse(Assert.java:64)
      	at org.junit.Assert.assertFalse(Assert.java:74)
      	at step_definitions.RegisterSteps.userCantClickDaftarButton(RegisterSteps.java:68)
      	at ✽.Then User cant click Daftar Button(features/RegisterTeacher.feature:31)
      &amp#27;[0m
]]></system-out>
    <system-err><![CDATA[Starting ChromeDriver 110.0.5481.77 (65ed616c6e8ee3fe0ad64fe83796c020644d42af-refs/branch-heads/5481@{#839}) on port 54702
Only local connections are allowed.
Please see https://chromedriver.chromium.org/security-considerations for suggestions on keeping ChromeDriver safe.
ChromeDriver was started successfully.
[1676551291.759][WARNING]: virtual void DevToolsClientImpl::AddListener(DevToolsEventListener *) subscribing a listener to the already connected DevToolsClient. Connection notification will not arrive.
Feb 16, 2023 7:41:31 PM org.openqa.selenium.remote.ProtocolHandshake createSession
INFO: Detected dialect: W3C
Feb 16, 2023 7:41:31 PM org.openqa.selenium.devtools.CdpVersionFinder findNearestMatch
WARNING: Unable to find an exact match for CDP version 110, so returning the closest version found: a no-op implementation
Feb 16, 2023 7:41:31 PM org.openqa.selenium.devtools.CdpVersionFinder findNearestMatch
INFO: Unable to find CDP implementation matching 110.
Feb 16, 2023 7:41:31 PM org.openqa.selenium.chromium.ChromiumDriver lambda$new$3
WARNING: Unable to find version of CDP to use for . You may need to include a dependency on a specific version of the CDP using something similar to `org.seleniumhq.selenium:selenium-devtools-v86:4.1.2` where the version ("v86") matches the version of the chromium-based browser you're using and the version number of the artifact is the same as Selenium's.
]]></system-err>
  </testcase>
  <testcase name="When User input valid data except &quot;1231313231&quot; in Password field for student" classname="| 1231313231 |" time="0"/>
  <testcase name="When User input valid data except &quot;1231313231&quot; in Password field for student" classname="| 1231313231 |" time="0"/>
  <testcase name="And User select &quot;Siswa&quot; in Peran field" classname="| 1231313231 |" time="0"/>
  <testcase name="And User cant click Daftar Button" classname="| 1231313231 |" time="0.002">
    <failure type="java.lang.AssertionError"><![CDATA[java.lang.AssertionError
]]></failure>
  </testcase>
  <testcase name="" classname="| 1231313231 |" time="0.003">
    <failure type="java.lang.AssertionError"><![CDATA[java.lang.AssertionError
]]></failure>
  </testcase>
  <testcase name="" classname="| 1231313231 |" time="0.003">
    <failure type="java.lang.AssertionError"><![CDATA[java.lang.AssertionError
]]></failure>
  </testcase>
  <testcase name="And User select &quot;Guru&quot; in Peran field" classname="| 1231313231 |" time="0"/>
  <testcase name="Then User cant click Daftar Button" classname="| 1231313231 |" time="0.002">
    <failure type="java.lang.AssertionError"><![CDATA[java.lang.AssertionError
]]></failure>
  </testcase>
  <testcase name="Given User already in GuruMu register pop-up form" classname="| ^&amp;*&amp;&amp;^*@!# |" time="0">
    <system-out><![CDATA[
  @Register @RegisterStudent @Test
  Scenario Outline: Register Student with invalid password format                &amp#27;[90m# features/RegisterStudent.feature:36&amp#27;[0m
    &amp#27;[32mGiven &amp#27;[0m&amp#27;[32mUser already in GuruMu register pop-up form&amp#27;[0m                            &amp#27;[90m# RegisterSteps.alreadyInRegisterPage()&amp#27;[0m
    &amp#27;[32mWhen &amp#27;[0m&amp#27;[32mUser input valid data except "&amp#27;[0m&amp#27;[32m&amp#27;[1m1231313231&amp#27;[0m&amp#27;[32m" in Password field for student&amp#27;[0m &amp#27;[90m# RegisterSteps.userInputValidDataExceptInPasswordField(String)&amp#27;[0m
    &amp#27;[32mAnd &amp#27;[0m&amp#27;[32mUser select "&amp#27;[0m&amp#27;[32m&amp#27;[1mSiswa&amp#27;[0m&amp#27;[32m" in Peran field&amp#27;[0m                                       &amp#27;[90m# RegisterSteps.userSelectStudentInPeranField(String)&amp#27;[0m
    &amp#27;[31mAnd &amp#27;[0m&amp#27;[31mUser cant click Daftar Button&amp#27;[0m                                            &amp#27;[90m# RegisterSteps.userCantClickDaftarButton()&amp#27;[0m
      &amp#27;[31mjava.lang.AssertionError
      	at org.junit.Assert.fail(Assert.java:86)
      	at org.junit.Assert.assertTrue(Assert.java:41)
      	at org.junit.Assert.assertFalse(Assert.java:64)
      	at org.junit.Assert.assertFalse(Assert.java:74)
      	at step_definitions.RegisterSteps.userCantClickDaftarButton(RegisterSteps.java:68)
      	at ✽.And User cant click Daftar Button(features/RegisterStudent.feature:31)
      &amp#27;[0m
]]></system-out>
    <system-err><![CDATA[Starting ChromeDriver 110.0.5481.77 (65ed616c6e8ee3fe0ad64fe83796c020644d42af-refs/branch-heads/5481@{#839}) on port 51539
Only local connections are allowed.
Please see https://chromedriver.chromium.org/security-considerations for suggestions on keeping ChromeDriver safe.
ChromeDriver was started successfully.
[1676550971.689][WARNING]: virtual void DevToolsClientImpl::AddListener(DevToolsEventListener *) subscribing a listener to the already connected DevToolsClient. Connection notification will not arrive.
Feb 16, 2023 7:36:11 PM org.openqa.selenium.remote.ProtocolHandshake createSession
INFO: Detected dialect: W3C
Feb 16, 2023 7:36:11 PM org.openqa.selenium.devtools.CdpVersionFinder findNearestMatch
WARNING: Unable to find an exact match for CDP version 110, so returning the closest version found: a no-op implementation
Feb 16, 2023 7:36:11 PM org.openqa.selenium.devtools.CdpVersionFinder findNearestMatch
INFO: Unable to find CDP implementation matching 110.
Feb 16, 2023 7:36:11 PM org.openqa.selenium.chromium.ChromiumDriver lambda$new$3
WARNING: Unable to find version of CDP to use for . You may need to include a dependency on a specific version of the CDP using something similar to `org.seleniumhq.selenium:selenium-devtools-v86:4.1.2` where the version ("v86") matches the version of the chromium-based browser you're using and the version number of the artifact is the same as Selenium's.
]]></system-err>
  </testcase>
  <testcase name="Given User already in GuruMu register pop-up form" classname="| ^&amp;*&amp;&amp;^*@!# |" time="0">
    <system-out><![CDATA[
  @Register @RegisterTeacher @Test
  Scenario Outline: Register Teacher with invalid password format                &amp#27;[90m# features/RegisterTeacher.feature:36&amp#27;[0m
    &amp#27;[32mGiven &amp#27;[0m&amp#27;[32mUser already in GuruMu register pop-up form&amp#27;[0m                            &amp#27;[90m# RegisterSteps.alreadyInRegisterPage()&amp#27;[0m
    &amp#27;[32mWhen &amp#27;[0m&amp#27;[32mUser input valid data except "&amp#27;[0m&amp#27;[32m&amp#27;[1m1231313231&amp#27;[0m&amp#27;[32m" in Password field for student&amp#27;[0m &amp#27;[90m# RegisterSteps.userInputValidDataExceptInPasswordField(String)&amp#27;[0m
    &amp#27;[32mAnd &amp#27;[0m&amp#27;[32mUser select "&amp#27;[0m&amp#27;[32m&amp#27;[1mGuru&amp#27;[0m&amp#27;[32m" in Peran field&amp#27;[0m                                        &amp#27;[90m# RegisterSteps.userSelectStudentInPeranField(String)&amp#27;[0m
    &amp#27;[31mThen &amp#27;[0m&amp#27;[31mUser cant click Daftar Button&amp#27;[0m                                           &amp#27;[90m# RegisterSteps.userCantClickDaftarButton()&amp#27;[0m
      &amp#27;[31mjava.lang.AssertionError
      	at org.junit.Assert.fail(Assert.java:86)
      	at org.junit.Assert.assertTrue(Assert.java:41)
      	at org.junit.Assert.assertFalse(Assert.java:64)
      	at org.junit.Assert.assertFalse(Assert.java:74)
      	at step_definitions.RegisterSteps.userCantClickDaftarButton(RegisterSteps.java:68)
      	at ✽.Then User cant click Daftar Button(features/RegisterTeacher.feature:31)
      &amp#27;[0m
]]></system-out>
    <system-err><![CDATA[Starting ChromeDriver 110.0.5481.77 (65ed616c6e8ee3fe0ad64fe83796c020644d42af-refs/branch-heads/5481@{#839}) on port 57301
Only local connections are allowed.
Please see https://chromedriver.chromium.org/security-considerations for suggestions on keeping ChromeDriver safe.
ChromeDriver was started successfully.
[1676551317.357][WARNING]: virtual void DevToolsClientImpl::AddListener(DevToolsEventListener *) subscribing a listener to the already connected DevToolsClient. Connection notification will not arrive.
Feb 16, 2023 7:41:57 PM org.openqa.selenium.remote.ProtocolHandshake createSession
INFO: Detected dialect: W3C
Feb 16, 2023 7:41:57 PM org.openqa.selenium.devtools.CdpVersionFinder findNearestMatch
WARNING: Unable to find an exact match for CDP version 110, so returning the closest version found: a no-op implementation
Feb 16, 2023 7:41:57 PM org.openqa.selenium.devtools.CdpVersionFinder findNearestMatch
INFO: Unable to find CDP implementation matching 110.
Feb 16, 2023 7:41:57 PM org.openqa.selenium.chromium.ChromiumDriver lambda$new$3
WARNING: Unable to find version of CDP to use for . You may need to include a dependency on a specific version of the CDP using something similar to `org.seleniumhq.selenium:selenium-devtools-v86:4.1.2` where the version ("v86") matches the version of the chromium-based browser you're using and the version number of the artifact is the same as Selenium's.
]]></system-err>
  </testcase>
  <testcase name="When User input valid data except &quot;^&amp;*&amp;&amp;^*@!#&quot; in Password field for student" classname="| ^&amp;*&amp;&amp;^*@!# |" time="0"/>
  <testcase name="When User input valid data except &quot;^&amp;*&amp;&amp;^*@!#&quot; in Password field for student" classname="| ^&amp;*&amp;&amp;^*@!# |" time="0"/>
  <testcase name="And User select &quot;Siswa&quot; in Peran field" classname="| ^&amp;*&amp;&amp;^*@!# |" time="0.002"/>
  <testcase name="And User cant click Daftar Button" classname="| ^&amp;*&amp;&amp;^*@!# |" time="0.004">
    <failure type="java.lang.AssertionError"><![CDATA[java.lang.AssertionError
]]></failure>
  </testcase>
  <testcase name="" classname="| ^&amp;*&amp;&amp;^*@!# |" time="0.005">
    <failure type="java.lang.AssertionError"><![CDATA[java.lang.AssertionError
]]></failure>
  </testcase>
  <testcase name="" classname="| ^&amp;*&amp;&amp;^*@!# |" time="0.002">
    <failure type="java.lang.AssertionError"><![CDATA[java.lang.AssertionError
]]></failure>
  </testcase>
  <testcase name="And User select &quot;Guru&quot; in Peran field" classname="| ^&amp;*&amp;&amp;^*@!# |" time="0.001"/>
  <testcase name="Then User cant click Daftar Button" classname="| ^&amp;*&amp;&amp;^*@!# |" time="0.002">
    <failure type="java.lang.AssertionError"><![CDATA[java.lang.AssertionError
]]></failure>
  </testcase>
  <testcase name="Given User already in GuruMu register pop-up form" classname="Scenario: Register Student with registered user" time="0">
    <system-out><![CDATA[
  @Register @RegisterStudent @Test
  Scenario Outline: Register Student with invalid password format                &amp#27;[90m# features/RegisterStudent.feature:37&amp#27;[0m
    &amp#27;[32mGiven &amp#27;[0m&amp#27;[32mUser already in GuruMu register pop-up form&amp#27;[0m                            &amp#27;[90m# RegisterSteps.alreadyInRegisterPage()&amp#27;[0m
    &amp#27;[32mWhen &amp#27;[0m&amp#27;[32mUser input valid data except "&amp#27;[0m&amp#27;[32m&amp#27;[1m^&*&&^*@!#&amp#27;[0m&amp#27;[32m" in Password field for student&amp#27;[0m &amp#27;[90m# RegisterSteps.userInputValidDataExceptInPasswordField(String)&amp#27;[0m
    &amp#27;[32mAnd &amp#27;[0m&amp#27;[32mUser select "&amp#27;[0m&amp#27;[32m&amp#27;[1mSiswa&amp#27;[0m&amp#27;[32m" in Peran field&amp#27;[0m                                       &amp#27;[90m# RegisterSteps.userSelectStudentInPeranField(String)&amp#27;[0m
    &amp#27;[31mAnd &amp#27;[0m&amp#27;[31mUser cant click Daftar Button&amp#27;[0m                                            &amp#27;[90m# RegisterSteps.userCantClickDaftarButton()&amp#27;[0m
      &amp#27;[31mjava.lang.AssertionError
      	at org.junit.Assert.fail(Assert.java:86)
      	at org.junit.Assert.assertTrue(Assert.java:41)
      	at org.junit.Assert.assertFalse(Assert.java:64)
      	at org.junit.Assert.assertFalse(Assert.java:74)
      	at step_definitions.RegisterSteps.userCantClickDaftarButton(RegisterSteps.java:68)
      	at ✽.And User cant click Daftar Button(features/RegisterStudent.feature:31)
      &amp#27;[0m
]]></system-out>
    <system-err><![CDATA[Starting ChromeDriver 110.0.5481.77 (65ed616c6e8ee3fe0ad64fe83796c020644d42af-refs/branch-heads/5481@{#839}) on port 60018
Only local connections are allowed.
Please see https://chromedriver.chromium.org/security-considerations for suggestions on keeping ChromeDriver safe.
ChromeDriver was started successfully.
[1676550994.913][WARNING]: virtual void DevToolsClientImpl::AddListener(DevToolsEventListener *) subscribing a listener to the already connected DevToolsClient. Connection notification will not arrive.
Feb 16, 2023 7:36:35 PM org.openqa.selenium.remote.ProtocolHandshake createSession
INFO: Detected dialect: W3C
Feb 16, 2023 7:36:35 PM org.openqa.selenium.devtools.CdpVersionFinder findNearestMatch
WARNING: Unable to find an exact match for CDP version 110, so returning the closest version found: a no-op implementation
Feb 16, 2023 7:36:35 PM org.openqa.selenium.devtools.CdpVersionFinder findNearestMatch
INFO: Unable to find CDP implementation matching 110.
Feb 16, 2023 7:36:35 PM org.openqa.selenium.chromium.ChromiumDriver lambda$new$3
WARNING: Unable to find version of CDP to use for . You may need to include a dependency on a specific version of the CDP using something similar to `org.seleniumhq.selenium:selenium-devtools-v86:4.1.2` where the version ("v86") matches the version of the chromium-based browser you're using and the version number of the artifact is the same as Selenium's.
]]></system-err>
  </testcase>
  <testcase name="Given User already in GuruMu register pop-up form" classname="Scenario: Register Student with registered user" time="0">
    <system-out><![CDATA[
  @Register @RegisterTeacher @Test
  Scenario Outline: Register Teacher with invalid password format                &amp#27;[90m# features/RegisterTeacher.feature:37&amp#27;[0m
    &amp#27;[32mGiven &amp#27;[0m&amp#27;[32mUser already in GuruMu register pop-up form&amp#27;[0m                            &amp#27;[90m# RegisterSteps.alreadyInRegisterPage()&amp#27;[0m
    &amp#27;[32mWhen &amp#27;[0m&amp#27;[32mUser input valid data except "&amp#27;[0m&amp#27;[32m&amp#27;[1m^&*&&^*@!#&amp#27;[0m&amp#27;[32m" in Password field for student&amp#27;[0m &amp#27;[90m# RegisterSteps.userInputValidDataExceptInPasswordField(String)&amp#27;[0m
    &amp#27;[32mAnd &amp#27;[0m&amp#27;[32mUser select "&amp#27;[0m&amp#27;[32m&amp#27;[1mGuru&amp#27;[0m&amp#27;[32m" in Peran field&amp#27;[0m                                        &amp#27;[90m# RegisterSteps.userSelectStudentInPeranField(String)&amp#27;[0m
    &amp#27;[31mThen &amp#27;[0m&amp#27;[31mUser cant click Daftar Button&amp#27;[0m                                           &amp#27;[90m# RegisterSteps.userCantClickDaftarButton()&amp#27;[0m
      &amp#27;[31mjava.lang.AssertionError
      	at org.junit.Assert.fail(Assert.java:86)
      	at org.junit.Assert.assertTrue(Assert.java:41)
      	at org.junit.Assert.assertFalse(Assert.java:64)
      	at org.junit.Assert.assertFalse(Assert.java:74)
      	at step_definitions.RegisterSteps.userCantClickDaftarButton(RegisterSteps.java:68)
      	at ✽.Then User cant click Daftar Button(features/RegisterTeacher.feature:31)
      &amp#27;[0m
]]></system-out>
    <system-err><![CDATA[Starting ChromeDriver 110.0.5481.77 (65ed616c6e8ee3fe0ad64fe83796c020644d42af-refs/branch-heads/5481@{#839}) on port 62189
Only local connections are allowed.
Please see https://chromedriver.chromium.org/security-considerations for suggestions on keeping ChromeDriver safe.
ChromeDriver was started successfully.
[1676551339.044][WARNING]: virtual void DevToolsClientImpl::AddListener(DevToolsEventListener *) subscribing a listener to the already connected DevToolsClient. Connection notification will not arrive.
Feb 16, 2023 7:42:19 PM org.openqa.selenium.remote.ProtocolHandshake createSession
INFO: Detected dialect: W3C
Feb 16, 2023 7:42:19 PM org.openqa.selenium.devtools.CdpVersionFinder findNearestMatch
WARNING: Unable to find an exact match for CDP version 110, so returning the closest version found: a no-op implementation
Feb 16, 2023 7:42:19 PM org.openqa.selenium.devtools.CdpVersionFinder findNearestMatch
INFO: Unable to find CDP implementation matching 110.
Feb 16, 2023 7:42:19 PM org.openqa.selenium.chromium.ChromiumDriver lambda$new$3
WARNING: Unable to find version of CDP to use for . You may need to include a dependency on a specific version of the CDP using something similar to `org.seleniumhq.selenium:selenium-devtools-v86:4.1.2` where the version ("v86") matches the version of the chromium-based browser you're using and the version number of the artifact is the same as Selenium's.
]]></system-err>
  </testcase>
  <testcase name="When User input registered user data" classname="Scenario: Register Student with registered user" time="0"/>
  <testcase name="When User input registered user data" classname="Scenario: Register Student with registered user" time="0"/>
  <testcase name="And User select &quot;Siswa&quot; in Peran field" classname="Scenario: Register Student with registered user" time="0"/>
  <testcase name="Then User click Daftar Button" classname="Scenario: Register Student with registered user" time="0"/>
  <testcase name="Then User click Daftar Button" classname="Scenario: Register Student with registered user" time="0"/>
  <testcase name="And User will see alert message &quot;data sudah terdaftar&quot;" classname="Scenario: Register Student with registered user" time="0"/>
  <testcase name="And User will see alert message &quot;data sudah terdaftar&quot;" classname="Scenario: Register Student with registered user" time="0"/>
  <testcase name="" classname="Scenario: Register Student with registered user" time="0.115"/>
  <testcase name="" classname="Scenario: Register Student with registered user" time="0.16"/>
  <testcase name="And User select &quot;Guru&quot; in Peran field" classname="Scenario: Register Student with registered user" time="0"/>
  <testcase name="Given User already in GuruMu register pop-up form" classname="Scenario: Register Student without name" time="0">
    <system-out><![CDATA[
  @RegisterStudent
  Scenario: Register Student with registered user          &amp#27;[90m# features/RegisterStudent.feature:40&amp#27;[0m
    &amp#27;[32mGiven &amp#27;[0m&amp#27;[32mUser already in GuruMu register pop-up form&amp#27;[0m      &amp#27;[90m# RegisterSteps.alreadyInRegisterPage()&amp#27;[0m
    &amp#27;[32mWhen &amp#27;[0m&amp#27;[32mUser input registered user data&amp#27;[0m                   &amp#27;[90m# RegisterSteps.userInputRegisteredUserData()&amp#27;[0m
    &amp#27;[32mAnd &amp#27;[0m&amp#27;[32mUser select "&amp#27;[0m&amp#27;[32m&amp#27;[1mSiswa&amp#27;[0m&amp#27;[32m" in Peran field&amp#27;[0m                 &amp#27;[90m# RegisterSteps.userSelectStudentInPeranField(String)&amp#27;[0m
    &amp#27;[32mThen &amp#27;[0m&amp#27;[32mUser click Daftar Button&amp#27;[0m                          &amp#27;[90m# RegisterSteps.userClickDaftarButton()&amp#27;[0m
    &amp#27;[32mAnd &amp#27;[0m&amp#27;[32mUser will see alert message "&amp#27;[0m&amp#27;[32m&amp#27;[1mdata sudah terdaftar&amp#27;[0m&amp#27;[32m"&amp#27;[0m &amp#27;[90m# RegisterSteps.userWillSeeAlertMessages(String)&amp#27;[0m
]]></system-out>
    <system-err><![CDATA[Starting ChromeDriver 110.0.5481.77 (65ed616c6e8ee3fe0ad64fe83796c020644d42af-refs/branch-heads/5481@{#839}) on port 60966
Only local connections are allowed.
Please see https://chromedriver.chromium.org/security-considerations for suggestions on keeping ChromeDriver safe.
ChromeDriver was started successfully.
[1676551031.704][WARNING]: virtual void DevToolsClientImpl::AddListener(DevToolsEventListener *) subscribing a listener to the already connected DevToolsClient. Connection notification will not arrive.
Feb 16, 2023 7:37:11 PM org.openqa.selenium.remote.ProtocolHandshake createSession
INFO: Detected dialect: W3C
Feb 16, 2023 7:37:11 PM org.openqa.selenium.devtools.CdpVersionFinder findNearestMatch
WARNING: Unable to find an exact match for CDP version 110, so returning the closest version found: a no-op implementation
Feb 16, 2023 7:37:11 PM org.openqa.selenium.devtools.CdpVersionFinder findNearestMatch
INFO: Unable to find CDP implementation matching 110.
Feb 16, 2023 7:37:11 PM org.openqa.selenium.chromium.ChromiumDriver lambda$new$3
WARNING: Unable to find version of CDP to use for . You may need to include a dependency on a specific version of the CDP using something similar to `org.seleniumhq.selenium:selenium-devtools-v86:4.1.2` where the version ("v86") matches the version of the chromium-based browser you're using and the version number of the artifact is the same as Selenium's.
]]></system-err>
  </testcase>
  <testcase name="When User input valid data for student" classname="Scenario: Register Student without name" time="0"/>
  <testcase name="And User empty the Nama Lengkap field" classname="Scenario: Register Student without name" time="0"/>
  <testcase name="And User select &quot;Siswa&quot; in Peran field" classname="Scenario: Register Student without name" time="0"/>
  <testcase name="Then User cant click Daftar Button" classname="Scenario: Register Student without name" time="0"/>
  <testcase name="" classname="Scenario: Register Student without name" time="0.116"/>
  <testcase name="Given User already in GuruMu register pop-up form" classname="Scenario: Register Student without password" time="0">
    <system-out><![CDATA[
  @RegisterStudent
  Scenario: Register Student without name             &amp#27;[90m# features/RegisterStudent.feature:48&amp#27;[0m
    &amp#27;[32mGiven &amp#27;[0m&amp#27;[32mUser already in GuruMu register pop-up form&amp#27;[0m &amp#27;[90m# RegisterSteps.alreadyInRegisterPage()&amp#27;[0m
    &amp#27;[32mWhen &amp#27;[0m&amp#27;[32mUser input valid data for student&amp#27;[0m            &amp#27;[90m# RegisterSteps.userInputValidData()&amp#27;[0m
    &amp#27;[32mAnd &amp#27;[0m&amp#27;[32mUser empty the Nama Lengkap field&amp#27;[0m             &amp#27;[90m# RegisterSteps.userEmptyTheNamaLengkapField()&amp#27;[0m
    &amp#27;[32mAnd &amp#27;[0m&amp#27;[32mUser select "&amp#27;[0m&amp#27;[32m&amp#27;[1mSiswa&amp#27;[0m&amp#27;[32m" in Peran field&amp#27;[0m            &amp#27;[90m# RegisterSteps.userSelectStudentInPeranField(String)&amp#27;[0m
    &amp#27;[32mThen &amp#27;[0m&amp#27;[32mUser cant click Daftar Button&amp#27;[0m                &amp#27;[90m# RegisterSteps.userCantClickDaftarButton()&amp#27;[0m
]]></system-out>
    <system-err><![CDATA[Starting ChromeDriver 110.0.5481.77 (65ed616c6e8ee3fe0ad64fe83796c020644d42af-refs/branch-heads/5481@{#839}) on port 64615
Only local connections are allowed.
Please see https://chromedriver.chromium.org/security-considerations for suggestions on keeping ChromeDriver safe.
ChromeDriver was started successfully.
[1676551057.078][WARNING]: virtual void DevToolsClientImpl::AddListener(DevToolsEventListener *) subscribing a listener to the already connected DevToolsClient. Connection notification will not arrive.
Feb 16, 2023 7:37:37 PM org.openqa.selenium.remote.ProtocolHandshake createSession
INFO: Detected dialect: W3C
Feb 16, 2023 7:37:37 PM org.openqa.selenium.devtools.CdpVersionFinder findNearestMatch
WARNING: Unable to find an exact match for CDP version 110, so returning the closest version found: a no-op implementation
Feb 16, 2023 7:37:37 PM org.openqa.selenium.devtools.CdpVersionFinder findNearestMatch
INFO: Unable to find CDP implementation matching 110.
Feb 16, 2023 7:37:37 PM org.openqa.selenium.chromium.ChromiumDriver lambda$new$3
WARNING: Unable to find version of CDP to use for . You may need to include a dependency on a specific version of the CDP using something similar to `org.seleniumhq.selenium:selenium-devtools-v86:4.1.2` where the version ("v86") matches the version of the chromium-based browser you're using and the version number of the artifact is the same as Selenium's.
]]></system-err>
  </testcase>
  <testcase name="Given User already in GuruMu register pop-up form" classname="Scenario: Register Student without password" time="0">
    <system-out><![CDATA[
  @RegisterTeacher
  Scenario: Register Teacher without name             &amp#27;[90m# features/RegisterTeacher.feature:48&amp#27;[0m
    &amp#27;[32mGiven &amp#27;[0m&amp#27;[32mUser already in GuruMu register pop-up form&amp#27;[0m &amp#27;[90m# RegisterSteps.alreadyInRegisterPage()&amp#27;[0m
    &amp#27;[32mWhen &amp#27;[0m&amp#27;[32mUser input valid data for teacher&amp#27;[0m            &amp#27;[90m# RegisterSteps.userInputValidDataForTeacher()&amp#27;[0m
    &amp#27;[32mAnd &amp#27;[0m&amp#27;[32mUser empty the Nama Lengkap field&amp#27;[0m             &amp#27;[90m# RegisterSteps.userEmptyTheNamaLengkapField()&amp#27;[0m
    &amp#27;[32mAnd &amp#27;[0m&amp#27;[32mUser select "&amp#27;[0m&amp#27;[32m&amp#27;[1mGuru&amp#27;[0m&amp#27;[32m" in Peran field&amp#27;[0m             &amp#27;[90m# RegisterSteps.userSelectStudentInPeranField(String)&amp#27;[0m
    &amp#27;[32mThen &amp#27;[0m&amp#27;[32mUser cant click Daftar Button&amp#27;[0m                &amp#27;[90m# RegisterSteps.userCantClickDaftarButton()&amp#27;[0m
]]></system-out>
    <system-err><![CDATA[Starting ChromeDriver 110.0.5481.77 (65ed616c6e8ee3fe0ad64fe83796c020644d42af-refs/branch-heads/5481@{#839}) on port 56274
Only local connections are allowed.
Please see https://chromedriver.chromium.org/security-considerations for suggestions on keeping ChromeDriver safe.
ChromeDriver was started successfully.
[1676551395.052][WARNING]: virtual void DevToolsClientImpl::AddListener(DevToolsEventListener *) subscribing a listener to the already connected DevToolsClient. Connection notification will not arrive.
Feb 16, 2023 7:43:15 PM org.openqa.selenium.remote.ProtocolHandshake createSession
INFO: Detected dialect: W3C
Feb 16, 2023 7:43:15 PM org.openqa.selenium.devtools.CdpVersionFinder findNearestMatch
WARNING: Unable to find an exact match for CDP version 110, so returning the closest version found: a no-op implementation
Feb 16, 2023 7:43:15 PM org.openqa.selenium.devtools.CdpVersionFinder findNearestMatch
INFO: Unable to find CDP implementation matching 110.
Feb 16, 2023 7:43:15 PM org.openqa.selenium.chromium.ChromiumDriver lambda$new$3
WARNING: Unable to find version of CDP to use for . You may need to include a dependency on a specific version of the CDP using something similar to `org.seleniumhq.selenium:selenium-devtools-v86:4.1.2` where the version ("v86") matches the version of the chromium-based browser you're using and the version number of the artifact is the same as Selenium's.
]]></system-err>
  </testcase>
  <testcase name="When User input valid data for student but empty the password" classname="Scenario: Register Student without password" time="0.002"/>
  <testcase name="When User input valid data for student but empty the password" classname="Scenario: Register Student without password" time="0"/>
  <testcase name="And User select &quot;Siswa&quot; in Peran field" classname="Scenario: Register Student without password" time="0"/>
  <testcase name="Then User cant click Daftar Button" classname="Scenario: Register Student without password" time="0.001"/>
  <testcase name="Then User cant click Daftar Button" classname="Scenario: Register Student without password" time="0"/>
  <testcase name="" classname="Scenario: Register Student without password" time="0.173"/>
  <testcase name="" classname="Scenario: Register Student without password" time="0.13"/>
  <testcase name="And User select &quot;Guru&quot; in Peran field" classname="Scenario: Register Student without password" time="0"/>
  <testcase name="Given User already in GuruMu register pop-up form" classname="Scenario: Register Student without email" time="0">
    <system-out><![CDATA[
  @RegisterStudent
  Scenario: Register Student without password                     &amp#27;[90m# features/RegisterStudent.feature:56&amp#27;[0m
    &amp#27;[32mGiven &amp#27;[0m&amp#27;[32mUser already in GuruMu register pop-up form&amp#27;[0m             &amp#27;[90m# RegisterSteps.alreadyInRegisterPage()&amp#27;[0m
    &amp#27;[32mWhen &amp#27;[0m&amp#27;[32mUser input valid data for student but empty the password&amp#27;[0m &amp#27;[90m# RegisterSteps.userInputValidDataForStudentButEmptyThePassword()&amp#27;[0m
    &amp#27;[32mAnd &amp#27;[0m&amp#27;[32mUser select "&amp#27;[0m&amp#27;[32m&amp#27;[1mSiswa&amp#27;[0m&amp#27;[32m" in Peran field&amp#27;[0m                        &amp#27;[90m# RegisterSteps.userSelectStudentInPeranField(String)&amp#27;[0m
    &amp#27;[32mThen &amp#27;[0m&amp#27;[32mUser cant click Daftar Button&amp#27;[0m                            &amp#27;[90m# RegisterSteps.userCantClickDaftarButton()&amp#27;[0m
]]></system-out>
    <system-err><![CDATA[Starting ChromeDriver 110.0.5481.77 (65ed616c6e8ee3fe0ad64fe83796c020644d42af-refs/branch-heads/5481@{#839}) on port 55758
Only local connections are allowed.
Please see https://chromedriver.chromium.org/security-considerations for suggestions on keeping ChromeDriver safe.
ChromeDriver was started successfully.
[1676551078.714][WARNING]: virtual void DevToolsClientImpl::AddListener(DevToolsEventListener *) subscribing a listener to the already connected DevToolsClient. Connection notification will not arrive.
Feb 16, 2023 7:37:58 PM org.openqa.selenium.remote.ProtocolHandshake createSession
INFO: Detected dialect: W3C
Feb 16, 2023 7:37:58 PM org.openqa.selenium.devtools.CdpVersionFinder findNearestMatch
WARNING: Unable to find an exact match for CDP version 110, so returning the closest version found: a no-op implementation
Feb 16, 2023 7:37:58 PM org.openqa.selenium.devtools.CdpVersionFinder findNearestMatch
INFO: Unable to find CDP implementation matching 110.
Feb 16, 2023 7:37:58 PM org.openqa.selenium.chromium.ChromiumDriver lambda$new$3
WARNING: Unable to find version of CDP to use for . You may need to include a dependency on a specific version of the CDP using something similar to `org.seleniumhq.selenium:selenium-devtools-v86:4.1.2` where the version ("v86") matches the version of the chromium-based browser you're using and the version number of the artifact is the same as Selenium's.
]]></system-err>
  </testcase>
  <testcase name="Given User already in GuruMu register pop-up form" classname="Scenario: Register Student without email" time="0">
    <system-out><![CDATA[
  @RegisterTeacher
  Scenario: Register Student without password                     &amp#27;[90m# features/RegisterTeacher.feature:56&amp#27;[0m
    &amp#27;[32mGiven &amp#27;[0m&amp#27;[32mUser already in GuruMu register pop-up form&amp#27;[0m             &amp#27;[90m# RegisterSteps.alreadyInRegisterPage()&amp#27;[0m
    &amp#27;[32mWhen &amp#27;[0m&amp#27;[32mUser input valid data for student but empty the password&amp#27;[0m &amp#27;[90m# RegisterSteps.userInputValidDataForStudentButEmptyThePassword()&amp#27;[0m
    &amp#27;[32mAnd &amp#27;[0m&amp#27;[32mUser select "&amp#27;[0m&amp#27;[32m&amp#27;[1mGuru&amp#27;[0m&amp#27;[32m" in Peran field&amp#27;[0m                         &amp#27;[90m# RegisterSteps.userSelectStudentInPeranField(String)&amp#27;[0m
    &amp#27;[32mThen &amp#27;[0m&amp#27;[32mUser cant click Daftar Button&amp#27;[0m                            &amp#27;[90m# RegisterSteps.userCantClickDaftarButton()&amp#27;[0m
]]></system-out>
    <system-err><![CDATA[Starting ChromeDriver 110.0.5481.77 (65ed616c6e8ee3fe0ad64fe83796c020644d42af-refs/branch-heads/5481@{#839}) on port 58661
Only local connections are allowed.
Please see https://chromedriver.chromium.org/security-considerations for suggestions on keeping ChromeDriver safe.
ChromeDriver was started successfully.
[1676551419.458][WARNING]: virtual void DevToolsClientImpl::AddListener(DevToolsEventListener *) subscribing a listener to the already connected DevToolsClient. Connection notification will not arrive.
Feb 16, 2023 7:43:39 PM org.openqa.selenium.remote.ProtocolHandshake createSession
INFO: Detected dialect: W3C
Feb 16, 2023 7:43:39 PM org.openqa.selenium.devtools.CdpVersionFinder findNearestMatch
WARNING: Unable to find an exact match for CDP version 110, so returning the closest version found: a no-op implementation
Feb 16, 2023 7:43:39 PM org.openqa.selenium.devtools.CdpVersionFinder findNearestMatch
INFO: Unable to find CDP implementation matching 110.
Feb 16, 2023 7:43:39 PM org.openqa.selenium.chromium.ChromiumDriver lambda$new$3
WARNING: Unable to find version of CDP to use for . You may need to include a dependency on a specific version of the CDP using something similar to `org.seleniumhq.selenium:selenium-devtools-v86:4.1.2` where the version ("v86") matches the version of the chromium-based browser you're using and the version number of the artifact is the same as Selenium's.
]]></system-err>
  </testcase>
  <testcase name="When User input valid data for student but empty the email" classname="Scenario: Register Student without email" time="0"/>
  <testcase name="When User input valid data for student but empty the email" classname="Scenario: Register Student without email" time="0"/>
  <testcase name="And User select &quot;Siswa&quot; in Peran field" classname="Scenario: Register Student without email" time="0"/>
  <testcase name="Then User cant click Daftar Button" classname="Scenario: Register Student without email" time="0"/>
  <testcase name="Then User cant click Daftar Button" classname="Scenario: Register Student without email" time="0"/>
  <testcase name="" classname="Scenario: Register Student without email" time="0.119"/>
  <testcase name="" classname="Scenario: Register Student without email" time="0.124"/>
  <testcase name="And User select &quot;Guru&quot; in Peran field" classname="Scenario: Register Student without email" time="0"/>
  <testcase name="Given User already in GuruMu register pop-up form" classname="Scenario: Register Student with empty data" time="0">
    <system-out><![CDATA[
  @RegisterStudent
  Scenario: Register Student without email                     &amp#27;[90m# features/RegisterStudent.feature:63&amp#27;[0m
    &amp#27;[32mGiven &amp#27;[0m&amp#27;[32mUser already in GuruMu register pop-up form&amp#27;[0m          &amp#27;[90m# RegisterSteps.alreadyInRegisterPage()&amp#27;[0m
    &amp#27;[32mWhen &amp#27;[0m&amp#27;[32mUser input valid data for student but empty the email&amp#27;[0m &amp#27;[90m# RegisterSteps.userInputValidDataForStudentButEmptyTheEmail()&amp#27;[0m
    &amp#27;[32mAnd &amp#27;[0m&amp#27;[32mUser select "&amp#27;[0m&amp#27;[32m&amp#27;[1mSiswa&amp#27;[0m&amp#27;[32m" in Peran field&amp#27;[0m                     &amp#27;[90m# RegisterSteps.userSelectStudentInPeranField(String)&amp#27;[0m
    &amp#27;[32mThen &amp#27;[0m&amp#27;[32mUser cant click Daftar Button&amp#27;[0m                         &amp#27;[90m# RegisterSteps.userCantClickDaftarButton()&amp#27;[0m
]]></system-out>
    <system-err><![CDATA[Starting ChromeDriver 110.0.5481.77 (65ed616c6e8ee3fe0ad64fe83796c020644d42af-refs/branch-heads/5481@{#839}) on port 55618
Only local connections are allowed.
Please see https://chromedriver.chromium.org/security-considerations for suggestions on keeping ChromeDriver safe.
ChromeDriver was started successfully.
[1676551101.356][WARNING]: virtual void DevToolsClientImpl::AddListener(DevToolsEventListener *) subscribing a listener to the already connected DevToolsClient. Connection notification will not arrive.
Feb 16, 2023 7:38:21 PM org.openqa.selenium.remote.ProtocolHandshake createSession
INFO: Detected dialect: W3C
Feb 16, 2023 7:38:21 PM org.openqa.selenium.devtools.CdpVersionFinder findNearestMatch
WARNING: Unable to find an exact match for CDP version 110, so returning the closest version found: a no-op implementation
Feb 16, 2023 7:38:21 PM org.openqa.selenium.devtools.CdpVersionFinder findNearestMatch
INFO: Unable to find CDP implementation matching 110.
Feb 16, 2023 7:38:21 PM org.openqa.selenium.chromium.ChromiumDriver lambda$new$3
WARNING: Unable to find version of CDP to use for . You may need to include a dependency on a specific version of the CDP using something similar to `org.seleniumhq.selenium:selenium-devtools-v86:4.1.2` where the version ("v86") matches the version of the chromium-based browser you're using and the version number of the artifact is the same as Selenium's.
]]></system-err>
  </testcase>
  <testcase name="When User empty all data field" classname="Scenario: Register Student with empty data" time="0"/>
  <testcase name="And User select &quot;Siswa&quot; in Peran field" classname="Scenario: Register Student with empty data" time="0"/>
  <testcase name="Then User cant click Daftar Button" classname="Scenario: Register Student with empty data" time="0"/>
  <testcase name="" classname="Scenario: Register Student with empty data" time="0.118"/>
  <testcase name="Given User already in GuruMu register pop-up form" classname="Scenario: Register Teacher with valid data" time="0">
    <system-out><![CDATA[
  @RegisterStudent
  Scenario: Register Student with empty data          &amp#27;[90m# features/RegisterStudent.feature:70&amp#27;[0m
    &amp#27;[32mGiven &amp#27;[0m&amp#27;[32mUser already in GuruMu register pop-up form&amp#27;[0m &amp#27;[90m# RegisterSteps.alreadyInRegisterPage()&amp#27;[0m
    &amp#27;[32mWhen &amp#27;[0m&amp#27;[32mUser empty all data field&amp#27;[0m                    &amp#27;[90m# RegisterSteps.userEmptyAllDataField()&amp#27;[0m
    &amp#27;[32mAnd &amp#27;[0m&amp#27;[32mUser select "&amp#27;[0m&amp#27;[32m&amp#27;[1mSiswa&amp#27;[0m&amp#27;[32m" in Peran field&amp#27;[0m            &amp#27;[90m# RegisterSteps.userSelectStudentInPeranField(String)&amp#27;[0m
    &amp#27;[32mThen &amp#27;[0m&amp#27;[32mUser cant click Daftar Button&amp#27;[0m                &amp#27;[90m# RegisterSteps.userCantClickDaftarButton()&amp#27;[0m
@Register @Test
Feature: Register
  As a user i want to register to GuruMu website
]]></system-out>
    <system-err><![CDATA[Starting ChromeDriver 110.0.5481.77 (65ed616c6e8ee3fe0ad64fe83796c020644d42af-refs/branch-heads/5481@{#839}) on port 59315
Only local connections are allowed.
Please see https://chromedriver.chromium.org/security-considerations for suggestions on keeping ChromeDriver safe.
ChromeDriver was started successfully.
[1676551123.583][WARNING]: virtual void DevToolsClientImpl::AddListener(DevToolsEventListener *) subscribing a listener to the already connected DevToolsClient. Connection notification will not arrive.
Feb 16, 2023 7:38:43 PM org.openqa.selenium.remote.ProtocolHandshake createSession
INFO: Detected dialect: W3C
Feb 16, 2023 7:38:43 PM org.openqa.selenium.devtools.CdpVersionFinder findNearestMatch
WARNING: Unable to find an exact match for CDP version 110, so returning the closest version found: a no-op implementation
Feb 16, 2023 7:38:43 PM org.openqa.selenium.devtools.CdpVersionFinder findNearestMatch
INFO: Unable to find CDP implementation matching 110.
Feb 16, 2023 7:38:43 PM org.openqa.selenium.chromium.ChromiumDriver lambda$new$3
WARNING: Unable to find version of CDP to use for . You may need to include a dependency on a specific version of the CDP using something similar to `org.seleniumhq.selenium:selenium-devtools-v86:4.1.2` where the version ("v86") matches the version of the chromium-based browser you're using and the version number of the artifact is the same as Selenium's.
]]></system-err>
  </testcase>
  <testcase name="When User input all valid data for teacher" classname="Scenario: Register Teacher with valid data" time="0"/>
  <testcase name="And User select &quot;Guru&quot; in Peran field" classname="Scenario: Register Teacher with valid data" time="0"/>
  <testcase name="Then User click Daftar Button" classname="Scenario: Register Teacher with valid data" time="0"/>
  <testcase name="And User will redirect to Login Page" classname="Scenario: Register Teacher with valid data" time="0"/>
  <testcase name="" classname="Scenario: Register Teacher with valid data" time="0.117"/>
  <testcase name="Given User already in GuruMu register pop-up form" classname="| agus12@gmailcom |" time="0">
    <system-out><![CDATA[
  @Register @RegisterTeacher @Test
  Scenario Outline: Register Teacher with invalid email format                    &amp#27;[90m# features/RegisterTeacher.feature:22&amp#27;[0m
    &amp#27;[32mGiven &amp#27;[0m&amp#27;[32mUser already in GuruMu register pop-up form&amp#27;[0m                             &amp#27;[90m# RegisterSteps.alreadyInRegisterPage()&amp#27;[0m
    &amp#27;[32mWhen &amp#27;[0m&amp#27;[32mUser input valid data except "&amp#27;[0m&amp#27;[32m&amp#27;[1magusgmail@.com&amp#27;[0m&amp#27;[32m" in Email field for teacher&amp#27;[0m &amp#27;[90m# RegisterSteps.userInputValidDataExceptInEmailFieldForTeacher(String)&amp#27;[0m
    &amp#27;[32mAnd &amp#27;[0m&amp#27;[32mUser select "&amp#27;[0m&amp#27;[32m&amp#27;[1mGuru&amp#27;[0m&amp#27;[32m" in Peran field&amp#27;[0m                                         &amp#27;[90m# RegisterSteps.userSelectStudentInPeranField(String)&amp#27;[0m
    &amp#27;[32mThen &amp#27;[0m&amp#27;[32mUser click Daftar Button&amp#27;[0m                                                 &amp#27;[90m# RegisterSteps.userClickDaftarButton()&amp#27;[0m
    &amp#27;[32mAnd &amp#27;[0m&amp#27;[32mUser will see alert message "&amp#27;[0m&amp#27;[32m&amp#27;[1mformat email salah&amp#27;[0m&amp#27;[32m"&amp#27;[0m                          &amp#27;[90m# RegisterSteps.userWillSeeAlertMessages(String)&amp#27;[0m
]]></system-out>
    <system-err><![CDATA[Starting ChromeDriver 110.0.5481.77 (65ed616c6e8ee3fe0ad64fe83796c020644d42af-refs/branch-heads/5481@{#839}) on port 64756
Only local connections are allowed.
Please see https://chromedriver.chromium.org/security-considerations for suggestions on keeping ChromeDriver safe.
ChromeDriver was started successfully.
[1676551187.500][WARNING]: virtual void DevToolsClientImpl::AddListener(DevToolsEventListener *) subscribing a listener to the already connected DevToolsClient. Connection notification will not arrive.
Feb 16, 2023 7:39:47 PM org.openqa.selenium.remote.ProtocolHandshake createSession
INFO: Detected dialect: W3C
Feb 16, 2023 7:39:47 PM org.openqa.selenium.devtools.CdpVersionFinder findNearestMatch
WARNING: Unable to find an exact match for CDP version 110, so returning the closest version found: a no-op implementation
Feb 16, 2023 7:39:47 PM org.openqa.selenium.devtools.CdpVersionFinder findNearestMatch
INFO: Unable to find CDP implementation matching 110.
Feb 16, 2023 7:39:47 PM org.openqa.selenium.chromium.ChromiumDriver lambda$new$3
WARNING: Unable to find version of CDP to use for . You may need to include a dependency on a specific version of the CDP using something similar to `org.seleniumhq.selenium:selenium-devtools-v86:4.1.2` where the version ("v86") matches the version of the chromium-based browser you're using and the version number of the artifact is the same as Selenium's.
]]></system-err>
  </testcase>
  <testcase name="When User input valid data except &quot;agus12@gmailcom&quot; in Email field for teacher" classname="| agus12@gmailcom |" time="0"/>
  <testcase name="And User select &quot;Guru&quot; in Peran field" classname="| agus12@gmailcom |" time="0"/>
  <testcase name="Then User click Daftar Button" classname="| agus12@gmailcom |" time="0.001"/>
  <testcase name="And User will see alert message &quot;format email salah&quot;" classname="| agus12@gmailcom |" time="0.005">
    <failure message="expected:&lt;[format email salah]&gt; but was:&lt;[data sudah terdaftar]&gt;" type="org.junit.ComparisonFailure"><![CDATA[org.junit.ComparisonFailure: expected:<[format email salah]> but was:<[data sudah terdaftar]>
]]></failure>
  </testcase>
  <testcase name="" classname="| agus12@gmailcom |" time="0.005">
    <failure message="expected:&lt;[format email salah]&gt; but was:&lt;[data sudah terdaftar]&gt;" type="org.junit.ComparisonFailure"><![CDATA[org.junit.ComparisonFailure: expected:<[format email salah]> but was:<[data sudah terdaftar]>
]]></failure>
  </testcase>
  <testcase name="Given User already in GuruMu register pop-up form" classname="Scenario: Register Teacher without name" time="0">
    <system-out><![CDATA[
  @RegisterTeachertest
  Scenario: Register Student with registered user          &amp#27;[90m# features/RegisterTeacher.feature:40&amp#27;[0m
    &amp#27;[32mGiven &amp#27;[0m&amp#27;[32mUser already in GuruMu register pop-up form&amp#27;[0m      &amp#27;[90m# RegisterSteps.alreadyInRegisterPage()&amp#27;[0m
    &amp#27;[32mWhen &amp#27;[0m&amp#27;[32mUser input registered user data&amp#27;[0m                   &amp#27;[90m# RegisterSteps.userInputRegisteredUserData()&amp#27;[0m
    &amp#27;[32mAnd &amp#27;[0m&amp#27;[32mUser select "&amp#27;[0m&amp#27;[32m&amp#27;[1mGuru&amp#27;[0m&amp#27;[32m" in Peran field&amp#27;[0m                  &amp#27;[90m# RegisterSteps.userSelectStudentInPeranField(String)&amp#27;[0m
    &amp#27;[32mThen &amp#27;[0m&amp#27;[32mUser click Daftar Button&amp#27;[0m                          &amp#27;[90m# RegisterSteps.userClickDaftarButton()&amp#27;[0m
    &amp#27;[32mAnd &amp#27;[0m&amp#27;[32mUser will see alert message "&amp#27;[0m&amp#27;[32m&amp#27;[1mdata sudah terdaftar&amp#27;[0m&amp#27;[32m"&amp#27;[0m &amp#27;[90m# RegisterSteps.userWillSeeAlertMessages(String)&amp#27;[0m
]]></system-out>
    <system-err><![CDATA[Starting ChromeDriver 110.0.5481.77 (65ed616c6e8ee3fe0ad64fe83796c020644d42af-refs/branch-heads/5481@{#839}) on port 61352
Only local connections are allowed.
Please see https://chromedriver.chromium.org/security-considerations for suggestions on keeping ChromeDriver safe.
ChromeDriver was started successfully.
[1676551371.030][WARNING]: virtual void DevToolsClientImpl::AddListener(DevToolsEventListener *) subscribing a listener to the already connected DevToolsClient. Connection notification will not arrive.
Feb 16, 2023 7:42:51 PM org.openqa.selenium.remote.ProtocolHandshake createSession
INFO: Detected dialect: W3C
Feb 16, 2023 7:42:51 PM org.openqa.selenium.devtools.CdpVersionFinder findNearestMatch
WARNING: Unable to find an exact match for CDP version 110, so returning the closest version found: a no-op implementation
Feb 16, 2023 7:42:51 PM org.openqa.selenium.devtools.CdpVersionFinder findNearestMatch
INFO: Unable to find CDP implementation matching 110.
Feb 16, 2023 7:42:51 PM org.openqa.selenium.chromium.ChromiumDriver lambda$new$3
WARNING: Unable to find version of CDP to use for . You may need to include a dependency on a specific version of the CDP using something similar to `org.seleniumhq.selenium:selenium-devtools-v86:4.1.2` where the version ("v86") matches the version of the chromium-based browser you're using and the version number of the artifact is the same as Selenium's.
]]></system-err>
  </testcase>
  <testcase name="When User input valid data for teacher" classname="Scenario: Register Teacher without name" time="0"/>
  <testcase name="And User empty the Nama Lengkap field" classname="Scenario: Register Teacher without name" time="0"/>
  <testcase name="And User select &quot;Guru&quot; in Peran field" classname="Scenario: Register Teacher without name" time="0"/>
  <testcase name="Then User cant click Daftar Button" classname="Scenario: Register Teacher without name" time="0"/>
  <testcase name="" classname="Scenario: Register Teacher without name" time="0.119"/>
  <testcase name="Given User already in GuruMu register pop-up form" classname="Scenario: Register Teacher with empty data" time="0">
    <system-out><![CDATA[
  @RegisterTeacher
  Scenario: Register Student without email                     &amp#27;[90m# features/RegisterTeacher.feature:63&amp#27;[0m
    &amp#27;[32mGiven &amp#27;[0m&amp#27;[32mUser already in GuruMu register pop-up form&amp#27;[0m          &amp#27;[90m# RegisterSteps.alreadyInRegisterPage()&amp#27;[0m
    &amp#27;[32mWhen &amp#27;[0m&amp#27;[32mUser input valid data for student but empty the email&amp#27;[0m &amp#27;[90m# RegisterSteps.userInputValidDataForStudentButEmptyTheEmail()&amp#27;[0m
    &amp#27;[32mAnd &amp#27;[0m&amp#27;[32mUser select "&amp#27;[0m&amp#27;[32m&amp#27;[1mGuru&amp#27;[0m&amp#27;[32m" in Peran field&amp#27;[0m                      &amp#27;[90m# RegisterSteps.userSelectStudentInPeranField(String)&amp#27;[0m
    &amp#27;[32mThen &amp#27;[0m&amp#27;[32mUser cant click Daftar Button&amp#27;[0m                         &amp#27;[90m# RegisterSteps.userCantClickDaftarButton()&amp#27;[0m
]]></system-out>
    <system-err><![CDATA[Starting ChromeDriver 110.0.5481.77 (65ed616c6e8ee3fe0ad64fe83796c020644d42af-refs/branch-heads/5481@{#839}) on port 51942
Only local connections are allowed.
Please see https://chromedriver.chromium.org/security-considerations for suggestions on keeping ChromeDriver safe.
ChromeDriver was started successfully.
[1676551439.845][WARNING]: virtual void DevToolsClientImpl::AddListener(DevToolsEventListener *) subscribing a listener to the already connected DevToolsClient. Connection notification will not arrive.
Feb 16, 2023 7:44:00 PM org.openqa.selenium.remote.ProtocolHandshake createSession
INFO: Detected dialect: W3C
Feb 16, 2023 7:44:00 PM org.openqa.selenium.devtools.CdpVersionFinder findNearestMatch
WARNING: Unable to find an exact match for CDP version 110, so returning the closest version found: a no-op implementation
Feb 16, 2023 7:44:00 PM org.openqa.selenium.devtools.CdpVersionFinder findNearestMatch
INFO: Unable to find CDP implementation matching 110.
Feb 16, 2023 7:44:00 PM org.openqa.selenium.chromium.ChromiumDriver lambda$new$3
WARNING: Unable to find version of CDP to use for . You may need to include a dependency on a specific version of the CDP using something similar to `org.seleniumhq.selenium:selenium-devtools-v86:4.1.2` where the version ("v86") matches the version of the chromium-based browser you're using and the version number of the artifact is the same as Selenium's.
]]></system-err>
  </testcase>
  <testcase name="When User empty all data field" classname="Scenario: Register Teacher with empty data" time="0"/>
  <testcase name="And User select &quot;Guru&quot; in Peran field" classname="Scenario: Register Teacher with empty data" time="0"/>
  <testcase name="Then User cant click Daftar Button" classname="Scenario: Register Teacher with empty data" time="0"/>
  <testcase name="" classname="Scenario: Register Teacher with empty data" time="0.121"/>
  <testcase name="When User click avatar navigation" classname="Scenario: X button is shown" time="0.001">
    <system-out><![CDATA[
  @RegisterTeacher
  Scenario: Register Teacher with empty data          &amp#27;[90m# features/RegisterTeacher.feature:71&amp#27;[0m
    &amp#27;[32mGiven &amp#27;[0m&amp#27;[32mUser already in GuruMu register pop-up form&amp#27;[0m &amp#27;[90m# RegisterSteps.alreadyInRegisterPage()&amp#27;[0m
    &amp#27;[32mWhen &amp#27;[0m&amp#27;[32mUser empty all data field&amp#27;[0m                    &amp#27;[90m# RegisterSteps.userEmptyAllDataField()&amp#27;[0m
    &amp#27;[32mAnd &amp#27;[0m&amp#27;[32mUser select "&amp#27;[0m&amp#27;[32m&amp#27;[1mGuru&amp#27;[0m&amp#27;[32m" in Peran field&amp#27;[0m             &amp#27;[90m# RegisterSteps.userSelectStudentInPeranField(String)&amp#27;[0m
    &amp#27;[32mThen &amp#27;[0m&amp#27;[32mUser cant click Daftar Button&amp#27;[0m                &amp#27;[90m# RegisterSteps.userCantClickDaftarButton()&amp#27;[0m
@Reservasi @Test
Feature: Reservasi Sub Page
]]></system-out>
    <system-err><![CDATA[Starting ChromeDriver 110.0.5481.77 (65ed616c6e8ee3fe0ad64fe83796c020644d42af-refs/branch-heads/5481@{#839}) on port 61851
Only local connections are allowed.
Please see https://chromedriver.chromium.org/security-considerations for suggestions on keeping ChromeDriver safe.
ChromeDriver was started successfully.
[1676551459.321][WARNING]: virtual void DevToolsClientImpl::AddListener(DevToolsEventListener *) subscribing a listener to the already connected DevToolsClient. Connection notification will not arrive.
Feb 16, 2023 7:44:19 PM org.openqa.selenium.remote.ProtocolHandshake createSession
INFO: Detected dialect: W3C
Feb 16, 2023 7:44:19 PM org.openqa.selenium.devtools.CdpVersionFinder findNearestMatch
WARNING: Unable to find an exact match for CDP version 110, so returning the closest version found: a no-op implementation
Feb 16, 2023 7:44:19 PM org.openqa.selenium.devtools.CdpVersionFinder findNearestMatch
INFO: Unable to find CDP implementation matching 110.
Feb 16, 2023 7:44:19 PM org.openqa.selenium.chromium.ChromiumDriver lambda$new$3
WARNING: Unable to find version of CDP to use for . You may need to include a dependency on a specific version of the CDP using something similar to `org.seleniumhq.selenium:selenium-devtools-v86:4.1.2` where the version ("v86") matches the version of the chromium-based browser you're using and the version number of the artifact is the same as Selenium's.
]]></system-err>
  </testcase>
  <testcase name="And User click menu Masuk" classname="Scenario: X button is shown" time="0"/>
  <testcase name="And User input &quot;sucimurid@gmail.com&quot; as email and input &quot;sucimurid&quot; as password" classname="Scenario: X button is shown" time="0"/>
  <testcase name="And User clicked masuk button" classname="Scenario: X button is shown" time="0"/>
  <testcase name="When Student click menu Beranda" classname="Scenario: X button is shown" time="0"/>
  <testcase name="And Student input &quot;matematika&quot; as mata pelajaran" classname="Scenario: X button is shown" time="0"/>
  <testcase name="And Student input &quot;jakarta&quot; as lokasi" classname="Scenario: X button is shown" time="0"/>
  <testcase name="Then Should show teacher list" classname="Scenario: X button is shown" time="0"/>
  <testcase name="Then Should show home page" classname="Scenario: X button is shown" time="0"/>
  <testcase name="When Student click Guru" classname="Scenario: X button is shown" time="0"/>
  <testcase name="Then Should show Guru Details" classname="Scenario: X button is shown" time="0"/>
  <testcase name="Then Click Reservation" classname="Scenario: X button is shown" time="0"/>
  <testcase name="Then show &apos;X&apos; button" classname="Scenario: X button is shown" time="0">
    <system-out><![CDATA[
  Background:                                                                       &amp#27;[90m# features/ReservasiSubPage.feature:3&amp#27;[0m
    #    Given User open the website GuruMu
    &amp#27;[32mWhen &amp#27;[0m&amp#27;[32mUser click avatar navigation&amp#27;[0m                                               &amp#27;[90m# LoginSteps.userClickAvatarNavigation()&amp#27;[0m
    &amp#27;[32mAnd &amp#27;[0m&amp#27;[32mUser click menu Masuk&amp#27;[0m                                                       &amp#27;[90m# LoginSteps.userClickMenuMasuk()&amp#27;[0m
    &amp#27;[32mAnd &amp#27;[0m&amp#27;[32mUser input "&amp#27;[0m&amp#27;[32m&amp#27;[1msucimurid@gmail.com&amp#27;[0m&amp#27;[32m" as email and input "&amp#27;[0m&amp#27;[32m&amp#27;[1msucimurid&amp#27;[0m&amp#27;[32m" as password&amp#27;[0m &amp#27;[90m# LoginSteps.inputCredential(String,String)&amp#27;[0m
    &amp#27;[32mAnd &amp#27;[0m&amp#27;[32mUser clicked masuk button&amp#27;[0m                                                   &amp#27;[90m# LoginSteps.userClickMasukButton()&amp#27;[0m
    &amp#27;[32mWhen &amp#27;[0m&amp#27;[32mStudent click menu Beranda&amp#27;[0m                                                 &amp#27;[90m# CariGuruSteps.studentClickMenuBeranda()&amp#27;[0m
    &amp#27;[32mAnd &amp#27;[0m&amp#27;[32mStudent input "&amp#27;[0m&amp#27;[32m&amp#27;[1mmatematika&amp#27;[0m&amp#27;[32m" as mata pelajaran&amp#27;[0m                                &amp#27;[90m# CariGuruSteps.studentInputAsMataPelajaran(String)&amp#27;[0m
    &amp#27;[32mAnd &amp#27;[0m&amp#27;[32mStudent input "&amp#27;[0m&amp#27;[32m&amp#27;[1mjakarta&amp#27;[0m&amp#27;[32m" as lokasi&amp#27;[0m                                           &amp#27;[90m# CariGuruSteps.studentInputAsLokasi(String)&amp#27;[0m
    &amp#27;[32mThen &amp#27;[0m&amp#27;[32mShould show teacher list&amp#27;[0m                                                   &amp#27;[90m# CariGuruSteps.shouldShowTeacherList()&amp#27;[0m
    &amp#27;[32mThen &amp#27;[0m&amp#27;[32mShould show home page&amp#27;[0m                                                      &amp#27;[90m# CariGuruSteps.shouldShowHomePage()&amp#27;[0m
    &amp#27;[32mWhen &amp#27;[0m&amp#27;[32mStudent click Guru&amp#27;[0m                                                         &amp#27;[90m# ReservasiSubPageSteps.studentClickGuru()&amp#27;[0m
    &amp#27;[32mThen &amp#27;[0m&amp#27;[32mShould show Guru Details&amp#27;[0m                                                   &amp#27;[90m# ReservasiSubPageSteps.shouldShowGuruDetails()&amp#27;[0m
    &amp#27;[32mThen &amp#27;[0m&amp#27;[32mClick Reservation&amp#27;[0m                                                          &amp#27;[90m# ReservasiSubPageSteps.clickReservation()&amp#27;[0m
]]></system-out>
  </testcase>
  <testcase name="" classname="Scenario: X button is shown" time="0.121"/>
  <testcase name="When User click avatar navigation" classname="Scenario: Payment method is shown" time="0">
    <system-out><![CDATA[
  Scenario: X button is shown &amp#27;[90m# features/ReservasiSubPage.feature:18&amp#27;[0m
    &amp#27;[32mThen &amp#27;[0m&amp#27;[32mshow 'X' button&amp#27;[0m      &amp#27;[90m# ReservasiSubPageSteps.showXButton()&amp#27;[0m
]]></system-out>
    <system-err><![CDATA[Starting ChromeDriver 110.0.5481.77 (65ed616c6e8ee3fe0ad64fe83796c020644d42af-refs/branch-heads/5481@{#839}) on port 57309
Only local connections are allowed.
Please see https://chromedriver.chromium.org/security-considerations for suggestions on keeping ChromeDriver safe.
ChromeDriver was started successfully.
[1676551490.810][WARNING]: virtual void DevToolsClientImpl::AddListener(DevToolsEventListener *) subscribing a listener to the already connected DevToolsClient. Connection notification will not arrive.
Feb 16, 2023 7:44:51 PM org.openqa.selenium.remote.ProtocolHandshake createSession
INFO: Detected dialect: W3C
Feb 16, 2023 7:44:51 PM org.openqa.selenium.devtools.CdpVersionFinder findNearestMatch
WARNING: Unable to find an exact match for CDP version 110, so returning the closest version found: a no-op implementation
Feb 16, 2023 7:44:51 PM org.openqa.selenium.devtools.CdpVersionFinder findNearestMatch
INFO: Unable to find CDP implementation matching 110.
Feb 16, 2023 7:44:51 PM org.openqa.selenium.chromium.ChromiumDriver lambda$new$3
WARNING: Unable to find version of CDP to use for . You may need to include a dependency on a specific version of the CDP using something similar to `org.seleniumhq.selenium:selenium-devtools-v86:4.1.2` where the version ("v86") matches the version of the chromium-based browser you're using and the version number of the artifact is the same as Selenium's.
]]></system-err>
  </testcase>
  <testcase name="And User click menu Masuk" classname="Scenario: Payment method is shown" time="0"/>
  <testcase name="And User input &quot;sucimurid@gmail.com&quot; as email and input &quot;sucimurid&quot; as password" classname="Scenario: Payment method is shown" time="0"/>
  <testcase name="And User clicked masuk button" classname="Scenario: Payment method is shown" time="0"/>
  <testcase name="When Student click menu Beranda" classname="Scenario: Payment method is shown" time="0"/>
  <testcase name="And Student input &quot;matematika&quot; as mata pelajaran" classname="Scenario: Payment method is shown" time="0"/>
  <testcase name="And Student input &quot;jakarta&quot; as lokasi" classname="Scenario: Payment method is shown" time="0"/>
  <testcase name="Then Should show teacher list" classname="Scenario: Payment method is shown" time="0.001"/>
  <testcase name="Then Should show home page" classname="Scenario: Payment method is shown" time="0"/>
  <testcase name="When Student click Guru" classname="Scenario: Payment method is shown" time="0"/>
  <testcase name="Then Should show Guru Details" classname="Scenario: Payment method is shown" time="0"/>
  <testcase name="Then Click Reservation" classname="Scenario: Payment method is shown" time="0.001"/>
  <testcase name="Then show payment method" classname="Scenario: Payment method is shown" time="0">
    <system-out><![CDATA[
  Background:                                                                       &amp#27;[90m# features/ReservasiSubPage.feature:3&amp#27;[0m
    #    Given User open the website GuruMu
    &amp#27;[32mWhen &amp#27;[0m&amp#27;[32mUser click avatar navigation&amp#27;[0m                                               &amp#27;[90m# LoginSteps.userClickAvatarNavigation()&amp#27;[0m
    &amp#27;[32mAnd &amp#27;[0m&amp#27;[32mUser click menu Masuk&amp#27;[0m                                                       &amp#27;[90m# LoginSteps.userClickMenuMasuk()&amp#27;[0m
    &amp#27;[32mAnd &amp#27;[0m&amp#27;[32mUser input "&amp#27;[0m&amp#27;[32m&amp#27;[1msucimurid@gmail.com&amp#27;[0m&amp#27;[32m" as email and input "&amp#27;[0m&amp#27;[32m&amp#27;[1msucimurid&amp#27;[0m&amp#27;[32m" as password&amp#27;[0m &amp#27;[90m# LoginSteps.inputCredential(String,String)&amp#27;[0m
    &amp#27;[32mAnd &amp#27;[0m&amp#27;[32mUser clicked masuk button&amp#27;[0m                                                   &amp#27;[90m# LoginSteps.userClickMasukButton()&amp#27;[0m
    &amp#27;[32mWhen &amp#27;[0m&amp#27;[32mStudent click menu Beranda&amp#27;[0m                                                 &amp#27;[90m# CariGuruSteps.studentClickMenuBeranda()&amp#27;[0m
    &amp#27;[32mAnd &amp#27;[0m&amp#27;[32mStudent input "&amp#27;[0m&amp#27;[32m&amp#27;[1mmatematika&amp#27;[0m&amp#27;[32m" as mata pelajaran&amp#27;[0m                                &amp#27;[90m# CariGuruSteps.studentInputAsMataPelajaran(String)&amp#27;[0m
    &amp#27;[32mAnd &amp#27;[0m&amp#27;[32mStudent input "&amp#27;[0m&amp#27;[32m&amp#27;[1mjakarta&amp#27;[0m&amp#27;[32m" as lokasi&amp#27;[0m                                           &amp#27;[90m# CariGuruSteps.studentInputAsLokasi(String)&amp#27;[0m
    &amp#27;[32mThen &amp#27;[0m&amp#27;[32mShould show teacher list&amp#27;[0m                                                   &amp#27;[90m# CariGuruSteps.shouldShowTeacherList()&amp#27;[0m
    &amp#27;[32mThen &amp#27;[0m&amp#27;[32mShould show home page&amp#27;[0m                                                      &amp#27;[90m# CariGuruSteps.shouldShowHomePage()&amp#27;[0m
    &amp#27;[32mWhen &amp#27;[0m&amp#27;[32mStudent click Guru&amp#27;[0m                                                         &amp#27;[90m# ReservasiSubPageSteps.studentClickGuru()&amp#27;[0m
    &amp#27;[32mThen &amp#27;[0m&amp#27;[32mShould show Guru Details&amp#27;[0m                                                   &amp#27;[90m# ReservasiSubPageSteps.shouldShowGuruDetails()&amp#27;[0m
    &amp#27;[32mThen &amp#27;[0m&amp#27;[32mClick Reservation&amp#27;[0m                                                          &amp#27;[90m# ReservasiSubPageSteps.clickReservation()&amp#27;[0m
]]></system-out>
  </testcase>
  <testcase name="" classname="Scenario: Payment method is shown" time="0.116"/>
  <testcase name="When User click avatar navigation" classname="Scenario: Pesan saya is shown" time="0">
    <system-out><![CDATA[
  Scenario: Payment method is shown &amp#27;[90m# features/ReservasiSubPage.feature:21&amp#27;[0m
    &amp#27;[32mThen &amp#27;[0m&amp#27;[32mshow payment method&amp#27;[0m        &amp#27;[90m# ReservasiSubPageSteps.showPaymentMethod()&amp#27;[0m
]]></system-out>
    <system-err><![CDATA[Starting ChromeDriver 110.0.5481.77 (65ed616c6e8ee3fe0ad64fe83796c020644d42af-refs/branch-heads/5481@{#839}) on port 58084
Only local connections are allowed.
Please see https://chromedriver.chromium.org/security-considerations for suggestions on keeping ChromeDriver safe.
ChromeDriver was started successfully.
[1676551519.213][WARNING]: virtual void DevToolsClientImpl::AddListener(DevToolsEventListener *) subscribing a listener to the already connected DevToolsClient. Connection notification will not arrive.
Feb 16, 2023 7:45:19 PM org.openqa.selenium.remote.ProtocolHandshake createSession
INFO: Detected dialect: W3C
Feb 16, 2023 7:45:19 PM org.openqa.selenium.devtools.CdpVersionFinder findNearestMatch
WARNING: Unable to find an exact match for CDP version 110, so returning the closest version found: a no-op implementation
Feb 16, 2023 7:45:19 PM org.openqa.selenium.devtools.CdpVersionFinder findNearestMatch
INFO: Unable to find CDP implementation matching 110.
Feb 16, 2023 7:45:19 PM org.openqa.selenium.chromium.ChromiumDriver lambda$new$3
WARNING: Unable to find version of CDP to use for . You may need to include a dependency on a specific version of the CDP using something similar to `org.seleniumhq.selenium:selenium-devtools-v86:4.1.2` where the version ("v86") matches the version of the chromium-based browser you're using and the version number of the artifact is the same as Selenium's.
]]></system-err>
  </testcase>
  <testcase name="And User click menu Masuk" classname="Scenario: Pesan saya is shown" time="0"/>
  <testcase name="And User input &quot;sucimurid@gmail.com&quot; as email and input &quot;sucimurid&quot; as password" classname="Scenario: Pesan saya is shown" time="0"/>
  <testcase name="And User clicked masuk button" classname="Scenario: Pesan saya is shown" time="0"/>
  <testcase name="When Student click menu Beranda" classname="Scenario: Pesan saya is shown" time="0"/>
  <testcase name="And Student input &quot;matematika&quot; as mata pelajaran" classname="Scenario: Pesan saya is shown" time="0"/>
  <testcase name="And Student input &quot;jakarta&quot; as lokasi" classname="Scenario: Pesan saya is shown" time="0"/>
  <testcase name="Then Should show teacher list" classname="Scenario: Pesan saya is shown" time="0.001"/>
  <testcase name="Then Should show home page" classname="Scenario: Pesan saya is shown" time="0"/>
  <testcase name="When Student click Guru" classname="Scenario: Pesan saya is shown" time="0"/>
  <testcase name="Then Should show Guru Details" classname="Scenario: Pesan saya is shown" time="0"/>
  <testcase name="Then Click Reservation" classname="Scenario: Pesan saya is shown" time="0"/>
  <testcase name="Then show pesan saya" classname="Scenario: Pesan saya is shown" time="0">
    <system-out><![CDATA[
  Background:                                                                       &amp#27;[90m# features/ReservasiSubPage.feature:3&amp#27;[0m
    #    Given User open the website GuruMu
    &amp#27;[32mWhen &amp#27;[0m&amp#27;[32mUser click avatar navigation&amp#27;[0m                                               &amp#27;[90m# LoginSteps.userClickAvatarNavigation()&amp#27;[0m
    &amp#27;[32mAnd &amp#27;[0m&amp#27;[32mUser click menu Masuk&amp#27;[0m                                                       &amp#27;[90m# LoginSteps.userClickMenuMasuk()&amp#27;[0m
    &amp#27;[32mAnd &amp#27;[0m&amp#27;[32mUser input "&amp#27;[0m&amp#27;[32m&amp#27;[1msucimurid@gmail.com&amp#27;[0m&amp#27;[32m" as email and input "&amp#27;[0m&amp#27;[32m&amp#27;[1msucimurid&amp#27;[0m&amp#27;[32m" as password&amp#27;[0m &amp#27;[90m# LoginSteps.inputCredential(String,String)&amp#27;[0m
    &amp#27;[32mAnd &amp#27;[0m&amp#27;[32mUser clicked masuk button&amp#27;[0m                                                   &amp#27;[90m# LoginSteps.userClickMasukButton()&amp#27;[0m
    &amp#27;[32mWhen &amp#27;[0m&amp#27;[32mStudent click menu Beranda&amp#27;[0m                                                 &amp#27;[90m# CariGuruSteps.studentClickMenuBeranda()&amp#27;[0m
    &amp#27;[32mAnd &amp#27;[0m&amp#27;[32mStudent input "&amp#27;[0m&amp#27;[32m&amp#27;[1mmatematika&amp#27;[0m&amp#27;[32m" as mata pelajaran&amp#27;[0m                                &amp#27;[90m# CariGuruSteps.studentInputAsMataPelajaran(String)&amp#27;[0m
    &amp#27;[32mAnd &amp#27;[0m&amp#27;[32mStudent input "&amp#27;[0m&amp#27;[32m&amp#27;[1mjakarta&amp#27;[0m&amp#27;[32m" as lokasi&amp#27;[0m                                           &amp#27;[90m# CariGuruSteps.studentInputAsLokasi(String)&amp#27;[0m
    &amp#27;[32mThen &amp#27;[0m&amp#27;[32mShould show teacher list&amp#27;[0m                                                   &amp#27;[90m# CariGuruSteps.shouldShowTeacherList()&amp#27;[0m
    &amp#27;[32mThen &amp#27;[0m&amp#27;[32mShould show home page&amp#27;[0m                                                      &amp#27;[90m# CariGuruSteps.shouldShowHomePage()&amp#27;[0m
    &amp#27;[32mWhen &amp#27;[0m&amp#27;[32mStudent click Guru&amp#27;[0m                                                         &amp#27;[90m# ReservasiSubPageSteps.studentClickGuru()&amp#27;[0m
    &amp#27;[32mThen &amp#27;[0m&amp#27;[32mShould show Guru Details&amp#27;[0m                                                   &amp#27;[90m# ReservasiSubPageSteps.shouldShowGuruDetails()&amp#27;[0m
    &amp#27;[32mThen &amp#27;[0m&amp#27;[32mClick Reservation&amp#27;[0m                                                          &amp#27;[90m# ReservasiSubPageSteps.clickReservation()&amp#27;[0m
]]></system-out>
  </testcase>
  <testcase name="" classname="Scenario: Pesan saya is shown" time="0.121"/>
  <testcase name="When User click avatar navigation" classname="Scenario: Metode Belajar is shown" time="0">
    <system-out><![CDATA[
  Scenario: Pesan saya is shown &amp#27;[90m# features/ReservasiSubPage.feature:24&amp#27;[0m
    &amp#27;[32mThen &amp#27;[0m&amp#27;[32mshow pesan saya&amp#27;[0m        &amp#27;[90m# ReservasiSubPageSteps.showPesanSaya()&amp#27;[0m
]]></system-out>
    <system-err><![CDATA[Starting ChromeDriver 110.0.5481.77 (65ed616c6e8ee3fe0ad64fe83796c020644d42af-refs/branch-heads/5481@{#839}) on port 55114
Only local connections are allowed.
Please see https://chromedriver.chromium.org/security-considerations for suggestions on keeping ChromeDriver safe.
ChromeDriver was started successfully.
[1676551547.365][WARNING]: virtual void DevToolsClientImpl::AddListener(DevToolsEventListener *) subscribing a listener to the already connected DevToolsClient. Connection notification will not arrive.
Feb 16, 2023 7:45:47 PM org.openqa.selenium.remote.ProtocolHandshake createSession
INFO: Detected dialect: W3C
Feb 16, 2023 7:45:47 PM org.openqa.selenium.devtools.CdpVersionFinder findNearestMatch
WARNING: Unable to find an exact match for CDP version 110, so returning the closest version found: a no-op implementation
Feb 16, 2023 7:45:47 PM org.openqa.selenium.devtools.CdpVersionFinder findNearestMatch
INFO: Unable to find CDP implementation matching 110.
Feb 16, 2023 7:45:47 PM org.openqa.selenium.chromium.ChromiumDriver lambda$new$3
WARNING: Unable to find version of CDP to use for . You may need to include a dependency on a specific version of the CDP using something similar to `org.seleniumhq.selenium:selenium-devtools-v86:4.1.2` where the version ("v86") matches the version of the chromium-based browser you're using and the version number of the artifact is the same as Selenium's.
]]></system-err>
  </testcase>
  <testcase name="And User click menu Masuk" classname="Scenario: Metode Belajar is shown" time="0"/>
  <testcase name="And User input &quot;sucimurid@gmail.com&quot; as email and input &quot;sucimurid&quot; as password" classname="Scenario: Metode Belajar is shown" time="0"/>
  <testcase name="And User clicked masuk button" classname="Scenario: Metode Belajar is shown" time="0"/>
  <testcase name="When Student click menu Beranda" classname="Scenario: Metode Belajar is shown" time="0"/>
  <testcase name="And Student input &quot;matematika&quot; as mata pelajaran" classname="Scenario: Metode Belajar is shown" time="0"/>
  <testcase name="And Student input &quot;jakarta&quot; as lokasi" classname="Scenario: Metode Belajar is shown" time="0"/>
  <testcase name="Then Should show teacher list" classname="Scenario: Metode Belajar is shown" time="0"/>
  <testcase name="Then Should show home page" classname="Scenario: Metode Belajar is shown" time="0"/>
  <testcase name="When Student click Guru" classname="Scenario: Metode Belajar is shown" time="0"/>
  <testcase name="Then Should show Guru Details" classname="Scenario: Metode Belajar is shown" time="0"/>
  <testcase name="Then Click Reservation" classname="Scenario: Metode Belajar is shown" time="0"/>
  <testcase name="Then show metode belajar" classname="Scenario: Metode Belajar is shown" time="0">
    <system-out><![CDATA[
  Background:                                                                       &amp#27;[90m# features/ReservasiSubPage.feature:3&amp#27;[0m
    #    Given User open the website GuruMu
    &amp#27;[32mWhen &amp#27;[0m&amp#27;[32mUser click avatar navigation&amp#27;[0m                                               &amp#27;[90m# LoginSteps.userClickAvatarNavigation()&amp#27;[0m
    &amp#27;[32mAnd &amp#27;[0m&amp#27;[32mUser click menu Masuk&amp#27;[0m                                                       &amp#27;[90m# LoginSteps.userClickMenuMasuk()&amp#27;[0m
    &amp#27;[32mAnd &amp#27;[0m&amp#27;[32mUser input "&amp#27;[0m&amp#27;[32m&amp#27;[1msucimurid@gmail.com&amp#27;[0m&amp#27;[32m" as email and input "&amp#27;[0m&amp#27;[32m&amp#27;[1msucimurid&amp#27;[0m&amp#27;[32m" as password&amp#27;[0m &amp#27;[90m# LoginSteps.inputCredential(String,String)&amp#27;[0m
    &amp#27;[32mAnd &amp#27;[0m&amp#27;[32mUser clicked masuk button&amp#27;[0m                                                   &amp#27;[90m# LoginSteps.userClickMasukButton()&amp#27;[0m
    &amp#27;[32mWhen &amp#27;[0m&amp#27;[32mStudent click menu Beranda&amp#27;[0m                                                 &amp#27;[90m# CariGuruSteps.studentClickMenuBeranda()&amp#27;[0m
    &amp#27;[32mAnd &amp#27;[0m&amp#27;[32mStudent input "&amp#27;[0m&amp#27;[32m&amp#27;[1mmatematika&amp#27;[0m&amp#27;[32m" as mata pelajaran&amp#27;[0m                                &amp#27;[90m# CariGuruSteps.studentInputAsMataPelajaran(String)&amp#27;[0m
    &amp#27;[32mAnd &amp#27;[0m&amp#27;[32mStudent input "&amp#27;[0m&amp#27;[32m&amp#27;[1mjakarta&amp#27;[0m&amp#27;[32m" as lokasi&amp#27;[0m                                           &amp#27;[90m# CariGuruSteps.studentInputAsLokasi(String)&amp#27;[0m
    &amp#27;[32mThen &amp#27;[0m&amp#27;[32mShould show teacher list&amp#27;[0m                                                   &amp#27;[90m# CariGuruSteps.shouldShowTeacherList()&amp#27;[0m
    &amp#27;[32mThen &amp#27;[0m&amp#27;[32mShould show home page&amp#27;[0m                                                      &amp#27;[90m# CariGuruSteps.shouldShowHomePage()&amp#27;[0m
    &amp#27;[32mWhen &amp#27;[0m&amp#27;[32mStudent click Guru&amp#27;[0m                                                         &amp#27;[90m# ReservasiSubPageSteps.studentClickGuru()&amp#27;[0m
    &amp#27;[32mThen &amp#27;[0m&amp#27;[32mShould show Guru Details&amp#27;[0m                                                   &amp#27;[90m# ReservasiSubPageSteps.shouldShowGuruDetails()&amp#27;[0m
    &amp#27;[32mThen &amp#27;[0m&amp#27;[32mClick Reservation&amp#27;[0m                                                          &amp#27;[90m# ReservasiSubPageSteps.clickReservation()&amp#27;[0m
]]></system-out>
  </testcase>
  <testcase name="" classname="Scenario: Metode Belajar is shown" time="0.114"/>
  <testcase name="When User click avatar navigation" classname="Scenario: Tanggal reservasi is shown" time="0">
    <system-out><![CDATA[
  Scenario: Metode Belajar is shown &amp#27;[90m# features/ReservasiSubPage.feature:27&amp#27;[0m
    &amp#27;[32mThen &amp#27;[0m&amp#27;[32mshow metode belajar&amp#27;[0m        &amp#27;[90m# ReservasiSubPageSteps.showMetodeBelajar()&amp#27;[0m
]]></system-out>
    <system-err><![CDATA[Starting ChromeDriver 110.0.5481.77 (65ed616c6e8ee3fe0ad64fe83796c020644d42af-refs/branch-heads/5481@{#839}) on port 57599
Only local connections are allowed.
Please see https://chromedriver.chromium.org/security-considerations for suggestions on keeping ChromeDriver safe.
ChromeDriver was started successfully.
[1676551576.229][WARNING]: virtual void DevToolsClientImpl::AddListener(DevToolsEventListener *) subscribing a listener to the already connected DevToolsClient. Connection notification will not arrive.
Feb 16, 2023 7:46:16 PM org.openqa.selenium.remote.ProtocolHandshake createSession
INFO: Detected dialect: W3C
Feb 16, 2023 7:46:16 PM org.openqa.selenium.devtools.CdpVersionFinder findNearestMatch
WARNING: Unable to find an exact match for CDP version 110, so returning the closest version found: a no-op implementation
Feb 16, 2023 7:46:16 PM org.openqa.selenium.devtools.CdpVersionFinder findNearestMatch
INFO: Unable to find CDP implementation matching 110.
Feb 16, 2023 7:46:16 PM org.openqa.selenium.chromium.ChromiumDriver lambda$new$3
WARNING: Unable to find version of CDP to use for . You may need to include a dependency on a specific version of the CDP using something similar to `org.seleniumhq.selenium:selenium-devtools-v86:4.1.2` where the version ("v86") matches the version of the chromium-based browser you're using and the version number of the artifact is the same as Selenium's.
]]></system-err>
  </testcase>
  <testcase name="And User click menu Masuk" classname="Scenario: Tanggal reservasi is shown" time="0.001"/>
  <testcase name="And User input &quot;sucimurid@gmail.com&quot; as email and input &quot;sucimurid&quot; as password" classname="Scenario: Tanggal reservasi is shown" time="0"/>
  <testcase name="And User clicked masuk button" classname="Scenario: Tanggal reservasi is shown" time="0"/>
  <testcase name="When Student click menu Beranda" classname="Scenario: Tanggal reservasi is shown" time="0"/>
  <testcase name="And Student input &quot;matematika&quot; as mata pelajaran" classname="Scenario: Tanggal reservasi is shown" time="0"/>
  <testcase name="And Student input &quot;jakarta&quot; as lokasi" classname="Scenario: Tanggal reservasi is shown" time="0"/>
  <testcase name="Then Should show teacher list" classname="Scenario: Tanggal reservasi is shown" time="0"/>
  <testcase name="Then Should show home page" classname="Scenario: Tanggal reservasi is shown" time="0"/>
  <testcase name="When Student click Guru" classname="Scenario: Tanggal reservasi is shown" time="0"/>
  <testcase name="Then Should show Guru Details" classname="Scenario: Tanggal reservasi is shown" time="0"/>
  <testcase name="Then Click Reservation" classname="Scenario: Tanggal reservasi is shown" time="0"/>
  <testcase name="Then show tanggal reservasi" classname="Scenario: Tanggal reservasi is shown" time="0">
    <system-out><![CDATA[
  Background:                                                                       &amp#27;[90m# features/ReservasiSubPage.feature:3&amp#27;[0m
    #    Given User open the website GuruMu
    &amp#27;[32mWhen &amp#27;[0m&amp#27;[32mUser click avatar navigation&amp#27;[0m                                               &amp#27;[90m# LoginSteps.userClickAvatarNavigation()&amp#27;[0m
    &amp#27;[32mAnd &amp#27;[0m&amp#27;[32mUser click menu Masuk&amp#27;[0m                                                       &amp#27;[90m# LoginSteps.userClickMenuMasuk()&amp#27;[0m
    &amp#27;[32mAnd &amp#27;[0m&amp#27;[32mUser input "&amp#27;[0m&amp#27;[32m&amp#27;[1msucimurid@gmail.com&amp#27;[0m&amp#27;[32m" as email and input "&amp#27;[0m&amp#27;[32m&amp#27;[1msucimurid&amp#27;[0m&amp#27;[32m" as password&amp#27;[0m &amp#27;[90m# LoginSteps.inputCredential(String,String)&amp#27;[0m
    &amp#27;[32mAnd &amp#27;[0m&amp#27;[32mUser clicked masuk button&amp#27;[0m                                                   &amp#27;[90m# LoginSteps.userClickMasukButton()&amp#27;[0m
    &amp#27;[32mWhen &amp#27;[0m&amp#27;[32mStudent click menu Beranda&amp#27;[0m                                                 &amp#27;[90m# CariGuruSteps.studentClickMenuBeranda()&amp#27;[0m
    &amp#27;[32mAnd &amp#27;[0m&amp#27;[32mStudent input "&amp#27;[0m&amp#27;[32m&amp#27;[1mmatematika&amp#27;[0m&amp#27;[32m" as mata pelajaran&amp#27;[0m                                &amp#27;[90m# CariGuruSteps.studentInputAsMataPelajaran(String)&amp#27;[0m
    &amp#27;[32mAnd &amp#27;[0m&amp#27;[32mStudent input "&amp#27;[0m&amp#27;[32m&amp#27;[1mjakarta&amp#27;[0m&amp#27;[32m" as lokasi&amp#27;[0m                                           &amp#27;[90m# CariGuruSteps.studentInputAsLokasi(String)&amp#27;[0m
    &amp#27;[32mThen &amp#27;[0m&amp#27;[32mShould show teacher list&amp#27;[0m                                                   &amp#27;[90m# CariGuruSteps.shouldShowTeacherList()&amp#27;[0m
    &amp#27;[32mThen &amp#27;[0m&amp#27;[32mShould show home page&amp#27;[0m                                                      &amp#27;[90m# CariGuruSteps.shouldShowHomePage()&amp#27;[0m
    &amp#27;[32mWhen &amp#27;[0m&amp#27;[32mStudent click Guru&amp#27;[0m                                                         &amp#27;[90m# ReservasiSubPageSteps.studentClickGuru()&amp#27;[0m
    &amp#27;[32mThen &amp#27;[0m&amp#27;[32mShould show Guru Details&amp#27;[0m                                                   &amp#27;[90m# ReservasiSubPageSteps.shouldShowGuruDetails()&amp#27;[0m
    &amp#27;[32mThen &amp#27;[0m&amp#27;[32mClick Reservation&amp#27;[0m                                                          &amp#27;[90m# ReservasiSubPageSteps.clickReservation()&amp#27;[0m
]]></system-out>
  </testcase>
  <testcase name="" classname="Scenario: Tanggal reservasi is shown" time="0.129"/>
  <testcase name="When User click avatar navigation" classname="Scenario: Jam reservasi is shown" time="0">
    <system-out><![CDATA[
  Scenario: Tanggal reservasi is shown &amp#27;[90m# features/ReservasiSubPage.feature:30&amp#27;[0m
    &amp#27;[32mThen &amp#27;[0m&amp#27;[32mshow tanggal reservasi&amp#27;[0m        &amp#27;[90m# ReservasiSubPageSteps.showTanggalReservasi()&amp#27;[0m
]]></system-out>
    <system-err><![CDATA[Starting ChromeDriver 110.0.5481.77 (65ed616c6e8ee3fe0ad64fe83796c020644d42af-refs/branch-heads/5481@{#839}) on port 51140
Only local connections are allowed.
Please see https://chromedriver.chromium.org/security-considerations for suggestions on keeping ChromeDriver safe.
ChromeDriver was started successfully.
[1676551604.336][WARNING]: virtual void DevToolsClientImpl::AddListener(DevToolsEventListener *) subscribing a listener to the already connected DevToolsClient. Connection notification will not arrive.
Feb 16, 2023 7:46:44 PM org.openqa.selenium.remote.ProtocolHandshake createSession
INFO: Detected dialect: W3C
Feb 16, 2023 7:46:44 PM org.openqa.selenium.devtools.CdpVersionFinder findNearestMatch
WARNING: Unable to find an exact match for CDP version 110, so returning the closest version found: a no-op implementation
Feb 16, 2023 7:46:44 PM org.openqa.selenium.devtools.CdpVersionFinder findNearestMatch
INFO: Unable to find CDP implementation matching 110.
Feb 16, 2023 7:46:44 PM org.openqa.selenium.chromium.ChromiumDriver lambda$new$3
WARNING: Unable to find version of CDP to use for . You may need to include a dependency on a specific version of the CDP using something similar to `org.seleniumhq.selenium:selenium-devtools-v86:4.1.2` where the version ("v86") matches the version of the chromium-based browser you're using and the version number of the artifact is the same as Selenium's.
]]></system-err>
  </testcase>
  <testcase name="And User click menu Masuk" classname="Scenario: Jam reservasi is shown" time="0"/>
  <testcase name="And User input &quot;sucimurid@gmail.com&quot; as email and input &quot;sucimurid&quot; as password" classname="Scenario: Jam reservasi is shown" time="0"/>
  <testcase name="And User clicked masuk button" classname="Scenario: Jam reservasi is shown" time="0"/>
  <testcase name="When Student click menu Beranda" classname="Scenario: Jam reservasi is shown" time="0"/>
  <testcase name="And Student input &quot;matematika&quot; as mata pelajaran" classname="Scenario: Jam reservasi is shown" time="0.001"/>
  <testcase name="And Student input &quot;jakarta&quot; as lokasi" classname="Scenario: Jam reservasi is shown" time="0"/>
  <testcase name="Then Should show teacher list" classname="Scenario: Jam reservasi is shown" time="0"/>
  <testcase name="Then Should show home page" classname="Scenario: Jam reservasi is shown" time="0"/>
  <testcase name="When Student click Guru" classname="Scenario: Jam reservasi is shown" time="0"/>
  <testcase name="Then Should show Guru Details" classname="Scenario: Jam reservasi is shown" time="0"/>
  <testcase name="Then Click Reservation" classname="Scenario: Jam reservasi is shown" time="0"/>
  <testcase name="Then show jam reservasi" classname="Scenario: Jam reservasi is shown" time="0">
    <system-out><![CDATA[
  Background:                                                                       &amp#27;[90m# features/ReservasiSubPage.feature:3&amp#27;[0m
    #    Given User open the website GuruMu
    &amp#27;[32mWhen &amp#27;[0m&amp#27;[32mUser click avatar navigation&amp#27;[0m                                               &amp#27;[90m# LoginSteps.userClickAvatarNavigation()&amp#27;[0m
    &amp#27;[32mAnd &amp#27;[0m&amp#27;[32mUser click menu Masuk&amp#27;[0m                                                       &amp#27;[90m# LoginSteps.userClickMenuMasuk()&amp#27;[0m
    &amp#27;[32mAnd &amp#27;[0m&amp#27;[32mUser input "&amp#27;[0m&amp#27;[32m&amp#27;[1msucimurid@gmail.com&amp#27;[0m&amp#27;[32m" as email and input "&amp#27;[0m&amp#27;[32m&amp#27;[1msucimurid&amp#27;[0m&amp#27;[32m" as password&amp#27;[0m &amp#27;[90m# LoginSteps.inputCredential(String,String)&amp#27;[0m
    &amp#27;[32mAnd &amp#27;[0m&amp#27;[32mUser clicked masuk button&amp#27;[0m                                                   &amp#27;[90m# LoginSteps.userClickMasukButton()&amp#27;[0m
    &amp#27;[32mWhen &amp#27;[0m&amp#27;[32mStudent click menu Beranda&amp#27;[0m                                                 &amp#27;[90m# CariGuruSteps.studentClickMenuBeranda()&amp#27;[0m
    &amp#27;[32mAnd &amp#27;[0m&amp#27;[32mStudent input "&amp#27;[0m&amp#27;[32m&amp#27;[1mmatematika&amp#27;[0m&amp#27;[32m" as mata pelajaran&amp#27;[0m                                &amp#27;[90m# CariGuruSteps.studentInputAsMataPelajaran(String)&amp#27;[0m
    &amp#27;[32mAnd &amp#27;[0m&amp#27;[32mStudent input "&amp#27;[0m&amp#27;[32m&amp#27;[1mjakarta&amp#27;[0m&amp#27;[32m" as lokasi&amp#27;[0m                                           &amp#27;[90m# CariGuruSteps.studentInputAsLokasi(String)&amp#27;[0m
    &amp#27;[32mThen &amp#27;[0m&amp#27;[32mShould show teacher list&amp#27;[0m                                                   &amp#27;[90m# CariGuruSteps.shouldShowTeacherList()&amp#27;[0m
    &amp#27;[32mThen &amp#27;[0m&amp#27;[32mShould show home page&amp#27;[0m                                                      &amp#27;[90m# CariGuruSteps.shouldShowHomePage()&amp#27;[0m
    &amp#27;[32mWhen &amp#27;[0m&amp#27;[32mStudent click Guru&amp#27;[0m                                                         &amp#27;[90m# ReservasiSubPageSteps.studentClickGuru()&amp#27;[0m
    &amp#27;[32mThen &amp#27;[0m&amp#27;[32mShould show Guru Details&amp#27;[0m                                                   &amp#27;[90m# ReservasiSubPageSteps.shouldShowGuruDetails()&amp#27;[0m
    &amp#27;[32mThen &amp#27;[0m&amp#27;[32mClick Reservation&amp#27;[0m                                                          &amp#27;[90m# ReservasiSubPageSteps.clickReservation()&amp#27;[0m
]]></system-out>
  </testcase>
  <testcase name="" classname="Scenario: Jam reservasi is shown" time="0.111"/>
  <testcase name="When User click avatar navigation" classname="Scenario: Alamat is shown" time="0">
    <system-out><![CDATA[
  Scenario: Jam reservasi is shown &amp#27;[90m# features/ReservasiSubPage.feature:33&amp#27;[0m
    &amp#27;[32mThen &amp#27;[0m&amp#27;[32mshow jam reservasi&amp#27;[0m        &amp#27;[90m# ReservasiSubPageSteps.showJamReservasi()&amp#27;[0m
]]></system-out>
    <system-err><![CDATA[Starting ChromeDriver 110.0.5481.77 (65ed616c6e8ee3fe0ad64fe83796c020644d42af-refs/branch-heads/5481@{#839}) on port 65313
Only local connections are allowed.
Please see https://chromedriver.chromium.org/security-considerations for suggestions on keeping ChromeDriver safe.
ChromeDriver was started successfully.
[1676551639.756][WARNING]: virtual void DevToolsClientImpl::AddListener(DevToolsEventListener *) subscribing a listener to the already connected DevToolsClient. Connection notification will not arrive.
Feb 16, 2023 7:47:19 PM org.openqa.selenium.remote.ProtocolHandshake createSession
INFO: Detected dialect: W3C
Feb 16, 2023 7:47:19 PM org.openqa.selenium.devtools.CdpVersionFinder findNearestMatch
WARNING: Unable to find an exact match for CDP version 110, so returning the closest version found: a no-op implementation
Feb 16, 2023 7:47:19 PM org.openqa.selenium.devtools.CdpVersionFinder findNearestMatch
INFO: Unable to find CDP implementation matching 110.
Feb 16, 2023 7:47:19 PM org.openqa.selenium.chromium.ChromiumDriver lambda$new$3
WARNING: Unable to find version of CDP to use for . You may need to include a dependency on a specific version of the CDP using something similar to `org.seleniumhq.selenium:selenium-devtools-v86:4.1.2` where the version ("v86") matches the version of the chromium-based browser you're using and the version number of the artifact is the same as Selenium's.
]]></system-err>
  </testcase>
  <testcase name="And User click menu Masuk" classname="Scenario: Alamat is shown" time="0"/>
  <testcase name="And User input &quot;sucimurid@gmail.com&quot; as email and input &quot;sucimurid&quot; as password" classname="Scenario: Alamat is shown" time="0"/>
  <testcase name="And User clicked masuk button" classname="Scenario: Alamat is shown" time="0"/>
  <testcase name="When Student click menu Beranda" classname="Scenario: Alamat is shown" time="0"/>
  <testcase name="And Student input &quot;matematika&quot; as mata pelajaran" classname="Scenario: Alamat is shown" time="0"/>
  <testcase name="And Student input &quot;jakarta&quot; as lokasi" classname="Scenario: Alamat is shown" time="0"/>
  <testcase name="Then Should show teacher list" classname="Scenario: Alamat is shown" time="0"/>
  <testcase name="Then Should show home page" classname="Scenario: Alamat is shown" time="0"/>
  <testcase name="When Student click Guru" classname="Scenario: Alamat is shown" time="0"/>
  <testcase name="Then Should show Guru Details" classname="Scenario: Alamat is shown" time="0"/>
  <testcase name="Then Click Reservation" classname="Scenario: Alamat is shown" time="0"/>
  <testcase name="Then show alamat" classname="Scenario: Alamat is shown" time="0">
    <system-out><![CDATA[
  Background:                                                                       &amp#27;[90m# features/ReservasiSubPage.feature:3&amp#27;[0m
    #    Given User open the website GuruMu
    &amp#27;[32mWhen &amp#27;[0m&amp#27;[32mUser click avatar navigation&amp#27;[0m                                               &amp#27;[90m# LoginSteps.userClickAvatarNavigation()&amp#27;[0m
    &amp#27;[32mAnd &amp#27;[0m&amp#27;[32mUser click menu Masuk&amp#27;[0m                                                       &amp#27;[90m# LoginSteps.userClickMenuMasuk()&amp#27;[0m
    &amp#27;[32mAnd &amp#27;[0m&amp#27;[32mUser input "&amp#27;[0m&amp#27;[32m&amp#27;[1msucimurid@gmail.com&amp#27;[0m&amp#27;[32m" as email and input "&amp#27;[0m&amp#27;[32m&amp#27;[1msucimurid&amp#27;[0m&amp#27;[32m" as password&amp#27;[0m &amp#27;[90m# LoginSteps.inputCredential(String,String)&amp#27;[0m
    &amp#27;[32mAnd &amp#27;[0m&amp#27;[32mUser clicked masuk button&amp#27;[0m                                                   &amp#27;[90m# LoginSteps.userClickMasukButton()&amp#27;[0m
    &amp#27;[32mWhen &amp#27;[0m&amp#27;[32mStudent click menu Beranda&amp#27;[0m                                                 &amp#27;[90m# CariGuruSteps.studentClickMenuBeranda()&amp#27;[0m
    &amp#27;[32mAnd &amp#27;[0m&amp#27;[32mStudent input "&amp#27;[0m&amp#27;[32m&amp#27;[1mmatematika&amp#27;[0m&amp#27;[32m" as mata pelajaran&amp#27;[0m                                &amp#27;[90m# CariGuruSteps.studentInputAsMataPelajaran(String)&amp#27;[0m
    &amp#27;[32mAnd &amp#27;[0m&amp#27;[32mStudent input "&amp#27;[0m&amp#27;[32m&amp#27;[1mjakarta&amp#27;[0m&amp#27;[32m" as lokasi&amp#27;[0m                                           &amp#27;[90m# CariGuruSteps.studentInputAsLokasi(String)&amp#27;[0m
    &amp#27;[32mThen &amp#27;[0m&amp#27;[32mShould show teacher list&amp#27;[0m                                                   &amp#27;[90m# CariGuruSteps.shouldShowTeacherList()&amp#27;[0m
    &amp#27;[32mThen &amp#27;[0m&amp#27;[32mShould show home page&amp#27;[0m                                                      &amp#27;[90m# CariGuruSteps.shouldShowHomePage()&amp#27;[0m
    &amp#27;[32mWhen &amp#27;[0m&amp#27;[32mStudent click Guru&amp#27;[0m                                                         &amp#27;[90m# ReservasiSubPageSteps.studentClickGuru()&amp#27;[0m
    &amp#27;[32mThen &amp#27;[0m&amp#27;[32mShould show Guru Details&amp#27;[0m                                                   &amp#27;[90m# ReservasiSubPageSteps.shouldShowGuruDetails()&amp#27;[0m
    &amp#27;[32mThen &amp#27;[0m&amp#27;[32mClick Reservation&amp#27;[0m                                                          &amp#27;[90m# ReservasiSubPageSteps.clickReservation()&amp#27;[0m
]]></system-out>
  </testcase>
  <testcase name="" classname="Scenario: Alamat is shown" time="0.114"/>
  <testcase name="When User click avatar navigation" classname="Scenario: Nomor HP is shown" time="0">
    <system-out><![CDATA[
  Scenario: Alamat is shown &amp#27;[90m# features/ReservasiSubPage.feature:36&amp#27;[0m
    &amp#27;[32mThen &amp#27;[0m&amp#27;[32mshow alamat&amp#27;[0m        &amp#27;[90m# ReservasiSubPageSteps.showAlamat()&amp#27;[0m
]]></system-out>
    <system-err><![CDATA[Starting ChromeDriver 110.0.5481.77 (65ed616c6e8ee3fe0ad64fe83796c020644d42af-refs/branch-heads/5481@{#839}) on port 52587
Only local connections are allowed.
Please see https://chromedriver.chromium.org/security-considerations for suggestions on keeping ChromeDriver safe.
ChromeDriver was started successfully.
[1676551669.794][WARNING]: virtual void DevToolsClientImpl::AddListener(DevToolsEventListener *) subscribing a listener to the already connected DevToolsClient. Connection notification will not arrive.
Feb 16, 2023 7:47:49 PM org.openqa.selenium.remote.ProtocolHandshake createSession
INFO: Detected dialect: W3C
Feb 16, 2023 7:47:50 PM org.openqa.selenium.devtools.CdpVersionFinder findNearestMatch
WARNING: Unable to find an exact match for CDP version 110, so returning the closest version found: a no-op implementation
Feb 16, 2023 7:47:50 PM org.openqa.selenium.devtools.CdpVersionFinder findNearestMatch
INFO: Unable to find CDP implementation matching 110.
Feb 16, 2023 7:47:50 PM org.openqa.selenium.chromium.ChromiumDriver lambda$new$3
WARNING: Unable to find version of CDP to use for . You may need to include a dependency on a specific version of the CDP using something similar to `org.seleniumhq.selenium:selenium-devtools-v86:4.1.2` where the version ("v86") matches the version of the chromium-based browser you're using and the version number of the artifact is the same as Selenium's.
]]></system-err>
  </testcase>
  <testcase name="And User click menu Masuk" classname="Scenario: Nomor HP is shown" time="0"/>
  <testcase name="And User input &quot;sucimurid@gmail.com&quot; as email and input &quot;sucimurid&quot; as password" classname="Scenario: Nomor HP is shown" time="0"/>
  <testcase name="And User clicked masuk button" classname="Scenario: Nomor HP is shown" time="0"/>
  <testcase name="When Student click menu Beranda" classname="Scenario: Nomor HP is shown" time="0"/>
  <testcase name="And Student input &quot;matematika&quot; as mata pelajaran" classname="Scenario: Nomor HP is shown" time="0"/>
  <testcase name="And Student input &quot;jakarta&quot; as lokasi" classname="Scenario: Nomor HP is shown" time="0"/>
  <testcase name="Then Should show teacher list" classname="Scenario: Nomor HP is shown" time="0"/>
  <testcase name="Then Should show home page" classname="Scenario: Nomor HP is shown" time="0"/>
  <testcase name="When Student click Guru" classname="Scenario: Nomor HP is shown" time="0"/>
  <testcase name="Then Should show Guru Details" classname="Scenario: Nomor HP is shown" time="0"/>
  <testcase name="Then Click Reservation" classname="Scenario: Nomor HP is shown" time="0"/>
  <testcase name="Then show nomor HP" classname="Scenario: Nomor HP is shown" time="0">
    <system-out><![CDATA[
  Background:                                                                       &amp#27;[90m# features/ReservasiSubPage.feature:3&amp#27;[0m
    #    Given User open the website GuruMu
    &amp#27;[32mWhen &amp#27;[0m&amp#27;[32mUser click avatar navigation&amp#27;[0m                                               &amp#27;[90m# LoginSteps.userClickAvatarNavigation()&amp#27;[0m
    &amp#27;[32mAnd &amp#27;[0m&amp#27;[32mUser click menu Masuk&amp#27;[0m                                                       &amp#27;[90m# LoginSteps.userClickMenuMasuk()&amp#27;[0m
    &amp#27;[32mAnd &amp#27;[0m&amp#27;[32mUser input "&amp#27;[0m&amp#27;[32m&amp#27;[1msucimurid@gmail.com&amp#27;[0m&amp#27;[32m" as email and input "&amp#27;[0m&amp#27;[32m&amp#27;[1msucimurid&amp#27;[0m&amp#27;[32m" as password&amp#27;[0m &amp#27;[90m# LoginSteps.inputCredential(String,String)&amp#27;[0m
    &amp#27;[32mAnd &amp#27;[0m&amp#27;[32mUser clicked masuk button&amp#27;[0m                                                   &amp#27;[90m# LoginSteps.userClickMasukButton()&amp#27;[0m
    &amp#27;[32mWhen &amp#27;[0m&amp#27;[32mStudent click menu Beranda&amp#27;[0m                                                 &amp#27;[90m# CariGuruSteps.studentClickMenuBeranda()&amp#27;[0m
    &amp#27;[32mAnd &amp#27;[0m&amp#27;[32mStudent input "&amp#27;[0m&amp#27;[32m&amp#27;[1mmatematika&amp#27;[0m&amp#27;[32m" as mata pelajaran&amp#27;[0m                                &amp#27;[90m# CariGuruSteps.studentInputAsMataPelajaran(String)&amp#27;[0m
    &amp#27;[32mAnd &amp#27;[0m&amp#27;[32mStudent input "&amp#27;[0m&amp#27;[32m&amp#27;[1mjakarta&amp#27;[0m&amp#27;[32m" as lokasi&amp#27;[0m                                           &amp#27;[90m# CariGuruSteps.studentInputAsLokasi(String)&amp#27;[0m
    &amp#27;[32mThen &amp#27;[0m&amp#27;[32mShould show teacher list&amp#27;[0m                                                   &amp#27;[90m# CariGuruSteps.shouldShowTeacherList()&amp#27;[0m
    &amp#27;[32mThen &amp#27;[0m&amp#27;[32mShould show home page&amp#27;[0m                                                      &amp#27;[90m# CariGuruSteps.shouldShowHomePage()&amp#27;[0m
    &amp#27;[32mWhen &amp#27;[0m&amp#27;[32mStudent click Guru&amp#27;[0m                                                         &amp#27;[90m# ReservasiSubPageSteps.studentClickGuru()&amp#27;[0m
    &amp#27;[32mThen &amp#27;[0m&amp#27;[32mShould show Guru Details&amp#27;[0m                                                   &amp#27;[90m# ReservasiSubPageSteps.shouldShowGuruDetails()&amp#27;[0m
    &amp#27;[32mThen &amp#27;[0m&amp#27;[32mClick Reservation&amp#27;[0m                                                          &amp#27;[90m# ReservasiSubPageSteps.clickReservation()&amp#27;[0m
]]></system-out>
  </testcase>
  <testcase name="" classname="Scenario: Nomor HP is shown" time="0.122"/>
  <testcase name="When User click avatar navigation" classname="Scenario: Verify &apos;Sedang Berlangsung&apos; student page can be clicked" time="0">
    <system-out><![CDATA[
  Scenario: Nomor HP is shown &amp#27;[90m# features/ReservasiSubPage.feature:39&amp#27;[0m
    &amp#27;[32mThen &amp#27;[0m&amp#27;[32mshow nomor HP&amp#27;[0m        &amp#27;[90m# ReservasiSubPageSteps.showNomorHP()&amp#27;[0m
@StudentViewSession @Test
Feature: Student view session
]]></system-out>
    <system-err><![CDATA[Starting ChromeDriver 110.0.5481.77 (65ed616c6e8ee3fe0ad64fe83796c020644d42af-refs/branch-heads/5481@{#839}) on port 64745
Only local connections are allowed.
Please see https://chromedriver.chromium.org/security-considerations for suggestions on keeping ChromeDriver safe.
ChromeDriver was started successfully.
[1676551705.021][WARNING]: virtual void DevToolsClientImpl::AddListener(DevToolsEventListener *) subscribing a listener to the already connected DevToolsClient. Connection notification will not arrive.
Feb 16, 2023 7:48:25 PM org.openqa.selenium.remote.ProtocolHandshake createSession
INFO: Detected dialect: W3C
Feb 16, 2023 7:48:25 PM org.openqa.selenium.devtools.CdpVersionFinder findNearestMatch
WARNING: Unable to find an exact match for CDP version 110, so returning the closest version found: a no-op implementation
Feb 16, 2023 7:48:25 PM org.openqa.selenium.devtools.CdpVersionFinder findNearestMatch
INFO: Unable to find CDP implementation matching 110.
Feb 16, 2023 7:48:25 PM org.openqa.selenium.chromium.ChromiumDriver lambda$new$3
WARNING: Unable to find version of CDP to use for . You may need to include a dependency on a specific version of the CDP using something similar to `org.seleniumhq.selenium:selenium-devtools-v86:4.1.2` where the version ("v86") matches the version of the chromium-based browser you're using and the version number of the artifact is the same as Selenium's.
]]></system-err>
  </testcase>
  <testcase name="And User click menu Masuk" classname="Scenario: Verify &apos;Sedang Berlangsung&apos; student page can be clicked" time="0"/>
  <testcase name="And User input &quot;sucimurid@gmail.com&quot; as email and input &quot;sucimurid&quot; as password" classname="Scenario: Verify &apos;Sedang Berlangsung&apos; student page can be clicked" time="0"/>
  <testcase name="And User clicked masuk button" classname="Scenario: Verify &apos;Sedang Berlangsung&apos; student page can be clicked" time="0"/>
  <testcase name="And Student click menu Beranda" classname="Scenario: Verify &apos;Sedang Berlangsung&apos; student page can be clicked" time="0"/>
  <testcase name="And Student click profile icon button" classname="Scenario: Verify &apos;Sedang Berlangsung&apos; student page can be clicked" time="0"/>
  <testcase name="When Student click button Sedang Berlangsung" classname="Scenario: Verify &apos;Sedang Berlangsung&apos; student page can be clicked" time="0">
    <system-out><![CDATA[
  Background:                                                                       &amp#27;[90m# features/StudentViewSession.feature:4&amp#27;[0m
    &amp#27;[32mWhen &amp#27;[0m&amp#27;[32mUser click avatar navigation&amp#27;[0m                                               &amp#27;[90m# LoginSteps.userClickAvatarNavigation()&amp#27;[0m
    &amp#27;[32mAnd &amp#27;[0m&amp#27;[32mUser click menu Masuk&amp#27;[0m                                                       &amp#27;[90m# LoginSteps.userClickMenuMasuk()&amp#27;[0m
    &amp#27;[32mAnd &amp#27;[0m&amp#27;[32mUser input "&amp#27;[0m&amp#27;[32m&amp#27;[1msucimurid@gmail.com&amp#27;[0m&amp#27;[32m" as email and input "&amp#27;[0m&amp#27;[32m&amp#27;[1msucimurid&amp#27;[0m&amp#27;[32m" as password&amp#27;[0m &amp#27;[90m# LoginSteps.inputCredential(String,String)&amp#27;[0m
    &amp#27;[32mAnd &amp#27;[0m&amp#27;[32mUser clicked masuk button&amp#27;[0m                                                   &amp#27;[90m# LoginSteps.userClickMasukButton()&amp#27;[0m
    &amp#27;[32mAnd &amp#27;[0m&amp#27;[32mStudent click menu Beranda&amp#27;[0m                                                  &amp#27;[90m# CariGuruSteps.studentClickMenuBeranda()&amp#27;[0m
    &amp#27;[32mAnd &amp#27;[0m&amp#27;[32mStudent click profile icon button&amp#27;[0m                                           &amp#27;[90m# StudentViewSessionSteps.studentClickProfileIconButton()&amp#27;[0m
]]></system-out>
  </testcase>
  <testcase name="Then Showing page Sedang Berlangsung" classname="Scenario: Verify &apos;Sedang Berlangsung&apos; student page can be clicked" time="0"/>
  <testcase name="" classname="Scenario: Verify &apos;Sedang Berlangsung&apos; student page can be clicked" time="0.127"/>
  <testcase name="When User click avatar navigation" classname="Scenario: Verify &apos;Nama Guru&apos; field is displayed" time="0">
    <system-out><![CDATA[
  @ScenarioViewStudent
  Scenario: Verify 'Sedang Berlangsung' student page can be clicked &amp#27;[90m# features/StudentViewSession.feature:13&amp#27;[0m
    &amp#27;[32mWhen &amp#27;[0m&amp#27;[32mStudent click button Sedang Berlangsung&amp#27;[0m                    &amp#27;[90m# StudentViewSessionSteps.studentClickButtonSedangBerlangsung()&amp#27;[0m
    &amp#27;[32mThen &amp#27;[0m&amp#27;[32mShowing page Sedang Berlangsung&amp#27;[0m                            &amp#27;[90m# StudentViewSessionSteps.showingPageSedangBerlangsung()&amp#27;[0m
]]></system-out>
    <system-err><![CDATA[Starting ChromeDriver 110.0.5481.77 (65ed616c6e8ee3fe0ad64fe83796c020644d42af-refs/branch-heads/5481@{#839}) on port 55382
Only local connections are allowed.
Please see https://chromedriver.chromium.org/security-considerations for suggestions on keeping ChromeDriver safe.
ChromeDriver was started successfully.
[1676551731.742][WARNING]: virtual void DevToolsClientImpl::AddListener(DevToolsEventListener *) subscribing a listener to the already connected DevToolsClient. Connection notification will not arrive.
Feb 16, 2023 7:48:51 PM org.openqa.selenium.remote.ProtocolHandshake createSession
INFO: Detected dialect: W3C
Feb 16, 2023 7:48:51 PM org.openqa.selenium.devtools.CdpVersionFinder findNearestMatch
WARNING: Unable to find an exact match for CDP version 110, so returning the closest version found: a no-op implementation
Feb 16, 2023 7:48:51 PM org.openqa.selenium.devtools.CdpVersionFinder findNearestMatch
INFO: Unable to find CDP implementation matching 110.
Feb 16, 2023 7:48:51 PM org.openqa.selenium.chromium.ChromiumDriver lambda$new$3
WARNING: Unable to find version of CDP to use for . You may need to include a dependency on a specific version of the CDP using something similar to `org.seleniumhq.selenium:selenium-devtools-v86:4.1.2` where the version ("v86") matches the version of the chromium-based browser you're using and the version number of the artifact is the same as Selenium's.
]]></system-err>
  </testcase>
  <testcase name="And User click menu Masuk" classname="Scenario: Verify &apos;Nama Guru&apos; field is displayed" time="0"/>
  <testcase name="And User input &quot;sucimurid@gmail.com&quot; as email and input &quot;sucimurid&quot; as password" classname="Scenario: Verify &apos;Nama Guru&apos; field is displayed" time="0"/>
  <testcase name="And User clicked masuk button" classname="Scenario: Verify &apos;Nama Guru&apos; field is displayed" time="0"/>
  <testcase name="And Student click menu Beranda" classname="Scenario: Verify &apos;Nama Guru&apos; field is displayed" time="0"/>
  <testcase name="And Student click profile icon button" classname="Scenario: Verify &apos;Nama Guru&apos; field is displayed" time="0"/>
  <testcase name="When Student click button Sedang Berlangsung" classname="Scenario: Verify &apos;Nama Guru&apos; field is displayed" time="0">
    <system-out><![CDATA[
  Background:                                                                       &amp#27;[90m# features/StudentViewSession.feature:4&amp#27;[0m
    &amp#27;[32mWhen &amp#27;[0m&amp#27;[32mUser click avatar navigation&amp#27;[0m                                               &amp#27;[90m# LoginSteps.userClickAvatarNavigation()&amp#27;[0m
    &amp#27;[32mAnd &amp#27;[0m&amp#27;[32mUser click menu Masuk&amp#27;[0m                                                       &amp#27;[90m# LoginSteps.userClickMenuMasuk()&amp#27;[0m
    &amp#27;[32mAnd &amp#27;[0m&amp#27;[32mUser input "&amp#27;[0m&amp#27;[32m&amp#27;[1msucimurid@gmail.com&amp#27;[0m&amp#27;[32m" as email and input "&amp#27;[0m&amp#27;[32m&amp#27;[1msucimurid&amp#27;[0m&amp#27;[32m" as password&amp#27;[0m &amp#27;[90m# LoginSteps.inputCredential(String,String)&amp#27;[0m
    &amp#27;[32mAnd &amp#27;[0m&amp#27;[32mUser clicked masuk button&amp#27;[0m                                                   &amp#27;[90m# LoginSteps.userClickMasukButton()&amp#27;[0m
    &amp#27;[32mAnd &amp#27;[0m&amp#27;[32mStudent click menu Beranda&amp#27;[0m                                                  &amp#27;[90m# CariGuruSteps.studentClickMenuBeranda()&amp#27;[0m
    &amp#27;[32mAnd &amp#27;[0m&amp#27;[32mStudent click profile icon button&amp#27;[0m                                           &amp#27;[90m# StudentViewSessionSteps.studentClickProfileIconButton()&amp#27;[0m
]]></system-out>
  </testcase>
  <testcase name="Then Showing page Sedang Berlangsung" classname="Scenario: Verify &apos;Nama Guru&apos; field is displayed" time="0"/>
  <testcase name="And Should show Nama Guru field" classname="Scenario: Verify &apos;Nama Guru&apos; field is displayed" time="0"/>
  <testcase name="" classname="Scenario: Verify &apos;Nama Guru&apos; field is displayed" time="0.127"/>
  <testcase name="When User click avatar navigation" classname="Scenario: Verify &apos;Jam&apos; field is displayed" time="0">
    <system-out><![CDATA[
  @ScenarioViewStudent
  Scenario: Verify 'Nama Guru' field is displayed &amp#27;[90m# features/StudentViewSession.feature:18&amp#27;[0m
    &amp#27;[32mWhen &amp#27;[0m&amp#27;[32mStudent click button Sedang Berlangsung&amp#27;[0m  &amp#27;[90m# StudentViewSessionSteps.studentClickButtonSedangBerlangsung()&amp#27;[0m
    &amp#27;[32mThen &amp#27;[0m&amp#27;[32mShowing page Sedang Berlangsung&amp#27;[0m          &amp#27;[90m# StudentViewSessionSteps.showingPageSedangBerlangsung()&amp#27;[0m
    &amp#27;[32mAnd &amp#27;[0m&amp#27;[32mShould show Nama Guru field&amp#27;[0m               &amp#27;[90m# StudentViewSessionSteps.shouldShowNamaGuruField()&amp#27;[0m
]]></system-out>
    <system-err><![CDATA[Starting ChromeDriver 110.0.5481.77 (65ed616c6e8ee3fe0ad64fe83796c020644d42af-refs/branch-heads/5481@{#839}) on port 59115
Only local connections are allowed.
Please see https://chromedriver.chromium.org/security-considerations for suggestions on keeping ChromeDriver safe.
ChromeDriver was started successfully.
[1676551765.563][WARNING]: virtual void DevToolsClientImpl::AddListener(DevToolsEventListener *) subscribing a listener to the already connected DevToolsClient. Connection notification will not arrive.
Feb 16, 2023 7:49:25 PM org.openqa.selenium.remote.ProtocolHandshake createSession
INFO: Detected dialect: W3C
Feb 16, 2023 7:49:25 PM org.openqa.selenium.devtools.CdpVersionFinder findNearestMatch
WARNING: Unable to find an exact match for CDP version 110, so returning the closest version found: a no-op implementation
Feb 16, 2023 7:49:25 PM org.openqa.selenium.devtools.CdpVersionFinder findNearestMatch
INFO: Unable to find CDP implementation matching 110.
Feb 16, 2023 7:49:25 PM org.openqa.selenium.chromium.ChromiumDriver lambda$new$3
WARNING: Unable to find version of CDP to use for . You may need to include a dependency on a specific version of the CDP using something similar to `org.seleniumhq.selenium:selenium-devtools-v86:4.1.2` where the version ("v86") matches the version of the chromium-based browser you're using and the version number of the artifact is the same as Selenium's.
]]></system-err>
  </testcase>
  <testcase name="When User click avatar navigation" classname="Scenario: Verify &apos;Jam&apos; field is displayed" time="0">
    <system-out><![CDATA[
  @ScenarioViewStudent
  Scenario: Verify 'Hari & tanggal' field is displayed &amp#27;[90m# features/StudentViewSession.feature:30&amp#27;[0m
    &amp#27;[32mWhen &amp#27;[0m&amp#27;[32mStudent click button Sedang Berlangsung&amp#27;[0m       &amp#27;[90m# StudentViewSessionSteps.studentClickButtonSedangBerlangsung()&amp#27;[0m
    &amp#27;[32mThen &amp#27;[0m&amp#27;[32mShowing page Sedang Berlangsung&amp#27;[0m               &amp#27;[90m# StudentViewSessionSteps.showingPageSedangBerlangsung()&amp#27;[0m
    &amp#27;[32mAnd &amp#27;[0m&amp#27;[32mShould show Hari & tanggal field&amp#27;[0m               &amp#27;[90m# StudentViewSessionSteps.shouldShowHariTanggalField()&amp#27;[0m
]]></system-out>
    <system-err><![CDATA[Starting ChromeDriver 110.0.5481.77 (65ed616c6e8ee3fe0ad64fe83796c020644d42af-refs/branch-heads/5481@{#839}) on port 62940
Only local connections are allowed.
Please see https://chromedriver.chromium.org/security-considerations for suggestions on keeping ChromeDriver safe.
ChromeDriver was started successfully.
[1676551835.357][WARNING]: virtual void DevToolsClientImpl::AddListener(DevToolsEventListener *) subscribing a listener to the already connected DevToolsClient. Connection notification will not arrive.
Feb 16, 2023 7:50:35 PM org.openqa.selenium.remote.ProtocolHandshake createSession
INFO: Detected dialect: W3C
Feb 16, 2023 7:50:35 PM org.openqa.selenium.devtools.CdpVersionFinder findNearestMatch
WARNING: Unable to find an exact match for CDP version 110, so returning the closest version found: a no-op implementation
Feb 16, 2023 7:50:35 PM org.openqa.selenium.devtools.CdpVersionFinder findNearestMatch
INFO: Unable to find CDP implementation matching 110.
Feb 16, 2023 7:50:35 PM org.openqa.selenium.chromium.ChromiumDriver lambda$new$3
WARNING: Unable to find version of CDP to use for . You may need to include a dependency on a specific version of the CDP using something similar to `org.seleniumhq.selenium:selenium-devtools-v86:4.1.2` where the version ("v86") matches the version of the chromium-based browser you're using and the version number of the artifact is the same as Selenium's.
]]></system-err>
  </testcase>
  <testcase name="And User click menu Masuk" classname="Scenario: Verify &apos;Jam&apos; field is displayed" time="0"/>
  <testcase name="And User click menu Masuk" classname="Scenario: Verify &apos;Jam&apos; field is displayed" time="0"/>
  <testcase name="And User input &quot;sucimurid@gmail.com&quot; as email and input &quot;sucimurid&quot; as password" classname="Scenario: Verify &apos;Jam&apos; field is displayed" time="0"/>
  <testcase name="And User input &quot;sucimurid@gmail.com&quot; as email and input &quot;sucimurid&quot; as password" classname="Scenario: Verify &apos;Jam&apos; field is displayed" time="0"/>
  <testcase name="And User clicked masuk button" classname="Scenario: Verify &apos;Jam&apos; field is displayed" time="0"/>
  <testcase name="And User clicked masuk button" classname="Scenario: Verify &apos;Jam&apos; field is displayed" time="0"/>
  <testcase name="And Student click menu Beranda" classname="Scenario: Verify &apos;Jam&apos; field is displayed" time="0"/>
  <testcase name="And Student click menu Beranda" classname="Scenario: Verify &apos;Jam&apos; field is displayed" time="0"/>
  <testcase name="And Student click profile icon button" classname="Scenario: Verify &apos;Jam&apos; field is displayed" time="0"/>
  <testcase name="And Student click profile icon button" classname="Scenario: Verify &apos;Jam&apos; field is displayed" time="0.001"/>
  <testcase name="When Student click button Sedang Berlangsung" classname="Scenario: Verify &apos;Jam&apos; field is displayed" time="0">
    <system-out><![CDATA[
  Background:                                                                       &amp#27;[90m# features/StudentViewSession.feature:4&amp#27;[0m
    &amp#27;[32mWhen &amp#27;[0m&amp#27;[32mUser click avatar navigation&amp#27;[0m                                               &amp#27;[90m# LoginSteps.userClickAvatarNavigation()&amp#27;[0m
    &amp#27;[32mAnd &amp#27;[0m&amp#27;[32mUser click menu Masuk&amp#27;[0m                                                       &amp#27;[90m# LoginSteps.userClickMenuMasuk()&amp#27;[0m
    &amp#27;[32mAnd &amp#27;[0m&amp#27;[32mUser input "&amp#27;[0m&amp#27;[32m&amp#27;[1msucimurid@gmail.com&amp#27;[0m&amp#27;[32m" as email and input "&amp#27;[0m&amp#27;[32m&amp#27;[1msucimurid&amp#27;[0m&amp#27;[32m" as password&amp#27;[0m &amp#27;[90m# LoginSteps.inputCredential(String,String)&amp#27;[0m
    &amp#27;[32mAnd &amp#27;[0m&amp#27;[32mUser clicked masuk button&amp#27;[0m                                                   &amp#27;[90m# LoginSteps.userClickMasukButton()&amp#27;[0m
    &amp#27;[32mAnd &amp#27;[0m&amp#27;[32mStudent click menu Beranda&amp#27;[0m                                                  &amp#27;[90m# CariGuruSteps.studentClickMenuBeranda()&amp#27;[0m
    &amp#27;[32mAnd &amp#27;[0m&amp#27;[32mStudent click profile icon button&amp#27;[0m                                           &amp#27;[90m# StudentViewSessionSteps.studentClickProfileIconButton()&amp#27;[0m
]]></system-out>
  </testcase>
  <testcase name="When Student click button Sedang Berlangsung" classname="Scenario: Verify &apos;Jam&apos; field is displayed" time="0">
    <system-out><![CDATA[
  Background:                                                                       &amp#27;[90m# features/StudentViewSession.feature:4&amp#27;[0m
    &amp#27;[32mWhen &amp#27;[0m&amp#27;[32mUser click avatar navigation&amp#27;[0m                                               &amp#27;[90m# LoginSteps.userClickAvatarNavigation()&amp#27;[0m
    &amp#27;[32mAnd &amp#27;[0m&amp#27;[32mUser click menu Masuk&amp#27;[0m                                                       &amp#27;[90m# LoginSteps.userClickMenuMasuk()&amp#27;[0m
    &amp#27;[32mAnd &amp#27;[0m&amp#27;[32mUser input "&amp#27;[0m&amp#27;[32m&amp#27;[1msucimurid@gmail.com&amp#27;[0m&amp#27;[32m" as email and input "&amp#27;[0m&amp#27;[32m&amp#27;[1msucimurid&amp#27;[0m&amp#27;[32m" as password&amp#27;[0m &amp#27;[90m# LoginSteps.inputCredential(String,String)&amp#27;[0m
    &amp#27;[32mAnd &amp#27;[0m&amp#27;[32mUser clicked masuk button&amp#27;[0m                                                   &amp#27;[90m# LoginSteps.userClickMasukButton()&amp#27;[0m
    &amp#27;[32mAnd &amp#27;[0m&amp#27;[32mStudent click menu Beranda&amp#27;[0m                                                  &amp#27;[90m# CariGuruSteps.studentClickMenuBeranda()&amp#27;[0m
    &amp#27;[32mAnd &amp#27;[0m&amp#27;[32mStudent click profile icon button&amp#27;[0m                                           &amp#27;[90m# StudentViewSessionSteps.studentClickProfileIconButton()&amp#27;[0m
]]></system-out>
  </testcase>
  <testcase name="Then Showing page Sedang Berlangsung" classname="Scenario: Verify &apos;Jam&apos; field is displayed" time="0"/>
  <testcase name="Then Showing page Sedang Berlangsung" classname="Scenario: Verify &apos;Jam&apos; field is displayed" time="0"/>
  <testcase name="And Should show jam field" classname="Scenario: Verify &apos;Jam&apos; field is displayed" time="0"/>
  <testcase name="And Should show jam field" classname="Scenario: Verify &apos;Jam&apos; field is displayed" time="0"/>
  <testcase name="" classname="Scenario: Verify &apos;Jam&apos; field is displayed" time="0.124"/>
  <testcase name="" classname="Scenario: Verify &apos;Jam&apos; field is displayed" time="0.127"/>
  <testcase name="When User click avatar navigation" classname="Scenario: Verify &apos;Hari &amp; tanggal&apos; field is displayed" time="0">
    <system-out><![CDATA[
  @ScenarioViewStudent
  Scenario: Verify 'Jam' field is displayed      &amp#27;[90m# features/StudentViewSession.feature:24&amp#27;[0m
    &amp#27;[32mWhen &amp#27;[0m&amp#27;[32mStudent click button Sedang Berlangsung&amp#27;[0m &amp#27;[90m# StudentViewSessionSteps.studentClickButtonSedangBerlangsung()&amp#27;[0m
    &amp#27;[32mThen &amp#27;[0m&amp#27;[32mShowing page Sedang Berlangsung&amp#27;[0m         &amp#27;[90m# StudentViewSessionSteps.showingPageSedangBerlangsung()&amp#27;[0m
    &amp#27;[32mAnd &amp#27;[0m&amp#27;[32mShould show jam field&amp#27;[0m                    &amp#27;[90m# StudentViewSessionSteps.shouldShowJamField()&amp#27;[0m
]]></system-out>
    <system-err><![CDATA[Starting ChromeDriver 110.0.5481.77 (65ed616c6e8ee3fe0ad64fe83796c020644d42af-refs/branch-heads/5481@{#839}) on port 58788
Only local connections are allowed.
Please see https://chromedriver.chromium.org/security-considerations for suggestions on keeping ChromeDriver safe.
ChromeDriver was started successfully.
[1676551800.853][WARNING]: virtual void DevToolsClientImpl::AddListener(DevToolsEventListener *) subscribing a listener to the already connected DevToolsClient. Connection notification will not arrive.
Feb 16, 2023 7:50:01 PM org.openqa.selenium.remote.ProtocolHandshake createSession
INFO: Detected dialect: W3C
Feb 16, 2023 7:50:01 PM org.openqa.selenium.devtools.CdpVersionFinder findNearestMatch
WARNING: Unable to find an exact match for CDP version 110, so returning the closest version found: a no-op implementation
Feb 16, 2023 7:50:01 PM org.openqa.selenium.devtools.CdpVersionFinder findNearestMatch
INFO: Unable to find CDP implementation matching 110.
Feb 16, 2023 7:50:01 PM org.openqa.selenium.chromium.ChromiumDriver lambda$new$3
WARNING: Unable to find version of CDP to use for . You may need to include a dependency on a specific version of the CDP using something similar to `org.seleniumhq.selenium:selenium-devtools-v86:4.1.2` where the version ("v86") matches the version of the chromium-based browser you're using and the version number of the artifact is the same as Selenium's.
]]></system-err>
  </testcase>
  <testcase name="And User click menu Masuk" classname="Scenario: Verify &apos;Hari &amp; tanggal&apos; field is displayed" time="0"/>
  <testcase name="And User input &quot;sucimurid@gmail.com&quot; as email and input &quot;sucimurid&quot; as password" classname="Scenario: Verify &apos;Hari &amp; tanggal&apos; field is displayed" time="0"/>
  <testcase name="And User clicked masuk button" classname="Scenario: Verify &apos;Hari &amp; tanggal&apos; field is displayed" time="0"/>
  <testcase name="And Student click menu Beranda" classname="Scenario: Verify &apos;Hari &amp; tanggal&apos; field is displayed" time="0"/>
  <testcase name="And Student click profile icon button" classname="Scenario: Verify &apos;Hari &amp; tanggal&apos; field is displayed" time="0"/>
  <testcase name="When Student click button Sedang Berlangsung" classname="Scenario: Verify &apos;Hari &amp; tanggal&apos; field is displayed" time="0">
    <system-out><![CDATA[
  Background:                                                                       &amp#27;[90m# features/StudentViewSession.feature:4&amp#27;[0m
    &amp#27;[32mWhen &amp#27;[0m&amp#27;[32mUser click avatar navigation&amp#27;[0m                                               &amp#27;[90m# LoginSteps.userClickAvatarNavigation()&amp#27;[0m
    &amp#27;[32mAnd &amp#27;[0m&amp#27;[32mUser click menu Masuk&amp#27;[0m                                                       &amp#27;[90m# LoginSteps.userClickMenuMasuk()&amp#27;[0m
    &amp#27;[32mAnd &amp#27;[0m&amp#27;[32mUser input "&amp#27;[0m&amp#27;[32m&amp#27;[1msucimurid@gmail.com&amp#27;[0m&amp#27;[32m" as email and input "&amp#27;[0m&amp#27;[32m&amp#27;[1msucimurid&amp#27;[0m&amp#27;[32m" as password&amp#27;[0m &amp#27;[90m# LoginSteps.inputCredential(String,String)&amp#27;[0m
    &amp#27;[32mAnd &amp#27;[0m&amp#27;[32mUser clicked masuk button&amp#27;[0m                                                   &amp#27;[90m# LoginSteps.userClickMasukButton()&amp#27;[0m
    &amp#27;[32mAnd &amp#27;[0m&amp#27;[32mStudent click menu Beranda&amp#27;[0m                                                  &amp#27;[90m# CariGuruSteps.studentClickMenuBeranda()&amp#27;[0m
    &amp#27;[32mAnd &amp#27;[0m&amp#27;[32mStudent click profile icon button&amp#27;[0m                                           &amp#27;[90m# StudentViewSessionSteps.studentClickProfileIconButton()&amp#27;[0m
]]></system-out>
  </testcase>
  <testcase name="Then Showing page Sedang Berlangsung" classname="Scenario: Verify &apos;Hari &amp; tanggal&apos; field is displayed" time="0"/>
  <testcase name="And Should show Hari &amp; tanggal field" classname="Scenario: Verify &apos;Hari &amp; tanggal&apos; field is displayed" time="0"/>
  <testcase name="" classname="Scenario: Verify &apos;Hari &amp; tanggal&apos; field is displayed" time="0.118"/>
  <testcase name="When User click avatar navigation" classname="Scenario: Verify &apos;Status&apos; field is displayed" time="0">
    <system-out><![CDATA[
  @ScenarioViewStudent
  Scenario: Verify 'Jam' field is displayed      &amp#27;[90m# features/StudentViewSession.feature:36&amp#27;[0m
    &amp#27;[32mWhen &amp#27;[0m&amp#27;[32mStudent click button Sedang Berlangsung&amp#27;[0m &amp#27;[90m# StudentViewSessionSteps.studentClickButtonSedangBerlangsung()&amp#27;[0m
    &amp#27;[32mThen &amp#27;[0m&amp#27;[32mShowing page Sedang Berlangsung&amp#27;[0m         &amp#27;[90m# StudentViewSessionSteps.showingPageSedangBerlangsung()&amp#27;[0m
    &amp#27;[32mAnd &amp#27;[0m&amp#27;[32mShould show jam field&amp#27;[0m                    &amp#27;[90m# StudentViewSessionSteps.shouldShowJamField()&amp#27;[0m
]]></system-out>
    <system-err><![CDATA[Starting ChromeDriver 110.0.5481.77 (65ed616c6e8ee3fe0ad64fe83796c020644d42af-refs/branch-heads/5481@{#839}) on port 62681
Only local connections are allowed.
Please see https://chromedriver.chromium.org/security-considerations for suggestions on keeping ChromeDriver safe.
ChromeDriver was started successfully.
[1676551865.638][WARNING]: virtual void DevToolsClientImpl::AddListener(DevToolsEventListener *) subscribing a listener to the already connected DevToolsClient. Connection notification will not arrive.
Feb 16, 2023 7:51:05 PM org.openqa.selenium.remote.ProtocolHandshake createSession
INFO: Detected dialect: W3C
Feb 16, 2023 7:51:05 PM org.openqa.selenium.devtools.CdpVersionFinder findNearestMatch
WARNING: Unable to find an exact match for CDP version 110, so returning the closest version found: a no-op implementation
Feb 16, 2023 7:51:05 PM org.openqa.selenium.devtools.CdpVersionFinder findNearestMatch
INFO: Unable to find CDP implementation matching 110.
Feb 16, 2023 7:51:05 PM org.openqa.selenium.chromium.ChromiumDriver lambda$new$3
WARNING: Unable to find version of CDP to use for . You may need to include a dependency on a specific version of the CDP using something similar to `org.seleniumhq.selenium:selenium-devtools-v86:4.1.2` where the version ("v86") matches the version of the chromium-based browser you're using and the version number of the artifact is the same as Selenium's.
]]></system-err>
  </testcase>
  <testcase name="And User click menu Masuk" classname="Scenario: Verify &apos;Status&apos; field is displayed" time="0"/>
  <testcase name="And User input &quot;sucimurid@gmail.com&quot; as email and input &quot;sucimurid&quot; as password" classname="Scenario: Verify &apos;Status&apos; field is displayed" time="0"/>
  <testcase name="And User clicked masuk button" classname="Scenario: Verify &apos;Status&apos; field is displayed" time="0"/>
  <testcase name="And Student click menu Beranda" classname="Scenario: Verify &apos;Status&apos; field is displayed" time="0"/>
  <testcase name="And Student click profile icon button" classname="Scenario: Verify &apos;Status&apos; field is displayed" time="0"/>
  <testcase name="When Student click button Sedang Berlangsung" classname="Scenario: Verify &apos;Status&apos; field is displayed" time="0">
    <system-out><![CDATA[
  Background:                                                                       &amp#27;[90m# features/StudentViewSession.feature:4&amp#27;[0m
    &amp#27;[32mWhen &amp#27;[0m&amp#27;[32mUser click avatar navigation&amp#27;[0m                                               &amp#27;[90m# LoginSteps.userClickAvatarNavigation()&amp#27;[0m
    &amp#27;[32mAnd &amp#27;[0m&amp#27;[32mUser click menu Masuk&amp#27;[0m                                                       &amp#27;[90m# LoginSteps.userClickMenuMasuk()&amp#27;[0m
    &amp#27;[32mAnd &amp#27;[0m&amp#27;[32mUser input "&amp#27;[0m&amp#27;[32m&amp#27;[1msucimurid@gmail.com&amp#27;[0m&amp#27;[32m" as email and input "&amp#27;[0m&amp#27;[32m&amp#27;[1msucimurid&amp#27;[0m&amp#27;[32m" as password&amp#27;[0m &amp#27;[90m# LoginSteps.inputCredential(String,String)&amp#27;[0m
    &amp#27;[32mAnd &amp#27;[0m&amp#27;[32mUser clicked masuk button&amp#27;[0m                                                   &amp#27;[90m# LoginSteps.userClickMasukButton()&amp#27;[0m
    &amp#27;[32mAnd &amp#27;[0m&amp#27;[32mStudent click menu Beranda&amp#27;[0m                                                  &amp#27;[90m# CariGuruSteps.studentClickMenuBeranda()&amp#27;[0m
    &amp#27;[32mAnd &amp#27;[0m&amp#27;[32mStudent click profile icon button&amp#27;[0m                                           &amp#27;[90m# StudentViewSessionSteps.studentClickProfileIconButton()&amp#27;[0m
]]></system-out>
  </testcase>
  <testcase name="Then Showing page Sedang Berlangsung" classname="Scenario: Verify &apos;Status&apos; field is displayed" time="0"/>
  <testcase name="And Should show status field" classname="Scenario: Verify &apos;Status&apos; field is displayed" time="0"/>
  <testcase name="" classname="Scenario: Verify &apos;Status&apos; field is displayed" time="0.12"/>
  <testcase name="When User click avatar navigation" classname="Scenario: Verify &apos;Link google meet&apos; field is displayed" time="0.001">
    <system-out><![CDATA[
  @ScenarioViewStudent
  Scenario: Verify 'Status' field is displayed   &amp#27;[90m# features/StudentViewSession.feature:43&amp#27;[0m
    &amp#27;[32mWhen &amp#27;[0m&amp#27;[32mStudent click button Sedang Berlangsung&amp#27;[0m &amp#27;[90m# StudentViewSessionSteps.studentClickButtonSedangBerlangsung()&amp#27;[0m
    &amp#27;[32mThen &amp#27;[0m&amp#27;[32mShowing page Sedang Berlangsung&amp#27;[0m         &amp#27;[90m# StudentViewSessionSteps.showingPageSedangBerlangsung()&amp#27;[0m
    &amp#27;[32mAnd &amp#27;[0m&amp#27;[32mShould show status field&amp#27;[0m                 &amp#27;[90m# StudentViewSessionSteps.shouldShowStatusField()&amp#27;[0m
]]></system-out>
    <system-err><![CDATA[Starting ChromeDriver 110.0.5481.77 (65ed616c6e8ee3fe0ad64fe83796c020644d42af-refs/branch-heads/5481@{#839}) on port 58215
Only local connections are allowed.
Please see https://chromedriver.chromium.org/security-considerations for suggestions on keeping ChromeDriver safe.
ChromeDriver was started successfully.
[1676551898.332][WARNING]: virtual void DevToolsClientImpl::AddListener(DevToolsEventListener *) subscribing a listener to the already connected DevToolsClient. Connection notification will not arrive.
Feb 16, 2023 7:51:38 PM org.openqa.selenium.remote.ProtocolHandshake createSession
INFO: Detected dialect: W3C
Feb 16, 2023 7:51:38 PM org.openqa.selenium.devtools.CdpVersionFinder findNearestMatch
WARNING: Unable to find an exact match for CDP version 110, so returning the closest version found: a no-op implementation
Feb 16, 2023 7:51:38 PM org.openqa.selenium.devtools.CdpVersionFinder findNearestMatch
INFO: Unable to find CDP implementation matching 110.
Feb 16, 2023 7:51:38 PM org.openqa.selenium.chromium.ChromiumDriver lambda$new$3
WARNING: Unable to find version of CDP to use for . You may need to include a dependency on a specific version of the CDP using something similar to `org.seleniumhq.selenium:selenium-devtools-v86:4.1.2` where the version ("v86") matches the version of the chromium-based browser you're using and the version number of the artifact is the same as Selenium's.
]]></system-err>
  </testcase>
  <testcase name="And User click menu Masuk" classname="Scenario: Verify &apos;Link google meet&apos; field is displayed" time="0"/>
  <testcase name="And User input &quot;sucimurid@gmail.com&quot; as email and input &quot;sucimurid&quot; as password" classname="Scenario: Verify &apos;Link google meet&apos; field is displayed" time="0"/>
  <testcase name="And User clicked masuk button" classname="Scenario: Verify &apos;Link google meet&apos; field is displayed" time="0"/>
  <testcase name="And Student click menu Beranda" classname="Scenario: Verify &apos;Link google meet&apos; field is displayed" time="0"/>
  <testcase name="And Student click profile icon button" classname="Scenario: Verify &apos;Link google meet&apos; field is displayed" time="0"/>
  <testcase name="When Student click button Sedang Berlangsung" classname="Scenario: Verify &apos;Link google meet&apos; field is displayed" time="0">
    <system-out><![CDATA[
  Background:                                                                       &amp#27;[90m# features/StudentViewSession.feature:4&amp#27;[0m
    &amp#27;[32mWhen &amp#27;[0m&amp#27;[32mUser click avatar navigation&amp#27;[0m                                               &amp#27;[90m# LoginSteps.userClickAvatarNavigation()&amp#27;[0m
    &amp#27;[32mAnd &amp#27;[0m&amp#27;[32mUser click menu Masuk&amp#27;[0m                                                       &amp#27;[90m# LoginSteps.userClickMenuMasuk()&amp#27;[0m
    &amp#27;[32mAnd &amp#27;[0m&amp#27;[32mUser input "&amp#27;[0m&amp#27;[32m&amp#27;[1msucimurid@gmail.com&amp#27;[0m&amp#27;[32m" as email and input "&amp#27;[0m&amp#27;[32m&amp#27;[1msucimurid&amp#27;[0m&amp#27;[32m" as password&amp#27;[0m &amp#27;[90m# LoginSteps.inputCredential(String,String)&amp#27;[0m
    &amp#27;[32mAnd &amp#27;[0m&amp#27;[32mUser clicked masuk button&amp#27;[0m                                                   &amp#27;[90m# LoginSteps.userClickMasukButton()&amp#27;[0m
    &amp#27;[32mAnd &amp#27;[0m&amp#27;[32mStudent click menu Beranda&amp#27;[0m                                                  &amp#27;[90m# CariGuruSteps.studentClickMenuBeranda()&amp#27;[0m
    &amp#27;[32mAnd &amp#27;[0m&amp#27;[32mStudent click profile icon button&amp#27;[0m                                           &amp#27;[90m# StudentViewSessionSteps.studentClickProfileIconButton()&amp#27;[0m
]]></system-out>
  </testcase>
  <testcase name="Then Showing page Sedang Berlangsung" classname="Scenario: Verify &apos;Link google meet&apos; field is displayed" time="0"/>
  <testcase name="And Should show Link google meet field" classname="Scenario: Verify &apos;Link google meet&apos; field is displayed" time="0"/>
  <testcase name="" classname="Scenario: Verify &apos;Link google meet&apos; field is displayed" time="0.115"/>
  <testcase name="When User click avatar navigation" classname="Scenario: Verify &apos;Link google meet&apos; field can be clicked" time="0">
    <system-out><![CDATA[
  @ScenarioViewStudent
  Scenario: Verify 'Link google meet' field is displayed &amp#27;[90m# features/StudentViewSession.feature:49&amp#27;[0m
    &amp#27;[32mWhen &amp#27;[0m&amp#27;[32mStudent click button Sedang Berlangsung&amp#27;[0m         &amp#27;[90m# StudentViewSessionSteps.studentClickButtonSedangBerlangsung()&amp#27;[0m
    &amp#27;[32mThen &amp#27;[0m&amp#27;[32mShowing page Sedang Berlangsung&amp#27;[0m                 &amp#27;[90m# StudentViewSessionSteps.showingPageSedangBerlangsung()&amp#27;[0m
    &amp#27;[32mAnd &amp#27;[0m&amp#27;[32mShould show Link google meet field&amp#27;[0m               &amp#27;[90m# StudentViewSessionSteps.shouldShowLinkGoogleMeetField()&amp#27;[0m
]]></system-out>
    <system-err><![CDATA[Starting ChromeDriver 110.0.5481.77 (65ed616c6e8ee3fe0ad64fe83796c020644d42af-refs/branch-heads/5481@{#839}) on port 60397
Only local connections are allowed.
Please see https://chromedriver.chromium.org/security-considerations for suggestions on keeping ChromeDriver safe.
ChromeDriver was started successfully.
[1676551931.742][WARNING]: virtual void DevToolsClientImpl::AddListener(DevToolsEventListener *) subscribing a listener to the already connected DevToolsClient. Connection notification will not arrive.
Feb 16, 2023 7:52:11 PM org.openqa.selenium.remote.ProtocolHandshake createSession
INFO: Detected dialect: W3C
Feb 16, 2023 7:52:11 PM org.openqa.selenium.devtools.CdpVersionFinder findNearestMatch
WARNING: Unable to find an exact match for CDP version 110, so returning the closest version found: a no-op implementation
Feb 16, 2023 7:52:11 PM org.openqa.selenium.devtools.CdpVersionFinder findNearestMatch
INFO: Unable to find CDP implementation matching 110.
Feb 16, 2023 7:52:11 PM org.openqa.selenium.chromium.ChromiumDriver lambda$new$3
WARNING: Unable to find version of CDP to use for . You may need to include a dependency on a specific version of the CDP using something similar to `org.seleniumhq.selenium:selenium-devtools-v86:4.1.2` where the version ("v86") matches the version of the chromium-based browser you're using and the version number of the artifact is the same as Selenium's.
]]></system-err>
  </testcase>
  <testcase name="And User click menu Masuk" classname="Scenario: Verify &apos;Link google meet&apos; field can be clicked" time="0"/>
  <testcase name="And User input &quot;sucimurid@gmail.com&quot; as email and input &quot;sucimurid&quot; as password" classname="Scenario: Verify &apos;Link google meet&apos; field can be clicked" time="0"/>
  <testcase name="And User clicked masuk button" classname="Scenario: Verify &apos;Link google meet&apos; field can be clicked" time="0"/>
  <testcase name="And Student click menu Beranda" classname="Scenario: Verify &apos;Link google meet&apos; field can be clicked" time="0"/>
  <testcase name="And Student click profile icon button" classname="Scenario: Verify &apos;Link google meet&apos; field can be clicked" time="0"/>
  <testcase name="When Student click button Sedang Berlangsung" classname="Scenario: Verify &apos;Link google meet&apos; field can be clicked" time="0">
    <system-out><![CDATA[
  Background:                                                                       &amp#27;[90m# features/StudentViewSession.feature:4&amp#27;[0m
    &amp#27;[32mWhen &amp#27;[0m&amp#27;[32mUser click avatar navigation&amp#27;[0m                                               &amp#27;[90m# LoginSteps.userClickAvatarNavigation()&amp#27;[0m
    &amp#27;[32mAnd &amp#27;[0m&amp#27;[32mUser click menu Masuk&amp#27;[0m                                                       &amp#27;[90m# LoginSteps.userClickMenuMasuk()&amp#27;[0m
    &amp#27;[32mAnd &amp#27;[0m&amp#27;[32mUser input "&amp#27;[0m&amp#27;[32m&amp#27;[1msucimurid@gmail.com&amp#27;[0m&amp#27;[32m" as email and input "&amp#27;[0m&amp#27;[32m&amp#27;[1msucimurid&amp#27;[0m&amp#27;[32m" as password&amp#27;[0m &amp#27;[90m# LoginSteps.inputCredential(String,String)&amp#27;[0m
    &amp#27;[32mAnd &amp#27;[0m&amp#27;[32mUser clicked masuk button&amp#27;[0m                                                   &amp#27;[90m# LoginSteps.userClickMasukButton()&amp#27;[0m
    &amp#27;[32mAnd &amp#27;[0m&amp#27;[32mStudent click menu Beranda&amp#27;[0m                                                  &amp#27;[90m# CariGuruSteps.studentClickMenuBeranda()&amp#27;[0m
    &amp#27;[32mAnd &amp#27;[0m&amp#27;[32mStudent click profile icon button&amp#27;[0m                                           &amp#27;[90m# StudentViewSessionSteps.studentClickProfileIconButton()&amp#27;[0m
]]></system-out>
  </testcase>
  <testcase name="Then Showing page Sedang Berlangsung" classname="Scenario: Verify &apos;Link google meet&apos; field can be clicked" time="0"/>
  <testcase name="And Student click google meet link" classname="Scenario: Verify &apos;Link google meet&apos; field can be clicked" time="0.008">
    <error message="no such element: Unable to locate element: {&quot;method&quot;:&quot;xpath&quot;,&quot;selector&quot;:&quot;//td[.=&apos;meet.google.com/tes-tes-tes&apos;]&quot;}&#10;  (Session info: chrome=110.0.5481.100)&#10;For documentation on this error, please visit: https://selenium.dev/exceptions/#no_such_element&#10;Build info: version: &apos;4.1.2&apos;, revision: &apos;9a5a329c5a&apos;&#10;System info: host: &apos;nsystem-mbp&apos;, ip: &apos;fe80:0:0:0:ce7:beec:a50b:8367%en0&apos;, os.name: &apos;Mac OS X&apos;, os.arch: &apos;x86_64&apos;, os.version: &apos;10.16&apos;, java.version: &apos;1.8.0_201&apos;&#10;Driver info: org.openqa.selenium.chrome.ChromeDriver&#10;Command: [be55c87ab18f0412cc9a7b602753d187, findElement {using=xpath, value=//td[.=&apos;meet.google.com/tes-tes-tes&apos;]}]&#10;Capabilities {acceptInsecureCerts: false, browserName: chrome, browserVersion: 110.0.5481.100, chrome: {chromedriverVersion: 110.0.5481.77 (65ed616c6e8e..., userDataDir: /var/folders/00/xzw63_pj58g...}, goog:chromeOptions: {debuggerAddress: localhost:49182}, javascriptEnabled: true, networkConnectionEnabled: false, pageLoadStrategy: normal, platform: MAC, platformName: MAC, proxy: Proxy(), se:cdp: ws://localhost:49182/devtoo..., se:cdpVersion: 110.0.5481.100, setWindowRect: true, strictFileInteractability: false, timeouts: {implicit: 0, pageLoad: 300000, script: 30000}, unhandledPromptBehavior: dismiss and notify, webauthn:extension:credBlob: true, webauthn:extension:largeBlob: true, webauthn:virtualAuthenticators: true}&#10;Session ID: be55c87ab18f0412cc9a7b602753d187" type="org.openqa.selenium.NoSuchElementException"><![CDATA[org.openqa.selenium.NoSuchElementException: 
no such element: Unable to locate element: {"method":"xpath","selector":"//td[.='meet.google.com/tes-tes-tes']"}
  (Session info: chrome=110.0.5481.100)
For documentation on this error, please visit: https://selenium.dev/exceptions/#no_such_element
Build info: version: '4.1.2', revision: '9a5a329c5a'
System info: host: 'nsystem-mbp', ip: 'fe80:0:0:0:ce7:beec:a50b:8367%en0', os.name: 'Mac OS X', os.arch: 'x86_64', os.version: '10.16', java.version: '1.8.0_201'
Driver info: org.openqa.selenium.chrome.ChromeDriver
Command: [be55c87ab18f0412cc9a7b602753d187, findElement {using=xpath, value=//td[.='meet.google.com/tes-tes-tes']}]
Capabilities {acceptInsecureCerts: false, browserName: chrome, browserVersion: 110.0.5481.100, chrome: {chromedriverVersion: 110.0.5481.77 (65ed616c6e8e..., userDataDir: /var/folders/00/xzw63_pj58g...}, goog:chromeOptions: {debuggerAddress: localhost:49182}, javascriptEnabled: true, networkConnectionEnabled: false, pageLoadStrategy: normal, platform: MAC, platformName: MAC, proxy: Proxy(), se:cdp: ws://localhost:49182/devtoo..., se:cdpVersion: 110.0.5481.100, setWindowRect: true, strictFileInteractability: false, timeouts: {implicit: 0, pageLoad: 300000, script: 30000}, unhandledPromptBehavior: dismiss and notify, webauthn:extension:credBlob: true, webauthn:extension:largeBlob: true, webauthn:virtualAuthenticators: true}
Session ID: be55c87ab18f0412cc9a7b602753d187
]]></error>
  </testcase>
  <testcase name="" classname="Scenario: Verify &apos;Link google meet&apos; field can be clicked" time="0.008">
    <error message="no such element: Unable to locate element: {&quot;method&quot;:&quot;xpath&quot;,&quot;selector&quot;:&quot;//td[.=&apos;meet.google.com/tes-tes-tes&apos;]&quot;}&#10;  (Session info: chrome=110.0.5481.100)&#10;For documentation on this error, please visit: https://selenium.dev/exceptions/#no_such_element&#10;Build info: version: &apos;4.1.2&apos;, revision: &apos;9a5a329c5a&apos;&#10;System info: host: &apos;nsystem-mbp&apos;, ip: &apos;fe80:0:0:0:ce7:beec:a50b:8367%en0&apos;, os.name: &apos;Mac OS X&apos;, os.arch: &apos;x86_64&apos;, os.version: &apos;10.16&apos;, java.version: &apos;1.8.0_201&apos;&#10;Driver info: org.openqa.selenium.chrome.ChromeDriver&#10;Command: [be55c87ab18f0412cc9a7b602753d187, findElement {using=xpath, value=//td[.=&apos;meet.google.com/tes-tes-tes&apos;]}]&#10;Capabilities {acceptInsecureCerts: false, browserName: chrome, browserVersion: 110.0.5481.100, chrome: {chromedriverVersion: 110.0.5481.77 (65ed616c6e8e..., userDataDir: /var/folders/00/xzw63_pj58g...}, goog:chromeOptions: {debuggerAddress: localhost:49182}, javascriptEnabled: true, networkConnectionEnabled: false, pageLoadStrategy: normal, platform: MAC, platformName: MAC, proxy: Proxy(), se:cdp: ws://localhost:49182/devtoo..., se:cdpVersion: 110.0.5481.100, setWindowRect: true, strictFileInteractability: false, timeouts: {implicit: 0, pageLoad: 300000, script: 30000}, unhandledPromptBehavior: dismiss and notify, webauthn:extension:credBlob: true, webauthn:extension:largeBlob: true, webauthn:virtualAuthenticators: true}&#10;Session ID: be55c87ab18f0412cc9a7b602753d187" type="org.openqa.selenium.NoSuchElementException"><![CDATA[org.openqa.selenium.NoSuchElementException: 
no such element: Unable to locate element: {"method":"xpath","selector":"//td[.='meet.google.com/tes-tes-tes']"}
  (Session info: chrome=110.0.5481.100)
For documentation on this error, please visit: https://selenium.dev/exceptions/#no_such_element
Build info: version: '4.1.2', revision: '9a5a329c5a'
System info: host: 'nsystem-mbp', ip: 'fe80:0:0:0:ce7:beec:a50b:8367%en0', os.name: 'Mac OS X', os.arch: 'x86_64', os.version: '10.16', java.version: '1.8.0_201'
Driver info: org.openqa.selenium.chrome.ChromeDriver
Command: [be55c87ab18f0412cc9a7b602753d187, findElement {using=xpath, value=//td[.='meet.google.com/tes-tes-tes']}]
Capabilities {acceptInsecureCerts: false, browserName: chrome, browserVersion: 110.0.5481.100, chrome: {chromedriverVersion: 110.0.5481.77 (65ed616c6e8e..., userDataDir: /var/folders/00/xzw63_pj58g...}, goog:chromeOptions: {debuggerAddress: localhost:49182}, javascriptEnabled: true, networkConnectionEnabled: false, pageLoadStrategy: normal, platform: MAC, platformName: MAC, proxy: Proxy(), se:cdp: ws://localhost:49182/devtoo..., se:cdpVersion: 110.0.5481.100, setWindowRect: true, strictFileInteractability: false, timeouts: {implicit: 0, pageLoad: 300000, script: 30000}, unhandledPromptBehavior: dismiss and notify, webauthn:extension:credBlob: true, webauthn:extension:largeBlob: true, webauthn:virtualAuthenticators: true}
Session ID: be55c87ab18f0412cc9a7b602753d187
]]></error>
  </testcase>
  <testcase name="When User click avatar navigation" classname="Scenario: Verify &apos;Riwayat&apos; student page can be clicked" time="0">
    <system-out><![CDATA[
  @ScenarioViewStudent
  Scenario: Verify 'Link google meet' field can be clicked &amp#27;[90m# features/StudentViewSession.feature:55&amp#27;[0m
    &amp#27;[32mWhen &amp#27;[0m&amp#27;[32mStudent click button Sedang Berlangsung&amp#27;[0m           &amp#27;[90m# StudentViewSessionSteps.studentClickButtonSedangBerlangsung()&amp#27;[0m
    &amp#27;[32mThen &amp#27;[0m&amp#27;[32mShowing page Sedang Berlangsung&amp#27;[0m                   &amp#27;[90m# StudentViewSessionSteps.showingPageSedangBerlangsung()&amp#27;[0m
    &amp#27;[31mAnd &amp#27;[0m&amp#27;[31mStudent click google meet link&amp#27;[0m                     &amp#27;[90m# StudentViewSessionSteps.studentClickGoogleMeetLink()&amp#27;[0m
      &amp#27;[31morg.openqa.selenium.NoSuchElementException: no such element: Unable to locate element: {"method":"xpath","selector":"//td[.='meet.google.com/tes-tes-tes']"}
        (Session info: chrome=110.0.5481.100)
      For documentation on this error, please visit: https://selenium.dev/exceptions/#no_such_element
      Build info: version: '4.1.2', revision: '9a5a329c5a'
      System info: host: 'nsystem-mbp', ip: 'fe80:0:0:0:ce7:beec:a50b:8367%en0', os.name: 'Mac OS X', os.arch: 'x86_64', os.version: '10.16', java.version: '1.8.0_201'
      Driver info: org.openqa.selenium.chrome.ChromeDriver
      Command: [be55c87ab18f0412cc9a7b602753d187, findElement {using=xpath, value=//td[.='meet.google.com/tes-tes-tes']}]
      Capabilities {acceptInsecureCerts: false, browserName: chrome, browserVersion: 110.0.5481.100, chrome: {chromedriverVersion: 110.0.5481.77 (65ed616c6e8e..., userDataDir: /var/folders/00/xzw63_pj58g...}, goog:chromeOptions: {debuggerAddress: localhost:49182}, javascriptEnabled: true, networkConnectionEnabled: false, pageLoadStrategy: normal, platform: MAC, platformName: MAC, proxy: Proxy(), se:cdp: ws://localhost:49182/devtoo..., se:cdpVersion: 110.0.5481.100, setWindowRect: true, strictFileInteractability: false, timeouts: {implicit: 0, pageLoad: 300000, script: 30000}, unhandledPromptBehavior: dismiss and notify, webauthn:extension:credBlob: true, webauthn:extension:largeBlob: true, webauthn:virtualAuthenticators: true}
      Session ID: be55c87ab18f0412cc9a7b602753d187
      	at sun.reflect.GeneratedConstructorAccessor38.newInstance(Unknown Source)
      	at sun.reflect.DelegatingConstructorAccessorImpl.newInstance(DelegatingConstructorAccessorImpl.java:45)
      	at java.lang.reflect.Constructor.newInstance(Constructor.java:423)
      	at org.openqa.selenium.remote.codec.w3c.W3CHttpResponseCodec.createException(W3CHttpResponseCodec.java:200)
      	at org.openqa.selenium.remote.codec.w3c.W3CHttpResponseCodec.decode(W3CHttpResponseCodec.java:133)
      	at org.openqa.selenium.remote.codec.w3c.W3CHttpResponseCodec.decode(W3CHttpResponseCodec.java:53)
      	at org.openqa.selenium.remote.HttpCommandExecutor.execute(HttpCommandExecutor.java:184)
      	at org.openqa.selenium.remote.service.DriverCommandExecutor.invokeExecute(DriverCommandExecutor.java:167)
      	at org.openqa.selenium.remote.service.DriverCommandExecutor.execute(DriverCommandExecutor.java:142)
      	at org.openqa.selenium.remote.RemoteWebDriver.execute(RemoteWebDriver.java:558)
      	at org.openqa.selenium.remote.ElementLocation$ElementFinder$2.findElement(ElementLocation.java:162)
      	at org.openqa.selenium.remote.ElementLocation.findElement(ElementLocation.java:60)
      	at org.openqa.selenium.remote.RemoteWebDriver.findElement(RemoteWebDriver.java:382)
      	at org.openqa.selenium.remote.RemoteWebDriver.findElement(RemoteWebDriver.java:374)
      	at org.openqa.selenium.support.pagefactory.DefaultElementLocator.findElement(DefaultElementLocator.java:70)
      	at org.openqa.selenium.support.pagefactory.internal.LocatingElementHandler.invoke(LocatingElementHandler.java:39)
      	at com.sun.proxy.$Proxy21.isDisplayed(Unknown Source)
      	at org.example.pageObject.StudentViewSessionPage.isDisplayTextGMeetLink(StudentViewSessionPage.java:92)
      	at step_definitions.StudentViewSessionSteps.studentClickGoogleMeetLink(StudentViewSessionSteps.java:85)
      	at ✽.And Student click google meet link(features/StudentViewSession.feature:58)
      &amp#27;[0m
]]></system-out>
    <system-err><![CDATA[Starting ChromeDriver 110.0.5481.77 (65ed616c6e8ee3fe0ad64fe83796c020644d42af-refs/branch-heads/5481@{#839}) on port 55719
Only local connections are allowed.
Please see https://chromedriver.chromium.org/security-considerations for suggestions on keeping ChromeDriver safe.
ChromeDriver was started successfully.
[1676551962.088][WARNING]: virtual void DevToolsClientImpl::AddListener(DevToolsEventListener *) subscribing a listener to the already connected DevToolsClient. Connection notification will not arrive.
Feb 16, 2023 7:52:42 PM org.openqa.selenium.remote.ProtocolHandshake createSession
INFO: Detected dialect: W3C
Feb 16, 2023 7:52:42 PM org.openqa.selenium.devtools.CdpVersionFinder findNearestMatch
WARNING: Unable to find an exact match for CDP version 110, so returning the closest version found: a no-op implementation
Feb 16, 2023 7:52:42 PM org.openqa.selenium.devtools.CdpVersionFinder findNearestMatch
INFO: Unable to find CDP implementation matching 110.
Feb 16, 2023 7:52:42 PM org.openqa.selenium.chromium.ChromiumDriver lambda$new$3
WARNING: Unable to find version of CDP to use for . You may need to include a dependency on a specific version of the CDP using something similar to `org.seleniumhq.selenium:selenium-devtools-v86:4.1.2` where the version ("v86") matches the version of the chromium-based browser you're using and the version number of the artifact is the same as Selenium's.
]]></system-err>
  </testcase>
  <testcase name="And User click menu Masuk" classname="Scenario: Verify &apos;Riwayat&apos; student page can be clicked" time="0"/>
  <testcase name="And User input &quot;sucimurid@gmail.com&quot; as email and input &quot;sucimurid&quot; as password" classname="Scenario: Verify &apos;Riwayat&apos; student page can be clicked" time="0"/>
  <testcase name="And User clicked masuk button" classname="Scenario: Verify &apos;Riwayat&apos; student page can be clicked" time="0"/>
  <testcase name="And Student click menu Beranda" classname="Scenario: Verify &apos;Riwayat&apos; student page can be clicked" time="0"/>
  <testcase name="And Student click profile icon button" classname="Scenario: Verify &apos;Riwayat&apos; student page can be clicked" time="0"/>
  <testcase name="When Student click button Riwayat" classname="Scenario: Verify &apos;Riwayat&apos; student page can be clicked" time="0">
    <system-out><![CDATA[
  Background:                                                                       &amp#27;[90m# features/StudentViewSession.feature:4&amp#27;[0m
    &amp#27;[32mWhen &amp#27;[0m&amp#27;[32mUser click avatar navigation&amp#27;[0m                                               &amp#27;[90m# LoginSteps.userClickAvatarNavigation()&amp#27;[0m
    &amp#27;[32mAnd &amp#27;[0m&amp#27;[32mUser click menu Masuk&amp#27;[0m                                                       &amp#27;[90m# LoginSteps.userClickMenuMasuk()&amp#27;[0m
    &amp#27;[32mAnd &amp#27;[0m&amp#27;[32mUser input "&amp#27;[0m&amp#27;[32m&amp#27;[1msucimurid@gmail.com&amp#27;[0m&amp#27;[32m" as email and input "&amp#27;[0m&amp#27;[32m&amp#27;[1msucimurid&amp#27;[0m&amp#27;[32m" as password&amp#27;[0m &amp#27;[90m# LoginSteps.inputCredential(String,String)&amp#27;[0m
    &amp#27;[32mAnd &amp#27;[0m&amp#27;[32mUser clicked masuk button&amp#27;[0m                                                   &amp#27;[90m# LoginSteps.userClickMasukButton()&amp#27;[0m
    &amp#27;[32mAnd &amp#27;[0m&amp#27;[32mStudent click menu Beranda&amp#27;[0m                                                  &amp#27;[90m# CariGuruSteps.studentClickMenuBeranda()&amp#27;[0m
    &amp#27;[32mAnd &amp#27;[0m&amp#27;[32mStudent click profile icon button&amp#27;[0m                                           &amp#27;[90m# StudentViewSessionSteps.studentClickProfileIconButton()&amp#27;[0m
]]></system-out>
  </testcase>
  <testcase name="Then Showing page Riwayat" classname="Scenario: Verify &apos;Riwayat&apos; student page can be clicked" time="0"/>
  <testcase name="" classname="Scenario: Verify &apos;Riwayat&apos; student page can be clicked" time="0.116"/>
  <testcase name="When User click avatar navigation" classname="Scenario: Verify &apos;Nama Guru&apos; in riwayat page is displayed" time="0">
    <system-out><![CDATA[
  @ScenarioViewStudent
  Scenario: Verify 'Riwayat' student page can be clicked &amp#27;[90m# features/StudentViewSession.feature:61&amp#27;[0m
    &amp#27;[32mWhen &amp#27;[0m&amp#27;[32mStudent click button Riwayat&amp#27;[0m                    &amp#27;[90m# StudentViewSessionSteps.studentClickButtonRiwayat()&amp#27;[0m
    &amp#27;[32mThen &amp#27;[0m&amp#27;[32mShowing page Riwayat&amp#27;[0m                            &amp#27;[90m# StudentViewSessionSteps.showingPageRiwayat()&amp#27;[0m
]]></system-out>
    <system-err><![CDATA[Starting ChromeDriver 110.0.5481.77 (65ed616c6e8ee3fe0ad64fe83796c020644d42af-refs/branch-heads/5481@{#839}) on port 49920
Only local connections are allowed.
Please see https://chromedriver.chromium.org/security-considerations for suggestions on keeping ChromeDriver safe.
ChromeDriver was started successfully.
[1676551996.558][WARNING]: virtual void DevToolsClientImpl::AddListener(DevToolsEventListener *) subscribing a listener to the already connected DevToolsClient. Connection notification will not arrive.
Feb 16, 2023 7:53:16 PM org.openqa.selenium.remote.ProtocolHandshake createSession
INFO: Detected dialect: W3C
Feb 16, 2023 7:53:16 PM org.openqa.selenium.devtools.CdpVersionFinder findNearestMatch
WARNING: Unable to find an exact match for CDP version 110, so returning the closest version found: a no-op implementation
Feb 16, 2023 7:53:16 PM org.openqa.selenium.devtools.CdpVersionFinder findNearestMatch
INFO: Unable to find CDP implementation matching 110.
Feb 16, 2023 7:53:16 PM org.openqa.selenium.chromium.ChromiumDriver lambda$new$3
WARNING: Unable to find version of CDP to use for . You may need to include a dependency on a specific version of the CDP using something similar to `org.seleniumhq.selenium:selenium-devtools-v86:4.1.2` where the version ("v86") matches the version of the chromium-based browser you're using and the version number of the artifact is the same as Selenium's.
]]></system-err>
  </testcase>
  <testcase name="And User click menu Masuk" classname="Scenario: Verify &apos;Nama Guru&apos; in riwayat page is displayed" time="0"/>
  <testcase name="And User input &quot;sucimurid@gmail.com&quot; as email and input &quot;sucimurid&quot; as password" classname="Scenario: Verify &apos;Nama Guru&apos; in riwayat page is displayed" time="0"/>
  <testcase name="And User clicked masuk button" classname="Scenario: Verify &apos;Nama Guru&apos; in riwayat page is displayed" time="0"/>
  <testcase name="And Student click menu Beranda" classname="Scenario: Verify &apos;Nama Guru&apos; in riwayat page is displayed" time="0"/>
  <testcase name="And Student click profile icon button" classname="Scenario: Verify &apos;Nama Guru&apos; in riwayat page is displayed" time="0"/>
  <testcase name="When Student click button Riwayat" classname="Scenario: Verify &apos;Nama Guru&apos; in riwayat page is displayed" time="0">
    <system-out><![CDATA[
  Background:                                                                       &amp#27;[90m# features/StudentViewSession.feature:4&amp#27;[0m
    &amp#27;[32mWhen &amp#27;[0m&amp#27;[32mUser click avatar navigation&amp#27;[0m                                               &amp#27;[90m# LoginSteps.userClickAvatarNavigation()&amp#27;[0m
    &amp#27;[32mAnd &amp#27;[0m&amp#27;[32mUser click menu Masuk&amp#27;[0m                                                       &amp#27;[90m# LoginSteps.userClickMenuMasuk()&amp#27;[0m
    &amp#27;[32mAnd &amp#27;[0m&amp#27;[32mUser input "&amp#27;[0m&amp#27;[32m&amp#27;[1msucimurid@gmail.com&amp#27;[0m&amp#27;[32m" as email and input "&amp#27;[0m&amp#27;[32m&amp#27;[1msucimurid&amp#27;[0m&amp#27;[32m" as password&amp#27;[0m &amp#27;[90m# LoginSteps.inputCredential(String,String)&amp#27;[0m
    &amp#27;[32mAnd &amp#27;[0m&amp#27;[32mUser clicked masuk button&amp#27;[0m                                                   &amp#27;[90m# LoginSteps.userClickMasukButton()&amp#27;[0m
    &amp#27;[32mAnd &amp#27;[0m&amp#27;[32mStudent click menu Beranda&amp#27;[0m                                                  &amp#27;[90m# CariGuruSteps.studentClickMenuBeranda()&amp#27;[0m
    &amp#27;[32mAnd &amp#27;[0m&amp#27;[32mStudent click profile icon button&amp#27;[0m                                           &amp#27;[90m# StudentViewSessionSteps.studentClickProfileIconButton()&amp#27;[0m
]]></system-out>
  </testcase>
  <testcase name="Then Showing page Riwayat" classname="Scenario: Verify &apos;Nama Guru&apos; in riwayat page is displayed" time="0"/>
  <testcase name="And Should show nama guru field in riwayat page" classname="Scenario: Verify &apos;Nama Guru&apos; in riwayat page is displayed" time="0"/>
  <testcase name="" classname="Scenario: Verify &apos;Nama Guru&apos; in riwayat page is displayed" time="0.112"/>
  <testcase name="When User click avatar navigation" classname="Scenario: Verify &apos;Jam&apos; in riwayat page is displayed" time="0">
    <system-out><![CDATA[
  @ScenarioViewStudent
  Scenario: Verify 'Nama Guru' in riwayat page is displayed &amp#27;[90m# features/StudentViewSession.feature:66&amp#27;[0m
    &amp#27;[32mWhen &amp#27;[0m&amp#27;[32mStudent click button Riwayat&amp#27;[0m                       &amp#27;[90m# StudentViewSessionSteps.studentClickButtonRiwayat()&amp#27;[0m
    &amp#27;[32mThen &amp#27;[0m&amp#27;[32mShowing page Riwayat&amp#27;[0m                               &amp#27;[90m# StudentViewSessionSteps.showingPageRiwayat()&amp#27;[0m
    &amp#27;[32mAnd &amp#27;[0m&amp#27;[32mShould show nama guru field in riwayat page&amp#27;[0m         &amp#27;[90m# StudentViewSessionSteps.shouldShowNamaGuruFieldInRiwayatPage()&amp#27;[0m
]]></system-out>
    <system-err><![CDATA[Starting ChromeDriver 110.0.5481.77 (65ed616c6e8ee3fe0ad64fe83796c020644d42af-refs/branch-heads/5481@{#839}) on port 55157
Only local connections are allowed.
Please see https://chromedriver.chromium.org/security-considerations for suggestions on keeping ChromeDriver safe.
ChromeDriver was started successfully.
[1676552027.645][WARNING]: virtual void DevToolsClientImpl::AddListener(DevToolsEventListener *) subscribing a listener to the already connected DevToolsClient. Connection notification will not arrive.
Feb 16, 2023 7:53:47 PM org.openqa.selenium.remote.ProtocolHandshake createSession
INFO: Detected dialect: W3C
Feb 16, 2023 7:53:47 PM org.openqa.selenium.devtools.CdpVersionFinder findNearestMatch
WARNING: Unable to find an exact match for CDP version 110, so returning the closest version found: a no-op implementation
Feb 16, 2023 7:53:47 PM org.openqa.selenium.devtools.CdpVersionFinder findNearestMatch
INFO: Unable to find CDP implementation matching 110.
Feb 16, 2023 7:53:47 PM org.openqa.selenium.chromium.ChromiumDriver lambda$new$3
WARNING: Unable to find version of CDP to use for . You may need to include a dependency on a specific version of the CDP using something similar to `org.seleniumhq.selenium:selenium-devtools-v86:4.1.2` where the version ("v86") matches the version of the chromium-based browser you're using and the version number of the artifact is the same as Selenium's.
]]></system-err>
  </testcase>
  <testcase name="And User click menu Masuk" classname="Scenario: Verify &apos;Jam&apos; in riwayat page is displayed" time="0"/>
  <testcase name="And User input &quot;sucimurid@gmail.com&quot; as email and input &quot;sucimurid&quot; as password" classname="Scenario: Verify &apos;Jam&apos; in riwayat page is displayed" time="0"/>
  <testcase name="And User clicked masuk button" classname="Scenario: Verify &apos;Jam&apos; in riwayat page is displayed" time="0"/>
  <testcase name="And Student click menu Beranda" classname="Scenario: Verify &apos;Jam&apos; in riwayat page is displayed" time="0"/>
  <testcase name="And Student click profile icon button" classname="Scenario: Verify &apos;Jam&apos; in riwayat page is displayed" time="0"/>
  <testcase name="When Student click button Riwayat" classname="Scenario: Verify &apos;Jam&apos; in riwayat page is displayed" time="0">
    <system-out><![CDATA[
  Background:                                                                       &amp#27;[90m# features/StudentViewSession.feature:4&amp#27;[0m
    &amp#27;[32mWhen &amp#27;[0m&amp#27;[32mUser click avatar navigation&amp#27;[0m                                               &amp#27;[90m# LoginSteps.userClickAvatarNavigation()&amp#27;[0m
    &amp#27;[32mAnd &amp#27;[0m&amp#27;[32mUser click menu Masuk&amp#27;[0m                                                       &amp#27;[90m# LoginSteps.userClickMenuMasuk()&amp#27;[0m
    &amp#27;[32mAnd &amp#27;[0m&amp#27;[32mUser input "&amp#27;[0m&amp#27;[32m&amp#27;[1msucimurid@gmail.com&amp#27;[0m&amp#27;[32m" as email and input "&amp#27;[0m&amp#27;[32m&amp#27;[1msucimurid&amp#27;[0m&amp#27;[32m" as password&amp#27;[0m &amp#27;[90m# LoginSteps.inputCredential(String,String)&amp#27;[0m
    &amp#27;[32mAnd &amp#27;[0m&amp#27;[32mUser clicked masuk button&amp#27;[0m                                                   &amp#27;[90m# LoginSteps.userClickMasukButton()&amp#27;[0m
    &amp#27;[32mAnd &amp#27;[0m&amp#27;[32mStudent click menu Beranda&amp#27;[0m                                                  &amp#27;[90m# CariGuruSteps.studentClickMenuBeranda()&amp#27;[0m
    &amp#27;[32mAnd &amp#27;[0m&amp#27;[32mStudent click profile icon button&amp#27;[0m                                           &amp#27;[90m# StudentViewSessionSteps.studentClickProfileIconButton()&amp#27;[0m
]]></system-out>
  </testcase>
  <testcase name="Then Showing page Riwayat" classname="Scenario: Verify &apos;Jam&apos; in riwayat page is displayed" time="0"/>
  <testcase name="And Should show jam field in riwayat page" classname="Scenario: Verify &apos;Jam&apos; in riwayat page is displayed" time="0.004">
    <error message="✽.And Should show jam field in riwayat page(features/StudentViewSession.feature:75) matches more than one step definition:&#10;  Should show jam field in StudentViewSessionSteps.shouldShowJamField()&#10;  Should show jam field in riwayat page in StudentViewSessionSteps.shouldShowJamFieldInRiwayatPage()&#10;" type="cucumber.runtime.AmbiguousStepDefinitionsException"><![CDATA[cucumber.runtime.AmbiguousStepDefinitionsException: 
✽.And Should show jam field in riwayat page(features/StudentViewSession.feature:75) matches more than one step definition:
  Should show jam field in StudentViewSessionSteps.shouldShowJamField()
  Should show jam field in riwayat page in StudentViewSessionSteps.shouldShowJamFieldInRiwayatPage()

]]></error>
  </testcase>
  <testcase name="" classname="Scenario: Verify &apos;Jam&apos; in riwayat page is displayed" time="0.005">
    <error message="✽.And Should show jam field in riwayat page(features/StudentViewSession.feature:75) matches more than one step definition:&#10;  Should show jam field in StudentViewSessionSteps.shouldShowJamField()&#10;  Should show jam field in riwayat page in StudentViewSessionSteps.shouldShowJamFieldInRiwayatPage()&#10;" type="cucumber.runtime.AmbiguousStepDefinitionsException"><![CDATA[cucumber.runtime.AmbiguousStepDefinitionsException: 
✽.And Should show jam field in riwayat page(features/StudentViewSession.feature:75) matches more than one step definition:
  Should show jam field in StudentViewSessionSteps.shouldShowJamField()
  Should show jam field in riwayat page in StudentViewSessionSteps.shouldShowJamFieldInRiwayatPage()

]]></error>
  </testcase>
  <testcase name="When User click avatar navigation" classname="Scenario: Verify &apos;Hari &amp; tanggal&apos; in riwayat page is displayed" time="0">
    <system-out><![CDATA[
  @ScenarioViewStudent
  Scenario: Verify 'Jam' in riwayat page is displayed &amp#27;[90m# features/StudentViewSession.feature:72&amp#27;[0m
    &amp#27;[32mWhen &amp#27;[0m&amp#27;[32mStudent click button Riwayat&amp#27;[0m                 &amp#27;[90m# StudentViewSessionSteps.studentClickButtonRiwayat()&amp#27;[0m
    &amp#27;[32mThen &amp#27;[0m&amp#27;[32mShowing page Riwayat&amp#27;[0m                         &amp#27;[90m# StudentViewSessionSteps.showingPageRiwayat()&amp#27;[0m
    &amp#27;[31mAnd &amp#27;[0m&amp#27;[31mShould show jam field in riwayat page&amp#27;[0m         &amp#27;[90m# StudentViewSessionSteps.shouldShowJamField()&amp#27;[0m
      &amp#27;[31mcucumber.runtime.AmbiguousStepDefinitionsException: ✽.And Should show jam field in riwayat page(features/StudentViewSession.feature:75) matches more than one step definition:
        Should show jam field in StudentViewSessionSteps.shouldShowJamField()
        Should show jam field in riwayat page in StudentViewSessionSteps.shouldShowJamFieldInRiwayatPage()
      
      	at cucumber.runtime.RuntimeGlue.stepDefinitionMatch(RuntimeGlue.java:71)
      	at cucumber.runtime.Runtime.runStep(Runtime.java:267)
      	at cucumber.runtime.model.StepContainer.runStep(StepContainer.java:44)
      	at cucumber.runtime.model.StepContainer.runSteps(StepContainer.java:39)
      	at cucumber.runtime.model.CucumberScenario.run(CucumberScenario.java:44)
      	at cucumber.runtime.junit.ExecutionUnitRunner.run(ExecutionUnitRunner.java:102)
      	at cucumber.runtime.junit.FeatureRunner.runChild(FeatureRunner.java:63)
      	at cucumber.runtime.junit.FeatureRunner.runChild(FeatureRunner.java:18)
      	at org.junit.runners.ParentRunner$3.run(ParentRunner.java:238)
      	at org.junit.runners.ParentRunner$1.schedule(ParentRunner.java:63)
      	at org.junit.runners.ParentRunner.runChildren(ParentRunner.java:236)
      	at org.junit.runners.ParentRunner.access$000(ParentRunner.java:53)
      	at org.junit.runners.ParentRunner$2.evaluate(ParentRunner.java:229)
      	at org.junit.runners.ParentRunner.run(ParentRunner.java:309)
      	at cucumber.runtime.junit.FeatureRunner.run(FeatureRunner.java:70)
      	at cucumber.api.junit.Cucumber.runChild(Cucumber.java:95)
      	at cucumber.api.junit.Cucumber.runChild(Cucumber.java:38)
      	at org.junit.runners.ParentRunner$3.run(ParentRunner.java:238)
      	at org.junit.runners.ParentRunner$1.schedule(ParentRunner.java:63)
      	at org.junit.runners.ParentRunner.runChildren(ParentRunner.java:236)
      	at org.junit.runners.ParentRunner.access$000(ParentRunner.java:53)
      	at org.junit.runners.ParentRunner$2.evaluate(ParentRunner.java:229)
      	at org.junit.runners.ParentRunner.run(ParentRunner.java:309)
      	at cucumber.api.junit.Cucumber.run(Cucumber.java:100)
      	at org.apache.maven.surefire.junit4.JUnit4Provider.execute(JUnit4Provider.java:364)
      	at org.apache.maven.surefire.junit4.JUnit4Provider.executeWithRerun(JUnit4Provider.java:272)
      	at org.apache.maven.surefire.junit4.JUnit4Provider.executeTestSet(JUnit4Provider.java:237)
      	at org.apache.maven.surefire.junit4.JUnit4Provider.invoke(JUnit4Provider.java:158)
      	at org.apache.maven.surefire.booter.ForkedBooter.runSuitesInProcess(ForkedBooter.java:428)
      	at org.apache.maven.surefire.booter.ForkedBooter.execute(ForkedBooter.java:162)
      	at org.apache.maven.surefire.booter.ForkedBooter.run(ForkedBooter.java:562)
      	at org.apache.maven.surefire.booter.ForkedBooter.main(ForkedBooter.java:548)
      &amp#27;[0m
]]></system-out>
    <system-err><![CDATA[Starting ChromeDriver 110.0.5481.77 (65ed616c6e8ee3fe0ad64fe83796c020644d42af-refs/branch-heads/5481@{#839}) on port 60841
Only local connections are allowed.
Please see https://chromedriver.chromium.org/security-considerations for suggestions on keeping ChromeDriver safe.
ChromeDriver was started successfully.
[1676552060.061][WARNING]: virtual void DevToolsClientImpl::AddListener(DevToolsEventListener *) subscribing a listener to the already connected DevToolsClient. Connection notification will not arrive.
Feb 16, 2023 7:54:20 PM org.openqa.selenium.remote.ProtocolHandshake createSession
INFO: Detected dialect: W3C
Feb 16, 2023 7:54:20 PM org.openqa.selenium.devtools.CdpVersionFinder findNearestMatch
WARNING: Unable to find an exact match for CDP version 110, so returning the closest version found: a no-op implementation
Feb 16, 2023 7:54:20 PM org.openqa.selenium.devtools.CdpVersionFinder findNearestMatch
INFO: Unable to find CDP implementation matching 110.
Feb 16, 2023 7:54:20 PM org.openqa.selenium.chromium.ChromiumDriver lambda$new$3
WARNING: Unable to find version of CDP to use for . You may need to include a dependency on a specific version of the CDP using something similar to `org.seleniumhq.selenium:selenium-devtools-v86:4.1.2` where the version ("v86") matches the version of the chromium-based browser you're using and the version number of the artifact is the same as Selenium's.
]]></system-err>
  </testcase>
  <testcase name="And User click menu Masuk" classname="Scenario: Verify &apos;Hari &amp; tanggal&apos; in riwayat page is displayed" time="0"/>
  <testcase name="And User input &quot;sucimurid@gmail.com&quot; as email and input &quot;sucimurid&quot; as password" classname="Scenario: Verify &apos;Hari &amp; tanggal&apos; in riwayat page is displayed" time="0"/>
  <testcase name="And User clicked masuk button" classname="Scenario: Verify &apos;Hari &amp; tanggal&apos; in riwayat page is displayed" time="0"/>
  <testcase name="And Student click menu Beranda" classname="Scenario: Verify &apos;Hari &amp; tanggal&apos; in riwayat page is displayed" time="0"/>
  <testcase name="And Student click profile icon button" classname="Scenario: Verify &apos;Hari &amp; tanggal&apos; in riwayat page is displayed" time="0"/>
  <testcase name="When Student click button Riwayat" classname="Scenario: Verify &apos;Hari &amp; tanggal&apos; in riwayat page is displayed" time="0">
    <system-out><![CDATA[
  Background:                                                                       &amp#27;[90m# features/StudentViewSession.feature:4&amp#27;[0m
    &amp#27;[32mWhen &amp#27;[0m&amp#27;[32mUser click avatar navigation&amp#27;[0m                                               &amp#27;[90m# LoginSteps.userClickAvatarNavigation()&amp#27;[0m
    &amp#27;[32mAnd &amp#27;[0m&amp#27;[32mUser click menu Masuk&amp#27;[0m                                                       &amp#27;[90m# LoginSteps.userClickMenuMasuk()&amp#27;[0m
    &amp#27;[32mAnd &amp#27;[0m&amp#27;[32mUser input "&amp#27;[0m&amp#27;[32m&amp#27;[1msucimurid@gmail.com&amp#27;[0m&amp#27;[32m" as email and input "&amp#27;[0m&amp#27;[32m&amp#27;[1msucimurid&amp#27;[0m&amp#27;[32m" as password&amp#27;[0m &amp#27;[90m# LoginSteps.inputCredential(String,String)&amp#27;[0m
    &amp#27;[32mAnd &amp#27;[0m&amp#27;[32mUser clicked masuk button&amp#27;[0m                                                   &amp#27;[90m# LoginSteps.userClickMasukButton()&amp#27;[0m
    &amp#27;[32mAnd &amp#27;[0m&amp#27;[32mStudent click menu Beranda&amp#27;[0m                                                  &amp#27;[90m# CariGuruSteps.studentClickMenuBeranda()&amp#27;[0m
    &amp#27;[32mAnd &amp#27;[0m&amp#27;[32mStudent click profile icon button&amp#27;[0m                                           &amp#27;[90m# StudentViewSessionSteps.studentClickProfileIconButton()&amp#27;[0m
]]></system-out>
  </testcase>
  <testcase name="Then Showing page Riwayat" classname="Scenario: Verify &apos;Hari &amp; tanggal&apos; in riwayat page is displayed" time="0"/>
  <testcase name="And Should show Hari &amp; tanggal field in riwayat page" classname="Scenario: Verify &apos;Hari &amp; tanggal&apos; in riwayat page is displayed" time="0.003">
    <error message="✽.And Should show Hari &amp; tanggal field in riwayat page(features/StudentViewSession.feature:81) matches more than one step definition:&#10;  Should show Hari &amp; tanggal field in StudentViewSessionSteps.shouldShowHariTanggalField()&#10;  Should show Hari &amp; tanggal field in riwayat page in StudentViewSessionSteps.shouldShowHariTanggalFieldInRiwayatPage()&#10;" type="cucumber.runtime.AmbiguousStepDefinitionsException"><![CDATA[cucumber.runtime.AmbiguousStepDefinitionsException: 
✽.And Should show Hari & tanggal field in riwayat page(features/StudentViewSession.feature:81) matches more than one step definition:
  Should show Hari & tanggal field in StudentViewSessionSteps.shouldShowHariTanggalField()
  Should show Hari & tanggal field in riwayat page in StudentViewSessionSteps.shouldShowHariTanggalFieldInRiwayatPage()

]]></error>
  </testcase>
  <testcase name="" classname="Scenario: Verify &apos;Hari &amp; tanggal&apos; in riwayat page is displayed" time="0.003">
    <error message="✽.And Should show Hari &amp; tanggal field in riwayat page(features/StudentViewSession.feature:81) matches more than one step definition:&#10;  Should show Hari &amp; tanggal field in StudentViewSessionSteps.shouldShowHariTanggalField()&#10;  Should show Hari &amp; tanggal field in riwayat page in StudentViewSessionSteps.shouldShowHariTanggalFieldInRiwayatPage()&#10;" type="cucumber.runtime.AmbiguousStepDefinitionsException"><![CDATA[cucumber.runtime.AmbiguousStepDefinitionsException: 
✽.And Should show Hari & tanggal field in riwayat page(features/StudentViewSession.feature:81) matches more than one step definition:
  Should show Hari & tanggal field in StudentViewSessionSteps.shouldShowHariTanggalField()
  Should show Hari & tanggal field in riwayat page in StudentViewSessionSteps.shouldShowHariTanggalFieldInRiwayatPage()

]]></error>
  </testcase>
  <testcase name="When User click avatar navigation" classname="Scenario: Verify &apos;Status&apos; in riwayat page is displayed" time="0">
    <system-out><![CDATA[
  @ScenarioViewStudent
  Scenario: Verify 'Hari & tanggal' in riwayat page is displayed &amp#27;[90m# features/StudentViewSession.feature:78&amp#27;[0m
    &amp#27;[32mWhen &amp#27;[0m&amp#27;[32mStudent click button Riwayat&amp#27;[0m                            &amp#27;[90m# StudentViewSessionSteps.studentClickButtonRiwayat()&amp#27;[0m
    &amp#27;[32mThen &amp#27;[0m&amp#27;[32mShowing page Riwayat&amp#27;[0m                                    &amp#27;[90m# StudentViewSessionSteps.showingPageRiwayat()&amp#27;[0m
    &amp#27;[31mAnd &amp#27;[0m&amp#27;[31mShould show Hari & tanggal field in riwayat page&amp#27;[0m         &amp#27;[90m# StudentViewSessionSteps.shouldShowHariTanggalField()&amp#27;[0m
      &amp#27;[31mcucumber.runtime.AmbiguousStepDefinitionsException: ✽.And Should show Hari & tanggal field in riwayat page(features/StudentViewSession.feature:81) matches more than one step definition:
        Should show Hari & tanggal field in StudentViewSessionSteps.shouldShowHariTanggalField()
        Should show Hari & tanggal field in riwayat page in StudentViewSessionSteps.shouldShowHariTanggalFieldInRiwayatPage()
      
      	at cucumber.runtime.RuntimeGlue.stepDefinitionMatch(RuntimeGlue.java:71)
      	at cucumber.runtime.Runtime.runStep(Runtime.java:267)
      	at cucumber.runtime.model.StepContainer.runStep(StepContainer.java:44)
      	at cucumber.runtime.model.StepContainer.runSteps(StepContainer.java:39)
      	at cucumber.runtime.model.CucumberScenario.run(CucumberScenario.java:44)
      	at cucumber.runtime.junit.ExecutionUnitRunner.run(ExecutionUnitRunner.java:102)
      	at cucumber.runtime.junit.FeatureRunner.runChild(FeatureRunner.java:63)
      	at cucumber.runtime.junit.FeatureRunner.runChild(FeatureRunner.java:18)
      	at org.junit.runners.ParentRunner$3.run(ParentRunner.java:238)
      	at org.junit.runners.ParentRunner$1.schedule(ParentRunner.java:63)
      	at org.junit.runners.ParentRunner.runChildren(ParentRunner.java:236)
      	at org.junit.runners.ParentRunner.access$000(ParentRunner.java:53)
      	at org.junit.runners.ParentRunner$2.evaluate(ParentRunner.java:229)
      	at org.junit.runners.ParentRunner.run(ParentRunner.java:309)
      	at cucumber.runtime.junit.FeatureRunner.run(FeatureRunner.java:70)
      	at cucumber.api.junit.Cucumber.runChild(Cucumber.java:95)
      	at cucumber.api.junit.Cucumber.runChild(Cucumber.java:38)
      	at org.junit.runners.ParentRunner$3.run(ParentRunner.java:238)
      	at org.junit.runners.ParentRunner$1.schedule(ParentRunner.java:63)
      	at org.junit.runners.ParentRunner.runChildren(ParentRunner.java:236)
      	at org.junit.runners.ParentRunner.access$000(ParentRunner.java:53)
      	at org.junit.runners.ParentRunner$2.evaluate(ParentRunner.java:229)
      	at org.junit.runners.ParentRunner.run(ParentRunner.java:309)
      	at cucumber.api.junit.Cucumber.run(Cucumber.java:100)
      	at org.apache.maven.surefire.junit4.JUnit4Provider.execute(JUnit4Provider.java:364)
      	at org.apache.maven.surefire.junit4.JUnit4Provider.executeWithRerun(JUnit4Provider.java:272)
      	at org.apache.maven.surefire.junit4.JUnit4Provider.executeTestSet(JUnit4Provider.java:237)
      	at org.apache.maven.surefire.junit4.JUnit4Provider.invoke(JUnit4Provider.java:158)
      	at org.apache.maven.surefire.booter.ForkedBooter.runSuitesInProcess(ForkedBooter.java:428)
      	at org.apache.maven.surefire.booter.ForkedBooter.execute(ForkedBooter.java:162)
      	at org.apache.maven.surefire.booter.ForkedBooter.run(ForkedBooter.java:562)
      	at org.apache.maven.surefire.booter.ForkedBooter.main(ForkedBooter.java:548)
      &amp#27;[0m
]]></system-out>
    <system-err><![CDATA[Starting ChromeDriver 110.0.5481.77 (65ed616c6e8ee3fe0ad64fe83796c020644d42af-refs/branch-heads/5481@{#839}) on port 55986
Only local connections are allowed.
Please see https://chromedriver.chromium.org/security-considerations for suggestions on keeping ChromeDriver safe.
ChromeDriver was started successfully.
[1676552091.225][WARNING]: virtual void DevToolsClientImpl::AddListener(DevToolsEventListener *) subscribing a listener to the already connected DevToolsClient. Connection notification will not arrive.
Feb 16, 2023 7:54:51 PM org.openqa.selenium.remote.ProtocolHandshake createSession
INFO: Detected dialect: W3C
Feb 16, 2023 7:54:51 PM org.openqa.selenium.devtools.CdpVersionFinder findNearestMatch
WARNING: Unable to find an exact match for CDP version 110, so returning the closest version found: a no-op implementation
Feb 16, 2023 7:54:51 PM org.openqa.selenium.devtools.CdpVersionFinder findNearestMatch
INFO: Unable to find CDP implementation matching 110.
Feb 16, 2023 7:54:51 PM org.openqa.selenium.chromium.ChromiumDriver lambda$new$3
WARNING: Unable to find version of CDP to use for . You may need to include a dependency on a specific version of the CDP using something similar to `org.seleniumhq.selenium:selenium-devtools-v86:4.1.2` where the version ("v86") matches the version of the chromium-based browser you're using and the version number of the artifact is the same as Selenium's.
]]></system-err>
  </testcase>
  <testcase name="And User click menu Masuk" classname="Scenario: Verify &apos;Status&apos; in riwayat page is displayed" time="0.001"/>
  <testcase name="And User input &quot;sucimurid@gmail.com&quot; as email and input &quot;sucimurid&quot; as password" classname="Scenario: Verify &apos;Status&apos; in riwayat page is displayed" time="0"/>
  <testcase name="And User clicked masuk button" classname="Scenario: Verify &apos;Status&apos; in riwayat page is displayed" time="0"/>
  <testcase name="And Student click menu Beranda" classname="Scenario: Verify &apos;Status&apos; in riwayat page is displayed" time="0"/>
  <testcase name="And Student click profile icon button" classname="Scenario: Verify &apos;Status&apos; in riwayat page is displayed" time="0"/>
  <testcase name="When Student click button Riwayat" classname="Scenario: Verify &apos;Status&apos; in riwayat page is displayed" time="0">
    <system-out><![CDATA[
  Background:                                                                       &amp#27;[90m# features/StudentViewSession.feature:4&amp#27;[0m
    &amp#27;[32mWhen &amp#27;[0m&amp#27;[32mUser click avatar navigation&amp#27;[0m                                               &amp#27;[90m# LoginSteps.userClickAvatarNavigation()&amp#27;[0m
    &amp#27;[32mAnd &amp#27;[0m&amp#27;[32mUser click menu Masuk&amp#27;[0m                                                       &amp#27;[90m# LoginSteps.userClickMenuMasuk()&amp#27;[0m
    &amp#27;[32mAnd &amp#27;[0m&amp#27;[32mUser input "&amp#27;[0m&amp#27;[32m&amp#27;[1msucimurid@gmail.com&amp#27;[0m&amp#27;[32m" as email and input "&amp#27;[0m&amp#27;[32m&amp#27;[1msucimurid&amp#27;[0m&amp#27;[32m" as password&amp#27;[0m &amp#27;[90m# LoginSteps.inputCredential(String,String)&amp#27;[0m
    &amp#27;[32mAnd &amp#27;[0m&amp#27;[32mUser clicked masuk button&amp#27;[0m                                                   &amp#27;[90m# LoginSteps.userClickMasukButton()&amp#27;[0m
    &amp#27;[32mAnd &amp#27;[0m&amp#27;[32mStudent click menu Beranda&amp#27;[0m                                                  &amp#27;[90m# CariGuruSteps.studentClickMenuBeranda()&amp#27;[0m
    &amp#27;[32mAnd &amp#27;[0m&amp#27;[32mStudent click profile icon button&amp#27;[0m                                           &amp#27;[90m# StudentViewSessionSteps.studentClickProfileIconButton()&amp#27;[0m
]]></system-out>
  </testcase>
  <testcase name="Then Showing page Riwayat" classname="Scenario: Verify &apos;Status&apos; in riwayat page is displayed" time="0"/>
  <testcase name="And Should show status field in riwayat page" classname="Scenario: Verify &apos;Status&apos; in riwayat page is displayed" time="0.004">
    <error message="✽.And Should show status field in riwayat page(features/StudentViewSession.feature:87) matches more than one step definition:&#10;  Should show status field in StudentViewSessionSteps.shouldShowStatusField()&#10;  Should show status field in riwayat page in StudentViewSessionSteps.shouldShowStatusFieldInRiwayatPage()&#10;" type="cucumber.runtime.AmbiguousStepDefinitionsException"><![CDATA[cucumber.runtime.AmbiguousStepDefinitionsException: 
✽.And Should show status field in riwayat page(features/StudentViewSession.feature:87) matches more than one step definition:
  Should show status field in StudentViewSessionSteps.shouldShowStatusField()
  Should show status field in riwayat page in StudentViewSessionSteps.shouldShowStatusFieldInRiwayatPage()

]]></error>
  </testcase>
  <testcase name="" classname="Scenario: Verify &apos;Status&apos; in riwayat page is displayed" time="0.005">
    <error message="✽.And Should show status field in riwayat page(features/StudentViewSession.feature:87) matches more than one step definition:&#10;  Should show status field in StudentViewSessionSteps.shouldShowStatusField()&#10;  Should show status field in riwayat page in StudentViewSessionSteps.shouldShowStatusFieldInRiwayatPage()&#10;" type="cucumber.runtime.AmbiguousStepDefinitionsException"><![CDATA[cucumber.runtime.AmbiguousStepDefinitionsException: 
✽.And Should show status field in riwayat page(features/StudentViewSession.feature:87) matches more than one step definition:
  Should show status field in StudentViewSessionSteps.shouldShowStatusField()
  Should show status field in riwayat page in StudentViewSessionSteps.shouldShowStatusFieldInRiwayatPage()

]]></error>
  </testcase>
  <testcase name="When User click avatar navigation" classname="Scenario: Verify &apos;Cek Jadwal&apos; in Riwayat teacher page can be click" time="0">
    <system-out><![CDATA[
  @ScenarioViewStudent
  Scenario: Verify 'Status' in riwayat page is displayed &amp#27;[90m# features/StudentViewSession.feature:84&amp#27;[0m
    &amp#27;[32mWhen &amp#27;[0m&amp#27;[32mStudent click button Riwayat&amp#27;[0m                    &amp#27;[90m# StudentViewSessionSteps.studentClickButtonRiwayat()&amp#27;[0m
    &amp#27;[32mThen &amp#27;[0m&amp#27;[32mShowing page Riwayat&amp#27;[0m                            &amp#27;[90m# StudentViewSessionSteps.showingPageRiwayat()&amp#27;[0m
    &amp#27;[31mAnd &amp#27;[0m&amp#27;[31mShould show status field in riwayat page&amp#27;[0m         &amp#27;[90m# StudentViewSessionSteps.shouldShowStatusField()&amp#27;[0m
      &amp#27;[31mcucumber.runtime.AmbiguousStepDefinitionsException: ✽.And Should show status field in riwayat page(features/StudentViewSession.feature:87) matches more than one step definition:
        Should show status field in StudentViewSessionSteps.shouldShowStatusField()
        Should show status field in riwayat page in StudentViewSessionSteps.shouldShowStatusFieldInRiwayatPage()
      
      	at cucumber.runtime.RuntimeGlue.stepDefinitionMatch(RuntimeGlue.java:71)
      	at cucumber.runtime.Runtime.runStep(Runtime.java:267)
      	at cucumber.runtime.model.StepContainer.runStep(StepContainer.java:44)
      	at cucumber.runtime.model.StepContainer.runSteps(StepContainer.java:39)
      	at cucumber.runtime.model.CucumberScenario.run(CucumberScenario.java:44)
      	at cucumber.runtime.junit.ExecutionUnitRunner.run(ExecutionUnitRunner.java:102)
      	at cucumber.runtime.junit.FeatureRunner.runChild(FeatureRunner.java:63)
      	at cucumber.runtime.junit.FeatureRunner.runChild(FeatureRunner.java:18)
      	at org.junit.runners.ParentRunner$3.run(ParentRunner.java:238)
      	at org.junit.runners.ParentRunner$1.schedule(ParentRunner.java:63)
      	at org.junit.runners.ParentRunner.runChildren(ParentRunner.java:236)
      	at org.junit.runners.ParentRunner.access$000(ParentRunner.java:53)
      	at org.junit.runners.ParentRunner$2.evaluate(ParentRunner.java:229)
      	at org.junit.runners.ParentRunner.run(ParentRunner.java:309)
      	at cucumber.runtime.junit.FeatureRunner.run(FeatureRunner.java:70)
      	at cucumber.api.junit.Cucumber.runChild(Cucumber.java:95)
      	at cucumber.api.junit.Cucumber.runChild(Cucumber.java:38)
      	at org.junit.runners.ParentRunner$3.run(ParentRunner.java:238)
      	at org.junit.runners.ParentRunner$1.schedule(ParentRunner.java:63)
      	at org.junit.runners.ParentRunner.runChildren(ParentRunner.java:236)
      	at org.junit.runners.ParentRunner.access$000(ParentRunner.java:53)
      	at org.junit.runners.ParentRunner$2.evaluate(ParentRunner.java:229)
      	at org.junit.runners.ParentRunner.run(ParentRunner.java:309)
      	at cucumber.api.junit.Cucumber.run(Cucumber.java:100)
      	at org.apache.maven.surefire.junit4.JUnit4Provider.execute(JUnit4Provider.java:364)
      	at org.apache.maven.surefire.junit4.JUnit4Provider.executeWithRerun(JUnit4Provider.java:272)
      	at org.apache.maven.surefire.junit4.JUnit4Provider.executeTestSet(JUnit4Provider.java:237)
      	at org.apache.maven.surefire.junit4.JUnit4Provider.invoke(JUnit4Provider.java:158)
      	at org.apache.maven.surefire.booter.ForkedBooter.runSuitesInProcess(ForkedBooter.java:428)
      	at org.apache.maven.surefire.booter.ForkedBooter.execute(ForkedBooter.java:162)
      	at org.apache.maven.surefire.booter.ForkedBooter.run(ForkedBooter.java:562)
      	at org.apache.maven.surefire.booter.ForkedBooter.main(ForkedBooter.java:548)
      &amp#27;[0m
@TeacherViewSession @Test
Feature: Teacher view session
]]></system-out>
    <system-err><![CDATA[Starting ChromeDriver 110.0.5481.77 (65ed616c6e8ee3fe0ad64fe83796c020644d42af-refs/branch-heads/5481@{#839}) on port 56064
Only local connections are allowed.
Please see https://chromedriver.chromium.org/security-considerations for suggestions on keeping ChromeDriver safe.
ChromeDriver was started successfully.
[1676552118.209][WARNING]: virtual void DevToolsClientImpl::AddListener(DevToolsEventListener *) subscribing a listener to the already connected DevToolsClient. Connection notification will not arrive.
Feb 16, 2023 7:55:18 PM org.openqa.selenium.remote.ProtocolHandshake createSession
INFO: Detected dialect: W3C
Feb 16, 2023 7:55:18 PM org.openqa.selenium.devtools.CdpVersionFinder findNearestMatch
WARNING: Unable to find an exact match for CDP version 110, so returning the closest version found: a no-op implementation
Feb 16, 2023 7:55:18 PM org.openqa.selenium.devtools.CdpVersionFinder findNearestMatch
INFO: Unable to find CDP implementation matching 110.
Feb 16, 2023 7:55:18 PM org.openqa.selenium.chromium.ChromiumDriver lambda$new$3
WARNING: Unable to find version of CDP to use for . You may need to include a dependency on a specific version of the CDP using something similar to `org.seleniumhq.selenium:selenium-devtools-v86:4.1.2` where the version ("v86") matches the version of the chromium-based browser you're using and the version number of the artifact is the same as Selenium's.
]]></system-err>
  </testcase>
  <testcase name="And User click menu Masuk" classname="Scenario: Verify &apos;Cek Jadwal&apos; in Riwayat teacher page can be click" time="0"/>
  <testcase name="And User input &quot;suciguru@alta.com&quot; as email and input &quot;suciguru&quot; as password" classname="Scenario: Verify &apos;Cek Jadwal&apos; in Riwayat teacher page can be click" time="0"/>
  <testcase name="And User clicked masuk button" classname="Scenario: Verify &apos;Cek Jadwal&apos; in Riwayat teacher page can be click" time="0"/>
  <testcase name="And Student click menu Beranda" classname="Scenario: Verify &apos;Cek Jadwal&apos; in Riwayat teacher page can be click" time="0"/>
  <testcase name="And Student click profile icon button" classname="Scenario: Verify &apos;Cek Jadwal&apos; in Riwayat teacher page can be click" time="0"/>
  <testcase name="When Teacher click Cek Jadwal button on profile page" classname="Scenario: Verify &apos;Cek Jadwal&apos; in Riwayat teacher page can be click" time="0">
    <system-out><![CDATA[
  Background:                                                                    &amp#27;[90m# features/TeacherViewSession.feature:4&amp#27;[0m
    &amp#27;[32mWhen &amp#27;[0m&amp#27;[32mUser click avatar navigation&amp#27;[0m                                            &amp#27;[90m# LoginSteps.userClickAvatarNavigation()&amp#27;[0m
    &amp#27;[32mAnd &amp#27;[0m&amp#27;[32mUser click menu Masuk&amp#27;[0m                                                    &amp#27;[90m# LoginSteps.userClickMenuMasuk()&amp#27;[0m
    &amp#27;[32mAnd &amp#27;[0m&amp#27;[32mUser input "&amp#27;[0m&amp#27;[32m&amp#27;[1msuciguru@alta.com&amp#27;[0m&amp#27;[32m" as email and input "&amp#27;[0m&amp#27;[32m&amp#27;[1msuciguru&amp#27;[0m&amp#27;[32m" as password&amp#27;[0m &amp#27;[90m# LoginSteps.inputCredential(String,String)&amp#27;[0m
    &amp#27;[32mAnd &amp#27;[0m&amp#27;[32mUser clicked masuk button&amp#27;[0m                                                &amp#27;[90m# LoginSteps.userClickMasukButton()&amp#27;[0m
    &amp#27;[32mAnd &amp#27;[0m&amp#27;[32mStudent click menu Beranda&amp#27;[0m                                               &amp#27;[90m# CariGuruSteps.studentClickMenuBeranda()&amp#27;[0m
    &amp#27;[32mAnd &amp#27;[0m&amp#27;[32mStudent click profile icon button&amp#27;[0m                                        &amp#27;[90m# StudentViewSessionSteps.studentClickProfileIconButton()&amp#27;[0m
]]></system-out>
  </testcase>
  <testcase name="Then Show page Riwayat in guru session" classname="Scenario: Verify &apos;Cek Jadwal&apos; in Riwayat teacher page can be click" time="0"/>
  <testcase name="" classname="Scenario: Verify &apos;Cek Jadwal&apos; in Riwayat teacher page can be click" time="0.119"/>
  <testcase name="When User click avatar navigation" classname="Scenario: Verify &apos;Cek Jadwal&apos; in Riwayat teacher page without delay" time="0">
    <system-out><![CDATA[
  @ScenarioViewTeacher
  Scenario: Verify 'Cek Jadwal' in Riwayat teacher page can be click &amp#27;[90m# features/TeacherViewSession.feature:13&amp#27;[0m
    &amp#27;[32mWhen &amp#27;[0m&amp#27;[32mTeacher click Cek Jadwal button on profile page&amp#27;[0m             &amp#27;[90m# TeacherViewSessionSteps.teacherClickCekJadwal()&amp#27;[0m
    &amp#27;[32mThen &amp#27;[0m&amp#27;[32mShow page Riwayat in guru session&amp#27;[0m                           &amp#27;[90m# TeacherViewSessionSteps.showPageRiwayatinGuruSession()&amp#27;[0m
]]></system-out>
    <system-err><![CDATA[Starting ChromeDriver 110.0.5481.77 (65ed616c6e8ee3fe0ad64fe83796c020644d42af-refs/branch-heads/5481@{#839}) on port 53178
Only local connections are allowed.
Please see https://chromedriver.chromium.org/security-considerations for suggestions on keeping ChromeDriver safe.
ChromeDriver was started successfully.
[1676552154.734][WARNING]: virtual void DevToolsClientImpl::AddListener(DevToolsEventListener *) subscribing a listener to the already connected DevToolsClient. Connection notification will not arrive.
Feb 16, 2023 7:55:54 PM org.openqa.selenium.remote.ProtocolHandshake createSession
INFO: Detected dialect: W3C
Feb 16, 2023 7:55:54 PM org.openqa.selenium.devtools.CdpVersionFinder findNearestMatch
WARNING: Unable to find an exact match for CDP version 110, so returning the closest version found: a no-op implementation
Feb 16, 2023 7:55:54 PM org.openqa.selenium.devtools.CdpVersionFinder findNearestMatch
INFO: Unable to find CDP implementation matching 110.
Feb 16, 2023 7:55:54 PM org.openqa.selenium.chromium.ChromiumDriver lambda$new$3
WARNING: Unable to find version of CDP to use for . You may need to include a dependency on a specific version of the CDP using something similar to `org.seleniumhq.selenium:selenium-devtools-v86:4.1.2` where the version ("v86") matches the version of the chromium-based browser you're using and the version number of the artifact is the same as Selenium's.
]]></system-err>
  </testcase>
  <testcase name="And User click menu Masuk" classname="Scenario: Verify &apos;Cek Jadwal&apos; in Riwayat teacher page without delay" time="0"/>
  <testcase name="And User input &quot;suciguru@alta.com&quot; as email and input &quot;suciguru&quot; as password" classname="Scenario: Verify &apos;Cek Jadwal&apos; in Riwayat teacher page without delay" time="0"/>
  <testcase name="And User clicked masuk button" classname="Scenario: Verify &apos;Cek Jadwal&apos; in Riwayat teacher page without delay" time="0"/>
  <testcase name="And Student click menu Beranda" classname="Scenario: Verify &apos;Cek Jadwal&apos; in Riwayat teacher page without delay" time="0"/>
  <testcase name="And Student click profile icon button" classname="Scenario: Verify &apos;Cek Jadwal&apos; in Riwayat teacher page without delay" time="0"/>
  <testcase name="When Teacher click Cek Jadwal button on profile page" classname="Scenario: Verify &apos;Cek Jadwal&apos; in Riwayat teacher page without delay" time="0">
    <system-out><![CDATA[
  Background:                                                                    &amp#27;[90m# features/TeacherViewSession.feature:4&amp#27;[0m
    &amp#27;[32mWhen &amp#27;[0m&amp#27;[32mUser click avatar navigation&amp#27;[0m                                            &amp#27;[90m# LoginSteps.userClickAvatarNavigation()&amp#27;[0m
    &amp#27;[32mAnd &amp#27;[0m&amp#27;[32mUser click menu Masuk&amp#27;[0m                                                    &amp#27;[90m# LoginSteps.userClickMenuMasuk()&amp#27;[0m
    &amp#27;[32mAnd &amp#27;[0m&amp#27;[32mUser input "&amp#27;[0m&amp#27;[32m&amp#27;[1msuciguru@alta.com&amp#27;[0m&amp#27;[32m" as email and input "&amp#27;[0m&amp#27;[32m&amp#27;[1msuciguru&amp#27;[0m&amp#27;[32m" as password&amp#27;[0m &amp#27;[90m# LoginSteps.inputCredential(String,String)&amp#27;[0m
    &amp#27;[32mAnd &amp#27;[0m&amp#27;[32mUser clicked masuk button&amp#27;[0m                                                &amp#27;[90m# LoginSteps.userClickMasukButton()&amp#27;[0m
    &amp#27;[32mAnd &amp#27;[0m&amp#27;[32mStudent click menu Beranda&amp#27;[0m                                               &amp#27;[90m# CariGuruSteps.studentClickMenuBeranda()&amp#27;[0m
    &amp#27;[32mAnd &amp#27;[0m&amp#27;[32mStudent click profile icon button&amp#27;[0m                                        &amp#27;[90m# StudentViewSessionSteps.studentClickProfileIconButton()&amp#27;[0m
]]></system-out>
  </testcase>
  <testcase name="Then Show page Riwayat in guru session without delay 3s" classname="Scenario: Verify &apos;Cek Jadwal&apos; in Riwayat teacher page without delay" time="0.007">
    <error message="✽.Then Show page Riwayat in guru session without delay 3s(features/TeacherViewSession.feature:20) matches more than one step definition:&#10;  Show page Riwayat in guru session in TeacherViewSessionSteps.showPageRiwayatinGuruSession()&#10;  Show page Riwayat in guru session without delay 3s in TeacherViewSessionSteps.showPageRiwayatinGuruSessionWithoutDelay()&#10;" type="cucumber.runtime.AmbiguousStepDefinitionsException"><![CDATA[cucumber.runtime.AmbiguousStepDefinitionsException: 
✽.Then Show page Riwayat in guru session without delay 3s(features/TeacherViewSession.feature:20) matches more than one step definition:
  Show page Riwayat in guru session in TeacherViewSessionSteps.showPageRiwayatinGuruSession()
  Show page Riwayat in guru session without delay 3s in TeacherViewSessionSteps.showPageRiwayatinGuruSessionWithoutDelay()

]]></error>
  </testcase>
  <testcase name="" classname="Scenario: Verify &apos;Cek Jadwal&apos; in Riwayat teacher page without delay" time="0.008">
    <error message="✽.Then Show page Riwayat in guru session without delay 3s(features/TeacherViewSession.feature:20) matches more than one step definition:&#10;  Show page Riwayat in guru session in TeacherViewSessionSteps.showPageRiwayatinGuruSession()&#10;  Show page Riwayat in guru session without delay 3s in TeacherViewSessionSteps.showPageRiwayatinGuruSessionWithoutDelay()&#10;" type="cucumber.runtime.AmbiguousStepDefinitionsException"><![CDATA[cucumber.runtime.AmbiguousStepDefinitionsException: 
✽.Then Show page Riwayat in guru session without delay 3s(features/TeacherViewSession.feature:20) matches more than one step definition:
  Show page Riwayat in guru session in TeacherViewSessionSteps.showPageRiwayatinGuruSession()
  Show page Riwayat in guru session without delay 3s in TeacherViewSessionSteps.showPageRiwayatinGuruSessionWithoutDelay()

]]></error>
  </testcase>
  <testcase name="When User click avatar navigation" classname="Scenario: Verify &apos;Nama Murid&apos; field is displayed in Riwayat guru session" time="0">
    <system-out><![CDATA[
  @ScenarioViewTeacher
  Scenario: Verify 'Cek Jadwal' in Riwayat teacher page without delay &amp#27;[90m# features/TeacherViewSession.feature:18&amp#27;[0m
    &amp#27;[32mWhen &amp#27;[0m&amp#27;[32mTeacher click Cek Jadwal button on profile page&amp#27;[0m              &amp#27;[90m# TeacherViewSessionSteps.teacherClickCekJadwal()&amp#27;[0m
    &amp#27;[31mThen &amp#27;[0m&amp#27;[31mShow page Riwayat in guru session without delay 3s&amp#27;[0m           &amp#27;[90m# TeacherViewSessionSteps.showPageRiwayatinGuruSession()&amp#27;[0m
      &amp#27;[31mcucumber.runtime.AmbiguousStepDefinitionsException: ✽.Then Show page Riwayat in guru session without delay 3s(features/TeacherViewSession.feature:20) matches more than one step definition:
        Show page Riwayat in guru session in TeacherViewSessionSteps.showPageRiwayatinGuruSession()
        Show page Riwayat in guru session without delay 3s in TeacherViewSessionSteps.showPageRiwayatinGuruSessionWithoutDelay()
      
      	at cucumber.runtime.RuntimeGlue.stepDefinitionMatch(RuntimeGlue.java:71)
      	at cucumber.runtime.Runtime.runStep(Runtime.java:267)
      	at cucumber.runtime.model.StepContainer.runStep(StepContainer.java:44)
      	at cucumber.runtime.model.StepContainer.runSteps(StepContainer.java:39)
      	at cucumber.runtime.model.CucumberScenario.run(CucumberScenario.java:44)
      	at cucumber.runtime.junit.ExecutionUnitRunner.run(ExecutionUnitRunner.java:102)
      	at cucumber.runtime.junit.FeatureRunner.runChild(FeatureRunner.java:63)
      	at cucumber.runtime.junit.FeatureRunner.runChild(FeatureRunner.java:18)
      	at org.junit.runners.ParentRunner$3.run(ParentRunner.java:238)
      	at org.junit.runners.ParentRunner$1.schedule(ParentRunner.java:63)
      	at org.junit.runners.ParentRunner.runChildren(ParentRunner.java:236)
      	at org.junit.runners.ParentRunner.access$000(ParentRunner.java:53)
      	at org.junit.runners.ParentRunner$2.evaluate(ParentRunner.java:229)
      	at org.junit.runners.ParentRunner.run(ParentRunner.java:309)
      	at cucumber.runtime.junit.FeatureRunner.run(FeatureRunner.java:70)
      	at cucumber.api.junit.Cucumber.runChild(Cucumber.java:95)
      	at cucumber.api.junit.Cucumber.runChild(Cucumber.java:38)
      	at org.junit.runners.ParentRunner$3.run(ParentRunner.java:238)
      	at org.junit.runners.ParentRunner$1.schedule(ParentRunner.java:63)
      	at org.junit.runners.ParentRunner.runChildren(ParentRunner.java:236)
      	at org.junit.runners.ParentRunner.access$000(ParentRunner.java:53)
      	at org.junit.runners.ParentRunner$2.evaluate(ParentRunner.java:229)
      	at org.junit.runners.ParentRunner.run(ParentRunner.java:309)
      	at cucumber.api.junit.Cucumber.run(Cucumber.java:100)
      	at org.apache.maven.surefire.junit4.JUnit4Provider.execute(JUnit4Provider.java:364)
      	at org.apache.maven.surefire.junit4.JUnit4Provider.executeWithRerun(JUnit4Provider.java:272)
      	at org.apache.maven.surefire.junit4.JUnit4Provider.executeTestSet(JUnit4Provider.java:237)
      	at org.apache.maven.surefire.junit4.JUnit4Provider.invoke(JUnit4Provider.java:158)
      	at org.apache.maven.surefire.booter.ForkedBooter.runSuitesInProcess(ForkedBooter.java:428)
      	at org.apache.maven.surefire.booter.ForkedBooter.execute(ForkedBooter.java:162)
      	at org.apache.maven.surefire.booter.ForkedBooter.run(ForkedBooter.java:562)
      	at org.apache.maven.surefire.booter.ForkedBooter.main(ForkedBooter.java:548)
      &amp#27;[0m
]]></system-out>
    <system-err><![CDATA[Starting ChromeDriver 110.0.5481.77 (65ed616c6e8ee3fe0ad64fe83796c020644d42af-refs/branch-heads/5481@{#839}) on port 49562
Only local connections are allowed.
Please see https://chromedriver.chromium.org/security-considerations for suggestions on keeping ChromeDriver safe.
ChromeDriver was started successfully.
[1676552182.776][WARNING]: virtual void DevToolsClientImpl::AddListener(DevToolsEventListener *) subscribing a listener to the already connected DevToolsClient. Connection notification will not arrive.
Feb 16, 2023 7:56:22 PM org.openqa.selenium.remote.ProtocolHandshake createSession
INFO: Detected dialect: W3C
Feb 16, 2023 7:56:22 PM org.openqa.selenium.devtools.CdpVersionFinder findNearestMatch
WARNING: Unable to find an exact match for CDP version 110, so returning the closest version found: a no-op implementation
Feb 16, 2023 7:56:22 PM org.openqa.selenium.devtools.CdpVersionFinder findNearestMatch
INFO: Unable to find CDP implementation matching 110.
Feb 16, 2023 7:56:22 PM org.openqa.selenium.chromium.ChromiumDriver lambda$new$3
WARNING: Unable to find version of CDP to use for . You may need to include a dependency on a specific version of the CDP using something similar to `org.seleniumhq.selenium:selenium-devtools-v86:4.1.2` where the version ("v86") matches the version of the chromium-based browser you're using and the version number of the artifact is the same as Selenium's.
]]></system-err>
  </testcase>
  <testcase name="And User click menu Masuk" classname="Scenario: Verify &apos;Nama Murid&apos; field is displayed in Riwayat guru session" time="0"/>
  <testcase name="And User input &quot;suciguru@alta.com&quot; as email and input &quot;suciguru&quot; as password" classname="Scenario: Verify &apos;Nama Murid&apos; field is displayed in Riwayat guru session" time="0"/>
  <testcase name="And User clicked masuk button" classname="Scenario: Verify &apos;Nama Murid&apos; field is displayed in Riwayat guru session" time="0"/>
  <testcase name="And Student click menu Beranda" classname="Scenario: Verify &apos;Nama Murid&apos; field is displayed in Riwayat guru session" time="0"/>
  <testcase name="And Student click profile icon button" classname="Scenario: Verify &apos;Nama Murid&apos; field is displayed in Riwayat guru session" time="0.001"/>
  <testcase name="When Teacher click Cek Jadwal button on profile page" classname="Scenario: Verify &apos;Nama Murid&apos; field is displayed in Riwayat guru session" time="0">
    <system-out><![CDATA[
  Background:                                                                    &amp#27;[90m# features/TeacherViewSession.feature:4&amp#27;[0m
    &amp#27;[32mWhen &amp#27;[0m&amp#27;[32mUser click avatar navigation&amp#27;[0m                                            &amp#27;[90m# LoginSteps.userClickAvatarNavigation()&amp#27;[0m
    &amp#27;[32mAnd &amp#27;[0m&amp#27;[32mUser click menu Masuk&amp#27;[0m                                                    &amp#27;[90m# LoginSteps.userClickMenuMasuk()&amp#27;[0m
    &amp#27;[32mAnd &amp#27;[0m&amp#27;[32mUser input "&amp#27;[0m&amp#27;[32m&amp#27;[1msuciguru@alta.com&amp#27;[0m&amp#27;[32m" as email and input "&amp#27;[0m&amp#27;[32m&amp#27;[1msuciguru&amp#27;[0m&amp#27;[32m" as password&amp#27;[0m &amp#27;[90m# LoginSteps.inputCredential(String,String)&amp#27;[0m
    &amp#27;[32mAnd &amp#27;[0m&amp#27;[32mUser clicked masuk button&amp#27;[0m                                                &amp#27;[90m# LoginSteps.userClickMasukButton()&amp#27;[0m
    &amp#27;[32mAnd &amp#27;[0m&amp#27;[32mStudent click menu Beranda&amp#27;[0m                                               &amp#27;[90m# CariGuruSteps.studentClickMenuBeranda()&amp#27;[0m
    &amp#27;[32mAnd &amp#27;[0m&amp#27;[32mStudent click profile icon button&amp#27;[0m                                        &amp#27;[90m# StudentViewSessionSteps.studentClickProfileIconButton()&amp#27;[0m
]]></system-out>
  </testcase>
  <testcase name="Then Show page Riwayat in guru session" classname="Scenario: Verify &apos;Nama Murid&apos; field is displayed in Riwayat guru session" time="0"/>
  <testcase name="And Should show Nama Murid field" classname="Scenario: Verify &apos;Nama Murid&apos; field is displayed in Riwayat guru session" time="0"/>
  <testcase name="" classname="Scenario: Verify &apos;Nama Murid&apos; field is displayed in Riwayat guru session" time="0.114"/>
  <testcase name="When User click avatar navigation" classname="Scenario: Verify &apos;Jam&apos; field is displayed in Riwayat guru session" time="0">
    <system-out><![CDATA[
  @ScenarioViewTeacher
  Scenario: Verify 'Nama Murid' field is displayed in Riwayat guru session &amp#27;[90m# features/TeacherViewSession.feature:23&amp#27;[0m
    &amp#27;[32mWhen &amp#27;[0m&amp#27;[32mTeacher click Cek Jadwal button on profile page&amp#27;[0m                   &amp#27;[90m# TeacherViewSessionSteps.teacherClickCekJadwal()&amp#27;[0m
    &amp#27;[32mThen &amp#27;[0m&amp#27;[32mShow page Riwayat in guru session&amp#27;[0m                                 &amp#27;[90m# TeacherViewSessionSteps.showPageRiwayatinGuruSession()&amp#27;[0m
    &amp#27;[32mAnd &amp#27;[0m&amp#27;[32mShould show Nama Murid field&amp#27;[0m                                       &amp#27;[90m# TeacherViewSessionSteps.shouldShowNamaMuridField()&amp#27;[0m
]]></system-out>
    <system-err><![CDATA[Starting ChromeDriver 110.0.5481.77 (65ed616c6e8ee3fe0ad64fe83796c020644d42af-refs/branch-heads/5481@{#839}) on port 51642
Only local connections are allowed.
Please see https://chromedriver.chromium.org/security-considerations for suggestions on keeping ChromeDriver safe.
ChromeDriver was started successfully.
[1676552215.076][WARNING]: virtual void DevToolsClientImpl::AddListener(DevToolsEventListener *) subscribing a listener to the already connected DevToolsClient. Connection notification will not arrive.
Feb 16, 2023 7:56:55 PM org.openqa.selenium.remote.ProtocolHandshake createSession
INFO: Detected dialect: W3C
Feb 16, 2023 7:56:55 PM org.openqa.selenium.devtools.CdpVersionFinder findNearestMatch
WARNING: Unable to find an exact match for CDP version 110, so returning the closest version found: a no-op implementation
Feb 16, 2023 7:56:55 PM org.openqa.selenium.devtools.CdpVersionFinder findNearestMatch
INFO: Unable to find CDP implementation matching 110.
Feb 16, 2023 7:56:55 PM org.openqa.selenium.chromium.ChromiumDriver lambda$new$3
WARNING: Unable to find version of CDP to use for . You may need to include a dependency on a specific version of the CDP using something similar to `org.seleniumhq.selenium:selenium-devtools-v86:4.1.2` where the version ("v86") matches the version of the chromium-based browser you're using and the version number of the artifact is the same as Selenium's.
]]></system-err>
  </testcase>
  <testcase name="And User click menu Masuk" classname="Scenario: Verify &apos;Jam&apos; field is displayed in Riwayat guru session" time="0"/>
  <testcase name="And User input &quot;suciguru@alta.com&quot; as email and input &quot;suciguru&quot; as password" classname="Scenario: Verify &apos;Jam&apos; field is displayed in Riwayat guru session" time="0"/>
  <testcase name="And User clicked masuk button" classname="Scenario: Verify &apos;Jam&apos; field is displayed in Riwayat guru session" time="0"/>
  <testcase name="And Student click menu Beranda" classname="Scenario: Verify &apos;Jam&apos; field is displayed in Riwayat guru session" time="0"/>
  <testcase name="And Student click profile icon button" classname="Scenario: Verify &apos;Jam&apos; field is displayed in Riwayat guru session" time="0"/>
  <testcase name="When Teacher click Cek Jadwal button on profile page" classname="Scenario: Verify &apos;Jam&apos; field is displayed in Riwayat guru session" time="0">
    <system-out><![CDATA[
  Background:                                                                    &amp#27;[90m# features/TeacherViewSession.feature:4&amp#27;[0m
    &amp#27;[32mWhen &amp#27;[0m&amp#27;[32mUser click avatar navigation&amp#27;[0m                                            &amp#27;[90m# LoginSteps.userClickAvatarNavigation()&amp#27;[0m
    &amp#27;[32mAnd &amp#27;[0m&amp#27;[32mUser click menu Masuk&amp#27;[0m                                                    &amp#27;[90m# LoginSteps.userClickMenuMasuk()&amp#27;[0m
    &amp#27;[32mAnd &amp#27;[0m&amp#27;[32mUser input "&amp#27;[0m&amp#27;[32m&amp#27;[1msuciguru@alta.com&amp#27;[0m&amp#27;[32m" as email and input "&amp#27;[0m&amp#27;[32m&amp#27;[1msuciguru&amp#27;[0m&amp#27;[32m" as password&amp#27;[0m &amp#27;[90m# LoginSteps.inputCredential(String,String)&amp#27;[0m
    &amp#27;[32mAnd &amp#27;[0m&amp#27;[32mUser clicked masuk button&amp#27;[0m                                                &amp#27;[90m# LoginSteps.userClickMasukButton()&amp#27;[0m
    &amp#27;[32mAnd &amp#27;[0m&amp#27;[32mStudent click menu Beranda&amp#27;[0m                                               &amp#27;[90m# CariGuruSteps.studentClickMenuBeranda()&amp#27;[0m
    &amp#27;[32mAnd &amp#27;[0m&amp#27;[32mStudent click profile icon button&amp#27;[0m                                        &amp#27;[90m# StudentViewSessionSteps.studentClickProfileIconButton()&amp#27;[0m
]]></system-out>
  </testcase>
  <testcase name="Then Show page Riwayat in guru session" classname="Scenario: Verify &apos;Jam&apos; field is displayed in Riwayat guru session" time="0"/>
  <testcase name="And Should show jam field in teacher page" classname="Scenario: Verify &apos;Jam&apos; field is displayed in Riwayat guru session" time="0.006">
    <error message="✽.And Should show jam field in teacher page(features/TeacherViewSession.feature:32) matches more than one step definition:&#10;  Should show jam field in StudentViewSessionSteps.shouldShowJamField()&#10;  Should show jam field in teacher page in TeacherViewSessionSteps.shouldShowJamFieldInTeacherPage()&#10;" type="cucumber.runtime.AmbiguousStepDefinitionsException"><![CDATA[cucumber.runtime.AmbiguousStepDefinitionsException: 
✽.And Should show jam field in teacher page(features/TeacherViewSession.feature:32) matches more than one step definition:
  Should show jam field in StudentViewSessionSteps.shouldShowJamField()
  Should show jam field in teacher page in TeacherViewSessionSteps.shouldShowJamFieldInTeacherPage()

]]></error>
  </testcase>
  <testcase name="" classname="Scenario: Verify &apos;Jam&apos; field is displayed in Riwayat guru session" time="0.007">
    <error message="✽.And Should show jam field in teacher page(features/TeacherViewSession.feature:32) matches more than one step definition:&#10;  Should show jam field in StudentViewSessionSteps.shouldShowJamField()&#10;  Should show jam field in teacher page in TeacherViewSessionSteps.shouldShowJamFieldInTeacherPage()&#10;" type="cucumber.runtime.AmbiguousStepDefinitionsException"><![CDATA[cucumber.runtime.AmbiguousStepDefinitionsException: 
✽.And Should show jam field in teacher page(features/TeacherViewSession.feature:32) matches more than one step definition:
  Should show jam field in StudentViewSessionSteps.shouldShowJamField()
  Should show jam field in teacher page in TeacherViewSessionSteps.shouldShowJamFieldInTeacherPage()

]]></error>
  </testcase>
  <testcase name="When User click avatar navigation" classname="Scenario: Verify &apos;Hari &amp; tanggal&apos; field is displayed in Riwayat guru session" time="0">
    <system-out><![CDATA[
  @ScenarioViewTeacher
  Scenario: Verify 'Jam' field is displayed in Riwayat guru session &amp#27;[90m# features/TeacherViewSession.feature:29&amp#27;[0m
    &amp#27;[32mWhen &amp#27;[0m&amp#27;[32mTeacher click Cek Jadwal button on profile page&amp#27;[0m            &amp#27;[90m# TeacherViewSessionSteps.teacherClickCekJadwal()&amp#27;[0m
    &amp#27;[32mThen &amp#27;[0m&amp#27;[32mShow page Riwayat in guru session&amp#27;[0m                          &amp#27;[90m# TeacherViewSessionSteps.showPageRiwayatinGuruSession()&amp#27;[0m
    &amp#27;[31mAnd &amp#27;[0m&amp#27;[31mShould show jam field in teacher page&amp#27;[0m                       &amp#27;[90m# StudentViewSessionSteps.shouldShowJamField()&amp#27;[0m
      &amp#27;[31mcucumber.runtime.AmbiguousStepDefinitionsException: ✽.And Should show jam field in teacher page(features/TeacherViewSession.feature:32) matches more than one step definition:
        Should show jam field in StudentViewSessionSteps.shouldShowJamField()
        Should show jam field in teacher page in TeacherViewSessionSteps.shouldShowJamFieldInTeacherPage()
      
      	at cucumber.runtime.RuntimeGlue.stepDefinitionMatch(RuntimeGlue.java:71)
      	at cucumber.runtime.Runtime.runStep(Runtime.java:267)
      	at cucumber.runtime.model.StepContainer.runStep(StepContainer.java:44)
      	at cucumber.runtime.model.StepContainer.runSteps(StepContainer.java:39)
      	at cucumber.runtime.model.CucumberScenario.run(CucumberScenario.java:44)
      	at cucumber.runtime.junit.ExecutionUnitRunner.run(ExecutionUnitRunner.java:102)
      	at cucumber.runtime.junit.FeatureRunner.runChild(FeatureRunner.java:63)
      	at cucumber.runtime.junit.FeatureRunner.runChild(FeatureRunner.java:18)
      	at org.junit.runners.ParentRunner$3.run(ParentRunner.java:238)
      	at org.junit.runners.ParentRunner$1.schedule(ParentRunner.java:63)
      	at org.junit.runners.ParentRunner.runChildren(ParentRunner.java:236)
      	at org.junit.runners.ParentRunner.access$000(ParentRunner.java:53)
      	at org.junit.runners.ParentRunner$2.evaluate(ParentRunner.java:229)
      	at org.junit.runners.ParentRunner.run(ParentRunner.java:309)
      	at cucumber.runtime.junit.FeatureRunner.run(FeatureRunner.java:70)
      	at cucumber.api.junit.Cucumber.runChild(Cucumber.java:95)
      	at cucumber.api.junit.Cucumber.runChild(Cucumber.java:38)
      	at org.junit.runners.ParentRunner$3.run(ParentRunner.java:238)
      	at org.junit.runners.ParentRunner$1.schedule(ParentRunner.java:63)
      	at org.junit.runners.ParentRunner.runChildren(ParentRunner.java:236)
      	at org.junit.runners.ParentRunner.access$000(ParentRunner.java:53)
      	at org.junit.runners.ParentRunner$2.evaluate(ParentRunner.java:229)
      	at org.junit.runners.ParentRunner.run(ParentRunner.java:309)
      	at cucumber.api.junit.Cucumber.run(Cucumber.java:100)
      	at org.apache.maven.surefire.junit4.JUnit4Provider.execute(JUnit4Provider.java:364)
      	at org.apache.maven.surefire.junit4.JUnit4Provider.executeWithRerun(JUnit4Provider.java:272)
      	at org.apache.maven.surefire.junit4.JUnit4Provider.executeTestSet(JUnit4Provider.java:237)
      	at org.apache.maven.surefire.junit4.JUnit4Provider.invoke(JUnit4Provider.java:158)
      	at org.apache.maven.surefire.booter.ForkedBooter.runSuitesInProcess(ForkedBooter.java:428)
      	at org.apache.maven.surefire.booter.ForkedBooter.execute(ForkedBooter.java:162)
      	at org.apache.maven.surefire.booter.ForkedBooter.run(ForkedBooter.java:562)
      	at org.apache.maven.surefire.booter.ForkedBooter.main(ForkedBooter.java:548)
      &amp#27;[0m
]]></system-out>
    <system-err><![CDATA[Starting ChromeDriver 110.0.5481.77 (65ed616c6e8ee3fe0ad64fe83796c020644d42af-refs/branch-heads/5481@{#839}) on port 62890
Only local connections are allowed.
Please see https://chromedriver.chromium.org/security-considerations for suggestions on keeping ChromeDriver safe.
ChromeDriver was started successfully.
[1676552249.221][WARNING]: virtual void DevToolsClientImpl::AddListener(DevToolsEventListener *) subscribing a listener to the already connected DevToolsClient. Connection notification will not arrive.
Feb 16, 2023 7:57:29 PM org.openqa.selenium.remote.ProtocolHandshake createSession
INFO: Detected dialect: W3C
Feb 16, 2023 7:57:29 PM org.openqa.selenium.devtools.CdpVersionFinder findNearestMatch
WARNING: Unable to find an exact match for CDP version 110, so returning the closest version found: a no-op implementation
Feb 16, 2023 7:57:29 PM org.openqa.selenium.devtools.CdpVersionFinder findNearestMatch
INFO: Unable to find CDP implementation matching 110.
Feb 16, 2023 7:57:29 PM org.openqa.selenium.chromium.ChromiumDriver lambda$new$3
WARNING: Unable to find version of CDP to use for . You may need to include a dependency on a specific version of the CDP using something similar to `org.seleniumhq.selenium:selenium-devtools-v86:4.1.2` where the version ("v86") matches the version of the chromium-based browser you're using and the version number of the artifact is the same as Selenium's.
]]></system-err>
  </testcase>
  <testcase name="And User click menu Masuk" classname="Scenario: Verify &apos;Hari &amp; tanggal&apos; field is displayed in Riwayat guru session" time="0"/>
  <testcase name="And User input &quot;suciguru@alta.com&quot; as email and input &quot;suciguru&quot; as password" classname="Scenario: Verify &apos;Hari &amp; tanggal&apos; field is displayed in Riwayat guru session" time="0"/>
  <testcase name="And User clicked masuk button" classname="Scenario: Verify &apos;Hari &amp; tanggal&apos; field is displayed in Riwayat guru session" time="0"/>
  <testcase name="And Student click menu Beranda" classname="Scenario: Verify &apos;Hari &amp; tanggal&apos; field is displayed in Riwayat guru session" time="0"/>
  <testcase name="And Student click profile icon button" classname="Scenario: Verify &apos;Hari &amp; tanggal&apos; field is displayed in Riwayat guru session" time="0"/>
  <testcase name="When Teacher click Cek Jadwal button on profile page" classname="Scenario: Verify &apos;Hari &amp; tanggal&apos; field is displayed in Riwayat guru session" time="0">
    <system-out><![CDATA[
  Background:                                                                    &amp#27;[90m# features/TeacherViewSession.feature:4&amp#27;[0m
    &amp#27;[32mWhen &amp#27;[0m&amp#27;[32mUser click avatar navigation&amp#27;[0m                                            &amp#27;[90m# LoginSteps.userClickAvatarNavigation()&amp#27;[0m
    &amp#27;[32mAnd &amp#27;[0m&amp#27;[32mUser click menu Masuk&amp#27;[0m                                                    &amp#27;[90m# LoginSteps.userClickMenuMasuk()&amp#27;[0m
    &amp#27;[32mAnd &amp#27;[0m&amp#27;[32mUser input "&amp#27;[0m&amp#27;[32m&amp#27;[1msuciguru@alta.com&amp#27;[0m&amp#27;[32m" as email and input "&amp#27;[0m&amp#27;[32m&amp#27;[1msuciguru&amp#27;[0m&amp#27;[32m" as password&amp#27;[0m &amp#27;[90m# LoginSteps.inputCredential(String,String)&amp#27;[0m
    &amp#27;[32mAnd &amp#27;[0m&amp#27;[32mUser clicked masuk button&amp#27;[0m                                                &amp#27;[90m# LoginSteps.userClickMasukButton()&amp#27;[0m
    &amp#27;[32mAnd &amp#27;[0m&amp#27;[32mStudent click menu Beranda&amp#27;[0m                                               &amp#27;[90m# CariGuruSteps.studentClickMenuBeranda()&amp#27;[0m
    &amp#27;[32mAnd &amp#27;[0m&amp#27;[32mStudent click profile icon button&amp#27;[0m                                        &amp#27;[90m# StudentViewSessionSteps.studentClickProfileIconButton()&amp#27;[0m
]]></system-out>
  </testcase>
  <testcase name="Then Show page Riwayat in guru session" classname="Scenario: Verify &apos;Hari &amp; tanggal&apos; field is displayed in Riwayat guru session" time="0"/>
  <testcase name="And Should show Hari &amp; tanggal field in teacher page" classname="Scenario: Verify &apos;Hari &amp; tanggal&apos; field is displayed in Riwayat guru session" time="0.006">
    <error message="✽.And Should show Hari &amp; tanggal field in teacher page(features/TeacherViewSession.feature:38) matches more than one step definition:&#10;  Should show Hari &amp; tanggal field in StudentViewSessionSteps.shouldShowHariTanggalField()&#10;  Should show Hari &amp; tanggal field in teacher page in TeacherViewSessionSteps.shouldShowHariTanggalFieldInTeacherPage()&#10;" type="cucumber.runtime.AmbiguousStepDefinitionsException"><![CDATA[cucumber.runtime.AmbiguousStepDefinitionsException: 
✽.And Should show Hari & tanggal field in teacher page(features/TeacherViewSession.feature:38) matches more than one step definition:
  Should show Hari & tanggal field in StudentViewSessionSteps.shouldShowHariTanggalField()
  Should show Hari & tanggal field in teacher page in TeacherViewSessionSteps.shouldShowHariTanggalFieldInTeacherPage()

]]></error>
  </testcase>
  <testcase name="" classname="Scenario: Verify &apos;Hari &amp; tanggal&apos; field is displayed in Riwayat guru session" time="0.007">
    <error message="✽.And Should show Hari &amp; tanggal field in teacher page(features/TeacherViewSession.feature:38) matches more than one step definition:&#10;  Should show Hari &amp; tanggal field in StudentViewSessionSteps.shouldShowHariTanggalField()&#10;  Should show Hari &amp; tanggal field in teacher page in TeacherViewSessionSteps.shouldShowHariTanggalFieldInTeacherPage()&#10;" type="cucumber.runtime.AmbiguousStepDefinitionsException"><![CDATA[cucumber.runtime.AmbiguousStepDefinitionsException: 
✽.And Should show Hari & tanggal field in teacher page(features/TeacherViewSession.feature:38) matches more than one step definition:
  Should show Hari & tanggal field in StudentViewSessionSteps.shouldShowHariTanggalField()
  Should show Hari & tanggal field in teacher page in TeacherViewSessionSteps.shouldShowHariTanggalFieldInTeacherPage()

]]></error>
  </testcase>
  <testcase name="When User click avatar navigation" classname="Scenario: Verify &apos;Status&apos; field is displayed in Riwayat guru session" time="0">
    <system-out><![CDATA[
  @ScenarioViewTeacher
  Scenario: Verify 'Hari & tanggal' field is displayed in Riwayat guru session &amp#27;[90m# features/TeacherViewSession.feature:35&amp#27;[0m
    &amp#27;[32mWhen &amp#27;[0m&amp#27;[32mTeacher click Cek Jadwal button on profile page&amp#27;[0m                       &amp#27;[90m# TeacherViewSessionSteps.teacherClickCekJadwal()&amp#27;[0m
    &amp#27;[32mThen &amp#27;[0m&amp#27;[32mShow page Riwayat in guru session&amp#27;[0m                                     &amp#27;[90m# TeacherViewSessionSteps.showPageRiwayatinGuruSession()&amp#27;[0m
    &amp#27;[31mAnd &amp#27;[0m&amp#27;[31mShould show Hari & tanggal field in teacher page&amp#27;[0m                       &amp#27;[90m# StudentViewSessionSteps.shouldShowHariTanggalField()&amp#27;[0m
      &amp#27;[31mcucumber.runtime.AmbiguousStepDefinitionsException: ✽.And Should show Hari & tanggal field in teacher page(features/TeacherViewSession.feature:38) matches more than one step definition:
        Should show Hari & tanggal field in StudentViewSessionSteps.shouldShowHariTanggalField()
        Should show Hari & tanggal field in teacher page in TeacherViewSessionSteps.shouldShowHariTanggalFieldInTeacherPage()
      
      	at cucumber.runtime.RuntimeGlue.stepDefinitionMatch(RuntimeGlue.java:71)
      	at cucumber.runtime.Runtime.runStep(Runtime.java:267)
      	at cucumber.runtime.model.StepContainer.runStep(StepContainer.java:44)
      	at cucumber.runtime.model.StepContainer.runSteps(StepContainer.java:39)
      	at cucumber.runtime.model.CucumberScenario.run(CucumberScenario.java:44)
      	at cucumber.runtime.junit.ExecutionUnitRunner.run(ExecutionUnitRunner.java:102)
      	at cucumber.runtime.junit.FeatureRunner.runChild(FeatureRunner.java:63)
      	at cucumber.runtime.junit.FeatureRunner.runChild(FeatureRunner.java:18)
      	at org.junit.runners.ParentRunner$3.run(ParentRunner.java:238)
      	at org.junit.runners.ParentRunner$1.schedule(ParentRunner.java:63)
      	at org.junit.runners.ParentRunner.runChildren(ParentRunner.java:236)
      	at org.junit.runners.ParentRunner.access$000(ParentRunner.java:53)
      	at org.junit.runners.ParentRunner$2.evaluate(ParentRunner.java:229)
      	at org.junit.runners.ParentRunner.run(ParentRunner.java:309)
      	at cucumber.runtime.junit.FeatureRunner.run(FeatureRunner.java:70)
      	at cucumber.api.junit.Cucumber.runChild(Cucumber.java:95)
      	at cucumber.api.junit.Cucumber.runChild(Cucumber.java:38)
      	at org.junit.runners.ParentRunner$3.run(ParentRunner.java:238)
      	at org.junit.runners.ParentRunner$1.schedule(ParentRunner.java:63)
      	at org.junit.runners.ParentRunner.runChildren(ParentRunner.java:236)
      	at org.junit.runners.ParentRunner.access$000(ParentRunner.java:53)
      	at org.junit.runners.ParentRunner$2.evaluate(ParentRunner.java:229)
      	at org.junit.runners.ParentRunner.run(ParentRunner.java:309)
      	at cucumber.api.junit.Cucumber.run(Cucumber.java:100)
      	at org.apache.maven.surefire.junit4.JUnit4Provider.execute(JUnit4Provider.java:364)
      	at org.apache.maven.surefire.junit4.JUnit4Provider.executeWithRerun(JUnit4Provider.java:272)
      	at org.apache.maven.surefire.junit4.JUnit4Provider.executeTestSet(JUnit4Provider.java:237)
      	at org.apache.maven.surefire.junit4.JUnit4Provider.invoke(JUnit4Provider.java:158)
      	at org.apache.maven.surefire.booter.ForkedBooter.runSuitesInProcess(ForkedBooter.java:428)
      	at org.apache.maven.surefire.booter.ForkedBooter.execute(ForkedBooter.java:162)
      	at org.apache.maven.surefire.booter.ForkedBooter.run(ForkedBooter.java:562)
      	at org.apache.maven.surefire.booter.ForkedBooter.main(ForkedBooter.java:548)
      &amp#27;[0m
]]></system-out>
    <system-err><![CDATA[Starting ChromeDriver 110.0.5481.77 (65ed616c6e8ee3fe0ad64fe83796c020644d42af-refs/branch-heads/5481@{#839}) on port 57050
Only local connections are allowed.
Please see https://chromedriver.chromium.org/security-considerations for suggestions on keeping ChromeDriver safe.
ChromeDriver was started successfully.
[1676552297.826][WARNING]: virtual void DevToolsClientImpl::AddListener(DevToolsEventListener *) subscribing a listener to the already connected DevToolsClient. Connection notification will not arrive.
Feb 16, 2023 7:58:18 PM org.openqa.selenium.remote.ProtocolHandshake createSession
INFO: Detected dialect: W3C
Feb 16, 2023 7:58:18 PM org.openqa.selenium.devtools.CdpVersionFinder findNearestMatch
WARNING: Unable to find an exact match for CDP version 110, so returning the closest version found: a no-op implementation
Feb 16, 2023 7:58:18 PM org.openqa.selenium.devtools.CdpVersionFinder findNearestMatch
INFO: Unable to find CDP implementation matching 110.
Feb 16, 2023 7:58:18 PM org.openqa.selenium.chromium.ChromiumDriver lambda$new$3
WARNING: Unable to find version of CDP to use for . You may need to include a dependency on a specific version of the CDP using something similar to `org.seleniumhq.selenium:selenium-devtools-v86:4.1.2` where the version ("v86") matches the version of the chromium-based browser you're using and the version number of the artifact is the same as Selenium's.
]]></system-err>
  </testcase>
  <testcase name="And User click menu Masuk" classname="Scenario: Verify &apos;Status&apos; field is displayed in Riwayat guru session" time="0.001"/>
  <testcase name="And User input &quot;suciguru@alta.com&quot; as email and input &quot;suciguru&quot; as password" classname="Scenario: Verify &apos;Status&apos; field is displayed in Riwayat guru session" time="0"/>
  <testcase name="And User clicked masuk button" classname="Scenario: Verify &apos;Status&apos; field is displayed in Riwayat guru session" time="0"/>
  <testcase name="And Student click menu Beranda" classname="Scenario: Verify &apos;Status&apos; field is displayed in Riwayat guru session" time="0"/>
  <testcase name="And Student click profile icon button" classname="Scenario: Verify &apos;Status&apos; field is displayed in Riwayat guru session" time="0"/>
  <testcase name="When Teacher click Cek Jadwal button on profile page" classname="Scenario: Verify &apos;Status&apos; field is displayed in Riwayat guru session" time="0">
    <system-out><![CDATA[
  Background:                                                                    &amp#27;[90m# features/TeacherViewSession.feature:4&amp#27;[0m
    &amp#27;[32mWhen &amp#27;[0m&amp#27;[32mUser click avatar navigation&amp#27;[0m                                            &amp#27;[90m# LoginSteps.userClickAvatarNavigation()&amp#27;[0m
    &amp#27;[32mAnd &amp#27;[0m&amp#27;[32mUser click menu Masuk&amp#27;[0m                                                    &amp#27;[90m# LoginSteps.userClickMenuMasuk()&amp#27;[0m
    &amp#27;[32mAnd &amp#27;[0m&amp#27;[32mUser input "&amp#27;[0m&amp#27;[32m&amp#27;[1msuciguru@alta.com&amp#27;[0m&amp#27;[32m" as email and input "&amp#27;[0m&amp#27;[32m&amp#27;[1msuciguru&amp#27;[0m&amp#27;[32m" as password&amp#27;[0m &amp#27;[90m# LoginSteps.inputCredential(String,String)&amp#27;[0m
    &amp#27;[32mAnd &amp#27;[0m&amp#27;[32mUser clicked masuk button&amp#27;[0m                                                &amp#27;[90m# LoginSteps.userClickMasukButton()&amp#27;[0m
    &amp#27;[32mAnd &amp#27;[0m&amp#27;[32mStudent click menu Beranda&amp#27;[0m                                               &amp#27;[90m# CariGuruSteps.studentClickMenuBeranda()&amp#27;[0m
    &amp#27;[32mAnd &amp#27;[0m&amp#27;[32mStudent click profile icon button&amp#27;[0m                                        &amp#27;[90m# StudentViewSessionSteps.studentClickProfileIconButton()&amp#27;[0m
]]></system-out>
  </testcase>
  <testcase name="Then Show page Riwayat in guru session" classname="Scenario: Verify &apos;Status&apos; field is displayed in Riwayat guru session" time="0"/>
  <testcase name="And Should show status field in teacher page" classname="Scenario: Verify &apos;Status&apos; field is displayed in Riwayat guru session" time="0.004">
    <error message="✽.And Should show status field in teacher page(features/TeacherViewSession.feature:44) matches more than one step definition:&#10;  Should show status field in StudentViewSessionSteps.shouldShowStatusField()&#10;  Should show status field in teacher page in TeacherViewSessionSteps.shouldShowStatusFieldInTeacherPage()&#10;" type="cucumber.runtime.AmbiguousStepDefinitionsException"><![CDATA[cucumber.runtime.AmbiguousStepDefinitionsException: 
✽.And Should show status field in teacher page(features/TeacherViewSession.feature:44) matches more than one step definition:
  Should show status field in StudentViewSessionSteps.shouldShowStatusField()
  Should show status field in teacher page in TeacherViewSessionSteps.shouldShowStatusFieldInTeacherPage()

]]></error>
  </testcase>
  <testcase name="" classname="Scenario: Verify &apos;Status&apos; field is displayed in Riwayat guru session" time="0.005">
    <error message="✽.And Should show status field in teacher page(features/TeacherViewSession.feature:44) matches more than one step definition:&#10;  Should show status field in StudentViewSessionSteps.shouldShowStatusField()&#10;  Should show status field in teacher page in TeacherViewSessionSteps.shouldShowStatusFieldInTeacherPage()&#10;" type="cucumber.runtime.AmbiguousStepDefinitionsException"><![CDATA[cucumber.runtime.AmbiguousStepDefinitionsException: 
✽.And Should show status field in teacher page(features/TeacherViewSession.feature:44) matches more than one step definition:
  Should show status field in StudentViewSessionSteps.shouldShowStatusField()
  Should show status field in teacher page in TeacherViewSessionSteps.shouldShowStatusFieldInTeacherPage()

]]></error>
  </testcase>
  <testcase name="When User click avatar navigation" classname="Scenario: Verify &apos;Link google meet&apos; field is displayed in Riwayat guru session" time="0">
    <system-out><![CDATA[
  @ScenarioViewTeacher
  Scenario: Verify 'Status' field is displayed in Riwayat guru session &amp#27;[90m# features/TeacherViewSession.feature:41&amp#27;[0m
    &amp#27;[32mWhen &amp#27;[0m&amp#27;[32mTeacher click Cek Jadwal button on profile page&amp#27;[0m               &amp#27;[90m# TeacherViewSessionSteps.teacherClickCekJadwal()&amp#27;[0m
    &amp#27;[32mThen &amp#27;[0m&amp#27;[32mShow page Riwayat in guru session&amp#27;[0m                             &amp#27;[90m# TeacherViewSessionSteps.showPageRiwayatinGuruSession()&amp#27;[0m
    &amp#27;[31mAnd &amp#27;[0m&amp#27;[31mShould show status field in teacher page&amp#27;[0m                       &amp#27;[90m# StudentViewSessionSteps.shouldShowStatusField()&amp#27;[0m
      &amp#27;[31mcucumber.runtime.AmbiguousStepDefinitionsException: ✽.And Should show status field in teacher page(features/TeacherViewSession.feature:44) matches more than one step definition:
        Should show status field in StudentViewSessionSteps.shouldShowStatusField()
        Should show status field in teacher page in TeacherViewSessionSteps.shouldShowStatusFieldInTeacherPage()
      
      	at cucumber.runtime.RuntimeGlue.stepDefinitionMatch(RuntimeGlue.java:71)
      	at cucumber.runtime.Runtime.runStep(Runtime.java:267)
      	at cucumber.runtime.model.StepContainer.runStep(StepContainer.java:44)
      	at cucumber.runtime.model.StepContainer.runSteps(StepContainer.java:39)
      	at cucumber.runtime.model.CucumberScenario.run(CucumberScenario.java:44)
      	at cucumber.runtime.junit.ExecutionUnitRunner.run(ExecutionUnitRunner.java:102)
      	at cucumber.runtime.junit.FeatureRunner.runChild(FeatureRunner.java:63)
      	at cucumber.runtime.junit.FeatureRunner.runChild(FeatureRunner.java:18)
      	at org.junit.runners.ParentRunner$3.run(ParentRunner.java:238)
      	at org.junit.runners.ParentRunner$1.schedule(ParentRunner.java:63)
      	at org.junit.runners.ParentRunner.runChildren(ParentRunner.java:236)
      	at org.junit.runners.ParentRunner.access$000(ParentRunner.java:53)
      	at org.junit.runners.ParentRunner$2.evaluate(ParentRunner.java:229)
      	at org.junit.runners.ParentRunner.run(ParentRunner.java:309)
      	at cucumber.runtime.junit.FeatureRunner.run(FeatureRunner.java:70)
      	at cucumber.api.junit.Cucumber.runChild(Cucumber.java:95)
      	at cucumber.api.junit.Cucumber.runChild(Cucumber.java:38)
      	at org.junit.runners.ParentRunner$3.run(ParentRunner.java:238)
      	at org.junit.runners.ParentRunner$1.schedule(ParentRunner.java:63)
      	at org.junit.runners.ParentRunner.runChildren(ParentRunner.java:236)
      	at org.junit.runners.ParentRunner.access$000(ParentRunner.java:53)
      	at org.junit.runners.ParentRunner$2.evaluate(ParentRunner.java:229)
      	at org.junit.runners.ParentRunner.run(ParentRunner.java:309)
      	at cucumber.api.junit.Cucumber.run(Cucumber.java:100)
      	at org.apache.maven.surefire.junit4.JUnit4Provider.execute(JUnit4Provider.java:364)
      	at org.apache.maven.surefire.junit4.JUnit4Provider.executeWithRerun(JUnit4Provider.java:272)
      	at org.apache.maven.surefire.junit4.JUnit4Provider.executeTestSet(JUnit4Provider.java:237)
      	at org.apache.maven.surefire.junit4.JUnit4Provider.invoke(JUnit4Provider.java:158)
      	at org.apache.maven.surefire.booter.ForkedBooter.runSuitesInProcess(ForkedBooter.java:428)
      	at org.apache.maven.surefire.booter.ForkedBooter.execute(ForkedBooter.java:162)
      	at org.apache.maven.surefire.booter.ForkedBooter.run(ForkedBooter.java:562)
      	at org.apache.maven.surefire.booter.ForkedBooter.main(ForkedBooter.java:548)
      &amp#27;[0m
]]></system-out>
    <system-err><![CDATA[Starting ChromeDriver 110.0.5481.77 (65ed616c6e8ee3fe0ad64fe83796c020644d42af-refs/branch-heads/5481@{#839}) on port 52569
Only local connections are allowed.
Please see https://chromedriver.chromium.org/security-considerations for suggestions on keeping ChromeDriver safe.
ChromeDriver was started successfully.
[1676552335.293][WARNING]: virtual void DevToolsClientImpl::AddListener(DevToolsEventListener *) subscribing a listener to the already connected DevToolsClient. Connection notification will not arrive.
Feb 16, 2023 7:58:55 PM org.openqa.selenium.remote.ProtocolHandshake createSession
INFO: Detected dialect: W3C
Feb 16, 2023 7:58:55 PM org.openqa.selenium.devtools.CdpVersionFinder findNearestMatch
WARNING: Unable to find an exact match for CDP version 110, so returning the closest version found: a no-op implementation
Feb 16, 2023 7:58:55 PM org.openqa.selenium.devtools.CdpVersionFinder findNearestMatch
INFO: Unable to find CDP implementation matching 110.
Feb 16, 2023 7:58:55 PM org.openqa.selenium.chromium.ChromiumDriver lambda$new$3
WARNING: Unable to find version of CDP to use for . You may need to include a dependency on a specific version of the CDP using something similar to `org.seleniumhq.selenium:selenium-devtools-v86:4.1.2` where the version ("v86") matches the version of the chromium-based browser you're using and the version number of the artifact is the same as Selenium's.
]]></system-err>
  </testcase>
  <testcase name="And User click menu Masuk" classname="Scenario: Verify &apos;Link google meet&apos; field is displayed in Riwayat guru session" time="0"/>
  <testcase name="And User input &quot;suciguru@alta.com&quot; as email and input &quot;suciguru&quot; as password" classname="Scenario: Verify &apos;Link google meet&apos; field is displayed in Riwayat guru session" time="0"/>
  <testcase name="And User clicked masuk button" classname="Scenario: Verify &apos;Link google meet&apos; field is displayed in Riwayat guru session" time="0"/>
  <testcase name="And Student click menu Beranda" classname="Scenario: Verify &apos;Link google meet&apos; field is displayed in Riwayat guru session" time="0"/>
  <testcase name="And Student click profile icon button" classname="Scenario: Verify &apos;Link google meet&apos; field is displayed in Riwayat guru session" time="0"/>
  <testcase name="When Teacher click Cek Jadwal button on profile page" classname="Scenario: Verify &apos;Link google meet&apos; field is displayed in Riwayat guru session" time="0">
    <system-out><![CDATA[
  Background:                                                                    &amp#27;[90m# features/TeacherViewSession.feature:4&amp#27;[0m
    &amp#27;[32mWhen &amp#27;[0m&amp#27;[32mUser click avatar navigation&amp#27;[0m                                            &amp#27;[90m# LoginSteps.userClickAvatarNavigation()&amp#27;[0m
    &amp#27;[32mAnd &amp#27;[0m&amp#27;[32mUser click menu Masuk&amp#27;[0m                                                    &amp#27;[90m# LoginSteps.userClickMenuMasuk()&amp#27;[0m
    &amp#27;[32mAnd &amp#27;[0m&amp#27;[32mUser input "&amp#27;[0m&amp#27;[32m&amp#27;[1msuciguru@alta.com&amp#27;[0m&amp#27;[32m" as email and input "&amp#27;[0m&amp#27;[32m&amp#27;[1msuciguru&amp#27;[0m&amp#27;[32m" as password&amp#27;[0m &amp#27;[90m# LoginSteps.inputCredential(String,String)&amp#27;[0m
    &amp#27;[32mAnd &amp#27;[0m&amp#27;[32mUser clicked masuk button&amp#27;[0m                                                &amp#27;[90m# LoginSteps.userClickMasukButton()&amp#27;[0m
    &amp#27;[32mAnd &amp#27;[0m&amp#27;[32mStudent click menu Beranda&amp#27;[0m                                               &amp#27;[90m# CariGuruSteps.studentClickMenuBeranda()&amp#27;[0m
    &amp#27;[32mAnd &amp#27;[0m&amp#27;[32mStudent click profile icon button&amp#27;[0m                                        &amp#27;[90m# StudentViewSessionSteps.studentClickProfileIconButton()&amp#27;[0m
]]></system-out>
  </testcase>
  <testcase name="Then Show page Riwayat in guru session" classname="Scenario: Verify &apos;Link google meet&apos; field is displayed in Riwayat guru session" time="0"/>
  <testcase name="And Should show Link google meet field in teacher page" classname="Scenario: Verify &apos;Link google meet&apos; field is displayed in Riwayat guru session" time="0.005">
    <error message="✽.And Should show Link google meet field in teacher page(features/TeacherViewSession.feature:50) matches more than one step definition:&#10;  Should show Link google meet field in StudentViewSessionSteps.shouldShowLinkGoogleMeetField()&#10;  Should show Link google meet field in teacher page in TeacherViewSessionSteps.shouldShowLinkGoogleMeetFieldInTeacherPage()&#10;" type="cucumber.runtime.AmbiguousStepDefinitionsException"><![CDATA[cucumber.runtime.AmbiguousStepDefinitionsException: 
✽.And Should show Link google meet field in teacher page(features/TeacherViewSession.feature:50) matches more than one step definition:
  Should show Link google meet field in StudentViewSessionSteps.shouldShowLinkGoogleMeetField()
  Should show Link google meet field in teacher page in TeacherViewSessionSteps.shouldShowLinkGoogleMeetFieldInTeacherPage()

]]></error>
  </testcase>
  <testcase name="" classname="Scenario: Verify &apos;Link google meet&apos; field is displayed in Riwayat guru session" time="0.007">
    <error message="✽.And Should show Link google meet field in teacher page(features/TeacherViewSession.feature:50) matches more than one step definition:&#10;  Should show Link google meet field in StudentViewSessionSteps.shouldShowLinkGoogleMeetField()&#10;  Should show Link google meet field in teacher page in TeacherViewSessionSteps.shouldShowLinkGoogleMeetFieldInTeacherPage()&#10;" type="cucumber.runtime.AmbiguousStepDefinitionsException"><![CDATA[cucumber.runtime.AmbiguousStepDefinitionsException: 
✽.And Should show Link google meet field in teacher page(features/TeacherViewSession.feature:50) matches more than one step definition:
  Should show Link google meet field in StudentViewSessionSteps.shouldShowLinkGoogleMeetField()
  Should show Link google meet field in teacher page in TeacherViewSessionSteps.shouldShowLinkGoogleMeetFieldInTeacherPage()

]]></error>
  </testcase>
  <testcase name="When User click avatar navigation" classname="Scenario: Verify &apos;Link google meet&apos; field can be clicked in Riwayat guru session" time="0">
    <system-out><![CDATA[
  @ScenarioViewTeacher
  Scenario: Verify 'Link google meet' field is displayed in Riwayat guru session &amp#27;[90m# features/TeacherViewSession.feature:47&amp#27;[0m
    &amp#27;[32mWhen &amp#27;[0m&amp#27;[32mTeacher click Cek Jadwal button on profile page&amp#27;[0m                         &amp#27;[90m# TeacherViewSessionSteps.teacherClickCekJadwal()&amp#27;[0m
    &amp#27;[32mThen &amp#27;[0m&amp#27;[32mShow page Riwayat in guru session&amp#27;[0m                                       &amp#27;[90m# TeacherViewSessionSteps.showPageRiwayatinGuruSession()&amp#27;[0m
    &amp#27;[31mAnd &amp#27;[0m&amp#27;[31mShould show Link google meet field in teacher page&amp#27;[0m                       &amp#27;[90m# StudentViewSessionSteps.shouldShowLinkGoogleMeetField()&amp#27;[0m
      &amp#27;[31mcucumber.runtime.AmbiguousStepDefinitionsException: ✽.And Should show Link google meet field in teacher page(features/TeacherViewSession.feature:50) matches more than one step definition:
        Should show Link google meet field in StudentViewSessionSteps.shouldShowLinkGoogleMeetField()
        Should show Link google meet field in teacher page in TeacherViewSessionSteps.shouldShowLinkGoogleMeetFieldInTeacherPage()
      
      	at cucumber.runtime.RuntimeGlue.stepDefinitionMatch(RuntimeGlue.java:71)
      	at cucumber.runtime.Runtime.runStep(Runtime.java:267)
      	at cucumber.runtime.model.StepContainer.runStep(StepContainer.java:44)
      	at cucumber.runtime.model.StepContainer.runSteps(StepContainer.java:39)
      	at cucumber.runtime.model.CucumberScenario.run(CucumberScenario.java:44)
      	at cucumber.runtime.junit.ExecutionUnitRunner.run(ExecutionUnitRunner.java:102)
      	at cucumber.runtime.junit.FeatureRunner.runChild(FeatureRunner.java:63)
      	at cucumber.runtime.junit.FeatureRunner.runChild(FeatureRunner.java:18)
      	at org.junit.runners.ParentRunner$3.run(ParentRunner.java:238)
      	at org.junit.runners.ParentRunner$1.schedule(ParentRunner.java:63)
      	at org.junit.runners.ParentRunner.runChildren(ParentRunner.java:236)
      	at org.junit.runners.ParentRunner.access$000(ParentRunner.java:53)
      	at org.junit.runners.ParentRunner$2.evaluate(ParentRunner.java:229)
      	at org.junit.runners.ParentRunner.run(ParentRunner.java:309)
      	at cucumber.runtime.junit.FeatureRunner.run(FeatureRunner.java:70)
      	at cucumber.api.junit.Cucumber.runChild(Cucumber.java:95)
      	at cucumber.api.junit.Cucumber.runChild(Cucumber.java:38)
      	at org.junit.runners.ParentRunner$3.run(ParentRunner.java:238)
      	at org.junit.runners.ParentRunner$1.schedule(ParentRunner.java:63)
      	at org.junit.runners.ParentRunner.runChildren(ParentRunner.java:236)
      	at org.junit.runners.ParentRunner.access$000(ParentRunner.java:53)
      	at org.junit.runners.ParentRunner$2.evaluate(ParentRunner.java:229)
      	at org.junit.runners.ParentRunner.run(ParentRunner.java:309)
      	at cucumber.api.junit.Cucumber.run(Cucumber.java:100)
      	at org.apache.maven.surefire.junit4.JUnit4Provider.execute(JUnit4Provider.java:364)
      	at org.apache.maven.surefire.junit4.JUnit4Provider.executeWithRerun(JUnit4Provider.java:272)
      	at org.apache.maven.surefire.junit4.JUnit4Provider.executeTestSet(JUnit4Provider.java:237)
      	at org.apache.maven.surefire.junit4.JUnit4Provider.invoke(JUnit4Provider.java:158)
      	at org.apache.maven.surefire.booter.ForkedBooter.runSuitesInProcess(ForkedBooter.java:428)
      	at org.apache.maven.surefire.booter.ForkedBooter.execute(ForkedBooter.java:162)
      	at org.apache.maven.surefire.booter.ForkedBooter.run(ForkedBooter.java:562)
      	at org.apache.maven.surefire.booter.ForkedBooter.main(ForkedBooter.java:548)
      &amp#27;[0m
]]></system-out>
    <system-err><![CDATA[Starting ChromeDriver 110.0.5481.77 (65ed616c6e8ee3fe0ad64fe83796c020644d42af-refs/branch-heads/5481@{#839}) on port 61665
Only local connections are allowed.
Please see https://chromedriver.chromium.org/security-considerations for suggestions on keeping ChromeDriver safe.
ChromeDriver was started successfully.
[1676552377.252][WARNING]: virtual void DevToolsClientImpl::AddListener(DevToolsEventListener *) subscribing a listener to the already connected DevToolsClient. Connection notification will not arrive.
Feb 16, 2023 7:59:37 PM org.openqa.selenium.remote.ProtocolHandshake createSession
INFO: Detected dialect: W3C
Feb 16, 2023 7:59:37 PM org.openqa.selenium.devtools.CdpVersionFinder findNearestMatch
WARNING: Unable to find an exact match for CDP version 110, so returning the closest version found: a no-op implementation
Feb 16, 2023 7:59:37 PM org.openqa.selenium.devtools.CdpVersionFinder findNearestMatch
INFO: Unable to find CDP implementation matching 110.
Feb 16, 2023 7:59:37 PM org.openqa.selenium.chromium.ChromiumDriver lambda$new$3
WARNING: Unable to find version of CDP to use for . You may need to include a dependency on a specific version of the CDP using something similar to `org.seleniumhq.selenium:selenium-devtools-v86:4.1.2` where the version ("v86") matches the version of the chromium-based browser you're using and the version number of the artifact is the same as Selenium's.
]]></system-err>
  </testcase>
  <testcase name="And User click menu Masuk" classname="Scenario: Verify &apos;Link google meet&apos; field can be clicked in Riwayat guru session" time="0"/>
  <testcase name="And User input &quot;suciguru@alta.com&quot; as email and input &quot;suciguru&quot; as password" classname="Scenario: Verify &apos;Link google meet&apos; field can be clicked in Riwayat guru session" time="0"/>
  <testcase name="And User clicked masuk button" classname="Scenario: Verify &apos;Link google meet&apos; field can be clicked in Riwayat guru session" time="0"/>
  <testcase name="And Student click menu Beranda" classname="Scenario: Verify &apos;Link google meet&apos; field can be clicked in Riwayat guru session" time="0"/>
  <testcase name="And Student click profile icon button" classname="Scenario: Verify &apos;Link google meet&apos; field can be clicked in Riwayat guru session" time="0"/>
  <testcase name="When Teacher click Cek Jadwal button on profile page" classname="Scenario: Verify &apos;Link google meet&apos; field can be clicked in Riwayat guru session" time="0">
    <system-out><![CDATA[
  Background:                                                                    &amp#27;[90m# features/TeacherViewSession.feature:4&amp#27;[0m
    &amp#27;[32mWhen &amp#27;[0m&amp#27;[32mUser click avatar navigation&amp#27;[0m                                            &amp#27;[90m# LoginSteps.userClickAvatarNavigation()&amp#27;[0m
    &amp#27;[32mAnd &amp#27;[0m&amp#27;[32mUser click menu Masuk&amp#27;[0m                                                    &amp#27;[90m# LoginSteps.userClickMenuMasuk()&amp#27;[0m
    &amp#27;[32mAnd &amp#27;[0m&amp#27;[32mUser input "&amp#27;[0m&amp#27;[32m&amp#27;[1msuciguru@alta.com&amp#27;[0m&amp#27;[32m" as email and input "&amp#27;[0m&amp#27;[32m&amp#27;[1msuciguru&amp#27;[0m&amp#27;[32m" as password&amp#27;[0m &amp#27;[90m# LoginSteps.inputCredential(String,String)&amp#27;[0m
    &amp#27;[32mAnd &amp#27;[0m&amp#27;[32mUser clicked masuk button&amp#27;[0m                                                &amp#27;[90m# LoginSteps.userClickMasukButton()&amp#27;[0m
    &amp#27;[32mAnd &amp#27;[0m&amp#27;[32mStudent click menu Beranda&amp#27;[0m                                               &amp#27;[90m# CariGuruSteps.studentClickMenuBeranda()&amp#27;[0m
    &amp#27;[32mAnd &amp#27;[0m&amp#27;[32mStudent click profile icon button&amp#27;[0m                                        &amp#27;[90m# StudentViewSessionSteps.studentClickProfileIconButton()&amp#27;[0m
]]></system-out>
  </testcase>
  <testcase name="Then Show page Riwayat in guru session" classname="Scenario: Verify &apos;Link google meet&apos; field can be clicked in Riwayat guru session" time="0"/>
  <testcase name="And Teacher click google meet link" classname="Scenario: Verify &apos;Link google meet&apos; field can be clicked in Riwayat guru session" time="0"/>
  <testcase name="" classname="Scenario: Verify &apos;Link google meet&apos; field can be clicked in Riwayat guru session" time="0.143"/>
  <testcase name="When User click avatar navigation" classname="Scenario: Verify &apos;Sedang Berlangsung&apos; in teacher page can be click" time="0">
    <system-out><![CDATA[
  @ScenarioViewTeacher
  Scenario: Verify 'Link google meet' field can be clicked in Riwayat guru session &amp#27;[90m# features/TeacherViewSession.feature:53&amp#27;[0m
    &amp#27;[32mWhen &amp#27;[0m&amp#27;[32mTeacher click Cek Jadwal button on profile page&amp#27;[0m                           &amp#27;[90m# TeacherViewSessionSteps.teacherClickCekJadwal()&amp#27;[0m
    &amp#27;[32mThen &amp#27;[0m&amp#27;[32mShow page Riwayat in guru session&amp#27;[0m                                         &amp#27;[90m# TeacherViewSessionSteps.showPageRiwayatinGuruSession()&amp#27;[0m
    &amp#27;[32mAnd &amp#27;[0m&amp#27;[32mTeacher click google meet link&amp#27;[0m                                             &amp#27;[90m# TeacherViewSessionSteps.teacherClickGoogleMeetLink()&amp#27;[0m
]]></system-out>
    <system-err><![CDATA[Starting ChromeDriver 110.0.5481.77 (65ed616c6e8ee3fe0ad64fe83796c020644d42af-refs/branch-heads/5481@{#839}) on port 57036
Only local connections are allowed.
Please see https://chromedriver.chromium.org/security-considerations for suggestions on keeping ChromeDriver safe.
ChromeDriver was started successfully.
[1676552413.998][WARNING]: virtual void DevToolsClientImpl::AddListener(DevToolsEventListener *) subscribing a listener to the already connected DevToolsClient. Connection notification will not arrive.
Feb 16, 2023 8:00:14 PM org.openqa.selenium.remote.ProtocolHandshake createSession
INFO: Detected dialect: W3C
Feb 16, 2023 8:00:14 PM org.openqa.selenium.devtools.CdpVersionFinder findNearestMatch
WARNING: Unable to find an exact match for CDP version 110, so returning the closest version found: a no-op implementation
Feb 16, 2023 8:00:14 PM org.openqa.selenium.devtools.CdpVersionFinder findNearestMatch
INFO: Unable to find CDP implementation matching 110.
Feb 16, 2023 8:00:14 PM org.openqa.selenium.chromium.ChromiumDriver lambda$new$3
WARNING: Unable to find version of CDP to use for . You may need to include a dependency on a specific version of the CDP using something similar to `org.seleniumhq.selenium:selenium-devtools-v86:4.1.2` where the version ("v86") matches the version of the chromium-based browser you're using and the version number of the artifact is the same as Selenium's.
]]></system-err>
  </testcase>
  <testcase name="And User click menu Masuk" classname="Scenario: Verify &apos;Sedang Berlangsung&apos; in teacher page can be click" time="0"/>
  <testcase name="And User input &quot;suciguru@alta.com&quot; as email and input &quot;suciguru&quot; as password" classname="Scenario: Verify &apos;Sedang Berlangsung&apos; in teacher page can be click" time="0"/>
  <testcase name="And User clicked masuk button" classname="Scenario: Verify &apos;Sedang Berlangsung&apos; in teacher page can be click" time="0"/>
  <testcase name="And Student click menu Beranda" classname="Scenario: Verify &apos;Sedang Berlangsung&apos; in teacher page can be click" time="0"/>
  <testcase name="And Student click profile icon button" classname="Scenario: Verify &apos;Sedang Berlangsung&apos; in teacher page can be click" time="0.001"/>
  <testcase name="When Teacher click Cek Jadwal button on profile page" classname="Scenario: Verify &apos;Sedang Berlangsung&apos; in teacher page can be click" time="0">
    <system-out><![CDATA[
  Background:                                                                    &amp#27;[90m# features/TeacherViewSession.feature:4&amp#27;[0m
    &amp#27;[32mWhen &amp#27;[0m&amp#27;[32mUser click avatar navigation&amp#27;[0m                                            &amp#27;[90m# LoginSteps.userClickAvatarNavigation()&amp#27;[0m
    &amp#27;[32mAnd &amp#27;[0m&amp#27;[32mUser click menu Masuk&amp#27;[0m                                                    &amp#27;[90m# LoginSteps.userClickMenuMasuk()&amp#27;[0m
    &amp#27;[32mAnd &amp#27;[0m&amp#27;[32mUser input "&amp#27;[0m&amp#27;[32m&amp#27;[1msuciguru@alta.com&amp#27;[0m&amp#27;[32m" as email and input "&amp#27;[0m&amp#27;[32m&amp#27;[1msuciguru&amp#27;[0m&amp#27;[32m" as password&amp#27;[0m &amp#27;[90m# LoginSteps.inputCredential(String,String)&amp#27;[0m
    &amp#27;[32mAnd &amp#27;[0m&amp#27;[32mUser clicked masuk button&amp#27;[0m                                                &amp#27;[90m# LoginSteps.userClickMasukButton()&amp#27;[0m
    &amp#27;[32mAnd &amp#27;[0m&amp#27;[32mStudent click menu Beranda&amp#27;[0m                                               &amp#27;[90m# CariGuruSteps.studentClickMenuBeranda()&amp#27;[0m
    &amp#27;[32mAnd &amp#27;[0m&amp#27;[32mStudent click profile icon button&amp#27;[0m                                        &amp#27;[90m# StudentViewSessionSteps.studentClickProfileIconButton()&amp#27;[0m
]]></system-out>
  </testcase>
  <testcase name="Then Teacher click Sedang Berlangsung button" classname="Scenario: Verify &apos;Sedang Berlangsung&apos; in teacher page can be click" time="0"/>
  <testcase name="And Show page Sedang Berlangsung in guru session" classname="Scenario: Verify &apos;Sedang Berlangsung&apos; in teacher page can be click" time="0"/>
  <testcase name="" classname="Scenario: Verify &apos;Sedang Berlangsung&apos; in teacher page can be click" time="0.128"/>
  <testcase name="When User click avatar navigation" classname="Scenario: Verify &apos;Sedang Berlangsung&apos; in teacher page without delay" time="0">
    <system-out><![CDATA[
  @ScenarioViewTeacher
  Scenario: Verify 'Sedang Berlangsung' in teacher page can be click &amp#27;[90m# features/TeacherViewSession.feature:59&amp#27;[0m
    &amp#27;[32mWhen &amp#27;[0m&amp#27;[32mTeacher click Cek Jadwal button on profile page&amp#27;[0m             &amp#27;[90m# TeacherViewSessionSteps.teacherClickCekJadwal()&amp#27;[0m
    &amp#27;[32mThen &amp#27;[0m&amp#27;[32mTeacher click Sedang Berlangsung button&amp#27;[0m                     &amp#27;[90m# TeacherViewSessionSteps.teacherClickSedangBerlangsungButton()&amp#27;[0m
    &amp#27;[32mAnd &amp#27;[0m&amp#27;[32mShow page Sedang Berlangsung in guru session&amp#27;[0m                 &amp#27;[90m# TeacherViewSessionSteps.showPageSedangBerlangsungInGuruSession()&amp#27;[0m
]]></system-out>
    <system-err><![CDATA[Starting ChromeDriver 110.0.5481.77 (65ed616c6e8ee3fe0ad64fe83796c020644d42af-refs/branch-heads/5481@{#839}) on port 51780
Only local connections are allowed.
Please see https://chromedriver.chromium.org/security-considerations for suggestions on keeping ChromeDriver safe.
ChromeDriver was started successfully.
[1676552456.396][WARNING]: virtual void DevToolsClientImpl::AddListener(DevToolsEventListener *) subscribing a listener to the already connected DevToolsClient. Connection notification will not arrive.
Feb 16, 2023 8:00:56 PM org.openqa.selenium.remote.ProtocolHandshake createSession
INFO: Detected dialect: W3C
Feb 16, 2023 8:00:56 PM org.openqa.selenium.devtools.CdpVersionFinder findNearestMatch
WARNING: Unable to find an exact match for CDP version 110, so returning the closest version found: a no-op implementation
Feb 16, 2023 8:00:56 PM org.openqa.selenium.devtools.CdpVersionFinder findNearestMatch
INFO: Unable to find CDP implementation matching 110.
Feb 16, 2023 8:00:56 PM org.openqa.selenium.chromium.ChromiumDriver lambda$new$3
WARNING: Unable to find version of CDP to use for . You may need to include a dependency on a specific version of the CDP using something similar to `org.seleniumhq.selenium:selenium-devtools-v86:4.1.2` where the version ("v86") matches the version of the chromium-based browser you're using and the version number of the artifact is the same as Selenium's.
]]></system-err>
  </testcase>
  <testcase name="And User click menu Masuk" classname="Scenario: Verify &apos;Sedang Berlangsung&apos; in teacher page without delay" time="0"/>
  <testcase name="And User input &quot;suciguru@alta.com&quot; as email and input &quot;suciguru&quot; as password" classname="Scenario: Verify &apos;Sedang Berlangsung&apos; in teacher page without delay" time="0"/>
  <testcase name="And User clicked masuk button" classname="Scenario: Verify &apos;Sedang Berlangsung&apos; in teacher page without delay" time="0"/>
  <testcase name="And Student click menu Beranda" classname="Scenario: Verify &apos;Sedang Berlangsung&apos; in teacher page without delay" time="0"/>
  <testcase name="And Student click profile icon button" classname="Scenario: Verify &apos;Sedang Berlangsung&apos; in teacher page without delay" time="0"/>
  <testcase name="When Teacher click Cek Jadwal button on profile page" classname="Scenario: Verify &apos;Sedang Berlangsung&apos; in teacher page without delay" time="0">
    <system-out><![CDATA[
  Background:                                                                    &amp#27;[90m# features/TeacherViewSession.feature:4&amp#27;[0m
    &amp#27;[32mWhen &amp#27;[0m&amp#27;[32mUser click avatar navigation&amp#27;[0m                                            &amp#27;[90m# LoginSteps.userClickAvatarNavigation()&amp#27;[0m
    &amp#27;[32mAnd &amp#27;[0m&amp#27;[32mUser click menu Masuk&amp#27;[0m                                                    &amp#27;[90m# LoginSteps.userClickMenuMasuk()&amp#27;[0m
    &amp#27;[32mAnd &amp#27;[0m&amp#27;[32mUser input "&amp#27;[0m&amp#27;[32m&amp#27;[1msuciguru@alta.com&amp#27;[0m&amp#27;[32m" as email and input "&amp#27;[0m&amp#27;[32m&amp#27;[1msuciguru&amp#27;[0m&amp#27;[32m" as password&amp#27;[0m &amp#27;[90m# LoginSteps.inputCredential(String,String)&amp#27;[0m
    &amp#27;[32mAnd &amp#27;[0m&amp#27;[32mUser clicked masuk button&amp#27;[0m                                                &amp#27;[90m# LoginSteps.userClickMasukButton()&amp#27;[0m
    &amp#27;[32mAnd &amp#27;[0m&amp#27;[32mStudent click menu Beranda&amp#27;[0m                                               &amp#27;[90m# CariGuruSteps.studentClickMenuBeranda()&amp#27;[0m
    &amp#27;[32mAnd &amp#27;[0m&amp#27;[32mStudent click profile icon button&amp#27;[0m                                        &amp#27;[90m# StudentViewSessionSteps.studentClickProfileIconButton()&amp#27;[0m
]]></system-out>
  </testcase>
  <testcase name="Then Teacher click Sedang Berlangsung button" classname="Scenario: Verify &apos;Sedang Berlangsung&apos; in teacher page without delay" time="0"/>
  <testcase name="And Show page Sedang Berlangsung in guru session without delay" classname="Scenario: Verify &apos;Sedang Berlangsung&apos; in teacher page without delay" time="0.008">
    <error message="✽.And Show page Sedang Berlangsung in guru session without delay(features/TeacherViewSession.feature:68) matches more than one step definition:&#10;  Show page Sedang Berlangsung in guru session in TeacherViewSessionSteps.showPageSedangBerlangsungInGuruSession()&#10;  Show page Sedang Berlangsung in guru session without delay in TeacherViewSessionSteps.showPageSedangBerlangsungInGuruSessionWithoutDelay()&#10;" type="cucumber.runtime.AmbiguousStepDefinitionsException"><![CDATA[cucumber.runtime.AmbiguousStepDefinitionsException: 
✽.And Show page Sedang Berlangsung in guru session without delay(features/TeacherViewSession.feature:68) matches more than one step definition:
  Show page Sedang Berlangsung in guru session in TeacherViewSessionSteps.showPageSedangBerlangsungInGuruSession()
  Show page Sedang Berlangsung in guru session without delay in TeacherViewSessionSteps.showPageSedangBerlangsungInGuruSessionWithoutDelay()

]]></error>
  </testcase>
  <testcase name="" classname="Scenario: Verify &apos;Sedang Berlangsung&apos; in teacher page without delay" time="0.008">
    <error message="✽.And Show page Sedang Berlangsung in guru session without delay(features/TeacherViewSession.feature:68) matches more than one step definition:&#10;  Show page Sedang Berlangsung in guru session in TeacherViewSessionSteps.showPageSedangBerlangsungInGuruSession()&#10;  Show page Sedang Berlangsung in guru session without delay in TeacherViewSessionSteps.showPageSedangBerlangsungInGuruSessionWithoutDelay()&#10;" type="cucumber.runtime.AmbiguousStepDefinitionsException"><![CDATA[cucumber.runtime.AmbiguousStepDefinitionsException: 
✽.And Show page Sedang Berlangsung in guru session without delay(features/TeacherViewSession.feature:68) matches more than one step definition:
  Show page Sedang Berlangsung in guru session in TeacherViewSessionSteps.showPageSedangBerlangsungInGuruSession()
  Show page Sedang Berlangsung in guru session without delay in TeacherViewSessionSteps.showPageSedangBerlangsungInGuruSessionWithoutDelay()

]]></error>
  </testcase>
  <testcase name="When User click avatar navigation" classname="Scenario: Verify &apos;Nama Murid&apos; field is displayed in Sedang Berlangsung guru session" time="0">
    <system-out><![CDATA[
  @ScenarioViewTeacher
  Scenario: Verify 'Sedang Berlangsung' in teacher page without delay &amp#27;[90m# features/TeacherViewSession.feature:65&amp#27;[0m
    &amp#27;[32mWhen &amp#27;[0m&amp#27;[32mTeacher click Cek Jadwal button on profile page&amp#27;[0m              &amp#27;[90m# TeacherViewSessionSteps.teacherClickCekJadwal()&amp#27;[0m
    &amp#27;[32mThen &amp#27;[0m&amp#27;[32mTeacher click Sedang Berlangsung button&amp#27;[0m                      &amp#27;[90m# TeacherViewSessionSteps.teacherClickSedangBerlangsungButton()&amp#27;[0m
    &amp#27;[31mAnd &amp#27;[0m&amp#27;[31mShow page Sedang Berlangsung in guru session without delay&amp#27;[0m    &amp#27;[90m# TeacherViewSessionSteps.showPageSedangBerlangsungInGuruSession()&amp#27;[0m
      &amp#27;[31mcucumber.runtime.AmbiguousStepDefinitionsException: ✽.And Show page Sedang Berlangsung in guru session without delay(features/TeacherViewSession.feature:68) matches more than one step definition:
        Show page Sedang Berlangsung in guru session in TeacherViewSessionSteps.showPageSedangBerlangsungInGuruSession()
        Show page Sedang Berlangsung in guru session without delay in TeacherViewSessionSteps.showPageSedangBerlangsungInGuruSessionWithoutDelay()
      
      	at cucumber.runtime.RuntimeGlue.stepDefinitionMatch(RuntimeGlue.java:71)
      	at cucumber.runtime.Runtime.runStep(Runtime.java:267)
      	at cucumber.runtime.model.StepContainer.runStep(StepContainer.java:44)
      	at cucumber.runtime.model.StepContainer.runSteps(StepContainer.java:39)
      	at cucumber.runtime.model.CucumberScenario.run(CucumberScenario.java:44)
      	at cucumber.runtime.junit.ExecutionUnitRunner.run(ExecutionUnitRunner.java:102)
      	at cucumber.runtime.junit.FeatureRunner.runChild(FeatureRunner.java:63)
      	at cucumber.runtime.junit.FeatureRunner.runChild(FeatureRunner.java:18)
      	at org.junit.runners.ParentRunner$3.run(ParentRunner.java:238)
      	at org.junit.runners.ParentRunner$1.schedule(ParentRunner.java:63)
      	at org.junit.runners.ParentRunner.runChildren(ParentRunner.java:236)
      	at org.junit.runners.ParentRunner.access$000(ParentRunner.java:53)
      	at org.junit.runners.ParentRunner$2.evaluate(ParentRunner.java:229)
      	at org.junit.runners.ParentRunner.run(ParentRunner.java:309)
      	at cucumber.runtime.junit.FeatureRunner.run(FeatureRunner.java:70)
      	at cucumber.api.junit.Cucumber.runChild(Cucumber.java:95)
      	at cucumber.api.junit.Cucumber.runChild(Cucumber.java:38)
      	at org.junit.runners.ParentRunner$3.run(ParentRunner.java:238)
      	at org.junit.runners.ParentRunner$1.schedule(ParentRunner.java:63)
      	at org.junit.runners.ParentRunner.runChildren(ParentRunner.java:236)
      	at org.junit.runners.ParentRunner.access$000(ParentRunner.java:53)
      	at org.junit.runners.ParentRunner$2.evaluate(ParentRunner.java:229)
      	at org.junit.runners.ParentRunner.run(ParentRunner.java:309)
      	at cucumber.api.junit.Cucumber.run(Cucumber.java:100)
      	at org.apache.maven.surefire.junit4.JUnit4Provider.execute(JUnit4Provider.java:364)
      	at org.apache.maven.surefire.junit4.JUnit4Provider.executeWithRerun(JUnit4Provider.java:272)
      	at org.apache.maven.surefire.junit4.JUnit4Provider.executeTestSet(JUnit4Provider.java:237)
      	at org.apache.maven.surefire.junit4.JUnit4Provider.invoke(JUnit4Provider.java:158)
      	at org.apache.maven.surefire.booter.ForkedBooter.runSuitesInProcess(ForkedBooter.java:428)
      	at org.apache.maven.surefire.booter.ForkedBooter.execute(ForkedBooter.java:162)
      	at org.apache.maven.surefire.booter.ForkedBooter.run(ForkedBooter.java:562)
      	at org.apache.maven.surefire.booter.ForkedBooter.main(ForkedBooter.java:548)
      &amp#27;[0m
]]></system-out>
    <system-err><![CDATA[Starting ChromeDriver 110.0.5481.77 (65ed616c6e8ee3fe0ad64fe83796c020644d42af-refs/branch-heads/5481@{#839}) on port 55616
Only local connections are allowed.
Please see https://chromedriver.chromium.org/security-considerations for suggestions on keeping ChromeDriver safe.
ChromeDriver was started successfully.
[1676552491.157][WARNING]: virtual void DevToolsClientImpl::AddListener(DevToolsEventListener *) subscribing a listener to the already connected DevToolsClient. Connection notification will not arrive.
Feb 16, 2023 8:01:31 PM org.openqa.selenium.remote.ProtocolHandshake createSession
INFO: Detected dialect: W3C
Feb 16, 2023 8:01:31 PM org.openqa.selenium.devtools.CdpVersionFinder findNearestMatch
WARNING: Unable to find an exact match for CDP version 110, so returning the closest version found: a no-op implementation
Feb 16, 2023 8:01:31 PM org.openqa.selenium.devtools.CdpVersionFinder findNearestMatch
INFO: Unable to find CDP implementation matching 110.
Feb 16, 2023 8:01:31 PM org.openqa.selenium.chromium.ChromiumDriver lambda$new$3
WARNING: Unable to find version of CDP to use for . You may need to include a dependency on a specific version of the CDP using something similar to `org.seleniumhq.selenium:selenium-devtools-v86:4.1.2` where the version ("v86") matches the version of the chromium-based browser you're using and the version number of the artifact is the same as Selenium's.
]]></system-err>
  </testcase>
  <testcase name="And User click menu Masuk" classname="Scenario: Verify &apos;Nama Murid&apos; field is displayed in Sedang Berlangsung guru session" time="0"/>
  <testcase name="And User input &quot;suciguru@alta.com&quot; as email and input &quot;suciguru&quot; as password" classname="Scenario: Verify &apos;Nama Murid&apos; field is displayed in Sedang Berlangsung guru session" time="0"/>
  <testcase name="And User clicked masuk button" classname="Scenario: Verify &apos;Nama Murid&apos; field is displayed in Sedang Berlangsung guru session" time="0"/>
  <testcase name="And Student click menu Beranda" classname="Scenario: Verify &apos;Nama Murid&apos; field is displayed in Sedang Berlangsung guru session" time="0"/>
  <testcase name="And Student click profile icon button" classname="Scenario: Verify &apos;Nama Murid&apos; field is displayed in Sedang Berlangsung guru session" time="0.001"/>
  <testcase name="When Teacher click Cek Jadwal button on profile page" classname="Scenario: Verify &apos;Nama Murid&apos; field is displayed in Sedang Berlangsung guru session" time="0">
    <system-out><![CDATA[
  Background:                                                                    &amp#27;[90m# features/TeacherViewSession.feature:4&amp#27;[0m
    &amp#27;[32mWhen &amp#27;[0m&amp#27;[32mUser click avatar navigation&amp#27;[0m                                            &amp#27;[90m# LoginSteps.userClickAvatarNavigation()&amp#27;[0m
    &amp#27;[32mAnd &amp#27;[0m&amp#27;[32mUser click menu Masuk&amp#27;[0m                                                    &amp#27;[90m# LoginSteps.userClickMenuMasuk()&amp#27;[0m
    &amp#27;[32mAnd &amp#27;[0m&amp#27;[32mUser input "&amp#27;[0m&amp#27;[32m&amp#27;[1msuciguru@alta.com&amp#27;[0m&amp#27;[32m" as email and input "&amp#27;[0m&amp#27;[32m&amp#27;[1msuciguru&amp#27;[0m&amp#27;[32m" as password&amp#27;[0m &amp#27;[90m# LoginSteps.inputCredential(String,String)&amp#27;[0m
    &amp#27;[32mAnd &amp#27;[0m&amp#27;[32mUser clicked masuk button&amp#27;[0m                                                &amp#27;[90m# LoginSteps.userClickMasukButton()&amp#27;[0m
    &amp#27;[32mAnd &amp#27;[0m&amp#27;[32mStudent click menu Beranda&amp#27;[0m                                               &amp#27;[90m# CariGuruSteps.studentClickMenuBeranda()&amp#27;[0m
    &amp#27;[32mAnd &amp#27;[0m&amp#27;[32mStudent click profile icon button&amp#27;[0m                                        &amp#27;[90m# StudentViewSessionSteps.studentClickProfileIconButton()&amp#27;[0m
]]></system-out>
  </testcase>
  <testcase name="Then Teacher click Sedang Berlangsung button" classname="Scenario: Verify &apos;Nama Murid&apos; field is displayed in Sedang Berlangsung guru session" time="0"/>
  <testcase name="And Should show Nama Murid field" classname="Scenario: Verify &apos;Nama Murid&apos; field is displayed in Sedang Berlangsung guru session" time="0"/>
  <testcase name="" classname="Scenario: Verify &apos;Nama Murid&apos; field is displayed in Sedang Berlangsung guru session" time="0.121"/>
  <testcase name="When User click avatar navigation" classname="Scenario: Verify &apos;Jam&apos; field is displayed in Sedang Berlangsung guru session" time="0">
    <system-out><![CDATA[
  @ScenarioViewTeacher
  Scenario: Verify 'Nama Murid' field is displayed in Sedang Berlangsung guru session &amp#27;[90m# features/TeacherViewSession.feature:71&amp#27;[0m
    &amp#27;[32mWhen &amp#27;[0m&amp#27;[32mTeacher click Cek Jadwal button on profile page&amp#27;[0m                              &amp#27;[90m# TeacherViewSessionSteps.teacherClickCekJadwal()&amp#27;[0m
    &amp#27;[32mThen &amp#27;[0m&amp#27;[32mTeacher click Sedang Berlangsung button&amp#27;[0m                                      &amp#27;[90m# TeacherViewSessionSteps.teacherClickSedangBerlangsungButton()&amp#27;[0m
    &amp#27;[32mAnd &amp#27;[0m&amp#27;[32mShould show Nama Murid field&amp#27;[0m                                                  &amp#27;[90m# TeacherViewSessionSteps.shouldShowNamaMuridField()&amp#27;[0m
]]></system-out>
    <system-err><![CDATA[Starting ChromeDriver 110.0.5481.77 (65ed616c6e8ee3fe0ad64fe83796c020644d42af-refs/branch-heads/5481@{#839}) on port 49969
Only local connections are allowed.
Please see https://chromedriver.chromium.org/security-considerations for suggestions on keeping ChromeDriver safe.
ChromeDriver was started successfully.
[1676552525.358][WARNING]: virtual void DevToolsClientImpl::AddListener(DevToolsEventListener *) subscribing a listener to the already connected DevToolsClient. Connection notification will not arrive.
Feb 16, 2023 8:02:05 PM org.openqa.selenium.remote.ProtocolHandshake createSession
INFO: Detected dialect: W3C
Feb 16, 2023 8:02:05 PM org.openqa.selenium.devtools.CdpVersionFinder findNearestMatch
WARNING: Unable to find an exact match for CDP version 110, so returning the closest version found: a no-op implementation
Feb 16, 2023 8:02:05 PM org.openqa.selenium.devtools.CdpVersionFinder findNearestMatch
INFO: Unable to find CDP implementation matching 110.
Feb 16, 2023 8:02:05 PM org.openqa.selenium.chromium.ChromiumDriver lambda$new$3
WARNING: Unable to find version of CDP to use for . You may need to include a dependency on a specific version of the CDP using something similar to `org.seleniumhq.selenium:selenium-devtools-v86:4.1.2` where the version ("v86") matches the version of the chromium-based browser you're using and the version number of the artifact is the same as Selenium's.
]]></system-err>
  </testcase>
  <testcase name="And User click menu Masuk" classname="Scenario: Verify &apos;Jam&apos; field is displayed in Sedang Berlangsung guru session" time="0"/>
  <testcase name="And User input &quot;suciguru@alta.com&quot; as email and input &quot;suciguru&quot; as password" classname="Scenario: Verify &apos;Jam&apos; field is displayed in Sedang Berlangsung guru session" time="0"/>
  <testcase name="And User clicked masuk button" classname="Scenario: Verify &apos;Jam&apos; field is displayed in Sedang Berlangsung guru session" time="0"/>
  <testcase name="And Student click menu Beranda" classname="Scenario: Verify &apos;Jam&apos; field is displayed in Sedang Berlangsung guru session" time="0"/>
  <testcase name="And Student click profile icon button" classname="Scenario: Verify &apos;Jam&apos; field is displayed in Sedang Berlangsung guru session" time="0"/>
  <testcase name="When Teacher click Cek Jadwal button on profile page" classname="Scenario: Verify &apos;Jam&apos; field is displayed in Sedang Berlangsung guru session" time="0">
    <system-out><![CDATA[
  Background:                                                                    &amp#27;[90m# features/TeacherViewSession.feature:4&amp#27;[0m
    &amp#27;[32mWhen &amp#27;[0m&amp#27;[32mUser click avatar navigation&amp#27;[0m                                            &amp#27;[90m# LoginSteps.userClickAvatarNavigation()&amp#27;[0m
    &amp#27;[32mAnd &amp#27;[0m&amp#27;[32mUser click menu Masuk&amp#27;[0m                                                    &amp#27;[90m# LoginSteps.userClickMenuMasuk()&amp#27;[0m
    &amp#27;[32mAnd &amp#27;[0m&amp#27;[32mUser input "&amp#27;[0m&amp#27;[32m&amp#27;[1msuciguru@alta.com&amp#27;[0m&amp#27;[32m" as email and input "&amp#27;[0m&amp#27;[32m&amp#27;[1msuciguru&amp#27;[0m&amp#27;[32m" as password&amp#27;[0m &amp#27;[90m# LoginSteps.inputCredential(String,String)&amp#27;[0m
    &amp#27;[32mAnd &amp#27;[0m&amp#27;[32mUser clicked masuk button&amp#27;[0m                                                &amp#27;[90m# LoginSteps.userClickMasukButton()&amp#27;[0m
    &amp#27;[32mAnd &amp#27;[0m&amp#27;[32mStudent click menu Beranda&amp#27;[0m                                               &amp#27;[90m# CariGuruSteps.studentClickMenuBeranda()&amp#27;[0m
    &amp#27;[32mAnd &amp#27;[0m&amp#27;[32mStudent click profile icon button&amp#27;[0m                                        &amp#27;[90m# StudentViewSessionSteps.studentClickProfileIconButton()&amp#27;[0m
]]></system-out>
  </testcase>
  <testcase name="Then Teacher click Sedang Berlangsung button" classname="Scenario: Verify &apos;Jam&apos; field is displayed in Sedang Berlangsung guru session" time="0"/>
  <testcase name="And Should show jam field in teacher page" classname="Scenario: Verify &apos;Jam&apos; field is displayed in Sedang Berlangsung guru session" time="0.007">
    <error message="✽.And Should show jam field in teacher page(features/TeacherViewSession.feature:80) matches more than one step definition:&#10;  Should show jam field in StudentViewSessionSteps.shouldShowJamField()&#10;  Should show jam field in teacher page in TeacherViewSessionSteps.shouldShowJamFieldInTeacherPage()&#10;" type="cucumber.runtime.AmbiguousStepDefinitionsException"><![CDATA[cucumber.runtime.AmbiguousStepDefinitionsException: 
✽.And Should show jam field in teacher page(features/TeacherViewSession.feature:80) matches more than one step definition:
  Should show jam field in StudentViewSessionSteps.shouldShowJamField()
  Should show jam field in teacher page in TeacherViewSessionSteps.shouldShowJamFieldInTeacherPage()

]]></error>
  </testcase>
  <testcase name="" classname="Scenario: Verify &apos;Jam&apos; field is displayed in Sedang Berlangsung guru session" time="0.009">
    <error message="✽.And Should show jam field in teacher page(features/TeacherViewSession.feature:80) matches more than one step definition:&#10;  Should show jam field in StudentViewSessionSteps.shouldShowJamField()&#10;  Should show jam field in teacher page in TeacherViewSessionSteps.shouldShowJamFieldInTeacherPage()&#10;" type="cucumber.runtime.AmbiguousStepDefinitionsException"><![CDATA[cucumber.runtime.AmbiguousStepDefinitionsException: 
✽.And Should show jam field in teacher page(features/TeacherViewSession.feature:80) matches more than one step definition:
  Should show jam field in StudentViewSessionSteps.shouldShowJamField()
  Should show jam field in teacher page in TeacherViewSessionSteps.shouldShowJamFieldInTeacherPage()

]]></error>
  </testcase>
  <testcase name="When User click avatar navigation" classname="Scenario: Verify &apos;Hari &amp; tanggal&apos; field is displayed in Sedang Berlangsung guru session" time="0">
    <system-out><![CDATA[
  @ScenarioViewTeacher
  Scenario: Verify 'Jam' field is displayed in Sedang Berlangsung guru session &amp#27;[90m# features/TeacherViewSession.feature:77&amp#27;[0m
    &amp#27;[32mWhen &amp#27;[0m&amp#27;[32mTeacher click Cek Jadwal button on profile page&amp#27;[0m                       &amp#27;[90m# TeacherViewSessionSteps.teacherClickCekJadwal()&amp#27;[0m
    &amp#27;[32mThen &amp#27;[0m&amp#27;[32mTeacher click Sedang Berlangsung button&amp#27;[0m                               &amp#27;[90m# TeacherViewSessionSteps.teacherClickSedangBerlangsungButton()&amp#27;[0m
    &amp#27;[31mAnd &amp#27;[0m&amp#27;[31mShould show jam field in teacher page&amp#27;[0m                                  &amp#27;[90m# StudentViewSessionSteps.shouldShowJamField()&amp#27;[0m
      &amp#27;[31mcucumber.runtime.AmbiguousStepDefinitionsException: ✽.And Should show jam field in teacher page(features/TeacherViewSession.feature:80) matches more than one step definition:
        Should show jam field in StudentViewSessionSteps.shouldShowJamField()
        Should show jam field in teacher page in TeacherViewSessionSteps.shouldShowJamFieldInTeacherPage()
      
      	at cucumber.runtime.RuntimeGlue.stepDefinitionMatch(RuntimeGlue.java:71)
      	at cucumber.runtime.Runtime.runStep(Runtime.java:267)
      	at cucumber.runtime.model.StepContainer.runStep(StepContainer.java:44)
      	at cucumber.runtime.model.StepContainer.runSteps(StepContainer.java:39)
      	at cucumber.runtime.model.CucumberScenario.run(CucumberScenario.java:44)
      	at cucumber.runtime.junit.ExecutionUnitRunner.run(ExecutionUnitRunner.java:102)
      	at cucumber.runtime.junit.FeatureRunner.runChild(FeatureRunner.java:63)
      	at cucumber.runtime.junit.FeatureRunner.runChild(FeatureRunner.java:18)
      	at org.junit.runners.ParentRunner$3.run(ParentRunner.java:238)
      	at org.junit.runners.ParentRunner$1.schedule(ParentRunner.java:63)
      	at org.junit.runners.ParentRunner.runChildren(ParentRunner.java:236)
      	at org.junit.runners.ParentRunner.access$000(ParentRunner.java:53)
      	at org.junit.runners.ParentRunner$2.evaluate(ParentRunner.java:229)
      	at org.junit.runners.ParentRunner.run(ParentRunner.java:309)
      	at cucumber.runtime.junit.FeatureRunner.run(FeatureRunner.java:70)
      	at cucumber.api.junit.Cucumber.runChild(Cucumber.java:95)
      	at cucumber.api.junit.Cucumber.runChild(Cucumber.java:38)
      	at org.junit.runners.ParentRunner$3.run(ParentRunner.java:238)
      	at org.junit.runners.ParentRunner$1.schedule(ParentRunner.java:63)
      	at org.junit.runners.ParentRunner.runChildren(ParentRunner.java:236)
      	at org.junit.runners.ParentRunner.access$000(ParentRunner.java:53)
      	at org.junit.runners.ParentRunner$2.evaluate(ParentRunner.java:229)
      	at org.junit.runners.ParentRunner.run(ParentRunner.java:309)
      	at cucumber.api.junit.Cucumber.run(Cucumber.java:100)
      	at org.apache.maven.surefire.junit4.JUnit4Provider.execute(JUnit4Provider.java:364)
      	at org.apache.maven.surefire.junit4.JUnit4Provider.executeWithRerun(JUnit4Provider.java:272)
      	at org.apache.maven.surefire.junit4.JUnit4Provider.executeTestSet(JUnit4Provider.java:237)
      	at org.apache.maven.surefire.junit4.JUnit4Provider.invoke(JUnit4Provider.java:158)
      	at org.apache.maven.surefire.booter.ForkedBooter.runSuitesInProcess(ForkedBooter.java:428)
      	at org.apache.maven.surefire.booter.ForkedBooter.execute(ForkedBooter.java:162)
      	at org.apache.maven.surefire.booter.ForkedBooter.run(ForkedBooter.java:562)
      	at org.apache.maven.surefire.booter.ForkedBooter.main(ForkedBooter.java:548)
      &amp#27;[0m
]]></system-out>
    <system-err><![CDATA[Starting ChromeDriver 110.0.5481.77 (65ed616c6e8ee3fe0ad64fe83796c020644d42af-refs/branch-heads/5481@{#839}) on port 50286
Only local connections are allowed.
Please see https://chromedriver.chromium.org/security-considerations for suggestions on keeping ChromeDriver safe.
ChromeDriver was started successfully.
[1676552560.605][WARNING]: virtual void DevToolsClientImpl::AddListener(DevToolsEventListener *) subscribing a listener to the already connected DevToolsClient. Connection notification will not arrive.
Feb 16, 2023 8:02:40 PM org.openqa.selenium.remote.ProtocolHandshake createSession
INFO: Detected dialect: W3C
Feb 16, 2023 8:02:40 PM org.openqa.selenium.devtools.CdpVersionFinder findNearestMatch
WARNING: Unable to find an exact match for CDP version 110, so returning the closest version found: a no-op implementation
Feb 16, 2023 8:02:40 PM org.openqa.selenium.devtools.CdpVersionFinder findNearestMatch
INFO: Unable to find CDP implementation matching 110.
Feb 16, 2023 8:02:40 PM org.openqa.selenium.chromium.ChromiumDriver lambda$new$3
WARNING: Unable to find version of CDP to use for . You may need to include a dependency on a specific version of the CDP using something similar to `org.seleniumhq.selenium:selenium-devtools-v86:4.1.2` where the version ("v86") matches the version of the chromium-based browser you're using and the version number of the artifact is the same as Selenium's.
]]></system-err>
  </testcase>
  <testcase name="And User click menu Masuk" classname="Scenario: Verify &apos;Hari &amp; tanggal&apos; field is displayed in Sedang Berlangsung guru session" time="0"/>
  <testcase name="And User input &quot;suciguru@alta.com&quot; as email and input &quot;suciguru&quot; as password" classname="Scenario: Verify &apos;Hari &amp; tanggal&apos; field is displayed in Sedang Berlangsung guru session" time="0"/>
  <testcase name="And User clicked masuk button" classname="Scenario: Verify &apos;Hari &amp; tanggal&apos; field is displayed in Sedang Berlangsung guru session" time="0"/>
  <testcase name="And Student click menu Beranda" classname="Scenario: Verify &apos;Hari &amp; tanggal&apos; field is displayed in Sedang Berlangsung guru session" time="0"/>
  <testcase name="And Student click profile icon button" classname="Scenario: Verify &apos;Hari &amp; tanggal&apos; field is displayed in Sedang Berlangsung guru session" time="0"/>
  <testcase name="When Teacher click Cek Jadwal button on profile page" classname="Scenario: Verify &apos;Hari &amp; tanggal&apos; field is displayed in Sedang Berlangsung guru session" time="0">
    <system-out><![CDATA[
  Background:                                                                    &amp#27;[90m# features/TeacherViewSession.feature:4&amp#27;[0m
    &amp#27;[32mWhen &amp#27;[0m&amp#27;[32mUser click avatar navigation&amp#27;[0m                                            &amp#27;[90m# LoginSteps.userClickAvatarNavigation()&amp#27;[0m
    &amp#27;[32mAnd &amp#27;[0m&amp#27;[32mUser click menu Masuk&amp#27;[0m                                                    &amp#27;[90m# LoginSteps.userClickMenuMasuk()&amp#27;[0m
    &amp#27;[32mAnd &amp#27;[0m&amp#27;[32mUser input "&amp#27;[0m&amp#27;[32m&amp#27;[1msuciguru@alta.com&amp#27;[0m&amp#27;[32m" as email and input "&amp#27;[0m&amp#27;[32m&amp#27;[1msuciguru&amp#27;[0m&amp#27;[32m" as password&amp#27;[0m &amp#27;[90m# LoginSteps.inputCredential(String,String)&amp#27;[0m
    &amp#27;[32mAnd &amp#27;[0m&amp#27;[32mUser clicked masuk button&amp#27;[0m                                                &amp#27;[90m# LoginSteps.userClickMasukButton()&amp#27;[0m
    &amp#27;[32mAnd &amp#27;[0m&amp#27;[32mStudent click menu Beranda&amp#27;[0m                                               &amp#27;[90m# CariGuruSteps.studentClickMenuBeranda()&amp#27;[0m
    &amp#27;[32mAnd &amp#27;[0m&amp#27;[32mStudent click profile icon button&amp#27;[0m                                        &amp#27;[90m# StudentViewSessionSteps.studentClickProfileIconButton()&amp#27;[0m
]]></system-out>
  </testcase>
  <testcase name="Then Teacher click Sedang Berlangsung button" classname="Scenario: Verify &apos;Hari &amp; tanggal&apos; field is displayed in Sedang Berlangsung guru session" time="0"/>
  <testcase name="And Should show Hari &amp; tanggal field in teacher page" classname="Scenario: Verify &apos;Hari &amp; tanggal&apos; field is displayed in Sedang Berlangsung guru session" time="0.006">
    <error message="✽.And Should show Hari &amp; tanggal field in teacher page(features/TeacherViewSession.feature:86) matches more than one step definition:&#10;  Should show Hari &amp; tanggal field in StudentViewSessionSteps.shouldShowHariTanggalField()&#10;  Should show Hari &amp; tanggal field in teacher page in TeacherViewSessionSteps.shouldShowHariTanggalFieldInTeacherPage()&#10;" type="cucumber.runtime.AmbiguousStepDefinitionsException"><![CDATA[cucumber.runtime.AmbiguousStepDefinitionsException: 
✽.And Should show Hari & tanggal field in teacher page(features/TeacherViewSession.feature:86) matches more than one step definition:
  Should show Hari & tanggal field in StudentViewSessionSteps.shouldShowHariTanggalField()
  Should show Hari & tanggal field in teacher page in TeacherViewSessionSteps.shouldShowHariTanggalFieldInTeacherPage()

]]></error>
  </testcase>
  <testcase name="" classname="Scenario: Verify &apos;Hari &amp; tanggal&apos; field is displayed in Sedang Berlangsung guru session" time="0.007">
    <error message="✽.And Should show Hari &amp; tanggal field in teacher page(features/TeacherViewSession.feature:86) matches more than one step definition:&#10;  Should show Hari &amp; tanggal field in StudentViewSessionSteps.shouldShowHariTanggalField()&#10;  Should show Hari &amp; tanggal field in teacher page in TeacherViewSessionSteps.shouldShowHariTanggalFieldInTeacherPage()&#10;" type="cucumber.runtime.AmbiguousStepDefinitionsException"><![CDATA[cucumber.runtime.AmbiguousStepDefinitionsException: 
✽.And Should show Hari & tanggal field in teacher page(features/TeacherViewSession.feature:86) matches more than one step definition:
  Should show Hari & tanggal field in StudentViewSessionSteps.shouldShowHariTanggalField()
  Should show Hari & tanggal field in teacher page in TeacherViewSessionSteps.shouldShowHariTanggalFieldInTeacherPage()

]]></error>
  </testcase>
  <testcase name="When User click avatar navigation" classname="Scenario: Verify &apos;Status&apos; field is displayed in Sedang Berlangsung guru session" time="0">
    <system-out><![CDATA[
  @ScenarioViewTeacher
  Scenario: Verify 'Hari & tanggal' field is displayed in Sedang Berlangsung guru session &amp#27;[90m# features/TeacherViewSession.feature:83&amp#27;[0m
    &amp#27;[32mWhen &amp#27;[0m&amp#27;[32mTeacher click Cek Jadwal button on profile page&amp#27;[0m                                  &amp#27;[90m# TeacherViewSessionSteps.teacherClickCekJadwal()&amp#27;[0m
    &amp#27;[32mThen &amp#27;[0m&amp#27;[32mTeacher click Sedang Berlangsung button&amp#27;[0m                                          &amp#27;[90m# TeacherViewSessionSteps.teacherClickSedangBerlangsungButton()&amp#27;[0m
    &amp#27;[31mAnd &amp#27;[0m&amp#27;[31mShould show Hari & tanggal field in teacher page&amp#27;[0m                                  &amp#27;[90m# StudentViewSessionSteps.shouldShowHariTanggalField()&amp#27;[0m
      &amp#27;[31mcucumber.runtime.AmbiguousStepDefinitionsException: ✽.And Should show Hari & tanggal field in teacher page(features/TeacherViewSession.feature:86) matches more than one step definition:
        Should show Hari & tanggal field in StudentViewSessionSteps.shouldShowHariTanggalField()
        Should show Hari & tanggal field in teacher page in TeacherViewSessionSteps.shouldShowHariTanggalFieldInTeacherPage()
      
      	at cucumber.runtime.RuntimeGlue.stepDefinitionMatch(RuntimeGlue.java:71)
      	at cucumber.runtime.Runtime.runStep(Runtime.java:267)
      	at cucumber.runtime.model.StepContainer.runStep(StepContainer.java:44)
      	at cucumber.runtime.model.StepContainer.runSteps(StepContainer.java:39)
      	at cucumber.runtime.model.CucumberScenario.run(CucumberScenario.java:44)
      	at cucumber.runtime.junit.ExecutionUnitRunner.run(ExecutionUnitRunner.java:102)
      	at cucumber.runtime.junit.FeatureRunner.runChild(FeatureRunner.java:63)
      	at cucumber.runtime.junit.FeatureRunner.runChild(FeatureRunner.java:18)
      	at org.junit.runners.ParentRunner$3.run(ParentRunner.java:238)
      	at org.junit.runners.ParentRunner$1.schedule(ParentRunner.java:63)
      	at org.junit.runners.ParentRunner.runChildren(ParentRunner.java:236)
      	at org.junit.runners.ParentRunner.access$000(ParentRunner.java:53)
      	at org.junit.runners.ParentRunner$2.evaluate(ParentRunner.java:229)
      	at org.junit.runners.ParentRunner.run(ParentRunner.java:309)
      	at cucumber.runtime.junit.FeatureRunner.run(FeatureRunner.java:70)
      	at cucumber.api.junit.Cucumber.runChild(Cucumber.java:95)
      	at cucumber.api.junit.Cucumber.runChild(Cucumber.java:38)
      	at org.junit.runners.ParentRunner$3.run(ParentRunner.java:238)
      	at org.junit.runners.ParentRunner$1.schedule(ParentRunner.java:63)
      	at org.junit.runners.ParentRunner.runChildren(ParentRunner.java:236)
      	at org.junit.runners.ParentRunner.access$000(ParentRunner.java:53)
      	at org.junit.runners.ParentRunner$2.evaluate(ParentRunner.java:229)
      	at org.junit.runners.ParentRunner.run(ParentRunner.java:309)
      	at cucumber.api.junit.Cucumber.run(Cucumber.java:100)
      	at org.apache.maven.surefire.junit4.JUnit4Provider.execute(JUnit4Provider.java:364)
      	at org.apache.maven.surefire.junit4.JUnit4Provider.executeWithRerun(JUnit4Provider.java:272)
      	at org.apache.maven.surefire.junit4.JUnit4Provider.executeTestSet(JUnit4Provider.java:237)
      	at org.apache.maven.surefire.junit4.JUnit4Provider.invoke(JUnit4Provider.java:158)
      	at org.apache.maven.surefire.booter.ForkedBooter.runSuitesInProcess(ForkedBooter.java:428)
      	at org.apache.maven.surefire.booter.ForkedBooter.execute(ForkedBooter.java:162)
      	at org.apache.maven.surefire.booter.ForkedBooter.run(ForkedBooter.java:562)
      	at org.apache.maven.surefire.booter.ForkedBooter.main(ForkedBooter.java:548)
      &amp#27;[0m
]]></system-out>
    <system-err><![CDATA[Starting ChromeDriver 110.0.5481.77 (65ed616c6e8ee3fe0ad64fe83796c020644d42af-refs/branch-heads/5481@{#839}) on port 60297
Only local connections are allowed.
Please see https://chromedriver.chromium.org/security-considerations for suggestions on keeping ChromeDriver safe.
ChromeDriver was started successfully.
[1676552599.675][WARNING]: virtual void DevToolsClientImpl::AddListener(DevToolsEventListener *) subscribing a listener to the already connected DevToolsClient. Connection notification will not arrive.
Feb 16, 2023 8:03:19 PM org.openqa.selenium.remote.ProtocolHandshake createSession
INFO: Detected dialect: W3C
Feb 16, 2023 8:03:19 PM org.openqa.selenium.devtools.CdpVersionFinder findNearestMatch
WARNING: Unable to find an exact match for CDP version 110, so returning the closest version found: a no-op implementation
Feb 16, 2023 8:03:19 PM org.openqa.selenium.devtools.CdpVersionFinder findNearestMatch
INFO: Unable to find CDP implementation matching 110.
Feb 16, 2023 8:03:19 PM org.openqa.selenium.chromium.ChromiumDriver lambda$new$3
WARNING: Unable to find version of CDP to use for . You may need to include a dependency on a specific version of the CDP using something similar to `org.seleniumhq.selenium:selenium-devtools-v86:4.1.2` where the version ("v86") matches the version of the chromium-based browser you're using and the version number of the artifact is the same as Selenium's.
]]></system-err>
  </testcase>
  <testcase name="And User click menu Masuk" classname="Scenario: Verify &apos;Status&apos; field is displayed in Sedang Berlangsung guru session" time="0"/>
  <testcase name="And User input &quot;suciguru@alta.com&quot; as email and input &quot;suciguru&quot; as password" classname="Scenario: Verify &apos;Status&apos; field is displayed in Sedang Berlangsung guru session" time="0"/>
  <testcase name="And User clicked masuk button" classname="Scenario: Verify &apos;Status&apos; field is displayed in Sedang Berlangsung guru session" time="0"/>
  <testcase name="And Student click menu Beranda" classname="Scenario: Verify &apos;Status&apos; field is displayed in Sedang Berlangsung guru session" time="0"/>
  <testcase name="And Student click profile icon button" classname="Scenario: Verify &apos;Status&apos; field is displayed in Sedang Berlangsung guru session" time="0"/>
  <testcase name="When Teacher click Cek Jadwal button on profile page" classname="Scenario: Verify &apos;Status&apos; field is displayed in Sedang Berlangsung guru session" time="0">
    <system-out><![CDATA[
  Background:                                                                    &amp#27;[90m# features/TeacherViewSession.feature:4&amp#27;[0m
    &amp#27;[32mWhen &amp#27;[0m&amp#27;[32mUser click avatar navigation&amp#27;[0m                                            &amp#27;[90m# LoginSteps.userClickAvatarNavigation()&amp#27;[0m
    &amp#27;[32mAnd &amp#27;[0m&amp#27;[32mUser click menu Masuk&amp#27;[0m                                                    &amp#27;[90m# LoginSteps.userClickMenuMasuk()&amp#27;[0m
    &amp#27;[32mAnd &amp#27;[0m&amp#27;[32mUser input "&amp#27;[0m&amp#27;[32m&amp#27;[1msuciguru@alta.com&amp#27;[0m&amp#27;[32m" as email and input "&amp#27;[0m&amp#27;[32m&amp#27;[1msuciguru&amp#27;[0m&amp#27;[32m" as password&amp#27;[0m &amp#27;[90m# LoginSteps.inputCredential(String,String)&amp#27;[0m
    &amp#27;[32mAnd &amp#27;[0m&amp#27;[32mUser clicked masuk button&amp#27;[0m                                                &amp#27;[90m# LoginSteps.userClickMasukButton()&amp#27;[0m
    &amp#27;[32mAnd &amp#27;[0m&amp#27;[32mStudent click menu Beranda&amp#27;[0m                                               &amp#27;[90m# CariGuruSteps.studentClickMenuBeranda()&amp#27;[0m
    &amp#27;[32mAnd &amp#27;[0m&amp#27;[32mStudent click profile icon button&amp#27;[0m                                        &amp#27;[90m# StudentViewSessionSteps.studentClickProfileIconButton()&amp#27;[0m
]]></system-out>
  </testcase>
  <testcase name="Then Teacher click Sedang Berlangsung button" classname="Scenario: Verify &apos;Status&apos; field is displayed in Sedang Berlangsung guru session" time="0"/>
  <testcase name="And Should show status field in teacher page" classname="Scenario: Verify &apos;Status&apos; field is displayed in Sedang Berlangsung guru session" time="0.005">
    <error message="✽.And Should show status field in teacher page(features/TeacherViewSession.feature:92) matches more than one step definition:&#10;  Should show status field in StudentViewSessionSteps.shouldShowStatusField()&#10;  Should show status field in teacher page in TeacherViewSessionSteps.shouldShowStatusFieldInTeacherPage()&#10;" type="cucumber.runtime.AmbiguousStepDefinitionsException"><![CDATA[cucumber.runtime.AmbiguousStepDefinitionsException: 
✽.And Should show status field in teacher page(features/TeacherViewSession.feature:92) matches more than one step definition:
  Should show status field in StudentViewSessionSteps.shouldShowStatusField()
  Should show status field in teacher page in TeacherViewSessionSteps.shouldShowStatusFieldInTeacherPage()

]]></error>
  </testcase>
  <testcase name="" classname="Scenario: Verify &apos;Status&apos; field is displayed in Sedang Berlangsung guru session" time="0.005">
    <error message="✽.And Should show status field in teacher page(features/TeacherViewSession.feature:92) matches more than one step definition:&#10;  Should show status field in StudentViewSessionSteps.shouldShowStatusField()&#10;  Should show status field in teacher page in TeacherViewSessionSteps.shouldShowStatusFieldInTeacherPage()&#10;" type="cucumber.runtime.AmbiguousStepDefinitionsException"><![CDATA[cucumber.runtime.AmbiguousStepDefinitionsException: 
✽.And Should show status field in teacher page(features/TeacherViewSession.feature:92) matches more than one step definition:
  Should show status field in StudentViewSessionSteps.shouldShowStatusField()
  Should show status field in teacher page in TeacherViewSessionSteps.shouldShowStatusFieldInTeacherPage()

]]></error>
  </testcase>
  <testcase name="When User click avatar navigation" classname="Scenario: Verify &apos;Link google meet&apos; field is displayed in Sedang Berlangsung guru session" time="0">
    <system-out><![CDATA[
  @ScenarioViewTeacher
  Scenario: Verify 'Status' field is displayed in Sedang Berlangsung guru session &amp#27;[90m# features/TeacherViewSession.feature:89&amp#27;[0m
    &amp#27;[32mWhen &amp#27;[0m&amp#27;[32mTeacher click Cek Jadwal button on profile page&amp#27;[0m                          &amp#27;[90m# TeacherViewSessionSteps.teacherClickCekJadwal()&amp#27;[0m
    &amp#27;[32mThen &amp#27;[0m&amp#27;[32mTeacher click Sedang Berlangsung button&amp#27;[0m                                  &amp#27;[90m# TeacherViewSessionSteps.teacherClickSedangBerlangsungButton()&amp#27;[0m
    &amp#27;[31mAnd &amp#27;[0m&amp#27;[31mShould show status field in teacher page&amp#27;[0m                                  &amp#27;[90m# StudentViewSessionSteps.shouldShowStatusField()&amp#27;[0m
      &amp#27;[31mcucumber.runtime.AmbiguousStepDefinitionsException: ✽.And Should show status field in teacher page(features/TeacherViewSession.feature:92) matches more than one step definition:
        Should show status field in StudentViewSessionSteps.shouldShowStatusField()
        Should show status field in teacher page in TeacherViewSessionSteps.shouldShowStatusFieldInTeacherPage()
      
      	at cucumber.runtime.RuntimeGlue.stepDefinitionMatch(RuntimeGlue.java:71)
      	at cucumber.runtime.Runtime.runStep(Runtime.java:267)
      	at cucumber.runtime.model.StepContainer.runStep(StepContainer.java:44)
      	at cucumber.runtime.model.StepContainer.runSteps(StepContainer.java:39)
      	at cucumber.runtime.model.CucumberScenario.run(CucumberScenario.java:44)
      	at cucumber.runtime.junit.ExecutionUnitRunner.run(ExecutionUnitRunner.java:102)
      	at cucumber.runtime.junit.FeatureRunner.runChild(FeatureRunner.java:63)
      	at cucumber.runtime.junit.FeatureRunner.runChild(FeatureRunner.java:18)
      	at org.junit.runners.ParentRunner$3.run(ParentRunner.java:238)
      	at org.junit.runners.ParentRunner$1.schedule(ParentRunner.java:63)
      	at org.junit.runners.ParentRunner.runChildren(ParentRunner.java:236)
      	at org.junit.runners.ParentRunner.access$000(ParentRunner.java:53)
      	at org.junit.runners.ParentRunner$2.evaluate(ParentRunner.java:229)
      	at org.junit.runners.ParentRunner.run(ParentRunner.java:309)
      	at cucumber.runtime.junit.FeatureRunner.run(FeatureRunner.java:70)
      	at cucumber.api.junit.Cucumber.runChild(Cucumber.java:95)
      	at cucumber.api.junit.Cucumber.runChild(Cucumber.java:38)
      	at org.junit.runners.ParentRunner$3.run(ParentRunner.java:238)
      	at org.junit.runners.ParentRunner$1.schedule(ParentRunner.java:63)
      	at org.junit.runners.ParentRunner.runChildren(ParentRunner.java:236)
      	at org.junit.runners.ParentRunner.access$000(ParentRunner.java:53)
      	at org.junit.runners.ParentRunner$2.evaluate(ParentRunner.java:229)
      	at org.junit.runners.ParentRunner.run(ParentRunner.java:309)
      	at cucumber.api.junit.Cucumber.run(Cucumber.java:100)
      	at org.apache.maven.surefire.junit4.JUnit4Provider.execute(JUnit4Provider.java:364)
      	at org.apache.maven.surefire.junit4.JUnit4Provider.executeWithRerun(JUnit4Provider.java:272)
      	at org.apache.maven.surefire.junit4.JUnit4Provider.executeTestSet(JUnit4Provider.java:237)
      	at org.apache.maven.surefire.junit4.JUnit4Provider.invoke(JUnit4Provider.java:158)
      	at org.apache.maven.surefire.booter.ForkedBooter.runSuitesInProcess(ForkedBooter.java:428)
      	at org.apache.maven.surefire.booter.ForkedBooter.execute(ForkedBooter.java:162)
      	at org.apache.maven.surefire.booter.ForkedBooter.run(ForkedBooter.java:562)
      	at org.apache.maven.surefire.booter.ForkedBooter.main(ForkedBooter.java:548)
      &amp#27;[0m
]]></system-out>
    <system-err><![CDATA[Starting ChromeDriver 110.0.5481.77 (65ed616c6e8ee3fe0ad64fe83796c020644d42af-refs/branch-heads/5481@{#839}) on port 58944
Only local connections are allowed.
Please see https://chromedriver.chromium.org/security-considerations for suggestions on keeping ChromeDriver safe.
ChromeDriver was started successfully.
[1676552633.922][WARNING]: virtual void DevToolsClientImpl::AddListener(DevToolsEventListener *) subscribing a listener to the already connected DevToolsClient. Connection notification will not arrive.
Feb 16, 2023 8:03:54 PM org.openqa.selenium.remote.ProtocolHandshake createSession
INFO: Detected dialect: W3C
Feb 16, 2023 8:03:54 PM org.openqa.selenium.devtools.CdpVersionFinder findNearestMatch
WARNING: Unable to find an exact match for CDP version 110, so returning the closest version found: a no-op implementation
Feb 16, 2023 8:03:54 PM org.openqa.selenium.devtools.CdpVersionFinder findNearestMatch
INFO: Unable to find CDP implementation matching 110.
Feb 16, 2023 8:03:54 PM org.openqa.selenium.chromium.ChromiumDriver lambda$new$3
WARNING: Unable to find version of CDP to use for . You may need to include a dependency on a specific version of the CDP using something similar to `org.seleniumhq.selenium:selenium-devtools-v86:4.1.2` where the version ("v86") matches the version of the chromium-based browser you're using and the version number of the artifact is the same as Selenium's.
]]></system-err>
  </testcase>
  <testcase name="And User click menu Masuk" classname="Scenario: Verify &apos;Link google meet&apos; field is displayed in Sedang Berlangsung guru session" time="0"/>
  <testcase name="And User input &quot;suciguru@alta.com&quot; as email and input &quot;suciguru&quot; as password" classname="Scenario: Verify &apos;Link google meet&apos; field is displayed in Sedang Berlangsung guru session" time="0"/>
  <testcase name="And User clicked masuk button" classname="Scenario: Verify &apos;Link google meet&apos; field is displayed in Sedang Berlangsung guru session" time="0"/>
  <testcase name="And Student click menu Beranda" classname="Scenario: Verify &apos;Link google meet&apos; field is displayed in Sedang Berlangsung guru session" time="0"/>
  <testcase name="And Student click profile icon button" classname="Scenario: Verify &apos;Link google meet&apos; field is displayed in Sedang Berlangsung guru session" time="0"/>
  <testcase name="When Teacher click Cek Jadwal button on profile page" classname="Scenario: Verify &apos;Link google meet&apos; field is displayed in Sedang Berlangsung guru session" time="0">
    <system-out><![CDATA[
  Background:                                                                    &amp#27;[90m# features/TeacherViewSession.feature:4&amp#27;[0m
    &amp#27;[32mWhen &amp#27;[0m&amp#27;[32mUser click avatar navigation&amp#27;[0m                                            &amp#27;[90m# LoginSteps.userClickAvatarNavigation()&amp#27;[0m
    &amp#27;[32mAnd &amp#27;[0m&amp#27;[32mUser click menu Masuk&amp#27;[0m                                                    &amp#27;[90m# LoginSteps.userClickMenuMasuk()&amp#27;[0m
    &amp#27;[32mAnd &amp#27;[0m&amp#27;[32mUser input "&amp#27;[0m&amp#27;[32m&amp#27;[1msuciguru@alta.com&amp#27;[0m&amp#27;[32m" as email and input "&amp#27;[0m&amp#27;[32m&amp#27;[1msuciguru&amp#27;[0m&amp#27;[32m" as password&amp#27;[0m &amp#27;[90m# LoginSteps.inputCredential(String,String)&amp#27;[0m
    &amp#27;[32mAnd &amp#27;[0m&amp#27;[32mUser clicked masuk button&amp#27;[0m                                                &amp#27;[90m# LoginSteps.userClickMasukButton()&amp#27;[0m
    &amp#27;[32mAnd &amp#27;[0m&amp#27;[32mStudent click menu Beranda&amp#27;[0m                                               &amp#27;[90m# CariGuruSteps.studentClickMenuBeranda()&amp#27;[0m
    &amp#27;[32mAnd &amp#27;[0m&amp#27;[32mStudent click profile icon button&amp#27;[0m                                        &amp#27;[90m# StudentViewSessionSteps.studentClickProfileIconButton()&amp#27;[0m
]]></system-out>
  </testcase>
  <testcase name="Then Teacher click Sedang Berlangsung button" classname="Scenario: Verify &apos;Link google meet&apos; field is displayed in Sedang Berlangsung guru session" time="0"/>
  <testcase name="And Should show Link google meet field in teacher page" classname="Scenario: Verify &apos;Link google meet&apos; field is displayed in Sedang Berlangsung guru session" time="0.005">
    <error message="✽.And Should show Link google meet field in teacher page(features/TeacherViewSession.feature:98) matches more than one step definition:&#10;  Should show Link google meet field in StudentViewSessionSteps.shouldShowLinkGoogleMeetField()&#10;  Should show Link google meet field in teacher page in TeacherViewSessionSteps.shouldShowLinkGoogleMeetFieldInTeacherPage()&#10;" type="cucumber.runtime.AmbiguousStepDefinitionsException"><![CDATA[cucumber.runtime.AmbiguousStepDefinitionsException: 
✽.And Should show Link google meet field in teacher page(features/TeacherViewSession.feature:98) matches more than one step definition:
  Should show Link google meet field in StudentViewSessionSteps.shouldShowLinkGoogleMeetField()
  Should show Link google meet field in teacher page in TeacherViewSessionSteps.shouldShowLinkGoogleMeetFieldInTeacherPage()

]]></error>
  </testcase>
  <testcase name="" classname="Scenario: Verify &apos;Link google meet&apos; field is displayed in Sedang Berlangsung guru session" time="0.006">
    <error message="✽.And Should show Link google meet field in teacher page(features/TeacherViewSession.feature:98) matches more than one step definition:&#10;  Should show Link google meet field in StudentViewSessionSteps.shouldShowLinkGoogleMeetField()&#10;  Should show Link google meet field in teacher page in TeacherViewSessionSteps.shouldShowLinkGoogleMeetFieldInTeacherPage()&#10;" type="cucumber.runtime.AmbiguousStepDefinitionsException"><![CDATA[cucumber.runtime.AmbiguousStepDefinitionsException: 
✽.And Should show Link google meet field in teacher page(features/TeacherViewSession.feature:98) matches more than one step definition:
  Should show Link google meet field in StudentViewSessionSteps.shouldShowLinkGoogleMeetField()
  Should show Link google meet field in teacher page in TeacherViewSessionSteps.shouldShowLinkGoogleMeetFieldInTeacherPage()

]]></error>
  </testcase>
  <testcase name="When User click avatar navigation" classname="Scenario: Verify &apos;Link google meet&apos; field can be clicked in Sedang Berlangsung guru session" time="0">
    <system-out><![CDATA[
  @ScenarioViewTeacher
  Scenario: Verify 'Link google meet' field is displayed in Sedang Berlangsung guru session &amp#27;[90m# features/TeacherViewSession.feature:95&amp#27;[0m
    &amp#27;[32mWhen &amp#27;[0m&amp#27;[32mTeacher click Cek Jadwal button on profile page&amp#27;[0m                                    &amp#27;[90m# TeacherViewSessionSteps.teacherClickCekJadwal()&amp#27;[0m
    &amp#27;[32mThen &amp#27;[0m&amp#27;[32mTeacher click Sedang Berlangsung button&amp#27;[0m                                            &amp#27;[90m# TeacherViewSessionSteps.teacherClickSedangBerlangsungButton()&amp#27;[0m
    &amp#27;[31mAnd &amp#27;[0m&amp#27;[31mShould show Link google meet field in teacher page&amp#27;[0m                                  &amp#27;[90m# StudentViewSessionSteps.shouldShowLinkGoogleMeetField()&amp#27;[0m
      &amp#27;[31mcucumber.runtime.AmbiguousStepDefinitionsException: ✽.And Should show Link google meet field in teacher page(features/TeacherViewSession.feature:98) matches more than one step definition:
        Should show Link google meet field in StudentViewSessionSteps.shouldShowLinkGoogleMeetField()
        Should show Link google meet field in teacher page in TeacherViewSessionSteps.shouldShowLinkGoogleMeetFieldInTeacherPage()
      
      	at cucumber.runtime.RuntimeGlue.stepDefinitionMatch(RuntimeGlue.java:71)
      	at cucumber.runtime.Runtime.runStep(Runtime.java:267)
      	at cucumber.runtime.model.StepContainer.runStep(StepContainer.java:44)
      	at cucumber.runtime.model.StepContainer.runSteps(StepContainer.java:39)
      	at cucumber.runtime.model.CucumberScenario.run(CucumberScenario.java:44)
      	at cucumber.runtime.junit.ExecutionUnitRunner.run(ExecutionUnitRunner.java:102)
      	at cucumber.runtime.junit.FeatureRunner.runChild(FeatureRunner.java:63)
      	at cucumber.runtime.junit.FeatureRunner.runChild(FeatureRunner.java:18)
      	at org.junit.runners.ParentRunner$3.run(ParentRunner.java:238)
      	at org.junit.runners.ParentRunner$1.schedule(ParentRunner.java:63)
      	at org.junit.runners.ParentRunner.runChildren(ParentRunner.java:236)
      	at org.junit.runners.ParentRunner.access$000(ParentRunner.java:53)
      	at org.junit.runners.ParentRunner$2.evaluate(ParentRunner.java:229)
      	at org.junit.runners.ParentRunner.run(ParentRunner.java:309)
      	at cucumber.runtime.junit.FeatureRunner.run(FeatureRunner.java:70)
      	at cucumber.api.junit.Cucumber.runChild(Cucumber.java:95)
      	at cucumber.api.junit.Cucumber.runChild(Cucumber.java:38)
      	at org.junit.runners.ParentRunner$3.run(ParentRunner.java:238)
      	at org.junit.runners.ParentRunner$1.schedule(ParentRunner.java:63)
      	at org.junit.runners.ParentRunner.runChildren(ParentRunner.java:236)
      	at org.junit.runners.ParentRunner.access$000(ParentRunner.java:53)
      	at org.junit.runners.ParentRunner$2.evaluate(ParentRunner.java:229)
      	at org.junit.runners.ParentRunner.run(ParentRunner.java:309)
      	at cucumber.api.junit.Cucumber.run(Cucumber.java:100)
      	at org.apache.maven.surefire.junit4.JUnit4Provider.execute(JUnit4Provider.java:364)
      	at org.apache.maven.surefire.junit4.JUnit4Provider.executeWithRerun(JUnit4Provider.java:272)
      	at org.apache.maven.surefire.junit4.JUnit4Provider.executeTestSet(JUnit4Provider.java:237)
      	at org.apache.maven.surefire.junit4.JUnit4Provider.invoke(JUnit4Provider.java:158)
      	at org.apache.maven.surefire.booter.ForkedBooter.runSuitesInProcess(ForkedBooter.java:428)
      	at org.apache.maven.surefire.booter.ForkedBooter.execute(ForkedBooter.java:162)
      	at org.apache.maven.surefire.booter.ForkedBooter.run(ForkedBooter.java:562)
      	at org.apache.maven.surefire.booter.ForkedBooter.main(ForkedBooter.java:548)
      &amp#27;[0m
]]></system-out>
    <system-err><![CDATA[Starting ChromeDriver 110.0.5481.77 (65ed616c6e8ee3fe0ad64fe83796c020644d42af-refs/branch-heads/5481@{#839}) on port 56838
Only local connections are allowed.
Please see https://chromedriver.chromium.org/security-considerations for suggestions on keeping ChromeDriver safe.
ChromeDriver was started successfully.
[1676552675.174][WARNING]: virtual void DevToolsClientImpl::AddListener(DevToolsEventListener *) subscribing a listener to the already connected DevToolsClient. Connection notification will not arrive.
Feb 16, 2023 8:04:35 PM org.openqa.selenium.remote.ProtocolHandshake createSession
INFO: Detected dialect: W3C
Feb 16, 2023 8:04:35 PM org.openqa.selenium.devtools.CdpVersionFinder findNearestMatch
WARNING: Unable to find an exact match for CDP version 110, so returning the closest version found: a no-op implementation
Feb 16, 2023 8:04:35 PM org.openqa.selenium.devtools.CdpVersionFinder findNearestMatch
INFO: Unable to find CDP implementation matching 110.
Feb 16, 2023 8:04:35 PM org.openqa.selenium.chromium.ChromiumDriver lambda$new$3
WARNING: Unable to find version of CDP to use for . You may need to include a dependency on a specific version of the CDP using something similar to `org.seleniumhq.selenium:selenium-devtools-v86:4.1.2` where the version ("v86") matches the version of the chromium-based browser you're using and the version number of the artifact is the same as Selenium's.
]]></system-err>
  </testcase>
  <testcase name="And User click menu Masuk" classname="Scenario: Verify &apos;Link google meet&apos; field can be clicked in Sedang Berlangsung guru session" time="0"/>
  <testcase name="And User input &quot;suciguru@alta.com&quot; as email and input &quot;suciguru&quot; as password" classname="Scenario: Verify &apos;Link google meet&apos; field can be clicked in Sedang Berlangsung guru session" time="0"/>
  <testcase name="And User clicked masuk button" classname="Scenario: Verify &apos;Link google meet&apos; field can be clicked in Sedang Berlangsung guru session" time="0"/>
  <testcase name="And Student click menu Beranda" classname="Scenario: Verify &apos;Link google meet&apos; field can be clicked in Sedang Berlangsung guru session" time="0"/>
  <testcase name="And Student click profile icon button" classname="Scenario: Verify &apos;Link google meet&apos; field can be clicked in Sedang Berlangsung guru session" time="0"/>
  <testcase name="When Teacher click Cek Jadwal button on profile page" classname="Scenario: Verify &apos;Link google meet&apos; field can be clicked in Sedang Berlangsung guru session" time="0">
    <system-out><![CDATA[
  Background:                                                                    &amp#27;[90m# features/TeacherViewSession.feature:4&amp#27;[0m
    &amp#27;[32mWhen &amp#27;[0m&amp#27;[32mUser click avatar navigation&amp#27;[0m                                            &amp#27;[90m# LoginSteps.userClickAvatarNavigation()&amp#27;[0m
    &amp#27;[32mAnd &amp#27;[0m&amp#27;[32mUser click menu Masuk&amp#27;[0m                                                    &amp#27;[90m# LoginSteps.userClickMenuMasuk()&amp#27;[0m
    &amp#27;[32mAnd &amp#27;[0m&amp#27;[32mUser input "&amp#27;[0m&amp#27;[32m&amp#27;[1msuciguru@alta.com&amp#27;[0m&amp#27;[32m" as email and input "&amp#27;[0m&amp#27;[32m&amp#27;[1msuciguru&amp#27;[0m&amp#27;[32m" as password&amp#27;[0m &amp#27;[90m# LoginSteps.inputCredential(String,String)&amp#27;[0m
    &amp#27;[32mAnd &amp#27;[0m&amp#27;[32mUser clicked masuk button&amp#27;[0m                                                &amp#27;[90m# LoginSteps.userClickMasukButton()&amp#27;[0m
    &amp#27;[32mAnd &amp#27;[0m&amp#27;[32mStudent click menu Beranda&amp#27;[0m                                               &amp#27;[90m# CariGuruSteps.studentClickMenuBeranda()&amp#27;[0m
    &amp#27;[32mAnd &amp#27;[0m&amp#27;[32mStudent click profile icon button&amp#27;[0m                                        &amp#27;[90m# StudentViewSessionSteps.studentClickProfileIconButton()&amp#27;[0m
]]></system-out>
  </testcase>
  <testcase name="Then Teacher click Sedang Berlangsung button" classname="Scenario: Verify &apos;Link google meet&apos; field can be clicked in Sedang Berlangsung guru session" time="0"/>
  <testcase name="And Teacher click google meet link" classname="Scenario: Verify &apos;Link google meet&apos; field can be clicked in Sedang Berlangsung guru session" time="0"/>
  <testcase name="" classname="Scenario: Verify &apos;Link google meet&apos; field can be clicked in Sedang Berlangsung guru session" time="0.12"/>
  <testcase name="When User click avatar navigation" classname="Scenario: Verify &apos;Jadwal Mengajar&apos; in teacher page can be click" time="0">
    <system-out><![CDATA[
  @ScenarioViewTeacher
  Scenario: Verify 'Link google meet' field can be clicked in Sedang Berlangsung guru session &amp#27;[90m# features/TeacherViewSession.feature:101&amp#27;[0m
    &amp#27;[32mWhen &amp#27;[0m&amp#27;[32mTeacher click Cek Jadwal button on profile page&amp#27;[0m                                      &amp#27;[90m# TeacherViewSessionSteps.teacherClickCekJadwal()&amp#27;[0m
    &amp#27;[32mThen &amp#27;[0m&amp#27;[32mTeacher click Sedang Berlangsung button&amp#27;[0m                                              &amp#27;[90m# TeacherViewSessionSteps.teacherClickSedangBerlangsungButton()&amp#27;[0m
    &amp#27;[32mAnd &amp#27;[0m&amp#27;[32mTeacher click google meet link&amp#27;[0m                                                        &amp#27;[90m# TeacherViewSessionSteps.teacherClickGoogleMeetLink()&amp#27;[0m
]]></system-out>
    <system-err><![CDATA[Starting ChromeDriver 110.0.5481.77 (65ed616c6e8ee3fe0ad64fe83796c020644d42af-refs/branch-heads/5481@{#839}) on port 51623
Only local connections are allowed.
Please see https://chromedriver.chromium.org/security-considerations for suggestions on keeping ChromeDriver safe.
ChromeDriver was started successfully.
[1676552736.771][WARNING]: virtual void DevToolsClientImpl::AddListener(DevToolsEventListener *) subscribing a listener to the already connected DevToolsClient. Connection notification will not arrive.
Feb 16, 2023 8:05:37 PM org.openqa.selenium.remote.ProtocolHandshake createSession
INFO: Detected dialect: W3C
Feb 16, 2023 8:05:37 PM org.openqa.selenium.devtools.CdpVersionFinder findNearestMatch
WARNING: Unable to find an exact match for CDP version 110, so returning the closest version found: a no-op implementation
Feb 16, 2023 8:05:37 PM org.openqa.selenium.devtools.CdpVersionFinder findNearestMatch
INFO: Unable to find CDP implementation matching 110.
Feb 16, 2023 8:05:37 PM org.openqa.selenium.chromium.ChromiumDriver lambda$new$3
WARNING: Unable to find version of CDP to use for . You may need to include a dependency on a specific version of the CDP using something similar to `org.seleniumhq.selenium:selenium-devtools-v86:4.1.2` where the version ("v86") matches the version of the chromium-based browser you're using and the version number of the artifact is the same as Selenium's.
]]></system-err>
  </testcase>
  <testcase name="And User click menu Masuk" classname="Scenario: Verify &apos;Jadwal Mengajar&apos; in teacher page can be click" time="0"/>
  <testcase name="And User input &quot;suciguru@alta.com&quot; as email and input &quot;suciguru&quot; as password" classname="Scenario: Verify &apos;Jadwal Mengajar&apos; in teacher page can be click" time="0"/>
  <testcase name="And User clicked masuk button" classname="Scenario: Verify &apos;Jadwal Mengajar&apos; in teacher page can be click" time="0"/>
  <testcase name="And Student click menu Beranda" classname="Scenario: Verify &apos;Jadwal Mengajar&apos; in teacher page can be click" time="0"/>
  <testcase name="And Student click profile icon button" classname="Scenario: Verify &apos;Jadwal Mengajar&apos; in teacher page can be click" time="0"/>
  <testcase name="When Teacher click Cek Jadwal button on profile page" classname="Scenario: Verify &apos;Jadwal Mengajar&apos; in teacher page can be click" time="0">
    <system-out><![CDATA[
  Background:                                                                    &amp#27;[90m# features/TeacherViewSession.feature:4&amp#27;[0m
    &amp#27;[32mWhen &amp#27;[0m&amp#27;[32mUser click avatar navigation&amp#27;[0m                                            &amp#27;[90m# LoginSteps.userClickAvatarNavigation()&amp#27;[0m
    &amp#27;[32mAnd &amp#27;[0m&amp#27;[32mUser click menu Masuk&amp#27;[0m                                                    &amp#27;[90m# LoginSteps.userClickMenuMasuk()&amp#27;[0m
    &amp#27;[32mAnd &amp#27;[0m&amp#27;[32mUser input "&amp#27;[0m&amp#27;[32m&amp#27;[1msuciguru@alta.com&amp#27;[0m&amp#27;[32m" as email and input "&amp#27;[0m&amp#27;[32m&amp#27;[1msuciguru&amp#27;[0m&amp#27;[32m" as password&amp#27;[0m &amp#27;[90m# LoginSteps.inputCredential(String,String)&amp#27;[0m
    &amp#27;[32mAnd &amp#27;[0m&amp#27;[32mUser clicked masuk button&amp#27;[0m                                                &amp#27;[90m# LoginSteps.userClickMasukButton()&amp#27;[0m
    &amp#27;[32mAnd &amp#27;[0m&amp#27;[32mStudent click menu Beranda&amp#27;[0m                                               &amp#27;[90m# CariGuruSteps.studentClickMenuBeranda()&amp#27;[0m
    &amp#27;[32mAnd &amp#27;[0m&amp#27;[32mStudent click profile icon button&amp#27;[0m                                        &amp#27;[90m# StudentViewSessionSteps.studentClickProfileIconButton()&amp#27;[0m
]]></system-out>
  </testcase>
  <testcase name="Then Teacher click Jadwal Mengajar button in guru session" classname="Scenario: Verify &apos;Jadwal Mengajar&apos; in teacher page can be click" time="0"/>
  <testcase name="And Show page Jadwal Mengajar in guru session" classname="Scenario: Verify &apos;Jadwal Mengajar&apos; in teacher page can be click" time="0"/>
  <testcase name="" classname="Scenario: Verify &apos;Jadwal Mengajar&apos; in teacher page can be click" time="0.129"/>
  <testcase name="When User click avatar navigation" classname="Scenario: Verify &apos;Jadwal Mengajar&apos; in teacher page without delay" time="0">
    <system-out><![CDATA[
  @ScenarioViewTeacher
  Scenario: Verify 'Jadwal Mengajar' in teacher page can be click &amp#27;[90m# features/TeacherViewSession.feature:107&amp#27;[0m
    &amp#27;[32mWhen &amp#27;[0m&amp#27;[32mTeacher click Cek Jadwal button on profile page&amp#27;[0m          &amp#27;[90m# TeacherViewSessionSteps.teacherClickCekJadwal()&amp#27;[0m
    &amp#27;[32mThen &amp#27;[0m&amp#27;[32mTeacher click Jadwal Mengajar button in guru session&amp#27;[0m     &amp#27;[90m# TeacherViewSessionSteps.teacherClickJadwalMengajarButtonInGuruSession()&amp#27;[0m
    &amp#27;[32mAnd &amp#27;[0m&amp#27;[32mShow page Jadwal Mengajar in guru session&amp#27;[0m                 &amp#27;[90m# TeacherViewSessionSteps.showPageJadwalMengajarInGuruSession()&amp#27;[0m
]]></system-out>
    <system-err><![CDATA[Starting ChromeDriver 110.0.5481.77 (65ed616c6e8ee3fe0ad64fe83796c020644d42af-refs/branch-heads/5481@{#839}) on port 61637
Only local connections are allowed.
Please see https://chromedriver.chromium.org/security-considerations for suggestions on keeping ChromeDriver safe.
ChromeDriver was started successfully.
[1676552782.132][WARNING]: virtual void DevToolsClientImpl::AddListener(DevToolsEventListener *) subscribing a listener to the already connected DevToolsClient. Connection notification will not arrive.
Feb 16, 2023 8:06:22 PM org.openqa.selenium.remote.ProtocolHandshake createSession
INFO: Detected dialect: W3C
Feb 16, 2023 8:06:22 PM org.openqa.selenium.devtools.CdpVersionFinder findNearestMatch
WARNING: Unable to find an exact match for CDP version 110, so returning the closest version found: a no-op implementation
Feb 16, 2023 8:06:22 PM org.openqa.selenium.devtools.CdpVersionFinder findNearestMatch
INFO: Unable to find CDP implementation matching 110.
Feb 16, 2023 8:06:22 PM org.openqa.selenium.chromium.ChromiumDriver lambda$new$3
WARNING: Unable to find version of CDP to use for . You may need to include a dependency on a specific version of the CDP using something similar to `org.seleniumhq.selenium:selenium-devtools-v86:4.1.2` where the version ("v86") matches the version of the chromium-based browser you're using and the version number of the artifact is the same as Selenium's.
]]></system-err>
  </testcase>
  <testcase name="And User click menu Masuk" classname="Scenario: Verify &apos;Jadwal Mengajar&apos; in teacher page without delay" time="0"/>
  <testcase name="And User input &quot;suciguru@alta.com&quot; as email and input &quot;suciguru&quot; as password" classname="Scenario: Verify &apos;Jadwal Mengajar&apos; in teacher page without delay" time="0"/>
  <testcase name="And User clicked masuk button" classname="Scenario: Verify &apos;Jadwal Mengajar&apos; in teacher page without delay" time="0"/>
  <testcase name="And Student click menu Beranda" classname="Scenario: Verify &apos;Jadwal Mengajar&apos; in teacher page without delay" time="0"/>
  <testcase name="And Student click profile icon button" classname="Scenario: Verify &apos;Jadwal Mengajar&apos; in teacher page without delay" time="0.001"/>
  <testcase name="When Teacher click Cek Jadwal button on profile page" classname="Scenario: Verify &apos;Jadwal Mengajar&apos; in teacher page without delay" time="0">
    <system-out><![CDATA[
  Background:                                                                    &amp#27;[90m# features/TeacherViewSession.feature:4&amp#27;[0m
    &amp#27;[32mWhen &amp#27;[0m&amp#27;[32mUser click avatar navigation&amp#27;[0m                                            &amp#27;[90m# LoginSteps.userClickAvatarNavigation()&amp#27;[0m
    &amp#27;[32mAnd &amp#27;[0m&amp#27;[32mUser click menu Masuk&amp#27;[0m                                                    &amp#27;[90m# LoginSteps.userClickMenuMasuk()&amp#27;[0m
    &amp#27;[32mAnd &amp#27;[0m&amp#27;[32mUser input "&amp#27;[0m&amp#27;[32m&amp#27;[1msuciguru@alta.com&amp#27;[0m&amp#27;[32m" as email and input "&amp#27;[0m&amp#27;[32m&amp#27;[1msuciguru&amp#27;[0m&amp#27;[32m" as password&amp#27;[0m &amp#27;[90m# LoginSteps.inputCredential(String,String)&amp#27;[0m
    &amp#27;[32mAnd &amp#27;[0m&amp#27;[32mUser clicked masuk button&amp#27;[0m                                                &amp#27;[90m# LoginSteps.userClickMasukButton()&amp#27;[0m
    &amp#27;[32mAnd &amp#27;[0m&amp#27;[32mStudent click menu Beranda&amp#27;[0m                                               &amp#27;[90m# CariGuruSteps.studentClickMenuBeranda()&amp#27;[0m
    &amp#27;[32mAnd &amp#27;[0m&amp#27;[32mStudent click profile icon button&amp#27;[0m                                        &amp#27;[90m# StudentViewSessionSteps.studentClickProfileIconButton()&amp#27;[0m
]]></system-out>
  </testcase>
  <testcase name="Then Teacher click Jadwal Mengajar button in guru session" classname="Scenario: Verify &apos;Jadwal Mengajar&apos; in teacher page without delay" time="0"/>
  <testcase name="And Show page Jadwal Mengajar in guru session without delay" classname="Scenario: Verify &apos;Jadwal Mengajar&apos; in teacher page without delay" time="0.009">
    <error message="✽.And Show page Jadwal Mengajar in guru session without delay(features/TeacherViewSession.feature:116) matches more than one step definition:&#10;  Show page Jadwal Mengajar in guru session in TeacherViewSessionSteps.showPageJadwalMengajarInGuruSession()&#10;  ^Show page Jadwal Mengajar in guru session without delay$ in TeacherViewSessionSteps.showPageJadwalMengajarInGuruSessionWithoutDelay()&#10;" type="cucumber.runtime.AmbiguousStepDefinitionsException"><![CDATA[cucumber.runtime.AmbiguousStepDefinitionsException: 
✽.And Show page Jadwal Mengajar in guru session without delay(features/TeacherViewSession.feature:116) matches more than one step definition:
  Show page Jadwal Mengajar in guru session in TeacherViewSessionSteps.showPageJadwalMengajarInGuruSession()
  ^Show page Jadwal Mengajar in guru session without delay$ in TeacherViewSessionSteps.showPageJadwalMengajarInGuruSessionWithoutDelay()

]]></error>
  </testcase>
  <testcase name="" classname="Scenario: Verify &apos;Jadwal Mengajar&apos; in teacher page without delay" time="0.01">
    <error message="✽.And Show page Jadwal Mengajar in guru session without delay(features/TeacherViewSession.feature:116) matches more than one step definition:&#10;  Show page Jadwal Mengajar in guru session in TeacherViewSessionSteps.showPageJadwalMengajarInGuruSession()&#10;  ^Show page Jadwal Mengajar in guru session without delay$ in TeacherViewSessionSteps.showPageJadwalMengajarInGuruSessionWithoutDelay()&#10;" type="cucumber.runtime.AmbiguousStepDefinitionsException"><![CDATA[cucumber.runtime.AmbiguousStepDefinitionsException: 
✽.And Show page Jadwal Mengajar in guru session without delay(features/TeacherViewSession.feature:116) matches more than one step definition:
  Show page Jadwal Mengajar in guru session in TeacherViewSessionSteps.showPageJadwalMengajarInGuruSession()
  ^Show page Jadwal Mengajar in guru session without delay$ in TeacherViewSessionSteps.showPageJadwalMengajarInGuruSessionWithoutDelay()

]]></error>
  </testcase>
  <testcase name="When User click avatar navigation" classname="Scenario: Verify &apos;Jam&apos; field is displayed in Jadwal Mengajar guru session" time="0">
    <system-out><![CDATA[
  @ScenarioViewTeacher
  Scenario: Verify 'Jadwal Mengajar' in teacher page without delay &amp#27;[90m# features/TeacherViewSession.feature:113&amp#27;[0m
    &amp#27;[32mWhen &amp#27;[0m&amp#27;[32mTeacher click Cek Jadwal button on profile page&amp#27;[0m           &amp#27;[90m# TeacherViewSessionSteps.teacherClickCekJadwal()&amp#27;[0m
    &amp#27;[32mThen &amp#27;[0m&amp#27;[32mTeacher click Jadwal Mengajar button in guru session&amp#27;[0m      &amp#27;[90m# TeacherViewSessionSteps.teacherClickJadwalMengajarButtonInGuruSession()&amp#27;[0m
    &amp#27;[31mAnd &amp#27;[0m&amp#27;[31mShow page Jadwal Mengajar in guru session without delay&amp#27;[0m    &amp#27;[90m# TeacherViewSessionSteps.showPageJadwalMengajarInGuruSession()&amp#27;[0m
      &amp#27;[31mcucumber.runtime.AmbiguousStepDefinitionsException: ✽.And Show page Jadwal Mengajar in guru session without delay(features/TeacherViewSession.feature:116) matches more than one step definition:
        Show page Jadwal Mengajar in guru session in TeacherViewSessionSteps.showPageJadwalMengajarInGuruSession()
        ^Show page Jadwal Mengajar in guru session without delay$ in TeacherViewSessionSteps.showPageJadwalMengajarInGuruSessionWithoutDelay()
      
      	at cucumber.runtime.RuntimeGlue.stepDefinitionMatch(RuntimeGlue.java:71)
      	at cucumber.runtime.Runtime.runStep(Runtime.java:267)
      	at cucumber.runtime.model.StepContainer.runStep(StepContainer.java:44)
      	at cucumber.runtime.model.StepContainer.runSteps(StepContainer.java:39)
      	at cucumber.runtime.model.CucumberScenario.run(CucumberScenario.java:44)
      	at cucumber.runtime.junit.ExecutionUnitRunner.run(ExecutionUnitRunner.java:102)
      	at cucumber.runtime.junit.FeatureRunner.runChild(FeatureRunner.java:63)
      	at cucumber.runtime.junit.FeatureRunner.runChild(FeatureRunner.java:18)
      	at org.junit.runners.ParentRunner$3.run(ParentRunner.java:238)
      	at org.junit.runners.ParentRunner$1.schedule(ParentRunner.java:63)
      	at org.junit.runners.ParentRunner.runChildren(ParentRunner.java:236)
      	at org.junit.runners.ParentRunner.access$000(ParentRunner.java:53)
      	at org.junit.runners.ParentRunner$2.evaluate(ParentRunner.java:229)
      	at org.junit.runners.ParentRunner.run(ParentRunner.java:309)
      	at cucumber.runtime.junit.FeatureRunner.run(FeatureRunner.java:70)
      	at cucumber.api.junit.Cucumber.runChild(Cucumber.java:95)
      	at cucumber.api.junit.Cucumber.runChild(Cucumber.java:38)
      	at org.junit.runners.ParentRunner$3.run(ParentRunner.java:238)
      	at org.junit.runners.ParentRunner$1.schedule(ParentRunner.java:63)
      	at org.junit.runners.ParentRunner.runChildren(ParentRunner.java:236)
      	at org.junit.runners.ParentRunner.access$000(ParentRunner.java:53)
      	at org.junit.runners.ParentRunner$2.evaluate(ParentRunner.java:229)
      	at org.junit.runners.ParentRunner.run(ParentRunner.java:309)
      	at cucumber.api.junit.Cucumber.run(Cucumber.java:100)
      	at org.apache.maven.surefire.junit4.JUnit4Provider.execute(JUnit4Provider.java:364)
      	at org.apache.maven.surefire.junit4.JUnit4Provider.executeWithRerun(JUnit4Provider.java:272)
      	at org.apache.maven.surefire.junit4.JUnit4Provider.executeTestSet(JUnit4Provider.java:237)
      	at org.apache.maven.surefire.junit4.JUnit4Provider.invoke(JUnit4Provider.java:158)
      	at org.apache.maven.surefire.booter.ForkedBooter.runSuitesInProcess(ForkedBooter.java:428)
      	at org.apache.maven.surefire.booter.ForkedBooter.execute(ForkedBooter.java:162)
      	at org.apache.maven.surefire.booter.ForkedBooter.run(ForkedBooter.java:562)
      	at org.apache.maven.surefire.booter.ForkedBooter.main(ForkedBooter.java:548)
      &amp#27;[0m
]]></system-out>
    <system-err><![CDATA[Starting ChromeDriver 110.0.5481.77 (65ed616c6e8ee3fe0ad64fe83796c020644d42af-refs/branch-heads/5481@{#839}) on port 55286
Only local connections are allowed.
Please see https://chromedriver.chromium.org/security-considerations for suggestions on keeping ChromeDriver safe.
ChromeDriver was started successfully.
[1676552819.355][WARNING]: virtual void DevToolsClientImpl::AddListener(DevToolsEventListener *) subscribing a listener to the already connected DevToolsClient. Connection notification will not arrive.
Feb 16, 2023 8:06:59 PM org.openqa.selenium.remote.ProtocolHandshake createSession
INFO: Detected dialect: W3C
Feb 16, 2023 8:06:59 PM org.openqa.selenium.devtools.CdpVersionFinder findNearestMatch
WARNING: Unable to find an exact match for CDP version 110, so returning the closest version found: a no-op implementation
Feb 16, 2023 8:06:59 PM org.openqa.selenium.devtools.CdpVersionFinder findNearestMatch
INFO: Unable to find CDP implementation matching 110.
Feb 16, 2023 8:06:59 PM org.openqa.selenium.chromium.ChromiumDriver lambda$new$3
WARNING: Unable to find version of CDP to use for . You may need to include a dependency on a specific version of the CDP using something similar to `org.seleniumhq.selenium:selenium-devtools-v86:4.1.2` where the version ("v86") matches the version of the chromium-based browser you're using and the version number of the artifact is the same as Selenium's.
]]></system-err>
  </testcase>
  <testcase name="And User click menu Masuk" classname="Scenario: Verify &apos;Jam&apos; field is displayed in Jadwal Mengajar guru session" time="0"/>
  <testcase name="And User input &quot;suciguru@alta.com&quot; as email and input &quot;suciguru&quot; as password" classname="Scenario: Verify &apos;Jam&apos; field is displayed in Jadwal Mengajar guru session" time="0"/>
  <testcase name="And User clicked masuk button" classname="Scenario: Verify &apos;Jam&apos; field is displayed in Jadwal Mengajar guru session" time="0"/>
  <testcase name="And Student click menu Beranda" classname="Scenario: Verify &apos;Jam&apos; field is displayed in Jadwal Mengajar guru session" time="0"/>
  <testcase name="And Student click profile icon button" classname="Scenario: Verify &apos;Jam&apos; field is displayed in Jadwal Mengajar guru session" time="0"/>
  <testcase name="When Teacher click Cek Jadwal button on profile page" classname="Scenario: Verify &apos;Jam&apos; field is displayed in Jadwal Mengajar guru session" time="0">
    <system-out><![CDATA[
  Background:                                                                    &amp#27;[90m# features/TeacherViewSession.feature:4&amp#27;[0m
    &amp#27;[32mWhen &amp#27;[0m&amp#27;[32mUser click avatar navigation&amp#27;[0m                                            &amp#27;[90m# LoginSteps.userClickAvatarNavigation()&amp#27;[0m
    &amp#27;[32mAnd &amp#27;[0m&amp#27;[32mUser click menu Masuk&amp#27;[0m                                                    &amp#27;[90m# LoginSteps.userClickMenuMasuk()&amp#27;[0m
    &amp#27;[32mAnd &amp#27;[0m&amp#27;[32mUser input "&amp#27;[0m&amp#27;[32m&amp#27;[1msuciguru@alta.com&amp#27;[0m&amp#27;[32m" as email and input "&amp#27;[0m&amp#27;[32m&amp#27;[1msuciguru&amp#27;[0m&amp#27;[32m" as password&amp#27;[0m &amp#27;[90m# LoginSteps.inputCredential(String,String)&amp#27;[0m
    &amp#27;[32mAnd &amp#27;[0m&amp#27;[32mUser clicked masuk button&amp#27;[0m                                                &amp#27;[90m# LoginSteps.userClickMasukButton()&amp#27;[0m
    &amp#27;[32mAnd &amp#27;[0m&amp#27;[32mStudent click menu Beranda&amp#27;[0m                                               &amp#27;[90m# CariGuruSteps.studentClickMenuBeranda()&amp#27;[0m
    &amp#27;[32mAnd &amp#27;[0m&amp#27;[32mStudent click profile icon button&amp#27;[0m                                        &amp#27;[90m# StudentViewSessionSteps.studentClickProfileIconButton()&amp#27;[0m
]]></system-out>
  </testcase>
  <testcase name="Then Teacher click Jadwal Mengajar button in guru session" classname="Scenario: Verify &apos;Jam&apos; field is displayed in Jadwal Mengajar guru session" time="0"/>
  <testcase name="And Should show jam field in teacher page" classname="Scenario: Verify &apos;Jam&apos; field is displayed in Jadwal Mengajar guru session" time="0.004">
    <error message="✽.And Should show jam field in teacher page(features/TeacherViewSession.feature:122) matches more than one step definition:&#10;  Should show jam field in StudentViewSessionSteps.shouldShowJamField()&#10;  Should show jam field in teacher page in TeacherViewSessionSteps.shouldShowJamFieldInTeacherPage()&#10;" type="cucumber.runtime.AmbiguousStepDefinitionsException"><![CDATA[cucumber.runtime.AmbiguousStepDefinitionsException: 
✽.And Should show jam field in teacher page(features/TeacherViewSession.feature:122) matches more than one step definition:
  Should show jam field in StudentViewSessionSteps.shouldShowJamField()
  Should show jam field in teacher page in TeacherViewSessionSteps.shouldShowJamFieldInTeacherPage()

]]></error>
  </testcase>
  <testcase name="" classname="Scenario: Verify &apos;Jam&apos; field is displayed in Jadwal Mengajar guru session" time="0.004">
    <error message="✽.And Should show jam field in teacher page(features/TeacherViewSession.feature:122) matches more than one step definition:&#10;  Should show jam field in StudentViewSessionSteps.shouldShowJamField()&#10;  Should show jam field in teacher page in TeacherViewSessionSteps.shouldShowJamFieldInTeacherPage()&#10;" type="cucumber.runtime.AmbiguousStepDefinitionsException"><![CDATA[cucumber.runtime.AmbiguousStepDefinitionsException: 
✽.And Should show jam field in teacher page(features/TeacherViewSession.feature:122) matches more than one step definition:
  Should show jam field in StudentViewSessionSteps.shouldShowJamField()
  Should show jam field in teacher page in TeacherViewSessionSteps.shouldShowJamFieldInTeacherPage()

]]></error>
  </testcase>
  <testcase name="When User click avatar navigation" classname="Scenario: Verify &apos;Hari &amp; tanggal&apos; field is displayed in Jadwal Mengajar guru session" time="0.001">
    <system-out><![CDATA[
  @ScenarioViewTeacher
  Scenario: Verify 'Jam' field is displayed in Jadwal Mengajar guru session &amp#27;[90m# features/TeacherViewSession.feature:119&amp#27;[0m
    &amp#27;[32mWhen &amp#27;[0m&amp#27;[32mTeacher click Cek Jadwal button on profile page&amp#27;[0m                    &amp#27;[90m# TeacherViewSessionSteps.teacherClickCekJadwal()&amp#27;[0m
    &amp#27;[32mThen &amp#27;[0m&amp#27;[32mTeacher click Jadwal Mengajar button in guru session&amp#27;[0m               &amp#27;[90m# TeacherViewSessionSteps.teacherClickJadwalMengajarButtonInGuruSession()&amp#27;[0m
    &amp#27;[31mAnd &amp#27;[0m&amp#27;[31mShould show jam field in teacher page&amp#27;[0m                               &amp#27;[90m# StudentViewSessionSteps.shouldShowJamField()&amp#27;[0m
      &amp#27;[31mcucumber.runtime.AmbiguousStepDefinitionsException: ✽.And Should show jam field in teacher page(features/TeacherViewSession.feature:122) matches more than one step definition:
        Should show jam field in StudentViewSessionSteps.shouldShowJamField()
        Should show jam field in teacher page in TeacherViewSessionSteps.shouldShowJamFieldInTeacherPage()
      
      	at cucumber.runtime.RuntimeGlue.stepDefinitionMatch(RuntimeGlue.java:71)
      	at cucumber.runtime.Runtime.runStep(Runtime.java:267)
      	at cucumber.runtime.model.StepContainer.runStep(StepContainer.java:44)
      	at cucumber.runtime.model.StepContainer.runSteps(StepContainer.java:39)
      	at cucumber.runtime.model.CucumberScenario.run(CucumberScenario.java:44)
      	at cucumber.runtime.junit.ExecutionUnitRunner.run(ExecutionUnitRunner.java:102)
      	at cucumber.runtime.junit.FeatureRunner.runChild(FeatureRunner.java:63)
      	at cucumber.runtime.junit.FeatureRunner.runChild(FeatureRunner.java:18)
      	at org.junit.runners.ParentRunner$3.run(ParentRunner.java:238)
      	at org.junit.runners.ParentRunner$1.schedule(ParentRunner.java:63)
      	at org.junit.runners.ParentRunner.runChildren(ParentRunner.java:236)
      	at org.junit.runners.ParentRunner.access$000(ParentRunner.java:53)
      	at org.junit.runners.ParentRunner$2.evaluate(ParentRunner.java:229)
      	at org.junit.runners.ParentRunner.run(ParentRunner.java:309)
      	at cucumber.runtime.junit.FeatureRunner.run(FeatureRunner.java:70)
      	at cucumber.api.junit.Cucumber.runChild(Cucumber.java:95)
      	at cucumber.api.junit.Cucumber.runChild(Cucumber.java:38)
      	at org.junit.runners.ParentRunner$3.run(ParentRunner.java:238)
      	at org.junit.runners.ParentRunner$1.schedule(ParentRunner.java:63)
      	at org.junit.runners.ParentRunner.runChildren(ParentRunner.java:236)
      	at org.junit.runners.ParentRunner.access$000(ParentRunner.java:53)
      	at org.junit.runners.ParentRunner$2.evaluate(ParentRunner.java:229)
      	at org.junit.runners.ParentRunner.run(ParentRunner.java:309)
      	at cucumber.api.junit.Cucumber.run(Cucumber.java:100)
      	at org.apache.maven.surefire.junit4.JUnit4Provider.execute(JUnit4Provider.java:364)
      	at org.apache.maven.surefire.junit4.JUnit4Provider.executeWithRerun(JUnit4Provider.java:272)
      	at org.apache.maven.surefire.junit4.JUnit4Provider.executeTestSet(JUnit4Provider.java:237)
      	at org.apache.maven.surefire.junit4.JUnit4Provider.invoke(JUnit4Provider.java:158)
      	at org.apache.maven.surefire.booter.ForkedBooter.runSuitesInProcess(ForkedBooter.java:428)
      	at org.apache.maven.surefire.booter.ForkedBooter.execute(ForkedBooter.java:162)
      	at org.apache.maven.surefire.booter.ForkedBooter.run(ForkedBooter.java:562)
      	at org.apache.maven.surefire.booter.ForkedBooter.main(ForkedBooter.java:548)
      &amp#27;[0m
]]></system-out>
    <system-err><![CDATA[Starting ChromeDriver 110.0.5481.77 (65ed616c6e8ee3fe0ad64fe83796c020644d42af-refs/branch-heads/5481@{#839}) on port 51657
Only local connections are allowed.
Please see https://chromedriver.chromium.org/security-considerations for suggestions on keeping ChromeDriver safe.
ChromeDriver was started successfully.
[1676552894.722][WARNING]: virtual void DevToolsClientImpl::AddListener(DevToolsEventListener *) subscribing a listener to the already connected DevToolsClient. Connection notification will not arrive.
Feb 16, 2023 8:08:14 PM org.openqa.selenium.remote.ProtocolHandshake createSession
INFO: Detected dialect: W3C
Feb 16, 2023 8:08:14 PM org.openqa.selenium.devtools.CdpVersionFinder findNearestMatch
WARNING: Unable to find an exact match for CDP version 110, so returning the closest version found: a no-op implementation
Feb 16, 2023 8:08:14 PM org.openqa.selenium.devtools.CdpVersionFinder findNearestMatch
INFO: Unable to find CDP implementation matching 110.
Feb 16, 2023 8:08:14 PM org.openqa.selenium.chromium.ChromiumDriver lambda$new$3
WARNING: Unable to find version of CDP to use for . You may need to include a dependency on a specific version of the CDP using something similar to `org.seleniumhq.selenium:selenium-devtools-v86:4.1.2` where the version ("v86") matches the version of the chromium-based browser you're using and the version number of the artifact is the same as Selenium's.
]]></system-err>
  </testcase>
  <testcase name="And User click menu Masuk" classname="Scenario: Verify &apos;Hari &amp; tanggal&apos; field is displayed in Jadwal Mengajar guru session" time="0"/>
  <testcase name="And User input &quot;suciguru@alta.com&quot; as email and input &quot;suciguru&quot; as password" classname="Scenario: Verify &apos;Hari &amp; tanggal&apos; field is displayed in Jadwal Mengajar guru session" time="0"/>
  <testcase name="And User clicked masuk button" classname="Scenario: Verify &apos;Hari &amp; tanggal&apos; field is displayed in Jadwal Mengajar guru session" time="0"/>
  <testcase name="And Student click menu Beranda" classname="Scenario: Verify &apos;Hari &amp; tanggal&apos; field is displayed in Jadwal Mengajar guru session" time="0"/>
  <testcase name="And Student click profile icon button" classname="Scenario: Verify &apos;Hari &amp; tanggal&apos; field is displayed in Jadwal Mengajar guru session" time="0"/>
  <testcase name="When Teacher click Cek Jadwal button on profile page" classname="Scenario: Verify &apos;Hari &amp; tanggal&apos; field is displayed in Jadwal Mengajar guru session" time="0">
    <system-out><![CDATA[
  Background:                                                                    &amp#27;[90m# features/TeacherViewSession.feature:4&amp#27;[0m
    &amp#27;[32mWhen &amp#27;[0m&amp#27;[32mUser click avatar navigation&amp#27;[0m                                            &amp#27;[90m# LoginSteps.userClickAvatarNavigation()&amp#27;[0m
    &amp#27;[32mAnd &amp#27;[0m&amp#27;[32mUser click menu Masuk&amp#27;[0m                                                    &amp#27;[90m# LoginSteps.userClickMenuMasuk()&amp#27;[0m
    &amp#27;[32mAnd &amp#27;[0m&amp#27;[32mUser input "&amp#27;[0m&amp#27;[32m&amp#27;[1msuciguru@alta.com&amp#27;[0m&amp#27;[32m" as email and input "&amp#27;[0m&amp#27;[32m&amp#27;[1msuciguru&amp#27;[0m&amp#27;[32m" as password&amp#27;[0m &amp#27;[90m# LoginSteps.inputCredential(String,String)&amp#27;[0m
    &amp#27;[32mAnd &amp#27;[0m&amp#27;[32mUser clicked masuk button&amp#27;[0m                                                &amp#27;[90m# LoginSteps.userClickMasukButton()&amp#27;[0m
    &amp#27;[32mAnd &amp#27;[0m&amp#27;[32mStudent click menu Beranda&amp#27;[0m                                               &amp#27;[90m# CariGuruSteps.studentClickMenuBeranda()&amp#27;[0m
    &amp#27;[32mAnd &amp#27;[0m&amp#27;[32mStudent click profile icon button&amp#27;[0m                                        &amp#27;[90m# StudentViewSessionSteps.studentClickProfileIconButton()&amp#27;[0m
]]></system-out>
  </testcase>
  <testcase name="Then Teacher click Jadwal Mengajar button in guru session" classname="Scenario: Verify &apos;Hari &amp; tanggal&apos; field is displayed in Jadwal Mengajar guru session" time="0"/>
  <testcase name="And Should show Hari &amp; tanggal field in teacher page" classname="Scenario: Verify &apos;Hari &amp; tanggal&apos; field is displayed in Jadwal Mengajar guru session" time="0.007">
    <error message="✽.And Should show Hari &amp; tanggal field in teacher page(features/TeacherViewSession.feature:128) matches more than one step definition:&#10;  Should show Hari &amp; tanggal field in StudentViewSessionSteps.shouldShowHariTanggalField()&#10;  Should show Hari &amp; tanggal field in teacher page in TeacherViewSessionSteps.shouldShowHariTanggalFieldInTeacherPage()&#10;" type="cucumber.runtime.AmbiguousStepDefinitionsException"><![CDATA[cucumber.runtime.AmbiguousStepDefinitionsException: 
✽.And Should show Hari & tanggal field in teacher page(features/TeacherViewSession.feature:128) matches more than one step definition:
  Should show Hari & tanggal field in StudentViewSessionSteps.shouldShowHariTanggalField()
  Should show Hari & tanggal field in teacher page in TeacherViewSessionSteps.shouldShowHariTanggalFieldInTeacherPage()

]]></error>
  </testcase>
  <testcase name="" classname="Scenario: Verify &apos;Hari &amp; tanggal&apos; field is displayed in Jadwal Mengajar guru session" time="0.008">
    <error message="✽.And Should show Hari &amp; tanggal field in teacher page(features/TeacherViewSession.feature:128) matches more than one step definition:&#10;  Should show Hari &amp; tanggal field in StudentViewSessionSteps.shouldShowHariTanggalField()&#10;  Should show Hari &amp; tanggal field in teacher page in TeacherViewSessionSteps.shouldShowHariTanggalFieldInTeacherPage()&#10;" type="cucumber.runtime.AmbiguousStepDefinitionsException"><![CDATA[cucumber.runtime.AmbiguousStepDefinitionsException: 
✽.And Should show Hari & tanggal field in teacher page(features/TeacherViewSession.feature:128) matches more than one step definition:
  Should show Hari & tanggal field in StudentViewSessionSteps.shouldShowHariTanggalField()
  Should show Hari & tanggal field in teacher page in TeacherViewSessionSteps.shouldShowHariTanggalFieldInTeacherPage()

]]></error>
  </testcase>
  <testcase name="Given User open the website GuruMu" classname="Scenario: Verify Nama Lengkap field is enabled" time="0">
    <system-out><![CDATA[
  @ScenarioViewTeacher
  Scenario: Verify 'Hari & tanggal' field is displayed in Jadwal Mengajar guru session &amp#27;[90m# features/TeacherViewSession.feature:125&amp#27;[0m
    &amp#27;[32mWhen &amp#27;[0m&amp#27;[32mTeacher click Cek Jadwal button on profile page&amp#27;[0m                               &amp#27;[90m# TeacherViewSessionSteps.teacherClickCekJadwal()&amp#27;[0m
    &amp#27;[32mThen &amp#27;[0m&amp#27;[32mTeacher click Jadwal Mengajar button in guru session&amp#27;[0m                          &amp#27;[90m# TeacherViewSessionSteps.teacherClickJadwalMengajarButtonInGuruSession()&amp#27;[0m
    &amp#27;[31mAnd &amp#27;[0m&amp#27;[31mShould show Hari & tanggal field in teacher page&amp#27;[0m                               &amp#27;[90m# StudentViewSessionSteps.shouldShowHariTanggalField()&amp#27;[0m
      &amp#27;[31mcucumber.runtime.AmbiguousStepDefinitionsException: ✽.And Should show Hari & tanggal field in teacher page(features/TeacherViewSession.feature:128) matches more than one step definition:
        Should show Hari & tanggal field in StudentViewSessionSteps.shouldShowHariTanggalField()
        Should show Hari & tanggal field in teacher page in TeacherViewSessionSteps.shouldShowHariTanggalFieldInTeacherPage()
      
      	at cucumber.runtime.RuntimeGlue.stepDefinitionMatch(RuntimeGlue.java:71)
      	at cucumber.runtime.Runtime.runStep(Runtime.java:267)
      	at cucumber.runtime.model.StepContainer.runStep(StepContainer.java:44)
      	at cucumber.runtime.model.StepContainer.runSteps(StepContainer.java:39)
      	at cucumber.runtime.model.CucumberScenario.run(CucumberScenario.java:44)
      	at cucumber.runtime.junit.ExecutionUnitRunner.run(ExecutionUnitRunner.java:102)
      	at cucumber.runtime.junit.FeatureRunner.runChild(FeatureRunner.java:63)
      	at cucumber.runtime.junit.FeatureRunner.runChild(FeatureRunner.java:18)
      	at org.junit.runners.ParentRunner$3.run(ParentRunner.java:238)
      	at org.junit.runners.ParentRunner$1.schedule(ParentRunner.java:63)
      	at org.junit.runners.ParentRunner.runChildren(ParentRunner.java:236)
      	at org.junit.runners.ParentRunner.access$000(ParentRunner.java:53)
      	at org.junit.runners.ParentRunner$2.evaluate(ParentRunner.java:229)
      	at org.junit.runners.ParentRunner.run(ParentRunner.java:309)
      	at cucumber.runtime.junit.FeatureRunner.run(FeatureRunner.java:70)
      	at cucumber.api.junit.Cucumber.runChild(Cucumber.java:95)
      	at cucumber.api.junit.Cucumber.runChild(Cucumber.java:38)
      	at org.junit.runners.ParentRunner$3.run(ParentRunner.java:238)
      	at org.junit.runners.ParentRunner$1.schedule(ParentRunner.java:63)
      	at org.junit.runners.ParentRunner.runChildren(ParentRunner.java:236)
      	at org.junit.runners.ParentRunner.access$000(ParentRunner.java:53)
      	at org.junit.runners.ParentRunner$2.evaluate(ParentRunner.java:229)
      	at org.junit.runners.ParentRunner.run(ParentRunner.java:309)
      	at cucumber.api.junit.Cucumber.run(Cucumber.java:100)
      	at org.apache.maven.surefire.junit4.JUnit4Provider.execute(JUnit4Provider.java:364)
      	at org.apache.maven.surefire.junit4.JUnit4Provider.executeWithRerun(JUnit4Provider.java:272)
      	at org.apache.maven.surefire.junit4.JUnit4Provider.executeTestSet(JUnit4Provider.java:237)
      	at org.apache.maven.surefire.junit4.JUnit4Provider.invoke(JUnit4Provider.java:158)
      	at org.apache.maven.surefire.booter.ForkedBooter.runSuitesInProcess(ForkedBooter.java:428)
      	at org.apache.maven.surefire.booter.ForkedBooter.execute(ForkedBooter.java:162)
      	at org.apache.maven.surefire.booter.ForkedBooter.run(ForkedBooter.java:562)
      	at org.apache.maven.surefire.booter.ForkedBooter.main(ForkedBooter.java:548)
      &amp#27;[0m
@TestUpdateStudent @Test
Feature: Update Student
]]></system-out>
    <system-err><![CDATA[Starting ChromeDriver 110.0.5481.77 (65ed616c6e8ee3fe0ad64fe83796c020644d42af-refs/branch-heads/5481@{#839}) on port 58920
Only local connections are allowed.
Please see https://chromedriver.chromium.org/security-considerations for suggestions on keeping ChromeDriver safe.
ChromeDriver was started successfully.
[1676552952.927][WARNING]: virtual void DevToolsClientImpl::AddListener(DevToolsEventListener *) subscribing a listener to the already connected DevToolsClient. Connection notification will not arrive.
Feb 16, 2023 8:09:13 PM org.openqa.selenium.remote.ProtocolHandshake createSession
INFO: Detected dialect: W3C
Feb 16, 2023 8:09:13 PM org.openqa.selenium.devtools.CdpVersionFinder findNearestMatch
WARNING: Unable to find an exact match for CDP version 110, so returning the closest version found: a no-op implementation
Feb 16, 2023 8:09:13 PM org.openqa.selenium.devtools.CdpVersionFinder findNearestMatch
INFO: Unable to find CDP implementation matching 110.
Feb 16, 2023 8:09:13 PM org.openqa.selenium.chromium.ChromiumDriver lambda$new$3
WARNING: Unable to find version of CDP to use for . You may need to include a dependency on a specific version of the CDP using something similar to `org.seleniumhq.selenium:selenium-devtools-v86:4.1.2` where the version ("v86") matches the version of the chromium-based browser you're using and the version number of the artifact is the same as Selenium's.
]]></system-err>
  </testcase>
  <testcase name="When User click avatar navigation" classname="Scenario: Verify Nama Lengkap field is enabled" time="0"/>
  <testcase name="And User click menu Masuk" classname="Scenario: Verify Nama Lengkap field is enabled" time="0"/>
  <testcase name="And User input &quot;herdiladania11@gmail.com&quot; as email and input &quot;fe123&quot; as password" classname="Scenario: Verify Nama Lengkap field is enabled" time="0"/>
  <testcase name="And User clicked masuk button" classname="Scenario: Verify Nama Lengkap field is enabled" time="0"/>
  <testcase name="When User move to Profile Page" classname="Scenario: Verify Nama Lengkap field is enabled" time="0.003"/>
  <testcase name="And User click edit profile" classname="Scenario: Verify Nama Lengkap field is enabled" time="0.006">
    <error message="element click intercepted: Element &lt;label id=&quot;modal-profil-murid&quot; for=&quot;my-modal-5&quot; class=&quot;flex gap-1 absolute lg:top-10 top-10 lg:right-40 right-0&quot;&gt;...&lt;/label&gt; is not clickable at point (949, 280). Other element would receive the click: &lt;h2 class=&quot;swal2-title&quot; id=&quot;swal2-title&quot; style=&quot;display: block;&quot;&gt;...&lt;/h2&gt;&#10;  (Session info: chrome=110.0.5481.100)&#10;Build info: version: &apos;4.1.2&apos;, revision: &apos;9a5a329c5a&apos;&#10;System info: host: &apos;nsystem-mbp&apos;, ip: &apos;fe80:0:0:0:ce7:beec:a50b:8367%en0&apos;, os.name: &apos;Mac OS X&apos;, os.arch: &apos;x86_64&apos;, os.version: &apos;10.16&apos;, java.version: &apos;1.8.0_201&apos;&#10;Driver info: org.openqa.selenium.chrome.ChromeDriver&#10;Command: [702d86dcd1ef37f74629a2b6b59086e4, clickElement {id=48d7b927-b000-4941-bee6-eb9e6b1b54e9}]&#10;Capabilities {acceptInsecureCerts: false, browserName: chrome, browserVersion: 110.0.5481.100, chrome: {chromedriverVersion: 110.0.5481.77 (65ed616c6e8e..., userDataDir: /var/folders/00/xzw63_pj58g...}, goog:chromeOptions: {debuggerAddress: localhost:49822}, javascriptEnabled: true, networkConnectionEnabled: false, pageLoadStrategy: normal, platform: MAC, platformName: MAC, proxy: Proxy(), se:cdp: ws://localhost:49822/devtoo..., se:cdpVersion: 110.0.5481.100, setWindowRect: true, strictFileInteractability: false, timeouts: {implicit: 0, pageLoad: 300000, script: 30000}, unhandledPromptBehavior: dismiss and notify, webauthn:extension:credBlob: true, webauthn:extension:largeBlob: true, webauthn:virtualAuthenticators: true}&#10;Element: [[ChromeDriver: chrome on MAC (702d86dcd1ef37f74629a2b6b59086e4)] -&gt; id: modal-profil-murid]&#10;Session ID: 702d86dcd1ef37f74629a2b6b59086e4" type="org.openqa.selenium.ElementClickInterceptedException"><![CDATA[org.openqa.selenium.ElementClickInterceptedException: 
element click intercepted: Element <label id="modal-profil-murid" for="my-modal-5" class="flex gap-1 absolute lg:top-10 top-10 lg:right-40 right-0">...</label> is not clickable at point (949, 280). Other element would receive the click: <h2 class="swal2-title" id="swal2-title" style="display: block;">...</h2>
  (Session info: chrome=110.0.5481.100)
Build info: version: '4.1.2', revision: '9a5a329c5a'
System info: host: 'nsystem-mbp', ip: 'fe80:0:0:0:ce7:beec:a50b:8367%en0', os.name: 'Mac OS X', os.arch: 'x86_64', os.version: '10.16', java.version: '1.8.0_201'
Driver info: org.openqa.selenium.chrome.ChromeDriver
Command: [702d86dcd1ef37f74629a2b6b59086e4, clickElement {id=48d7b927-b000-4941-bee6-eb9e6b1b54e9}]
Capabilities {acceptInsecureCerts: false, browserName: chrome, browserVersion: 110.0.5481.100, chrome: {chromedriverVersion: 110.0.5481.77 (65ed616c6e8e..., userDataDir: /var/folders/00/xzw63_pj58g...}, goog:chromeOptions: {debuggerAddress: localhost:49822}, javascriptEnabled: true, networkConnectionEnabled: false, pageLoadStrategy: normal, platform: MAC, platformName: MAC, proxy: Proxy(), se:cdp: ws://localhost:49822/devtoo..., se:cdpVersion: 110.0.5481.100, setWindowRect: true, strictFileInteractability: false, timeouts: {implicit: 0, pageLoad: 300000, script: 30000}, unhandledPromptBehavior: dismiss and notify, webauthn:extension:credBlob: true, webauthn:extension:largeBlob: true, webauthn:virtualAuthenticators: true}
Element: [[ChromeDriver: chrome on MAC (702d86dcd1ef37f74629a2b6b59086e4)] -> id: modal-profil-murid]
Session ID: 702d86dcd1ef37f74629a2b6b59086e4
]]></error>
  </testcase>
  <testcase name="" classname="Scenario: Verify Nama Lengkap field is enabled" time="0.007">
    <error message="element click intercepted: Element &lt;label id=&quot;modal-profil-murid&quot; for=&quot;my-modal-5&quot; class=&quot;flex gap-1 absolute lg:top-10 top-10 lg:right-40 right-0&quot;&gt;...&lt;/label&gt; is not clickable at point (949, 280). Other element would receive the click: &lt;h2 class=&quot;swal2-title&quot; id=&quot;swal2-title&quot; style=&quot;display: block;&quot;&gt;...&lt;/h2&gt;&#10;  (Session info: chrome=110.0.5481.100)&#10;Build info: version: &apos;4.1.2&apos;, revision: &apos;9a5a329c5a&apos;&#10;System info: host: &apos;nsystem-mbp&apos;, ip: &apos;fe80:0:0:0:ce7:beec:a50b:8367%en0&apos;, os.name: &apos;Mac OS X&apos;, os.arch: &apos;x86_64&apos;, os.version: &apos;10.16&apos;, java.version: &apos;1.8.0_201&apos;&#10;Driver info: org.openqa.selenium.chrome.ChromeDriver&#10;Command: [702d86dcd1ef37f74629a2b6b59086e4, clickElement {id=48d7b927-b000-4941-bee6-eb9e6b1b54e9}]&#10;Capabilities {acceptInsecureCerts: false, browserName: chrome, browserVersion: 110.0.5481.100, chrome: {chromedriverVersion: 110.0.5481.77 (65ed616c6e8e..., userDataDir: /var/folders/00/xzw63_pj58g...}, goog:chromeOptions: {debuggerAddress: localhost:49822}, javascriptEnabled: true, networkConnectionEnabled: false, pageLoadStrategy: normal, platform: MAC, platformName: MAC, proxy: Proxy(), se:cdp: ws://localhost:49822/devtoo..., se:cdpVersion: 110.0.5481.100, setWindowRect: true, strictFileInteractability: false, timeouts: {implicit: 0, pageLoad: 300000, script: 30000}, unhandledPromptBehavior: dismiss and notify, webauthn:extension:credBlob: true, webauthn:extension:largeBlob: true, webauthn:virtualAuthenticators: true}&#10;Element: [[ChromeDriver: chrome on MAC (702d86dcd1ef37f74629a2b6b59086e4)] -&gt; id: modal-profil-murid]&#10;Session ID: 702d86dcd1ef37f74629a2b6b59086e4" type="org.openqa.selenium.ElementClickInterceptedException"><![CDATA[org.openqa.selenium.ElementClickInterceptedException: 
element click intercepted: Element <label id="modal-profil-murid" for="my-modal-5" class="flex gap-1 absolute lg:top-10 top-10 lg:right-40 right-0">...</label> is not clickable at point (949, 280). Other element would receive the click: <h2 class="swal2-title" id="swal2-title" style="display: block;">...</h2>
  (Session info: chrome=110.0.5481.100)
Build info: version: '4.1.2', revision: '9a5a329c5a'
System info: host: 'nsystem-mbp', ip: 'fe80:0:0:0:ce7:beec:a50b:8367%en0', os.name: 'Mac OS X', os.arch: 'x86_64', os.version: '10.16', java.version: '1.8.0_201'
Driver info: org.openqa.selenium.chrome.ChromeDriver
Command: [702d86dcd1ef37f74629a2b6b59086e4, clickElement {id=48d7b927-b000-4941-bee6-eb9e6b1b54e9}]
Capabilities {acceptInsecureCerts: false, browserName: chrome, browserVersion: 110.0.5481.100, chrome: {chromedriverVersion: 110.0.5481.77 (65ed616c6e8e..., userDataDir: /var/folders/00/xzw63_pj58g...}, goog:chromeOptions: {debuggerAddress: localhost:49822}, javascriptEnabled: true, networkConnectionEnabled: false, pageLoadStrategy: normal, platform: MAC, platformName: MAC, proxy: Proxy(), se:cdp: ws://localhost:49822/devtoo..., se:cdpVersion: 110.0.5481.100, setWindowRect: true, strictFileInteractability: false, timeouts: {implicit: 0, pageLoad: 300000, script: 30000}, unhandledPromptBehavior: dismiss and notify, webauthn:extension:credBlob: true, webauthn:extension:largeBlob: true, webauthn:virtualAuthenticators: true}
Element: [[ChromeDriver: chrome on MAC (702d86dcd1ef37f74629a2b6b59086e4)] -> id: modal-profil-murid]
Session ID: 702d86dcd1ef37f74629a2b6b59086e4
]]></error>
  </testcase>
  <testcase name="Given Student already on Edit Profile page" classname="Scenario: Verify Nama Lengkap field is enabled" time="0">
    <skipped/>
    <system-out><![CDATA[
  Background:                                                                        &amp#27;[90m# features/UpdateStudent.feature:4&amp#27;[0m
    &amp#27;[32mGiven &amp#27;[0m&amp#27;[32mUser open the website GuruMu&amp#27;[0m                                               &amp#27;[90m# LoginSteps.userOpenTheWebsiteGuruMu()&amp#27;[0m
    &amp#27;[32mWhen &amp#27;[0m&amp#27;[32mUser click avatar navigation&amp#27;[0m                                                &amp#27;[90m# LoginSteps.userClickAvatarNavigation()&amp#27;[0m
    &amp#27;[32mAnd &amp#27;[0m&amp#27;[32mUser click menu Masuk&amp#27;[0m                                                        &amp#27;[90m# LoginSteps.userClickMenuMasuk()&amp#27;[0m
    &amp#27;[32mAnd &amp#27;[0m&amp#27;[32mUser input "&amp#27;[0m&amp#27;[32m&amp#27;[1mherdiladania11@gmail.com&amp#27;[0m&amp#27;[32m" as email and input "&amp#27;[0m&amp#27;[32m&amp#27;[1mfe123&amp#27;[0m&amp#27;[32m" as password&amp#27;[0m &amp#27;[90m# LoginSteps.inputCredential(String,String)&amp#27;[0m
    &amp#27;[32mAnd &amp#27;[0m&amp#27;[32mUser clicked masuk button&amp#27;[0m                                                    &amp#27;[90m# LoginSteps.userClickMasukButton()&amp#27;[0m
    &amp#27;[32mWhen &amp#27;[0m&amp#27;[32mUser move to Profile Page&amp#27;[0m                                                   &amp#27;[90m# PenilaianUlasanSteps.userMoveToProfilePage()&amp#27;[0m
    &amp#27;[31mAnd &amp#27;[0m&amp#27;[31mUser click edit profile&amp#27;[0m                                                      &amp#27;[90m# UpdateStudentSteps.userClickEditProfile()&amp#27;[0m
      &amp#27;[31morg.openqa.selenium.ElementClickInterceptedException: element click intercepted: Element <label id="modal-profil-murid" for="my-modal-5" class="flex gap-1 absolute lg:top-10 top-10 lg:right-40 right-0">...</label> is not clickable at point (949, 280). Other element would receive the click: <h2 class="swal2-title" id="swal2-title" style="display: block;">...</h2>
        (Session info: chrome=110.0.5481.100)
      Build info: version: '4.1.2', revision: '9a5a329c5a'
      System info: host: 'nsystem-mbp', ip: 'fe80:0:0:0:ce7:beec:a50b:8367%en0', os.name: 'Mac OS X', os.arch: 'x86_64', os.version: '10.16', java.version: '1.8.0_201'
      Driver info: org.openqa.selenium.chrome.ChromeDriver
      Command: [702d86dcd1ef37f74629a2b6b59086e4, clickElement {id=48d7b927-b000-4941-bee6-eb9e6b1b54e9}]
      Capabilities {acceptInsecureCerts: false, browserName: chrome, browserVersion: 110.0.5481.100, chrome: {chromedriverVersion: 110.0.5481.77 (65ed616c6e8e..., userDataDir: /var/folders/00/xzw63_pj58g...}, goog:chromeOptions: {debuggerAddress: localhost:49822}, javascriptEnabled: true, networkConnectionEnabled: false, pageLoadStrategy: normal, platform: MAC, platformName: MAC, proxy: Proxy(), se:cdp: ws://localhost:49822/devtoo..., se:cdpVersion: 110.0.5481.100, setWindowRect: true, strictFileInteractability: false, timeouts: {implicit: 0, pageLoad: 300000, script: 30000}, unhandledPromptBehavior: dismiss and notify, webauthn:extension:credBlob: true, webauthn:extension:largeBlob: true, webauthn:virtualAuthenticators: true}
      Element: [[ChromeDriver: chrome on MAC (702d86dcd1ef37f74629a2b6b59086e4)] -> id: modal-profil-murid]
      Session ID: 702d86dcd1ef37f74629a2b6b59086e4
      	at sun.reflect.NativeConstructorAccessorImpl.newInstance0(Native Method)
      	at sun.reflect.NativeConstructorAccessorImpl.newInstance(NativeConstructorAccessorImpl.java:62)
      	at sun.reflect.DelegatingConstructorAccessorImpl.newInstance(DelegatingConstructorAccessorImpl.java:45)
      	at java.lang.reflect.Constructor.newInstance(Constructor.java:423)
      	at org.openqa.selenium.remote.codec.w3c.W3CHttpResponseCodec.createException(W3CHttpResponseCodec.java:200)
      	at org.openqa.selenium.remote.codec.w3c.W3CHttpResponseCodec.decode(W3CHttpResponseCodec.java:133)
      	at org.openqa.selenium.remote.codec.w3c.W3CHttpResponseCodec.decode(W3CHttpResponseCodec.java:53)
      	at org.openqa.selenium.remote.HttpCommandExecutor.execute(HttpCommandExecutor.java:184)
      	at org.openqa.selenium.remote.service.DriverCommandExecutor.invokeExecute(DriverCommandExecutor.java:167)
      	at org.openqa.selenium.remote.service.DriverCommandExecutor.execute(DriverCommandExecutor.java:142)
      	at org.openqa.selenium.remote.RemoteWebDriver.execute(RemoteWebDriver.java:558)
      	at org.openqa.selenium.remote.RemoteWebElement.execute(RemoteWebElement.java:251)
      	at org.openqa.selenium.remote.RemoteWebElement.click(RemoteWebElement.java:77)
      	at sun.reflect.GeneratedMethodAccessor10.invoke(Unknown Source)
      	at sun.reflect.DelegatingMethodAccessorImpl.invoke(DelegatingMethodAccessorImpl.java:43)
      	at java.lang.reflect.Method.invoke(Method.java:498)
      	at org.openqa.selenium.support.pagefactory.internal.LocatingElementHandler.invoke(LocatingElementHandler.java:52)
      	at com.sun.proxy.$Proxy21.click(Unknown Source)
      	at org.example.pageObject.UpdateStudentPage.openEditProfileModal(UpdateStudentPage.java:105)
      	at step_definitions.UpdateStudentSteps.userClickEditProfile(UpdateStudentSteps.java:355)
      	at ✽.And User click edit profile(features/UpdateStudent.feature:11)
      &amp#27;[0m
]]></system-out>
  </testcase>
  <testcase name="When Student click Nama Lengkap field" classname="Scenario: Verify Nama Lengkap field is enabled" time="0">
    <skipped/>
  </testcase>
  <testcase name="Then Nama Lengkap field is enabled" classname="Scenario: Verify Nama Lengkap field is enabled" time="0">
    <skipped/>
  </testcase>
  <testcase name="Given User open the website GuruMu" classname="| Nurul Khalifatu Sadiyah |" time="0">
    <system-out><![CDATA[
  Scenario: Verify Nama Lengkap field is enabled &amp#27;[90m# features/UpdateStudent.feature:13&amp#27;[0m
    &amp#27;[36mGiven &amp#27;[0m&amp#27;[36mStudent already on Edit Profile page&amp#27;[0m   &amp#27;[90m# UpdateStudentSteps.studentAlreadyonEditProfilePage()&amp#27;[0m
    &amp#27;[36mWhen &amp#27;[0m&amp#27;[36mStudent click Nama Lengkap field&amp#27;[0m        &amp#27;[90m# UpdateStudentSteps.studentClickNamaLengkapField()&amp#27;[0m
    &amp#27;[36mThen &amp#27;[0m&amp#27;[36mNama Lengkap field is enabled&amp#27;[0m           &amp#27;[90m# UpdateStudentSteps.namaLengkapFieldIsEnabled()&amp#27;[0m

  Scenario Outline: Input Field with Valid Name in Nama Lengkap field      &amp#27;[90m# features/UpdateStudent.feature:18&amp#27;[0m
    &amp#27;[36mGiven &amp#27;[0m&amp#27;[36mStudent already on Edit Profile page&amp#27;[0m
    &amp#27;[36mWhen &amp#27;[0m&amp#27;[36mStudent click Nama Lengkap field&amp#27;[0m
    &amp#27;[36mThen &amp#27;[0m&amp#27;[36mStudent input with valid name like "<name>" in Nama Lengkap field&amp#27;[0m

    Examples: 
]]></system-out>
    <system-err><![CDATA[Starting ChromeDriver 110.0.5481.77 (65ed616c6e8ee3fe0ad64fe83796c020644d42af-refs/branch-heads/5481@{#839}) on port 60055
Only local connections are allowed.
Please see https://chromedriver.chromium.org/security-considerations for suggestions on keeping ChromeDriver safe.
ChromeDriver was started successfully.
[1676553042.629][WARNING]: virtual void DevToolsClientImpl::AddListener(DevToolsEventListener *) subscribing a listener to the already connected DevToolsClient. Connection notification will not arrive.
Feb 16, 2023 8:10:42 PM org.openqa.selenium.remote.ProtocolHandshake createSession
INFO: Detected dialect: W3C
Feb 16, 2023 8:10:42 PM org.openqa.selenium.devtools.CdpVersionFinder findNearestMatch
WARNING: Unable to find an exact match for CDP version 110, so returning the closest version found: a no-op implementation
Feb 16, 2023 8:10:42 PM org.openqa.selenium.devtools.CdpVersionFinder findNearestMatch
INFO: Unable to find CDP implementation matching 110.
Feb 16, 2023 8:10:42 PM org.openqa.selenium.chromium.ChromiumDriver lambda$new$3
WARNING: Unable to find version of CDP to use for . You may need to include a dependency on a specific version of the CDP using something similar to `org.seleniumhq.selenium:selenium-devtools-v86:4.1.2` where the version ("v86") matches the version of the chromium-based browser you're using and the version number of the artifact is the same as Selenium's.
]]></system-err>
  </testcase>
  <testcase name="When User click avatar navigation" classname="| Nurul Khalifatu Sadiyah |" time="0"/>
  <testcase name="And User click menu Masuk" classname="| Nurul Khalifatu Sadiyah |" time="0"/>
  <testcase name="And User input &quot;herdiladania11@gmail.com&quot; as email and input &quot;fe123&quot; as password" classname="| Nurul Khalifatu Sadiyah |" time="0"/>
  <testcase name="And User clicked masuk button" classname="| Nurul Khalifatu Sadiyah |" time="0"/>
  <testcase name="When User move to Profile Page" classname="| Nurul Khalifatu Sadiyah |" time="0.003">
    <error message="no such element: Unable to locate element: {&quot;method&quot;:&quot;xpath&quot;,&quot;selector&quot;:&quot;//h2[@class=&apos;swal2-title&apos;]&quot;}&#10;  (Session info: chrome=110.0.5481.100)&#10;For documentation on this error, please visit: https://selenium.dev/exceptions/#no_such_element&#10;Build info: version: &apos;4.1.2&apos;, revision: &apos;9a5a329c5a&apos;&#10;System info: host: &apos;nsystem-mbp&apos;, ip: &apos;fe80:0:0:0:ce7:beec:a50b:8367%en0&apos;, os.name: &apos;Mac OS X&apos;, os.arch: &apos;x86_64&apos;, os.version: &apos;10.16&apos;, java.version: &apos;1.8.0_201&apos;&#10;Driver info: org.openqa.selenium.chrome.ChromeDriver&#10;Command: [fb1bddab3039576dc9892d05e81dd4aa, findElement {using=xpath, value=//h2[@class=&apos;swal2-title&apos;]}]&#10;Capabilities {acceptInsecureCerts: false, browserName: chrome, browserVersion: 110.0.5481.100, chrome: {chromedriverVersion: 110.0.5481.77 (65ed616c6e8e..., userDataDir: /var/folders/00/xzw63_pj58g...}, goog:chromeOptions: {debuggerAddress: localhost:49853}, javascriptEnabled: true, networkConnectionEnabled: false, pageLoadStrategy: normal, platform: MAC, platformName: MAC, proxy: Proxy(), se:cdp: ws://localhost:49853/devtoo..., se:cdpVersion: 110.0.5481.100, setWindowRect: true, strictFileInteractability: false, timeouts: {implicit: 0, pageLoad: 300000, script: 30000}, unhandledPromptBehavior: dismiss and notify, webauthn:extension:credBlob: true, webauthn:extension:largeBlob: true, webauthn:virtualAuthenticators: true}&#10;Session ID: fb1bddab3039576dc9892d05e81dd4aa" type="org.openqa.selenium.NoSuchElementException"><![CDATA[org.openqa.selenium.NoSuchElementException: 
no such element: Unable to locate element: {"method":"xpath","selector":"//h2[@class='swal2-title']"}
  (Session info: chrome=110.0.5481.100)
For documentation on this error, please visit: https://selenium.dev/exceptions/#no_such_element
Build info: version: '4.1.2', revision: '9a5a329c5a'
System info: host: 'nsystem-mbp', ip: 'fe80:0:0:0:ce7:beec:a50b:8367%en0', os.name: 'Mac OS X', os.arch: 'x86_64', os.version: '10.16', java.version: '1.8.0_201'
Driver info: org.openqa.selenium.chrome.ChromeDriver
Command: [fb1bddab3039576dc9892d05e81dd4aa, findElement {using=xpath, value=//h2[@class='swal2-title']}]
Capabilities {acceptInsecureCerts: false, browserName: chrome, browserVersion: 110.0.5481.100, chrome: {chromedriverVersion: 110.0.5481.77 (65ed616c6e8e..., userDataDir: /var/folders/00/xzw63_pj58g...}, goog:chromeOptions: {debuggerAddress: localhost:49853}, javascriptEnabled: true, networkConnectionEnabled: false, pageLoadStrategy: normal, platform: MAC, platformName: MAC, proxy: Proxy(), se:cdp: ws://localhost:49853/devtoo..., se:cdpVersion: 110.0.5481.100, setWindowRect: true, strictFileInteractability: false, timeouts: {implicit: 0, pageLoad: 300000, script: 30000}, unhandledPromptBehavior: dismiss and notify, webauthn:extension:credBlob: true, webauthn:extension:largeBlob: true, webauthn:virtualAuthenticators: true}
Session ID: fb1bddab3039576dc9892d05e81dd4aa
]]></error>
  </testcase>
  <testcase name="" classname="| Nurul Khalifatu Sadiyah |" time="0.003">
    <error message="no such element: Unable to locate element: {&quot;method&quot;:&quot;xpath&quot;,&quot;selector&quot;:&quot;//h2[@class=&apos;swal2-title&apos;]&quot;}&#10;  (Session info: chrome=110.0.5481.100)&#10;For documentation on this error, please visit: https://selenium.dev/exceptions/#no_such_element&#10;Build info: version: &apos;4.1.2&apos;, revision: &apos;9a5a329c5a&apos;&#10;System info: host: &apos;nsystem-mbp&apos;, ip: &apos;fe80:0:0:0:ce7:beec:a50b:8367%en0&apos;, os.name: &apos;Mac OS X&apos;, os.arch: &apos;x86_64&apos;, os.version: &apos;10.16&apos;, java.version: &apos;1.8.0_201&apos;&#10;Driver info: org.openqa.selenium.chrome.ChromeDriver&#10;Command: [fb1bddab3039576dc9892d05e81dd4aa, findElement {using=xpath, value=//h2[@class=&apos;swal2-title&apos;]}]&#10;Capabilities {acceptInsecureCerts: false, browserName: chrome, browserVersion: 110.0.5481.100, chrome: {chromedriverVersion: 110.0.5481.77 (65ed616c6e8e..., userDataDir: /var/folders/00/xzw63_pj58g...}, goog:chromeOptions: {debuggerAddress: localhost:49853}, javascriptEnabled: true, networkConnectionEnabled: false, pageLoadStrategy: normal, platform: MAC, platformName: MAC, proxy: Proxy(), se:cdp: ws://localhost:49853/devtoo..., se:cdpVersion: 110.0.5481.100, setWindowRect: true, strictFileInteractability: false, timeouts: {implicit: 0, pageLoad: 300000, script: 30000}, unhandledPromptBehavior: dismiss and notify, webauthn:extension:credBlob: true, webauthn:extension:largeBlob: true, webauthn:virtualAuthenticators: true}&#10;Session ID: fb1bddab3039576dc9892d05e81dd4aa" type="org.openqa.selenium.NoSuchElementException"><![CDATA[org.openqa.selenium.NoSuchElementException: 
no such element: Unable to locate element: {"method":"xpath","selector":"//h2[@class='swal2-title']"}
  (Session info: chrome=110.0.5481.100)
For documentation on this error, please visit: https://selenium.dev/exceptions/#no_such_element
Build info: version: '4.1.2', revision: '9a5a329c5a'
System info: host: 'nsystem-mbp', ip: 'fe80:0:0:0:ce7:beec:a50b:8367%en0', os.name: 'Mac OS X', os.arch: 'x86_64', os.version: '10.16', java.version: '1.8.0_201'
Driver info: org.openqa.selenium.chrome.ChromeDriver
Command: [fb1bddab3039576dc9892d05e81dd4aa, findElement {using=xpath, value=//h2[@class='swal2-title']}]
Capabilities {acceptInsecureCerts: false, browserName: chrome, browserVersion: 110.0.5481.100, chrome: {chromedriverVersion: 110.0.5481.77 (65ed616c6e8e..., userDataDir: /var/folders/00/xzw63_pj58g...}, goog:chromeOptions: {debuggerAddress: localhost:49853}, javascriptEnabled: true, networkConnectionEnabled: false, pageLoadStrategy: normal, platform: MAC, platformName: MAC, proxy: Proxy(), se:cdp: ws://localhost:49853/devtoo..., se:cdpVersion: 110.0.5481.100, setWindowRect: true, strictFileInteractability: false, timeouts: {implicit: 0, pageLoad: 300000, script: 30000}, unhandledPromptBehavior: dismiss and notify, webauthn:extension:credBlob: true, webauthn:extension:largeBlob: true, webauthn:virtualAuthenticators: true}
Session ID: fb1bddab3039576dc9892d05e81dd4aa
]]></error>
  </testcase>
  <testcase name="And User click edit profile" classname="| Nurul Khalifatu Sadiyah |" time="0">
    <skipped/>
  </testcase>
  <testcase name="Given Student already on Edit Profile page" classname="| Nurul Khalifatu Sadiyah |" time="0">
    <skipped/>
    <system-out><![CDATA[
  Background:                                                                        &amp#27;[90m# features/UpdateStudent.feature:4&amp#27;[0m
    &amp#27;[32mGiven &amp#27;[0m&amp#27;[32mUser open the website GuruMu&amp#27;[0m                                               &amp#27;[90m# LoginSteps.userOpenTheWebsiteGuruMu()&amp#27;[0m
    &amp#27;[32mWhen &amp#27;[0m&amp#27;[32mUser click avatar navigation&amp#27;[0m                                                &amp#27;[90m# LoginSteps.userClickAvatarNavigation()&amp#27;[0m
    &amp#27;[32mAnd &amp#27;[0m&amp#27;[32mUser click menu Masuk&amp#27;[0m                                                        &amp#27;[90m# LoginSteps.userClickMenuMasuk()&amp#27;[0m
    &amp#27;[32mAnd &amp#27;[0m&amp#27;[32mUser input "&amp#27;[0m&amp#27;[32m&amp#27;[1mherdiladania11@gmail.com&amp#27;[0m&amp#27;[32m" as email and input "&amp#27;[0m&amp#27;[32m&amp#27;[1mfe123&amp#27;[0m&amp#27;[32m" as password&amp#27;[0m &amp#27;[90m# LoginSteps.inputCredential(String,String)&amp#27;[0m
    &amp#27;[32mAnd &amp#27;[0m&amp#27;[32mUser clicked masuk button&amp#27;[0m                                                    &amp#27;[90m# LoginSteps.userClickMasukButton()&amp#27;[0m
    &amp#27;[31mWhen &amp#27;[0m&amp#27;[31mUser move to Profile Page&amp#27;[0m                                                   &amp#27;[90m# PenilaianUlasanSteps.userMoveToProfilePage()&amp#27;[0m
      &amp#27;[31morg.openqa.selenium.NoSuchElementException: no such element: Unable to locate element: {"method":"xpath","selector":"//h2[@class='swal2-title']"}
        (Session info: chrome=110.0.5481.100)
      For documentation on this error, please visit: https://selenium.dev/exceptions/#no_such_element
      Build info: version: '4.1.2', revision: '9a5a329c5a'
      System info: host: 'nsystem-mbp', ip: 'fe80:0:0:0:ce7:beec:a50b:8367%en0', os.name: 'Mac OS X', os.arch: 'x86_64', os.version: '10.16', java.version: '1.8.0_201'
      Driver info: org.openqa.selenium.chrome.ChromeDriver
      Command: [fb1bddab3039576dc9892d05e81dd4aa, findElement {using=xpath, value=//h2[@class='swal2-title']}]
      Capabilities {acceptInsecureCerts: false, browserName: chrome, browserVersion: 110.0.5481.100, chrome: {chromedriverVersion: 110.0.5481.77 (65ed616c6e8e..., userDataDir: /var/folders/00/xzw63_pj58g...}, goog:chromeOptions: {debuggerAddress: localhost:49853}, javascriptEnabled: true, networkConnectionEnabled: false, pageLoadStrategy: normal, platform: MAC, platformName: MAC, proxy: Proxy(), se:cdp: ws://localhost:49853/devtoo..., se:cdpVersion: 110.0.5481.100, setWindowRect: true, strictFileInteractability: false, timeouts: {implicit: 0, pageLoad: 300000, script: 30000}, unhandledPromptBehavior: dismiss and notify, webauthn:extension:credBlob: true, webauthn:extension:largeBlob: true, webauthn:virtualAuthenticators: true}
      Session ID: fb1bddab3039576dc9892d05e81dd4aa
      	at sun.reflect.GeneratedConstructorAccessor38.newInstance(Unknown Source)
      	at sun.reflect.DelegatingConstructorAccessorImpl.newInstance(DelegatingConstructorAccessorImpl.java:45)
      	at java.lang.reflect.Constructor.newInstance(Constructor.java:423)
      	at org.openqa.selenium.remote.codec.w3c.W3CHttpResponseCodec.createException(W3CHttpResponseCodec.java:200)
      	at org.openqa.selenium.remote.codec.w3c.W3CHttpResponseCodec.decode(W3CHttpResponseCodec.java:133)
      	at org.openqa.selenium.remote.codec.w3c.W3CHttpResponseCodec.decode(W3CHttpResponseCodec.java:53)
      	at org.openqa.selenium.remote.HttpCommandExecutor.execute(HttpCommandExecutor.java:184)
      	at org.openqa.selenium.remote.service.DriverCommandExecutor.invokeExecute(DriverCommandExecutor.java:167)
      	at org.openqa.selenium.remote.service.DriverCommandExecutor.execute(DriverCommandExecutor.java:142)
      	at org.openqa.selenium.remote.RemoteWebDriver.execute(RemoteWebDriver.java:558)
      	at org.openqa.selenium.remote.ElementLocation$ElementFinder$2.findElement(ElementLocation.java:162)
      	at org.openqa.selenium.remote.ElementLocation.findElement(ElementLocation.java:60)
      	at org.openqa.selenium.remote.RemoteWebDriver.findElement(RemoteWebDriver.java:382)
      	at org.openqa.selenium.remote.RemoteWebDriver.findElement(RemoteWebDriver.java:374)
      	at org.openqa.selenium.support.pagefactory.DefaultElementLocator.findElement(DefaultElementLocator.java:70)
      	at org.openqa.selenium.support.pagefactory.internal.LocatingElementHandler.invoke(LocatingElementHandler.java:39)
      	at com.sun.proxy.$Proxy21.isDisplayed(Unknown Source)
      	at org.example.pageObject.BerandaPage.successMessageIsDisplayed(BerandaPage.java:169)
      	at step_definitions.PenilaianUlasanSteps.userMoveToProfilePage(PenilaianUlasanSteps.java:163)
      	at ✽.When User move to Profile Page(features/UpdateStudent.feature:10)
      &amp#27;[0m
    &amp#27;[36mAnd &amp#27;[0m&amp#27;[36mUser click edit profile&amp#27;[0m                                                      &amp#27;[90m# UpdateStudentSteps.userClickEditProfile()&amp#27;[0m
]]></system-out>
  </testcase>
  <testcase name="When Student click Nama Lengkap field" classname="| Nurul Khalifatu Sadiyah |" time="0">
    <skipped/>
  </testcase>
  <testcase name="Then Student input with valid name like &quot;Nurul Khalifatu Sadiyah&quot; in Nama Lengkap field" classname="| Nurul Khalifatu Sadiyah |" time="0">
    <skipped/>
  </testcase>
  <testcase name="Given User open the website GuruMu" classname="| 081232736478263478910900 |" time="0">
    <system-out><![CDATA[
  @TestUpdateStudent @Test
  Scenario Outline: Input Field with Valid Name in Nama Lengkap field                       &amp#27;[90m# features/UpdateStudent.feature:24&amp#27;[0m
    &amp#27;[36mGiven &amp#27;[0m&amp#27;[36mStudent already on Edit Profile page&amp#27;[0m                                              &amp#27;[90m# UpdateStudentSteps.studentAlreadyonEditProfilePage()&amp#27;[0m
    &amp#27;[36mWhen &amp#27;[0m&amp#27;[36mStudent click Nama Lengkap field&amp#27;[0m                                                   &amp#27;[90m# UpdateStudentSteps.studentClickNamaLengkapField()&amp#27;[0m
    &amp#27;[36mThen &amp#27;[0m&amp#27;[36mStudent input with valid name like "&amp#27;[0m&amp#27;[36m&amp#27;[1mNurul Khalifatu Sadiyah&amp#27;[0m&amp#27;[36m" in Nama Lengkap field&amp#27;[0m &amp#27;[90m# UpdateStudentSteps.studentInputWithValidNameLikeInNamaLengkapField(String)&amp#27;[0m

  Scenario Outline: Input Field with Number in Nama Lengkap field      &amp#27;[90m# features/UpdateStudent.feature:26&amp#27;[0m
    &amp#27;[36mGiven &amp#27;[0m&amp#27;[36mStudent already on Edit Profile page&amp#27;[0m
    &amp#27;[36mWhen &amp#27;[0m&amp#27;[36mStudent click Nama Lengkap field&amp#27;[0m
    &amp#27;[36mThen &amp#27;[0m&amp#27;[36mStudent input with number like "<name>" in Nama Lengkap field&amp#27;[0m

    Examples: 
]]></system-out>
    <system-err><![CDATA[Starting ChromeDriver 110.0.5481.77 (65ed616c6e8ee3fe0ad64fe83796c020644d42af-refs/branch-heads/5481@{#839}) on port 54587
Only local connections are allowed.
Please see https://chromedriver.chromium.org/security-considerations for suggestions on keeping ChromeDriver safe.
ChromeDriver was started successfully.
[1676553081.013][WARNING]: virtual void DevToolsClientImpl::AddListener(DevToolsEventListener *) subscribing a listener to the already connected DevToolsClient. Connection notification will not arrive.
Feb 16, 2023 8:11:21 PM org.openqa.selenium.remote.ProtocolHandshake createSession
INFO: Detected dialect: W3C
Feb 16, 2023 8:11:21 PM org.openqa.selenium.devtools.CdpVersionFinder findNearestMatch
WARNING: Unable to find an exact match for CDP version 110, so returning the closest version found: a no-op implementation
Feb 16, 2023 8:11:21 PM org.openqa.selenium.devtools.CdpVersionFinder findNearestMatch
INFO: Unable to find CDP implementation matching 110.
Feb 16, 2023 8:11:21 PM org.openqa.selenium.chromium.ChromiumDriver lambda$new$3
WARNING: Unable to find version of CDP to use for . You may need to include a dependency on a specific version of the CDP using something similar to `org.seleniumhq.selenium:selenium-devtools-v86:4.1.2` where the version ("v86") matches the version of the chromium-based browser you're using and the version number of the artifact is the same as Selenium's.
]]></system-err>
  </testcase>
  <testcase name="When User click avatar navigation" classname="| 081232736478263478910900 |" time="0"/>
  <testcase name="And User click menu Masuk" classname="| 081232736478263478910900 |" time="0"/>
  <testcase name="And User input &quot;herdiladania11@gmail.com&quot; as email and input &quot;fe123&quot; as password" classname="| 081232736478263478910900 |" time="0"/>
  <testcase name="And User clicked masuk button" classname="| 081232736478263478910900 |" time="0"/>
  <testcase name="When User move to Profile Page" classname="| 081232736478263478910900 |" time="0.001"/>
  <testcase name="And User click edit profile" classname="| 081232736478263478910900 |" time="0.006">
    <error message="element click intercepted: Element &lt;label id=&quot;modal-profil-murid&quot; for=&quot;my-modal-5&quot; class=&quot;flex gap-1 absolute lg:top-10 top-10 lg:right-40 right-0&quot;&gt;...&lt;/label&gt; is not clickable at point (949, 280). Other element would receive the click: &lt;h2 class=&quot;swal2-title&quot; id=&quot;swal2-title&quot; style=&quot;display: block;&quot;&gt;...&lt;/h2&gt;&#10;  (Session info: chrome=110.0.5481.100)&#10;Build info: version: &apos;4.1.2&apos;, revision: &apos;9a5a329c5a&apos;&#10;System info: host: &apos;nsystem-mbp&apos;, ip: &apos;fe80:0:0:0:ce7:beec:a50b:8367%en0&apos;, os.name: &apos;Mac OS X&apos;, os.arch: &apos;x86_64&apos;, os.version: &apos;10.16&apos;, java.version: &apos;1.8.0_201&apos;&#10;Driver info: org.openqa.selenium.chrome.ChromeDriver&#10;Command: [0b35f89732cd80b99a0b59a162f8cee7, clickElement {id=f5696c1a-8f9a-47ed-bdab-8ca50ef27973}]&#10;Capabilities {acceptInsecureCerts: false, browserName: chrome, browserVersion: 110.0.5481.100, chrome: {chromedriverVersion: 110.0.5481.77 (65ed616c6e8e..., userDataDir: /var/folders/00/xzw63_pj58g...}, goog:chromeOptions: {debuggerAddress: localhost:49875}, javascriptEnabled: true, networkConnectionEnabled: false, pageLoadStrategy: normal, platform: MAC, platformName: MAC, proxy: Proxy(), se:cdp: ws://localhost:49875/devtoo..., se:cdpVersion: 110.0.5481.100, setWindowRect: true, strictFileInteractability: false, timeouts: {implicit: 0, pageLoad: 300000, script: 30000}, unhandledPromptBehavior: dismiss and notify, webauthn:extension:credBlob: true, webauthn:extension:largeBlob: true, webauthn:virtualAuthenticators: true}&#10;Element: [[ChromeDriver: chrome on MAC (0b35f89732cd80b99a0b59a162f8cee7)] -&gt; id: modal-profil-murid]&#10;Session ID: 0b35f89732cd80b99a0b59a162f8cee7" type="org.openqa.selenium.ElementClickInterceptedException"><![CDATA[org.openqa.selenium.ElementClickInterceptedException: 
element click intercepted: Element <label id="modal-profil-murid" for="my-modal-5" class="flex gap-1 absolute lg:top-10 top-10 lg:right-40 right-0">...</label> is not clickable at point (949, 280). Other element would receive the click: <h2 class="swal2-title" id="swal2-title" style="display: block;">...</h2>
  (Session info: chrome=110.0.5481.100)
Build info: version: '4.1.2', revision: '9a5a329c5a'
System info: host: 'nsystem-mbp', ip: 'fe80:0:0:0:ce7:beec:a50b:8367%en0', os.name: 'Mac OS X', os.arch: 'x86_64', os.version: '10.16', java.version: '1.8.0_201'
Driver info: org.openqa.selenium.chrome.ChromeDriver
Command: [0b35f89732cd80b99a0b59a162f8cee7, clickElement {id=f5696c1a-8f9a-47ed-bdab-8ca50ef27973}]
Capabilities {acceptInsecureCerts: false, browserName: chrome, browserVersion: 110.0.5481.100, chrome: {chromedriverVersion: 110.0.5481.77 (65ed616c6e8e..., userDataDir: /var/folders/00/xzw63_pj58g...}, goog:chromeOptions: {debuggerAddress: localhost:49875}, javascriptEnabled: true, networkConnectionEnabled: false, pageLoadStrategy: normal, platform: MAC, platformName: MAC, proxy: Proxy(), se:cdp: ws://localhost:49875/devtoo..., se:cdpVersion: 110.0.5481.100, setWindowRect: true, strictFileInteractability: false, timeouts: {implicit: 0, pageLoad: 300000, script: 30000}, unhandledPromptBehavior: dismiss and notify, webauthn:extension:credBlob: true, webauthn:extension:largeBlob: true, webauthn:virtualAuthenticators: true}
Element: [[ChromeDriver: chrome on MAC (0b35f89732cd80b99a0b59a162f8cee7)] -> id: modal-profil-murid]
Session ID: 0b35f89732cd80b99a0b59a162f8cee7
]]></error>
  </testcase>
  <testcase name="" classname="| 081232736478263478910900 |" time="0.007">
    <error message="element click intercepted: Element &lt;label id=&quot;modal-profil-murid&quot; for=&quot;my-modal-5&quot; class=&quot;flex gap-1 absolute lg:top-10 top-10 lg:right-40 right-0&quot;&gt;...&lt;/label&gt; is not clickable at point (949, 280). Other element would receive the click: &lt;h2 class=&quot;swal2-title&quot; id=&quot;swal2-title&quot; style=&quot;display: block;&quot;&gt;...&lt;/h2&gt;&#10;  (Session info: chrome=110.0.5481.100)&#10;Build info: version: &apos;4.1.2&apos;, revision: &apos;9a5a329c5a&apos;&#10;System info: host: &apos;nsystem-mbp&apos;, ip: &apos;fe80:0:0:0:ce7:beec:a50b:8367%en0&apos;, os.name: &apos;Mac OS X&apos;, os.arch: &apos;x86_64&apos;, os.version: &apos;10.16&apos;, java.version: &apos;1.8.0_201&apos;&#10;Driver info: org.openqa.selenium.chrome.ChromeDriver&#10;Command: [0b35f89732cd80b99a0b59a162f8cee7, clickElement {id=f5696c1a-8f9a-47ed-bdab-8ca50ef27973}]&#10;Capabilities {acceptInsecureCerts: false, browserName: chrome, browserVersion: 110.0.5481.100, chrome: {chromedriverVersion: 110.0.5481.77 (65ed616c6e8e..., userDataDir: /var/folders/00/xzw63_pj58g...}, goog:chromeOptions: {debuggerAddress: localhost:49875}, javascriptEnabled: true, networkConnectionEnabled: false, pageLoadStrategy: normal, platform: MAC, platformName: MAC, proxy: Proxy(), se:cdp: ws://localhost:49875/devtoo..., se:cdpVersion: 110.0.5481.100, setWindowRect: true, strictFileInteractability: false, timeouts: {implicit: 0, pageLoad: 300000, script: 30000}, unhandledPromptBehavior: dismiss and notify, webauthn:extension:credBlob: true, webauthn:extension:largeBlob: true, webauthn:virtualAuthenticators: true}&#10;Element: [[ChromeDriver: chrome on MAC (0b35f89732cd80b99a0b59a162f8cee7)] -&gt; id: modal-profil-murid]&#10;Session ID: 0b35f89732cd80b99a0b59a162f8cee7" type="org.openqa.selenium.ElementClickInterceptedException"><![CDATA[org.openqa.selenium.ElementClickInterceptedException: 
element click intercepted: Element <label id="modal-profil-murid" for="my-modal-5" class="flex gap-1 absolute lg:top-10 top-10 lg:right-40 right-0">...</label> is not clickable at point (949, 280). Other element would receive the click: <h2 class="swal2-title" id="swal2-title" style="display: block;">...</h2>
  (Session info: chrome=110.0.5481.100)
Build info: version: '4.1.2', revision: '9a5a329c5a'
System info: host: 'nsystem-mbp', ip: 'fe80:0:0:0:ce7:beec:a50b:8367%en0', os.name: 'Mac OS X', os.arch: 'x86_64', os.version: '10.16', java.version: '1.8.0_201'
Driver info: org.openqa.selenium.chrome.ChromeDriver
Command: [0b35f89732cd80b99a0b59a162f8cee7, clickElement {id=f5696c1a-8f9a-47ed-bdab-8ca50ef27973}]
Capabilities {acceptInsecureCerts: false, browserName: chrome, browserVersion: 110.0.5481.100, chrome: {chromedriverVersion: 110.0.5481.77 (65ed616c6e8e..., userDataDir: /var/folders/00/xzw63_pj58g...}, goog:chromeOptions: {debuggerAddress: localhost:49875}, javascriptEnabled: true, networkConnectionEnabled: false, pageLoadStrategy: normal, platform: MAC, platformName: MAC, proxy: Proxy(), se:cdp: ws://localhost:49875/devtoo..., se:cdpVersion: 110.0.5481.100, setWindowRect: true, strictFileInteractability: false, timeouts: {implicit: 0, pageLoad: 300000, script: 30000}, unhandledPromptBehavior: dismiss and notify, webauthn:extension:credBlob: true, webauthn:extension:largeBlob: true, webauthn:virtualAuthenticators: true}
Element: [[ChromeDriver: chrome on MAC (0b35f89732cd80b99a0b59a162f8cee7)] -> id: modal-profil-murid]
Session ID: 0b35f89732cd80b99a0b59a162f8cee7
]]></error>
  </testcase>
  <testcase name="Given Student already on Edit Profile page" classname="| 081232736478263478910900 |" time="0">
    <skipped/>
    <system-out><![CDATA[
  Background:                                                                        &amp#27;[90m# features/UpdateStudent.feature:4&amp#27;[0m
    &amp#27;[32mGiven &amp#27;[0m&amp#27;[32mUser open the website GuruMu&amp#27;[0m                                               &amp#27;[90m# LoginSteps.userOpenTheWebsiteGuruMu()&amp#27;[0m
    &amp#27;[32mWhen &amp#27;[0m&amp#27;[32mUser click avatar navigation&amp#27;[0m                                                &amp#27;[90m# LoginSteps.userClickAvatarNavigation()&amp#27;[0m
    &amp#27;[32mAnd &amp#27;[0m&amp#27;[32mUser click menu Masuk&amp#27;[0m                                                        &amp#27;[90m# LoginSteps.userClickMenuMasuk()&amp#27;[0m
    &amp#27;[32mAnd &amp#27;[0m&amp#27;[32mUser input "&amp#27;[0m&amp#27;[32m&amp#27;[1mherdiladania11@gmail.com&amp#27;[0m&amp#27;[32m" as email and input "&amp#27;[0m&amp#27;[32m&amp#27;[1mfe123&amp#27;[0m&amp#27;[32m" as password&amp#27;[0m &amp#27;[90m# LoginSteps.inputCredential(String,String)&amp#27;[0m
    &amp#27;[32mAnd &amp#27;[0m&amp#27;[32mUser clicked masuk button&amp#27;[0m                                                    &amp#27;[90m# LoginSteps.userClickMasukButton()&amp#27;[0m
    &amp#27;[32mWhen &amp#27;[0m&amp#27;[32mUser move to Profile Page&amp#27;[0m                                                   &amp#27;[90m# PenilaianUlasanSteps.userMoveToProfilePage()&amp#27;[0m
    &amp#27;[31mAnd &amp#27;[0m&amp#27;[31mUser click edit profile&amp#27;[0m                                                      &amp#27;[90m# UpdateStudentSteps.userClickEditProfile()&amp#27;[0m
      &amp#27;[31morg.openqa.selenium.ElementClickInterceptedException: element click intercepted: Element <label id="modal-profil-murid" for="my-modal-5" class="flex gap-1 absolute lg:top-10 top-10 lg:right-40 right-0">...</label> is not clickable at point (949, 280). Other element would receive the click: <h2 class="swal2-title" id="swal2-title" style="display: block;">...</h2>
        (Session info: chrome=110.0.5481.100)
      Build info: version: '4.1.2', revision: '9a5a329c5a'
      System info: host: 'nsystem-mbp', ip: 'fe80:0:0:0:ce7:beec:a50b:8367%en0', os.name: 'Mac OS X', os.arch: 'x86_64', os.version: '10.16', java.version: '1.8.0_201'
      Driver info: org.openqa.selenium.chrome.ChromeDriver
      Command: [0b35f89732cd80b99a0b59a162f8cee7, clickElement {id=f5696c1a-8f9a-47ed-bdab-8ca50ef27973}]
      Capabilities {acceptInsecureCerts: false, browserName: chrome, browserVersion: 110.0.5481.100, chrome: {chromedriverVersion: 110.0.5481.77 (65ed616c6e8e..., userDataDir: /var/folders/00/xzw63_pj58g...}, goog:chromeOptions: {debuggerAddress: localhost:49875}, javascriptEnabled: true, networkConnectionEnabled: false, pageLoadStrategy: normal, platform: MAC, platformName: MAC, proxy: Proxy(), se:cdp: ws://localhost:49875/devtoo..., se:cdpVersion: 110.0.5481.100, setWindowRect: true, strictFileInteractability: false, timeouts: {implicit: 0, pageLoad: 300000, script: 30000}, unhandledPromptBehavior: dismiss and notify, webauthn:extension:credBlob: true, webauthn:extension:largeBlob: true, webauthn:virtualAuthenticators: true}
      Element: [[ChromeDriver: chrome on MAC (0b35f89732cd80b99a0b59a162f8cee7)] -> id: modal-profil-murid]
      Session ID: 0b35f89732cd80b99a0b59a162f8cee7
      	at sun.reflect.NativeConstructorAccessorImpl.newInstance0(Native Method)
      	at sun.reflect.NativeConstructorAccessorImpl.newInstance(NativeConstructorAccessorImpl.java:62)
      	at sun.reflect.DelegatingConstructorAccessorImpl.newInstance(DelegatingConstructorAccessorImpl.java:45)
      	at java.lang.reflect.Constructor.newInstance(Constructor.java:423)
      	at org.openqa.selenium.remote.codec.w3c.W3CHttpResponseCodec.createException(W3CHttpResponseCodec.java:200)
      	at org.openqa.selenium.remote.codec.w3c.W3CHttpResponseCodec.decode(W3CHttpResponseCodec.java:133)
      	at org.openqa.selenium.remote.codec.w3c.W3CHttpResponseCodec.decode(W3CHttpResponseCodec.java:53)
      	at org.openqa.selenium.remote.HttpCommandExecutor.execute(HttpCommandExecutor.java:184)
      	at org.openqa.selenium.remote.service.DriverCommandExecutor.invokeExecute(DriverCommandExecutor.java:167)
      	at org.openqa.selenium.remote.service.DriverCommandExecutor.execute(DriverCommandExecutor.java:142)
      	at org.openqa.selenium.remote.RemoteWebDriver.execute(RemoteWebDriver.java:558)
      	at org.openqa.selenium.remote.RemoteWebElement.execute(RemoteWebElement.java:251)
      	at org.openqa.selenium.remote.RemoteWebElement.click(RemoteWebElement.java:77)
      	at sun.reflect.GeneratedMethodAccessor10.invoke(Unknown Source)
      	at sun.reflect.DelegatingMethodAccessorImpl.invoke(DelegatingMethodAccessorImpl.java:43)
      	at java.lang.reflect.Method.invoke(Method.java:498)
      	at org.openqa.selenium.support.pagefactory.internal.LocatingElementHandler.invoke(LocatingElementHandler.java:52)
      	at com.sun.proxy.$Proxy21.click(Unknown Source)
      	at org.example.pageObject.UpdateStudentPage.openEditProfileModal(UpdateStudentPage.java:105)
      	at step_definitions.UpdateStudentSteps.userClickEditProfile(UpdateStudentSteps.java:355)
      	at ✽.And User click edit profile(features/UpdateStudent.feature:11)
      &amp#27;[0m
]]></system-out>
  </testcase>
  <testcase name="When Student click Nama Lengkap field" classname="| 081232736478263478910900 |" time="0">
    <skipped/>
  </testcase>
  <testcase name="Then Student input with number like &quot;081232736478263478910900&quot; in Nama Lengkap field" classname="| 081232736478263478910900 |" time="0">
    <skipped/>
  </testcase>
  <testcase name="Given User open the website GuruMu" classname="| acbdefghij08123273647826 |" time="0">
    <system-out><![CDATA[
  @TestUpdateStudent @Test
  Scenario Outline: Input Field with Number in Nama Lengkap field                        &amp#27;[90m# features/UpdateStudent.feature:32&amp#27;[0m
    &amp#27;[36mGiven &amp#27;[0m&amp#27;[36mStudent already on Edit Profile page&amp#27;[0m                                           &amp#27;[90m# UpdateStudentSteps.studentAlreadyonEditProfilePage()&amp#27;[0m
    &amp#27;[36mWhen &amp#27;[0m&amp#27;[36mStudent click Nama Lengkap field&amp#27;[0m                                                &amp#27;[90m# UpdateStudentSteps.studentClickNamaLengkapField()&amp#27;[0m
    &amp#27;[36mThen &amp#27;[0m&amp#27;[36mStudent input with number like "&amp#27;[0m&amp#27;[36m&amp#27;[1m081232736478263478910900&amp#27;[0m&amp#27;[36m" in Nama Lengkap field&amp#27;[0m &amp#27;[90m# UpdateStudentSteps.studentInputWithNumberLikeInNamaLengkapField(String)&amp#27;[0m

  Scenario Outline: Input Field with Chacter and Number in Nama Lengkap field        &amp#27;[90m# features/UpdateStudent.feature:34&amp#27;[0m
    &amp#27;[36mGiven &amp#27;[0m&amp#27;[36mStudent already on Edit Profile page&amp#27;[0m
    &amp#27;[36mWhen &amp#27;[0m&amp#27;[36mStudent click Nama Lengkap field&amp#27;[0m
    &amp#27;[36mThen &amp#27;[0m&amp#27;[36mStudent input with character and number like "<name>" in Nama Lengkap field&amp#27;[0m

    Examples: 
]]></system-out>
    <system-err><![CDATA[Starting ChromeDriver 110.0.5481.77 (65ed616c6e8ee3fe0ad64fe83796c020644d42af-refs/branch-heads/5481@{#839}) on port 50908
Only local connections are allowed.
Please see https://chromedriver.chromium.org/security-considerations for suggestions on keeping ChromeDriver safe.
ChromeDriver was started successfully.
[1676553117.590][WARNING]: virtual void DevToolsClientImpl::AddListener(DevToolsEventListener *) subscribing a listener to the already connected DevToolsClient. Connection notification will not arrive.
Feb 16, 2023 8:11:57 PM org.openqa.selenium.remote.ProtocolHandshake createSession
INFO: Detected dialect: W3C
Feb 16, 2023 8:11:57 PM org.openqa.selenium.devtools.CdpVersionFinder findNearestMatch
WARNING: Unable to find an exact match for CDP version 110, so returning the closest version found: a no-op implementation
Feb 16, 2023 8:11:57 PM org.openqa.selenium.devtools.CdpVersionFinder findNearestMatch
INFO: Unable to find CDP implementation matching 110.
Feb 16, 2023 8:11:57 PM org.openqa.selenium.chromium.ChromiumDriver lambda$new$3
WARNING: Unable to find version of CDP to use for . You may need to include a dependency on a specific version of the CDP using something similar to `org.seleniumhq.selenium:selenium-devtools-v86:4.1.2` where the version ("v86") matches the version of the chromium-based browser you're using and the version number of the artifact is the same as Selenium's.
]]></system-err>
  </testcase>
  <testcase name="When User click avatar navigation" classname="| acbdefghij08123273647826 |" time="0"/>
  <testcase name="And User click menu Masuk" classname="| acbdefghij08123273647826 |" time="0"/>
  <testcase name="And User input &quot;herdiladania11@gmail.com&quot; as email and input &quot;fe123&quot; as password" classname="| acbdefghij08123273647826 |" time="0"/>
  <testcase name="And User clicked masuk button" classname="| acbdefghij08123273647826 |" time="0"/>
  <testcase name="When User move to Profile Page" classname="| acbdefghij08123273647826 |" time="0"/>
  <testcase name="And User click edit profile" classname="| acbdefghij08123273647826 |" time="0.004">
    <error message="element click intercepted: Element &lt;label id=&quot;modal-profil-murid&quot; for=&quot;my-modal-5&quot; class=&quot;flex gap-1 absolute lg:top-10 top-10 lg:right-40 right-0&quot;&gt;...&lt;/label&gt; is not clickable at point (949, 280). Other element would receive the click: &lt;h2 class=&quot;swal2-title&quot; id=&quot;swal2-title&quot; style=&quot;display: block;&quot;&gt;...&lt;/h2&gt;&#10;  (Session info: chrome=110.0.5481.100)&#10;Build info: version: &apos;4.1.2&apos;, revision: &apos;9a5a329c5a&apos;&#10;System info: host: &apos;nsystem-mbp&apos;, ip: &apos;fe80:0:0:0:ce7:beec:a50b:8367%en0&apos;, os.name: &apos;Mac OS X&apos;, os.arch: &apos;x86_64&apos;, os.version: &apos;10.16&apos;, java.version: &apos;1.8.0_201&apos;&#10;Driver info: org.openqa.selenium.chrome.ChromeDriver&#10;Command: [f138b722674989ebc430a52b1ce40743, clickElement {id=8dfa796a-8a80-4d6a-8d5c-ecc397bdb955}]&#10;Capabilities {acceptInsecureCerts: false, browserName: chrome, browserVersion: 110.0.5481.100, chrome: {chromedriverVersion: 110.0.5481.77 (65ed616c6e8e..., userDataDir: /var/folders/00/xzw63_pj58g...}, goog:chromeOptions: {debuggerAddress: localhost:49903}, javascriptEnabled: true, networkConnectionEnabled: false, pageLoadStrategy: normal, platform: MAC, platformName: MAC, proxy: Proxy(), se:cdp: ws://localhost:49903/devtoo..., se:cdpVersion: 110.0.5481.100, setWindowRect: true, strictFileInteractability: false, timeouts: {implicit: 0, pageLoad: 300000, script: 30000}, unhandledPromptBehavior: dismiss and notify, webauthn:extension:credBlob: true, webauthn:extension:largeBlob: true, webauthn:virtualAuthenticators: true}&#10;Element: [[ChromeDriver: chrome on MAC (f138b722674989ebc430a52b1ce40743)] -&gt; id: modal-profil-murid]&#10;Session ID: f138b722674989ebc430a52b1ce40743" type="org.openqa.selenium.ElementClickInterceptedException"><![CDATA[org.openqa.selenium.ElementClickInterceptedException: 
element click intercepted: Element <label id="modal-profil-murid" for="my-modal-5" class="flex gap-1 absolute lg:top-10 top-10 lg:right-40 right-0">...</label> is not clickable at point (949, 280). Other element would receive the click: <h2 class="swal2-title" id="swal2-title" style="display: block;">...</h2>
  (Session info: chrome=110.0.5481.100)
Build info: version: '4.1.2', revision: '9a5a329c5a'
System info: host: 'nsystem-mbp', ip: 'fe80:0:0:0:ce7:beec:a50b:8367%en0', os.name: 'Mac OS X', os.arch: 'x86_64', os.version: '10.16', java.version: '1.8.0_201'
Driver info: org.openqa.selenium.chrome.ChromeDriver
Command: [f138b722674989ebc430a52b1ce40743, clickElement {id=8dfa796a-8a80-4d6a-8d5c-ecc397bdb955}]
Capabilities {acceptInsecureCerts: false, browserName: chrome, browserVersion: 110.0.5481.100, chrome: {chromedriverVersion: 110.0.5481.77 (65ed616c6e8e..., userDataDir: /var/folders/00/xzw63_pj58g...}, goog:chromeOptions: {debuggerAddress: localhost:49903}, javascriptEnabled: true, networkConnectionEnabled: false, pageLoadStrategy: normal, platform: MAC, platformName: MAC, proxy: Proxy(), se:cdp: ws://localhost:49903/devtoo..., se:cdpVersion: 110.0.5481.100, setWindowRect: true, strictFileInteractability: false, timeouts: {implicit: 0, pageLoad: 300000, script: 30000}, unhandledPromptBehavior: dismiss and notify, webauthn:extension:credBlob: true, webauthn:extension:largeBlob: true, webauthn:virtualAuthenticators: true}
Element: [[ChromeDriver: chrome on MAC (f138b722674989ebc430a52b1ce40743)] -> id: modal-profil-murid]
Session ID: f138b722674989ebc430a52b1ce40743
]]></error>
  </testcase>
  <testcase name="" classname="| acbdefghij08123273647826 |" time="0.005">
    <error message="element click intercepted: Element &lt;label id=&quot;modal-profil-murid&quot; for=&quot;my-modal-5&quot; class=&quot;flex gap-1 absolute lg:top-10 top-10 lg:right-40 right-0&quot;&gt;...&lt;/label&gt; is not clickable at point (949, 280). Other element would receive the click: &lt;h2 class=&quot;swal2-title&quot; id=&quot;swal2-title&quot; style=&quot;display: block;&quot;&gt;...&lt;/h2&gt;&#10;  (Session info: chrome=110.0.5481.100)&#10;Build info: version: &apos;4.1.2&apos;, revision: &apos;9a5a329c5a&apos;&#10;System info: host: &apos;nsystem-mbp&apos;, ip: &apos;fe80:0:0:0:ce7:beec:a50b:8367%en0&apos;, os.name: &apos;Mac OS X&apos;, os.arch: &apos;x86_64&apos;, os.version: &apos;10.16&apos;, java.version: &apos;1.8.0_201&apos;&#10;Driver info: org.openqa.selenium.chrome.ChromeDriver&#10;Command: [f138b722674989ebc430a52b1ce40743, clickElement {id=8dfa796a-8a80-4d6a-8d5c-ecc397bdb955}]&#10;Capabilities {acceptInsecureCerts: false, browserName: chrome, browserVersion: 110.0.5481.100, chrome: {chromedriverVersion: 110.0.5481.77 (65ed616c6e8e..., userDataDir: /var/folders/00/xzw63_pj58g...}, goog:chromeOptions: {debuggerAddress: localhost:49903}, javascriptEnabled: true, networkConnectionEnabled: false, pageLoadStrategy: normal, platform: MAC, platformName: MAC, proxy: Proxy(), se:cdp: ws://localhost:49903/devtoo..., se:cdpVersion: 110.0.5481.100, setWindowRect: true, strictFileInteractability: false, timeouts: {implicit: 0, pageLoad: 300000, script: 30000}, unhandledPromptBehavior: dismiss and notify, webauthn:extension:credBlob: true, webauthn:extension:largeBlob: true, webauthn:virtualAuthenticators: true}&#10;Element: [[ChromeDriver: chrome on MAC (f138b722674989ebc430a52b1ce40743)] -&gt; id: modal-profil-murid]&#10;Session ID: f138b722674989ebc430a52b1ce40743" type="org.openqa.selenium.ElementClickInterceptedException"><![CDATA[org.openqa.selenium.ElementClickInterceptedException: 
element click intercepted: Element <label id="modal-profil-murid" for="my-modal-5" class="flex gap-1 absolute lg:top-10 top-10 lg:right-40 right-0">...</label> is not clickable at point (949, 280). Other element would receive the click: <h2 class="swal2-title" id="swal2-title" style="display: block;">...</h2>
  (Session info: chrome=110.0.5481.100)
Build info: version: '4.1.2', revision: '9a5a329c5a'
System info: host: 'nsystem-mbp', ip: 'fe80:0:0:0:ce7:beec:a50b:8367%en0', os.name: 'Mac OS X', os.arch: 'x86_64', os.version: '10.16', java.version: '1.8.0_201'
Driver info: org.openqa.selenium.chrome.ChromeDriver
Command: [f138b722674989ebc430a52b1ce40743, clickElement {id=8dfa796a-8a80-4d6a-8d5c-ecc397bdb955}]
Capabilities {acceptInsecureCerts: false, browserName: chrome, browserVersion: 110.0.5481.100, chrome: {chromedriverVersion: 110.0.5481.77 (65ed616c6e8e..., userDataDir: /var/folders/00/xzw63_pj58g...}, goog:chromeOptions: {debuggerAddress: localhost:49903}, javascriptEnabled: true, networkConnectionEnabled: false, pageLoadStrategy: normal, platform: MAC, platformName: MAC, proxy: Proxy(), se:cdp: ws://localhost:49903/devtoo..., se:cdpVersion: 110.0.5481.100, setWindowRect: true, strictFileInteractability: false, timeouts: {implicit: 0, pageLoad: 300000, script: 30000}, unhandledPromptBehavior: dismiss and notify, webauthn:extension:credBlob: true, webauthn:extension:largeBlob: true, webauthn:virtualAuthenticators: true}
Element: [[ChromeDriver: chrome on MAC (f138b722674989ebc430a52b1ce40743)] -> id: modal-profil-murid]
Session ID: f138b722674989ebc430a52b1ce40743
]]></error>
  </testcase>
  <testcase name="Given Student already on Edit Profile page" classname="| acbdefghij08123273647826 |" time="0">
    <skipped/>
    <system-out><![CDATA[
  Background:                                                                        &amp#27;[90m# features/UpdateStudent.feature:4&amp#27;[0m
    &amp#27;[32mGiven &amp#27;[0m&amp#27;[32mUser open the website GuruMu&amp#27;[0m                                               &amp#27;[90m# LoginSteps.userOpenTheWebsiteGuruMu()&amp#27;[0m
    &amp#27;[32mWhen &amp#27;[0m&amp#27;[32mUser click avatar navigation&amp#27;[0m                                                &amp#27;[90m# LoginSteps.userClickAvatarNavigation()&amp#27;[0m
    &amp#27;[32mAnd &amp#27;[0m&amp#27;[32mUser click menu Masuk&amp#27;[0m                                                        &amp#27;[90m# LoginSteps.userClickMenuMasuk()&amp#27;[0m
    &amp#27;[32mAnd &amp#27;[0m&amp#27;[32mUser input "&amp#27;[0m&amp#27;[32m&amp#27;[1mherdiladania11@gmail.com&amp#27;[0m&amp#27;[32m" as email and input "&amp#27;[0m&amp#27;[32m&amp#27;[1mfe123&amp#27;[0m&amp#27;[32m" as password&amp#27;[0m &amp#27;[90m# LoginSteps.inputCredential(String,String)&amp#27;[0m
    &amp#27;[32mAnd &amp#27;[0m&amp#27;[32mUser clicked masuk button&amp#27;[0m                                                    &amp#27;[90m# LoginSteps.userClickMasukButton()&amp#27;[0m
    &amp#27;[32mWhen &amp#27;[0m&amp#27;[32mUser move to Profile Page&amp#27;[0m                                                   &amp#27;[90m# PenilaianUlasanSteps.userMoveToProfilePage()&amp#27;[0m
    &amp#27;[31mAnd &amp#27;[0m&amp#27;[31mUser click edit profile&amp#27;[0m                                                      &amp#27;[90m# UpdateStudentSteps.userClickEditProfile()&amp#27;[0m
      &amp#27;[31morg.openqa.selenium.ElementClickInterceptedException: element click intercepted: Element <label id="modal-profil-murid" for="my-modal-5" class="flex gap-1 absolute lg:top-10 top-10 lg:right-40 right-0">...</label> is not clickable at point (949, 280). Other element would receive the click: <h2 class="swal2-title" id="swal2-title" style="display: block;">...</h2>
        (Session info: chrome=110.0.5481.100)
      Build info: version: '4.1.2', revision: '9a5a329c5a'
      System info: host: 'nsystem-mbp', ip: 'fe80:0:0:0:ce7:beec:a50b:8367%en0', os.name: 'Mac OS X', os.arch: 'x86_64', os.version: '10.16', java.version: '1.8.0_201'
      Driver info: org.openqa.selenium.chrome.ChromeDriver
      Command: [f138b722674989ebc430a52b1ce40743, clickElement {id=8dfa796a-8a80-4d6a-8d5c-ecc397bdb955}]
      Capabilities {acceptInsecureCerts: false, browserName: chrome, browserVersion: 110.0.5481.100, chrome: {chromedriverVersion: 110.0.5481.77 (65ed616c6e8e..., userDataDir: /var/folders/00/xzw63_pj58g...}, goog:chromeOptions: {debuggerAddress: localhost:49903}, javascriptEnabled: true, networkConnectionEnabled: false, pageLoadStrategy: normal, platform: MAC, platformName: MAC, proxy: Proxy(), se:cdp: ws://localhost:49903/devtoo..., se:cdpVersion: 110.0.5481.100, setWindowRect: true, strictFileInteractability: false, timeouts: {implicit: 0, pageLoad: 300000, script: 30000}, unhandledPromptBehavior: dismiss and notify, webauthn:extension:credBlob: true, webauthn:extension:largeBlob: true, webauthn:virtualAuthenticators: true}
      Element: [[ChromeDriver: chrome on MAC (f138b722674989ebc430a52b1ce40743)] -> id: modal-profil-murid]
      Session ID: f138b722674989ebc430a52b1ce40743
      	at sun.reflect.NativeConstructorAccessorImpl.newInstance0(Native Method)
      	at sun.reflect.NativeConstructorAccessorImpl.newInstance(NativeConstructorAccessorImpl.java:62)
      	at sun.reflect.DelegatingConstructorAccessorImpl.newInstance(DelegatingConstructorAccessorImpl.java:45)
      	at java.lang.reflect.Constructor.newInstance(Constructor.java:423)
      	at org.openqa.selenium.remote.codec.w3c.W3CHttpResponseCodec.createException(W3CHttpResponseCodec.java:200)
      	at org.openqa.selenium.remote.codec.w3c.W3CHttpResponseCodec.decode(W3CHttpResponseCodec.java:133)
      	at org.openqa.selenium.remote.codec.w3c.W3CHttpResponseCodec.decode(W3CHttpResponseCodec.java:53)
      	at org.openqa.selenium.remote.HttpCommandExecutor.execute(HttpCommandExecutor.java:184)
      	at org.openqa.selenium.remote.service.DriverCommandExecutor.invokeExecute(DriverCommandExecutor.java:167)
      	at org.openqa.selenium.remote.service.DriverCommandExecutor.execute(DriverCommandExecutor.java:142)
      	at org.openqa.selenium.remote.RemoteWebDriver.execute(RemoteWebDriver.java:558)
      	at org.openqa.selenium.remote.RemoteWebElement.execute(RemoteWebElement.java:251)
      	at org.openqa.selenium.remote.RemoteWebElement.click(RemoteWebElement.java:77)
      	at sun.reflect.GeneratedMethodAccessor10.invoke(Unknown Source)
      	at sun.reflect.DelegatingMethodAccessorImpl.invoke(DelegatingMethodAccessorImpl.java:43)
      	at java.lang.reflect.Method.invoke(Method.java:498)
      	at org.openqa.selenium.support.pagefactory.internal.LocatingElementHandler.invoke(LocatingElementHandler.java:52)
      	at com.sun.proxy.$Proxy21.click(Unknown Source)
      	at org.example.pageObject.UpdateStudentPage.openEditProfileModal(UpdateStudentPage.java:105)
      	at step_definitions.UpdateStudentSteps.userClickEditProfile(UpdateStudentSteps.java:355)
      	at ✽.And User click edit profile(features/UpdateStudent.feature:11)
      &amp#27;[0m
]]></system-out>
  </testcase>
  <testcase name="When Student click Nama Lengkap field" classname="| acbdefghij08123273647826 |" time="0">
    <skipped/>
  </testcase>
  <testcase name="Then Student input with character and number like &quot;acbdefghij08123273647826&quot; in Nama Lengkap field" classname="| acbdefghij08123273647826 |" time="0">
    <skipped/>
  </testcase>
  <testcase name="Given User open the website GuruMu" classname="| #$^$%&amp;^%*&amp;^*^&amp;*$#$#@%$%^ |" time="0">
    <system-out><![CDATA[
  @TestUpdateStudent @Test
  Scenario Outline: Input Field with Chacter and Number in Nama Lengkap field                          &amp#27;[90m# features/UpdateStudent.feature:40&amp#27;[0m
    &amp#27;[36mGiven &amp#27;[0m&amp#27;[36mStudent already on Edit Profile page&amp#27;[0m                                                         &amp#27;[90m# UpdateStudentSteps.studentAlreadyonEditProfilePage()&amp#27;[0m
    &amp#27;[36mWhen &amp#27;[0m&amp#27;[36mStudent click Nama Lengkap field&amp#27;[0m                                                              &amp#27;[90m# UpdateStudentSteps.studentClickNamaLengkapField()&amp#27;[0m
    &amp#27;[36mThen &amp#27;[0m&amp#27;[36mStudent input with character and number like "&amp#27;[0m&amp#27;[36m&amp#27;[1macbdefghij08123273647826&amp#27;[0m&amp#27;[36m" in Nama Lengkap field&amp#27;[0m &amp#27;[90m# UpdateStudentSteps.studentInputWithCharacterAndNumberLikeInNamaLengkapField(String)&amp#27;[0m

  Scenario Outline: Input Field with Special Character in Nama Lengkap field      &amp#27;[90m# features/UpdateStudent.feature:42&amp#27;[0m
    &amp#27;[36mGiven &amp#27;[0m&amp#27;[36mStudent already on Edit Profile page&amp#27;[0m
    &amp#27;[36mWhen &amp#27;[0m&amp#27;[36mStudent click Nama Lengkap field&amp#27;[0m
    &amp#27;[36mThen &amp#27;[0m&amp#27;[36mStudent input with special character like "<name>" in Nama Lengkap field&amp#27;[0m

    Examples: 
]]></system-out>
    <system-err><![CDATA[Starting ChromeDriver 110.0.5481.77 (65ed616c6e8ee3fe0ad64fe83796c020644d42af-refs/branch-heads/5481@{#839}) on port 54722
Only local connections are allowed.
Please see https://chromedriver.chromium.org/security-considerations for suggestions on keeping ChromeDriver safe.
ChromeDriver was started successfully.
[1676553153.113][WARNING]: virtual void DevToolsClientImpl::AddListener(DevToolsEventListener *) subscribing a listener to the already connected DevToolsClient. Connection notification will not arrive.
Feb 16, 2023 8:12:33 PM org.openqa.selenium.remote.ProtocolHandshake createSession
INFO: Detected dialect: W3C
Feb 16, 2023 8:12:33 PM org.openqa.selenium.devtools.CdpVersionFinder findNearestMatch
WARNING: Unable to find an exact match for CDP version 110, so returning the closest version found: a no-op implementation
Feb 16, 2023 8:12:33 PM org.openqa.selenium.devtools.CdpVersionFinder findNearestMatch
INFO: Unable to find CDP implementation matching 110.
Feb 16, 2023 8:12:33 PM org.openqa.selenium.chromium.ChromiumDriver lambda$new$3
WARNING: Unable to find version of CDP to use for . You may need to include a dependency on a specific version of the CDP using something similar to `org.seleniumhq.selenium:selenium-devtools-v86:4.1.2` where the version ("v86") matches the version of the chromium-based browser you're using and the version number of the artifact is the same as Selenium's.
]]></system-err>
  </testcase>
  <testcase name="Given User open the website GuruMu" classname="| #$^$%&amp;^%*&amp;^*^&amp;*$#$#@%$%^ |" time="0">
    <system-out><![CDATA[
  @TestUpdateStudent @Test
  Scenario Outline: Input Field with Number in Email field            &amp#27;[90m# features/UpdateStudent.feature:146&amp#27;[0m
    &amp#27;[36mGiven &amp#27;[0m&amp#27;[36mStudent already on Edit Profile page&amp#27;[0m                        &amp#27;[90m# UpdateStudentSteps.studentAlreadyonEditProfilePage()&amp#27;[0m
    &amp#27;[36mWhen &amp#27;[0m&amp#27;[36mStudent click Email field&amp#27;[0m                                    &amp#27;[90m# UpdateStudentSteps.studentClickEmailField()&amp#27;[0m
    &amp#27;[36mThen &amp#27;[0m&amp#27;[36mStudent input with number like "&amp#27;[0m&amp#27;[36m&amp#27;[1m263478910900&amp#27;[0m&amp#27;[36m" in Email field&amp#27;[0m &amp#27;[90m# UpdateStudentSteps.studentInputWithNumberLikeInEmailField(String)&amp#27;[0m

  Scenario Outline: Input Field with Special Character in Email field       &amp#27;[90m# features/UpdateStudent.feature:148&amp#27;[0m
    &amp#27;[36mGiven &amp#27;[0m&amp#27;[36mStudent already on Edit Profile page&amp#27;[0m
    &amp#27;[36mWhen &amp#27;[0m&amp#27;[36mStudent click Email field&amp#27;[0m
    &amp#27;[36mThen &amp#27;[0m&amp#27;[36mStudent input with special character like "<email>" in Email field&amp#27;[0m

    Examples: 
]]></system-out>
    <system-err><![CDATA[Starting ChromeDriver 110.0.5481.77 (65ed616c6e8ee3fe0ad64fe83796c020644d42af-refs/branch-heads/5481@{#839}) on port 60871
Only local connections are allowed.
Please see https://chromedriver.chromium.org/security-considerations for suggestions on keeping ChromeDriver safe.
ChromeDriver was started successfully.
[1676553645.848][WARNING]: virtual void DevToolsClientImpl::AddListener(DevToolsEventListener *) subscribing a listener to the already connected DevToolsClient. Connection notification will not arrive.
Feb 16, 2023 8:20:46 PM org.openqa.selenium.remote.ProtocolHandshake createSession
INFO: Detected dialect: W3C
Feb 16, 2023 8:20:46 PM org.openqa.selenium.devtools.CdpVersionFinder findNearestMatch
WARNING: Unable to find an exact match for CDP version 110, so returning the closest version found: a no-op implementation
Feb 16, 2023 8:20:46 PM org.openqa.selenium.devtools.CdpVersionFinder findNearestMatch
INFO: Unable to find CDP implementation matching 110.
Feb 16, 2023 8:20:46 PM org.openqa.selenium.chromium.ChromiumDriver lambda$new$3
WARNING: Unable to find version of CDP to use for . You may need to include a dependency on a specific version of the CDP using something similar to `org.seleniumhq.selenium:selenium-devtools-v86:4.1.2` where the version ("v86") matches the version of the chromium-based browser you're using and the version number of the artifact is the same as Selenium's.
]]></system-err>
  </testcase>
  <testcase name="Given User open the website GuruMu" classname="| #$^$%&amp;^%*&amp;^*^&amp;*$#$#@%$%^ |" time="0">
    <system-out><![CDATA[
  @TestUpdateStudent @Test
  Scenario Outline: Input Field with Not Valid Special Character in Alamat field                    &amp#27;[90m# features/UpdateStudent.feature:191&amp#27;[0m
    &amp#27;[36mGiven &amp#27;[0m&amp#27;[36mStudent already on Edit Profile page&amp#27;[0m                                                      &amp#27;[90m# UpdateStudentSteps.studentAlreadyonEditProfilePage()&amp#27;[0m
    &amp#27;[36mWhen &amp#27;[0m&amp#27;[36mStudent click Alamat field&amp#27;[0m                                                                 &amp#27;[90m# UpdateStudentSteps.studentClickAlamatField()&amp#27;[0m
    &amp#27;[36mThen &amp#27;[0m&amp#27;[36mStudent input with not valid special character like "&amp#27;[0m&amp#27;[36m&amp#27;[1mJakarta Barat no.12%&amp#27;[0m&amp#27;[36m" in Alamat field&amp#27;[0m &amp#27;[90m# UpdateStudentSteps.studentInputWithNotValidSpecialCharacterLikeInAlamatField(String)&amp#27;[0m

  Scenario Outline: Input Field with Special Character in Alamat field        &amp#27;[90m# features/UpdateStudent.feature:193&amp#27;[0m
    &amp#27;[36mGiven &amp#27;[0m&amp#27;[36mStudent already on Edit Profile page&amp#27;[0m
    &amp#27;[36mWhen &amp#27;[0m&amp#27;[36mStudent click Alamat field&amp#27;[0m
    &amp#27;[36mThen &amp#27;[0m&amp#27;[36mStudent input with special character like "<alamat>" in Alamat field&amp#27;[0m

    Examples: 
]]></system-out>
    <system-err><![CDATA[Starting ChromeDriver 110.0.5481.77 (65ed616c6e8ee3fe0ad64fe83796c020644d42af-refs/branch-heads/5481@{#839}) on port 57442
Only local connections are allowed.
Please see https://chromedriver.chromium.org/security-considerations for suggestions on keeping ChromeDriver safe.
ChromeDriver was started successfully.
[1676553848.222][WARNING]: virtual void DevToolsClientImpl::AddListener(DevToolsEventListener *) subscribing a listener to the already connected DevToolsClient. Connection notification will not arrive.
Feb 16, 2023 8:24:08 PM org.openqa.selenium.remote.ProtocolHandshake createSession
INFO: Detected dialect: W3C
Feb 16, 2023 8:24:08 PM org.openqa.selenium.devtools.CdpVersionFinder findNearestMatch
WARNING: Unable to find an exact match for CDP version 110, so returning the closest version found: a no-op implementation
Feb 16, 2023 8:24:08 PM org.openqa.selenium.devtools.CdpVersionFinder findNearestMatch
INFO: Unable to find CDP implementation matching 110.
Feb 16, 2023 8:24:08 PM org.openqa.selenium.chromium.ChromiumDriver lambda$new$3
WARNING: Unable to find version of CDP to use for . You may need to include a dependency on a specific version of the CDP using something similar to `org.seleniumhq.selenium:selenium-devtools-v86:4.1.2` where the version ("v86") matches the version of the chromium-based browser you're using and the version number of the artifact is the same as Selenium's.
]]></system-err>
  </testcase>
  <testcase name="Given User open the website GuruMu" classname="| #$^$%&amp;^%*&amp;^*^&amp;*$#$#@%$%^ |" time="0">
    <system-out><![CDATA[
  @TestUpdateTeacher @Test
  Scenario Outline: Input Field with Number in 'Email' field            &amp#27;[90m# features/UpdateTeacher.feature:385&amp#27;[0m
    &amp#27;[36mGiven &amp#27;[0m&amp#27;[36mTeacher already on Edit Profile page&amp#27;[0m                          &amp#27;[90m# UpdateTeacherSteps.teacherAlreadyOnEditProfilePage()&amp#27;[0m
    &amp#27;[36mWhen &amp#27;[0m&amp#27;[36mTeacher click 'Email' field&amp#27;[0m                                    &amp#27;[90m# UpdateTeacherSteps.teacherClickEmailField()&amp#27;[0m
    &amp#27;[36mThen &amp#27;[0m&amp#27;[36mTeacher input with number like "&amp#27;[0m&amp#27;[36m&amp#27;[1m263478910900&amp#27;[0m&amp#27;[36m" in 'Email' field&amp#27;[0m &amp#27;[90m# UpdateTeacherSteps.teacherInputWithNumberLikeInEmailField(String)&amp#27;[0m

  Scenario Outline: Input Field with Special Character in 'Email' field       &amp#27;[90m# features/UpdateTeacher.feature:387&amp#27;[0m
    &amp#27;[36mGiven &amp#27;[0m&amp#27;[36mTeacher already on Edit Profile page&amp#27;[0m
    &amp#27;[36mWhen &amp#27;[0m&amp#27;[36mTeacher click 'Email' field&amp#27;[0m
    &amp#27;[36mThen &amp#27;[0m&amp#27;[36mTeacher input with special character like "<email>" in 'Email' field&amp#27;[0m

    Examples: 
]]></system-out>
    <system-err><![CDATA[Starting ChromeDriver 110.0.5481.77 (65ed616c6e8ee3fe0ad64fe83796c020644d42af-refs/branch-heads/5481@{#839}) on port 56756
Only local connections are allowed.
Please see https://chromedriver.chromium.org/security-considerations for suggestions on keeping ChromeDriver safe.
ChromeDriver was started successfully.
[1676555886.800][WARNING]: virtual void DevToolsClientImpl::AddListener(DevToolsEventListener *) subscribing a listener to the already connected DevToolsClient. Connection notification will not arrive.
Feb 16, 2023 8:58:06 PM org.openqa.selenium.remote.ProtocolHandshake createSession
INFO: Detected dialect: W3C
Feb 16, 2023 8:58:07 PM org.openqa.selenium.devtools.CdpVersionFinder findNearestMatch
WARNING: Unable to find an exact match for CDP version 110, so returning the closest version found: a no-op implementation
Feb 16, 2023 8:58:07 PM org.openqa.selenium.devtools.CdpVersionFinder findNearestMatch
INFO: Unable to find CDP implementation matching 110.
Feb 16, 2023 8:58:07 PM org.openqa.selenium.chromium.ChromiumDriver lambda$new$3
WARNING: Unable to find version of CDP to use for . You may need to include a dependency on a specific version of the CDP using something similar to `org.seleniumhq.selenium:selenium-devtools-v86:4.1.2` where the version ("v86") matches the version of the chromium-based browser you're using and the version number of the artifact is the same as Selenium's.
]]></system-err>
  </testcase>
  <testcase name="When User click avatar navigation" classname="| #$^$%&amp;^%*&amp;^*^&amp;*$#$#@%$%^ |" time="0"/>
  <testcase name="When User click avatar navigation" classname="| #$^$%&amp;^%*&amp;^*^&amp;*$#$#@%$%^ |" time="0"/>
  <testcase name="When User click avatar navigation" classname="| #$^$%&amp;^%*&amp;^*^&amp;*$#$#@%$%^ |" time="0.001"/>
  <testcase name="When User click avatar navigation" classname="| #$^$%&amp;^%*&amp;^*^&amp;*$#$#@%$%^ |" time="0.002"/>
  <testcase name="And User click menu Masuk" classname="| #$^$%&amp;^%*&amp;^*^&amp;*$#$#@%$%^ |" time="0"/>
  <testcase name="And User click menu Masuk" classname="| #$^$%&amp;^%*&amp;^*^&amp;*$#$#@%$%^ |" time="0"/>
  <testcase name="And User click menu Masuk" classname="| #$^$%&amp;^%*&amp;^*^&amp;*$#$#@%$%^ |" time="0"/>
  <testcase name="And User click menu Masuk" classname="| #$^$%&amp;^%*&amp;^*^&amp;*$#$#@%$%^ |" time="0"/>
  <testcase name="And User input &quot;herdiladania11@gmail.com&quot; as email and input &quot;fe123&quot; as password" classname="| #$^$%&amp;^%*&amp;^*^&amp;*$#$#@%$%^ |" time="0"/>
  <testcase name="And User input &quot;herdiladania11@gmail.com&quot; as email and input &quot;fe123&quot; as password" classname="| #$^$%&amp;^%*&amp;^*^&amp;*$#$#@%$%^ |" time="0"/>
  <testcase name="And User input &quot;herdiladania11@gmail.com&quot; as email and input &quot;fe123&quot; as password" classname="| #$^$%&amp;^%*&amp;^*^&amp;*$#$#@%$%^ |" time="0"/>
  <testcase name="And User clicked masuk button" classname="| #$^$%&amp;^%*&amp;^*^&amp;*$#$#@%$%^ |" time="0"/>
  <testcase name="And User clicked masuk button" classname="| #$^$%&amp;^%*&amp;^*^&amp;*$#$#@%$%^ |" time="0"/>
  <testcase name="And User clicked masuk button" classname="| #$^$%&amp;^%*&amp;^*^&amp;*$#$#@%$%^ |" time="0"/>
  <testcase name="And User clicked masuk button" classname="| #$^$%&amp;^%*&amp;^*^&amp;*$#$#@%$%^ |" time="0"/>
  <testcase name="When User move to Profile Page" classname="| #$^$%&amp;^%*&amp;^*^&amp;*$#$#@%$%^ |" time="0"/>
  <testcase name="When User move to Profile Page" classname="| #$^$%&amp;^%*&amp;^*^&amp;*$#$#@%$%^ |" time="0"/>
  <testcase name="When User move to Profile Page" classname="| #$^$%&amp;^%*&amp;^*^&amp;*$#$#@%$%^ |" time="0"/>
  <testcase name="When User move to Profile Page" classname="| #$^$%&amp;^%*&amp;^*^&amp;*$#$#@%$%^ |" time="0"/>
  <testcase name="And User click edit profile" classname="| #$^$%&amp;^%*&amp;^*^&amp;*$#$#@%$%^ |" time="0.003">
    <error message="element click intercepted: Element &lt;label id=&quot;modal-profil-murid&quot; for=&quot;my-modal-5&quot; class=&quot;flex gap-1 absolute lg:top-10 top-10 lg:right-40 right-0&quot;&gt;...&lt;/label&gt; is not clickable at point (949, 280). Other element would receive the click: &lt;h2 class=&quot;swal2-title&quot; id=&quot;swal2-title&quot; style=&quot;display: block;&quot;&gt;...&lt;/h2&gt;&#10;  (Session info: chrome=110.0.5481.100)&#10;Build info: version: &apos;4.1.2&apos;, revision: &apos;9a5a329c5a&apos;&#10;System info: host: &apos;nsystem-mbp&apos;, ip: &apos;fe80:0:0:0:ce7:beec:a50b:8367%en0&apos;, os.name: &apos;Mac OS X&apos;, os.arch: &apos;x86_64&apos;, os.version: &apos;10.16&apos;, java.version: &apos;1.8.0_201&apos;&#10;Driver info: org.openqa.selenium.chrome.ChromeDriver&#10;Command: [82047371e428f7e76a20ebc8724aa2a6, clickElement {id=8fb780d6-90d3-4e8a-a416-cd26ccc3af9e}]&#10;Capabilities {acceptInsecureCerts: false, browserName: chrome, browserVersion: 110.0.5481.100, chrome: {chromedriverVersion: 110.0.5481.77 (65ed616c6e8e..., userDataDir: /var/folders/00/xzw63_pj58g...}, goog:chromeOptions: {debuggerAddress: localhost:49927}, javascriptEnabled: true, networkConnectionEnabled: false, pageLoadStrategy: normal, platform: MAC, platformName: MAC, proxy: Proxy(), se:cdp: ws://localhost:49927/devtoo..., se:cdpVersion: 110.0.5481.100, setWindowRect: true, strictFileInteractability: false, timeouts: {implicit: 0, pageLoad: 300000, script: 30000}, unhandledPromptBehavior: dismiss and notify, webauthn:extension:credBlob: true, webauthn:extension:largeBlob: true, webauthn:virtualAuthenticators: true}&#10;Element: [[ChromeDriver: chrome on MAC (82047371e428f7e76a20ebc8724aa2a6)] -&gt; id: modal-profil-murid]&#10;Session ID: 82047371e428f7e76a20ebc8724aa2a6" type="org.openqa.selenium.ElementClickInterceptedException"><![CDATA[org.openqa.selenium.ElementClickInterceptedException: 
element click intercepted: Element <label id="modal-profil-murid" for="my-modal-5" class="flex gap-1 absolute lg:top-10 top-10 lg:right-40 right-0">...</label> is not clickable at point (949, 280). Other element would receive the click: <h2 class="swal2-title" id="swal2-title" style="display: block;">...</h2>
  (Session info: chrome=110.0.5481.100)
Build info: version: '4.1.2', revision: '9a5a329c5a'
System info: host: 'nsystem-mbp', ip: 'fe80:0:0:0:ce7:beec:a50b:8367%en0', os.name: 'Mac OS X', os.arch: 'x86_64', os.version: '10.16', java.version: '1.8.0_201'
Driver info: org.openqa.selenium.chrome.ChromeDriver
Command: [82047371e428f7e76a20ebc8724aa2a6, clickElement {id=8fb780d6-90d3-4e8a-a416-cd26ccc3af9e}]
Capabilities {acceptInsecureCerts: false, browserName: chrome, browserVersion: 110.0.5481.100, chrome: {chromedriverVersion: 110.0.5481.77 (65ed616c6e8e..., userDataDir: /var/folders/00/xzw63_pj58g...}, goog:chromeOptions: {debuggerAddress: localhost:49927}, javascriptEnabled: true, networkConnectionEnabled: false, pageLoadStrategy: normal, platform: MAC, platformName: MAC, proxy: Proxy(), se:cdp: ws://localhost:49927/devtoo..., se:cdpVersion: 110.0.5481.100, setWindowRect: true, strictFileInteractability: false, timeouts: {implicit: 0, pageLoad: 300000, script: 30000}, unhandledPromptBehavior: dismiss and notify, webauthn:extension:credBlob: true, webauthn:extension:largeBlob: true, webauthn:virtualAuthenticators: true}
Element: [[ChromeDriver: chrome on MAC (82047371e428f7e76a20ebc8724aa2a6)] -> id: modal-profil-murid]
Session ID: 82047371e428f7e76a20ebc8724aa2a6
]]></error>
  </testcase>
  <testcase name="And User click edit profile" classname="| #$^$%&amp;^%*&amp;^*^&amp;*$#$#@%$%^ |" time="0.003">
    <error message="element click intercepted: Element &lt;label id=&quot;modal-profil-murid&quot; for=&quot;my-modal-5&quot; class=&quot;flex gap-1 absolute lg:top-10 top-10 lg:right-40 right-0&quot;&gt;...&lt;/label&gt; is not clickable at point (949, 280). Other element would receive the click: &lt;h2 class=&quot;swal2-title&quot; id=&quot;swal2-title&quot; style=&quot;display: block;&quot;&gt;...&lt;/h2&gt;&#10;  (Session info: chrome=110.0.5481.100)&#10;Build info: version: &apos;4.1.2&apos;, revision: &apos;9a5a329c5a&apos;&#10;System info: host: &apos;nsystem-mbp&apos;, ip: &apos;fe80:0:0:0:ce7:beec:a50b:8367%en0&apos;, os.name: &apos;Mac OS X&apos;, os.arch: &apos;x86_64&apos;, os.version: &apos;10.16&apos;, java.version: &apos;1.8.0_201&apos;&#10;Driver info: org.openqa.selenium.chrome.ChromeDriver&#10;Command: [86b23511b75bc15f8dc1dc0d40ebd3dd, clickElement {id=5663cb96-2519-4000-a4d9-635b176827c1}]&#10;Capabilities {acceptInsecureCerts: false, browserName: chrome, browserVersion: 110.0.5481.100, chrome: {chromedriverVersion: 110.0.5481.77 (65ed616c6e8e..., userDataDir: /var/folders/00/xzw63_pj58g...}, goog:chromeOptions: {debuggerAddress: localhost:50291}, javascriptEnabled: true, networkConnectionEnabled: false, pageLoadStrategy: normal, platform: MAC, platformName: MAC, proxy: Proxy(), se:cdp: ws://localhost:50291/devtoo..., se:cdpVersion: 110.0.5481.100, setWindowRect: true, strictFileInteractability: false, timeouts: {implicit: 0, pageLoad: 300000, script: 30000}, unhandledPromptBehavior: dismiss and notify, webauthn:extension:credBlob: true, webauthn:extension:largeBlob: true, webauthn:virtualAuthenticators: true}&#10;Element: [[ChromeDriver: chrome on MAC (86b23511b75bc15f8dc1dc0d40ebd3dd)] -&gt; id: modal-profil-murid]&#10;Session ID: 86b23511b75bc15f8dc1dc0d40ebd3dd" type="org.openqa.selenium.ElementClickInterceptedException"><![CDATA[org.openqa.selenium.ElementClickInterceptedException: 
element click intercepted: Element <label id="modal-profil-murid" for="my-modal-5" class="flex gap-1 absolute lg:top-10 top-10 lg:right-40 right-0">...</label> is not clickable at point (949, 280). Other element would receive the click: <h2 class="swal2-title" id="swal2-title" style="display: block;">...</h2>
  (Session info: chrome=110.0.5481.100)
Build info: version: '4.1.2', revision: '9a5a329c5a'
System info: host: 'nsystem-mbp', ip: 'fe80:0:0:0:ce7:beec:a50b:8367%en0', os.name: 'Mac OS X', os.arch: 'x86_64', os.version: '10.16', java.version: '1.8.0_201'
Driver info: org.openqa.selenium.chrome.ChromeDriver
Command: [86b23511b75bc15f8dc1dc0d40ebd3dd, clickElement {id=5663cb96-2519-4000-a4d9-635b176827c1}]
Capabilities {acceptInsecureCerts: false, browserName: chrome, browserVersion: 110.0.5481.100, chrome: {chromedriverVersion: 110.0.5481.77 (65ed616c6e8e..., userDataDir: /var/folders/00/xzw63_pj58g...}, goog:chromeOptions: {debuggerAddress: localhost:50291}, javascriptEnabled: true, networkConnectionEnabled: false, pageLoadStrategy: normal, platform: MAC, platformName: MAC, proxy: Proxy(), se:cdp: ws://localhost:50291/devtoo..., se:cdpVersion: 110.0.5481.100, setWindowRect: true, strictFileInteractability: false, timeouts: {implicit: 0, pageLoad: 300000, script: 30000}, unhandledPromptBehavior: dismiss and notify, webauthn:extension:credBlob: true, webauthn:extension:largeBlob: true, webauthn:virtualAuthenticators: true}
Element: [[ChromeDriver: chrome on MAC (86b23511b75bc15f8dc1dc0d40ebd3dd)] -> id: modal-profil-murid]
Session ID: 86b23511b75bc15f8dc1dc0d40ebd3dd
]]></error>
  </testcase>
  <testcase name="And User click edit profile" classname="| #$^$%&amp;^%*&amp;^*^&amp;*$#$#@%$%^ |" time="0.004">
    <error message="element click intercepted: Element &lt;label id=&quot;modal-profil-murid&quot; for=&quot;my-modal-5&quot; class=&quot;flex gap-1 absolute lg:top-10 top-10 lg:right-40 right-0&quot;&gt;...&lt;/label&gt; is not clickable at point (949, 280). Other element would receive the click: &lt;h2 class=&quot;swal2-title&quot; id=&quot;swal2-title&quot; style=&quot;display: block;&quot;&gt;...&lt;/h2&gt;&#10;  (Session info: chrome=110.0.5481.100)&#10;Build info: version: &apos;4.1.2&apos;, revision: &apos;9a5a329c5a&apos;&#10;System info: host: &apos;nsystem-mbp&apos;, ip: &apos;fe80:0:0:0:ce7:beec:a50b:8367%en0&apos;, os.name: &apos;Mac OS X&apos;, os.arch: &apos;x86_64&apos;, os.version: &apos;10.16&apos;, java.version: &apos;1.8.0_201&apos;&#10;Driver info: org.openqa.selenium.chrome.ChromeDriver&#10;Command: [93b297e1e04bdf50572383df2b0f47c7, clickElement {id=344c0397-4637-49b4-995e-cf0842535148}]&#10;Capabilities {acceptInsecureCerts: false, browserName: chrome, browserVersion: 110.0.5481.100, chrome: {chromedriverVersion: 110.0.5481.77 (65ed616c6e8e..., userDataDir: /var/folders/00/xzw63_pj58g...}, goog:chromeOptions: {debuggerAddress: localhost:50448}, javascriptEnabled: true, networkConnectionEnabled: false, pageLoadStrategy: normal, platform: MAC, platformName: MAC, proxy: Proxy(), se:cdp: ws://localhost:50448/devtoo..., se:cdpVersion: 110.0.5481.100, setWindowRect: true, strictFileInteractability: false, timeouts: {implicit: 0, pageLoad: 300000, script: 30000}, unhandledPromptBehavior: dismiss and notify, webauthn:extension:credBlob: true, webauthn:extension:largeBlob: true, webauthn:virtualAuthenticators: true}&#10;Element: [[ChromeDriver: chrome on MAC (93b297e1e04bdf50572383df2b0f47c7)] -&gt; id: modal-profil-murid]&#10;Session ID: 93b297e1e04bdf50572383df2b0f47c7" type="org.openqa.selenium.ElementClickInterceptedException"><![CDATA[org.openqa.selenium.ElementClickInterceptedException: 
element click intercepted: Element <label id="modal-profil-murid" for="my-modal-5" class="flex gap-1 absolute lg:top-10 top-10 lg:right-40 right-0">...</label> is not clickable at point (949, 280). Other element would receive the click: <h2 class="swal2-title" id="swal2-title" style="display: block;">...</h2>
  (Session info: chrome=110.0.5481.100)
Build info: version: '4.1.2', revision: '9a5a329c5a'
System info: host: 'nsystem-mbp', ip: 'fe80:0:0:0:ce7:beec:a50b:8367%en0', os.name: 'Mac OS X', os.arch: 'x86_64', os.version: '10.16', java.version: '1.8.0_201'
Driver info: org.openqa.selenium.chrome.ChromeDriver
Command: [93b297e1e04bdf50572383df2b0f47c7, clickElement {id=344c0397-4637-49b4-995e-cf0842535148}]
Capabilities {acceptInsecureCerts: false, browserName: chrome, browserVersion: 110.0.5481.100, chrome: {chromedriverVersion: 110.0.5481.77 (65ed616c6e8e..., userDataDir: /var/folders/00/xzw63_pj58g...}, goog:chromeOptions: {debuggerAddress: localhost:50448}, javascriptEnabled: true, networkConnectionEnabled: false, pageLoadStrategy: normal, platform: MAC, platformName: MAC, proxy: Proxy(), se:cdp: ws://localhost:50448/devtoo..., se:cdpVersion: 110.0.5481.100, setWindowRect: true, strictFileInteractability: false, timeouts: {implicit: 0, pageLoad: 300000, script: 30000}, unhandledPromptBehavior: dismiss and notify, webauthn:extension:credBlob: true, webauthn:extension:largeBlob: true, webauthn:virtualAuthenticators: true}
Element: [[ChromeDriver: chrome on MAC (93b297e1e04bdf50572383df2b0f47c7)] -> id: modal-profil-murid]
Session ID: 93b297e1e04bdf50572383df2b0f47c7
]]></error>
  </testcase>
  <testcase name="" classname="| #$^$%&amp;^%*&amp;^*^&amp;*$#$#@%$%^ |" time="0.004">
    <error message="element click intercepted: Element &lt;label id=&quot;modal-profil-murid&quot; for=&quot;my-modal-5&quot; class=&quot;flex gap-1 absolute lg:top-10 top-10 lg:right-40 right-0&quot;&gt;...&lt;/label&gt; is not clickable at point (949, 280). Other element would receive the click: &lt;h2 class=&quot;swal2-title&quot; id=&quot;swal2-title&quot; style=&quot;display: block;&quot;&gt;...&lt;/h2&gt;&#10;  (Session info: chrome=110.0.5481.100)&#10;Build info: version: &apos;4.1.2&apos;, revision: &apos;9a5a329c5a&apos;&#10;System info: host: &apos;nsystem-mbp&apos;, ip: &apos;fe80:0:0:0:ce7:beec:a50b:8367%en0&apos;, os.name: &apos;Mac OS X&apos;, os.arch: &apos;x86_64&apos;, os.version: &apos;10.16&apos;, java.version: &apos;1.8.0_201&apos;&#10;Driver info: org.openqa.selenium.chrome.ChromeDriver&#10;Command: [82047371e428f7e76a20ebc8724aa2a6, clickElement {id=8fb780d6-90d3-4e8a-a416-cd26ccc3af9e}]&#10;Capabilities {acceptInsecureCerts: false, browserName: chrome, browserVersion: 110.0.5481.100, chrome: {chromedriverVersion: 110.0.5481.77 (65ed616c6e8e..., userDataDir: /var/folders/00/xzw63_pj58g...}, goog:chromeOptions: {debuggerAddress: localhost:49927}, javascriptEnabled: true, networkConnectionEnabled: false, pageLoadStrategy: normal, platform: MAC, platformName: MAC, proxy: Proxy(), se:cdp: ws://localhost:49927/devtoo..., se:cdpVersion: 110.0.5481.100, setWindowRect: true, strictFileInteractability: false, timeouts: {implicit: 0, pageLoad: 300000, script: 30000}, unhandledPromptBehavior: dismiss and notify, webauthn:extension:credBlob: true, webauthn:extension:largeBlob: true, webauthn:virtualAuthenticators: true}&#10;Element: [[ChromeDriver: chrome on MAC (82047371e428f7e76a20ebc8724aa2a6)] -&gt; id: modal-profil-murid]&#10;Session ID: 82047371e428f7e76a20ebc8724aa2a6" type="org.openqa.selenium.ElementClickInterceptedException"><![CDATA[org.openqa.selenium.ElementClickInterceptedException: 
element click intercepted: Element <label id="modal-profil-murid" for="my-modal-5" class="flex gap-1 absolute lg:top-10 top-10 lg:right-40 right-0">...</label> is not clickable at point (949, 280). Other element would receive the click: <h2 class="swal2-title" id="swal2-title" style="display: block;">...</h2>
  (Session info: chrome=110.0.5481.100)
Build info: version: '4.1.2', revision: '9a5a329c5a'
System info: host: 'nsystem-mbp', ip: 'fe80:0:0:0:ce7:beec:a50b:8367%en0', os.name: 'Mac OS X', os.arch: 'x86_64', os.version: '10.16', java.version: '1.8.0_201'
Driver info: org.openqa.selenium.chrome.ChromeDriver
Command: [82047371e428f7e76a20ebc8724aa2a6, clickElement {id=8fb780d6-90d3-4e8a-a416-cd26ccc3af9e}]
Capabilities {acceptInsecureCerts: false, browserName: chrome, browserVersion: 110.0.5481.100, chrome: {chromedriverVersion: 110.0.5481.77 (65ed616c6e8e..., userDataDir: /var/folders/00/xzw63_pj58g...}, goog:chromeOptions: {debuggerAddress: localhost:49927}, javascriptEnabled: true, networkConnectionEnabled: false, pageLoadStrategy: normal, platform: MAC, platformName: MAC, proxy: Proxy(), se:cdp: ws://localhost:49927/devtoo..., se:cdpVersion: 110.0.5481.100, setWindowRect: true, strictFileInteractability: false, timeouts: {implicit: 0, pageLoad: 300000, script: 30000}, unhandledPromptBehavior: dismiss and notify, webauthn:extension:credBlob: true, webauthn:extension:largeBlob: true, webauthn:virtualAuthenticators: true}
Element: [[ChromeDriver: chrome on MAC (82047371e428f7e76a20ebc8724aa2a6)] -> id: modal-profil-murid]
Session ID: 82047371e428f7e76a20ebc8724aa2a6
]]></error>
  </testcase>
  <testcase name="" classname="| #$^$%&amp;^%*&amp;^*^&amp;*$#$#@%$%^ |" time="0.003">
    <error message="element click intercepted: Element &lt;label id=&quot;modal-profil-murid&quot; for=&quot;my-modal-5&quot; class=&quot;flex gap-1 absolute lg:top-10 top-10 lg:right-40 right-0&quot;&gt;...&lt;/label&gt; is not clickable at point (949, 280). Other element would receive the click: &lt;h2 class=&quot;swal2-title&quot; id=&quot;swal2-title&quot; style=&quot;display: block;&quot;&gt;...&lt;/h2&gt;&#10;  (Session info: chrome=110.0.5481.100)&#10;Build info: version: &apos;4.1.2&apos;, revision: &apos;9a5a329c5a&apos;&#10;System info: host: &apos;nsystem-mbp&apos;, ip: &apos;fe80:0:0:0:ce7:beec:a50b:8367%en0&apos;, os.name: &apos;Mac OS X&apos;, os.arch: &apos;x86_64&apos;, os.version: &apos;10.16&apos;, java.version: &apos;1.8.0_201&apos;&#10;Driver info: org.openqa.selenium.chrome.ChromeDriver&#10;Command: [86b23511b75bc15f8dc1dc0d40ebd3dd, clickElement {id=5663cb96-2519-4000-a4d9-635b176827c1}]&#10;Capabilities {acceptInsecureCerts: false, browserName: chrome, browserVersion: 110.0.5481.100, chrome: {chromedriverVersion: 110.0.5481.77 (65ed616c6e8e..., userDataDir: /var/folders/00/xzw63_pj58g...}, goog:chromeOptions: {debuggerAddress: localhost:50291}, javascriptEnabled: true, networkConnectionEnabled: false, pageLoadStrategy: normal, platform: MAC, platformName: MAC, proxy: Proxy(), se:cdp: ws://localhost:50291/devtoo..., se:cdpVersion: 110.0.5481.100, setWindowRect: true, strictFileInteractability: false, timeouts: {implicit: 0, pageLoad: 300000, script: 30000}, unhandledPromptBehavior: dismiss and notify, webauthn:extension:credBlob: true, webauthn:extension:largeBlob: true, webauthn:virtualAuthenticators: true}&#10;Element: [[ChromeDriver: chrome on MAC (86b23511b75bc15f8dc1dc0d40ebd3dd)] -&gt; id: modal-profil-murid]&#10;Session ID: 86b23511b75bc15f8dc1dc0d40ebd3dd" type="org.openqa.selenium.ElementClickInterceptedException"><![CDATA[org.openqa.selenium.ElementClickInterceptedException: 
element click intercepted: Element <label id="modal-profil-murid" for="my-modal-5" class="flex gap-1 absolute lg:top-10 top-10 lg:right-40 right-0">...</label> is not clickable at point (949, 280). Other element would receive the click: <h2 class="swal2-title" id="swal2-title" style="display: block;">...</h2>
  (Session info: chrome=110.0.5481.100)
Build info: version: '4.1.2', revision: '9a5a329c5a'
System info: host: 'nsystem-mbp', ip: 'fe80:0:0:0:ce7:beec:a50b:8367%en0', os.name: 'Mac OS X', os.arch: 'x86_64', os.version: '10.16', java.version: '1.8.0_201'
Driver info: org.openqa.selenium.chrome.ChromeDriver
Command: [86b23511b75bc15f8dc1dc0d40ebd3dd, clickElement {id=5663cb96-2519-4000-a4d9-635b176827c1}]
Capabilities {acceptInsecureCerts: false, browserName: chrome, browserVersion: 110.0.5481.100, chrome: {chromedriverVersion: 110.0.5481.77 (65ed616c6e8e..., userDataDir: /var/folders/00/xzw63_pj58g...}, goog:chromeOptions: {debuggerAddress: localhost:50291}, javascriptEnabled: true, networkConnectionEnabled: false, pageLoadStrategy: normal, platform: MAC, platformName: MAC, proxy: Proxy(), se:cdp: ws://localhost:50291/devtoo..., se:cdpVersion: 110.0.5481.100, setWindowRect: true, strictFileInteractability: false, timeouts: {implicit: 0, pageLoad: 300000, script: 30000}, unhandledPromptBehavior: dismiss and notify, webauthn:extension:credBlob: true, webauthn:extension:largeBlob: true, webauthn:virtualAuthenticators: true}
Element: [[ChromeDriver: chrome on MAC (86b23511b75bc15f8dc1dc0d40ebd3dd)] -> id: modal-profil-murid]
Session ID: 86b23511b75bc15f8dc1dc0d40ebd3dd
]]></error>
  </testcase>
  <testcase name="" classname="| #$^$%&amp;^%*&amp;^*^&amp;*$#$#@%$%^ |" time="0.005">
    <error message="element click intercepted: Element &lt;label id=&quot;modal-profil-murid&quot; for=&quot;my-modal-5&quot; class=&quot;flex gap-1 absolute lg:top-10 top-10 lg:right-40 right-0&quot;&gt;...&lt;/label&gt; is not clickable at point (949, 280). Other element would receive the click: &lt;h2 class=&quot;swal2-title&quot; id=&quot;swal2-title&quot; style=&quot;display: block;&quot;&gt;...&lt;/h2&gt;&#10;  (Session info: chrome=110.0.5481.100)&#10;Build info: version: &apos;4.1.2&apos;, revision: &apos;9a5a329c5a&apos;&#10;System info: host: &apos;nsystem-mbp&apos;, ip: &apos;fe80:0:0:0:ce7:beec:a50b:8367%en0&apos;, os.name: &apos;Mac OS X&apos;, os.arch: &apos;x86_64&apos;, os.version: &apos;10.16&apos;, java.version: &apos;1.8.0_201&apos;&#10;Driver info: org.openqa.selenium.chrome.ChromeDriver&#10;Command: [93b297e1e04bdf50572383df2b0f47c7, clickElement {id=344c0397-4637-49b4-995e-cf0842535148}]&#10;Capabilities {acceptInsecureCerts: false, browserName: chrome, browserVersion: 110.0.5481.100, chrome: {chromedriverVersion: 110.0.5481.77 (65ed616c6e8e..., userDataDir: /var/folders/00/xzw63_pj58g...}, goog:chromeOptions: {debuggerAddress: localhost:50448}, javascriptEnabled: true, networkConnectionEnabled: false, pageLoadStrategy: normal, platform: MAC, platformName: MAC, proxy: Proxy(), se:cdp: ws://localhost:50448/devtoo..., se:cdpVersion: 110.0.5481.100, setWindowRect: true, strictFileInteractability: false, timeouts: {implicit: 0, pageLoad: 300000, script: 30000}, unhandledPromptBehavior: dismiss and notify, webauthn:extension:credBlob: true, webauthn:extension:largeBlob: true, webauthn:virtualAuthenticators: true}&#10;Element: [[ChromeDriver: chrome on MAC (93b297e1e04bdf50572383df2b0f47c7)] -&gt; id: modal-profil-murid]&#10;Session ID: 93b297e1e04bdf50572383df2b0f47c7" type="org.openqa.selenium.ElementClickInterceptedException"><![CDATA[org.openqa.selenium.ElementClickInterceptedException: 
element click intercepted: Element <label id="modal-profil-murid" for="my-modal-5" class="flex gap-1 absolute lg:top-10 top-10 lg:right-40 right-0">...</label> is not clickable at point (949, 280). Other element would receive the click: <h2 class="swal2-title" id="swal2-title" style="display: block;">...</h2>
  (Session info: chrome=110.0.5481.100)
Build info: version: '4.1.2', revision: '9a5a329c5a'
System info: host: 'nsystem-mbp', ip: 'fe80:0:0:0:ce7:beec:a50b:8367%en0', os.name: 'Mac OS X', os.arch: 'x86_64', os.version: '10.16', java.version: '1.8.0_201'
Driver info: org.openqa.selenium.chrome.ChromeDriver
Command: [93b297e1e04bdf50572383df2b0f47c7, clickElement {id=344c0397-4637-49b4-995e-cf0842535148}]
Capabilities {acceptInsecureCerts: false, browserName: chrome, browserVersion: 110.0.5481.100, chrome: {chromedriverVersion: 110.0.5481.77 (65ed616c6e8e..., userDataDir: /var/folders/00/xzw63_pj58g...}, goog:chromeOptions: {debuggerAddress: localhost:50448}, javascriptEnabled: true, networkConnectionEnabled: false, pageLoadStrategy: normal, platform: MAC, platformName: MAC, proxy: Proxy(), se:cdp: ws://localhost:50448/devtoo..., se:cdpVersion: 110.0.5481.100, setWindowRect: true, strictFileInteractability: false, timeouts: {implicit: 0, pageLoad: 300000, script: 30000}, unhandledPromptBehavior: dismiss and notify, webauthn:extension:credBlob: true, webauthn:extension:largeBlob: true, webauthn:virtualAuthenticators: true}
Element: [[ChromeDriver: chrome on MAC (93b297e1e04bdf50572383df2b0f47c7)] -> id: modal-profil-murid]
Session ID: 93b297e1e04bdf50572383df2b0f47c7
]]></error>
  </testcase>
  <testcase name="" classname="| #$^$%&amp;^%*&amp;^*^&amp;*$#$#@%$%^ |" time="0.003">
    <error message="no such element: Unable to locate element: {&quot;method&quot;:&quot;xpath&quot;,&quot;selector&quot;:&quot;//div[@class=&apos;bp4-tab pl-12 pr-12 pb-2 font-bold text-xl lg:ml-60 mx-auto&apos;]&quot;}&#10;  (Session info: chrome=110.0.5481.100)&#10;For documentation on this error, please visit: https://selenium.dev/exceptions/#no_such_element&#10;Build info: version: &apos;4.1.2&apos;, revision: &apos;9a5a329c5a&apos;&#10;System info: host: &apos;nsystem-mbp&apos;, ip: &apos;fe80:0:0:0:ce7:beec:a50b:8367%en0&apos;, os.name: &apos;Mac OS X&apos;, os.arch: &apos;x86_64&apos;, os.version: &apos;10.16&apos;, java.version: &apos;1.8.0_201&apos;&#10;Driver info: org.openqa.selenium.chrome.ChromeDriver&#10;Command: [04728cefc4fee180714bb0d801eb52a6, findElement {using=xpath, value=//div[@class=&apos;bp4-tab pl-12 pr-12 pb-2 font-bold text-xl lg:ml-60 mx-auto&apos;]}]&#10;Capabilities {acceptInsecureCerts: false, browserName: chrome, browserVersion: 110.0.5481.100, chrome: {chromedriverVersion: 110.0.5481.77 (65ed616c6e8e..., userDataDir: /var/folders/00/xzw63_pj58g...}, goog:chromeOptions: {debuggerAddress: localhost:52050}, javascriptEnabled: true, networkConnectionEnabled: false, pageLoadStrategy: normal, platform: MAC, platformName: MAC, proxy: Proxy(), se:cdp: ws://localhost:52050/devtoo..., se:cdpVersion: 110.0.5481.100, setWindowRect: true, strictFileInteractability: false, timeouts: {implicit: 0, pageLoad: 300000, script: 30000}, unhandledPromptBehavior: dismiss and notify, webauthn:extension:credBlob: true, webauthn:extension:largeBlob: true, webauthn:virtualAuthenticators: true}&#10;Session ID: 04728cefc4fee180714bb0d801eb52a6" type="org.openqa.selenium.NoSuchElementException"><![CDATA[org.openqa.selenium.NoSuchElementException: 
no such element: Unable to locate element: {"method":"xpath","selector":"//div[@class='bp4-tab pl-12 pr-12 pb-2 font-bold text-xl lg:ml-60 mx-auto']"}
  (Session info: chrome=110.0.5481.100)
For documentation on this error, please visit: https://selenium.dev/exceptions/#no_such_element
Build info: version: '4.1.2', revision: '9a5a329c5a'
System info: host: 'nsystem-mbp', ip: 'fe80:0:0:0:ce7:beec:a50b:8367%en0', os.name: 'Mac OS X', os.arch: 'x86_64', os.version: '10.16', java.version: '1.8.0_201'
Driver info: org.openqa.selenium.chrome.ChromeDriver
Command: [04728cefc4fee180714bb0d801eb52a6, findElement {using=xpath, value=//div[@class='bp4-tab pl-12 pr-12 pb-2 font-bold text-xl lg:ml-60 mx-auto']}]
Capabilities {acceptInsecureCerts: false, browserName: chrome, browserVersion: 110.0.5481.100, chrome: {chromedriverVersion: 110.0.5481.77 (65ed616c6e8e..., userDataDir: /var/folders/00/xzw63_pj58g...}, goog:chromeOptions: {debuggerAddress: localhost:52050}, javascriptEnabled: true, networkConnectionEnabled: false, pageLoadStrategy: normal, platform: MAC, platformName: MAC, proxy: Proxy(), se:cdp: ws://localhost:52050/devtoo..., se:cdpVersion: 110.0.5481.100, setWindowRect: true, strictFileInteractability: false, timeouts: {implicit: 0, pageLoad: 300000, script: 30000}, unhandledPromptBehavior: dismiss and notify, webauthn:extension:credBlob: true, webauthn:extension:largeBlob: true, webauthn:virtualAuthenticators: true}
Session ID: 04728cefc4fee180714bb0d801eb52a6
]]></error>
  </testcase>
  <testcase name="Given Student already on Edit Profile page" classname="| #$^$%&amp;^%*&amp;^*^&amp;*$#$#@%$%^ |" time="0">
    <skipped/>
    <system-out><![CDATA[
  Background:                                                                        &amp#27;[90m# features/UpdateStudent.feature:4&amp#27;[0m
    &amp#27;[32mGiven &amp#27;[0m&amp#27;[32mUser open the website GuruMu&amp#27;[0m                                               &amp#27;[90m# LoginSteps.userOpenTheWebsiteGuruMu()&amp#27;[0m
    &amp#27;[32mWhen &amp#27;[0m&amp#27;[32mUser click avatar navigation&amp#27;[0m                                                &amp#27;[90m# LoginSteps.userClickAvatarNavigation()&amp#27;[0m
    &amp#27;[32mAnd &amp#27;[0m&amp#27;[32mUser click menu Masuk&amp#27;[0m                                                        &amp#27;[90m# LoginSteps.userClickMenuMasuk()&amp#27;[0m
    &amp#27;[32mAnd &amp#27;[0m&amp#27;[32mUser input "&amp#27;[0m&amp#27;[32m&amp#27;[1mherdiladania11@gmail.com&amp#27;[0m&amp#27;[32m" as email and input "&amp#27;[0m&amp#27;[32m&amp#27;[1mfe123&amp#27;[0m&amp#27;[32m" as password&amp#27;[0m &amp#27;[90m# LoginSteps.inputCredential(String,String)&amp#27;[0m
    &amp#27;[32mAnd &amp#27;[0m&amp#27;[32mUser clicked masuk button&amp#27;[0m                                                    &amp#27;[90m# LoginSteps.userClickMasukButton()&amp#27;[0m
    &amp#27;[32mWhen &amp#27;[0m&amp#27;[32mUser move to Profile Page&amp#27;[0m                                                   &amp#27;[90m# PenilaianUlasanSteps.userMoveToProfilePage()&amp#27;[0m
    &amp#27;[31mAnd &amp#27;[0m&amp#27;[31mUser click edit profile&amp#27;[0m                                                      &amp#27;[90m# UpdateStudentSteps.userClickEditProfile()&amp#27;[0m
      &amp#27;[31morg.openqa.selenium.ElementClickInterceptedException: element click intercepted: Element <label id="modal-profil-murid" for="my-modal-5" class="flex gap-1 absolute lg:top-10 top-10 lg:right-40 right-0">...</label> is not clickable at point (949, 280). Other element would receive the click: <h2 class="swal2-title" id="swal2-title" style="display: block;">...</h2>
        (Session info: chrome=110.0.5481.100)
      Build info: version: '4.1.2', revision: '9a5a329c5a'
      System info: host: 'nsystem-mbp', ip: 'fe80:0:0:0:ce7:beec:a50b:8367%en0', os.name: 'Mac OS X', os.arch: 'x86_64', os.version: '10.16', java.version: '1.8.0_201'
      Driver info: org.openqa.selenium.chrome.ChromeDriver
      Command: [82047371e428f7e76a20ebc8724aa2a6, clickElement {id=8fb780d6-90d3-4e8a-a416-cd26ccc3af9e}]
      Capabilities {acceptInsecureCerts: false, browserName: chrome, browserVersion: 110.0.5481.100, chrome: {chromedriverVersion: 110.0.5481.77 (65ed616c6e8e..., userDataDir: /var/folders/00/xzw63_pj58g...}, goog:chromeOptions: {debuggerAddress: localhost:49927}, javascriptEnabled: true, networkConnectionEnabled: false, pageLoadStrategy: normal, platform: MAC, platformName: MAC, proxy: Proxy(), se:cdp: ws://localhost:49927/devtoo..., se:cdpVersion: 110.0.5481.100, setWindowRect: true, strictFileInteractability: false, timeouts: {implicit: 0, pageLoad: 300000, script: 30000}, unhandledPromptBehavior: dismiss and notify, webauthn:extension:credBlob: true, webauthn:extension:largeBlob: true, webauthn:virtualAuthenticators: true}
      Element: [[ChromeDriver: chrome on MAC (82047371e428f7e76a20ebc8724aa2a6)] -> id: modal-profil-murid]
      Session ID: 82047371e428f7e76a20ebc8724aa2a6
      	at sun.reflect.NativeConstructorAccessorImpl.newInstance0(Native Method)
      	at sun.reflect.NativeConstructorAccessorImpl.newInstance(NativeConstructorAccessorImpl.java:62)
      	at sun.reflect.DelegatingConstructorAccessorImpl.newInstance(DelegatingConstructorAccessorImpl.java:45)
      	at java.lang.reflect.Constructor.newInstance(Constructor.java:423)
      	at org.openqa.selenium.remote.codec.w3c.W3CHttpResponseCodec.createException(W3CHttpResponseCodec.java:200)
      	at org.openqa.selenium.remote.codec.w3c.W3CHttpResponseCodec.decode(W3CHttpResponseCodec.java:133)
      	at org.openqa.selenium.remote.codec.w3c.W3CHttpResponseCodec.decode(W3CHttpResponseCodec.java:53)
      	at org.openqa.selenium.remote.HttpCommandExecutor.execute(HttpCommandExecutor.java:184)
      	at org.openqa.selenium.remote.service.DriverCommandExecutor.invokeExecute(DriverCommandExecutor.java:167)
      	at org.openqa.selenium.remote.service.DriverCommandExecutor.execute(DriverCommandExecutor.java:142)
      	at org.openqa.selenium.remote.RemoteWebDriver.execute(RemoteWebDriver.java:558)
      	at org.openqa.selenium.remote.RemoteWebElement.execute(RemoteWebElement.java:251)
      	at org.openqa.selenium.remote.RemoteWebElement.click(RemoteWebElement.java:77)
      	at sun.reflect.GeneratedMethodAccessor10.invoke(Unknown Source)
      	at sun.reflect.DelegatingMethodAccessorImpl.invoke(DelegatingMethodAccessorImpl.java:43)
      	at java.lang.reflect.Method.invoke(Method.java:498)
      	at org.openqa.selenium.support.pagefactory.internal.LocatingElementHandler.invoke(LocatingElementHandler.java:52)
      	at com.sun.proxy.$Proxy21.click(Unknown Source)
      	at org.example.pageObject.UpdateStudentPage.openEditProfileModal(UpdateStudentPage.java:105)
      	at step_definitions.UpdateStudentSteps.userClickEditProfile(UpdateStudentSteps.java:355)
      	at ✽.And User click edit profile(features/UpdateStudent.feature:11)
      &amp#27;[0m
]]></system-out>
  </testcase>
  <testcase name="Given Student already on Edit Profile page" classname="| #$^$%&amp;^%*&amp;^*^&amp;*$#$#@%$%^ |" time="0">
    <skipped/>
    <system-out><![CDATA[
  Background:                                                                        &amp#27;[90m# features/UpdateStudent.feature:4&amp#27;[0m
    &amp#27;[32mGiven &amp#27;[0m&amp#27;[32mUser open the website GuruMu&amp#27;[0m                                               &amp#27;[90m# LoginSteps.userOpenTheWebsiteGuruMu()&amp#27;[0m
    &amp#27;[32mWhen &amp#27;[0m&amp#27;[32mUser click avatar navigation&amp#27;[0m                                                &amp#27;[90m# LoginSteps.userClickAvatarNavigation()&amp#27;[0m
    &amp#27;[32mAnd &amp#27;[0m&amp#27;[32mUser click menu Masuk&amp#27;[0m                                                        &amp#27;[90m# LoginSteps.userClickMenuMasuk()&amp#27;[0m
    &amp#27;[32mAnd &amp#27;[0m&amp#27;[32mUser input "&amp#27;[0m&amp#27;[32m&amp#27;[1mherdiladania11@gmail.com&amp#27;[0m&amp#27;[32m" as email and input "&amp#27;[0m&amp#27;[32m&amp#27;[1mfe123&amp#27;[0m&amp#27;[32m" as password&amp#27;[0m &amp#27;[90m# LoginSteps.inputCredential(String,String)&amp#27;[0m
    &amp#27;[32mAnd &amp#27;[0m&amp#27;[32mUser clicked masuk button&amp#27;[0m                                                    &amp#27;[90m# LoginSteps.userClickMasukButton()&amp#27;[0m
    &amp#27;[32mWhen &amp#27;[0m&amp#27;[32mUser move to Profile Page&amp#27;[0m                                                   &amp#27;[90m# PenilaianUlasanSteps.userMoveToProfilePage()&amp#27;[0m
    &amp#27;[31mAnd &amp#27;[0m&amp#27;[31mUser click edit profile&amp#27;[0m                                                      &amp#27;[90m# UpdateStudentSteps.userClickEditProfile()&amp#27;[0m
      &amp#27;[31morg.openqa.selenium.ElementClickInterceptedException: element click intercepted: Element <label id="modal-profil-murid" for="my-modal-5" class="flex gap-1 absolute lg:top-10 top-10 lg:right-40 right-0">...</label> is not clickable at point (949, 280). Other element would receive the click: <h2 class="swal2-title" id="swal2-title" style="display: block;">...</h2>
        (Session info: chrome=110.0.5481.100)
      Build info: version: '4.1.2', revision: '9a5a329c5a'
      System info: host: 'nsystem-mbp', ip: 'fe80:0:0:0:ce7:beec:a50b:8367%en0', os.name: 'Mac OS X', os.arch: 'x86_64', os.version: '10.16', java.version: '1.8.0_201'
      Driver info: org.openqa.selenium.chrome.ChromeDriver
      Command: [86b23511b75bc15f8dc1dc0d40ebd3dd, clickElement {id=5663cb96-2519-4000-a4d9-635b176827c1}]
      Capabilities {acceptInsecureCerts: false, browserName: chrome, browserVersion: 110.0.5481.100, chrome: {chromedriverVersion: 110.0.5481.77 (65ed616c6e8e..., userDataDir: /var/folders/00/xzw63_pj58g...}, goog:chromeOptions: {debuggerAddress: localhost:50291}, javascriptEnabled: true, networkConnectionEnabled: false, pageLoadStrategy: normal, platform: MAC, platformName: MAC, proxy: Proxy(), se:cdp: ws://localhost:50291/devtoo..., se:cdpVersion: 110.0.5481.100, setWindowRect: true, strictFileInteractability: false, timeouts: {implicit: 0, pageLoad: 300000, script: 30000}, unhandledPromptBehavior: dismiss and notify, webauthn:extension:credBlob: true, webauthn:extension:largeBlob: true, webauthn:virtualAuthenticators: true}
      Element: [[ChromeDriver: chrome on MAC (86b23511b75bc15f8dc1dc0d40ebd3dd)] -> id: modal-profil-murid]
      Session ID: 86b23511b75bc15f8dc1dc0d40ebd3dd
      	at sun.reflect.GeneratedConstructorAccessor44.newInstance(Unknown Source)
      	at sun.reflect.DelegatingConstructorAccessorImpl.newInstance(DelegatingConstructorAccessorImpl.java:45)
      	at java.lang.reflect.Constructor.newInstance(Constructor.java:423)
      	at org.openqa.selenium.remote.codec.w3c.W3CHttpResponseCodec.createException(W3CHttpResponseCodec.java:200)
      	at org.openqa.selenium.remote.codec.w3c.W3CHttpResponseCodec.decode(W3CHttpResponseCodec.java:133)
      	at org.openqa.selenium.remote.codec.w3c.W3CHttpResponseCodec.decode(W3CHttpResponseCodec.java:53)
      	at org.openqa.selenium.remote.HttpCommandExecutor.execute(HttpCommandExecutor.java:184)
      	at org.openqa.selenium.remote.service.DriverCommandExecutor.invokeExecute(DriverCommandExecutor.java:167)
      	at org.openqa.selenium.remote.service.DriverCommandExecutor.execute(DriverCommandExecutor.java:142)
      	at org.openqa.selenium.remote.RemoteWebDriver.execute(RemoteWebDriver.java:558)
      	at org.openqa.selenium.remote.RemoteWebElement.execute(RemoteWebElement.java:251)
      	at org.openqa.selenium.remote.RemoteWebElement.click(RemoteWebElement.java:77)
      	at sun.reflect.GeneratedMethodAccessor10.invoke(Unknown Source)
      	at sun.reflect.DelegatingMethodAccessorImpl.invoke(DelegatingMethodAccessorImpl.java:43)
      	at java.lang.reflect.Method.invoke(Method.java:498)
      	at org.openqa.selenium.support.pagefactory.internal.LocatingElementHandler.invoke(LocatingElementHandler.java:52)
      	at com.sun.proxy.$Proxy21.click(Unknown Source)
      	at org.example.pageObject.UpdateStudentPage.openEditProfileModal(UpdateStudentPage.java:105)
      	at step_definitions.UpdateStudentSteps.userClickEditProfile(UpdateStudentSteps.java:355)
      	at ✽.And User click edit profile(features/UpdateStudent.feature:11)
      &amp#27;[0m
]]></system-out>
  </testcase>
  <testcase name="Given Student already on Edit Profile page" classname="| #$^$%&amp;^%*&amp;^*^&amp;*$#$#@%$%^ |" time="0">
    <skipped/>
    <system-out><![CDATA[
  Background:                                                                        &amp#27;[90m# features/UpdateStudent.feature:4&amp#27;[0m
    &amp#27;[32mGiven &amp#27;[0m&amp#27;[32mUser open the website GuruMu&amp#27;[0m                                               &amp#27;[90m# LoginSteps.userOpenTheWebsiteGuruMu()&amp#27;[0m
    &amp#27;[32mWhen &amp#27;[0m&amp#27;[32mUser click avatar navigation&amp#27;[0m                                                &amp#27;[90m# LoginSteps.userClickAvatarNavigation()&amp#27;[0m
    &amp#27;[32mAnd &amp#27;[0m&amp#27;[32mUser click menu Masuk&amp#27;[0m                                                        &amp#27;[90m# LoginSteps.userClickMenuMasuk()&amp#27;[0m
    &amp#27;[32mAnd &amp#27;[0m&amp#27;[32mUser input "&amp#27;[0m&amp#27;[32m&amp#27;[1mherdiladania11@gmail.com&amp#27;[0m&amp#27;[32m" as email and input "&amp#27;[0m&amp#27;[32m&amp#27;[1mfe123&amp#27;[0m&amp#27;[32m" as password&amp#27;[0m &amp#27;[90m# LoginSteps.inputCredential(String,String)&amp#27;[0m
    &amp#27;[32mAnd &amp#27;[0m&amp#27;[32mUser clicked masuk button&amp#27;[0m                                                    &amp#27;[90m# LoginSteps.userClickMasukButton()&amp#27;[0m
    &amp#27;[32mWhen &amp#27;[0m&amp#27;[32mUser move to Profile Page&amp#27;[0m                                                   &amp#27;[90m# PenilaianUlasanSteps.userMoveToProfilePage()&amp#27;[0m
    &amp#27;[31mAnd &amp#27;[0m&amp#27;[31mUser click edit profile&amp#27;[0m                                                      &amp#27;[90m# UpdateStudentSteps.userClickEditProfile()&amp#27;[0m
      &amp#27;[31morg.openqa.selenium.ElementClickInterceptedException: element click intercepted: Element <label id="modal-profil-murid" for="my-modal-5" class="flex gap-1 absolute lg:top-10 top-10 lg:right-40 right-0">...</label> is not clickable at point (949, 280). Other element would receive the click: <h2 class="swal2-title" id="swal2-title" style="display: block;">...</h2>
        (Session info: chrome=110.0.5481.100)
      Build info: version: '4.1.2', revision: '9a5a329c5a'
      System info: host: 'nsystem-mbp', ip: 'fe80:0:0:0:ce7:beec:a50b:8367%en0', os.name: 'Mac OS X', os.arch: 'x86_64', os.version: '10.16', java.version: '1.8.0_201'
      Driver info: org.openqa.selenium.chrome.ChromeDriver
      Command: [93b297e1e04bdf50572383df2b0f47c7, clickElement {id=344c0397-4637-49b4-995e-cf0842535148}]
      Capabilities {acceptInsecureCerts: false, browserName: chrome, browserVersion: 110.0.5481.100, chrome: {chromedriverVersion: 110.0.5481.77 (65ed616c6e8e..., userDataDir: /var/folders/00/xzw63_pj58g...}, goog:chromeOptions: {debuggerAddress: localhost:50448}, javascriptEnabled: true, networkConnectionEnabled: false, pageLoadStrategy: normal, platform: MAC, platformName: MAC, proxy: Proxy(), se:cdp: ws://localhost:50448/devtoo..., se:cdpVersion: 110.0.5481.100, setWindowRect: true, strictFileInteractability: false, timeouts: {implicit: 0, pageLoad: 300000, script: 30000}, unhandledPromptBehavior: dismiss and notify, webauthn:extension:credBlob: true, webauthn:extension:largeBlob: true, webauthn:virtualAuthenticators: true}
      Element: [[ChromeDriver: chrome on MAC (93b297e1e04bdf50572383df2b0f47c7)] -> id: modal-profil-murid]
      Session ID: 93b297e1e04bdf50572383df2b0f47c7
      	at sun.reflect.GeneratedConstructorAccessor44.newInstance(Unknown Source)
      	at sun.reflect.DelegatingConstructorAccessorImpl.newInstance(DelegatingConstructorAccessorImpl.java:45)
      	at java.lang.reflect.Constructor.newInstance(Constructor.java:423)
      	at org.openqa.selenium.remote.codec.w3c.W3CHttpResponseCodec.createException(W3CHttpResponseCodec.java:200)
      	at org.openqa.selenium.remote.codec.w3c.W3CHttpResponseCodec.decode(W3CHttpResponseCodec.java:133)
      	at org.openqa.selenium.remote.codec.w3c.W3CHttpResponseCodec.decode(W3CHttpResponseCodec.java:53)
      	at org.openqa.selenium.remote.HttpCommandExecutor.execute(HttpCommandExecutor.java:184)
      	at org.openqa.selenium.remote.service.DriverCommandExecutor.invokeExecute(DriverCommandExecutor.java:167)
      	at org.openqa.selenium.remote.service.DriverCommandExecutor.execute(DriverCommandExecutor.java:142)
      	at org.openqa.selenium.remote.RemoteWebDriver.execute(RemoteWebDriver.java:558)
      	at org.openqa.selenium.remote.RemoteWebElement.execute(RemoteWebElement.java:251)
      	at org.openqa.selenium.remote.RemoteWebElement.click(RemoteWebElement.java:77)
      	at sun.reflect.GeneratedMethodAccessor10.invoke(Unknown Source)
      	at sun.reflect.DelegatingMethodAccessorImpl.invoke(DelegatingMethodAccessorImpl.java:43)
      	at java.lang.reflect.Method.invoke(Method.java:498)
      	at org.openqa.selenium.support.pagefactory.internal.LocatingElementHandler.invoke(LocatingElementHandler.java:52)
      	at com.sun.proxy.$Proxy21.click(Unknown Source)
      	at org.example.pageObject.UpdateStudentPage.openEditProfileModal(UpdateStudentPage.java:105)
      	at step_definitions.UpdateStudentSteps.userClickEditProfile(UpdateStudentSteps.java:355)
      	at ✽.And User click edit profile(features/UpdateStudent.feature:11)
      &amp#27;[0m
]]></system-out>
  </testcase>
  <testcase name="When Student click Nama Lengkap field" classname="| #$^$%&amp;^%*&amp;^*^&amp;*$#$#@%$%^ |" time="0">
    <skipped/>
  </testcase>
  <testcase name="Then Student input with special character like &quot;#$^$%&amp;^%*&amp;^*^&amp;*$#$#@%$%^&quot; in Nama Lengkap field" classname="| #$^$%&amp;^%*&amp;^*^&amp;*$#$#@%$%^ |" time="0">
    <skipped/>
  </testcase>
  <testcase name="When Student click Email field" classname="| #$^$%&amp;^%*&amp;^*^&amp;*$#$#@%$%^ |" time="0">
    <skipped/>
  </testcase>
  <testcase name="Then Student input with special character like &quot;#$^$%&amp;^%*&amp;^*^&amp;*$#$#@%$%^&quot; in Email field" classname="| #$^$%&amp;^%*&amp;^*^&amp;*$#$#@%$%^ |" time="0">
    <skipped/>
  </testcase>
  <testcase name="When Student click Alamat field" classname="| #$^$%&amp;^%*&amp;^*^&amp;*$#$#@%$%^ |" time="0">
    <skipped/>
  </testcase>
  <testcase name="Then Student input with special character like &quot;#$^$%&amp;^%*&amp;^*^&amp;*$#$#@%$%^&quot; in Alamat field" classname="| #$^$%&amp;^%*&amp;^*^&amp;*$#$#@%$%^ |" time="0">
    <skipped/>
  </testcase>
  <testcase name="And User input &quot;zulfeekei@gmail.com&quot; as email and input &quot;be123&quot; as password" classname="| #$^$%&amp;^%*&amp;^*^&amp;*$#$#@%$%^ |" time="0"/>
  <testcase name="And User move to edit profile" classname="| #$^$%&amp;^%*&amp;^*^&amp;*$#$#@%$%^ |" time="0.003">
    <error message="no such element: Unable to locate element: {&quot;method&quot;:&quot;xpath&quot;,&quot;selector&quot;:&quot;//div[@class=&apos;bp4-tab pl-12 pr-12 pb-2 font-bold text-xl lg:ml-60 mx-auto&apos;]&quot;}&#10;  (Session info: chrome=110.0.5481.100)&#10;For documentation on this error, please visit: https://selenium.dev/exceptions/#no_such_element&#10;Build info: version: &apos;4.1.2&apos;, revision: &apos;9a5a329c5a&apos;&#10;System info: host: &apos;nsystem-mbp&apos;, ip: &apos;fe80:0:0:0:ce7:beec:a50b:8367%en0&apos;, os.name: &apos;Mac OS X&apos;, os.arch: &apos;x86_64&apos;, os.version: &apos;10.16&apos;, java.version: &apos;1.8.0_201&apos;&#10;Driver info: org.openqa.selenium.chrome.ChromeDriver&#10;Command: [04728cefc4fee180714bb0d801eb52a6, findElement {using=xpath, value=//div[@class=&apos;bp4-tab pl-12 pr-12 pb-2 font-bold text-xl lg:ml-60 mx-auto&apos;]}]&#10;Capabilities {acceptInsecureCerts: false, browserName: chrome, browserVersion: 110.0.5481.100, chrome: {chromedriverVersion: 110.0.5481.77 (65ed616c6e8e..., userDataDir: /var/folders/00/xzw63_pj58g...}, goog:chromeOptions: {debuggerAddress: localhost:52050}, javascriptEnabled: true, networkConnectionEnabled: false, pageLoadStrategy: normal, platform: MAC, platformName: MAC, proxy: Proxy(), se:cdp: ws://localhost:52050/devtoo..., se:cdpVersion: 110.0.5481.100, setWindowRect: true, strictFileInteractability: false, timeouts: {implicit: 0, pageLoad: 300000, script: 30000}, unhandledPromptBehavior: dismiss and notify, webauthn:extension:credBlob: true, webauthn:extension:largeBlob: true, webauthn:virtualAuthenticators: true}&#10;Session ID: 04728cefc4fee180714bb0d801eb52a6" type="org.openqa.selenium.NoSuchElementException"><![CDATA[org.openqa.selenium.NoSuchElementException: 
no such element: Unable to locate element: {"method":"xpath","selector":"//div[@class='bp4-tab pl-12 pr-12 pb-2 font-bold text-xl lg:ml-60 mx-auto']"}
  (Session info: chrome=110.0.5481.100)
For documentation on this error, please visit: https://selenium.dev/exceptions/#no_such_element
Build info: version: '4.1.2', revision: '9a5a329c5a'
System info: host: 'nsystem-mbp', ip: 'fe80:0:0:0:ce7:beec:a50b:8367%en0', os.name: 'Mac OS X', os.arch: 'x86_64', os.version: '10.16', java.version: '1.8.0_201'
Driver info: org.openqa.selenium.chrome.ChromeDriver
Command: [04728cefc4fee180714bb0d801eb52a6, findElement {using=xpath, value=//div[@class='bp4-tab pl-12 pr-12 pb-2 font-bold text-xl lg:ml-60 mx-auto']}]
Capabilities {acceptInsecureCerts: false, browserName: chrome, browserVersion: 110.0.5481.100, chrome: {chromedriverVersion: 110.0.5481.77 (65ed616c6e8e..., userDataDir: /var/folders/00/xzw63_pj58g...}, goog:chromeOptions: {debuggerAddress: localhost:52050}, javascriptEnabled: true, networkConnectionEnabled: false, pageLoadStrategy: normal, platform: MAC, platformName: MAC, proxy: Proxy(), se:cdp: ws://localhost:52050/devtoo..., se:cdpVersion: 110.0.5481.100, setWindowRect: true, strictFileInteractability: false, timeouts: {implicit: 0, pageLoad: 300000, script: 30000}, unhandledPromptBehavior: dismiss and notify, webauthn:extension:credBlob: true, webauthn:extension:largeBlob: true, webauthn:virtualAuthenticators: true}
Session ID: 04728cefc4fee180714bb0d801eb52a6
]]></error>
  </testcase>
  <testcase name="Given Teacher already on Edit Profile page" classname="| #$^$%&amp;^%*&amp;^*^&amp;*$#$#@%$%^ |" time="0">
    <skipped/>
    <system-out><![CDATA[
  Background:                                                                   &amp#27;[90m# features/UpdateTeacher.feature:4&amp#27;[0m
    &amp#27;[32mGiven &amp#27;[0m&amp#27;[32mUser open the website GuruMu&amp#27;[0m                                          &amp#27;[90m# LoginSteps.userOpenTheWebsiteGuruMu()&amp#27;[0m
    &amp#27;[32mWhen &amp#27;[0m&amp#27;[32mUser click avatar navigation&amp#27;[0m                                           &amp#27;[90m# LoginSteps.userClickAvatarNavigation()&amp#27;[0m
    &amp#27;[32mAnd &amp#27;[0m&amp#27;[32mUser click menu Masuk&amp#27;[0m                                                   &amp#27;[90m# LoginSteps.userClickMenuMasuk()&amp#27;[0m
    &amp#27;[32mAnd &amp#27;[0m&amp#27;[32mUser input "&amp#27;[0m&amp#27;[32m&amp#27;[1mzulfeekei@gmail.com&amp#27;[0m&amp#27;[32m" as email and input "&amp#27;[0m&amp#27;[32m&amp#27;[1mbe123&amp#27;[0m&amp#27;[32m" as password&amp#27;[0m &amp#27;[90m# LoginSteps.inputCredential(String,String)&amp#27;[0m
    &amp#27;[32mAnd &amp#27;[0m&amp#27;[32mUser clicked masuk button&amp#27;[0m                                               &amp#27;[90m# LoginSteps.userClickMasukButton()&amp#27;[0m
    &amp#27;[32mWhen &amp#27;[0m&amp#27;[32mUser move to Profile Page&amp#27;[0m                                              &amp#27;[90m# PenilaianUlasanSteps.userMoveToProfilePage()&amp#27;[0m
    &amp#27;[31mAnd &amp#27;[0m&amp#27;[31mUser move to edit profile&amp#27;[0m                                               &amp#27;[90m# UpdateTeacherSteps.userMoveToEditProfile()&amp#27;[0m
      &amp#27;[31morg.openqa.selenium.NoSuchElementException: no such element: Unable to locate element: {"method":"xpath","selector":"//div[@class='bp4-tab pl-12 pr-12 pb-2 font-bold text-xl lg:ml-60 mx-auto']"}
        (Session info: chrome=110.0.5481.100)
      For documentation on this error, please visit: https://selenium.dev/exceptions/#no_such_element
      Build info: version: '4.1.2', revision: '9a5a329c5a'
      System info: host: 'nsystem-mbp', ip: 'fe80:0:0:0:ce7:beec:a50b:8367%en0', os.name: 'Mac OS X', os.arch: 'x86_64', os.version: '10.16', java.version: '1.8.0_201'
      Driver info: org.openqa.selenium.chrome.ChromeDriver
      Command: [04728cefc4fee180714bb0d801eb52a6, findElement {using=xpath, value=//div[@class='bp4-tab pl-12 pr-12 pb-2 font-bold text-xl lg:ml-60 mx-auto']}]
      Capabilities {acceptInsecureCerts: false, browserName: chrome, browserVersion: 110.0.5481.100, chrome: {chromedriverVersion: 110.0.5481.77 (65ed616c6e8e..., userDataDir: /var/folders/00/xzw63_pj58g...}, goog:chromeOptions: {debuggerAddress: localhost:52050}, javascriptEnabled: true, networkConnectionEnabled: false, pageLoadStrategy: normal, platform: MAC, platformName: MAC, proxy: Proxy(), se:cdp: ws://localhost:52050/devtoo..., se:cdpVersion: 110.0.5481.100, setWindowRect: true, strictFileInteractability: false, timeouts: {implicit: 0, pageLoad: 300000, script: 30000}, unhandledPromptBehavior: dismiss and notify, webauthn:extension:credBlob: true, webauthn:extension:largeBlob: true, webauthn:virtualAuthenticators: true}
      Session ID: 04728cefc4fee180714bb0d801eb52a6
      	at sun.reflect.GeneratedConstructorAccessor38.newInstance(Unknown Source)
      	at sun.reflect.DelegatingConstructorAccessorImpl.newInstance(DelegatingConstructorAccessorImpl.java:45)
      	at java.lang.reflect.Constructor.newInstance(Constructor.java:423)
      	at org.openqa.selenium.remote.codec.w3c.W3CHttpResponseCodec.createException(W3CHttpResponseCodec.java:200)
      	at org.openqa.selenium.remote.codec.w3c.W3CHttpResponseCodec.decode(W3CHttpResponseCodec.java:133)
      	at org.openqa.selenium.remote.codec.w3c.W3CHttpResponseCodec.decode(W3CHttpResponseCodec.java:53)
      	at org.openqa.selenium.remote.HttpCommandExecutor.execute(HttpCommandExecutor.java:184)
      	at org.openqa.selenium.remote.service.DriverCommandExecutor.invokeExecute(DriverCommandExecutor.java:167)
      	at org.openqa.selenium.remote.service.DriverCommandExecutor.execute(DriverCommandExecutor.java:142)
      	at org.openqa.selenium.remote.RemoteWebDriver.execute(RemoteWebDriver.java:558)
      	at org.openqa.selenium.remote.ElementLocation$ElementFinder$2.findElement(ElementLocation.java:162)
      	at org.openqa.selenium.remote.ElementLocation.findElement(ElementLocation.java:60)
      	at org.openqa.selenium.remote.RemoteWebDriver.findElement(RemoteWebDriver.java:382)
      	at org.openqa.selenium.remote.RemoteWebDriver.findElement(RemoteWebDriver.java:374)
      	at org.openqa.selenium.support.pagefactory.DefaultElementLocator.findElement(DefaultElementLocator.java:70)
      	at org.openqa.selenium.support.pagefactory.internal.LocatingElementHandler.invoke(LocatingElementHandler.java:39)
      	at com.sun.proxy.$Proxy21.click(Unknown Source)
      	at org.example.pageObject.UpdateTeacherPage.toEditProfile(UpdateTeacherPage.java:327)
      	at step_definitions.UpdateTeacherSteps.userMoveToEditProfile(UpdateTeacherSteps.java:1195)
      	at ✽.And User move to edit profile(features/UpdateTeacher.feature:11)
      &amp#27;[0m
]]></system-out>
  </testcase>
  <testcase name="When Teacher click &apos;Email&apos; field" classname="| #$^$%&amp;^%*&amp;^*^&amp;*$#$#@%$%^ |" time="0">
    <skipped/>
  </testcase>
  <testcase name="Then Teacher input with special character like &quot;#$^$%&amp;^%*&amp;^*^&amp;*$#$#@%$%^&quot; in &apos;Email&apos; field" classname="| #$^$%&amp;^%*&amp;^*^&amp;*$#$#@%$%^ |" time="0">
    <skipped/>
  </testcase>
  <testcase name="Given User open the website GuruMu" classname="| abcdefghijk*^&amp;*$#$#@%$%^ |" time="0">
    <system-out><![CDATA[
  @TestUpdateStudent @Test
  Scenario Outline: Input Field with Special Character in Nama Lengkap field                        &amp#27;[90m# features/UpdateStudent.feature:48&amp#27;[0m
    &amp#27;[36mGiven &amp#27;[0m&amp#27;[36mStudent already on Edit Profile page&amp#27;[0m                                                      &amp#27;[90m# UpdateStudentSteps.studentAlreadyonEditProfilePage()&amp#27;[0m
    &amp#27;[36mWhen &amp#27;[0m&amp#27;[36mStudent click Nama Lengkap field&amp#27;[0m                                                           &amp#27;[90m# UpdateStudentSteps.studentClickNamaLengkapField()&amp#27;[0m
    &amp#27;[36mThen &amp#27;[0m&amp#27;[36mStudent input with special character like "&amp#27;[0m&amp#27;[36m&amp#27;[1m#$^$%&^%*&^*^&*$#$#@%$%^&amp#27;[0m&amp#27;[36m" in Nama Lengkap field&amp#27;[0m &amp#27;[90m# UpdateStudentSteps.studentInputWithSpecialCharacterLikeInNamaLengkapField(String)&amp#27;[0m

  Scenario Outline: Input Field with Character and Special Character in Nama Lengkap field &amp#27;[90m# features/UpdateStudent.feature:50&amp#27;[0m
    &amp#27;[36mGiven &amp#27;[0m&amp#27;[36mStudent already on Edit Profile page&amp#27;[0m
    &amp#27;[36mWhen &amp#27;[0m&amp#27;[36mStudent click Nama Lengkap field&amp#27;[0m
    &amp#27;[36mThen &amp#27;[0m&amp#27;[36mStudent input with special character like "<name>" in Nama Lengkap field&amp#27;[0m

    Examples: 
]]></system-out>
    <system-err><![CDATA[Starting ChromeDriver 110.0.5481.77 (65ed616c6e8ee3fe0ad64fe83796c020644d42af-refs/branch-heads/5481@{#839}) on port 55273
Only local connections are allowed.
Please see https://chromedriver.chromium.org/security-considerations for suggestions on keeping ChromeDriver safe.
ChromeDriver was started successfully.
[1676553190.032][WARNING]: virtual void DevToolsClientImpl::AddListener(DevToolsEventListener *) subscribing a listener to the already connected DevToolsClient. Connection notification will not arrive.
Feb 16, 2023 8:13:10 PM org.openqa.selenium.remote.ProtocolHandshake createSession
INFO: Detected dialect: W3C
Feb 16, 2023 8:13:10 PM org.openqa.selenium.devtools.CdpVersionFinder findNearestMatch
WARNING: Unable to find an exact match for CDP version 110, so returning the closest version found: a no-op implementation
Feb 16, 2023 8:13:10 PM org.openqa.selenium.devtools.CdpVersionFinder findNearestMatch
INFO: Unable to find CDP implementation matching 110.
Feb 16, 2023 8:13:10 PM org.openqa.selenium.chromium.ChromiumDriver lambda$new$3
WARNING: Unable to find version of CDP to use for . You may need to include a dependency on a specific version of the CDP using something similar to `org.seleniumhq.selenium:selenium-devtools-v86:4.1.2` where the version ("v86") matches the version of the chromium-based browser you're using and the version number of the artifact is the same as Selenium's.
]]></system-err>
  </testcase>
  <testcase name="When User click avatar navigation" classname="| abcdefghijk*^&amp;*$#$#@%$%^ |" time="0"/>
  <testcase name="And User click menu Masuk" classname="| abcdefghijk*^&amp;*$#$#@%$%^ |" time="0"/>
  <testcase name="And User input &quot;herdiladania11@gmail.com&quot; as email and input &quot;fe123&quot; as password" classname="| abcdefghijk*^&amp;*$#$#@%$%^ |" time="0"/>
  <testcase name="And User clicked masuk button" classname="| abcdefghijk*^&amp;*$#$#@%$%^ |" time="0"/>
  <testcase name="When User move to Profile Page" classname="| abcdefghijk*^&amp;*$#$#@%$%^ |" time="0"/>
  <testcase name="And User click edit profile" classname="| abcdefghijk*^&amp;*$#$#@%$%^ |" time="0.006">
    <error message="element click intercepted: Element &lt;label id=&quot;modal-profil-murid&quot; for=&quot;my-modal-5&quot; class=&quot;flex gap-1 absolute lg:top-10 top-10 lg:right-40 right-0&quot;&gt;...&lt;/label&gt; is not clickable at point (949, 280). Other element would receive the click: &lt;h2 class=&quot;swal2-title&quot; id=&quot;swal2-title&quot; style=&quot;display: block;&quot;&gt;...&lt;/h2&gt;&#10;  (Session info: chrome=110.0.5481.100)&#10;Build info: version: &apos;4.1.2&apos;, revision: &apos;9a5a329c5a&apos;&#10;System info: host: &apos;nsystem-mbp&apos;, ip: &apos;fe80:0:0:0:ce7:beec:a50b:8367%en0&apos;, os.name: &apos;Mac OS X&apos;, os.arch: &apos;x86_64&apos;, os.version: &apos;10.16&apos;, java.version: &apos;1.8.0_201&apos;&#10;Driver info: org.openqa.selenium.chrome.ChromeDriver&#10;Command: [cb127f2ab728807db9c2115f2a96fd51, clickElement {id=248a9000-c4bc-4420-bec0-337ae4541564}]&#10;Capabilities {acceptInsecureCerts: false, browserName: chrome, browserVersion: 110.0.5481.100, chrome: {chromedriverVersion: 110.0.5481.77 (65ed616c6e8e..., userDataDir: /var/folders/00/xzw63_pj58g...}, goog:chromeOptions: {debuggerAddress: localhost:49955}, javascriptEnabled: true, networkConnectionEnabled: false, pageLoadStrategy: normal, platform: MAC, platformName: MAC, proxy: Proxy(), se:cdp: ws://localhost:49955/devtoo..., se:cdpVersion: 110.0.5481.100, setWindowRect: true, strictFileInteractability: false, timeouts: {implicit: 0, pageLoad: 300000, script: 30000}, unhandledPromptBehavior: dismiss and notify, webauthn:extension:credBlob: true, webauthn:extension:largeBlob: true, webauthn:virtualAuthenticators: true}&#10;Element: [[ChromeDriver: chrome on MAC (cb127f2ab728807db9c2115f2a96fd51)] -&gt; id: modal-profil-murid]&#10;Session ID: cb127f2ab728807db9c2115f2a96fd51" type="org.openqa.selenium.ElementClickInterceptedException"><![CDATA[org.openqa.selenium.ElementClickInterceptedException: 
element click intercepted: Element <label id="modal-profil-murid" for="my-modal-5" class="flex gap-1 absolute lg:top-10 top-10 lg:right-40 right-0">...</label> is not clickable at point (949, 280). Other element would receive the click: <h2 class="swal2-title" id="swal2-title" style="display: block;">...</h2>
  (Session info: chrome=110.0.5481.100)
Build info: version: '4.1.2', revision: '9a5a329c5a'
System info: host: 'nsystem-mbp', ip: 'fe80:0:0:0:ce7:beec:a50b:8367%en0', os.name: 'Mac OS X', os.arch: 'x86_64', os.version: '10.16', java.version: '1.8.0_201'
Driver info: org.openqa.selenium.chrome.ChromeDriver
Command: [cb127f2ab728807db9c2115f2a96fd51, clickElement {id=248a9000-c4bc-4420-bec0-337ae4541564}]
Capabilities {acceptInsecureCerts: false, browserName: chrome, browserVersion: 110.0.5481.100, chrome: {chromedriverVersion: 110.0.5481.77 (65ed616c6e8e..., userDataDir: /var/folders/00/xzw63_pj58g...}, goog:chromeOptions: {debuggerAddress: localhost:49955}, javascriptEnabled: true, networkConnectionEnabled: false, pageLoadStrategy: normal, platform: MAC, platformName: MAC, proxy: Proxy(), se:cdp: ws://localhost:49955/devtoo..., se:cdpVersion: 110.0.5481.100, setWindowRect: true, strictFileInteractability: false, timeouts: {implicit: 0, pageLoad: 300000, script: 30000}, unhandledPromptBehavior: dismiss and notify, webauthn:extension:credBlob: true, webauthn:extension:largeBlob: true, webauthn:virtualAuthenticators: true}
Element: [[ChromeDriver: chrome on MAC (cb127f2ab728807db9c2115f2a96fd51)] -> id: modal-profil-murid]
Session ID: cb127f2ab728807db9c2115f2a96fd51
]]></error>
  </testcase>
  <testcase name="" classname="| abcdefghijk*^&amp;*$#$#@%$%^ |" time="0.007">
    <error message="element click intercepted: Element &lt;label id=&quot;modal-profil-murid&quot; for=&quot;my-modal-5&quot; class=&quot;flex gap-1 absolute lg:top-10 top-10 lg:right-40 right-0&quot;&gt;...&lt;/label&gt; is not clickable at point (949, 280). Other element would receive the click: &lt;h2 class=&quot;swal2-title&quot; id=&quot;swal2-title&quot; style=&quot;display: block;&quot;&gt;...&lt;/h2&gt;&#10;  (Session info: chrome=110.0.5481.100)&#10;Build info: version: &apos;4.1.2&apos;, revision: &apos;9a5a329c5a&apos;&#10;System info: host: &apos;nsystem-mbp&apos;, ip: &apos;fe80:0:0:0:ce7:beec:a50b:8367%en0&apos;, os.name: &apos;Mac OS X&apos;, os.arch: &apos;x86_64&apos;, os.version: &apos;10.16&apos;, java.version: &apos;1.8.0_201&apos;&#10;Driver info: org.openqa.selenium.chrome.ChromeDriver&#10;Command: [cb127f2ab728807db9c2115f2a96fd51, clickElement {id=248a9000-c4bc-4420-bec0-337ae4541564}]&#10;Capabilities {acceptInsecureCerts: false, browserName: chrome, browserVersion: 110.0.5481.100, chrome: {chromedriverVersion: 110.0.5481.77 (65ed616c6e8e..., userDataDir: /var/folders/00/xzw63_pj58g...}, goog:chromeOptions: {debuggerAddress: localhost:49955}, javascriptEnabled: true, networkConnectionEnabled: false, pageLoadStrategy: normal, platform: MAC, platformName: MAC, proxy: Proxy(), se:cdp: ws://localhost:49955/devtoo..., se:cdpVersion: 110.0.5481.100, setWindowRect: true, strictFileInteractability: false, timeouts: {implicit: 0, pageLoad: 300000, script: 30000}, unhandledPromptBehavior: dismiss and notify, webauthn:extension:credBlob: true, webauthn:extension:largeBlob: true, webauthn:virtualAuthenticators: true}&#10;Element: [[ChromeDriver: chrome on MAC (cb127f2ab728807db9c2115f2a96fd51)] -&gt; id: modal-profil-murid]&#10;Session ID: cb127f2ab728807db9c2115f2a96fd51" type="org.openqa.selenium.ElementClickInterceptedException"><![CDATA[org.openqa.selenium.ElementClickInterceptedException: 
element click intercepted: Element <label id="modal-profil-murid" for="my-modal-5" class="flex gap-1 absolute lg:top-10 top-10 lg:right-40 right-0">...</label> is not clickable at point (949, 280). Other element would receive the click: <h2 class="swal2-title" id="swal2-title" style="display: block;">...</h2>
  (Session info: chrome=110.0.5481.100)
Build info: version: '4.1.2', revision: '9a5a329c5a'
System info: host: 'nsystem-mbp', ip: 'fe80:0:0:0:ce7:beec:a50b:8367%en0', os.name: 'Mac OS X', os.arch: 'x86_64', os.version: '10.16', java.version: '1.8.0_201'
Driver info: org.openqa.selenium.chrome.ChromeDriver
Command: [cb127f2ab728807db9c2115f2a96fd51, clickElement {id=248a9000-c4bc-4420-bec0-337ae4541564}]
Capabilities {acceptInsecureCerts: false, browserName: chrome, browserVersion: 110.0.5481.100, chrome: {chromedriverVersion: 110.0.5481.77 (65ed616c6e8e..., userDataDir: /var/folders/00/xzw63_pj58g...}, goog:chromeOptions: {debuggerAddress: localhost:49955}, javascriptEnabled: true, networkConnectionEnabled: false, pageLoadStrategy: normal, platform: MAC, platformName: MAC, proxy: Proxy(), se:cdp: ws://localhost:49955/devtoo..., se:cdpVersion: 110.0.5481.100, setWindowRect: true, strictFileInteractability: false, timeouts: {implicit: 0, pageLoad: 300000, script: 30000}, unhandledPromptBehavior: dismiss and notify, webauthn:extension:credBlob: true, webauthn:extension:largeBlob: true, webauthn:virtualAuthenticators: true}
Element: [[ChromeDriver: chrome on MAC (cb127f2ab728807db9c2115f2a96fd51)] -> id: modal-profil-murid]
Session ID: cb127f2ab728807db9c2115f2a96fd51
]]></error>
  </testcase>
  <testcase name="Given Student already on Edit Profile page" classname="| abcdefghijk*^&amp;*$#$#@%$%^ |" time="0">
    <skipped/>
    <system-out><![CDATA[
  Background:                                                                        &amp#27;[90m# features/UpdateStudent.feature:4&amp#27;[0m
    &amp#27;[32mGiven &amp#27;[0m&amp#27;[32mUser open the website GuruMu&amp#27;[0m                                               &amp#27;[90m# LoginSteps.userOpenTheWebsiteGuruMu()&amp#27;[0m
    &amp#27;[32mWhen &amp#27;[0m&amp#27;[32mUser click avatar navigation&amp#27;[0m                                                &amp#27;[90m# LoginSteps.userClickAvatarNavigation()&amp#27;[0m
    &amp#27;[32mAnd &amp#27;[0m&amp#27;[32mUser click menu Masuk&amp#27;[0m                                                        &amp#27;[90m# LoginSteps.userClickMenuMasuk()&amp#27;[0m
    &amp#27;[32mAnd &amp#27;[0m&amp#27;[32mUser input "&amp#27;[0m&amp#27;[32m&amp#27;[1mherdiladania11@gmail.com&amp#27;[0m&amp#27;[32m" as email and input "&amp#27;[0m&amp#27;[32m&amp#27;[1mfe123&amp#27;[0m&amp#27;[32m" as password&amp#27;[0m &amp#27;[90m# LoginSteps.inputCredential(String,String)&amp#27;[0m
    &amp#27;[32mAnd &amp#27;[0m&amp#27;[32mUser clicked masuk button&amp#27;[0m                                                    &amp#27;[90m# LoginSteps.userClickMasukButton()&amp#27;[0m
    &amp#27;[32mWhen &amp#27;[0m&amp#27;[32mUser move to Profile Page&amp#27;[0m                                                   &amp#27;[90m# PenilaianUlasanSteps.userMoveToProfilePage()&amp#27;[0m
    &amp#27;[31mAnd &amp#27;[0m&amp#27;[31mUser click edit profile&amp#27;[0m                                                      &amp#27;[90m# UpdateStudentSteps.userClickEditProfile()&amp#27;[0m
      &amp#27;[31morg.openqa.selenium.ElementClickInterceptedException: element click intercepted: Element <label id="modal-profil-murid" for="my-modal-5" class="flex gap-1 absolute lg:top-10 top-10 lg:right-40 right-0">...</label> is not clickable at point (949, 280). Other element would receive the click: <h2 class="swal2-title" id="swal2-title" style="display: block;">...</h2>
        (Session info: chrome=110.0.5481.100)
      Build info: version: '4.1.2', revision: '9a5a329c5a'
      System info: host: 'nsystem-mbp', ip: 'fe80:0:0:0:ce7:beec:a50b:8367%en0', os.name: 'Mac OS X', os.arch: 'x86_64', os.version: '10.16', java.version: '1.8.0_201'
      Driver info: org.openqa.selenium.chrome.ChromeDriver
      Command: [cb127f2ab728807db9c2115f2a96fd51, clickElement {id=248a9000-c4bc-4420-bec0-337ae4541564}]
      Capabilities {acceptInsecureCerts: false, browserName: chrome, browserVersion: 110.0.5481.100, chrome: {chromedriverVersion: 110.0.5481.77 (65ed616c6e8e..., userDataDir: /var/folders/00/xzw63_pj58g...}, goog:chromeOptions: {debuggerAddress: localhost:49955}, javascriptEnabled: true, networkConnectionEnabled: false, pageLoadStrategy: normal, platform: MAC, platformName: MAC, proxy: Proxy(), se:cdp: ws://localhost:49955/devtoo..., se:cdpVersion: 110.0.5481.100, setWindowRect: true, strictFileInteractability: false, timeouts: {implicit: 0, pageLoad: 300000, script: 30000}, unhandledPromptBehavior: dismiss and notify, webauthn:extension:credBlob: true, webauthn:extension:largeBlob: true, webauthn:virtualAuthenticators: true}
      Element: [[ChromeDriver: chrome on MAC (cb127f2ab728807db9c2115f2a96fd51)] -> id: modal-profil-murid]
      Session ID: cb127f2ab728807db9c2115f2a96fd51
      	at sun.reflect.NativeConstructorAccessorImpl.newInstance0(Native Method)
      	at sun.reflect.NativeConstructorAccessorImpl.newInstance(NativeConstructorAccessorImpl.java:62)
      	at sun.reflect.DelegatingConstructorAccessorImpl.newInstance(DelegatingConstructorAccessorImpl.java:45)
      	at java.lang.reflect.Constructor.newInstance(Constructor.java:423)
      	at org.openqa.selenium.remote.codec.w3c.W3CHttpResponseCodec.createException(W3CHttpResponseCodec.java:200)
      	at org.openqa.selenium.remote.codec.w3c.W3CHttpResponseCodec.decode(W3CHttpResponseCodec.java:133)
      	at org.openqa.selenium.remote.codec.w3c.W3CHttpResponseCodec.decode(W3CHttpResponseCodec.java:53)
      	at org.openqa.selenium.remote.HttpCommandExecutor.execute(HttpCommandExecutor.java:184)
      	at org.openqa.selenium.remote.service.DriverCommandExecutor.invokeExecute(DriverCommandExecutor.java:167)
      	at org.openqa.selenium.remote.service.DriverCommandExecutor.execute(DriverCommandExecutor.java:142)
      	at org.openqa.selenium.remote.RemoteWebDriver.execute(RemoteWebDriver.java:558)
      	at org.openqa.selenium.remote.RemoteWebElement.execute(RemoteWebElement.java:251)
      	at org.openqa.selenium.remote.RemoteWebElement.click(RemoteWebElement.java:77)
      	at sun.reflect.GeneratedMethodAccessor10.invoke(Unknown Source)
      	at sun.reflect.DelegatingMethodAccessorImpl.invoke(DelegatingMethodAccessorImpl.java:43)
      	at java.lang.reflect.Method.invoke(Method.java:498)
      	at org.openqa.selenium.support.pagefactory.internal.LocatingElementHandler.invoke(LocatingElementHandler.java:52)
      	at com.sun.proxy.$Proxy21.click(Unknown Source)
      	at org.example.pageObject.UpdateStudentPage.openEditProfileModal(UpdateStudentPage.java:105)
      	at step_definitions.UpdateStudentSteps.userClickEditProfile(UpdateStudentSteps.java:355)
      	at ✽.And User click edit profile(features/UpdateStudent.feature:11)
      &amp#27;[0m
]]></system-out>
  </testcase>
  <testcase name="When Student click Nama Lengkap field" classname="| abcdefghijk*^&amp;*$#$#@%$%^ |" time="0">
    <skipped/>
  </testcase>
  <testcase name="Then Student input with special character like &quot;abcdefghijk*^&amp;*$#$#@%$%^&quot; in Nama Lengkap field" classname="| abcdefghijk*^&amp;*$#$#@%$%^ |" time="0">
    <skipped/>
  </testcase>
  <testcase name="Given User open the website GuruMu" classname="Scenario: Verify Handphone field is enabled" time="0">
    <system-out><![CDATA[
  @TestUpdateStudent @Test
  Scenario Outline: Input Field with Character and Special Character in Nama Lengkap field          &amp#27;[90m# features/UpdateStudent.feature:56&amp#27;[0m
    &amp#27;[36mGiven &amp#27;[0m&amp#27;[36mStudent already on Edit Profile page&amp#27;[0m                                                      &amp#27;[90m# UpdateStudentSteps.studentAlreadyonEditProfilePage()&amp#27;[0m
    &amp#27;[36mWhen &amp#27;[0m&amp#27;[36mStudent click Nama Lengkap field&amp#27;[0m                                                           &amp#27;[90m# UpdateStudentSteps.studentClickNamaLengkapField()&amp#27;[0m
    &amp#27;[36mThen &amp#27;[0m&amp#27;[36mStudent input with special character like "&amp#27;[0m&amp#27;[36m&amp#27;[1mabcdefghijk*^&*$#$#@%$%^&amp#27;[0m&amp#27;[36m" in Nama Lengkap field&amp#27;[0m &amp#27;[90m# UpdateStudentSteps.studentInputWithSpecialCharacterLikeInNamaLengkapField(String)&amp#27;[0m
]]></system-out>
    <system-err><![CDATA[Starting ChromeDriver 110.0.5481.77 (65ed616c6e8ee3fe0ad64fe83796c020644d42af-refs/branch-heads/5481@{#839}) on port 60917
Only local connections are allowed.
Please see https://chromedriver.chromium.org/security-considerations for suggestions on keeping ChromeDriver safe.
ChromeDriver was started successfully.
[1676553229.991][WARNING]: virtual void DevToolsClientImpl::AddListener(DevToolsEventListener *) subscribing a listener to the already connected DevToolsClient. Connection notification will not arrive.
Feb 16, 2023 8:13:50 PM org.openqa.selenium.remote.ProtocolHandshake createSession
INFO: Detected dialect: W3C
Feb 16, 2023 8:13:50 PM org.openqa.selenium.devtools.CdpVersionFinder findNearestMatch
WARNING: Unable to find an exact match for CDP version 110, so returning the closest version found: a no-op implementation
Feb 16, 2023 8:13:50 PM org.openqa.selenium.devtools.CdpVersionFinder findNearestMatch
INFO: Unable to find CDP implementation matching 110.
Feb 16, 2023 8:13:50 PM org.openqa.selenium.chromium.ChromiumDriver lambda$new$3
WARNING: Unable to find version of CDP to use for . You may need to include a dependency on a specific version of the CDP using something similar to `org.seleniumhq.selenium:selenium-devtools-v86:4.1.2` where the version ("v86") matches the version of the chromium-based browser you're using and the version number of the artifact is the same as Selenium's.
]]></system-err>
  </testcase>
  <testcase name="When User click avatar navigation" classname="Scenario: Verify Handphone field is enabled" time="0"/>
  <testcase name="And User click menu Masuk" classname="Scenario: Verify Handphone field is enabled" time="0"/>
  <testcase name="And User input &quot;herdiladania11@gmail.com&quot; as email and input &quot;fe123&quot; as password" classname="Scenario: Verify Handphone field is enabled" time="0"/>
  <testcase name="And User clicked masuk button" classname="Scenario: Verify Handphone field is enabled" time="0"/>
  <testcase name="When User move to Profile Page" classname="Scenario: Verify Handphone field is enabled" time="0"/>
  <testcase name="And User click edit profile" classname="Scenario: Verify Handphone field is enabled" time="0.006">
    <error message="element click intercepted: Element &lt;label id=&quot;modal-profil-murid&quot; for=&quot;my-modal-5&quot; class=&quot;flex gap-1 absolute lg:top-10 top-10 lg:right-40 right-0&quot;&gt;...&lt;/label&gt; is not clickable at point (949, 280). Other element would receive the click: &lt;h2 class=&quot;swal2-title&quot; id=&quot;swal2-title&quot; style=&quot;display: block;&quot;&gt;...&lt;/h2&gt;&#10;  (Session info: chrome=110.0.5481.100)&#10;Build info: version: &apos;4.1.2&apos;, revision: &apos;9a5a329c5a&apos;&#10;System info: host: &apos;nsystem-mbp&apos;, ip: &apos;fe80:0:0:0:ce7:beec:a50b:8367%en0&apos;, os.name: &apos;Mac OS X&apos;, os.arch: &apos;x86_64&apos;, os.version: &apos;10.16&apos;, java.version: &apos;1.8.0_201&apos;&#10;Driver info: org.openqa.selenium.chrome.ChromeDriver&#10;Command: [8dfbdc2bd6550d7932c7bb1c7303f599, clickElement {id=b0f4e222-8ffb-4cc4-9e9d-be91e5e56b53}]&#10;Capabilities {acceptInsecureCerts: false, browserName: chrome, browserVersion: 110.0.5481.100, chrome: {chromedriverVersion: 110.0.5481.77 (65ed616c6e8e..., userDataDir: /var/folders/00/xzw63_pj58g...}, goog:chromeOptions: {debuggerAddress: localhost:49981}, javascriptEnabled: true, networkConnectionEnabled: false, pageLoadStrategy: normal, platform: MAC, platformName: MAC, proxy: Proxy(), se:cdp: ws://localhost:49981/devtoo..., se:cdpVersion: 110.0.5481.100, setWindowRect: true, strictFileInteractability: false, timeouts: {implicit: 0, pageLoad: 300000, script: 30000}, unhandledPromptBehavior: dismiss and notify, webauthn:extension:credBlob: true, webauthn:extension:largeBlob: true, webauthn:virtualAuthenticators: true}&#10;Element: [[ChromeDriver: chrome on MAC (8dfbdc2bd6550d7932c7bb1c7303f599)] -&gt; id: modal-profil-murid]&#10;Session ID: 8dfbdc2bd6550d7932c7bb1c7303f599" type="org.openqa.selenium.ElementClickInterceptedException"><![CDATA[org.openqa.selenium.ElementClickInterceptedException: 
element click intercepted: Element <label id="modal-profil-murid" for="my-modal-5" class="flex gap-1 absolute lg:top-10 top-10 lg:right-40 right-0">...</label> is not clickable at point (949, 280). Other element would receive the click: <h2 class="swal2-title" id="swal2-title" style="display: block;">...</h2>
  (Session info: chrome=110.0.5481.100)
Build info: version: '4.1.2', revision: '9a5a329c5a'
System info: host: 'nsystem-mbp', ip: 'fe80:0:0:0:ce7:beec:a50b:8367%en0', os.name: 'Mac OS X', os.arch: 'x86_64', os.version: '10.16', java.version: '1.8.0_201'
Driver info: org.openqa.selenium.chrome.ChromeDriver
Command: [8dfbdc2bd6550d7932c7bb1c7303f599, clickElement {id=b0f4e222-8ffb-4cc4-9e9d-be91e5e56b53}]
Capabilities {acceptInsecureCerts: false, browserName: chrome, browserVersion: 110.0.5481.100, chrome: {chromedriverVersion: 110.0.5481.77 (65ed616c6e8e..., userDataDir: /var/folders/00/xzw63_pj58g...}, goog:chromeOptions: {debuggerAddress: localhost:49981}, javascriptEnabled: true, networkConnectionEnabled: false, pageLoadStrategy: normal, platform: MAC, platformName: MAC, proxy: Proxy(), se:cdp: ws://localhost:49981/devtoo..., se:cdpVersion: 110.0.5481.100, setWindowRect: true, strictFileInteractability: false, timeouts: {implicit: 0, pageLoad: 300000, script: 30000}, unhandledPromptBehavior: dismiss and notify, webauthn:extension:credBlob: true, webauthn:extension:largeBlob: true, webauthn:virtualAuthenticators: true}
Element: [[ChromeDriver: chrome on MAC (8dfbdc2bd6550d7932c7bb1c7303f599)] -> id: modal-profil-murid]
Session ID: 8dfbdc2bd6550d7932c7bb1c7303f599
]]></error>
  </testcase>
  <testcase name="" classname="Scenario: Verify Handphone field is enabled" time="0.007">
    <error message="element click intercepted: Element &lt;label id=&quot;modal-profil-murid&quot; for=&quot;my-modal-5&quot; class=&quot;flex gap-1 absolute lg:top-10 top-10 lg:right-40 right-0&quot;&gt;...&lt;/label&gt; is not clickable at point (949, 280). Other element would receive the click: &lt;h2 class=&quot;swal2-title&quot; id=&quot;swal2-title&quot; style=&quot;display: block;&quot;&gt;...&lt;/h2&gt;&#10;  (Session info: chrome=110.0.5481.100)&#10;Build info: version: &apos;4.1.2&apos;, revision: &apos;9a5a329c5a&apos;&#10;System info: host: &apos;nsystem-mbp&apos;, ip: &apos;fe80:0:0:0:ce7:beec:a50b:8367%en0&apos;, os.name: &apos;Mac OS X&apos;, os.arch: &apos;x86_64&apos;, os.version: &apos;10.16&apos;, java.version: &apos;1.8.0_201&apos;&#10;Driver info: org.openqa.selenium.chrome.ChromeDriver&#10;Command: [8dfbdc2bd6550d7932c7bb1c7303f599, clickElement {id=b0f4e222-8ffb-4cc4-9e9d-be91e5e56b53}]&#10;Capabilities {acceptInsecureCerts: false, browserName: chrome, browserVersion: 110.0.5481.100, chrome: {chromedriverVersion: 110.0.5481.77 (65ed616c6e8e..., userDataDir: /var/folders/00/xzw63_pj58g...}, goog:chromeOptions: {debuggerAddress: localhost:49981}, javascriptEnabled: true, networkConnectionEnabled: false, pageLoadStrategy: normal, platform: MAC, platformName: MAC, proxy: Proxy(), se:cdp: ws://localhost:49981/devtoo..., se:cdpVersion: 110.0.5481.100, setWindowRect: true, strictFileInteractability: false, timeouts: {implicit: 0, pageLoad: 300000, script: 30000}, unhandledPromptBehavior: dismiss and notify, webauthn:extension:credBlob: true, webauthn:extension:largeBlob: true, webauthn:virtualAuthenticators: true}&#10;Element: [[ChromeDriver: chrome on MAC (8dfbdc2bd6550d7932c7bb1c7303f599)] -&gt; id: modal-profil-murid]&#10;Session ID: 8dfbdc2bd6550d7932c7bb1c7303f599" type="org.openqa.selenium.ElementClickInterceptedException"><![CDATA[org.openqa.selenium.ElementClickInterceptedException: 
element click intercepted: Element <label id="modal-profil-murid" for="my-modal-5" class="flex gap-1 absolute lg:top-10 top-10 lg:right-40 right-0">...</label> is not clickable at point (949, 280). Other element would receive the click: <h2 class="swal2-title" id="swal2-title" style="display: block;">...</h2>
  (Session info: chrome=110.0.5481.100)
Build info: version: '4.1.2', revision: '9a5a329c5a'
System info: host: 'nsystem-mbp', ip: 'fe80:0:0:0:ce7:beec:a50b:8367%en0', os.name: 'Mac OS X', os.arch: 'x86_64', os.version: '10.16', java.version: '1.8.0_201'
Driver info: org.openqa.selenium.chrome.ChromeDriver
Command: [8dfbdc2bd6550d7932c7bb1c7303f599, clickElement {id=b0f4e222-8ffb-4cc4-9e9d-be91e5e56b53}]
Capabilities {acceptInsecureCerts: false, browserName: chrome, browserVersion: 110.0.5481.100, chrome: {chromedriverVersion: 110.0.5481.77 (65ed616c6e8e..., userDataDir: /var/folders/00/xzw63_pj58g...}, goog:chromeOptions: {debuggerAddress: localhost:49981}, javascriptEnabled: true, networkConnectionEnabled: false, pageLoadStrategy: normal, platform: MAC, platformName: MAC, proxy: Proxy(), se:cdp: ws://localhost:49981/devtoo..., se:cdpVersion: 110.0.5481.100, setWindowRect: true, strictFileInteractability: false, timeouts: {implicit: 0, pageLoad: 300000, script: 30000}, unhandledPromptBehavior: dismiss and notify, webauthn:extension:credBlob: true, webauthn:extension:largeBlob: true, webauthn:virtualAuthenticators: true}
Element: [[ChromeDriver: chrome on MAC (8dfbdc2bd6550d7932c7bb1c7303f599)] -> id: modal-profil-murid]
Session ID: 8dfbdc2bd6550d7932c7bb1c7303f599
]]></error>
  </testcase>
  <testcase name="Given Student already on Edit Profile page" classname="Scenario: Verify Handphone field is enabled" time="0">
    <skipped/>
    <system-out><![CDATA[
  Background:                                                                        &amp#27;[90m# features/UpdateStudent.feature:4&amp#27;[0m
    &amp#27;[32mGiven &amp#27;[0m&amp#27;[32mUser open the website GuruMu&amp#27;[0m                                               &amp#27;[90m# LoginSteps.userOpenTheWebsiteGuruMu()&amp#27;[0m
    &amp#27;[32mWhen &amp#27;[0m&amp#27;[32mUser click avatar navigation&amp#27;[0m                                                &amp#27;[90m# LoginSteps.userClickAvatarNavigation()&amp#27;[0m
    &amp#27;[32mAnd &amp#27;[0m&amp#27;[32mUser click menu Masuk&amp#27;[0m                                                        &amp#27;[90m# LoginSteps.userClickMenuMasuk()&amp#27;[0m
    &amp#27;[32mAnd &amp#27;[0m&amp#27;[32mUser input "&amp#27;[0m&amp#27;[32m&amp#27;[1mherdiladania11@gmail.com&amp#27;[0m&amp#27;[32m" as email and input "&amp#27;[0m&amp#27;[32m&amp#27;[1mfe123&amp#27;[0m&amp#27;[32m" as password&amp#27;[0m &amp#27;[90m# LoginSteps.inputCredential(String,String)&amp#27;[0m
    &amp#27;[32mAnd &amp#27;[0m&amp#27;[32mUser clicked masuk button&amp#27;[0m                                                    &amp#27;[90m# LoginSteps.userClickMasukButton()&amp#27;[0m
    &amp#27;[32mWhen &amp#27;[0m&amp#27;[32mUser move to Profile Page&amp#27;[0m                                                   &amp#27;[90m# PenilaianUlasanSteps.userMoveToProfilePage()&amp#27;[0m
    &amp#27;[31mAnd &amp#27;[0m&amp#27;[31mUser click edit profile&amp#27;[0m                                                      &amp#27;[90m# UpdateStudentSteps.userClickEditProfile()&amp#27;[0m
      &amp#27;[31morg.openqa.selenium.ElementClickInterceptedException: element click intercepted: Element <label id="modal-profil-murid" for="my-modal-5" class="flex gap-1 absolute lg:top-10 top-10 lg:right-40 right-0">...</label> is not clickable at point (949, 280). Other element would receive the click: <h2 class="swal2-title" id="swal2-title" style="display: block;">...</h2>
        (Session info: chrome=110.0.5481.100)
      Build info: version: '4.1.2', revision: '9a5a329c5a'
      System info: host: 'nsystem-mbp', ip: 'fe80:0:0:0:ce7:beec:a50b:8367%en0', os.name: 'Mac OS X', os.arch: 'x86_64', os.version: '10.16', java.version: '1.8.0_201'
      Driver info: org.openqa.selenium.chrome.ChromeDriver
      Command: [8dfbdc2bd6550d7932c7bb1c7303f599, clickElement {id=b0f4e222-8ffb-4cc4-9e9d-be91e5e56b53}]
      Capabilities {acceptInsecureCerts: false, browserName: chrome, browserVersion: 110.0.5481.100, chrome: {chromedriverVersion: 110.0.5481.77 (65ed616c6e8e..., userDataDir: /var/folders/00/xzw63_pj58g...}, goog:chromeOptions: {debuggerAddress: localhost:49981}, javascriptEnabled: true, networkConnectionEnabled: false, pageLoadStrategy: normal, platform: MAC, platformName: MAC, proxy: Proxy(), se:cdp: ws://localhost:49981/devtoo..., se:cdpVersion: 110.0.5481.100, setWindowRect: true, strictFileInteractability: false, timeouts: {implicit: 0, pageLoad: 300000, script: 30000}, unhandledPromptBehavior: dismiss and notify, webauthn:extension:credBlob: true, webauthn:extension:largeBlob: true, webauthn:virtualAuthenticators: true}
      Element: [[ChromeDriver: chrome on MAC (8dfbdc2bd6550d7932c7bb1c7303f599)] -> id: modal-profil-murid]
      Session ID: 8dfbdc2bd6550d7932c7bb1c7303f599
      	at sun.reflect.NativeConstructorAccessorImpl.newInstance0(Native Method)
      	at sun.reflect.NativeConstructorAccessorImpl.newInstance(NativeConstructorAccessorImpl.java:62)
      	at sun.reflect.DelegatingConstructorAccessorImpl.newInstance(DelegatingConstructorAccessorImpl.java:45)
      	at java.lang.reflect.Constructor.newInstance(Constructor.java:423)
      	at org.openqa.selenium.remote.codec.w3c.W3CHttpResponseCodec.createException(W3CHttpResponseCodec.java:200)
      	at org.openqa.selenium.remote.codec.w3c.W3CHttpResponseCodec.decode(W3CHttpResponseCodec.java:133)
      	at org.openqa.selenium.remote.codec.w3c.W3CHttpResponseCodec.decode(W3CHttpResponseCodec.java:53)
      	at org.openqa.selenium.remote.HttpCommandExecutor.execute(HttpCommandExecutor.java:184)
      	at org.openqa.selenium.remote.service.DriverCommandExecutor.invokeExecute(DriverCommandExecutor.java:167)
      	at org.openqa.selenium.remote.service.DriverCommandExecutor.execute(DriverCommandExecutor.java:142)
      	at org.openqa.selenium.remote.RemoteWebDriver.execute(RemoteWebDriver.java:558)
      	at org.openqa.selenium.remote.RemoteWebElement.execute(RemoteWebElement.java:251)
      	at org.openqa.selenium.remote.RemoteWebElement.click(RemoteWebElement.java:77)
      	at sun.reflect.GeneratedMethodAccessor10.invoke(Unknown Source)
      	at sun.reflect.DelegatingMethodAccessorImpl.invoke(DelegatingMethodAccessorImpl.java:43)
      	at java.lang.reflect.Method.invoke(Method.java:498)
      	at org.openqa.selenium.support.pagefactory.internal.LocatingElementHandler.invoke(LocatingElementHandler.java:52)
      	at com.sun.proxy.$Proxy21.click(Unknown Source)
      	at org.example.pageObject.UpdateStudentPage.openEditProfileModal(UpdateStudentPage.java:105)
      	at step_definitions.UpdateStudentSteps.userClickEditProfile(UpdateStudentSteps.java:355)
      	at ✽.And User click edit profile(features/UpdateStudent.feature:11)
      &amp#27;[0m
]]></system-out>
  </testcase>
  <testcase name="When Student click Handphone field" classname="Scenario: Verify Handphone field is enabled" time="0">
    <skipped/>
  </testcase>
  <testcase name="Then Handphone field is enabled" classname="Scenario: Verify Handphone field is enabled" time="0">
    <skipped/>
  </testcase>
  <testcase name="Given User open the website GuruMu" classname="| 089943577389 |" time="0">
    <system-out><![CDATA[
  Scenario: Verify Handphone field is enabled  &amp#27;[90m# features/UpdateStudent.feature:58&amp#27;[0m
    &amp#27;[36mGiven &amp#27;[0m&amp#27;[36mStudent already on Edit Profile page&amp#27;[0m &amp#27;[90m# UpdateStudentSteps.studentAlreadyonEditProfilePage()&amp#27;[0m
    &amp#27;[36mWhen &amp#27;[0m&amp#27;[36mStudent click Handphone field&amp#27;[0m         &amp#27;[90m# UpdateStudentSteps.studentClickHandphoneField()&amp#27;[0m
    &amp#27;[36mThen &amp#27;[0m&amp#27;[36mHandphone field is enabled&amp#27;[0m            &amp#27;[90m# UpdateStudentSteps.handphoneFieldIsEnabled()&amp#27;[0m

  Scenario Outline: Input Field with Valid Number in Handphone field        &amp#27;[90m# features/UpdateStudent.feature:63&amp#27;[0m
    &amp#27;[36mGiven &amp#27;[0m&amp#27;[36mStudent already on Edit Profile page&amp#27;[0m
    &amp#27;[36mWhen &amp#27;[0m&amp#27;[36mStudent click Handphone field&amp#27;[0m
    &amp#27;[36mThen &amp#27;[0m&amp#27;[36mStudent input with valid number like "<number>" in Handphone field&amp#27;[0m

    Examples: 
]]></system-out>
    <system-err><![CDATA[Starting ChromeDriver 110.0.5481.77 (65ed616c6e8ee3fe0ad64fe83796c020644d42af-refs/branch-heads/5481@{#839}) on port 63595
Only local connections are allowed.
Please see https://chromedriver.chromium.org/security-considerations for suggestions on keeping ChromeDriver safe.
ChromeDriver was started successfully.
[1676553261.277][WARNING]: virtual void DevToolsClientImpl::AddListener(DevToolsEventListener *) subscribing a listener to the already connected DevToolsClient. Connection notification will not arrive.
Feb 16, 2023 8:14:21 PM org.openqa.selenium.remote.ProtocolHandshake createSession
INFO: Detected dialect: W3C
Feb 16, 2023 8:14:21 PM org.openqa.selenium.devtools.CdpVersionFinder findNearestMatch
WARNING: Unable to find an exact match for CDP version 110, so returning the closest version found: a no-op implementation
Feb 16, 2023 8:14:21 PM org.openqa.selenium.devtools.CdpVersionFinder findNearestMatch
INFO: Unable to find CDP implementation matching 110.
Feb 16, 2023 8:14:21 PM org.openqa.selenium.chromium.ChromiumDriver lambda$new$3
WARNING: Unable to find version of CDP to use for . You may need to include a dependency on a specific version of the CDP using something similar to `org.seleniumhq.selenium:selenium-devtools-v86:4.1.2` where the version ("v86") matches the version of the chromium-based browser you're using and the version number of the artifact is the same as Selenium's.
]]></system-err>
  </testcase>
  <testcase name="Given User open the website GuruMu" classname="| 089943577389 |" time="0">
    <system-out><![CDATA[
  Scenario: Verify 'Handphone' field is enabled &amp#27;[90m# features/UpdateTeacher.feature:297&amp#27;[0m
    &amp#27;[36mGiven &amp#27;[0m&amp#27;[36mTeacher already on Edit Profile page&amp#27;[0m  &amp#27;[90m# UpdateTeacherSteps.teacherAlreadyOnEditProfilePage()&amp#27;[0m
    &amp#27;[36mWhen &amp#27;[0m&amp#27;[36mTeacher click 'Handphone' field&amp#27;[0m        &amp#27;[90m# UpdateTeacherSteps.teacherClickHandphoneField()&amp#27;[0m
    &amp#27;[36mThen &amp#27;[0m&amp#27;[36m'Handphone' field is enabled&amp#27;[0m           &amp#27;[90m# UpdateTeacherSteps.handphoneFieldIsEnabled()&amp#27;[0m

  Scenario Outline: Input Field with Valid Number in 'Handphone' field        &amp#27;[90m# features/UpdateTeacher.feature:302&amp#27;[0m
    &amp#27;[36mGiven &amp#27;[0m&amp#27;[36mTeacher already on Edit Profile page&amp#27;[0m
    &amp#27;[36mWhen &amp#27;[0m&amp#27;[36mTeacher click 'Handphone' field&amp#27;[0m
    &amp#27;[36mThen &amp#27;[0m&amp#27;[36mTeacher input with valid number like "<number>" in 'Handphone' field&amp#27;[0m

    Examples: 
]]></system-out>
    <system-err><![CDATA[Starting ChromeDriver 110.0.5481.77 (65ed616c6e8ee3fe0ad64fe83796c020644d42af-refs/branch-heads/5481@{#839}) on port 52487
Only local connections are allowed.
Please see https://chromedriver.chromium.org/security-considerations for suggestions on keeping ChromeDriver safe.
ChromeDriver was started successfully.
[1676555551.998][WARNING]: virtual void DevToolsClientImpl::AddListener(DevToolsEventListener *) subscribing a listener to the already connected DevToolsClient. Connection notification will not arrive.
Feb 16, 2023 8:52:32 PM org.openqa.selenium.remote.ProtocolHandshake createSession
INFO: Detected dialect: W3C
Feb 16, 2023 8:52:32 PM org.openqa.selenium.devtools.CdpVersionFinder findNearestMatch
WARNING: Unable to find an exact match for CDP version 110, so returning the closest version found: a no-op implementation
Feb 16, 2023 8:52:32 PM org.openqa.selenium.devtools.CdpVersionFinder findNearestMatch
INFO: Unable to find CDP implementation matching 110.
Feb 16, 2023 8:52:32 PM org.openqa.selenium.chromium.ChromiumDriver lambda$new$3
WARNING: Unable to find version of CDP to use for . You may need to include a dependency on a specific version of the CDP using something similar to `org.seleniumhq.selenium:selenium-devtools-v86:4.1.2` where the version ("v86") matches the version of the chromium-based browser you're using and the version number of the artifact is the same as Selenium's.
]]></system-err>
  </testcase>
  <testcase name="When User click avatar navigation" classname="| 089943577389 |" time="0"/>
  <testcase name="When User click avatar navigation" classname="| 089943577389 |" time="0"/>
  <testcase name="And User click menu Masuk" classname="| 089943577389 |" time="0"/>
  <testcase name="And User click menu Masuk" classname="| 089943577389 |" time="0"/>
  <testcase name="And User input &quot;herdiladania11@gmail.com&quot; as email and input &quot;fe123&quot; as password" classname="| 089943577389 |" time="0"/>
  <testcase name="And User clicked masuk button" classname="| 089943577389 |" time="0"/>
  <testcase name="And User clicked masuk button" classname="| 089943577389 |" time="0"/>
  <testcase name="When User move to Profile Page" classname="| 089943577389 |" time="0"/>
  <testcase name="When User move to Profile Page" classname="| 089943577389 |" time="0"/>
  <testcase name="And User click edit profile" classname="| 089943577389 |" time="0.005">
    <error message="element click intercepted: Element &lt;label id=&quot;modal-profil-murid&quot; for=&quot;my-modal-5&quot; class=&quot;flex gap-1 absolute lg:top-10 top-10 lg:right-40 right-0&quot;&gt;...&lt;/label&gt; is not clickable at point (949, 280). Other element would receive the click: &lt;h2 class=&quot;swal2-title&quot; id=&quot;swal2-title&quot; style=&quot;display: block;&quot;&gt;...&lt;/h2&gt;&#10;  (Session info: chrome=110.0.5481.100)&#10;Build info: version: &apos;4.1.2&apos;, revision: &apos;9a5a329c5a&apos;&#10;System info: host: &apos;nsystem-mbp&apos;, ip: &apos;fe80:0:0:0:ce7:beec:a50b:8367%en0&apos;, os.name: &apos;Mac OS X&apos;, os.arch: &apos;x86_64&apos;, os.version: &apos;10.16&apos;, java.version: &apos;1.8.0_201&apos;&#10;Driver info: org.openqa.selenium.chrome.ChromeDriver&#10;Command: [5d612eecfb1c8bc0fd9860bb48db3f3a, clickElement {id=b133df4e-ce11-4112-a4fc-cd9823c6df18}]&#10;Capabilities {acceptInsecureCerts: false, browserName: chrome, browserVersion: 110.0.5481.100, chrome: {chromedriverVersion: 110.0.5481.77 (65ed616c6e8e..., userDataDir: /var/folders/00/xzw63_pj58g...}, goog:chromeOptions: {debuggerAddress: localhost:50006}, javascriptEnabled: true, networkConnectionEnabled: false, pageLoadStrategy: normal, platform: MAC, platformName: MAC, proxy: Proxy(), se:cdp: ws://localhost:50006/devtoo..., se:cdpVersion: 110.0.5481.100, setWindowRect: true, strictFileInteractability: false, timeouts: {implicit: 0, pageLoad: 300000, script: 30000}, unhandledPromptBehavior: dismiss and notify, webauthn:extension:credBlob: true, webauthn:extension:largeBlob: true, webauthn:virtualAuthenticators: true}&#10;Element: [[ChromeDriver: chrome on MAC (5d612eecfb1c8bc0fd9860bb48db3f3a)] -&gt; id: modal-profil-murid]&#10;Session ID: 5d612eecfb1c8bc0fd9860bb48db3f3a" type="org.openqa.selenium.ElementClickInterceptedException"><![CDATA[org.openqa.selenium.ElementClickInterceptedException: 
element click intercepted: Element <label id="modal-profil-murid" for="my-modal-5" class="flex gap-1 absolute lg:top-10 top-10 lg:right-40 right-0">...</label> is not clickable at point (949, 280). Other element would receive the click: <h2 class="swal2-title" id="swal2-title" style="display: block;">...</h2>
  (Session info: chrome=110.0.5481.100)
Build info: version: '4.1.2', revision: '9a5a329c5a'
System info: host: 'nsystem-mbp', ip: 'fe80:0:0:0:ce7:beec:a50b:8367%en0', os.name: 'Mac OS X', os.arch: 'x86_64', os.version: '10.16', java.version: '1.8.0_201'
Driver info: org.openqa.selenium.chrome.ChromeDriver
Command: [5d612eecfb1c8bc0fd9860bb48db3f3a, clickElement {id=b133df4e-ce11-4112-a4fc-cd9823c6df18}]
Capabilities {acceptInsecureCerts: false, browserName: chrome, browserVersion: 110.0.5481.100, chrome: {chromedriverVersion: 110.0.5481.77 (65ed616c6e8e..., userDataDir: /var/folders/00/xzw63_pj58g...}, goog:chromeOptions: {debuggerAddress: localhost:50006}, javascriptEnabled: true, networkConnectionEnabled: false, pageLoadStrategy: normal, platform: MAC, platformName: MAC, proxy: Proxy(), se:cdp: ws://localhost:50006/devtoo..., se:cdpVersion: 110.0.5481.100, setWindowRect: true, strictFileInteractability: false, timeouts: {implicit: 0, pageLoad: 300000, script: 30000}, unhandledPromptBehavior: dismiss and notify, webauthn:extension:credBlob: true, webauthn:extension:largeBlob: true, webauthn:virtualAuthenticators: true}
Element: [[ChromeDriver: chrome on MAC (5d612eecfb1c8bc0fd9860bb48db3f3a)] -> id: modal-profil-murid]
Session ID: 5d612eecfb1c8bc0fd9860bb48db3f3a
]]></error>
  </testcase>
  <testcase name="" classname="| 089943577389 |" time="0.005">
    <error message="element click intercepted: Element &lt;label id=&quot;modal-profil-murid&quot; for=&quot;my-modal-5&quot; class=&quot;flex gap-1 absolute lg:top-10 top-10 lg:right-40 right-0&quot;&gt;...&lt;/label&gt; is not clickable at point (949, 280). Other element would receive the click: &lt;h2 class=&quot;swal2-title&quot; id=&quot;swal2-title&quot; style=&quot;display: block;&quot;&gt;...&lt;/h2&gt;&#10;  (Session info: chrome=110.0.5481.100)&#10;Build info: version: &apos;4.1.2&apos;, revision: &apos;9a5a329c5a&apos;&#10;System info: host: &apos;nsystem-mbp&apos;, ip: &apos;fe80:0:0:0:ce7:beec:a50b:8367%en0&apos;, os.name: &apos;Mac OS X&apos;, os.arch: &apos;x86_64&apos;, os.version: &apos;10.16&apos;, java.version: &apos;1.8.0_201&apos;&#10;Driver info: org.openqa.selenium.chrome.ChromeDriver&#10;Command: [5d612eecfb1c8bc0fd9860bb48db3f3a, clickElement {id=b133df4e-ce11-4112-a4fc-cd9823c6df18}]&#10;Capabilities {acceptInsecureCerts: false, browserName: chrome, browserVersion: 110.0.5481.100, chrome: {chromedriverVersion: 110.0.5481.77 (65ed616c6e8e..., userDataDir: /var/folders/00/xzw63_pj58g...}, goog:chromeOptions: {debuggerAddress: localhost:50006}, javascriptEnabled: true, networkConnectionEnabled: false, pageLoadStrategy: normal, platform: MAC, platformName: MAC, proxy: Proxy(), se:cdp: ws://localhost:50006/devtoo..., se:cdpVersion: 110.0.5481.100, setWindowRect: true, strictFileInteractability: false, timeouts: {implicit: 0, pageLoad: 300000, script: 30000}, unhandledPromptBehavior: dismiss and notify, webauthn:extension:credBlob: true, webauthn:extension:largeBlob: true, webauthn:virtualAuthenticators: true}&#10;Element: [[ChromeDriver: chrome on MAC (5d612eecfb1c8bc0fd9860bb48db3f3a)] -&gt; id: modal-profil-murid]&#10;Session ID: 5d612eecfb1c8bc0fd9860bb48db3f3a" type="org.openqa.selenium.ElementClickInterceptedException"><![CDATA[org.openqa.selenium.ElementClickInterceptedException: 
element click intercepted: Element <label id="modal-profil-murid" for="my-modal-5" class="flex gap-1 absolute lg:top-10 top-10 lg:right-40 right-0">...</label> is not clickable at point (949, 280). Other element would receive the click: <h2 class="swal2-title" id="swal2-title" style="display: block;">...</h2>
  (Session info: chrome=110.0.5481.100)
Build info: version: '4.1.2', revision: '9a5a329c5a'
System info: host: 'nsystem-mbp', ip: 'fe80:0:0:0:ce7:beec:a50b:8367%en0', os.name: 'Mac OS X', os.arch: 'x86_64', os.version: '10.16', java.version: '1.8.0_201'
Driver info: org.openqa.selenium.chrome.ChromeDriver
Command: [5d612eecfb1c8bc0fd9860bb48db3f3a, clickElement {id=b133df4e-ce11-4112-a4fc-cd9823c6df18}]
Capabilities {acceptInsecureCerts: false, browserName: chrome, browserVersion: 110.0.5481.100, chrome: {chromedriverVersion: 110.0.5481.77 (65ed616c6e8e..., userDataDir: /var/folders/00/xzw63_pj58g...}, goog:chromeOptions: {debuggerAddress: localhost:50006}, javascriptEnabled: true, networkConnectionEnabled: false, pageLoadStrategy: normal, platform: MAC, platformName: MAC, proxy: Proxy(), se:cdp: ws://localhost:50006/devtoo..., se:cdpVersion: 110.0.5481.100, setWindowRect: true, strictFileInteractability: false, timeouts: {implicit: 0, pageLoad: 300000, script: 30000}, unhandledPromptBehavior: dismiss and notify, webauthn:extension:credBlob: true, webauthn:extension:largeBlob: true, webauthn:virtualAuthenticators: true}
Element: [[ChromeDriver: chrome on MAC (5d612eecfb1c8bc0fd9860bb48db3f3a)] -> id: modal-profil-murid]
Session ID: 5d612eecfb1c8bc0fd9860bb48db3f3a
]]></error>
  </testcase>
  <testcase name="" classname="| 089943577389 |" time="0.003">
    <error message="no such element: Unable to locate element: {&quot;method&quot;:&quot;xpath&quot;,&quot;selector&quot;:&quot;//div[@class=&apos;bp4-tab pl-12 pr-12 pb-2 font-bold text-xl lg:ml-60 mx-auto&apos;]&quot;}&#10;  (Session info: chrome=110.0.5481.100)&#10;For documentation on this error, please visit: https://selenium.dev/exceptions/#no_such_element&#10;Build info: version: &apos;4.1.2&apos;, revision: &apos;9a5a329c5a&apos;&#10;System info: host: &apos;nsystem-mbp&apos;, ip: &apos;fe80:0:0:0:ce7:beec:a50b:8367%en0&apos;, os.name: &apos;Mac OS X&apos;, os.arch: &apos;x86_64&apos;, os.version: &apos;10.16&apos;, java.version: &apos;1.8.0_201&apos;&#10;Driver info: org.openqa.selenium.chrome.ChromeDriver&#10;Command: [7216026ece0775235927b36a9063327c, findElement {using=xpath, value=//div[@class=&apos;bp4-tab pl-12 pr-12 pb-2 font-bold text-xl lg:ml-60 mx-auto&apos;]}]&#10;Capabilities {acceptInsecureCerts: false, browserName: chrome, browserVersion: 110.0.5481.100, chrome: {chromedriverVersion: 110.0.5481.77 (65ed616c6e8e..., userDataDir: /var/folders/00/xzw63_pj58g...}, goog:chromeOptions: {debuggerAddress: localhost:51784}, javascriptEnabled: true, networkConnectionEnabled: false, pageLoadStrategy: normal, platform: MAC, platformName: MAC, proxy: Proxy(), se:cdp: ws://localhost:51784/devtoo..., se:cdpVersion: 110.0.5481.100, setWindowRect: true, strictFileInteractability: false, timeouts: {implicit: 0, pageLoad: 300000, script: 30000}, unhandledPromptBehavior: dismiss and notify, webauthn:extension:credBlob: true, webauthn:extension:largeBlob: true, webauthn:virtualAuthenticators: true}&#10;Session ID: 7216026ece0775235927b36a9063327c" type="org.openqa.selenium.NoSuchElementException"><![CDATA[org.openqa.selenium.NoSuchElementException: 
no such element: Unable to locate element: {"method":"xpath","selector":"//div[@class='bp4-tab pl-12 pr-12 pb-2 font-bold text-xl lg:ml-60 mx-auto']"}
  (Session info: chrome=110.0.5481.100)
For documentation on this error, please visit: https://selenium.dev/exceptions/#no_such_element
Build info: version: '4.1.2', revision: '9a5a329c5a'
System info: host: 'nsystem-mbp', ip: 'fe80:0:0:0:ce7:beec:a50b:8367%en0', os.name: 'Mac OS X', os.arch: 'x86_64', os.version: '10.16', java.version: '1.8.0_201'
Driver info: org.openqa.selenium.chrome.ChromeDriver
Command: [7216026ece0775235927b36a9063327c, findElement {using=xpath, value=//div[@class='bp4-tab pl-12 pr-12 pb-2 font-bold text-xl lg:ml-60 mx-auto']}]
Capabilities {acceptInsecureCerts: false, browserName: chrome, browserVersion: 110.0.5481.100, chrome: {chromedriverVersion: 110.0.5481.77 (65ed616c6e8e..., userDataDir: /var/folders/00/xzw63_pj58g...}, goog:chromeOptions: {debuggerAddress: localhost:51784}, javascriptEnabled: true, networkConnectionEnabled: false, pageLoadStrategy: normal, platform: MAC, platformName: MAC, proxy: Proxy(), se:cdp: ws://localhost:51784/devtoo..., se:cdpVersion: 110.0.5481.100, setWindowRect: true, strictFileInteractability: false, timeouts: {implicit: 0, pageLoad: 300000, script: 30000}, unhandledPromptBehavior: dismiss and notify, webauthn:extension:credBlob: true, webauthn:extension:largeBlob: true, webauthn:virtualAuthenticators: true}
Session ID: 7216026ece0775235927b36a9063327c
]]></error>
  </testcase>
  <testcase name="Given Student already on Edit Profile page" classname="| 089943577389 |" time="0">
    <skipped/>
    <system-out><![CDATA[
  Background:                                                                        &amp#27;[90m# features/UpdateStudent.feature:4&amp#27;[0m
    &amp#27;[32mGiven &amp#27;[0m&amp#27;[32mUser open the website GuruMu&amp#27;[0m                                               &amp#27;[90m# LoginSteps.userOpenTheWebsiteGuruMu()&amp#27;[0m
    &amp#27;[32mWhen &amp#27;[0m&amp#27;[32mUser click avatar navigation&amp#27;[0m                                                &amp#27;[90m# LoginSteps.userClickAvatarNavigation()&amp#27;[0m
    &amp#27;[32mAnd &amp#27;[0m&amp#27;[32mUser click menu Masuk&amp#27;[0m                                                        &amp#27;[90m# LoginSteps.userClickMenuMasuk()&amp#27;[0m
    &amp#27;[32mAnd &amp#27;[0m&amp#27;[32mUser input "&amp#27;[0m&amp#27;[32m&amp#27;[1mherdiladania11@gmail.com&amp#27;[0m&amp#27;[32m" as email and input "&amp#27;[0m&amp#27;[32m&amp#27;[1mfe123&amp#27;[0m&amp#27;[32m" as password&amp#27;[0m &amp#27;[90m# LoginSteps.inputCredential(String,String)&amp#27;[0m
    &amp#27;[32mAnd &amp#27;[0m&amp#27;[32mUser clicked masuk button&amp#27;[0m                                                    &amp#27;[90m# LoginSteps.userClickMasukButton()&amp#27;[0m
    &amp#27;[32mWhen &amp#27;[0m&amp#27;[32mUser move to Profile Page&amp#27;[0m                                                   &amp#27;[90m# PenilaianUlasanSteps.userMoveToProfilePage()&amp#27;[0m
    &amp#27;[31mAnd &amp#27;[0m&amp#27;[31mUser click edit profile&amp#27;[0m                                                      &amp#27;[90m# UpdateStudentSteps.userClickEditProfile()&amp#27;[0m
      &amp#27;[31morg.openqa.selenium.ElementClickInterceptedException: element click intercepted: Element <label id="modal-profil-murid" for="my-modal-5" class="flex gap-1 absolute lg:top-10 top-10 lg:right-40 right-0">...</label> is not clickable at point (949, 280). Other element would receive the click: <h2 class="swal2-title" id="swal2-title" style="display: block;">...</h2>
        (Session info: chrome=110.0.5481.100)
      Build info: version: '4.1.2', revision: '9a5a329c5a'
      System info: host: 'nsystem-mbp', ip: 'fe80:0:0:0:ce7:beec:a50b:8367%en0', os.name: 'Mac OS X', os.arch: 'x86_64', os.version: '10.16', java.version: '1.8.0_201'
      Driver info: org.openqa.selenium.chrome.ChromeDriver
      Command: [5d612eecfb1c8bc0fd9860bb48db3f3a, clickElement {id=b133df4e-ce11-4112-a4fc-cd9823c6df18}]
      Capabilities {acceptInsecureCerts: false, browserName: chrome, browserVersion: 110.0.5481.100, chrome: {chromedriverVersion: 110.0.5481.77 (65ed616c6e8e..., userDataDir: /var/folders/00/xzw63_pj58g...}, goog:chromeOptions: {debuggerAddress: localhost:50006}, javascriptEnabled: true, networkConnectionEnabled: false, pageLoadStrategy: normal, platform: MAC, platformName: MAC, proxy: Proxy(), se:cdp: ws://localhost:50006/devtoo..., se:cdpVersion: 110.0.5481.100, setWindowRect: true, strictFileInteractability: false, timeouts: {implicit: 0, pageLoad: 300000, script: 30000}, unhandledPromptBehavior: dismiss and notify, webauthn:extension:credBlob: true, webauthn:extension:largeBlob: true, webauthn:virtualAuthenticators: true}
      Element: [[ChromeDriver: chrome on MAC (5d612eecfb1c8bc0fd9860bb48db3f3a)] -> id: modal-profil-murid]
      Session ID: 5d612eecfb1c8bc0fd9860bb48db3f3a
      	at sun.reflect.NativeConstructorAccessorImpl.newInstance0(Native Method)
      	at sun.reflect.NativeConstructorAccessorImpl.newInstance(NativeConstructorAccessorImpl.java:62)
      	at sun.reflect.DelegatingConstructorAccessorImpl.newInstance(DelegatingConstructorAccessorImpl.java:45)
      	at java.lang.reflect.Constructor.newInstance(Constructor.java:423)
      	at org.openqa.selenium.remote.codec.w3c.W3CHttpResponseCodec.createException(W3CHttpResponseCodec.java:200)
      	at org.openqa.selenium.remote.codec.w3c.W3CHttpResponseCodec.decode(W3CHttpResponseCodec.java:133)
      	at org.openqa.selenium.remote.codec.w3c.W3CHttpResponseCodec.decode(W3CHttpResponseCodec.java:53)
      	at org.openqa.selenium.remote.HttpCommandExecutor.execute(HttpCommandExecutor.java:184)
      	at org.openqa.selenium.remote.service.DriverCommandExecutor.invokeExecute(DriverCommandExecutor.java:167)
      	at org.openqa.selenium.remote.service.DriverCommandExecutor.execute(DriverCommandExecutor.java:142)
      	at org.openqa.selenium.remote.RemoteWebDriver.execute(RemoteWebDriver.java:558)
      	at org.openqa.selenium.remote.RemoteWebElement.execute(RemoteWebElement.java:251)
      	at org.openqa.selenium.remote.RemoteWebElement.click(RemoteWebElement.java:77)
      	at sun.reflect.GeneratedMethodAccessor10.invoke(Unknown Source)
      	at sun.reflect.DelegatingMethodAccessorImpl.invoke(DelegatingMethodAccessorImpl.java:43)
      	at java.lang.reflect.Method.invoke(Method.java:498)
      	at org.openqa.selenium.support.pagefactory.internal.LocatingElementHandler.invoke(LocatingElementHandler.java:52)
      	at com.sun.proxy.$Proxy21.click(Unknown Source)
      	at org.example.pageObject.UpdateStudentPage.openEditProfileModal(UpdateStudentPage.java:105)
      	at step_definitions.UpdateStudentSteps.userClickEditProfile(UpdateStudentSteps.java:355)
      	at ✽.And User click edit profile(features/UpdateStudent.feature:11)
      &amp#27;[0m
]]></system-out>
  </testcase>
  <testcase name="When Student click Handphone field" classname="| 089943577389 |" time="0">
    <skipped/>
  </testcase>
  <testcase name="Then Student input with valid number like &quot;089943577389&quot; in Handphone field" classname="| 089943577389 |" time="0">
    <skipped/>
  </testcase>
  <testcase name="And User input &quot;zulfeekei@gmail.com&quot; as email and input &quot;be123&quot; as password" classname="| 089943577389 |" time="0"/>
  <testcase name="And User move to edit profile" classname="| 089943577389 |" time="0.003">
    <error message="no such element: Unable to locate element: {&quot;method&quot;:&quot;xpath&quot;,&quot;selector&quot;:&quot;//div[@class=&apos;bp4-tab pl-12 pr-12 pb-2 font-bold text-xl lg:ml-60 mx-auto&apos;]&quot;}&#10;  (Session info: chrome=110.0.5481.100)&#10;For documentation on this error, please visit: https://selenium.dev/exceptions/#no_such_element&#10;Build info: version: &apos;4.1.2&apos;, revision: &apos;9a5a329c5a&apos;&#10;System info: host: &apos;nsystem-mbp&apos;, ip: &apos;fe80:0:0:0:ce7:beec:a50b:8367%en0&apos;, os.name: &apos;Mac OS X&apos;, os.arch: &apos;x86_64&apos;, os.version: &apos;10.16&apos;, java.version: &apos;1.8.0_201&apos;&#10;Driver info: org.openqa.selenium.chrome.ChromeDriver&#10;Command: [7216026ece0775235927b36a9063327c, findElement {using=xpath, value=//div[@class=&apos;bp4-tab pl-12 pr-12 pb-2 font-bold text-xl lg:ml-60 mx-auto&apos;]}]&#10;Capabilities {acceptInsecureCerts: false, browserName: chrome, browserVersion: 110.0.5481.100, chrome: {chromedriverVersion: 110.0.5481.77 (65ed616c6e8e..., userDataDir: /var/folders/00/xzw63_pj58g...}, goog:chromeOptions: {debuggerAddress: localhost:51784}, javascriptEnabled: true, networkConnectionEnabled: false, pageLoadStrategy: normal, platform: MAC, platformName: MAC, proxy: Proxy(), se:cdp: ws://localhost:51784/devtoo..., se:cdpVersion: 110.0.5481.100, setWindowRect: true, strictFileInteractability: false, timeouts: {implicit: 0, pageLoad: 300000, script: 30000}, unhandledPromptBehavior: dismiss and notify, webauthn:extension:credBlob: true, webauthn:extension:largeBlob: true, webauthn:virtualAuthenticators: true}&#10;Session ID: 7216026ece0775235927b36a9063327c" type="org.openqa.selenium.NoSuchElementException"><![CDATA[org.openqa.selenium.NoSuchElementException: 
no such element: Unable to locate element: {"method":"xpath","selector":"//div[@class='bp4-tab pl-12 pr-12 pb-2 font-bold text-xl lg:ml-60 mx-auto']"}
  (Session info: chrome=110.0.5481.100)
For documentation on this error, please visit: https://selenium.dev/exceptions/#no_such_element
Build info: version: '4.1.2', revision: '9a5a329c5a'
System info: host: 'nsystem-mbp', ip: 'fe80:0:0:0:ce7:beec:a50b:8367%en0', os.name: 'Mac OS X', os.arch: 'x86_64', os.version: '10.16', java.version: '1.8.0_201'
Driver info: org.openqa.selenium.chrome.ChromeDriver
Command: [7216026ece0775235927b36a9063327c, findElement {using=xpath, value=//div[@class='bp4-tab pl-12 pr-12 pb-2 font-bold text-xl lg:ml-60 mx-auto']}]
Capabilities {acceptInsecureCerts: false, browserName: chrome, browserVersion: 110.0.5481.100, chrome: {chromedriverVersion: 110.0.5481.77 (65ed616c6e8e..., userDataDir: /var/folders/00/xzw63_pj58g...}, goog:chromeOptions: {debuggerAddress: localhost:51784}, javascriptEnabled: true, networkConnectionEnabled: false, pageLoadStrategy: normal, platform: MAC, platformName: MAC, proxy: Proxy(), se:cdp: ws://localhost:51784/devtoo..., se:cdpVersion: 110.0.5481.100, setWindowRect: true, strictFileInteractability: false, timeouts: {implicit: 0, pageLoad: 300000, script: 30000}, unhandledPromptBehavior: dismiss and notify, webauthn:extension:credBlob: true, webauthn:extension:largeBlob: true, webauthn:virtualAuthenticators: true}
Session ID: 7216026ece0775235927b36a9063327c
]]></error>
  </testcase>
  <testcase name="Given Teacher already on Edit Profile page" classname="| 089943577389 |" time="0">
    <skipped/>
    <system-out><![CDATA[
  Background:                                                                   &amp#27;[90m# features/UpdateTeacher.feature:4&amp#27;[0m
    &amp#27;[32mGiven &amp#27;[0m&amp#27;[32mUser open the website GuruMu&amp#27;[0m                                          &amp#27;[90m# LoginSteps.userOpenTheWebsiteGuruMu()&amp#27;[0m
    &amp#27;[32mWhen &amp#27;[0m&amp#27;[32mUser click avatar navigation&amp#27;[0m                                           &amp#27;[90m# LoginSteps.userClickAvatarNavigation()&amp#27;[0m
    &amp#27;[32mAnd &amp#27;[0m&amp#27;[32mUser click menu Masuk&amp#27;[0m                                                   &amp#27;[90m# LoginSteps.userClickMenuMasuk()&amp#27;[0m
    &amp#27;[32mAnd &amp#27;[0m&amp#27;[32mUser input "&amp#27;[0m&amp#27;[32m&amp#27;[1mzulfeekei@gmail.com&amp#27;[0m&amp#27;[32m" as email and input "&amp#27;[0m&amp#27;[32m&amp#27;[1mbe123&amp#27;[0m&amp#27;[32m" as password&amp#27;[0m &amp#27;[90m# LoginSteps.inputCredential(String,String)&amp#27;[0m
    &amp#27;[32mAnd &amp#27;[0m&amp#27;[32mUser clicked masuk button&amp#27;[0m                                               &amp#27;[90m# LoginSteps.userClickMasukButton()&amp#27;[0m
    &amp#27;[32mWhen &amp#27;[0m&amp#27;[32mUser move to Profile Page&amp#27;[0m                                              &amp#27;[90m# PenilaianUlasanSteps.userMoveToProfilePage()&amp#27;[0m
    &amp#27;[31mAnd &amp#27;[0m&amp#27;[31mUser move to edit profile&amp#27;[0m                                               &amp#27;[90m# UpdateTeacherSteps.userMoveToEditProfile()&amp#27;[0m
      &amp#27;[31morg.openqa.selenium.NoSuchElementException: no such element: Unable to locate element: {"method":"xpath","selector":"//div[@class='bp4-tab pl-12 pr-12 pb-2 font-bold text-xl lg:ml-60 mx-auto']"}
        (Session info: chrome=110.0.5481.100)
      For documentation on this error, please visit: https://selenium.dev/exceptions/#no_such_element
      Build info: version: '4.1.2', revision: '9a5a329c5a'
      System info: host: 'nsystem-mbp', ip: 'fe80:0:0:0:ce7:beec:a50b:8367%en0', os.name: 'Mac OS X', os.arch: 'x86_64', os.version: '10.16', java.version: '1.8.0_201'
      Driver info: org.openqa.selenium.chrome.ChromeDriver
      Command: [7216026ece0775235927b36a9063327c, findElement {using=xpath, value=//div[@class='bp4-tab pl-12 pr-12 pb-2 font-bold text-xl lg:ml-60 mx-auto']}]
      Capabilities {acceptInsecureCerts: false, browserName: chrome, browserVersion: 110.0.5481.100, chrome: {chromedriverVersion: 110.0.5481.77 (65ed616c6e8e..., userDataDir: /var/folders/00/xzw63_pj58g...}, goog:chromeOptions: {debuggerAddress: localhost:51784}, javascriptEnabled: true, networkConnectionEnabled: false, pageLoadStrategy: normal, platform: MAC, platformName: MAC, proxy: Proxy(), se:cdp: ws://localhost:51784/devtoo..., se:cdpVersion: 110.0.5481.100, setWindowRect: true, strictFileInteractability: false, timeouts: {implicit: 0, pageLoad: 300000, script: 30000}, unhandledPromptBehavior: dismiss and notify, webauthn:extension:credBlob: true, webauthn:extension:largeBlob: true, webauthn:virtualAuthenticators: true}
      Session ID: 7216026ece0775235927b36a9063327c
      	at sun.reflect.GeneratedConstructorAccessor38.newInstance(Unknown Source)
      	at sun.reflect.DelegatingConstructorAccessorImpl.newInstance(DelegatingConstructorAccessorImpl.java:45)
      	at java.lang.reflect.Constructor.newInstance(Constructor.java:423)
      	at org.openqa.selenium.remote.codec.w3c.W3CHttpResponseCodec.createException(W3CHttpResponseCodec.java:200)
      	at org.openqa.selenium.remote.codec.w3c.W3CHttpResponseCodec.decode(W3CHttpResponseCodec.java:133)
      	at org.openqa.selenium.remote.codec.w3c.W3CHttpResponseCodec.decode(W3CHttpResponseCodec.java:53)
      	at org.openqa.selenium.remote.HttpCommandExecutor.execute(HttpCommandExecutor.java:184)
      	at org.openqa.selenium.remote.service.DriverCommandExecutor.invokeExecute(DriverCommandExecutor.java:167)
      	at org.openqa.selenium.remote.service.DriverCommandExecutor.execute(DriverCommandExecutor.java:142)
      	at org.openqa.selenium.remote.RemoteWebDriver.execute(RemoteWebDriver.java:558)
      	at org.openqa.selenium.remote.ElementLocation$ElementFinder$2.findElement(ElementLocation.java:162)
      	at org.openqa.selenium.remote.ElementLocation.findElement(ElementLocation.java:60)
      	at org.openqa.selenium.remote.RemoteWebDriver.findElement(RemoteWebDriver.java:382)
      	at org.openqa.selenium.remote.RemoteWebDriver.findElement(RemoteWebDriver.java:374)
      	at org.openqa.selenium.support.pagefactory.DefaultElementLocator.findElement(DefaultElementLocator.java:70)
      	at org.openqa.selenium.support.pagefactory.internal.LocatingElementHandler.invoke(LocatingElementHandler.java:39)
      	at com.sun.proxy.$Proxy21.click(Unknown Source)
      	at org.example.pageObject.UpdateTeacherPage.toEditProfile(UpdateTeacherPage.java:327)
      	at step_definitions.UpdateTeacherSteps.userMoveToEditProfile(UpdateTeacherSteps.java:1195)
      	at ✽.And User move to edit profile(features/UpdateTeacher.feature:11)
      &amp#27;[0m
]]></system-out>
  </testcase>
  <testcase name="When Teacher click &apos;Handphone&apos; field" classname="| 089943577389 |" time="0">
    <skipped/>
  </testcase>
  <testcase name="Then Teacher input with valid number like &quot;089943577389&quot; in &apos;Handphone&apos; field" classname="| 089943577389 |" time="0">
    <skipped/>
  </testcase>
  <testcase name="Given User open the website GuruMu" classname="| 1234567891011 |" time="0">
    <system-out><![CDATA[
  @TestUpdateStudent @Test
  Scenario Outline: Input Field with Valid Number in Handphone field            &amp#27;[90m# features/UpdateStudent.feature:69&amp#27;[0m
    &amp#27;[36mGiven &amp#27;[0m&amp#27;[36mStudent already on Edit Profile page&amp#27;[0m                                  &amp#27;[90m# UpdateStudentSteps.studentAlreadyonEditProfilePage()&amp#27;[0m
    &amp#27;[36mWhen &amp#27;[0m&amp#27;[36mStudent click Handphone field&amp#27;[0m                                          &amp#27;[90m# UpdateStudentSteps.studentClickHandphoneField()&amp#27;[0m
    &amp#27;[36mThen &amp#27;[0m&amp#27;[36mStudent input with valid number like "&amp#27;[0m&amp#27;[36m&amp#27;[1m089943577389&amp#27;[0m&amp#27;[36m" in Handphone field&amp#27;[0m &amp#27;[90m# UpdateStudentSteps.studentInputWithValidNumberLikeInHandphoneField(String)&amp#27;[0m

  Scenario Outline: Input Field with Not Valid Number in Handphone field        &amp#27;[90m# features/UpdateStudent.feature:71&amp#27;[0m
    &amp#27;[36mGiven &amp#27;[0m&amp#27;[36mStudent already on Edit Profile page&amp#27;[0m
    &amp#27;[36mWhen &amp#27;[0m&amp#27;[36mStudent click Handphone field&amp#27;[0m
    &amp#27;[36mThen &amp#27;[0m&amp#27;[36mStudent input with not valid number like "<number>" in Handphone field&amp#27;[0m

    Examples: 
]]></system-out>
    <system-err><![CDATA[Starting ChromeDriver 110.0.5481.77 (65ed616c6e8ee3fe0ad64fe83796c020644d42af-refs/branch-heads/5481@{#839}) on port 64183
Only local connections are allowed.
Please see https://chromedriver.chromium.org/security-considerations for suggestions on keeping ChromeDriver safe.
ChromeDriver was started successfully.
[1676553292.560][WARNING]: virtual void DevToolsClientImpl::AddListener(DevToolsEventListener *) subscribing a listener to the already connected DevToolsClient. Connection notification will not arrive.
Feb 16, 2023 8:14:52 PM org.openqa.selenium.remote.ProtocolHandshake createSession
INFO: Detected dialect: W3C
Feb 16, 2023 8:14:52 PM org.openqa.selenium.devtools.CdpVersionFinder findNearestMatch
WARNING: Unable to find an exact match for CDP version 110, so returning the closest version found: a no-op implementation
Feb 16, 2023 8:14:52 PM org.openqa.selenium.devtools.CdpVersionFinder findNearestMatch
INFO: Unable to find CDP implementation matching 110.
Feb 16, 2023 8:14:52 PM org.openqa.selenium.chromium.ChromiumDriver lambda$new$3
WARNING: Unable to find version of CDP to use for . You may need to include a dependency on a specific version of the CDP using something similar to `org.seleniumhq.selenium:selenium-devtools-v86:4.1.2` where the version ("v86") matches the version of the chromium-based browser you're using and the version number of the artifact is the same as Selenium's.
]]></system-err>
  </testcase>
  <testcase name="Given User open the website GuruMu" classname="| 1234567891011 |" time="0.001">
    <system-out><![CDATA[
  @TestUpdateTeacher @Test
  Scenario Outline: Input Field with Valid Number in 'Handphone' field            &amp#27;[90m# features/UpdateTeacher.feature:308&amp#27;[0m
    &amp#27;[36mGiven &amp#27;[0m&amp#27;[36mTeacher already on Edit Profile page&amp#27;[0m                                    &amp#27;[90m# UpdateTeacherSteps.teacherAlreadyOnEditProfilePage()&amp#27;[0m
    &amp#27;[36mWhen &amp#27;[0m&amp#27;[36mTeacher click 'Handphone' field&amp#27;[0m                                          &amp#27;[90m# UpdateTeacherSteps.teacherClickHandphoneField()&amp#27;[0m
    &amp#27;[36mThen &amp#27;[0m&amp#27;[36mTeacher input with valid number like "&amp#27;[0m&amp#27;[36m&amp#27;[1m089943577389&amp#27;[0m&amp#27;[36m" in 'Handphone' field&amp#27;[0m &amp#27;[90m# UpdateTeacherSteps.teacherInputWithValidNumberLikeInHandphoneField(String)&amp#27;[0m

  Scenario Outline: Input Field with Not Valid Number in 'Handphone' field        &amp#27;[90m# features/UpdateTeacher.feature:310&amp#27;[0m
    &amp#27;[36mGiven &amp#27;[0m&amp#27;[36mTeacher already on Edit Profile page&amp#27;[0m
    &amp#27;[36mWhen &amp#27;[0m&amp#27;[36mTeacher click 'Handphone' field&amp#27;[0m
    &amp#27;[36mThen &amp#27;[0m&amp#27;[36mTeacher input with not valid number like "<number>" in 'Handphone' field&amp#27;[0m

    Examples: 
]]></system-out>
    <system-err><![CDATA[Starting ChromeDriver 110.0.5481.77 (65ed616c6e8ee3fe0ad64fe83796c020644d42af-refs/branch-heads/5481@{#839}) on port 57824
Only local connections are allowed.
Please see https://chromedriver.chromium.org/security-considerations for suggestions on keeping ChromeDriver safe.
ChromeDriver was started successfully.
[1676555585.379][WARNING]: virtual void DevToolsClientImpl::AddListener(DevToolsEventListener *) subscribing a listener to the already connected DevToolsClient. Connection notification will not arrive.
Feb 16, 2023 8:53:05 PM org.openqa.selenium.remote.ProtocolHandshake createSession
INFO: Detected dialect: W3C
Feb 16, 2023 8:53:05 PM org.openqa.selenium.devtools.CdpVersionFinder findNearestMatch
WARNING: Unable to find an exact match for CDP version 110, so returning the closest version found: a no-op implementation
Feb 16, 2023 8:53:05 PM org.openqa.selenium.devtools.CdpVersionFinder findNearestMatch
INFO: Unable to find CDP implementation matching 110.
Feb 16, 2023 8:53:05 PM org.openqa.selenium.chromium.ChromiumDriver lambda$new$3
WARNING: Unable to find version of CDP to use for . You may need to include a dependency on a specific version of the CDP using something similar to `org.seleniumhq.selenium:selenium-devtools-v86:4.1.2` where the version ("v86") matches the version of the chromium-based browser you're using and the version number of the artifact is the same as Selenium's.
]]></system-err>
  </testcase>
  <testcase name="When User click avatar navigation" classname="| 1234567891011 |" time="0"/>
  <testcase name="When User click avatar navigation" classname="| 1234567891011 |" time="0"/>
  <testcase name="And User click menu Masuk" classname="| 1234567891011 |" time="0"/>
  <testcase name="And User click menu Masuk" classname="| 1234567891011 |" time="0"/>
  <testcase name="And User input &quot;herdiladania11@gmail.com&quot; as email and input &quot;fe123&quot; as password" classname="| 1234567891011 |" time="0"/>
  <testcase name="And User clicked masuk button" classname="| 1234567891011 |" time="0"/>
  <testcase name="And User clicked masuk button" classname="| 1234567891011 |" time="0"/>
  <testcase name="When User move to Profile Page" classname="| 1234567891011 |" time="0"/>
  <testcase name="When User move to Profile Page" classname="| 1234567891011 |" time="0.001"/>
  <testcase name="And User click edit profile" classname="| 1234567891011 |" time="0.003">
    <error message="element click intercepted: Element &lt;label id=&quot;modal-profil-murid&quot; for=&quot;my-modal-5&quot; class=&quot;flex gap-1 absolute lg:top-10 top-10 lg:right-40 right-0&quot;&gt;...&lt;/label&gt; is not clickable at point (949, 280). Other element would receive the click: &lt;h2 class=&quot;swal2-title&quot; id=&quot;swal2-title&quot; style=&quot;display: block;&quot;&gt;...&lt;/h2&gt;&#10;  (Session info: chrome=110.0.5481.100)&#10;Build info: version: &apos;4.1.2&apos;, revision: &apos;9a5a329c5a&apos;&#10;System info: host: &apos;nsystem-mbp&apos;, ip: &apos;fe80:0:0:0:ce7:beec:a50b:8367%en0&apos;, os.name: &apos;Mac OS X&apos;, os.arch: &apos;x86_64&apos;, os.version: &apos;10.16&apos;, java.version: &apos;1.8.0_201&apos;&#10;Driver info: org.openqa.selenium.chrome.ChromeDriver&#10;Command: [1ca552b97f042d9e1b81252bfac26080, clickElement {id=524af941-e5d7-4f60-bde9-ad3e391ae058}]&#10;Capabilities {acceptInsecureCerts: false, browserName: chrome, browserVersion: 110.0.5481.100, chrome: {chromedriverVersion: 110.0.5481.77 (65ed616c6e8e..., userDataDir: /var/folders/00/xzw63_pj58g...}, goog:chromeOptions: {debuggerAddress: localhost:50034}, javascriptEnabled: true, networkConnectionEnabled: false, pageLoadStrategy: normal, platform: MAC, platformName: MAC, proxy: Proxy(), se:cdp: ws://localhost:50034/devtoo..., se:cdpVersion: 110.0.5481.100, setWindowRect: true, strictFileInteractability: false, timeouts: {implicit: 0, pageLoad: 300000, script: 30000}, unhandledPromptBehavior: dismiss and notify, webauthn:extension:credBlob: true, webauthn:extension:largeBlob: true, webauthn:virtualAuthenticators: true}&#10;Element: [[ChromeDriver: chrome on MAC (1ca552b97f042d9e1b81252bfac26080)] -&gt; id: modal-profil-murid]&#10;Session ID: 1ca552b97f042d9e1b81252bfac26080" type="org.openqa.selenium.ElementClickInterceptedException"><![CDATA[org.openqa.selenium.ElementClickInterceptedException: 
element click intercepted: Element <label id="modal-profil-murid" for="my-modal-5" class="flex gap-1 absolute lg:top-10 top-10 lg:right-40 right-0">...</label> is not clickable at point (949, 280). Other element would receive the click: <h2 class="swal2-title" id="swal2-title" style="display: block;">...</h2>
  (Session info: chrome=110.0.5481.100)
Build info: version: '4.1.2', revision: '9a5a329c5a'
System info: host: 'nsystem-mbp', ip: 'fe80:0:0:0:ce7:beec:a50b:8367%en0', os.name: 'Mac OS X', os.arch: 'x86_64', os.version: '10.16', java.version: '1.8.0_201'
Driver info: org.openqa.selenium.chrome.ChromeDriver
Command: [1ca552b97f042d9e1b81252bfac26080, clickElement {id=524af941-e5d7-4f60-bde9-ad3e391ae058}]
Capabilities {acceptInsecureCerts: false, browserName: chrome, browserVersion: 110.0.5481.100, chrome: {chromedriverVersion: 110.0.5481.77 (65ed616c6e8e..., userDataDir: /var/folders/00/xzw63_pj58g...}, goog:chromeOptions: {debuggerAddress: localhost:50034}, javascriptEnabled: true, networkConnectionEnabled: false, pageLoadStrategy: normal, platform: MAC, platformName: MAC, proxy: Proxy(), se:cdp: ws://localhost:50034/devtoo..., se:cdpVersion: 110.0.5481.100, setWindowRect: true, strictFileInteractability: false, timeouts: {implicit: 0, pageLoad: 300000, script: 30000}, unhandledPromptBehavior: dismiss and notify, webauthn:extension:credBlob: true, webauthn:extension:largeBlob: true, webauthn:virtualAuthenticators: true}
Element: [[ChromeDriver: chrome on MAC (1ca552b97f042d9e1b81252bfac26080)] -> id: modal-profil-murid]
Session ID: 1ca552b97f042d9e1b81252bfac26080
]]></error>
  </testcase>
  <testcase name="" classname="| 1234567891011 |" time="0.004">
    <error message="element click intercepted: Element &lt;label id=&quot;modal-profil-murid&quot; for=&quot;my-modal-5&quot; class=&quot;flex gap-1 absolute lg:top-10 top-10 lg:right-40 right-0&quot;&gt;...&lt;/label&gt; is not clickable at point (949, 280). Other element would receive the click: &lt;h2 class=&quot;swal2-title&quot; id=&quot;swal2-title&quot; style=&quot;display: block;&quot;&gt;...&lt;/h2&gt;&#10;  (Session info: chrome=110.0.5481.100)&#10;Build info: version: &apos;4.1.2&apos;, revision: &apos;9a5a329c5a&apos;&#10;System info: host: &apos;nsystem-mbp&apos;, ip: &apos;fe80:0:0:0:ce7:beec:a50b:8367%en0&apos;, os.name: &apos;Mac OS X&apos;, os.arch: &apos;x86_64&apos;, os.version: &apos;10.16&apos;, java.version: &apos;1.8.0_201&apos;&#10;Driver info: org.openqa.selenium.chrome.ChromeDriver&#10;Command: [1ca552b97f042d9e1b81252bfac26080, clickElement {id=524af941-e5d7-4f60-bde9-ad3e391ae058}]&#10;Capabilities {acceptInsecureCerts: false, browserName: chrome, browserVersion: 110.0.5481.100, chrome: {chromedriverVersion: 110.0.5481.77 (65ed616c6e8e..., userDataDir: /var/folders/00/xzw63_pj58g...}, goog:chromeOptions: {debuggerAddress: localhost:50034}, javascriptEnabled: true, networkConnectionEnabled: false, pageLoadStrategy: normal, platform: MAC, platformName: MAC, proxy: Proxy(), se:cdp: ws://localhost:50034/devtoo..., se:cdpVersion: 110.0.5481.100, setWindowRect: true, strictFileInteractability: false, timeouts: {implicit: 0, pageLoad: 300000, script: 30000}, unhandledPromptBehavior: dismiss and notify, webauthn:extension:credBlob: true, webauthn:extension:largeBlob: true, webauthn:virtualAuthenticators: true}&#10;Element: [[ChromeDriver: chrome on MAC (1ca552b97f042d9e1b81252bfac26080)] -&gt; id: modal-profil-murid]&#10;Session ID: 1ca552b97f042d9e1b81252bfac26080" type="org.openqa.selenium.ElementClickInterceptedException"><![CDATA[org.openqa.selenium.ElementClickInterceptedException: 
element click intercepted: Element <label id="modal-profil-murid" for="my-modal-5" class="flex gap-1 absolute lg:top-10 top-10 lg:right-40 right-0">...</label> is not clickable at point (949, 280). Other element would receive the click: <h2 class="swal2-title" id="swal2-title" style="display: block;">...</h2>
  (Session info: chrome=110.0.5481.100)
Build info: version: '4.1.2', revision: '9a5a329c5a'
System info: host: 'nsystem-mbp', ip: 'fe80:0:0:0:ce7:beec:a50b:8367%en0', os.name: 'Mac OS X', os.arch: 'x86_64', os.version: '10.16', java.version: '1.8.0_201'
Driver info: org.openqa.selenium.chrome.ChromeDriver
Command: [1ca552b97f042d9e1b81252bfac26080, clickElement {id=524af941-e5d7-4f60-bde9-ad3e391ae058}]
Capabilities {acceptInsecureCerts: false, browserName: chrome, browserVersion: 110.0.5481.100, chrome: {chromedriverVersion: 110.0.5481.77 (65ed616c6e8e..., userDataDir: /var/folders/00/xzw63_pj58g...}, goog:chromeOptions: {debuggerAddress: localhost:50034}, javascriptEnabled: true, networkConnectionEnabled: false, pageLoadStrategy: normal, platform: MAC, platformName: MAC, proxy: Proxy(), se:cdp: ws://localhost:50034/devtoo..., se:cdpVersion: 110.0.5481.100, setWindowRect: true, strictFileInteractability: false, timeouts: {implicit: 0, pageLoad: 300000, script: 30000}, unhandledPromptBehavior: dismiss and notify, webauthn:extension:credBlob: true, webauthn:extension:largeBlob: true, webauthn:virtualAuthenticators: true}
Element: [[ChromeDriver: chrome on MAC (1ca552b97f042d9e1b81252bfac26080)] -> id: modal-profil-murid]
Session ID: 1ca552b97f042d9e1b81252bfac26080
]]></error>
  </testcase>
  <testcase name="" classname="| 1234567891011 |" time="0.003">
    <error message="no such element: Unable to locate element: {&quot;method&quot;:&quot;xpath&quot;,&quot;selector&quot;:&quot;//div[@class=&apos;bp4-tab pl-12 pr-12 pb-2 font-bold text-xl lg:ml-60 mx-auto&apos;]&quot;}&#10;  (Session info: chrome=110.0.5481.100)&#10;For documentation on this error, please visit: https://selenium.dev/exceptions/#no_such_element&#10;Build info: version: &apos;4.1.2&apos;, revision: &apos;9a5a329c5a&apos;&#10;System info: host: &apos;nsystem-mbp&apos;, ip: &apos;fe80:0:0:0:ce7:beec:a50b:8367%en0&apos;, os.name: &apos;Mac OS X&apos;, os.arch: &apos;x86_64&apos;, os.version: &apos;10.16&apos;, java.version: &apos;1.8.0_201&apos;&#10;Driver info: org.openqa.selenium.chrome.ChromeDriver&#10;Command: [2b5e47cf52a7fb5310dccdb843b2637a, findElement {using=xpath, value=//div[@class=&apos;bp4-tab pl-12 pr-12 pb-2 font-bold text-xl lg:ml-60 mx-auto&apos;]}]&#10;Capabilities {acceptInsecureCerts: false, browserName: chrome, browserVersion: 110.0.5481.100, chrome: {chromedriverVersion: 110.0.5481.77 (65ed616c6e8e..., userDataDir: /var/folders/00/xzw63_pj58g...}, goog:chromeOptions: {debuggerAddress: localhost:51809}, javascriptEnabled: true, networkConnectionEnabled: false, pageLoadStrategy: normal, platform: MAC, platformName: MAC, proxy: Proxy(), se:cdp: ws://localhost:51809/devtoo..., se:cdpVersion: 110.0.5481.100, setWindowRect: true, strictFileInteractability: false, timeouts: {implicit: 0, pageLoad: 300000, script: 30000}, unhandledPromptBehavior: dismiss and notify, webauthn:extension:credBlob: true, webauthn:extension:largeBlob: true, webauthn:virtualAuthenticators: true}&#10;Session ID: 2b5e47cf52a7fb5310dccdb843b2637a" type="org.openqa.selenium.NoSuchElementException"><![CDATA[org.openqa.selenium.NoSuchElementException: 
no such element: Unable to locate element: {"method":"xpath","selector":"//div[@class='bp4-tab pl-12 pr-12 pb-2 font-bold text-xl lg:ml-60 mx-auto']"}
  (Session info: chrome=110.0.5481.100)
For documentation on this error, please visit: https://selenium.dev/exceptions/#no_such_element
Build info: version: '4.1.2', revision: '9a5a329c5a'
System info: host: 'nsystem-mbp', ip: 'fe80:0:0:0:ce7:beec:a50b:8367%en0', os.name: 'Mac OS X', os.arch: 'x86_64', os.version: '10.16', java.version: '1.8.0_201'
Driver info: org.openqa.selenium.chrome.ChromeDriver
Command: [2b5e47cf52a7fb5310dccdb843b2637a, findElement {using=xpath, value=//div[@class='bp4-tab pl-12 pr-12 pb-2 font-bold text-xl lg:ml-60 mx-auto']}]
Capabilities {acceptInsecureCerts: false, browserName: chrome, browserVersion: 110.0.5481.100, chrome: {chromedriverVersion: 110.0.5481.77 (65ed616c6e8e..., userDataDir: /var/folders/00/xzw63_pj58g...}, goog:chromeOptions: {debuggerAddress: localhost:51809}, javascriptEnabled: true, networkConnectionEnabled: false, pageLoadStrategy: normal, platform: MAC, platformName: MAC, proxy: Proxy(), se:cdp: ws://localhost:51809/devtoo..., se:cdpVersion: 110.0.5481.100, setWindowRect: true, strictFileInteractability: false, timeouts: {implicit: 0, pageLoad: 300000, script: 30000}, unhandledPromptBehavior: dismiss and notify, webauthn:extension:credBlob: true, webauthn:extension:largeBlob: true, webauthn:virtualAuthenticators: true}
Session ID: 2b5e47cf52a7fb5310dccdb843b2637a
]]></error>
  </testcase>
  <testcase name="Given Student already on Edit Profile page" classname="| 1234567891011 |" time="0">
    <skipped/>
    <system-out><![CDATA[
  Background:                                                                        &amp#27;[90m# features/UpdateStudent.feature:4&amp#27;[0m
    &amp#27;[32mGiven &amp#27;[0m&amp#27;[32mUser open the website GuruMu&amp#27;[0m                                               &amp#27;[90m# LoginSteps.userOpenTheWebsiteGuruMu()&amp#27;[0m
    &amp#27;[32mWhen &amp#27;[0m&amp#27;[32mUser click avatar navigation&amp#27;[0m                                                &amp#27;[90m# LoginSteps.userClickAvatarNavigation()&amp#27;[0m
    &amp#27;[32mAnd &amp#27;[0m&amp#27;[32mUser click menu Masuk&amp#27;[0m                                                        &amp#27;[90m# LoginSteps.userClickMenuMasuk()&amp#27;[0m
    &amp#27;[32mAnd &amp#27;[0m&amp#27;[32mUser input "&amp#27;[0m&amp#27;[32m&amp#27;[1mherdiladania11@gmail.com&amp#27;[0m&amp#27;[32m" as email and input "&amp#27;[0m&amp#27;[32m&amp#27;[1mfe123&amp#27;[0m&amp#27;[32m" as password&amp#27;[0m &amp#27;[90m# LoginSteps.inputCredential(String,String)&amp#27;[0m
    &amp#27;[32mAnd &amp#27;[0m&amp#27;[32mUser clicked masuk button&amp#27;[0m                                                    &amp#27;[90m# LoginSteps.userClickMasukButton()&amp#27;[0m
    &amp#27;[32mWhen &amp#27;[0m&amp#27;[32mUser move to Profile Page&amp#27;[0m                                                   &amp#27;[90m# PenilaianUlasanSteps.userMoveToProfilePage()&amp#27;[0m
    &amp#27;[31mAnd &amp#27;[0m&amp#27;[31mUser click edit profile&amp#27;[0m                                                      &amp#27;[90m# UpdateStudentSteps.userClickEditProfile()&amp#27;[0m
      &amp#27;[31morg.openqa.selenium.ElementClickInterceptedException: element click intercepted: Element <label id="modal-profil-murid" for="my-modal-5" class="flex gap-1 absolute lg:top-10 top-10 lg:right-40 right-0">...</label> is not clickable at point (949, 280). Other element would receive the click: <h2 class="swal2-title" id="swal2-title" style="display: block;">...</h2>
        (Session info: chrome=110.0.5481.100)
      Build info: version: '4.1.2', revision: '9a5a329c5a'
      System info: host: 'nsystem-mbp', ip: 'fe80:0:0:0:ce7:beec:a50b:8367%en0', os.name: 'Mac OS X', os.arch: 'x86_64', os.version: '10.16', java.version: '1.8.0_201'
      Driver info: org.openqa.selenium.chrome.ChromeDriver
      Command: [1ca552b97f042d9e1b81252bfac26080, clickElement {id=524af941-e5d7-4f60-bde9-ad3e391ae058}]
      Capabilities {acceptInsecureCerts: false, browserName: chrome, browserVersion: 110.0.5481.100, chrome: {chromedriverVersion: 110.0.5481.77 (65ed616c6e8e..., userDataDir: /var/folders/00/xzw63_pj58g...}, goog:chromeOptions: {debuggerAddress: localhost:50034}, javascriptEnabled: true, networkConnectionEnabled: false, pageLoadStrategy: normal, platform: MAC, platformName: MAC, proxy: Proxy(), se:cdp: ws://localhost:50034/devtoo..., se:cdpVersion: 110.0.5481.100, setWindowRect: true, strictFileInteractability: false, timeouts: {implicit: 0, pageLoad: 300000, script: 30000}, unhandledPromptBehavior: dismiss and notify, webauthn:extension:credBlob: true, webauthn:extension:largeBlob: true, webauthn:virtualAuthenticators: true}
      Element: [[ChromeDriver: chrome on MAC (1ca552b97f042d9e1b81252bfac26080)] -> id: modal-profil-murid]
      Session ID: 1ca552b97f042d9e1b81252bfac26080
      	at sun.reflect.NativeConstructorAccessorImpl.newInstance0(Native Method)
      	at sun.reflect.NativeConstructorAccessorImpl.newInstance(NativeConstructorAccessorImpl.java:62)
      	at sun.reflect.DelegatingConstructorAccessorImpl.newInstance(DelegatingConstructorAccessorImpl.java:45)
      	at java.lang.reflect.Constructor.newInstance(Constructor.java:423)
      	at org.openqa.selenium.remote.codec.w3c.W3CHttpResponseCodec.createException(W3CHttpResponseCodec.java:200)
      	at org.openqa.selenium.remote.codec.w3c.W3CHttpResponseCodec.decode(W3CHttpResponseCodec.java:133)
      	at org.openqa.selenium.remote.codec.w3c.W3CHttpResponseCodec.decode(W3CHttpResponseCodec.java:53)
      	at org.openqa.selenium.remote.HttpCommandExecutor.execute(HttpCommandExecutor.java:184)
      	at org.openqa.selenium.remote.service.DriverCommandExecutor.invokeExecute(DriverCommandExecutor.java:167)
      	at org.openqa.selenium.remote.service.DriverCommandExecutor.execute(DriverCommandExecutor.java:142)
      	at org.openqa.selenium.remote.RemoteWebDriver.execute(RemoteWebDriver.java:558)
      	at org.openqa.selenium.remote.RemoteWebElement.execute(RemoteWebElement.java:251)
      	at org.openqa.selenium.remote.RemoteWebElement.click(RemoteWebElement.java:77)
      	at sun.reflect.GeneratedMethodAccessor10.invoke(Unknown Source)
      	at sun.reflect.DelegatingMethodAccessorImpl.invoke(DelegatingMethodAccessorImpl.java:43)
      	at java.lang.reflect.Method.invoke(Method.java:498)
      	at org.openqa.selenium.support.pagefactory.internal.LocatingElementHandler.invoke(LocatingElementHandler.java:52)
      	at com.sun.proxy.$Proxy21.click(Unknown Source)
      	at org.example.pageObject.UpdateStudentPage.openEditProfileModal(UpdateStudentPage.java:105)
      	at step_definitions.UpdateStudentSteps.userClickEditProfile(UpdateStudentSteps.java:355)
      	at ✽.And User click edit profile(features/UpdateStudent.feature:11)
      &amp#27;[0m
]]></system-out>
  </testcase>
  <testcase name="When Student click Handphone field" classname="| 1234567891011 |" time="0">
    <skipped/>
  </testcase>
  <testcase name="Then Student input with not valid number like &quot;1234567891011&quot; in Handphone field" classname="| 1234567891011 |" time="0">
    <skipped/>
  </testcase>
  <testcase name="And User input &quot;zulfeekei@gmail.com&quot; as email and input &quot;be123&quot; as password" classname="| 1234567891011 |" time="0"/>
  <testcase name="And User move to edit profile" classname="| 1234567891011 |" time="0.003">
    <error message="no such element: Unable to locate element: {&quot;method&quot;:&quot;xpath&quot;,&quot;selector&quot;:&quot;//div[@class=&apos;bp4-tab pl-12 pr-12 pb-2 font-bold text-xl lg:ml-60 mx-auto&apos;]&quot;}&#10;  (Session info: chrome=110.0.5481.100)&#10;For documentation on this error, please visit: https://selenium.dev/exceptions/#no_such_element&#10;Build info: version: &apos;4.1.2&apos;, revision: &apos;9a5a329c5a&apos;&#10;System info: host: &apos;nsystem-mbp&apos;, ip: &apos;fe80:0:0:0:ce7:beec:a50b:8367%en0&apos;, os.name: &apos;Mac OS X&apos;, os.arch: &apos;x86_64&apos;, os.version: &apos;10.16&apos;, java.version: &apos;1.8.0_201&apos;&#10;Driver info: org.openqa.selenium.chrome.ChromeDriver&#10;Command: [2b5e47cf52a7fb5310dccdb843b2637a, findElement {using=xpath, value=//div[@class=&apos;bp4-tab pl-12 pr-12 pb-2 font-bold text-xl lg:ml-60 mx-auto&apos;]}]&#10;Capabilities {acceptInsecureCerts: false, browserName: chrome, browserVersion: 110.0.5481.100, chrome: {chromedriverVersion: 110.0.5481.77 (65ed616c6e8e..., userDataDir: /var/folders/00/xzw63_pj58g...}, goog:chromeOptions: {debuggerAddress: localhost:51809}, javascriptEnabled: true, networkConnectionEnabled: false, pageLoadStrategy: normal, platform: MAC, platformName: MAC, proxy: Proxy(), se:cdp: ws://localhost:51809/devtoo..., se:cdpVersion: 110.0.5481.100, setWindowRect: true, strictFileInteractability: false, timeouts: {implicit: 0, pageLoad: 300000, script: 30000}, unhandledPromptBehavior: dismiss and notify, webauthn:extension:credBlob: true, webauthn:extension:largeBlob: true, webauthn:virtualAuthenticators: true}&#10;Session ID: 2b5e47cf52a7fb5310dccdb843b2637a" type="org.openqa.selenium.NoSuchElementException"><![CDATA[org.openqa.selenium.NoSuchElementException: 
no such element: Unable to locate element: {"method":"xpath","selector":"//div[@class='bp4-tab pl-12 pr-12 pb-2 font-bold text-xl lg:ml-60 mx-auto']"}
  (Session info: chrome=110.0.5481.100)
For documentation on this error, please visit: https://selenium.dev/exceptions/#no_such_element
Build info: version: '4.1.2', revision: '9a5a329c5a'
System info: host: 'nsystem-mbp', ip: 'fe80:0:0:0:ce7:beec:a50b:8367%en0', os.name: 'Mac OS X', os.arch: 'x86_64', os.version: '10.16', java.version: '1.8.0_201'
Driver info: org.openqa.selenium.chrome.ChromeDriver
Command: [2b5e47cf52a7fb5310dccdb843b2637a, findElement {using=xpath, value=//div[@class='bp4-tab pl-12 pr-12 pb-2 font-bold text-xl lg:ml-60 mx-auto']}]
Capabilities {acceptInsecureCerts: false, browserName: chrome, browserVersion: 110.0.5481.100, chrome: {chromedriverVersion: 110.0.5481.77 (65ed616c6e8e..., userDataDir: /var/folders/00/xzw63_pj58g...}, goog:chromeOptions: {debuggerAddress: localhost:51809}, javascriptEnabled: true, networkConnectionEnabled: false, pageLoadStrategy: normal, platform: MAC, platformName: MAC, proxy: Proxy(), se:cdp: ws://localhost:51809/devtoo..., se:cdpVersion: 110.0.5481.100, setWindowRect: true, strictFileInteractability: false, timeouts: {implicit: 0, pageLoad: 300000, script: 30000}, unhandledPromptBehavior: dismiss and notify, webauthn:extension:credBlob: true, webauthn:extension:largeBlob: true, webauthn:virtualAuthenticators: true}
Session ID: 2b5e47cf52a7fb5310dccdb843b2637a
]]></error>
  </testcase>
  <testcase name="Given Teacher already on Edit Profile page" classname="| 1234567891011 |" time="0">
    <skipped/>
    <system-out><![CDATA[
  Background:                                                                   &amp#27;[90m# features/UpdateTeacher.feature:4&amp#27;[0m
    &amp#27;[32mGiven &amp#27;[0m&amp#27;[32mUser open the website GuruMu&amp#27;[0m                                          &amp#27;[90m# LoginSteps.userOpenTheWebsiteGuruMu()&amp#27;[0m
    &amp#27;[32mWhen &amp#27;[0m&amp#27;[32mUser click avatar navigation&amp#27;[0m                                           &amp#27;[90m# LoginSteps.userClickAvatarNavigation()&amp#27;[0m
    &amp#27;[32mAnd &amp#27;[0m&amp#27;[32mUser click menu Masuk&amp#27;[0m                                                   &amp#27;[90m# LoginSteps.userClickMenuMasuk()&amp#27;[0m
    &amp#27;[32mAnd &amp#27;[0m&amp#27;[32mUser input "&amp#27;[0m&amp#27;[32m&amp#27;[1mzulfeekei@gmail.com&amp#27;[0m&amp#27;[32m" as email and input "&amp#27;[0m&amp#27;[32m&amp#27;[1mbe123&amp#27;[0m&amp#27;[32m" as password&amp#27;[0m &amp#27;[90m# LoginSteps.inputCredential(String,String)&amp#27;[0m
    &amp#27;[32mAnd &amp#27;[0m&amp#27;[32mUser clicked masuk button&amp#27;[0m                                               &amp#27;[90m# LoginSteps.userClickMasukButton()&amp#27;[0m
    &amp#27;[32mWhen &amp#27;[0m&amp#27;[32mUser move to Profile Page&amp#27;[0m                                              &amp#27;[90m# PenilaianUlasanSteps.userMoveToProfilePage()&amp#27;[0m
    &amp#27;[31mAnd &amp#27;[0m&amp#27;[31mUser move to edit profile&amp#27;[0m                                               &amp#27;[90m# UpdateTeacherSteps.userMoveToEditProfile()&amp#27;[0m
      &amp#27;[31morg.openqa.selenium.NoSuchElementException: no such element: Unable to locate element: {"method":"xpath","selector":"//div[@class='bp4-tab pl-12 pr-12 pb-2 font-bold text-xl lg:ml-60 mx-auto']"}
        (Session info: chrome=110.0.5481.100)
      For documentation on this error, please visit: https://selenium.dev/exceptions/#no_such_element
      Build info: version: '4.1.2', revision: '9a5a329c5a'
      System info: host: 'nsystem-mbp', ip: 'fe80:0:0:0:ce7:beec:a50b:8367%en0', os.name: 'Mac OS X', os.arch: 'x86_64', os.version: '10.16', java.version: '1.8.0_201'
      Driver info: org.openqa.selenium.chrome.ChromeDriver
      Command: [2b5e47cf52a7fb5310dccdb843b2637a, findElement {using=xpath, value=//div[@class='bp4-tab pl-12 pr-12 pb-2 font-bold text-xl lg:ml-60 mx-auto']}]
      Capabilities {acceptInsecureCerts: false, browserName: chrome, browserVersion: 110.0.5481.100, chrome: {chromedriverVersion: 110.0.5481.77 (65ed616c6e8e..., userDataDir: /var/folders/00/xzw63_pj58g...}, goog:chromeOptions: {debuggerAddress: localhost:51809}, javascriptEnabled: true, networkConnectionEnabled: false, pageLoadStrategy: normal, platform: MAC, platformName: MAC, proxy: Proxy(), se:cdp: ws://localhost:51809/devtoo..., se:cdpVersion: 110.0.5481.100, setWindowRect: true, strictFileInteractability: false, timeouts: {implicit: 0, pageLoad: 300000, script: 30000}, unhandledPromptBehavior: dismiss and notify, webauthn:extension:credBlob: true, webauthn:extension:largeBlob: true, webauthn:virtualAuthenticators: true}
      Session ID: 2b5e47cf52a7fb5310dccdb843b2637a
      	at sun.reflect.GeneratedConstructorAccessor38.newInstance(Unknown Source)
      	at sun.reflect.DelegatingConstructorAccessorImpl.newInstance(DelegatingConstructorAccessorImpl.java:45)
      	at java.lang.reflect.Constructor.newInstance(Constructor.java:423)
      	at org.openqa.selenium.remote.codec.w3c.W3CHttpResponseCodec.createException(W3CHttpResponseCodec.java:200)
      	at org.openqa.selenium.remote.codec.w3c.W3CHttpResponseCodec.decode(W3CHttpResponseCodec.java:133)
      	at org.openqa.selenium.remote.codec.w3c.W3CHttpResponseCodec.decode(W3CHttpResponseCodec.java:53)
      	at org.openqa.selenium.remote.HttpCommandExecutor.execute(HttpCommandExecutor.java:184)
      	at org.openqa.selenium.remote.service.DriverCommandExecutor.invokeExecute(DriverCommandExecutor.java:167)
      	at org.openqa.selenium.remote.service.DriverCommandExecutor.execute(DriverCommandExecutor.java:142)
      	at org.openqa.selenium.remote.RemoteWebDriver.execute(RemoteWebDriver.java:558)
      	at org.openqa.selenium.remote.ElementLocation$ElementFinder$2.findElement(ElementLocation.java:162)
      	at org.openqa.selenium.remote.ElementLocation.findElement(ElementLocation.java:60)
      	at org.openqa.selenium.remote.RemoteWebDriver.findElement(RemoteWebDriver.java:382)
      	at org.openqa.selenium.remote.RemoteWebDriver.findElement(RemoteWebDriver.java:374)
      	at org.openqa.selenium.support.pagefactory.DefaultElementLocator.findElement(DefaultElementLocator.java:70)
      	at org.openqa.selenium.support.pagefactory.internal.LocatingElementHandler.invoke(LocatingElementHandler.java:39)
      	at com.sun.proxy.$Proxy21.click(Unknown Source)
      	at org.example.pageObject.UpdateTeacherPage.toEditProfile(UpdateTeacherPage.java:327)
      	at step_definitions.UpdateTeacherSteps.userMoveToEditProfile(UpdateTeacherSteps.java:1195)
      	at ✽.And User move to edit profile(features/UpdateTeacher.feature:11)
      &amp#27;[0m
]]></system-out>
  </testcase>
  <testcase name="When Teacher click &apos;Handphone&apos; field" classname="| 1234567891011 |" time="0">
    <skipped/>
  </testcase>
  <testcase name="Then Teacher input with not valid number like &quot;1234567891011&quot; in &apos;Handphone&apos; field" classname="| 1234567891011 |" time="0">
    <skipped/>
  </testcase>
  <testcase name="Given User open the website GuruMu" classname="| abcdefghijkl |" time="0">
    <system-out><![CDATA[
  @TestUpdateStudent @Test
  Scenario Outline: Input Field with Not Valid Number in Handphone field             &amp#27;[90m# features/UpdateStudent.feature:77&amp#27;[0m
    &amp#27;[36mGiven &amp#27;[0m&amp#27;[36mStudent already on Edit Profile page&amp#27;[0m                                       &amp#27;[90m# UpdateStudentSteps.studentAlreadyonEditProfilePage()&amp#27;[0m
    &amp#27;[36mWhen &amp#27;[0m&amp#27;[36mStudent click Handphone field&amp#27;[0m                                               &amp#27;[90m# UpdateStudentSteps.studentClickHandphoneField()&amp#27;[0m
    &amp#27;[36mThen &amp#27;[0m&amp#27;[36mStudent input with not valid number like "&amp#27;[0m&amp#27;[36m&amp#27;[1m1234567891011&amp#27;[0m&amp#27;[36m" in Handphone field&amp#27;[0m &amp#27;[90m# UpdateStudentSteps.studentInputWithNotValidNumberLikeInHandphoneField(String)&amp#27;[0m

  Scenario Outline: Input Field with Character in Handphone field     &amp#27;[90m# features/UpdateStudent.feature:79&amp#27;[0m
    &amp#27;[36mGiven &amp#27;[0m&amp#27;[36mStudent already on Edit Profile page&amp#27;[0m
    &amp#27;[36mWhen &amp#27;[0m&amp#27;[36mStudent click Handphone field&amp#27;[0m
    &amp#27;[36mThen &amp#27;[0m&amp#27;[36mStudent input with number like "<number>" in Handphone field&amp#27;[0m

    Examples: 
]]></system-out>
    <system-err><![CDATA[Starting ChromeDriver 110.0.5481.77 (65ed616c6e8ee3fe0ad64fe83796c020644d42af-refs/branch-heads/5481@{#839}) on port 65267
Only local connections are allowed.
Please see https://chromedriver.chromium.org/security-considerations for suggestions on keeping ChromeDriver safe.
ChromeDriver was started successfully.
[1676553324.157][WARNING]: virtual void DevToolsClientImpl::AddListener(DevToolsEventListener *) subscribing a listener to the already connected DevToolsClient. Connection notification will not arrive.
Feb 16, 2023 8:15:24 PM org.openqa.selenium.remote.ProtocolHandshake createSession
INFO: Detected dialect: W3C
Feb 16, 2023 8:15:24 PM org.openqa.selenium.devtools.CdpVersionFinder findNearestMatch
WARNING: Unable to find an exact match for CDP version 110, so returning the closest version found: a no-op implementation
Feb 16, 2023 8:15:24 PM org.openqa.selenium.devtools.CdpVersionFinder findNearestMatch
INFO: Unable to find CDP implementation matching 110.
Feb 16, 2023 8:15:24 PM org.openqa.selenium.chromium.ChromiumDriver lambda$new$3
WARNING: Unable to find version of CDP to use for . You may need to include a dependency on a specific version of the CDP using something similar to `org.seleniumhq.selenium:selenium-devtools-v86:4.1.2` where the version ("v86") matches the version of the chromium-based browser you're using and the version number of the artifact is the same as Selenium's.
]]></system-err>
  </testcase>
  <testcase name="Given User open the website GuruMu" classname="| abcdefghijkl |" time="0">
    <system-out><![CDATA[
  @TestUpdateTeacher @Test
  Scenario Outline: Input Field with Not Valid Number in 'Handphone' field             &amp#27;[90m# features/UpdateTeacher.feature:316&amp#27;[0m
    &amp#27;[36mGiven &amp#27;[0m&amp#27;[36mTeacher already on Edit Profile page&amp#27;[0m                                         &amp#27;[90m# UpdateTeacherSteps.teacherAlreadyOnEditProfilePage()&amp#27;[0m
    &amp#27;[36mWhen &amp#27;[0m&amp#27;[36mTeacher click 'Handphone' field&amp#27;[0m                                               &amp#27;[90m# UpdateTeacherSteps.teacherClickHandphoneField()&amp#27;[0m
    &amp#27;[36mThen &amp#27;[0m&amp#27;[36mTeacher input with not valid number like "&amp#27;[0m&amp#27;[36m&amp#27;[1m1234567891011&amp#27;[0m&amp#27;[36m" in 'Handphone' field&amp#27;[0m &amp#27;[90m# UpdateTeacherSteps.teacherInputWithNotValidNumberLikeInHandphoneField(String)&amp#27;[0m

  Scenario Outline: Input Field with Character in 'Handphone' field     &amp#27;[90m# features/UpdateTeacher.feature:318&amp#27;[0m
    &amp#27;[36mGiven &amp#27;[0m&amp#27;[36mTeacher already on Edit Profile page&amp#27;[0m
    &amp#27;[36mWhen &amp#27;[0m&amp#27;[36mTeacher click 'Handphone' field&amp#27;[0m
    &amp#27;[36mThen &amp#27;[0m&amp#27;[36mTeacher input with number like "<number>" in 'Handphone' field&amp#27;[0m

    Examples: 
]]></system-out>
    <system-err><![CDATA[Starting ChromeDriver 110.0.5481.77 (65ed616c6e8ee3fe0ad64fe83796c020644d42af-refs/branch-heads/5481@{#839}) on port 55164
Only local connections are allowed.
Please see https://chromedriver.chromium.org/security-considerations for suggestions on keeping ChromeDriver safe.
ChromeDriver was started successfully.
[1676555615.810][WARNING]: virtual void DevToolsClientImpl::AddListener(DevToolsEventListener *) subscribing a listener to the already connected DevToolsClient. Connection notification will not arrive.
Feb 16, 2023 8:53:36 PM org.openqa.selenium.remote.ProtocolHandshake createSession
INFO: Detected dialect: W3C
Feb 16, 2023 8:53:36 PM org.openqa.selenium.devtools.CdpVersionFinder findNearestMatch
WARNING: Unable to find an exact match for CDP version 110, so returning the closest version found: a no-op implementation
Feb 16, 2023 8:53:36 PM org.openqa.selenium.devtools.CdpVersionFinder findNearestMatch
INFO: Unable to find CDP implementation matching 110.
Feb 16, 2023 8:53:36 PM org.openqa.selenium.chromium.ChromiumDriver lambda$new$3
WARNING: Unable to find version of CDP to use for . You may need to include a dependency on a specific version of the CDP using something similar to `org.seleniumhq.selenium:selenium-devtools-v86:4.1.2` where the version ("v86") matches the version of the chromium-based browser you're using and the version number of the artifact is the same as Selenium's.
]]></system-err>
  </testcase>
  <testcase name="When User click avatar navigation" classname="| abcdefghijkl |" time="0"/>
  <testcase name="When User click avatar navigation" classname="| abcdefghijkl |" time="0"/>
  <testcase name="And User click menu Masuk" classname="| abcdefghijkl |" time="0"/>
  <testcase name="And User click menu Masuk" classname="| abcdefghijkl |" time="0"/>
  <testcase name="And User input &quot;herdiladania11@gmail.com&quot; as email and input &quot;fe123&quot; as password" classname="| abcdefghijkl |" time="0"/>
  <testcase name="And User clicked masuk button" classname="| abcdefghijkl |" time="0"/>
  <testcase name="And User clicked masuk button" classname="| abcdefghijkl |" time="0"/>
  <testcase name="When User move to Profile Page" classname="| abcdefghijkl |" time="0"/>
  <testcase name="When User move to Profile Page" classname="| abcdefghijkl |" time="0"/>
  <testcase name="And User click edit profile" classname="| abcdefghijkl |" time="0.004">
    <error message="element click intercepted: Element &lt;label id=&quot;modal-profil-murid&quot; for=&quot;my-modal-5&quot; class=&quot;flex gap-1 absolute lg:top-10 top-10 lg:right-40 right-0&quot;&gt;...&lt;/label&gt; is not clickable at point (949, 280). Other element would receive the click: &lt;h2 class=&quot;swal2-title&quot; id=&quot;swal2-title&quot; style=&quot;display: block;&quot;&gt;...&lt;/h2&gt;&#10;  (Session info: chrome=110.0.5481.100)&#10;Build info: version: &apos;4.1.2&apos;, revision: &apos;9a5a329c5a&apos;&#10;System info: host: &apos;nsystem-mbp&apos;, ip: &apos;fe80:0:0:0:ce7:beec:a50b:8367%en0&apos;, os.name: &apos;Mac OS X&apos;, os.arch: &apos;x86_64&apos;, os.version: &apos;10.16&apos;, java.version: &apos;1.8.0_201&apos;&#10;Driver info: org.openqa.selenium.chrome.ChromeDriver&#10;Command: [b6a665273b63c5a5c70f6eeb6d55c34e, clickElement {id=4569b3d4-fcca-47be-bf8e-237341796082}]&#10;Capabilities {acceptInsecureCerts: false, browserName: chrome, browserVersion: 110.0.5481.100, chrome: {chromedriverVersion: 110.0.5481.77 (65ed616c6e8e..., userDataDir: /var/folders/00/xzw63_pj58g...}, goog:chromeOptions: {debuggerAddress: localhost:50057}, javascriptEnabled: true, networkConnectionEnabled: false, pageLoadStrategy: normal, platform: MAC, platformName: MAC, proxy: Proxy(), se:cdp: ws://localhost:50057/devtoo..., se:cdpVersion: 110.0.5481.100, setWindowRect: true, strictFileInteractability: false, timeouts: {implicit: 0, pageLoad: 300000, script: 30000}, unhandledPromptBehavior: dismiss and notify, webauthn:extension:credBlob: true, webauthn:extension:largeBlob: true, webauthn:virtualAuthenticators: true}&#10;Element: [[ChromeDriver: chrome on MAC (b6a665273b63c5a5c70f6eeb6d55c34e)] -&gt; id: modal-profil-murid]&#10;Session ID: b6a665273b63c5a5c70f6eeb6d55c34e" type="org.openqa.selenium.ElementClickInterceptedException"><![CDATA[org.openqa.selenium.ElementClickInterceptedException: 
element click intercepted: Element <label id="modal-profil-murid" for="my-modal-5" class="flex gap-1 absolute lg:top-10 top-10 lg:right-40 right-0">...</label> is not clickable at point (949, 280). Other element would receive the click: <h2 class="swal2-title" id="swal2-title" style="display: block;">...</h2>
  (Session info: chrome=110.0.5481.100)
Build info: version: '4.1.2', revision: '9a5a329c5a'
System info: host: 'nsystem-mbp', ip: 'fe80:0:0:0:ce7:beec:a50b:8367%en0', os.name: 'Mac OS X', os.arch: 'x86_64', os.version: '10.16', java.version: '1.8.0_201'
Driver info: org.openqa.selenium.chrome.ChromeDriver
Command: [b6a665273b63c5a5c70f6eeb6d55c34e, clickElement {id=4569b3d4-fcca-47be-bf8e-237341796082}]
Capabilities {acceptInsecureCerts: false, browserName: chrome, browserVersion: 110.0.5481.100, chrome: {chromedriverVersion: 110.0.5481.77 (65ed616c6e8e..., userDataDir: /var/folders/00/xzw63_pj58g...}, goog:chromeOptions: {debuggerAddress: localhost:50057}, javascriptEnabled: true, networkConnectionEnabled: false, pageLoadStrategy: normal, platform: MAC, platformName: MAC, proxy: Proxy(), se:cdp: ws://localhost:50057/devtoo..., se:cdpVersion: 110.0.5481.100, setWindowRect: true, strictFileInteractability: false, timeouts: {implicit: 0, pageLoad: 300000, script: 30000}, unhandledPromptBehavior: dismiss and notify, webauthn:extension:credBlob: true, webauthn:extension:largeBlob: true, webauthn:virtualAuthenticators: true}
Element: [[ChromeDriver: chrome on MAC (b6a665273b63c5a5c70f6eeb6d55c34e)] -> id: modal-profil-murid]
Session ID: b6a665273b63c5a5c70f6eeb6d55c34e
]]></error>
  </testcase>
  <testcase name="" classname="| abcdefghijkl |" time="0.005">
    <error message="element click intercepted: Element &lt;label id=&quot;modal-profil-murid&quot; for=&quot;my-modal-5&quot; class=&quot;flex gap-1 absolute lg:top-10 top-10 lg:right-40 right-0&quot;&gt;...&lt;/label&gt; is not clickable at point (949, 280). Other element would receive the click: &lt;h2 class=&quot;swal2-title&quot; id=&quot;swal2-title&quot; style=&quot;display: block;&quot;&gt;...&lt;/h2&gt;&#10;  (Session info: chrome=110.0.5481.100)&#10;Build info: version: &apos;4.1.2&apos;, revision: &apos;9a5a329c5a&apos;&#10;System info: host: &apos;nsystem-mbp&apos;, ip: &apos;fe80:0:0:0:ce7:beec:a50b:8367%en0&apos;, os.name: &apos;Mac OS X&apos;, os.arch: &apos;x86_64&apos;, os.version: &apos;10.16&apos;, java.version: &apos;1.8.0_201&apos;&#10;Driver info: org.openqa.selenium.chrome.ChromeDriver&#10;Command: [b6a665273b63c5a5c70f6eeb6d55c34e, clickElement {id=4569b3d4-fcca-47be-bf8e-237341796082}]&#10;Capabilities {acceptInsecureCerts: false, browserName: chrome, browserVersion: 110.0.5481.100, chrome: {chromedriverVersion: 110.0.5481.77 (65ed616c6e8e..., userDataDir: /var/folders/00/xzw63_pj58g...}, goog:chromeOptions: {debuggerAddress: localhost:50057}, javascriptEnabled: true, networkConnectionEnabled: false, pageLoadStrategy: normal, platform: MAC, platformName: MAC, proxy: Proxy(), se:cdp: ws://localhost:50057/devtoo..., se:cdpVersion: 110.0.5481.100, setWindowRect: true, strictFileInteractability: false, timeouts: {implicit: 0, pageLoad: 300000, script: 30000}, unhandledPromptBehavior: dismiss and notify, webauthn:extension:credBlob: true, webauthn:extension:largeBlob: true, webauthn:virtualAuthenticators: true}&#10;Element: [[ChromeDriver: chrome on MAC (b6a665273b63c5a5c70f6eeb6d55c34e)] -&gt; id: modal-profil-murid]&#10;Session ID: b6a665273b63c5a5c70f6eeb6d55c34e" type="org.openqa.selenium.ElementClickInterceptedException"><![CDATA[org.openqa.selenium.ElementClickInterceptedException: 
element click intercepted: Element <label id="modal-profil-murid" for="my-modal-5" class="flex gap-1 absolute lg:top-10 top-10 lg:right-40 right-0">...</label> is not clickable at point (949, 280). Other element would receive the click: <h2 class="swal2-title" id="swal2-title" style="display: block;">...</h2>
  (Session info: chrome=110.0.5481.100)
Build info: version: '4.1.2', revision: '9a5a329c5a'
System info: host: 'nsystem-mbp', ip: 'fe80:0:0:0:ce7:beec:a50b:8367%en0', os.name: 'Mac OS X', os.arch: 'x86_64', os.version: '10.16', java.version: '1.8.0_201'
Driver info: org.openqa.selenium.chrome.ChromeDriver
Command: [b6a665273b63c5a5c70f6eeb6d55c34e, clickElement {id=4569b3d4-fcca-47be-bf8e-237341796082}]
Capabilities {acceptInsecureCerts: false, browserName: chrome, browserVersion: 110.0.5481.100, chrome: {chromedriverVersion: 110.0.5481.77 (65ed616c6e8e..., userDataDir: /var/folders/00/xzw63_pj58g...}, goog:chromeOptions: {debuggerAddress: localhost:50057}, javascriptEnabled: true, networkConnectionEnabled: false, pageLoadStrategy: normal, platform: MAC, platformName: MAC, proxy: Proxy(), se:cdp: ws://localhost:50057/devtoo..., se:cdpVersion: 110.0.5481.100, setWindowRect: true, strictFileInteractability: false, timeouts: {implicit: 0, pageLoad: 300000, script: 30000}, unhandledPromptBehavior: dismiss and notify, webauthn:extension:credBlob: true, webauthn:extension:largeBlob: true, webauthn:virtualAuthenticators: true}
Element: [[ChromeDriver: chrome on MAC (b6a665273b63c5a5c70f6eeb6d55c34e)] -> id: modal-profil-murid]
Session ID: b6a665273b63c5a5c70f6eeb6d55c34e
]]></error>
  </testcase>
  <testcase name="" classname="| abcdefghijkl |" time="0.003">
    <error message="no such element: Unable to locate element: {&quot;method&quot;:&quot;xpath&quot;,&quot;selector&quot;:&quot;//div[@class=&apos;bp4-tab pl-12 pr-12 pb-2 font-bold text-xl lg:ml-60 mx-auto&apos;]&quot;}&#10;  (Session info: chrome=110.0.5481.100)&#10;For documentation on this error, please visit: https://selenium.dev/exceptions/#no_such_element&#10;Build info: version: &apos;4.1.2&apos;, revision: &apos;9a5a329c5a&apos;&#10;System info: host: &apos;nsystem-mbp&apos;, ip: &apos;fe80:0:0:0:ce7:beec:a50b:8367%en0&apos;, os.name: &apos;Mac OS X&apos;, os.arch: &apos;x86_64&apos;, os.version: &apos;10.16&apos;, java.version: &apos;1.8.0_201&apos;&#10;Driver info: org.openqa.selenium.chrome.ChromeDriver&#10;Command: [dfb016b35c0b6c68e0c726687755626e, findElement {using=xpath, value=//div[@class=&apos;bp4-tab pl-12 pr-12 pb-2 font-bold text-xl lg:ml-60 mx-auto&apos;]}]&#10;Capabilities {acceptInsecureCerts: false, browserName: chrome, browserVersion: 110.0.5481.100, chrome: {chromedriverVersion: 110.0.5481.77 (65ed616c6e8e..., userDataDir: /var/folders/00/xzw63_pj58g...}, goog:chromeOptions: {debuggerAddress: localhost:51835}, javascriptEnabled: true, networkConnectionEnabled: false, pageLoadStrategy: normal, platform: MAC, platformName: MAC, proxy: Proxy(), se:cdp: ws://localhost:51835/devtoo..., se:cdpVersion: 110.0.5481.100, setWindowRect: true, strictFileInteractability: false, timeouts: {implicit: 0, pageLoad: 300000, script: 30000}, unhandledPromptBehavior: dismiss and notify, webauthn:extension:credBlob: true, webauthn:extension:largeBlob: true, webauthn:virtualAuthenticators: true}&#10;Session ID: dfb016b35c0b6c68e0c726687755626e" type="org.openqa.selenium.NoSuchElementException"><![CDATA[org.openqa.selenium.NoSuchElementException: 
no such element: Unable to locate element: {"method":"xpath","selector":"//div[@class='bp4-tab pl-12 pr-12 pb-2 font-bold text-xl lg:ml-60 mx-auto']"}
  (Session info: chrome=110.0.5481.100)
For documentation on this error, please visit: https://selenium.dev/exceptions/#no_such_element
Build info: version: '4.1.2', revision: '9a5a329c5a'
System info: host: 'nsystem-mbp', ip: 'fe80:0:0:0:ce7:beec:a50b:8367%en0', os.name: 'Mac OS X', os.arch: 'x86_64', os.version: '10.16', java.version: '1.8.0_201'
Driver info: org.openqa.selenium.chrome.ChromeDriver
Command: [dfb016b35c0b6c68e0c726687755626e, findElement {using=xpath, value=//div[@class='bp4-tab pl-12 pr-12 pb-2 font-bold text-xl lg:ml-60 mx-auto']}]
Capabilities {acceptInsecureCerts: false, browserName: chrome, browserVersion: 110.0.5481.100, chrome: {chromedriverVersion: 110.0.5481.77 (65ed616c6e8e..., userDataDir: /var/folders/00/xzw63_pj58g...}, goog:chromeOptions: {debuggerAddress: localhost:51835}, javascriptEnabled: true, networkConnectionEnabled: false, pageLoadStrategy: normal, platform: MAC, platformName: MAC, proxy: Proxy(), se:cdp: ws://localhost:51835/devtoo..., se:cdpVersion: 110.0.5481.100, setWindowRect: true, strictFileInteractability: false, timeouts: {implicit: 0, pageLoad: 300000, script: 30000}, unhandledPromptBehavior: dismiss and notify, webauthn:extension:credBlob: true, webauthn:extension:largeBlob: true, webauthn:virtualAuthenticators: true}
Session ID: dfb016b35c0b6c68e0c726687755626e
]]></error>
  </testcase>
  <testcase name="Given Student already on Edit Profile page" classname="| abcdefghijkl |" time="0">
    <skipped/>
    <system-out><![CDATA[
  Background:                                                                        &amp#27;[90m# features/UpdateStudent.feature:4&amp#27;[0m
    &amp#27;[32mGiven &amp#27;[0m&amp#27;[32mUser open the website GuruMu&amp#27;[0m                                               &amp#27;[90m# LoginSteps.userOpenTheWebsiteGuruMu()&amp#27;[0m
    &amp#27;[32mWhen &amp#27;[0m&amp#27;[32mUser click avatar navigation&amp#27;[0m                                                &amp#27;[90m# LoginSteps.userClickAvatarNavigation()&amp#27;[0m
    &amp#27;[32mAnd &amp#27;[0m&amp#27;[32mUser click menu Masuk&amp#27;[0m                                                        &amp#27;[90m# LoginSteps.userClickMenuMasuk()&amp#27;[0m
    &amp#27;[32mAnd &amp#27;[0m&amp#27;[32mUser input "&amp#27;[0m&amp#27;[32m&amp#27;[1mherdiladania11@gmail.com&amp#27;[0m&amp#27;[32m" as email and input "&amp#27;[0m&amp#27;[32m&amp#27;[1mfe123&amp#27;[0m&amp#27;[32m" as password&amp#27;[0m &amp#27;[90m# LoginSteps.inputCredential(String,String)&amp#27;[0m
    &amp#27;[32mAnd &amp#27;[0m&amp#27;[32mUser clicked masuk button&amp#27;[0m                                                    &amp#27;[90m# LoginSteps.userClickMasukButton()&amp#27;[0m
    &amp#27;[32mWhen &amp#27;[0m&amp#27;[32mUser move to Profile Page&amp#27;[0m                                                   &amp#27;[90m# PenilaianUlasanSteps.userMoveToProfilePage()&amp#27;[0m
    &amp#27;[31mAnd &amp#27;[0m&amp#27;[31mUser click edit profile&amp#27;[0m                                                      &amp#27;[90m# UpdateStudentSteps.userClickEditProfile()&amp#27;[0m
      &amp#27;[31morg.openqa.selenium.ElementClickInterceptedException: element click intercepted: Element <label id="modal-profil-murid" for="my-modal-5" class="flex gap-1 absolute lg:top-10 top-10 lg:right-40 right-0">...</label> is not clickable at point (949, 280). Other element would receive the click: <h2 class="swal2-title" id="swal2-title" style="display: block;">...</h2>
        (Session info: chrome=110.0.5481.100)
      Build info: version: '4.1.2', revision: '9a5a329c5a'
      System info: host: 'nsystem-mbp', ip: 'fe80:0:0:0:ce7:beec:a50b:8367%en0', os.name: 'Mac OS X', os.arch: 'x86_64', os.version: '10.16', java.version: '1.8.0_201'
      Driver info: org.openqa.selenium.chrome.ChromeDriver
      Command: [b6a665273b63c5a5c70f6eeb6d55c34e, clickElement {id=4569b3d4-fcca-47be-bf8e-237341796082}]
      Capabilities {acceptInsecureCerts: false, browserName: chrome, browserVersion: 110.0.5481.100, chrome: {chromedriverVersion: 110.0.5481.77 (65ed616c6e8e..., userDataDir: /var/folders/00/xzw63_pj58g...}, goog:chromeOptions: {debuggerAddress: localhost:50057}, javascriptEnabled: true, networkConnectionEnabled: false, pageLoadStrategy: normal, platform: MAC, platformName: MAC, proxy: Proxy(), se:cdp: ws://localhost:50057/devtoo..., se:cdpVersion: 110.0.5481.100, setWindowRect: true, strictFileInteractability: false, timeouts: {implicit: 0, pageLoad: 300000, script: 30000}, unhandledPromptBehavior: dismiss and notify, webauthn:extension:credBlob: true, webauthn:extension:largeBlob: true, webauthn:virtualAuthenticators: true}
      Element: [[ChromeDriver: chrome on MAC (b6a665273b63c5a5c70f6eeb6d55c34e)] -> id: modal-profil-murid]
      Session ID: b6a665273b63c5a5c70f6eeb6d55c34e
      	at sun.reflect.NativeConstructorAccessorImpl.newInstance0(Native Method)
      	at sun.reflect.NativeConstructorAccessorImpl.newInstance(NativeConstructorAccessorImpl.java:62)
      	at sun.reflect.DelegatingConstructorAccessorImpl.newInstance(DelegatingConstructorAccessorImpl.java:45)
      	at java.lang.reflect.Constructor.newInstance(Constructor.java:423)
      	at org.openqa.selenium.remote.codec.w3c.W3CHttpResponseCodec.createException(W3CHttpResponseCodec.java:200)
      	at org.openqa.selenium.remote.codec.w3c.W3CHttpResponseCodec.decode(W3CHttpResponseCodec.java:133)
      	at org.openqa.selenium.remote.codec.w3c.W3CHttpResponseCodec.decode(W3CHttpResponseCodec.java:53)
      	at org.openqa.selenium.remote.HttpCommandExecutor.execute(HttpCommandExecutor.java:184)
      	at org.openqa.selenium.remote.service.DriverCommandExecutor.invokeExecute(DriverCommandExecutor.java:167)
      	at org.openqa.selenium.remote.service.DriverCommandExecutor.execute(DriverCommandExecutor.java:142)
      	at org.openqa.selenium.remote.RemoteWebDriver.execute(RemoteWebDriver.java:558)
      	at org.openqa.selenium.remote.RemoteWebElement.execute(RemoteWebElement.java:251)
      	at org.openqa.selenium.remote.RemoteWebElement.click(RemoteWebElement.java:77)
      	at sun.reflect.GeneratedMethodAccessor10.invoke(Unknown Source)
      	at sun.reflect.DelegatingMethodAccessorImpl.invoke(DelegatingMethodAccessorImpl.java:43)
      	at java.lang.reflect.Method.invoke(Method.java:498)
      	at org.openqa.selenium.support.pagefactory.internal.LocatingElementHandler.invoke(LocatingElementHandler.java:52)
      	at com.sun.proxy.$Proxy21.click(Unknown Source)
      	at org.example.pageObject.UpdateStudentPage.openEditProfileModal(UpdateStudentPage.java:105)
      	at step_definitions.UpdateStudentSteps.userClickEditProfile(UpdateStudentSteps.java:355)
      	at ✽.And User click edit profile(features/UpdateStudent.feature:11)
      &amp#27;[0m
]]></system-out>
  </testcase>
  <testcase name="When Student click Handphone field" classname="| abcdefghijkl |" time="0">
    <skipped/>
  </testcase>
  <testcase name="Then Student input with number like &quot;abcdefghijkl&quot; in Handphone field" classname="| abcdefghijkl |" time="0">
    <skipped/>
  </testcase>
  <testcase name="And User input &quot;zulfeekei@gmail.com&quot; as email and input &quot;be123&quot; as password" classname="| abcdefghijkl |" time="0"/>
  <testcase name="And User move to edit profile" classname="| abcdefghijkl |" time="0.002">
    <error message="no such element: Unable to locate element: {&quot;method&quot;:&quot;xpath&quot;,&quot;selector&quot;:&quot;//div[@class=&apos;bp4-tab pl-12 pr-12 pb-2 font-bold text-xl lg:ml-60 mx-auto&apos;]&quot;}&#10;  (Session info: chrome=110.0.5481.100)&#10;For documentation on this error, please visit: https://selenium.dev/exceptions/#no_such_element&#10;Build info: version: &apos;4.1.2&apos;, revision: &apos;9a5a329c5a&apos;&#10;System info: host: &apos;nsystem-mbp&apos;, ip: &apos;fe80:0:0:0:ce7:beec:a50b:8367%en0&apos;, os.name: &apos;Mac OS X&apos;, os.arch: &apos;x86_64&apos;, os.version: &apos;10.16&apos;, java.version: &apos;1.8.0_201&apos;&#10;Driver info: org.openqa.selenium.chrome.ChromeDriver&#10;Command: [dfb016b35c0b6c68e0c726687755626e, findElement {using=xpath, value=//div[@class=&apos;bp4-tab pl-12 pr-12 pb-2 font-bold text-xl lg:ml-60 mx-auto&apos;]}]&#10;Capabilities {acceptInsecureCerts: false, browserName: chrome, browserVersion: 110.0.5481.100, chrome: {chromedriverVersion: 110.0.5481.77 (65ed616c6e8e..., userDataDir: /var/folders/00/xzw63_pj58g...}, goog:chromeOptions: {debuggerAddress: localhost:51835}, javascriptEnabled: true, networkConnectionEnabled: false, pageLoadStrategy: normal, platform: MAC, platformName: MAC, proxy: Proxy(), se:cdp: ws://localhost:51835/devtoo..., se:cdpVersion: 110.0.5481.100, setWindowRect: true, strictFileInteractability: false, timeouts: {implicit: 0, pageLoad: 300000, script: 30000}, unhandledPromptBehavior: dismiss and notify, webauthn:extension:credBlob: true, webauthn:extension:largeBlob: true, webauthn:virtualAuthenticators: true}&#10;Session ID: dfb016b35c0b6c68e0c726687755626e" type="org.openqa.selenium.NoSuchElementException"><![CDATA[org.openqa.selenium.NoSuchElementException: 
no such element: Unable to locate element: {"method":"xpath","selector":"//div[@class='bp4-tab pl-12 pr-12 pb-2 font-bold text-xl lg:ml-60 mx-auto']"}
  (Session info: chrome=110.0.5481.100)
For documentation on this error, please visit: https://selenium.dev/exceptions/#no_such_element
Build info: version: '4.1.2', revision: '9a5a329c5a'
System info: host: 'nsystem-mbp', ip: 'fe80:0:0:0:ce7:beec:a50b:8367%en0', os.name: 'Mac OS X', os.arch: 'x86_64', os.version: '10.16', java.version: '1.8.0_201'
Driver info: org.openqa.selenium.chrome.ChromeDriver
Command: [dfb016b35c0b6c68e0c726687755626e, findElement {using=xpath, value=//div[@class='bp4-tab pl-12 pr-12 pb-2 font-bold text-xl lg:ml-60 mx-auto']}]
Capabilities {acceptInsecureCerts: false, browserName: chrome, browserVersion: 110.0.5481.100, chrome: {chromedriverVersion: 110.0.5481.77 (65ed616c6e8e..., userDataDir: /var/folders/00/xzw63_pj58g...}, goog:chromeOptions: {debuggerAddress: localhost:51835}, javascriptEnabled: true, networkConnectionEnabled: false, pageLoadStrategy: normal, platform: MAC, platformName: MAC, proxy: Proxy(), se:cdp: ws://localhost:51835/devtoo..., se:cdpVersion: 110.0.5481.100, setWindowRect: true, strictFileInteractability: false, timeouts: {implicit: 0, pageLoad: 300000, script: 30000}, unhandledPromptBehavior: dismiss and notify, webauthn:extension:credBlob: true, webauthn:extension:largeBlob: true, webauthn:virtualAuthenticators: true}
Session ID: dfb016b35c0b6c68e0c726687755626e
]]></error>
  </testcase>
  <testcase name="Given Teacher already on Edit Profile page" classname="| abcdefghijkl |" time="0">
    <skipped/>
    <system-out><![CDATA[
  Background:                                                                   &amp#27;[90m# features/UpdateTeacher.feature:4&amp#27;[0m
    &amp#27;[32mGiven &amp#27;[0m&amp#27;[32mUser open the website GuruMu&amp#27;[0m                                          &amp#27;[90m# LoginSteps.userOpenTheWebsiteGuruMu()&amp#27;[0m
    &amp#27;[32mWhen &amp#27;[0m&amp#27;[32mUser click avatar navigation&amp#27;[0m                                           &amp#27;[90m# LoginSteps.userClickAvatarNavigation()&amp#27;[0m
    &amp#27;[32mAnd &amp#27;[0m&amp#27;[32mUser click menu Masuk&amp#27;[0m                                                   &amp#27;[90m# LoginSteps.userClickMenuMasuk()&amp#27;[0m
    &amp#27;[32mAnd &amp#27;[0m&amp#27;[32mUser input "&amp#27;[0m&amp#27;[32m&amp#27;[1mzulfeekei@gmail.com&amp#27;[0m&amp#27;[32m" as email and input "&amp#27;[0m&amp#27;[32m&amp#27;[1mbe123&amp#27;[0m&amp#27;[32m" as password&amp#27;[0m &amp#27;[90m# LoginSteps.inputCredential(String,String)&amp#27;[0m
    &amp#27;[32mAnd &amp#27;[0m&amp#27;[32mUser clicked masuk button&amp#27;[0m                                               &amp#27;[90m# LoginSteps.userClickMasukButton()&amp#27;[0m
    &amp#27;[32mWhen &amp#27;[0m&amp#27;[32mUser move to Profile Page&amp#27;[0m                                              &amp#27;[90m# PenilaianUlasanSteps.userMoveToProfilePage()&amp#27;[0m
    &amp#27;[31mAnd &amp#27;[0m&amp#27;[31mUser move to edit profile&amp#27;[0m                                               &amp#27;[90m# UpdateTeacherSteps.userMoveToEditProfile()&amp#27;[0m
      &amp#27;[31morg.openqa.selenium.NoSuchElementException: no such element: Unable to locate element: {"method":"xpath","selector":"//div[@class='bp4-tab pl-12 pr-12 pb-2 font-bold text-xl lg:ml-60 mx-auto']"}
        (Session info: chrome=110.0.5481.100)
      For documentation on this error, please visit: https://selenium.dev/exceptions/#no_such_element
      Build info: version: '4.1.2', revision: '9a5a329c5a'
      System info: host: 'nsystem-mbp', ip: 'fe80:0:0:0:ce7:beec:a50b:8367%en0', os.name: 'Mac OS X', os.arch: 'x86_64', os.version: '10.16', java.version: '1.8.0_201'
      Driver info: org.openqa.selenium.chrome.ChromeDriver
      Command: [dfb016b35c0b6c68e0c726687755626e, findElement {using=xpath, value=//div[@class='bp4-tab pl-12 pr-12 pb-2 font-bold text-xl lg:ml-60 mx-auto']}]
      Capabilities {acceptInsecureCerts: false, browserName: chrome, browserVersion: 110.0.5481.100, chrome: {chromedriverVersion: 110.0.5481.77 (65ed616c6e8e..., userDataDir: /var/folders/00/xzw63_pj58g...}, goog:chromeOptions: {debuggerAddress: localhost:51835}, javascriptEnabled: true, networkConnectionEnabled: false, pageLoadStrategy: normal, platform: MAC, platformName: MAC, proxy: Proxy(), se:cdp: ws://localhost:51835/devtoo..., se:cdpVersion: 110.0.5481.100, setWindowRect: true, strictFileInteractability: false, timeouts: {implicit: 0, pageLoad: 300000, script: 30000}, unhandledPromptBehavior: dismiss and notify, webauthn:extension:credBlob: true, webauthn:extension:largeBlob: true, webauthn:virtualAuthenticators: true}
      Session ID: dfb016b35c0b6c68e0c726687755626e
      	at sun.reflect.GeneratedConstructorAccessor38.newInstance(Unknown Source)
      	at sun.reflect.DelegatingConstructorAccessorImpl.newInstance(DelegatingConstructorAccessorImpl.java:45)
      	at java.lang.reflect.Constructor.newInstance(Constructor.java:423)
      	at org.openqa.selenium.remote.codec.w3c.W3CHttpResponseCodec.createException(W3CHttpResponseCodec.java:200)
      	at org.openqa.selenium.remote.codec.w3c.W3CHttpResponseCodec.decode(W3CHttpResponseCodec.java:133)
      	at org.openqa.selenium.remote.codec.w3c.W3CHttpResponseCodec.decode(W3CHttpResponseCodec.java:53)
      	at org.openqa.selenium.remote.HttpCommandExecutor.execute(HttpCommandExecutor.java:184)
      	at org.openqa.selenium.remote.service.DriverCommandExecutor.invokeExecute(DriverCommandExecutor.java:167)
      	at org.openqa.selenium.remote.service.DriverCommandExecutor.execute(DriverCommandExecutor.java:142)
      	at org.openqa.selenium.remote.RemoteWebDriver.execute(RemoteWebDriver.java:558)
      	at org.openqa.selenium.remote.ElementLocation$ElementFinder$2.findElement(ElementLocation.java:162)
      	at org.openqa.selenium.remote.ElementLocation.findElement(ElementLocation.java:60)
      	at org.openqa.selenium.remote.RemoteWebDriver.findElement(RemoteWebDriver.java:382)
      	at org.openqa.selenium.remote.RemoteWebDriver.findElement(RemoteWebDriver.java:374)
      	at org.openqa.selenium.support.pagefactory.DefaultElementLocator.findElement(DefaultElementLocator.java:70)
      	at org.openqa.selenium.support.pagefactory.internal.LocatingElementHandler.invoke(LocatingElementHandler.java:39)
      	at com.sun.proxy.$Proxy21.click(Unknown Source)
      	at org.example.pageObject.UpdateTeacherPage.toEditProfile(UpdateTeacherPage.java:327)
      	at step_definitions.UpdateTeacherSteps.userMoveToEditProfile(UpdateTeacherSteps.java:1195)
      	at ✽.And User move to edit profile(features/UpdateTeacher.feature:11)
      &amp#27;[0m
]]></system-out>
  </testcase>
  <testcase name="When Teacher click &apos;Handphone&apos; field" classname="| abcdefghijkl |" time="0">
    <skipped/>
  </testcase>
  <testcase name="Then Teacher input with number like &quot;abcdefghijkl&quot; in &apos;Handphone&apos; field" classname="| abcdefghijkl |" time="0">
    <skipped/>
  </testcase>
  <testcase name="Given User open the website GuruMu" classname="| 089943abcdefg |" time="0">
    <system-out><![CDATA[
  @TestUpdateStudent @Test
  Scenario Outline: Input Field with Character in Handphone field         &amp#27;[90m# features/UpdateStudent.feature:85&amp#27;[0m
    &amp#27;[36mGiven &amp#27;[0m&amp#27;[36mStudent already on Edit Profile page&amp#27;[0m                            &amp#27;[90m# UpdateStudentSteps.studentAlreadyonEditProfilePage()&amp#27;[0m
    &amp#27;[36mWhen &amp#27;[0m&amp#27;[36mStudent click Handphone field&amp#27;[0m                                    &amp#27;[90m# UpdateStudentSteps.studentClickHandphoneField()&amp#27;[0m
    &amp#27;[36mThen &amp#27;[0m&amp#27;[36mStudent input with number like "&amp#27;[0m&amp#27;[36m&amp#27;[1mabcdefghijkl&amp#27;[0m&amp#27;[36m" in Handphone field&amp#27;[0m &amp#27;[90m# UpdateStudentSteps.studentInputWithNumberLikeInHandphoneField(String)&amp#27;[0m

  Scenario Outline: Input Field with Chacter and Number in Handphone field          &amp#27;[90m# features/UpdateStudent.feature:87&amp#27;[0m
    &amp#27;[36mGiven &amp#27;[0m&amp#27;[36mStudent already on Edit Profile page&amp#27;[0m
    &amp#27;[36mWhen &amp#27;[0m&amp#27;[36mStudent click Handphone field&amp#27;[0m
    &amp#27;[36mThen &amp#27;[0m&amp#27;[36mStudent input with character and number like "<number>" in Handphone field&amp#27;[0m

    Examples: 
]]></system-out>
    <system-err><![CDATA[Starting ChromeDriver 110.0.5481.77 (65ed616c6e8ee3fe0ad64fe83796c020644d42af-refs/branch-heads/5481@{#839}) on port 61334
Only local connections are allowed.
Please see https://chromedriver.chromium.org/security-considerations for suggestions on keeping ChromeDriver safe.
ChromeDriver was started successfully.
[1676553357.678][WARNING]: virtual void DevToolsClientImpl::AddListener(DevToolsEventListener *) subscribing a listener to the already connected DevToolsClient. Connection notification will not arrive.
Feb 16, 2023 8:15:57 PM org.openqa.selenium.remote.ProtocolHandshake createSession
INFO: Detected dialect: W3C
Feb 16, 2023 8:15:57 PM org.openqa.selenium.devtools.CdpVersionFinder findNearestMatch
WARNING: Unable to find an exact match for CDP version 110, so returning the closest version found: a no-op implementation
Feb 16, 2023 8:15:57 PM org.openqa.selenium.devtools.CdpVersionFinder findNearestMatch
INFO: Unable to find CDP implementation matching 110.
Feb 16, 2023 8:15:57 PM org.openqa.selenium.chromium.ChromiumDriver lambda$new$3
WARNING: Unable to find version of CDP to use for . You may need to include a dependency on a specific version of the CDP using something similar to `org.seleniumhq.selenium:selenium-devtools-v86:4.1.2` where the version ("v86") matches the version of the chromium-based browser you're using and the version number of the artifact is the same as Selenium's.
]]></system-err>
  </testcase>
  <testcase name="Given User open the website GuruMu" classname="| 089943abcdefg |" time="0">
    <system-out><![CDATA[
  @TestUpdateTeacher @Test
  Scenario Outline: Input Field with Character in 'Handphone' field         &amp#27;[90m# features/UpdateTeacher.feature:324&amp#27;[0m
    &amp#27;[36mGiven &amp#27;[0m&amp#27;[36mTeacher already on Edit Profile page&amp#27;[0m                              &amp#27;[90m# UpdateTeacherSteps.teacherAlreadyOnEditProfilePage()&amp#27;[0m
    &amp#27;[36mWhen &amp#27;[0m&amp#27;[36mTeacher click 'Handphone' field&amp#27;[0m                                    &amp#27;[90m# UpdateTeacherSteps.teacherClickHandphoneField()&amp#27;[0m
    &amp#27;[36mThen &amp#27;[0m&amp#27;[36mTeacher input with number like "&amp#27;[0m&amp#27;[36m&amp#27;[1mabcdefghijkl&amp#27;[0m&amp#27;[36m" in 'Handphone' field&amp#27;[0m &amp#27;[90m# UpdateTeacherSteps.teacherInputWithNumberLikeInHandphoneField(String)&amp#27;[0m

  Scenario Outline: Input Field with Chacter and Number in 'Handphone' field          &amp#27;[90m# features/UpdateTeacher.feature:326&amp#27;[0m
    &amp#27;[36mGiven &amp#27;[0m&amp#27;[36mTeacher already on Edit Profile page&amp#27;[0m
    &amp#27;[36mWhen &amp#27;[0m&amp#27;[36mTeacher click 'Handphone' field&amp#27;[0m
    &amp#27;[36mThen &amp#27;[0m&amp#27;[36mTeacher input with character and number like "<number>" in 'Handphone' field&amp#27;[0m

    Examples: 
]]></system-out>
    <system-err><![CDATA[Starting ChromeDriver 110.0.5481.77 (65ed616c6e8ee3fe0ad64fe83796c020644d42af-refs/branch-heads/5481@{#839}) on port 60060
Only local connections are allowed.
Please see https://chromedriver.chromium.org/security-considerations for suggestions on keeping ChromeDriver safe.
ChromeDriver was started successfully.
[1676555648.337][WARNING]: virtual void DevToolsClientImpl::AddListener(DevToolsEventListener *) subscribing a listener to the already connected DevToolsClient. Connection notification will not arrive.
Feb 16, 2023 8:54:08 PM org.openqa.selenium.remote.ProtocolHandshake createSession
INFO: Detected dialect: W3C
Feb 16, 2023 8:54:08 PM org.openqa.selenium.devtools.CdpVersionFinder findNearestMatch
WARNING: Unable to find an exact match for CDP version 110, so returning the closest version found: a no-op implementation
Feb 16, 2023 8:54:08 PM org.openqa.selenium.devtools.CdpVersionFinder findNearestMatch
INFO: Unable to find CDP implementation matching 110.
Feb 16, 2023 8:54:08 PM org.openqa.selenium.chromium.ChromiumDriver lambda$new$3
WARNING: Unable to find version of CDP to use for . You may need to include a dependency on a specific version of the CDP using something similar to `org.seleniumhq.selenium:selenium-devtools-v86:4.1.2` where the version ("v86") matches the version of the chromium-based browser you're using and the version number of the artifact is the same as Selenium's.
]]></system-err>
  </testcase>
  <testcase name="When User click avatar navigation" classname="| 089943abcdefg |" time="0"/>
  <testcase name="When User click avatar navigation" classname="| 089943abcdefg |" time="0"/>
  <testcase name="And User click menu Masuk" classname="| 089943abcdefg |" time="0"/>
  <testcase name="And User click menu Masuk" classname="| 089943abcdefg |" time="0"/>
  <testcase name="And User input &quot;herdiladania11@gmail.com&quot; as email and input &quot;fe123&quot; as password" classname="| 089943abcdefg |" time="0"/>
  <testcase name="And User clicked masuk button" classname="| 089943abcdefg |" time="0"/>
  <testcase name="And User clicked masuk button" classname="| 089943abcdefg |" time="0"/>
  <testcase name="When User move to Profile Page" classname="| 089943abcdefg |" time="0"/>
  <testcase name="When User move to Profile Page" classname="| 089943abcdefg |" time="0.003">
    <error message="no such element: Unable to locate element: {&quot;method&quot;:&quot;xpath&quot;,&quot;selector&quot;:&quot;//h2[@class=&apos;swal2-title&apos;]&quot;}&#10;  (Session info: chrome=110.0.5481.100)&#10;For documentation on this error, please visit: https://selenium.dev/exceptions/#no_such_element&#10;Build info: version: &apos;4.1.2&apos;, revision: &apos;9a5a329c5a&apos;&#10;System info: host: &apos;nsystem-mbp&apos;, ip: &apos;fe80:0:0:0:ce7:beec:a50b:8367%en0&apos;, os.name: &apos;Mac OS X&apos;, os.arch: &apos;x86_64&apos;, os.version: &apos;10.16&apos;, java.version: &apos;1.8.0_201&apos;&#10;Driver info: org.openqa.selenium.chrome.ChromeDriver&#10;Command: [d741cc7623df2b2eb07135c8aac154d3, findElement {using=xpath, value=//h2[@class=&apos;swal2-title&apos;]}]&#10;Capabilities {acceptInsecureCerts: false, browserName: chrome, browserVersion: 110.0.5481.100, chrome: {chromedriverVersion: 110.0.5481.77 (65ed616c6e8e..., userDataDir: /var/folders/00/xzw63_pj58g...}, goog:chromeOptions: {debuggerAddress: localhost:51863}, javascriptEnabled: true, networkConnectionEnabled: false, pageLoadStrategy: normal, platform: MAC, platformName: MAC, proxy: Proxy(), se:cdp: ws://localhost:51863/devtoo..., se:cdpVersion: 110.0.5481.100, setWindowRect: true, strictFileInteractability: false, timeouts: {implicit: 0, pageLoad: 300000, script: 30000}, unhandledPromptBehavior: dismiss and notify, webauthn:extension:credBlob: true, webauthn:extension:largeBlob: true, webauthn:virtualAuthenticators: true}&#10;Session ID: d741cc7623df2b2eb07135c8aac154d3" type="org.openqa.selenium.NoSuchElementException"><![CDATA[org.openqa.selenium.NoSuchElementException: 
no such element: Unable to locate element: {"method":"xpath","selector":"//h2[@class='swal2-title']"}
  (Session info: chrome=110.0.5481.100)
For documentation on this error, please visit: https://selenium.dev/exceptions/#no_such_element
Build info: version: '4.1.2', revision: '9a5a329c5a'
System info: host: 'nsystem-mbp', ip: 'fe80:0:0:0:ce7:beec:a50b:8367%en0', os.name: 'Mac OS X', os.arch: 'x86_64', os.version: '10.16', java.version: '1.8.0_201'
Driver info: org.openqa.selenium.chrome.ChromeDriver
Command: [d741cc7623df2b2eb07135c8aac154d3, findElement {using=xpath, value=//h2[@class='swal2-title']}]
Capabilities {acceptInsecureCerts: false, browserName: chrome, browserVersion: 110.0.5481.100, chrome: {chromedriverVersion: 110.0.5481.77 (65ed616c6e8e..., userDataDir: /var/folders/00/xzw63_pj58g...}, goog:chromeOptions: {debuggerAddress: localhost:51863}, javascriptEnabled: true, networkConnectionEnabled: false, pageLoadStrategy: normal, platform: MAC, platformName: MAC, proxy: Proxy(), se:cdp: ws://localhost:51863/devtoo..., se:cdpVersion: 110.0.5481.100, setWindowRect: true, strictFileInteractability: false, timeouts: {implicit: 0, pageLoad: 300000, script: 30000}, unhandledPromptBehavior: dismiss and notify, webauthn:extension:credBlob: true, webauthn:extension:largeBlob: true, webauthn:virtualAuthenticators: true}
Session ID: d741cc7623df2b2eb07135c8aac154d3
]]></error>
  </testcase>
  <testcase name="And User click edit profile" classname="| 089943abcdefg |" time="0.005">
    <error message="element click intercepted: Element &lt;label id=&quot;modal-profil-murid&quot; for=&quot;my-modal-5&quot; class=&quot;flex gap-1 absolute lg:top-10 top-10 lg:right-40 right-0&quot;&gt;...&lt;/label&gt; is not clickable at point (949, 280). Other element would receive the click: &lt;h2 class=&quot;swal2-title&quot; id=&quot;swal2-title&quot; style=&quot;display: block;&quot;&gt;...&lt;/h2&gt;&#10;  (Session info: chrome=110.0.5481.100)&#10;Build info: version: &apos;4.1.2&apos;, revision: &apos;9a5a329c5a&apos;&#10;System info: host: &apos;nsystem-mbp&apos;, ip: &apos;fe80:0:0:0:ce7:beec:a50b:8367%en0&apos;, os.name: &apos;Mac OS X&apos;, os.arch: &apos;x86_64&apos;, os.version: &apos;10.16&apos;, java.version: &apos;1.8.0_201&apos;&#10;Driver info: org.openqa.selenium.chrome.ChromeDriver&#10;Command: [c9164ee425117c1d52893f43770fc18d, clickElement {id=b856147c-be66-444c-aa32-672460fe50ff}]&#10;Capabilities {acceptInsecureCerts: false, browserName: chrome, browserVersion: 110.0.5481.100, chrome: {chromedriverVersion: 110.0.5481.77 (65ed616c6e8e..., userDataDir: /var/folders/00/xzw63_pj58g...}, goog:chromeOptions: {debuggerAddress: localhost:50083}, javascriptEnabled: true, networkConnectionEnabled: false, pageLoadStrategy: normal, platform: MAC, platformName: MAC, proxy: Proxy(), se:cdp: ws://localhost:50083/devtoo..., se:cdpVersion: 110.0.5481.100, setWindowRect: true, strictFileInteractability: false, timeouts: {implicit: 0, pageLoad: 300000, script: 30000}, unhandledPromptBehavior: dismiss and notify, webauthn:extension:credBlob: true, webauthn:extension:largeBlob: true, webauthn:virtualAuthenticators: true}&#10;Element: [[ChromeDriver: chrome on MAC (c9164ee425117c1d52893f43770fc18d)] -&gt; id: modal-profil-murid]&#10;Session ID: c9164ee425117c1d52893f43770fc18d" type="org.openqa.selenium.ElementClickInterceptedException"><![CDATA[org.openqa.selenium.ElementClickInterceptedException: 
element click intercepted: Element <label id="modal-profil-murid" for="my-modal-5" class="flex gap-1 absolute lg:top-10 top-10 lg:right-40 right-0">...</label> is not clickable at point (949, 280). Other element would receive the click: <h2 class="swal2-title" id="swal2-title" style="display: block;">...</h2>
  (Session info: chrome=110.0.5481.100)
Build info: version: '4.1.2', revision: '9a5a329c5a'
System info: host: 'nsystem-mbp', ip: 'fe80:0:0:0:ce7:beec:a50b:8367%en0', os.name: 'Mac OS X', os.arch: 'x86_64', os.version: '10.16', java.version: '1.8.0_201'
Driver info: org.openqa.selenium.chrome.ChromeDriver
Command: [c9164ee425117c1d52893f43770fc18d, clickElement {id=b856147c-be66-444c-aa32-672460fe50ff}]
Capabilities {acceptInsecureCerts: false, browserName: chrome, browserVersion: 110.0.5481.100, chrome: {chromedriverVersion: 110.0.5481.77 (65ed616c6e8e..., userDataDir: /var/folders/00/xzw63_pj58g...}, goog:chromeOptions: {debuggerAddress: localhost:50083}, javascriptEnabled: true, networkConnectionEnabled: false, pageLoadStrategy: normal, platform: MAC, platformName: MAC, proxy: Proxy(), se:cdp: ws://localhost:50083/devtoo..., se:cdpVersion: 110.0.5481.100, setWindowRect: true, strictFileInteractability: false, timeouts: {implicit: 0, pageLoad: 300000, script: 30000}, unhandledPromptBehavior: dismiss and notify, webauthn:extension:credBlob: true, webauthn:extension:largeBlob: true, webauthn:virtualAuthenticators: true}
Element: [[ChromeDriver: chrome on MAC (c9164ee425117c1d52893f43770fc18d)] -> id: modal-profil-murid]
Session ID: c9164ee425117c1d52893f43770fc18d
]]></error>
  </testcase>
  <testcase name="" classname="| 089943abcdefg |" time="0.006">
    <error message="element click intercepted: Element &lt;label id=&quot;modal-profil-murid&quot; for=&quot;my-modal-5&quot; class=&quot;flex gap-1 absolute lg:top-10 top-10 lg:right-40 right-0&quot;&gt;...&lt;/label&gt; is not clickable at point (949, 280). Other element would receive the click: &lt;h2 class=&quot;swal2-title&quot; id=&quot;swal2-title&quot; style=&quot;display: block;&quot;&gt;...&lt;/h2&gt;&#10;  (Session info: chrome=110.0.5481.100)&#10;Build info: version: &apos;4.1.2&apos;, revision: &apos;9a5a329c5a&apos;&#10;System info: host: &apos;nsystem-mbp&apos;, ip: &apos;fe80:0:0:0:ce7:beec:a50b:8367%en0&apos;, os.name: &apos;Mac OS X&apos;, os.arch: &apos;x86_64&apos;, os.version: &apos;10.16&apos;, java.version: &apos;1.8.0_201&apos;&#10;Driver info: org.openqa.selenium.chrome.ChromeDriver&#10;Command: [c9164ee425117c1d52893f43770fc18d, clickElement {id=b856147c-be66-444c-aa32-672460fe50ff}]&#10;Capabilities {acceptInsecureCerts: false, browserName: chrome, browserVersion: 110.0.5481.100, chrome: {chromedriverVersion: 110.0.5481.77 (65ed616c6e8e..., userDataDir: /var/folders/00/xzw63_pj58g...}, goog:chromeOptions: {debuggerAddress: localhost:50083}, javascriptEnabled: true, networkConnectionEnabled: false, pageLoadStrategy: normal, platform: MAC, platformName: MAC, proxy: Proxy(), se:cdp: ws://localhost:50083/devtoo..., se:cdpVersion: 110.0.5481.100, setWindowRect: true, strictFileInteractability: false, timeouts: {implicit: 0, pageLoad: 300000, script: 30000}, unhandledPromptBehavior: dismiss and notify, webauthn:extension:credBlob: true, webauthn:extension:largeBlob: true, webauthn:virtualAuthenticators: true}&#10;Element: [[ChromeDriver: chrome on MAC (c9164ee425117c1d52893f43770fc18d)] -&gt; id: modal-profil-murid]&#10;Session ID: c9164ee425117c1d52893f43770fc18d" type="org.openqa.selenium.ElementClickInterceptedException"><![CDATA[org.openqa.selenium.ElementClickInterceptedException: 
element click intercepted: Element <label id="modal-profil-murid" for="my-modal-5" class="flex gap-1 absolute lg:top-10 top-10 lg:right-40 right-0">...</label> is not clickable at point (949, 280). Other element would receive the click: <h2 class="swal2-title" id="swal2-title" style="display: block;">...</h2>
  (Session info: chrome=110.0.5481.100)
Build info: version: '4.1.2', revision: '9a5a329c5a'
System info: host: 'nsystem-mbp', ip: 'fe80:0:0:0:ce7:beec:a50b:8367%en0', os.name: 'Mac OS X', os.arch: 'x86_64', os.version: '10.16', java.version: '1.8.0_201'
Driver info: org.openqa.selenium.chrome.ChromeDriver
Command: [c9164ee425117c1d52893f43770fc18d, clickElement {id=b856147c-be66-444c-aa32-672460fe50ff}]
Capabilities {acceptInsecureCerts: false, browserName: chrome, browserVersion: 110.0.5481.100, chrome: {chromedriverVersion: 110.0.5481.77 (65ed616c6e8e..., userDataDir: /var/folders/00/xzw63_pj58g...}, goog:chromeOptions: {debuggerAddress: localhost:50083}, javascriptEnabled: true, networkConnectionEnabled: false, pageLoadStrategy: normal, platform: MAC, platformName: MAC, proxy: Proxy(), se:cdp: ws://localhost:50083/devtoo..., se:cdpVersion: 110.0.5481.100, setWindowRect: true, strictFileInteractability: false, timeouts: {implicit: 0, pageLoad: 300000, script: 30000}, unhandledPromptBehavior: dismiss and notify, webauthn:extension:credBlob: true, webauthn:extension:largeBlob: true, webauthn:virtualAuthenticators: true}
Element: [[ChromeDriver: chrome on MAC (c9164ee425117c1d52893f43770fc18d)] -> id: modal-profil-murid]
Session ID: c9164ee425117c1d52893f43770fc18d
]]></error>
  </testcase>
  <testcase name="" classname="| 089943abcdefg |" time="0.004">
    <error message="no such element: Unable to locate element: {&quot;method&quot;:&quot;xpath&quot;,&quot;selector&quot;:&quot;//h2[@class=&apos;swal2-title&apos;]&quot;}&#10;  (Session info: chrome=110.0.5481.100)&#10;For documentation on this error, please visit: https://selenium.dev/exceptions/#no_such_element&#10;Build info: version: &apos;4.1.2&apos;, revision: &apos;9a5a329c5a&apos;&#10;System info: host: &apos;nsystem-mbp&apos;, ip: &apos;fe80:0:0:0:ce7:beec:a50b:8367%en0&apos;, os.name: &apos;Mac OS X&apos;, os.arch: &apos;x86_64&apos;, os.version: &apos;10.16&apos;, java.version: &apos;1.8.0_201&apos;&#10;Driver info: org.openqa.selenium.chrome.ChromeDriver&#10;Command: [d741cc7623df2b2eb07135c8aac154d3, findElement {using=xpath, value=//h2[@class=&apos;swal2-title&apos;]}]&#10;Capabilities {acceptInsecureCerts: false, browserName: chrome, browserVersion: 110.0.5481.100, chrome: {chromedriverVersion: 110.0.5481.77 (65ed616c6e8e..., userDataDir: /var/folders/00/xzw63_pj58g...}, goog:chromeOptions: {debuggerAddress: localhost:51863}, javascriptEnabled: true, networkConnectionEnabled: false, pageLoadStrategy: normal, platform: MAC, platformName: MAC, proxy: Proxy(), se:cdp: ws://localhost:51863/devtoo..., se:cdpVersion: 110.0.5481.100, setWindowRect: true, strictFileInteractability: false, timeouts: {implicit: 0, pageLoad: 300000, script: 30000}, unhandledPromptBehavior: dismiss and notify, webauthn:extension:credBlob: true, webauthn:extension:largeBlob: true, webauthn:virtualAuthenticators: true}&#10;Session ID: d741cc7623df2b2eb07135c8aac154d3" type="org.openqa.selenium.NoSuchElementException"><![CDATA[org.openqa.selenium.NoSuchElementException: 
no such element: Unable to locate element: {"method":"xpath","selector":"//h2[@class='swal2-title']"}
  (Session info: chrome=110.0.5481.100)
For documentation on this error, please visit: https://selenium.dev/exceptions/#no_such_element
Build info: version: '4.1.2', revision: '9a5a329c5a'
System info: host: 'nsystem-mbp', ip: 'fe80:0:0:0:ce7:beec:a50b:8367%en0', os.name: 'Mac OS X', os.arch: 'x86_64', os.version: '10.16', java.version: '1.8.0_201'
Driver info: org.openqa.selenium.chrome.ChromeDriver
Command: [d741cc7623df2b2eb07135c8aac154d3, findElement {using=xpath, value=//h2[@class='swal2-title']}]
Capabilities {acceptInsecureCerts: false, browserName: chrome, browserVersion: 110.0.5481.100, chrome: {chromedriverVersion: 110.0.5481.77 (65ed616c6e8e..., userDataDir: /var/folders/00/xzw63_pj58g...}, goog:chromeOptions: {debuggerAddress: localhost:51863}, javascriptEnabled: true, networkConnectionEnabled: false, pageLoadStrategy: normal, platform: MAC, platformName: MAC, proxy: Proxy(), se:cdp: ws://localhost:51863/devtoo..., se:cdpVersion: 110.0.5481.100, setWindowRect: true, strictFileInteractability: false, timeouts: {implicit: 0, pageLoad: 300000, script: 30000}, unhandledPromptBehavior: dismiss and notify, webauthn:extension:credBlob: true, webauthn:extension:largeBlob: true, webauthn:virtualAuthenticators: true}
Session ID: d741cc7623df2b2eb07135c8aac154d3
]]></error>
  </testcase>
  <testcase name="Given Student already on Edit Profile page" classname="| 089943abcdefg |" time="0">
    <skipped/>
    <system-out><![CDATA[
  Background:                                                                        &amp#27;[90m# features/UpdateStudent.feature:4&amp#27;[0m
    &amp#27;[32mGiven &amp#27;[0m&amp#27;[32mUser open the website GuruMu&amp#27;[0m                                               &amp#27;[90m# LoginSteps.userOpenTheWebsiteGuruMu()&amp#27;[0m
    &amp#27;[32mWhen &amp#27;[0m&amp#27;[32mUser click avatar navigation&amp#27;[0m                                                &amp#27;[90m# LoginSteps.userClickAvatarNavigation()&amp#27;[0m
    &amp#27;[32mAnd &amp#27;[0m&amp#27;[32mUser click menu Masuk&amp#27;[0m                                                        &amp#27;[90m# LoginSteps.userClickMenuMasuk()&amp#27;[0m
    &amp#27;[32mAnd &amp#27;[0m&amp#27;[32mUser input "&amp#27;[0m&amp#27;[32m&amp#27;[1mherdiladania11@gmail.com&amp#27;[0m&amp#27;[32m" as email and input "&amp#27;[0m&amp#27;[32m&amp#27;[1mfe123&amp#27;[0m&amp#27;[32m" as password&amp#27;[0m &amp#27;[90m# LoginSteps.inputCredential(String,String)&amp#27;[0m
    &amp#27;[32mAnd &amp#27;[0m&amp#27;[32mUser clicked masuk button&amp#27;[0m                                                    &amp#27;[90m# LoginSteps.userClickMasukButton()&amp#27;[0m
    &amp#27;[32mWhen &amp#27;[0m&amp#27;[32mUser move to Profile Page&amp#27;[0m                                                   &amp#27;[90m# PenilaianUlasanSteps.userMoveToProfilePage()&amp#27;[0m
    &amp#27;[31mAnd &amp#27;[0m&amp#27;[31mUser click edit profile&amp#27;[0m                                                      &amp#27;[90m# UpdateStudentSteps.userClickEditProfile()&amp#27;[0m
      &amp#27;[31morg.openqa.selenium.ElementClickInterceptedException: element click intercepted: Element <label id="modal-profil-murid" for="my-modal-5" class="flex gap-1 absolute lg:top-10 top-10 lg:right-40 right-0">...</label> is not clickable at point (949, 280). Other element would receive the click: <h2 class="swal2-title" id="swal2-title" style="display: block;">...</h2>
        (Session info: chrome=110.0.5481.100)
      Build info: version: '4.1.2', revision: '9a5a329c5a'
      System info: host: 'nsystem-mbp', ip: 'fe80:0:0:0:ce7:beec:a50b:8367%en0', os.name: 'Mac OS X', os.arch: 'x86_64', os.version: '10.16', java.version: '1.8.0_201'
      Driver info: org.openqa.selenium.chrome.ChromeDriver
      Command: [c9164ee425117c1d52893f43770fc18d, clickElement {id=b856147c-be66-444c-aa32-672460fe50ff}]
      Capabilities {acceptInsecureCerts: false, browserName: chrome, browserVersion: 110.0.5481.100, chrome: {chromedriverVersion: 110.0.5481.77 (65ed616c6e8e..., userDataDir: /var/folders/00/xzw63_pj58g...}, goog:chromeOptions: {debuggerAddress: localhost:50083}, javascriptEnabled: true, networkConnectionEnabled: false, pageLoadStrategy: normal, platform: MAC, platformName: MAC, proxy: Proxy(), se:cdp: ws://localhost:50083/devtoo..., se:cdpVersion: 110.0.5481.100, setWindowRect: true, strictFileInteractability: false, timeouts: {implicit: 0, pageLoad: 300000, script: 30000}, unhandledPromptBehavior: dismiss and notify, webauthn:extension:credBlob: true, webauthn:extension:largeBlob: true, webauthn:virtualAuthenticators: true}
      Element: [[ChromeDriver: chrome on MAC (c9164ee425117c1d52893f43770fc18d)] -> id: modal-profil-murid]
      Session ID: c9164ee425117c1d52893f43770fc18d
      	at sun.reflect.NativeConstructorAccessorImpl.newInstance0(Native Method)
      	at sun.reflect.NativeConstructorAccessorImpl.newInstance(NativeConstructorAccessorImpl.java:62)
      	at sun.reflect.DelegatingConstructorAccessorImpl.newInstance(DelegatingConstructorAccessorImpl.java:45)
      	at java.lang.reflect.Constructor.newInstance(Constructor.java:423)
      	at org.openqa.selenium.remote.codec.w3c.W3CHttpResponseCodec.createException(W3CHttpResponseCodec.java:200)
      	at org.openqa.selenium.remote.codec.w3c.W3CHttpResponseCodec.decode(W3CHttpResponseCodec.java:133)
      	at org.openqa.selenium.remote.codec.w3c.W3CHttpResponseCodec.decode(W3CHttpResponseCodec.java:53)
      	at org.openqa.selenium.remote.HttpCommandExecutor.execute(HttpCommandExecutor.java:184)
      	at org.openqa.selenium.remote.service.DriverCommandExecutor.invokeExecute(DriverCommandExecutor.java:167)
      	at org.openqa.selenium.remote.service.DriverCommandExecutor.execute(DriverCommandExecutor.java:142)
      	at org.openqa.selenium.remote.RemoteWebDriver.execute(RemoteWebDriver.java:558)
      	at org.openqa.selenium.remote.RemoteWebElement.execute(RemoteWebElement.java:251)
      	at org.openqa.selenium.remote.RemoteWebElement.click(RemoteWebElement.java:77)
      	at sun.reflect.GeneratedMethodAccessor10.invoke(Unknown Source)
      	at sun.reflect.DelegatingMethodAccessorImpl.invoke(DelegatingMethodAccessorImpl.java:43)
      	at java.lang.reflect.Method.invoke(Method.java:498)
      	at org.openqa.selenium.support.pagefactory.internal.LocatingElementHandler.invoke(LocatingElementHandler.java:52)
      	at com.sun.proxy.$Proxy21.click(Unknown Source)
      	at org.example.pageObject.UpdateStudentPage.openEditProfileModal(UpdateStudentPage.java:105)
      	at step_definitions.UpdateStudentSteps.userClickEditProfile(UpdateStudentSteps.java:355)
      	at ✽.And User click edit profile(features/UpdateStudent.feature:11)
      &amp#27;[0m
]]></system-out>
  </testcase>
  <testcase name="When Student click Handphone field" classname="| 089943abcdefg |" time="0">
    <skipped/>
  </testcase>
  <testcase name="Then Student input with character and number like &quot;089943abcdefg&quot; in Handphone field" classname="| 089943abcdefg |" time="0">
    <skipped/>
  </testcase>
  <testcase name="And User input &quot;zulfeekei@gmail.com&quot; as email and input &quot;be123&quot; as password" classname="| 089943abcdefg |" time="0"/>
  <testcase name="And User move to edit profile" classname="| 089943abcdefg |" time="0">
    <skipped/>
  </testcase>
  <testcase name="Given Teacher already on Edit Profile page" classname="| 089943abcdefg |" time="0">
    <skipped/>
    <system-out><![CDATA[
  Background:                                                                   &amp#27;[90m# features/UpdateTeacher.feature:4&amp#27;[0m
    &amp#27;[32mGiven &amp#27;[0m&amp#27;[32mUser open the website GuruMu&amp#27;[0m                                          &amp#27;[90m# LoginSteps.userOpenTheWebsiteGuruMu()&amp#27;[0m
    &amp#27;[32mWhen &amp#27;[0m&amp#27;[32mUser click avatar navigation&amp#27;[0m                                           &amp#27;[90m# LoginSteps.userClickAvatarNavigation()&amp#27;[0m
    &amp#27;[32mAnd &amp#27;[0m&amp#27;[32mUser click menu Masuk&amp#27;[0m                                                   &amp#27;[90m# LoginSteps.userClickMenuMasuk()&amp#27;[0m
    &amp#27;[32mAnd &amp#27;[0m&amp#27;[32mUser input "&amp#27;[0m&amp#27;[32m&amp#27;[1mzulfeekei@gmail.com&amp#27;[0m&amp#27;[32m" as email and input "&amp#27;[0m&amp#27;[32m&amp#27;[1mbe123&amp#27;[0m&amp#27;[32m" as password&amp#27;[0m &amp#27;[90m# LoginSteps.inputCredential(String,String)&amp#27;[0m
    &amp#27;[32mAnd &amp#27;[0m&amp#27;[32mUser clicked masuk button&amp#27;[0m                                               &amp#27;[90m# LoginSteps.userClickMasukButton()&amp#27;[0m
    &amp#27;[31mWhen &amp#27;[0m&amp#27;[31mUser move to Profile Page&amp#27;[0m                                              &amp#27;[90m# PenilaianUlasanSteps.userMoveToProfilePage()&amp#27;[0m
      &amp#27;[31morg.openqa.selenium.NoSuchElementException: no such element: Unable to locate element: {"method":"xpath","selector":"//h2[@class='swal2-title']"}
        (Session info: chrome=110.0.5481.100)
      For documentation on this error, please visit: https://selenium.dev/exceptions/#no_such_element
      Build info: version: '4.1.2', revision: '9a5a329c5a'
      System info: host: 'nsystem-mbp', ip: 'fe80:0:0:0:ce7:beec:a50b:8367%en0', os.name: 'Mac OS X', os.arch: 'x86_64', os.version: '10.16', java.version: '1.8.0_201'
      Driver info: org.openqa.selenium.chrome.ChromeDriver
      Command: [d741cc7623df2b2eb07135c8aac154d3, findElement {using=xpath, value=//h2[@class='swal2-title']}]
      Capabilities {acceptInsecureCerts: false, browserName: chrome, browserVersion: 110.0.5481.100, chrome: {chromedriverVersion: 110.0.5481.77 (65ed616c6e8e..., userDataDir: /var/folders/00/xzw63_pj58g...}, goog:chromeOptions: {debuggerAddress: localhost:51863}, javascriptEnabled: true, networkConnectionEnabled: false, pageLoadStrategy: normal, platform: MAC, platformName: MAC, proxy: Proxy(), se:cdp: ws://localhost:51863/devtoo..., se:cdpVersion: 110.0.5481.100, setWindowRect: true, strictFileInteractability: false, timeouts: {implicit: 0, pageLoad: 300000, script: 30000}, unhandledPromptBehavior: dismiss and notify, webauthn:extension:credBlob: true, webauthn:extension:largeBlob: true, webauthn:virtualAuthenticators: true}
      Session ID: d741cc7623df2b2eb07135c8aac154d3
      	at sun.reflect.GeneratedConstructorAccessor38.newInstance(Unknown Source)
      	at sun.reflect.DelegatingConstructorAccessorImpl.newInstance(DelegatingConstructorAccessorImpl.java:45)
      	at java.lang.reflect.Constructor.newInstance(Constructor.java:423)
      	at org.openqa.selenium.remote.codec.w3c.W3CHttpResponseCodec.createException(W3CHttpResponseCodec.java:200)
      	at org.openqa.selenium.remote.codec.w3c.W3CHttpResponseCodec.decode(W3CHttpResponseCodec.java:133)
      	at org.openqa.selenium.remote.codec.w3c.W3CHttpResponseCodec.decode(W3CHttpResponseCodec.java:53)
      	at org.openqa.selenium.remote.HttpCommandExecutor.execute(HttpCommandExecutor.java:184)
      	at org.openqa.selenium.remote.service.DriverCommandExecutor.invokeExecute(DriverCommandExecutor.java:167)
      	at org.openqa.selenium.remote.service.DriverCommandExecutor.execute(DriverCommandExecutor.java:142)
      	at org.openqa.selenium.remote.RemoteWebDriver.execute(RemoteWebDriver.java:558)
      	at org.openqa.selenium.remote.ElementLocation$ElementFinder$2.findElement(ElementLocation.java:162)
      	at org.openqa.selenium.remote.ElementLocation.findElement(ElementLocation.java:60)
      	at org.openqa.selenium.remote.RemoteWebDriver.findElement(RemoteWebDriver.java:382)
      	at org.openqa.selenium.remote.RemoteWebDriver.findElement(RemoteWebDriver.java:374)
      	at org.openqa.selenium.support.pagefactory.DefaultElementLocator.findElement(DefaultElementLocator.java:70)
      	at org.openqa.selenium.support.pagefactory.internal.LocatingElementHandler.invoke(LocatingElementHandler.java:39)
      	at com.sun.proxy.$Proxy21.isDisplayed(Unknown Source)
      	at org.example.pageObject.BerandaPage.successMessageIsDisplayed(BerandaPage.java:169)
      	at step_definitions.PenilaianUlasanSteps.userMoveToProfilePage(PenilaianUlasanSteps.java:163)
      	at ✽.When User move to Profile Page(features/UpdateTeacher.feature:10)
      &amp#27;[0m
    &amp#27;[36mAnd &amp#27;[0m&amp#27;[36mUser move to edit profile&amp#27;[0m                                               &amp#27;[90m# UpdateTeacherSteps.userMoveToEditProfile()&amp#27;[0m
]]></system-out>
  </testcase>
  <testcase name="When Teacher click &apos;Handphone&apos; field" classname="| 089943abcdefg |" time="0">
    <skipped/>
  </testcase>
  <testcase name="Then Teacher input with character and number like &quot;089943abcdefg&quot; in &apos;Handphone&apos; field" classname="| 089943abcdefg |" time="0">
    <skipped/>
  </testcase>
  <testcase name="Given User open the website GuruMu" classname="| !@#$#%^%$^%^ |" time="0.001">
    <system-out><![CDATA[
  @TestUpdateStudent @Test
  Scenario Outline: Input Field with Chacter and Number in Handphone field               &amp#27;[90m# features/UpdateStudent.feature:93&amp#27;[0m
    &amp#27;[36mGiven &amp#27;[0m&amp#27;[36mStudent already on Edit Profile page&amp#27;[0m                                           &amp#27;[90m# UpdateStudentSteps.studentAlreadyonEditProfilePage()&amp#27;[0m
    &amp#27;[36mWhen &amp#27;[0m&amp#27;[36mStudent click Handphone field&amp#27;[0m                                                   &amp#27;[90m# UpdateStudentSteps.studentClickHandphoneField()&amp#27;[0m
    &amp#27;[36mThen &amp#27;[0m&amp#27;[36mStudent input with character and number like "&amp#27;[0m&amp#27;[36m&amp#27;[1m089943abcdefg&amp#27;[0m&amp#27;[36m" in Handphone field&amp#27;[0m &amp#27;[90m# UpdateStudentSteps.studentInputWithCharacterAndNumberLikeInHandphoneField(String)&amp#27;[0m

  Scenario Outline: Input Field with Special Character in Handphone field        &amp#27;[90m# features/UpdateStudent.feature:95&amp#27;[0m
    &amp#27;[36mGiven &amp#27;[0m&amp#27;[36mStudent already on Edit Profile page&amp#27;[0m
    &amp#27;[36mWhen &amp#27;[0m&amp#27;[36mStudent click Handphone field&amp#27;[0m
    &amp#27;[36mThen &amp#27;[0m&amp#27;[36mStudent input with special character like "<number>" in Handphone field&amp#27;[0m

    Examples: 
]]></system-out>
    <system-err><![CDATA[Starting ChromeDriver 110.0.5481.77 (65ed616c6e8ee3fe0ad64fe83796c020644d42af-refs/branch-heads/5481@{#839}) on port 55927
Only local connections are allowed.
Please see https://chromedriver.chromium.org/security-considerations for suggestions on keeping ChromeDriver safe.
ChromeDriver was started successfully.
[1676553398.050][WARNING]: virtual void DevToolsClientImpl::AddListener(DevToolsEventListener *) subscribing a listener to the already connected DevToolsClient. Connection notification will not arrive.
Feb 16, 2023 8:16:38 PM org.openqa.selenium.remote.ProtocolHandshake createSession
INFO: Detected dialect: W3C
Feb 16, 2023 8:16:38 PM org.openqa.selenium.devtools.CdpVersionFinder findNearestMatch
WARNING: Unable to find an exact match for CDP version 110, so returning the closest version found: a no-op implementation
Feb 16, 2023 8:16:38 PM org.openqa.selenium.devtools.CdpVersionFinder findNearestMatch
INFO: Unable to find CDP implementation matching 110.
Feb 16, 2023 8:16:38 PM org.openqa.selenium.chromium.ChromiumDriver lambda$new$3
WARNING: Unable to find version of CDP to use for . You may need to include a dependency on a specific version of the CDP using something similar to `org.seleniumhq.selenium:selenium-devtools-v86:4.1.2` where the version ("v86") matches the version of the chromium-based browser you're using and the version number of the artifact is the same as Selenium's.
]]></system-err>
  </testcase>
  <testcase name="Given User open the website GuruMu" classname="| !@#$#%^%$^%^ |" time="0">
    <system-out><![CDATA[
  @TestUpdateTeacher @Test
  Scenario Outline: Input Field with Chacter and Number in 'Handphone' field               &amp#27;[90m# features/UpdateTeacher.feature:332&amp#27;[0m
    &amp#27;[36mGiven &amp#27;[0m&amp#27;[36mTeacher already on Edit Profile page&amp#27;[0m                                             &amp#27;[90m# UpdateTeacherSteps.teacherAlreadyOnEditProfilePage()&amp#27;[0m
    &amp#27;[36mWhen &amp#27;[0m&amp#27;[36mTeacher click 'Handphone' field&amp#27;[0m                                                   &amp#27;[90m# UpdateTeacherSteps.teacherClickHandphoneField()&amp#27;[0m
    &amp#27;[36mThen &amp#27;[0m&amp#27;[36mTeacher input with character and number like "&amp#27;[0m&amp#27;[36m&amp#27;[1m089943abcdefg&amp#27;[0m&amp#27;[36m" in 'Handphone' field&amp#27;[0m &amp#27;[90m# UpdateTeacherSteps.teacherInputWithCharacterAndNumberLikeInHandphoneField(String)&amp#27;[0m

  Scenario Outline: Input Field with Special Character in 'Handphone' field        &amp#27;[90m# features/UpdateTeacher.feature:334&amp#27;[0m
    &amp#27;[36mGiven &amp#27;[0m&amp#27;[36mTeacher already on Edit Profile page&amp#27;[0m
    &amp#27;[36mWhen &amp#27;[0m&amp#27;[36mTeacher click 'Handphone' field&amp#27;[0m
    &amp#27;[36mThen &amp#27;[0m&amp#27;[36mTeacher input with special character like "<number>" in 'Handphone' field&amp#27;[0m

    Examples: 
]]></system-out>
    <system-err><![CDATA[Starting ChromeDriver 110.0.5481.77 (65ed616c6e8ee3fe0ad64fe83796c020644d42af-refs/branch-heads/5481@{#839}) on port 61747
Only local connections are allowed.
Please see https://chromedriver.chromium.org/security-considerations for suggestions on keeping ChromeDriver safe.
ChromeDriver was started successfully.
[1676555670.464][WARNING]: virtual void DevToolsClientImpl::AddListener(DevToolsEventListener *) subscribing a listener to the already connected DevToolsClient. Connection notification will not arrive.
Feb 16, 2023 8:54:30 PM org.openqa.selenium.remote.ProtocolHandshake createSession
INFO: Detected dialect: W3C
Feb 16, 2023 8:54:30 PM org.openqa.selenium.devtools.CdpVersionFinder findNearestMatch
WARNING: Unable to find an exact match for CDP version 110, so returning the closest version found: a no-op implementation
Feb 16, 2023 8:54:30 PM org.openqa.selenium.devtools.CdpVersionFinder findNearestMatch
INFO: Unable to find CDP implementation matching 110.
Feb 16, 2023 8:54:30 PM org.openqa.selenium.chromium.ChromiumDriver lambda$new$3
WARNING: Unable to find version of CDP to use for . You may need to include a dependency on a specific version of the CDP using something similar to `org.seleniumhq.selenium:selenium-devtools-v86:4.1.2` where the version ("v86") matches the version of the chromium-based browser you're using and the version number of the artifact is the same as Selenium's.
]]></system-err>
  </testcase>
  <testcase name="When User click avatar navigation" classname="| !@#$#%^%$^%^ |" time="0"/>
  <testcase name="When User click avatar navigation" classname="| !@#$#%^%$^%^ |" time="0"/>
  <testcase name="And User click menu Masuk" classname="| !@#$#%^%$^%^ |" time="0"/>
  <testcase name="And User click menu Masuk" classname="| !@#$#%^%$^%^ |" time="0"/>
  <testcase name="And User input &quot;herdiladania11@gmail.com&quot; as email and input &quot;fe123&quot; as password" classname="| !@#$#%^%$^%^ |" time="0"/>
  <testcase name="And User clicked masuk button" classname="| !@#$#%^%$^%^ |" time="0"/>
  <testcase name="And User clicked masuk button" classname="| !@#$#%^%$^%^ |" time="0"/>
  <testcase name="When User move to Profile Page" classname="| !@#$#%^%$^%^ |" time="0"/>
  <testcase name="When User move to Profile Page" classname="| !@#$#%^%$^%^ |" time="0.001">
    <error message="no such element: Unable to locate element: {&quot;method&quot;:&quot;xpath&quot;,&quot;selector&quot;:&quot;//h2[@class=&apos;swal2-title&apos;]&quot;}&#10;  (Session info: chrome=110.0.5481.100)&#10;For documentation on this error, please visit: https://selenium.dev/exceptions/#no_such_element&#10;Build info: version: &apos;4.1.2&apos;, revision: &apos;9a5a329c5a&apos;&#10;System info: host: &apos;nsystem-mbp&apos;, ip: &apos;fe80:0:0:0:ce7:beec:a50b:8367%en0&apos;, os.name: &apos;Mac OS X&apos;, os.arch: &apos;x86_64&apos;, os.version: &apos;10.16&apos;, java.version: &apos;1.8.0_201&apos;&#10;Driver info: org.openqa.selenium.chrome.ChromeDriver&#10;Command: [19e7dd2d9738ddd840099ebd6d43d580, findElement {using=xpath, value=//h2[@class=&apos;swal2-title&apos;]}]&#10;Capabilities {acceptInsecureCerts: false, browserName: chrome, browserVersion: 110.0.5481.100, chrome: {chromedriverVersion: 110.0.5481.77 (65ed616c6e8e..., userDataDir: /var/folders/00/xzw63_pj58g...}, goog:chromeOptions: {debuggerAddress: localhost:51884}, javascriptEnabled: true, networkConnectionEnabled: false, pageLoadStrategy: normal, platform: MAC, platformName: MAC, proxy: Proxy(), se:cdp: ws://localhost:51884/devtoo..., se:cdpVersion: 110.0.5481.100, setWindowRect: true, strictFileInteractability: false, timeouts: {implicit: 0, pageLoad: 300000, script: 30000}, unhandledPromptBehavior: dismiss and notify, webauthn:extension:credBlob: true, webauthn:extension:largeBlob: true, webauthn:virtualAuthenticators: true}&#10;Session ID: 19e7dd2d9738ddd840099ebd6d43d580" type="org.openqa.selenium.NoSuchElementException"><![CDATA[org.openqa.selenium.NoSuchElementException: 
no such element: Unable to locate element: {"method":"xpath","selector":"//h2[@class='swal2-title']"}
  (Session info: chrome=110.0.5481.100)
For documentation on this error, please visit: https://selenium.dev/exceptions/#no_such_element
Build info: version: '4.1.2', revision: '9a5a329c5a'
System info: host: 'nsystem-mbp', ip: 'fe80:0:0:0:ce7:beec:a50b:8367%en0', os.name: 'Mac OS X', os.arch: 'x86_64', os.version: '10.16', java.version: '1.8.0_201'
Driver info: org.openqa.selenium.chrome.ChromeDriver
Command: [19e7dd2d9738ddd840099ebd6d43d580, findElement {using=xpath, value=//h2[@class='swal2-title']}]
Capabilities {acceptInsecureCerts: false, browserName: chrome, browserVersion: 110.0.5481.100, chrome: {chromedriverVersion: 110.0.5481.77 (65ed616c6e8e..., userDataDir: /var/folders/00/xzw63_pj58g...}, goog:chromeOptions: {debuggerAddress: localhost:51884}, javascriptEnabled: true, networkConnectionEnabled: false, pageLoadStrategy: normal, platform: MAC, platformName: MAC, proxy: Proxy(), se:cdp: ws://localhost:51884/devtoo..., se:cdpVersion: 110.0.5481.100, setWindowRect: true, strictFileInteractability: false, timeouts: {implicit: 0, pageLoad: 300000, script: 30000}, unhandledPromptBehavior: dismiss and notify, webauthn:extension:credBlob: true, webauthn:extension:largeBlob: true, webauthn:virtualAuthenticators: true}
Session ID: 19e7dd2d9738ddd840099ebd6d43d580
]]></error>
  </testcase>
  <testcase name="And User click edit profile" classname="| !@#$#%^%$^%^ |" time="0.001">
    <error message="element click intercepted: Element &lt;label id=&quot;modal-profil-murid&quot; for=&quot;my-modal-5&quot; class=&quot;flex gap-1 absolute lg:top-10 top-10 lg:right-40 right-0&quot;&gt;...&lt;/label&gt; is not clickable at point (949, 280). Other element would receive the click: &lt;h2 class=&quot;swal2-title&quot; id=&quot;swal2-title&quot; style=&quot;display: block;&quot;&gt;...&lt;/h2&gt;&#10;  (Session info: chrome=110.0.5481.100)&#10;Build info: version: &apos;4.1.2&apos;, revision: &apos;9a5a329c5a&apos;&#10;System info: host: &apos;nsystem-mbp&apos;, ip: &apos;fe80:0:0:0:ce7:beec:a50b:8367%en0&apos;, os.name: &apos;Mac OS X&apos;, os.arch: &apos;x86_64&apos;, os.version: &apos;10.16&apos;, java.version: &apos;1.8.0_201&apos;&#10;Driver info: org.openqa.selenium.chrome.ChromeDriver&#10;Command: [e8bfcbf57b6de0054cde21b3c3bd1132, clickElement {id=480ba3d5-95d8-4300-a406-5048f76a1fa3}]&#10;Capabilities {acceptInsecureCerts: false, browserName: chrome, browserVersion: 110.0.5481.100, chrome: {chromedriverVersion: 110.0.5481.77 (65ed616c6e8e..., userDataDir: /var/folders/00/xzw63_pj58g...}, goog:chromeOptions: {debuggerAddress: localhost:50109}, javascriptEnabled: true, networkConnectionEnabled: false, pageLoadStrategy: normal, platform: MAC, platformName: MAC, proxy: Proxy(), se:cdp: ws://localhost:50109/devtoo..., se:cdpVersion: 110.0.5481.100, setWindowRect: true, strictFileInteractability: false, timeouts: {implicit: 0, pageLoad: 300000, script: 30000}, unhandledPromptBehavior: dismiss and notify, webauthn:extension:credBlob: true, webauthn:extension:largeBlob: true, webauthn:virtualAuthenticators: true}&#10;Element: [[ChromeDriver: chrome on MAC (e8bfcbf57b6de0054cde21b3c3bd1132)] -&gt; id: modal-profil-murid]&#10;Session ID: e8bfcbf57b6de0054cde21b3c3bd1132" type="org.openqa.selenium.ElementClickInterceptedException"><![CDATA[org.openqa.selenium.ElementClickInterceptedException: 
element click intercepted: Element <label id="modal-profil-murid" for="my-modal-5" class="flex gap-1 absolute lg:top-10 top-10 lg:right-40 right-0">...</label> is not clickable at point (949, 280). Other element would receive the click: <h2 class="swal2-title" id="swal2-title" style="display: block;">...</h2>
  (Session info: chrome=110.0.5481.100)
Build info: version: '4.1.2', revision: '9a5a329c5a'
System info: host: 'nsystem-mbp', ip: 'fe80:0:0:0:ce7:beec:a50b:8367%en0', os.name: 'Mac OS X', os.arch: 'x86_64', os.version: '10.16', java.version: '1.8.0_201'
Driver info: org.openqa.selenium.chrome.ChromeDriver
Command: [e8bfcbf57b6de0054cde21b3c3bd1132, clickElement {id=480ba3d5-95d8-4300-a406-5048f76a1fa3}]
Capabilities {acceptInsecureCerts: false, browserName: chrome, browserVersion: 110.0.5481.100, chrome: {chromedriverVersion: 110.0.5481.77 (65ed616c6e8e..., userDataDir: /var/folders/00/xzw63_pj58g...}, goog:chromeOptions: {debuggerAddress: localhost:50109}, javascriptEnabled: true, networkConnectionEnabled: false, pageLoadStrategy: normal, platform: MAC, platformName: MAC, proxy: Proxy(), se:cdp: ws://localhost:50109/devtoo..., se:cdpVersion: 110.0.5481.100, setWindowRect: true, strictFileInteractability: false, timeouts: {implicit: 0, pageLoad: 300000, script: 30000}, unhandledPromptBehavior: dismiss and notify, webauthn:extension:credBlob: true, webauthn:extension:largeBlob: true, webauthn:virtualAuthenticators: true}
Element: [[ChromeDriver: chrome on MAC (e8bfcbf57b6de0054cde21b3c3bd1132)] -> id: modal-profil-murid]
Session ID: e8bfcbf57b6de0054cde21b3c3bd1132
]]></error>
  </testcase>
  <testcase name="" classname="| !@#$#%^%$^%^ |" time="0.002">
    <error message="element click intercepted: Element &lt;label id=&quot;modal-profil-murid&quot; for=&quot;my-modal-5&quot; class=&quot;flex gap-1 absolute lg:top-10 top-10 lg:right-40 right-0&quot;&gt;...&lt;/label&gt; is not clickable at point (949, 280). Other element would receive the click: &lt;h2 class=&quot;swal2-title&quot; id=&quot;swal2-title&quot; style=&quot;display: block;&quot;&gt;...&lt;/h2&gt;&#10;  (Session info: chrome=110.0.5481.100)&#10;Build info: version: &apos;4.1.2&apos;, revision: &apos;9a5a329c5a&apos;&#10;System info: host: &apos;nsystem-mbp&apos;, ip: &apos;fe80:0:0:0:ce7:beec:a50b:8367%en0&apos;, os.name: &apos;Mac OS X&apos;, os.arch: &apos;x86_64&apos;, os.version: &apos;10.16&apos;, java.version: &apos;1.8.0_201&apos;&#10;Driver info: org.openqa.selenium.chrome.ChromeDriver&#10;Command: [e8bfcbf57b6de0054cde21b3c3bd1132, clickElement {id=480ba3d5-95d8-4300-a406-5048f76a1fa3}]&#10;Capabilities {acceptInsecureCerts: false, browserName: chrome, browserVersion: 110.0.5481.100, chrome: {chromedriverVersion: 110.0.5481.77 (65ed616c6e8e..., userDataDir: /var/folders/00/xzw63_pj58g...}, goog:chromeOptions: {debuggerAddress: localhost:50109}, javascriptEnabled: true, networkConnectionEnabled: false, pageLoadStrategy: normal, platform: MAC, platformName: MAC, proxy: Proxy(), se:cdp: ws://localhost:50109/devtoo..., se:cdpVersion: 110.0.5481.100, setWindowRect: true, strictFileInteractability: false, timeouts: {implicit: 0, pageLoad: 300000, script: 30000}, unhandledPromptBehavior: dismiss and notify, webauthn:extension:credBlob: true, webauthn:extension:largeBlob: true, webauthn:virtualAuthenticators: true}&#10;Element: [[ChromeDriver: chrome on MAC (e8bfcbf57b6de0054cde21b3c3bd1132)] -&gt; id: modal-profil-murid]&#10;Session ID: e8bfcbf57b6de0054cde21b3c3bd1132" type="org.openqa.selenium.ElementClickInterceptedException"><![CDATA[org.openqa.selenium.ElementClickInterceptedException: 
element click intercepted: Element <label id="modal-profil-murid" for="my-modal-5" class="flex gap-1 absolute lg:top-10 top-10 lg:right-40 right-0">...</label> is not clickable at point (949, 280). Other element would receive the click: <h2 class="swal2-title" id="swal2-title" style="display: block;">...</h2>
  (Session info: chrome=110.0.5481.100)
Build info: version: '4.1.2', revision: '9a5a329c5a'
System info: host: 'nsystem-mbp', ip: 'fe80:0:0:0:ce7:beec:a50b:8367%en0', os.name: 'Mac OS X', os.arch: 'x86_64', os.version: '10.16', java.version: '1.8.0_201'
Driver info: org.openqa.selenium.chrome.ChromeDriver
Command: [e8bfcbf57b6de0054cde21b3c3bd1132, clickElement {id=480ba3d5-95d8-4300-a406-5048f76a1fa3}]
Capabilities {acceptInsecureCerts: false, browserName: chrome, browserVersion: 110.0.5481.100, chrome: {chromedriverVersion: 110.0.5481.77 (65ed616c6e8e..., userDataDir: /var/folders/00/xzw63_pj58g...}, goog:chromeOptions: {debuggerAddress: localhost:50109}, javascriptEnabled: true, networkConnectionEnabled: false, pageLoadStrategy: normal, platform: MAC, platformName: MAC, proxy: Proxy(), se:cdp: ws://localhost:50109/devtoo..., se:cdpVersion: 110.0.5481.100, setWindowRect: true, strictFileInteractability: false, timeouts: {implicit: 0, pageLoad: 300000, script: 30000}, unhandledPromptBehavior: dismiss and notify, webauthn:extension:credBlob: true, webauthn:extension:largeBlob: true, webauthn:virtualAuthenticators: true}
Element: [[ChromeDriver: chrome on MAC (e8bfcbf57b6de0054cde21b3c3bd1132)] -> id: modal-profil-murid]
Session ID: e8bfcbf57b6de0054cde21b3c3bd1132
]]></error>
  </testcase>
  <testcase name="" classname="| !@#$#%^%$^%^ |" time="0.001">
    <error message="no such element: Unable to locate element: {&quot;method&quot;:&quot;xpath&quot;,&quot;selector&quot;:&quot;//h2[@class=&apos;swal2-title&apos;]&quot;}&#10;  (Session info: chrome=110.0.5481.100)&#10;For documentation on this error, please visit: https://selenium.dev/exceptions/#no_such_element&#10;Build info: version: &apos;4.1.2&apos;, revision: &apos;9a5a329c5a&apos;&#10;System info: host: &apos;nsystem-mbp&apos;, ip: &apos;fe80:0:0:0:ce7:beec:a50b:8367%en0&apos;, os.name: &apos;Mac OS X&apos;, os.arch: &apos;x86_64&apos;, os.version: &apos;10.16&apos;, java.version: &apos;1.8.0_201&apos;&#10;Driver info: org.openqa.selenium.chrome.ChromeDriver&#10;Command: [19e7dd2d9738ddd840099ebd6d43d580, findElement {using=xpath, value=//h2[@class=&apos;swal2-title&apos;]}]&#10;Capabilities {acceptInsecureCerts: false, browserName: chrome, browserVersion: 110.0.5481.100, chrome: {chromedriverVersion: 110.0.5481.77 (65ed616c6e8e..., userDataDir: /var/folders/00/xzw63_pj58g...}, goog:chromeOptions: {debuggerAddress: localhost:51884}, javascriptEnabled: true, networkConnectionEnabled: false, pageLoadStrategy: normal, platform: MAC, platformName: MAC, proxy: Proxy(), se:cdp: ws://localhost:51884/devtoo..., se:cdpVersion: 110.0.5481.100, setWindowRect: true, strictFileInteractability: false, timeouts: {implicit: 0, pageLoad: 300000, script: 30000}, unhandledPromptBehavior: dismiss and notify, webauthn:extension:credBlob: true, webauthn:extension:largeBlob: true, webauthn:virtualAuthenticators: true}&#10;Session ID: 19e7dd2d9738ddd840099ebd6d43d580" type="org.openqa.selenium.NoSuchElementException"><![CDATA[org.openqa.selenium.NoSuchElementException: 
no such element: Unable to locate element: {"method":"xpath","selector":"//h2[@class='swal2-title']"}
  (Session info: chrome=110.0.5481.100)
For documentation on this error, please visit: https://selenium.dev/exceptions/#no_such_element
Build info: version: '4.1.2', revision: '9a5a329c5a'
System info: host: 'nsystem-mbp', ip: 'fe80:0:0:0:ce7:beec:a50b:8367%en0', os.name: 'Mac OS X', os.arch: 'x86_64', os.version: '10.16', java.version: '1.8.0_201'
Driver info: org.openqa.selenium.chrome.ChromeDriver
Command: [19e7dd2d9738ddd840099ebd6d43d580, findElement {using=xpath, value=//h2[@class='swal2-title']}]
Capabilities {acceptInsecureCerts: false, browserName: chrome, browserVersion: 110.0.5481.100, chrome: {chromedriverVersion: 110.0.5481.77 (65ed616c6e8e..., userDataDir: /var/folders/00/xzw63_pj58g...}, goog:chromeOptions: {debuggerAddress: localhost:51884}, javascriptEnabled: true, networkConnectionEnabled: false, pageLoadStrategy: normal, platform: MAC, platformName: MAC, proxy: Proxy(), se:cdp: ws://localhost:51884/devtoo..., se:cdpVersion: 110.0.5481.100, setWindowRect: true, strictFileInteractability: false, timeouts: {implicit: 0, pageLoad: 300000, script: 30000}, unhandledPromptBehavior: dismiss and notify, webauthn:extension:credBlob: true, webauthn:extension:largeBlob: true, webauthn:virtualAuthenticators: true}
Session ID: 19e7dd2d9738ddd840099ebd6d43d580
]]></error>
  </testcase>
  <testcase name="Given Student already on Edit Profile page" classname="| !@#$#%^%$^%^ |" time="0">
    <skipped/>
    <system-out><![CDATA[
  Background:                                                                        &amp#27;[90m# features/UpdateStudent.feature:4&amp#27;[0m
    &amp#27;[32mGiven &amp#27;[0m&amp#27;[32mUser open the website GuruMu&amp#27;[0m                                               &amp#27;[90m# LoginSteps.userOpenTheWebsiteGuruMu()&amp#27;[0m
    &amp#27;[32mWhen &amp#27;[0m&amp#27;[32mUser click avatar navigation&amp#27;[0m                                                &amp#27;[90m# LoginSteps.userClickAvatarNavigation()&amp#27;[0m
    &amp#27;[32mAnd &amp#27;[0m&amp#27;[32mUser click menu Masuk&amp#27;[0m                                                        &amp#27;[90m# LoginSteps.userClickMenuMasuk()&amp#27;[0m
    &amp#27;[32mAnd &amp#27;[0m&amp#27;[32mUser input "&amp#27;[0m&amp#27;[32m&amp#27;[1mherdiladania11@gmail.com&amp#27;[0m&amp#27;[32m" as email and input "&amp#27;[0m&amp#27;[32m&amp#27;[1mfe123&amp#27;[0m&amp#27;[32m" as password&amp#27;[0m &amp#27;[90m# LoginSteps.inputCredential(String,String)&amp#27;[0m
    &amp#27;[32mAnd &amp#27;[0m&amp#27;[32mUser clicked masuk button&amp#27;[0m                                                    &amp#27;[90m# LoginSteps.userClickMasukButton()&amp#27;[0m
    &amp#27;[32mWhen &amp#27;[0m&amp#27;[32mUser move to Profile Page&amp#27;[0m                                                   &amp#27;[90m# PenilaianUlasanSteps.userMoveToProfilePage()&amp#27;[0m
    &amp#27;[31mAnd &amp#27;[0m&amp#27;[31mUser click edit profile&amp#27;[0m                                                      &amp#27;[90m# UpdateStudentSteps.userClickEditProfile()&amp#27;[0m
      &amp#27;[31morg.openqa.selenium.ElementClickInterceptedException: element click intercepted: Element <label id="modal-profil-murid" for="my-modal-5" class="flex gap-1 absolute lg:top-10 top-10 lg:right-40 right-0">...</label> is not clickable at point (949, 280). Other element would receive the click: <h2 class="swal2-title" id="swal2-title" style="display: block;">...</h2>
        (Session info: chrome=110.0.5481.100)
      Build info: version: '4.1.2', revision: '9a5a329c5a'
      System info: host: 'nsystem-mbp', ip: 'fe80:0:0:0:ce7:beec:a50b:8367%en0', os.name: 'Mac OS X', os.arch: 'x86_64', os.version: '10.16', java.version: '1.8.0_201'
      Driver info: org.openqa.selenium.chrome.ChromeDriver
      Command: [e8bfcbf57b6de0054cde21b3c3bd1132, clickElement {id=480ba3d5-95d8-4300-a406-5048f76a1fa3}]
      Capabilities {acceptInsecureCerts: false, browserName: chrome, browserVersion: 110.0.5481.100, chrome: {chromedriverVersion: 110.0.5481.77 (65ed616c6e8e..., userDataDir: /var/folders/00/xzw63_pj58g...}, goog:chromeOptions: {debuggerAddress: localhost:50109}, javascriptEnabled: true, networkConnectionEnabled: false, pageLoadStrategy: normal, platform: MAC, platformName: MAC, proxy: Proxy(), se:cdp: ws://localhost:50109/devtoo..., se:cdpVersion: 110.0.5481.100, setWindowRect: true, strictFileInteractability: false, timeouts: {implicit: 0, pageLoad: 300000, script: 30000}, unhandledPromptBehavior: dismiss and notify, webauthn:extension:credBlob: true, webauthn:extension:largeBlob: true, webauthn:virtualAuthenticators: true}
      Element: [[ChromeDriver: chrome on MAC (e8bfcbf57b6de0054cde21b3c3bd1132)] -> id: modal-profil-murid]
      Session ID: e8bfcbf57b6de0054cde21b3c3bd1132
      	at sun.reflect.NativeConstructorAccessorImpl.newInstance0(Native Method)
      	at sun.reflect.NativeConstructorAccessorImpl.newInstance(NativeConstructorAccessorImpl.java:62)
      	at sun.reflect.DelegatingConstructorAccessorImpl.newInstance(DelegatingConstructorAccessorImpl.java:45)
      	at java.lang.reflect.Constructor.newInstance(Constructor.java:423)
      	at org.openqa.selenium.remote.codec.w3c.W3CHttpResponseCodec.createException(W3CHttpResponseCodec.java:200)
      	at org.openqa.selenium.remote.codec.w3c.W3CHttpResponseCodec.decode(W3CHttpResponseCodec.java:133)
      	at org.openqa.selenium.remote.codec.w3c.W3CHttpResponseCodec.decode(W3CHttpResponseCodec.java:53)
      	at org.openqa.selenium.remote.HttpCommandExecutor.execute(HttpCommandExecutor.java:184)
      	at org.openqa.selenium.remote.service.DriverCommandExecutor.invokeExecute(DriverCommandExecutor.java:167)
      	at org.openqa.selenium.remote.service.DriverCommandExecutor.execute(DriverCommandExecutor.java:142)
      	at org.openqa.selenium.remote.RemoteWebDriver.execute(RemoteWebDriver.java:558)
      	at org.openqa.selenium.remote.RemoteWebElement.execute(RemoteWebElement.java:251)
      	at org.openqa.selenium.remote.RemoteWebElement.click(RemoteWebElement.java:77)
      	at sun.reflect.GeneratedMethodAccessor10.invoke(Unknown Source)
      	at sun.reflect.DelegatingMethodAccessorImpl.invoke(DelegatingMethodAccessorImpl.java:43)
      	at java.lang.reflect.Method.invoke(Method.java:498)
      	at org.openqa.selenium.support.pagefactory.internal.LocatingElementHandler.invoke(LocatingElementHandler.java:52)
      	at com.sun.proxy.$Proxy21.click(Unknown Source)
      	at org.example.pageObject.UpdateStudentPage.openEditProfileModal(UpdateStudentPage.java:105)
      	at step_definitions.UpdateStudentSteps.userClickEditProfile(UpdateStudentSteps.java:355)
      	at ✽.And User click edit profile(features/UpdateStudent.feature:11)
      &amp#27;[0m
]]></system-out>
  </testcase>
  <testcase name="When Student click Handphone field" classname="| !@#$#%^%$^%^ |" time="0">
    <skipped/>
  </testcase>
  <testcase name="Then Student input with special character like &quot;!@#$#%^%$^%^&quot; in Handphone field" classname="| !@#$#%^%$^%^ |" time="0">
    <skipped/>
  </testcase>
  <testcase name="And User input &quot;zulfeekei@gmail.com&quot; as email and input &quot;be123&quot; as password" classname="| !@#$#%^%$^%^ |" time="0"/>
  <testcase name="And User move to edit profile" classname="| !@#$#%^%$^%^ |" time="0">
    <skipped/>
  </testcase>
  <testcase name="Given Teacher already on Edit Profile page" classname="| !@#$#%^%$^%^ |" time="0">
    <skipped/>
    <system-out><![CDATA[
  Background:                                                                   &amp#27;[90m# features/UpdateTeacher.feature:4&amp#27;[0m
    &amp#27;[32mGiven &amp#27;[0m&amp#27;[32mUser open the website GuruMu&amp#27;[0m                                          &amp#27;[90m# LoginSteps.userOpenTheWebsiteGuruMu()&amp#27;[0m
    &amp#27;[32mWhen &amp#27;[0m&amp#27;[32mUser click avatar navigation&amp#27;[0m                                           &amp#27;[90m# LoginSteps.userClickAvatarNavigation()&amp#27;[0m
    &amp#27;[32mAnd &amp#27;[0m&amp#27;[32mUser click menu Masuk&amp#27;[0m                                                   &amp#27;[90m# LoginSteps.userClickMenuMasuk()&amp#27;[0m
    &amp#27;[32mAnd &amp#27;[0m&amp#27;[32mUser input "&amp#27;[0m&amp#27;[32m&amp#27;[1mzulfeekei@gmail.com&amp#27;[0m&amp#27;[32m" as email and input "&amp#27;[0m&amp#27;[32m&amp#27;[1mbe123&amp#27;[0m&amp#27;[32m" as password&amp#27;[0m &amp#27;[90m# LoginSteps.inputCredential(String,String)&amp#27;[0m
    &amp#27;[32mAnd &amp#27;[0m&amp#27;[32mUser clicked masuk button&amp#27;[0m                                               &amp#27;[90m# LoginSteps.userClickMasukButton()&amp#27;[0m
    &amp#27;[31mWhen &amp#27;[0m&amp#27;[31mUser move to Profile Page&amp#27;[0m                                              &amp#27;[90m# PenilaianUlasanSteps.userMoveToProfilePage()&amp#27;[0m
      &amp#27;[31morg.openqa.selenium.NoSuchElementException: no such element: Unable to locate element: {"method":"xpath","selector":"//h2[@class='swal2-title']"}
        (Session info: chrome=110.0.5481.100)
      For documentation on this error, please visit: https://selenium.dev/exceptions/#no_such_element
      Build info: version: '4.1.2', revision: '9a5a329c5a'
      System info: host: 'nsystem-mbp', ip: 'fe80:0:0:0:ce7:beec:a50b:8367%en0', os.name: 'Mac OS X', os.arch: 'x86_64', os.version: '10.16', java.version: '1.8.0_201'
      Driver info: org.openqa.selenium.chrome.ChromeDriver
      Command: [19e7dd2d9738ddd840099ebd6d43d580, findElement {using=xpath, value=//h2[@class='swal2-title']}]
      Capabilities {acceptInsecureCerts: false, browserName: chrome, browserVersion: 110.0.5481.100, chrome: {chromedriverVersion: 110.0.5481.77 (65ed616c6e8e..., userDataDir: /var/folders/00/xzw63_pj58g...}, goog:chromeOptions: {debuggerAddress: localhost:51884}, javascriptEnabled: true, networkConnectionEnabled: false, pageLoadStrategy: normal, platform: MAC, platformName: MAC, proxy: Proxy(), se:cdp: ws://localhost:51884/devtoo..., se:cdpVersion: 110.0.5481.100, setWindowRect: true, strictFileInteractability: false, timeouts: {implicit: 0, pageLoad: 300000, script: 30000}, unhandledPromptBehavior: dismiss and notify, webauthn:extension:credBlob: true, webauthn:extension:largeBlob: true, webauthn:virtualAuthenticators: true}
      Session ID: 19e7dd2d9738ddd840099ebd6d43d580
      	at sun.reflect.GeneratedConstructorAccessor38.newInstance(Unknown Source)
      	at sun.reflect.DelegatingConstructorAccessorImpl.newInstance(DelegatingConstructorAccessorImpl.java:45)
      	at java.lang.reflect.Constructor.newInstance(Constructor.java:423)
      	at org.openqa.selenium.remote.codec.w3c.W3CHttpResponseCodec.createException(W3CHttpResponseCodec.java:200)
      	at org.openqa.selenium.remote.codec.w3c.W3CHttpResponseCodec.decode(W3CHttpResponseCodec.java:133)
      	at org.openqa.selenium.remote.codec.w3c.W3CHttpResponseCodec.decode(W3CHttpResponseCodec.java:53)
      	at org.openqa.selenium.remote.HttpCommandExecutor.execute(HttpCommandExecutor.java:184)
      	at org.openqa.selenium.remote.service.DriverCommandExecutor.invokeExecute(DriverCommandExecutor.java:167)
      	at org.openqa.selenium.remote.service.DriverCommandExecutor.execute(DriverCommandExecutor.java:142)
      	at org.openqa.selenium.remote.RemoteWebDriver.execute(RemoteWebDriver.java:558)
      	at org.openqa.selenium.remote.ElementLocation$ElementFinder$2.findElement(ElementLocation.java:162)
      	at org.openqa.selenium.remote.ElementLocation.findElement(ElementLocation.java:60)
      	at org.openqa.selenium.remote.RemoteWebDriver.findElement(RemoteWebDriver.java:382)
      	at org.openqa.selenium.remote.RemoteWebDriver.findElement(RemoteWebDriver.java:374)
      	at org.openqa.selenium.support.pagefactory.DefaultElementLocator.findElement(DefaultElementLocator.java:70)
      	at org.openqa.selenium.support.pagefactory.internal.LocatingElementHandler.invoke(LocatingElementHandler.java:39)
      	at com.sun.proxy.$Proxy21.isDisplayed(Unknown Source)
      	at org.example.pageObject.BerandaPage.successMessageIsDisplayed(BerandaPage.java:169)
      	at step_definitions.PenilaianUlasanSteps.userMoveToProfilePage(PenilaianUlasanSteps.java:163)
      	at ✽.When User move to Profile Page(features/UpdateTeacher.feature:10)
      &amp#27;[0m
    &amp#27;[36mAnd &amp#27;[0m&amp#27;[36mUser move to edit profile&amp#27;[0m                                               &amp#27;[90m# UpdateTeacherSteps.userMoveToEditProfile()&amp#27;[0m
]]></system-out>
  </testcase>
  <testcase name="When Teacher click &apos;Handphone&apos; field" classname="| !@#$#%^%$^%^ |" time="0">
    <skipped/>
  </testcase>
  <testcase name="Then Teacher input with special character like &quot;!@#$#%^%$^%^&quot; in &apos;Handphone&apos; field" classname="| !@#$#%^%$^%^ |" time="0">
    <skipped/>
  </testcase>
  <testcase name="Given User open the website GuruMu" classname="| 089943$*%^*$ |" time="0.001">
    <system-out><![CDATA[
  @TestUpdateStudent @Test
  Scenario Outline: Input Field with Special Character in Handphone field            &amp#27;[90m# features/UpdateStudent.feature:101&amp#27;[0m
    &amp#27;[36mGiven &amp#27;[0m&amp#27;[36mStudent already on Edit Profile page&amp#27;[0m                                       &amp#27;[90m# UpdateStudentSteps.studentAlreadyonEditProfilePage()&amp#27;[0m
    &amp#27;[36mWhen &amp#27;[0m&amp#27;[36mStudent click Handphone field&amp#27;[0m                                               &amp#27;[90m# UpdateStudentSteps.studentClickHandphoneField()&amp#27;[0m
    &amp#27;[36mThen &amp#27;[0m&amp#27;[36mStudent input with special character like "&amp#27;[0m&amp#27;[36m&amp#27;[1m!@#$#%^%$^%^&amp#27;[0m&amp#27;[36m" in Handphone field&amp#27;[0m &amp#27;[90m# UpdateStudentSteps.studentInputWithSpecialCharacterLikeInHandphoneField(String)&amp#27;[0m

  Scenario Outline: Input Field with Number and Special Character in Handphone field &amp#27;[90m# features/UpdateStudent.feature:103&amp#27;[0m
    &amp#27;[36mGiven &amp#27;[0m&amp#27;[36mStudent already on Edit Profile page&amp#27;[0m
    &amp#27;[36mWhen &amp#27;[0m&amp#27;[36mStudent click Handphone field&amp#27;[0m
    &amp#27;[36mThen &amp#27;[0m&amp#27;[36mStudent input with special character like "<number>" in Handphone field&amp#27;[0m

    Examples: 
]]></system-out>
    <system-err><![CDATA[Starting ChromeDriver 110.0.5481.77 (65ed616c6e8ee3fe0ad64fe83796c020644d42af-refs/branch-heads/5481@{#839}) on port 60328
Only local connections are allowed.
Please see https://chromedriver.chromium.org/security-considerations for suggestions on keeping ChromeDriver safe.
ChromeDriver was started successfully.
[1676553436.095][WARNING]: virtual void DevToolsClientImpl::AddListener(DevToolsEventListener *) subscribing a listener to the already connected DevToolsClient. Connection notification will not arrive.
Feb 16, 2023 8:17:16 PM org.openqa.selenium.remote.ProtocolHandshake createSession
INFO: Detected dialect: W3C
Feb 16, 2023 8:17:16 PM org.openqa.selenium.devtools.CdpVersionFinder findNearestMatch
WARNING: Unable to find an exact match for CDP version 110, so returning the closest version found: a no-op implementation
Feb 16, 2023 8:17:16 PM org.openqa.selenium.devtools.CdpVersionFinder findNearestMatch
INFO: Unable to find CDP implementation matching 110.
Feb 16, 2023 8:17:16 PM org.openqa.selenium.chromium.ChromiumDriver lambda$new$3
WARNING: Unable to find version of CDP to use for . You may need to include a dependency on a specific version of the CDP using something similar to `org.seleniumhq.selenium:selenium-devtools-v86:4.1.2` where the version ("v86") matches the version of the chromium-based browser you're using and the version number of the artifact is the same as Selenium's.
]]></system-err>
  </testcase>
  <testcase name="Given User open the website GuruMu" classname="| 089943$*%^*$ |" time="0">
    <system-out><![CDATA[
  @TestUpdateTeacher @Test
  Scenario Outline: Input Field with Special Character in 'Handphone' field            &amp#27;[90m# features/UpdateTeacher.feature:340&amp#27;[0m
    &amp#27;[36mGiven &amp#27;[0m&amp#27;[36mTeacher already on Edit Profile page&amp#27;[0m                                         &amp#27;[90m# UpdateTeacherSteps.teacherAlreadyOnEditProfilePage()&amp#27;[0m
    &amp#27;[36mWhen &amp#27;[0m&amp#27;[36mTeacher click 'Handphone' field&amp#27;[0m                                               &amp#27;[90m# UpdateTeacherSteps.teacherClickHandphoneField()&amp#27;[0m
    &amp#27;[36mThen &amp#27;[0m&amp#27;[36mTeacher input with special character like "&amp#27;[0m&amp#27;[36m&amp#27;[1m!@#$#%^%$^%^&amp#27;[0m&amp#27;[36m" in 'Handphone' field&amp#27;[0m &amp#27;[90m# UpdateTeacherSteps.teacherInputWithSpecialCharacterLikeInHandphoneField(String)&amp#27;[0m

  Scenario Outline: Input Field with Number and Special Character in 'Handphone' field &amp#27;[90m# features/UpdateTeacher.feature:342&amp#27;[0m
    &amp#27;[36mGiven &amp#27;[0m&amp#27;[36mTeacher already on Edit Profile page&amp#27;[0m
    &amp#27;[36mWhen &amp#27;[0m&amp#27;[36mTeacher click 'Handphone' field&amp#27;[0m
    &amp#27;[36mThen &amp#27;[0m&amp#27;[36mTeacher input with special character like "<number>" in 'Handphone' field&amp#27;[0m

    Examples: 
]]></system-out>
    <system-err><![CDATA[Starting ChromeDriver 110.0.5481.77 (65ed616c6e8ee3fe0ad64fe83796c020644d42af-refs/branch-heads/5481@{#839}) on port 54910
Only local connections are allowed.
Please see https://chromedriver.chromium.org/security-considerations for suggestions on keeping ChromeDriver safe.
ChromeDriver was started successfully.
[1676555694.530][WARNING]: virtual void DevToolsClientImpl::AddListener(DevToolsEventListener *) subscribing a listener to the already connected DevToolsClient. Connection notification will not arrive.
Feb 16, 2023 8:54:54 PM org.openqa.selenium.remote.ProtocolHandshake createSession
INFO: Detected dialect: W3C
Feb 16, 2023 8:54:54 PM org.openqa.selenium.devtools.CdpVersionFinder findNearestMatch
WARNING: Unable to find an exact match for CDP version 110, so returning the closest version found: a no-op implementation
Feb 16, 2023 8:54:54 PM org.openqa.selenium.devtools.CdpVersionFinder findNearestMatch
INFO: Unable to find CDP implementation matching 110.
Feb 16, 2023 8:54:54 PM org.openqa.selenium.chromium.ChromiumDriver lambda$new$3
WARNING: Unable to find version of CDP to use for . You may need to include a dependency on a specific version of the CDP using something similar to `org.seleniumhq.selenium:selenium-devtools-v86:4.1.2` where the version ("v86") matches the version of the chromium-based browser you're using and the version number of the artifact is the same as Selenium's.
]]></system-err>
  </testcase>
  <testcase name="When User click avatar navigation" classname="| 089943$*%^*$ |" time="0"/>
  <testcase name="When User click avatar navigation" classname="| 089943$*%^*$ |" time="0"/>
  <testcase name="And User click menu Masuk" classname="| 089943$*%^*$ |" time="0"/>
  <testcase name="And User click menu Masuk" classname="| 089943$*%^*$ |" time="0"/>
  <testcase name="And User input &quot;herdiladania11@gmail.com&quot; as email and input &quot;fe123&quot; as password" classname="| 089943$*%^*$ |" time="0"/>
  <testcase name="And User clicked masuk button" classname="| 089943$*%^*$ |" time="0"/>
  <testcase name="And User clicked masuk button" classname="| 089943$*%^*$ |" time="0"/>
  <testcase name="When User move to Profile Page" classname="| 089943$*%^*$ |" time="0"/>
  <testcase name="When User move to Profile Page" classname="| 089943$*%^*$ |" time="0"/>
  <testcase name="And User click edit profile" classname="| 089943$*%^*$ |" time="0.007">
    <error message="element click intercepted: Element &lt;label id=&quot;modal-profil-murid&quot; for=&quot;my-modal-5&quot; class=&quot;flex gap-1 absolute lg:top-10 top-10 lg:right-40 right-0&quot;&gt;...&lt;/label&gt; is not clickable at point (949, 280). Other element would receive the click: &lt;h2 class=&quot;swal2-title&quot; id=&quot;swal2-title&quot; style=&quot;display: block;&quot;&gt;...&lt;/h2&gt;&#10;  (Session info: chrome=110.0.5481.100)&#10;Build info: version: &apos;4.1.2&apos;, revision: &apos;9a5a329c5a&apos;&#10;System info: host: &apos;nsystem-mbp&apos;, ip: &apos;fe80:0:0:0:ce7:beec:a50b:8367%en0&apos;, os.name: &apos;Mac OS X&apos;, os.arch: &apos;x86_64&apos;, os.version: &apos;10.16&apos;, java.version: &apos;1.8.0_201&apos;&#10;Driver info: org.openqa.selenium.chrome.ChromeDriver&#10;Command: [5546e62ae74e081406c82ac41376e6e7, clickElement {id=d773306e-be58-486f-8bee-4951b83473f5}]&#10;Capabilities {acceptInsecureCerts: false, browserName: chrome, browserVersion: 110.0.5481.100, chrome: {chromedriverVersion: 110.0.5481.77 (65ed616c6e8e..., userDataDir: /var/folders/00/xzw63_pj58g...}, goog:chromeOptions: {debuggerAddress: localhost:50134}, javascriptEnabled: true, networkConnectionEnabled: false, pageLoadStrategy: normal, platform: MAC, platformName: MAC, proxy: Proxy(), se:cdp: ws://localhost:50134/devtoo..., se:cdpVersion: 110.0.5481.100, setWindowRect: true, strictFileInteractability: false, timeouts: {implicit: 0, pageLoad: 300000, script: 30000}, unhandledPromptBehavior: dismiss and notify, webauthn:extension:credBlob: true, webauthn:extension:largeBlob: true, webauthn:virtualAuthenticators: true}&#10;Element: [[ChromeDriver: chrome on MAC (5546e62ae74e081406c82ac41376e6e7)] -&gt; id: modal-profil-murid]&#10;Session ID: 5546e62ae74e081406c82ac41376e6e7" type="org.openqa.selenium.ElementClickInterceptedException"><![CDATA[org.openqa.selenium.ElementClickInterceptedException: 
element click intercepted: Element <label id="modal-profil-murid" for="my-modal-5" class="flex gap-1 absolute lg:top-10 top-10 lg:right-40 right-0">...</label> is not clickable at point (949, 280). Other element would receive the click: <h2 class="swal2-title" id="swal2-title" style="display: block;">...</h2>
  (Session info: chrome=110.0.5481.100)
Build info: version: '4.1.2', revision: '9a5a329c5a'
System info: host: 'nsystem-mbp', ip: 'fe80:0:0:0:ce7:beec:a50b:8367%en0', os.name: 'Mac OS X', os.arch: 'x86_64', os.version: '10.16', java.version: '1.8.0_201'
Driver info: org.openqa.selenium.chrome.ChromeDriver
Command: [5546e62ae74e081406c82ac41376e6e7, clickElement {id=d773306e-be58-486f-8bee-4951b83473f5}]
Capabilities {acceptInsecureCerts: false, browserName: chrome, browserVersion: 110.0.5481.100, chrome: {chromedriverVersion: 110.0.5481.77 (65ed616c6e8e..., userDataDir: /var/folders/00/xzw63_pj58g...}, goog:chromeOptions: {debuggerAddress: localhost:50134}, javascriptEnabled: true, networkConnectionEnabled: false, pageLoadStrategy: normal, platform: MAC, platformName: MAC, proxy: Proxy(), se:cdp: ws://localhost:50134/devtoo..., se:cdpVersion: 110.0.5481.100, setWindowRect: true, strictFileInteractability: false, timeouts: {implicit: 0, pageLoad: 300000, script: 30000}, unhandledPromptBehavior: dismiss and notify, webauthn:extension:credBlob: true, webauthn:extension:largeBlob: true, webauthn:virtualAuthenticators: true}
Element: [[ChromeDriver: chrome on MAC (5546e62ae74e081406c82ac41376e6e7)] -> id: modal-profil-murid]
Session ID: 5546e62ae74e081406c82ac41376e6e7
]]></error>
  </testcase>
  <testcase name="" classname="| 089943$*%^*$ |" time="0.008">
    <error message="element click intercepted: Element &lt;label id=&quot;modal-profil-murid&quot; for=&quot;my-modal-5&quot; class=&quot;flex gap-1 absolute lg:top-10 top-10 lg:right-40 right-0&quot;&gt;...&lt;/label&gt; is not clickable at point (949, 280). Other element would receive the click: &lt;h2 class=&quot;swal2-title&quot; id=&quot;swal2-title&quot; style=&quot;display: block;&quot;&gt;...&lt;/h2&gt;&#10;  (Session info: chrome=110.0.5481.100)&#10;Build info: version: &apos;4.1.2&apos;, revision: &apos;9a5a329c5a&apos;&#10;System info: host: &apos;nsystem-mbp&apos;, ip: &apos;fe80:0:0:0:ce7:beec:a50b:8367%en0&apos;, os.name: &apos;Mac OS X&apos;, os.arch: &apos;x86_64&apos;, os.version: &apos;10.16&apos;, java.version: &apos;1.8.0_201&apos;&#10;Driver info: org.openqa.selenium.chrome.ChromeDriver&#10;Command: [5546e62ae74e081406c82ac41376e6e7, clickElement {id=d773306e-be58-486f-8bee-4951b83473f5}]&#10;Capabilities {acceptInsecureCerts: false, browserName: chrome, browserVersion: 110.0.5481.100, chrome: {chromedriverVersion: 110.0.5481.77 (65ed616c6e8e..., userDataDir: /var/folders/00/xzw63_pj58g...}, goog:chromeOptions: {debuggerAddress: localhost:50134}, javascriptEnabled: true, networkConnectionEnabled: false, pageLoadStrategy: normal, platform: MAC, platformName: MAC, proxy: Proxy(), se:cdp: ws://localhost:50134/devtoo..., se:cdpVersion: 110.0.5481.100, setWindowRect: true, strictFileInteractability: false, timeouts: {implicit: 0, pageLoad: 300000, script: 30000}, unhandledPromptBehavior: dismiss and notify, webauthn:extension:credBlob: true, webauthn:extension:largeBlob: true, webauthn:virtualAuthenticators: true}&#10;Element: [[ChromeDriver: chrome on MAC (5546e62ae74e081406c82ac41376e6e7)] -&gt; id: modal-profil-murid]&#10;Session ID: 5546e62ae74e081406c82ac41376e6e7" type="org.openqa.selenium.ElementClickInterceptedException"><![CDATA[org.openqa.selenium.ElementClickInterceptedException: 
element click intercepted: Element <label id="modal-profil-murid" for="my-modal-5" class="flex gap-1 absolute lg:top-10 top-10 lg:right-40 right-0">...</label> is not clickable at point (949, 280). Other element would receive the click: <h2 class="swal2-title" id="swal2-title" style="display: block;">...</h2>
  (Session info: chrome=110.0.5481.100)
Build info: version: '4.1.2', revision: '9a5a329c5a'
System info: host: 'nsystem-mbp', ip: 'fe80:0:0:0:ce7:beec:a50b:8367%en0', os.name: 'Mac OS X', os.arch: 'x86_64', os.version: '10.16', java.version: '1.8.0_201'
Driver info: org.openqa.selenium.chrome.ChromeDriver
Command: [5546e62ae74e081406c82ac41376e6e7, clickElement {id=d773306e-be58-486f-8bee-4951b83473f5}]
Capabilities {acceptInsecureCerts: false, browserName: chrome, browserVersion: 110.0.5481.100, chrome: {chromedriverVersion: 110.0.5481.77 (65ed616c6e8e..., userDataDir: /var/folders/00/xzw63_pj58g...}, goog:chromeOptions: {debuggerAddress: localhost:50134}, javascriptEnabled: true, networkConnectionEnabled: false, pageLoadStrategy: normal, platform: MAC, platformName: MAC, proxy: Proxy(), se:cdp: ws://localhost:50134/devtoo..., se:cdpVersion: 110.0.5481.100, setWindowRect: true, strictFileInteractability: false, timeouts: {implicit: 0, pageLoad: 300000, script: 30000}, unhandledPromptBehavior: dismiss and notify, webauthn:extension:credBlob: true, webauthn:extension:largeBlob: true, webauthn:virtualAuthenticators: true}
Element: [[ChromeDriver: chrome on MAC (5546e62ae74e081406c82ac41376e6e7)] -> id: modal-profil-murid]
Session ID: 5546e62ae74e081406c82ac41376e6e7
]]></error>
  </testcase>
  <testcase name="" classname="| 089943$*%^*$ |" time="0.003">
    <error message="no such element: Unable to locate element: {&quot;method&quot;:&quot;xpath&quot;,&quot;selector&quot;:&quot;//div[@class=&apos;bp4-tab pl-12 pr-12 pb-2 font-bold text-xl lg:ml-60 mx-auto&apos;]&quot;}&#10;  (Session info: chrome=110.0.5481.100)&#10;For documentation on this error, please visit: https://selenium.dev/exceptions/#no_such_element&#10;Build info: version: &apos;4.1.2&apos;, revision: &apos;9a5a329c5a&apos;&#10;System info: host: &apos;nsystem-mbp&apos;, ip: &apos;fe80:0:0:0:ce7:beec:a50b:8367%en0&apos;, os.name: &apos;Mac OS X&apos;, os.arch: &apos;x86_64&apos;, os.version: &apos;10.16&apos;, java.version: &apos;1.8.0_201&apos;&#10;Driver info: org.openqa.selenium.chrome.ChromeDriver&#10;Command: [e9a62b2f373d38d1ac2c5287e51f51b5, findElement {using=xpath, value=//div[@class=&apos;bp4-tab pl-12 pr-12 pb-2 font-bold text-xl lg:ml-60 mx-auto&apos;]}]&#10;Capabilities {acceptInsecureCerts: false, browserName: chrome, browserVersion: 110.0.5481.100, chrome: {chromedriverVersion: 110.0.5481.77 (65ed616c6e8e..., userDataDir: /var/folders/00/xzw63_pj58g...}, goog:chromeOptions: {debuggerAddress: localhost:51904}, javascriptEnabled: true, networkConnectionEnabled: false, pageLoadStrategy: normal, platform: MAC, platformName: MAC, proxy: Proxy(), se:cdp: ws://localhost:51904/devtoo..., se:cdpVersion: 110.0.5481.100, setWindowRect: true, strictFileInteractability: false, timeouts: {implicit: 0, pageLoad: 300000, script: 30000}, unhandledPromptBehavior: dismiss and notify, webauthn:extension:credBlob: true, webauthn:extension:largeBlob: true, webauthn:virtualAuthenticators: true}&#10;Session ID: e9a62b2f373d38d1ac2c5287e51f51b5" type="org.openqa.selenium.NoSuchElementException"><![CDATA[org.openqa.selenium.NoSuchElementException: 
no such element: Unable to locate element: {"method":"xpath","selector":"//div[@class='bp4-tab pl-12 pr-12 pb-2 font-bold text-xl lg:ml-60 mx-auto']"}
  (Session info: chrome=110.0.5481.100)
For documentation on this error, please visit: https://selenium.dev/exceptions/#no_such_element
Build info: version: '4.1.2', revision: '9a5a329c5a'
System info: host: 'nsystem-mbp', ip: 'fe80:0:0:0:ce7:beec:a50b:8367%en0', os.name: 'Mac OS X', os.arch: 'x86_64', os.version: '10.16', java.version: '1.8.0_201'
Driver info: org.openqa.selenium.chrome.ChromeDriver
Command: [e9a62b2f373d38d1ac2c5287e51f51b5, findElement {using=xpath, value=//div[@class='bp4-tab pl-12 pr-12 pb-2 font-bold text-xl lg:ml-60 mx-auto']}]
Capabilities {acceptInsecureCerts: false, browserName: chrome, browserVersion: 110.0.5481.100, chrome: {chromedriverVersion: 110.0.5481.77 (65ed616c6e8e..., userDataDir: /var/folders/00/xzw63_pj58g...}, goog:chromeOptions: {debuggerAddress: localhost:51904}, javascriptEnabled: true, networkConnectionEnabled: false, pageLoadStrategy: normal, platform: MAC, platformName: MAC, proxy: Proxy(), se:cdp: ws://localhost:51904/devtoo..., se:cdpVersion: 110.0.5481.100, setWindowRect: true, strictFileInteractability: false, timeouts: {implicit: 0, pageLoad: 300000, script: 30000}, unhandledPromptBehavior: dismiss and notify, webauthn:extension:credBlob: true, webauthn:extension:largeBlob: true, webauthn:virtualAuthenticators: true}
Session ID: e9a62b2f373d38d1ac2c5287e51f51b5
]]></error>
  </testcase>
  <testcase name="Given Student already on Edit Profile page" classname="| 089943$*%^*$ |" time="0">
    <skipped/>
    <system-out><![CDATA[
  Background:                                                                        &amp#27;[90m# features/UpdateStudent.feature:4&amp#27;[0m
    &amp#27;[32mGiven &amp#27;[0m&amp#27;[32mUser open the website GuruMu&amp#27;[0m                                               &amp#27;[90m# LoginSteps.userOpenTheWebsiteGuruMu()&amp#27;[0m
    &amp#27;[32mWhen &amp#27;[0m&amp#27;[32mUser click avatar navigation&amp#27;[0m                                                &amp#27;[90m# LoginSteps.userClickAvatarNavigation()&amp#27;[0m
    &amp#27;[32mAnd &amp#27;[0m&amp#27;[32mUser click menu Masuk&amp#27;[0m                                                        &amp#27;[90m# LoginSteps.userClickMenuMasuk()&amp#27;[0m
    &amp#27;[32mAnd &amp#27;[0m&amp#27;[32mUser input "&amp#27;[0m&amp#27;[32m&amp#27;[1mherdiladania11@gmail.com&amp#27;[0m&amp#27;[32m" as email and input "&amp#27;[0m&amp#27;[32m&amp#27;[1mfe123&amp#27;[0m&amp#27;[32m" as password&amp#27;[0m &amp#27;[90m# LoginSteps.inputCredential(String,String)&amp#27;[0m
    &amp#27;[32mAnd &amp#27;[0m&amp#27;[32mUser clicked masuk button&amp#27;[0m                                                    &amp#27;[90m# LoginSteps.userClickMasukButton()&amp#27;[0m
    &amp#27;[32mWhen &amp#27;[0m&amp#27;[32mUser move to Profile Page&amp#27;[0m                                                   &amp#27;[90m# PenilaianUlasanSteps.userMoveToProfilePage()&amp#27;[0m
    &amp#27;[31mAnd &amp#27;[0m&amp#27;[31mUser click edit profile&amp#27;[0m                                                      &amp#27;[90m# UpdateStudentSteps.userClickEditProfile()&amp#27;[0m
      &amp#27;[31morg.openqa.selenium.ElementClickInterceptedException: element click intercepted: Element <label id="modal-profil-murid" for="my-modal-5" class="flex gap-1 absolute lg:top-10 top-10 lg:right-40 right-0">...</label> is not clickable at point (949, 280). Other element would receive the click: <h2 class="swal2-title" id="swal2-title" style="display: block;">...</h2>
        (Session info: chrome=110.0.5481.100)
      Build info: version: '4.1.2', revision: '9a5a329c5a'
      System info: host: 'nsystem-mbp', ip: 'fe80:0:0:0:ce7:beec:a50b:8367%en0', os.name: 'Mac OS X', os.arch: 'x86_64', os.version: '10.16', java.version: '1.8.0_201'
      Driver info: org.openqa.selenium.chrome.ChromeDriver
      Command: [5546e62ae74e081406c82ac41376e6e7, clickElement {id=d773306e-be58-486f-8bee-4951b83473f5}]
      Capabilities {acceptInsecureCerts: false, browserName: chrome, browserVersion: 110.0.5481.100, chrome: {chromedriverVersion: 110.0.5481.77 (65ed616c6e8e..., userDataDir: /var/folders/00/xzw63_pj58g...}, goog:chromeOptions: {debuggerAddress: localhost:50134}, javascriptEnabled: true, networkConnectionEnabled: false, pageLoadStrategy: normal, platform: MAC, platformName: MAC, proxy: Proxy(), se:cdp: ws://localhost:50134/devtoo..., se:cdpVersion: 110.0.5481.100, setWindowRect: true, strictFileInteractability: false, timeouts: {implicit: 0, pageLoad: 300000, script: 30000}, unhandledPromptBehavior: dismiss and notify, webauthn:extension:credBlob: true, webauthn:extension:largeBlob: true, webauthn:virtualAuthenticators: true}
      Element: [[ChromeDriver: chrome on MAC (5546e62ae74e081406c82ac41376e6e7)] -> id: modal-profil-murid]
      Session ID: 5546e62ae74e081406c82ac41376e6e7
      	at sun.reflect.NativeConstructorAccessorImpl.newInstance0(Native Method)
      	at sun.reflect.NativeConstructorAccessorImpl.newInstance(NativeConstructorAccessorImpl.java:62)
      	at sun.reflect.DelegatingConstructorAccessorImpl.newInstance(DelegatingConstructorAccessorImpl.java:45)
      	at java.lang.reflect.Constructor.newInstance(Constructor.java:423)
      	at org.openqa.selenium.remote.codec.w3c.W3CHttpResponseCodec.createException(W3CHttpResponseCodec.java:200)
      	at org.openqa.selenium.remote.codec.w3c.W3CHttpResponseCodec.decode(W3CHttpResponseCodec.java:133)
      	at org.openqa.selenium.remote.codec.w3c.W3CHttpResponseCodec.decode(W3CHttpResponseCodec.java:53)
      	at org.openqa.selenium.remote.HttpCommandExecutor.execute(HttpCommandExecutor.java:184)
      	at org.openqa.selenium.remote.service.DriverCommandExecutor.invokeExecute(DriverCommandExecutor.java:167)
      	at org.openqa.selenium.remote.service.DriverCommandExecutor.execute(DriverCommandExecutor.java:142)
      	at org.openqa.selenium.remote.RemoteWebDriver.execute(RemoteWebDriver.java:558)
      	at org.openqa.selenium.remote.RemoteWebElement.execute(RemoteWebElement.java:251)
      	at org.openqa.selenium.remote.RemoteWebElement.click(RemoteWebElement.java:77)
      	at sun.reflect.GeneratedMethodAccessor10.invoke(Unknown Source)
      	at sun.reflect.DelegatingMethodAccessorImpl.invoke(DelegatingMethodAccessorImpl.java:43)
      	at java.lang.reflect.Method.invoke(Method.java:498)
      	at org.openqa.selenium.support.pagefactory.internal.LocatingElementHandler.invoke(LocatingElementHandler.java:52)
      	at com.sun.proxy.$Proxy21.click(Unknown Source)
      	at org.example.pageObject.UpdateStudentPage.openEditProfileModal(UpdateStudentPage.java:105)
      	at step_definitions.UpdateStudentSteps.userClickEditProfile(UpdateStudentSteps.java:355)
      	at ✽.And User click edit profile(features/UpdateStudent.feature:11)
      &amp#27;[0m
]]></system-out>
  </testcase>
  <testcase name="When Student click Handphone field" classname="| 089943$*%^*$ |" time="0">
    <skipped/>
  </testcase>
  <testcase name="Then Student input with special character like &quot;089943$*%^*$&quot; in Handphone field" classname="| 089943$*%^*$ |" time="0">
    <skipped/>
  </testcase>
  <testcase name="And User input &quot;zulfeekei@gmail.com&quot; as email and input &quot;be123&quot; as password" classname="| 089943$*%^*$ |" time="0"/>
  <testcase name="And User move to edit profile" classname="| 089943$*%^*$ |" time="0.003">
    <error message="no such element: Unable to locate element: {&quot;method&quot;:&quot;xpath&quot;,&quot;selector&quot;:&quot;//div[@class=&apos;bp4-tab pl-12 pr-12 pb-2 font-bold text-xl lg:ml-60 mx-auto&apos;]&quot;}&#10;  (Session info: chrome=110.0.5481.100)&#10;For documentation on this error, please visit: https://selenium.dev/exceptions/#no_such_element&#10;Build info: version: &apos;4.1.2&apos;, revision: &apos;9a5a329c5a&apos;&#10;System info: host: &apos;nsystem-mbp&apos;, ip: &apos;fe80:0:0:0:ce7:beec:a50b:8367%en0&apos;, os.name: &apos;Mac OS X&apos;, os.arch: &apos;x86_64&apos;, os.version: &apos;10.16&apos;, java.version: &apos;1.8.0_201&apos;&#10;Driver info: org.openqa.selenium.chrome.ChromeDriver&#10;Command: [e9a62b2f373d38d1ac2c5287e51f51b5, findElement {using=xpath, value=//div[@class=&apos;bp4-tab pl-12 pr-12 pb-2 font-bold text-xl lg:ml-60 mx-auto&apos;]}]&#10;Capabilities {acceptInsecureCerts: false, browserName: chrome, browserVersion: 110.0.5481.100, chrome: {chromedriverVersion: 110.0.5481.77 (65ed616c6e8e..., userDataDir: /var/folders/00/xzw63_pj58g...}, goog:chromeOptions: {debuggerAddress: localhost:51904}, javascriptEnabled: true, networkConnectionEnabled: false, pageLoadStrategy: normal, platform: MAC, platformName: MAC, proxy: Proxy(), se:cdp: ws://localhost:51904/devtoo..., se:cdpVersion: 110.0.5481.100, setWindowRect: true, strictFileInteractability: false, timeouts: {implicit: 0, pageLoad: 300000, script: 30000}, unhandledPromptBehavior: dismiss and notify, webauthn:extension:credBlob: true, webauthn:extension:largeBlob: true, webauthn:virtualAuthenticators: true}&#10;Session ID: e9a62b2f373d38d1ac2c5287e51f51b5" type="org.openqa.selenium.NoSuchElementException"><![CDATA[org.openqa.selenium.NoSuchElementException: 
no such element: Unable to locate element: {"method":"xpath","selector":"//div[@class='bp4-tab pl-12 pr-12 pb-2 font-bold text-xl lg:ml-60 mx-auto']"}
  (Session info: chrome=110.0.5481.100)
For documentation on this error, please visit: https://selenium.dev/exceptions/#no_such_element
Build info: version: '4.1.2', revision: '9a5a329c5a'
System info: host: 'nsystem-mbp', ip: 'fe80:0:0:0:ce7:beec:a50b:8367%en0', os.name: 'Mac OS X', os.arch: 'x86_64', os.version: '10.16', java.version: '1.8.0_201'
Driver info: org.openqa.selenium.chrome.ChromeDriver
Command: [e9a62b2f373d38d1ac2c5287e51f51b5, findElement {using=xpath, value=//div[@class='bp4-tab pl-12 pr-12 pb-2 font-bold text-xl lg:ml-60 mx-auto']}]
Capabilities {acceptInsecureCerts: false, browserName: chrome, browserVersion: 110.0.5481.100, chrome: {chromedriverVersion: 110.0.5481.77 (65ed616c6e8e..., userDataDir: /var/folders/00/xzw63_pj58g...}, goog:chromeOptions: {debuggerAddress: localhost:51904}, javascriptEnabled: true, networkConnectionEnabled: false, pageLoadStrategy: normal, platform: MAC, platformName: MAC, proxy: Proxy(), se:cdp: ws://localhost:51904/devtoo..., se:cdpVersion: 110.0.5481.100, setWindowRect: true, strictFileInteractability: false, timeouts: {implicit: 0, pageLoad: 300000, script: 30000}, unhandledPromptBehavior: dismiss and notify, webauthn:extension:credBlob: true, webauthn:extension:largeBlob: true, webauthn:virtualAuthenticators: true}
Session ID: e9a62b2f373d38d1ac2c5287e51f51b5
]]></error>
  </testcase>
  <testcase name="Given Teacher already on Edit Profile page" classname="| 089943$*%^*$ |" time="0">
    <skipped/>
    <system-out><![CDATA[
  Background:                                                                   &amp#27;[90m# features/UpdateTeacher.feature:4&amp#27;[0m
    &amp#27;[32mGiven &amp#27;[0m&amp#27;[32mUser open the website GuruMu&amp#27;[0m                                          &amp#27;[90m# LoginSteps.userOpenTheWebsiteGuruMu()&amp#27;[0m
    &amp#27;[32mWhen &amp#27;[0m&amp#27;[32mUser click avatar navigation&amp#27;[0m                                           &amp#27;[90m# LoginSteps.userClickAvatarNavigation()&amp#27;[0m
    &amp#27;[32mAnd &amp#27;[0m&amp#27;[32mUser click menu Masuk&amp#27;[0m                                                   &amp#27;[90m# LoginSteps.userClickMenuMasuk()&amp#27;[0m
    &amp#27;[32mAnd &amp#27;[0m&amp#27;[32mUser input "&amp#27;[0m&amp#27;[32m&amp#27;[1mzulfeekei@gmail.com&amp#27;[0m&amp#27;[32m" as email and input "&amp#27;[0m&amp#27;[32m&amp#27;[1mbe123&amp#27;[0m&amp#27;[32m" as password&amp#27;[0m &amp#27;[90m# LoginSteps.inputCredential(String,String)&amp#27;[0m
    &amp#27;[32mAnd &amp#27;[0m&amp#27;[32mUser clicked masuk button&amp#27;[0m                                               &amp#27;[90m# LoginSteps.userClickMasukButton()&amp#27;[0m
    &amp#27;[32mWhen &amp#27;[0m&amp#27;[32mUser move to Profile Page&amp#27;[0m                                              &amp#27;[90m# PenilaianUlasanSteps.userMoveToProfilePage()&amp#27;[0m
    &amp#27;[31mAnd &amp#27;[0m&amp#27;[31mUser move to edit profile&amp#27;[0m                                               &amp#27;[90m# UpdateTeacherSteps.userMoveToEditProfile()&amp#27;[0m
      &amp#27;[31morg.openqa.selenium.NoSuchElementException: no such element: Unable to locate element: {"method":"xpath","selector":"//div[@class='bp4-tab pl-12 pr-12 pb-2 font-bold text-xl lg:ml-60 mx-auto']"}
        (Session info: chrome=110.0.5481.100)
      For documentation on this error, please visit: https://selenium.dev/exceptions/#no_such_element
      Build info: version: '4.1.2', revision: '9a5a329c5a'
      System info: host: 'nsystem-mbp', ip: 'fe80:0:0:0:ce7:beec:a50b:8367%en0', os.name: 'Mac OS X', os.arch: 'x86_64', os.version: '10.16', java.version: '1.8.0_201'
      Driver info: org.openqa.selenium.chrome.ChromeDriver
      Command: [e9a62b2f373d38d1ac2c5287e51f51b5, findElement {using=xpath, value=//div[@class='bp4-tab pl-12 pr-12 pb-2 font-bold text-xl lg:ml-60 mx-auto']}]
      Capabilities {acceptInsecureCerts: false, browserName: chrome, browserVersion: 110.0.5481.100, chrome: {chromedriverVersion: 110.0.5481.77 (65ed616c6e8e..., userDataDir: /var/folders/00/xzw63_pj58g...}, goog:chromeOptions: {debuggerAddress: localhost:51904}, javascriptEnabled: true, networkConnectionEnabled: false, pageLoadStrategy: normal, platform: MAC, platformName: MAC, proxy: Proxy(), se:cdp: ws://localhost:51904/devtoo..., se:cdpVersion: 110.0.5481.100, setWindowRect: true, strictFileInteractability: false, timeouts: {implicit: 0, pageLoad: 300000, script: 30000}, unhandledPromptBehavior: dismiss and notify, webauthn:extension:credBlob: true, webauthn:extension:largeBlob: true, webauthn:virtualAuthenticators: true}
      Session ID: e9a62b2f373d38d1ac2c5287e51f51b5
      	at sun.reflect.GeneratedConstructorAccessor38.newInstance(Unknown Source)
      	at sun.reflect.DelegatingConstructorAccessorImpl.newInstance(DelegatingConstructorAccessorImpl.java:45)
      	at java.lang.reflect.Constructor.newInstance(Constructor.java:423)
      	at org.openqa.selenium.remote.codec.w3c.W3CHttpResponseCodec.createException(W3CHttpResponseCodec.java:200)
      	at org.openqa.selenium.remote.codec.w3c.W3CHttpResponseCodec.decode(W3CHttpResponseCodec.java:133)
      	at org.openqa.selenium.remote.codec.w3c.W3CHttpResponseCodec.decode(W3CHttpResponseCodec.java:53)
      	at org.openqa.selenium.remote.HttpCommandExecutor.execute(HttpCommandExecutor.java:184)
      	at org.openqa.selenium.remote.service.DriverCommandExecutor.invokeExecute(DriverCommandExecutor.java:167)
      	at org.openqa.selenium.remote.service.DriverCommandExecutor.execute(DriverCommandExecutor.java:142)
      	at org.openqa.selenium.remote.RemoteWebDriver.execute(RemoteWebDriver.java:558)
      	at org.openqa.selenium.remote.ElementLocation$ElementFinder$2.findElement(ElementLocation.java:162)
      	at org.openqa.selenium.remote.ElementLocation.findElement(ElementLocation.java:60)
      	at org.openqa.selenium.remote.RemoteWebDriver.findElement(RemoteWebDriver.java:382)
      	at org.openqa.selenium.remote.RemoteWebDriver.findElement(RemoteWebDriver.java:374)
      	at org.openqa.selenium.support.pagefactory.DefaultElementLocator.findElement(DefaultElementLocator.java:70)
      	at org.openqa.selenium.support.pagefactory.internal.LocatingElementHandler.invoke(LocatingElementHandler.java:39)
      	at com.sun.proxy.$Proxy21.click(Unknown Source)
      	at org.example.pageObject.UpdateTeacherPage.toEditProfile(UpdateTeacherPage.java:327)
      	at step_definitions.UpdateTeacherSteps.userMoveToEditProfile(UpdateTeacherSteps.java:1195)
      	at ✽.And User move to edit profile(features/UpdateTeacher.feature:11)
      &amp#27;[0m
]]></system-out>
  </testcase>
  <testcase name="When Teacher click &apos;Handphone&apos; field" classname="| 089943$*%^*$ |" time="0">
    <skipped/>
  </testcase>
  <testcase name="Then Teacher input with special character like &quot;089943$*%^*$&quot; in &apos;Handphone&apos; field" classname="| 089943$*%^*$ |" time="0">
    <skipped/>
  </testcase>
  <testcase name="Given User open the website GuruMu" classname="Scenario: Verify Email field is enabled" time="0">
    <system-out><![CDATA[
  @TestUpdateStudent @Test
  Scenario Outline: Input Field with Number and Special Character in Handphone field &amp#27;[90m# features/UpdateStudent.feature:109&amp#27;[0m
    &amp#27;[36mGiven &amp#27;[0m&amp#27;[36mStudent already on Edit Profile page&amp#27;[0m                                       &amp#27;[90m# UpdateStudentSteps.studentAlreadyonEditProfilePage()&amp#27;[0m
    &amp#27;[36mWhen &amp#27;[0m&amp#27;[36mStudent click Handphone field&amp#27;[0m                                               &amp#27;[90m# UpdateStudentSteps.studentClickHandphoneField()&amp#27;[0m
    &amp#27;[36mThen &amp#27;[0m&amp#27;[36mStudent input with special character like "&amp#27;[0m&amp#27;[36m&amp#27;[1m089943$*%^*$&amp#27;[0m&amp#27;[36m" in Handphone field&amp#27;[0m &amp#27;[90m# UpdateStudentSteps.studentInputWithSpecialCharacterLikeInHandphoneField(String)&amp#27;[0m
]]></system-out>
    <system-err><![CDATA[Starting ChromeDriver 110.0.5481.77 (65ed616c6e8ee3fe0ad64fe83796c020644d42af-refs/branch-heads/5481@{#839}) on port 60706
Only local connections are allowed.
Please see https://chromedriver.chromium.org/security-considerations for suggestions on keeping ChromeDriver safe.
ChromeDriver was started successfully.
[1676553472.506][WARNING]: virtual void DevToolsClientImpl::AddListener(DevToolsEventListener *) subscribing a listener to the already connected DevToolsClient. Connection notification will not arrive.
Feb 16, 2023 8:17:52 PM org.openqa.selenium.remote.ProtocolHandshake createSession
INFO: Detected dialect: W3C
Feb 16, 2023 8:17:52 PM org.openqa.selenium.devtools.CdpVersionFinder findNearestMatch
WARNING: Unable to find an exact match for CDP version 110, so returning the closest version found: a no-op implementation
Feb 16, 2023 8:17:52 PM org.openqa.selenium.devtools.CdpVersionFinder findNearestMatch
INFO: Unable to find CDP implementation matching 110.
Feb 16, 2023 8:17:52 PM org.openqa.selenium.chromium.ChromiumDriver lambda$new$3
WARNING: Unable to find version of CDP to use for . You may need to include a dependency on a specific version of the CDP using something similar to `org.seleniumhq.selenium:selenium-devtools-v86:4.1.2` where the version ("v86") matches the version of the chromium-based browser you're using and the version number of the artifact is the same as Selenium's.
]]></system-err>
  </testcase>
  <testcase name="When User click avatar navigation" classname="Scenario: Verify Email field is enabled" time="0"/>
  <testcase name="And User click menu Masuk" classname="Scenario: Verify Email field is enabled" time="0"/>
  <testcase name="And User input &quot;herdiladania11@gmail.com&quot; as email and input &quot;fe123&quot; as password" classname="Scenario: Verify Email field is enabled" time="0"/>
  <testcase name="And User clicked masuk button" classname="Scenario: Verify Email field is enabled" time="0"/>
  <testcase name="When User move to Profile Page" classname="Scenario: Verify Email field is enabled" time="0"/>
  <testcase name="And User click edit profile" classname="Scenario: Verify Email field is enabled" time="0.013">
    <error message="element click intercepted: Element &lt;label id=&quot;modal-profil-murid&quot; for=&quot;my-modal-5&quot; class=&quot;flex gap-1 absolute lg:top-10 top-10 lg:right-40 right-0&quot;&gt;...&lt;/label&gt; is not clickable at point (949, 280). Other element would receive the click: &lt;h2 class=&quot;swal2-title&quot; id=&quot;swal2-title&quot; style=&quot;display: block;&quot;&gt;...&lt;/h2&gt;&#10;  (Session info: chrome=110.0.5481.100)&#10;Build info: version: &apos;4.1.2&apos;, revision: &apos;9a5a329c5a&apos;&#10;System info: host: &apos;nsystem-mbp&apos;, ip: &apos;fe80:0:0:0:ce7:beec:a50b:8367%en0&apos;, os.name: &apos;Mac OS X&apos;, os.arch: &apos;x86_64&apos;, os.version: &apos;10.16&apos;, java.version: &apos;1.8.0_201&apos;&#10;Driver info: org.openqa.selenium.chrome.ChromeDriver&#10;Command: [bb05b15dd27a5f0c0d8210b14193fd7c, clickElement {id=421699f2-78ea-4733-b9d8-ad2106d3d769}]&#10;Capabilities {acceptInsecureCerts: false, browserName: chrome, browserVersion: 110.0.5481.100, chrome: {chromedriverVersion: 110.0.5481.77 (65ed616c6e8e..., userDataDir: /var/folders/00/xzw63_pj58g...}, goog:chromeOptions: {debuggerAddress: localhost:50159}, javascriptEnabled: true, networkConnectionEnabled: false, pageLoadStrategy: normal, platform: MAC, platformName: MAC, proxy: Proxy(), se:cdp: ws://localhost:50159/devtoo..., se:cdpVersion: 110.0.5481.100, setWindowRect: true, strictFileInteractability: false, timeouts: {implicit: 0, pageLoad: 300000, script: 30000}, unhandledPromptBehavior: dismiss and notify, webauthn:extension:credBlob: true, webauthn:extension:largeBlob: true, webauthn:virtualAuthenticators: true}&#10;Element: [[ChromeDriver: chrome on MAC (bb05b15dd27a5f0c0d8210b14193fd7c)] -&gt; id: modal-profil-murid]&#10;Session ID: bb05b15dd27a5f0c0d8210b14193fd7c" type="org.openqa.selenium.ElementClickInterceptedException"><![CDATA[org.openqa.selenium.ElementClickInterceptedException: 
element click intercepted: Element <label id="modal-profil-murid" for="my-modal-5" class="flex gap-1 absolute lg:top-10 top-10 lg:right-40 right-0">...</label> is not clickable at point (949, 280). Other element would receive the click: <h2 class="swal2-title" id="swal2-title" style="display: block;">...</h2>
  (Session info: chrome=110.0.5481.100)
Build info: version: '4.1.2', revision: '9a5a329c5a'
System info: host: 'nsystem-mbp', ip: 'fe80:0:0:0:ce7:beec:a50b:8367%en0', os.name: 'Mac OS X', os.arch: 'x86_64', os.version: '10.16', java.version: '1.8.0_201'
Driver info: org.openqa.selenium.chrome.ChromeDriver
Command: [bb05b15dd27a5f0c0d8210b14193fd7c, clickElement {id=421699f2-78ea-4733-b9d8-ad2106d3d769}]
Capabilities {acceptInsecureCerts: false, browserName: chrome, browserVersion: 110.0.5481.100, chrome: {chromedriverVersion: 110.0.5481.77 (65ed616c6e8e..., userDataDir: /var/folders/00/xzw63_pj58g...}, goog:chromeOptions: {debuggerAddress: localhost:50159}, javascriptEnabled: true, networkConnectionEnabled: false, pageLoadStrategy: normal, platform: MAC, platformName: MAC, proxy: Proxy(), se:cdp: ws://localhost:50159/devtoo..., se:cdpVersion: 110.0.5481.100, setWindowRect: true, strictFileInteractability: false, timeouts: {implicit: 0, pageLoad: 300000, script: 30000}, unhandledPromptBehavior: dismiss and notify, webauthn:extension:credBlob: true, webauthn:extension:largeBlob: true, webauthn:virtualAuthenticators: true}
Element: [[ChromeDriver: chrome on MAC (bb05b15dd27a5f0c0d8210b14193fd7c)] -> id: modal-profil-murid]
Session ID: bb05b15dd27a5f0c0d8210b14193fd7c
]]></error>
  </testcase>
  <testcase name="" classname="Scenario: Verify Email field is enabled" time="0.016">
    <error message="element click intercepted: Element &lt;label id=&quot;modal-profil-murid&quot; for=&quot;my-modal-5&quot; class=&quot;flex gap-1 absolute lg:top-10 top-10 lg:right-40 right-0&quot;&gt;...&lt;/label&gt; is not clickable at point (949, 280). Other element would receive the click: &lt;h2 class=&quot;swal2-title&quot; id=&quot;swal2-title&quot; style=&quot;display: block;&quot;&gt;...&lt;/h2&gt;&#10;  (Session info: chrome=110.0.5481.100)&#10;Build info: version: &apos;4.1.2&apos;, revision: &apos;9a5a329c5a&apos;&#10;System info: host: &apos;nsystem-mbp&apos;, ip: &apos;fe80:0:0:0:ce7:beec:a50b:8367%en0&apos;, os.name: &apos;Mac OS X&apos;, os.arch: &apos;x86_64&apos;, os.version: &apos;10.16&apos;, java.version: &apos;1.8.0_201&apos;&#10;Driver info: org.openqa.selenium.chrome.ChromeDriver&#10;Command: [bb05b15dd27a5f0c0d8210b14193fd7c, clickElement {id=421699f2-78ea-4733-b9d8-ad2106d3d769}]&#10;Capabilities {acceptInsecureCerts: false, browserName: chrome, browserVersion: 110.0.5481.100, chrome: {chromedriverVersion: 110.0.5481.77 (65ed616c6e8e..., userDataDir: /var/folders/00/xzw63_pj58g...}, goog:chromeOptions: {debuggerAddress: localhost:50159}, javascriptEnabled: true, networkConnectionEnabled: false, pageLoadStrategy: normal, platform: MAC, platformName: MAC, proxy: Proxy(), se:cdp: ws://localhost:50159/devtoo..., se:cdpVersion: 110.0.5481.100, setWindowRect: true, strictFileInteractability: false, timeouts: {implicit: 0, pageLoad: 300000, script: 30000}, unhandledPromptBehavior: dismiss and notify, webauthn:extension:credBlob: true, webauthn:extension:largeBlob: true, webauthn:virtualAuthenticators: true}&#10;Element: [[ChromeDriver: chrome on MAC (bb05b15dd27a5f0c0d8210b14193fd7c)] -&gt; id: modal-profil-murid]&#10;Session ID: bb05b15dd27a5f0c0d8210b14193fd7c" type="org.openqa.selenium.ElementClickInterceptedException"><![CDATA[org.openqa.selenium.ElementClickInterceptedException: 
element click intercepted: Element <label id="modal-profil-murid" for="my-modal-5" class="flex gap-1 absolute lg:top-10 top-10 lg:right-40 right-0">...</label> is not clickable at point (949, 280). Other element would receive the click: <h2 class="swal2-title" id="swal2-title" style="display: block;">...</h2>
  (Session info: chrome=110.0.5481.100)
Build info: version: '4.1.2', revision: '9a5a329c5a'
System info: host: 'nsystem-mbp', ip: 'fe80:0:0:0:ce7:beec:a50b:8367%en0', os.name: 'Mac OS X', os.arch: 'x86_64', os.version: '10.16', java.version: '1.8.0_201'
Driver info: org.openqa.selenium.chrome.ChromeDriver
Command: [bb05b15dd27a5f0c0d8210b14193fd7c, clickElement {id=421699f2-78ea-4733-b9d8-ad2106d3d769}]
Capabilities {acceptInsecureCerts: false, browserName: chrome, browserVersion: 110.0.5481.100, chrome: {chromedriverVersion: 110.0.5481.77 (65ed616c6e8e..., userDataDir: /var/folders/00/xzw63_pj58g...}, goog:chromeOptions: {debuggerAddress: localhost:50159}, javascriptEnabled: true, networkConnectionEnabled: false, pageLoadStrategy: normal, platform: MAC, platformName: MAC, proxy: Proxy(), se:cdp: ws://localhost:50159/devtoo..., se:cdpVersion: 110.0.5481.100, setWindowRect: true, strictFileInteractability: false, timeouts: {implicit: 0, pageLoad: 300000, script: 30000}, unhandledPromptBehavior: dismiss and notify, webauthn:extension:credBlob: true, webauthn:extension:largeBlob: true, webauthn:virtualAuthenticators: true}
Element: [[ChromeDriver: chrome on MAC (bb05b15dd27a5f0c0d8210b14193fd7c)] -> id: modal-profil-murid]
Session ID: bb05b15dd27a5f0c0d8210b14193fd7c
]]></error>
  </testcase>
  <testcase name="Given Student already on Edit Profile page" classname="Scenario: Verify Email field is enabled" time="0">
    <skipped/>
    <system-out><![CDATA[
  Background:                                                                        &amp#27;[90m# features/UpdateStudent.feature:4&amp#27;[0m
    &amp#27;[32mGiven &amp#27;[0m&amp#27;[32mUser open the website GuruMu&amp#27;[0m                                               &amp#27;[90m# LoginSteps.userOpenTheWebsiteGuruMu()&amp#27;[0m
    &amp#27;[32mWhen &amp#27;[0m&amp#27;[32mUser click avatar navigation&amp#27;[0m                                                &amp#27;[90m# LoginSteps.userClickAvatarNavigation()&amp#27;[0m
    &amp#27;[32mAnd &amp#27;[0m&amp#27;[32mUser click menu Masuk&amp#27;[0m                                                        &amp#27;[90m# LoginSteps.userClickMenuMasuk()&amp#27;[0m
    &amp#27;[32mAnd &amp#27;[0m&amp#27;[32mUser input "&amp#27;[0m&amp#27;[32m&amp#27;[1mherdiladania11@gmail.com&amp#27;[0m&amp#27;[32m" as email and input "&amp#27;[0m&amp#27;[32m&amp#27;[1mfe123&amp#27;[0m&amp#27;[32m" as password&amp#27;[0m &amp#27;[90m# LoginSteps.inputCredential(String,String)&amp#27;[0m
    &amp#27;[32mAnd &amp#27;[0m&amp#27;[32mUser clicked masuk button&amp#27;[0m                                                    &amp#27;[90m# LoginSteps.userClickMasukButton()&amp#27;[0m
    &amp#27;[32mWhen &amp#27;[0m&amp#27;[32mUser move to Profile Page&amp#27;[0m                                                   &amp#27;[90m# PenilaianUlasanSteps.userMoveToProfilePage()&amp#27;[0m
    &amp#27;[31mAnd &amp#27;[0m&amp#27;[31mUser click edit profile&amp#27;[0m                                                      &amp#27;[90m# UpdateStudentSteps.userClickEditProfile()&amp#27;[0m
      &amp#27;[31morg.openqa.selenium.ElementClickInterceptedException: element click intercepted: Element <label id="modal-profil-murid" for="my-modal-5" class="flex gap-1 absolute lg:top-10 top-10 lg:right-40 right-0">...</label> is not clickable at point (949, 280). Other element would receive the click: <h2 class="swal2-title" id="swal2-title" style="display: block;">...</h2>
        (Session info: chrome=110.0.5481.100)
      Build info: version: '4.1.2', revision: '9a5a329c5a'
      System info: host: 'nsystem-mbp', ip: 'fe80:0:0:0:ce7:beec:a50b:8367%en0', os.name: 'Mac OS X', os.arch: 'x86_64', os.version: '10.16', java.version: '1.8.0_201'
      Driver info: org.openqa.selenium.chrome.ChromeDriver
      Command: [bb05b15dd27a5f0c0d8210b14193fd7c, clickElement {id=421699f2-78ea-4733-b9d8-ad2106d3d769}]
      Capabilities {acceptInsecureCerts: false, browserName: chrome, browserVersion: 110.0.5481.100, chrome: {chromedriverVersion: 110.0.5481.77 (65ed616c6e8e..., userDataDir: /var/folders/00/xzw63_pj58g...}, goog:chromeOptions: {debuggerAddress: localhost:50159}, javascriptEnabled: true, networkConnectionEnabled: false, pageLoadStrategy: normal, platform: MAC, platformName: MAC, proxy: Proxy(), se:cdp: ws://localhost:50159/devtoo..., se:cdpVersion: 110.0.5481.100, setWindowRect: true, strictFileInteractability: false, timeouts: {implicit: 0, pageLoad: 300000, script: 30000}, unhandledPromptBehavior: dismiss and notify, webauthn:extension:credBlob: true, webauthn:extension:largeBlob: true, webauthn:virtualAuthenticators: true}
      Element: [[ChromeDriver: chrome on MAC (bb05b15dd27a5f0c0d8210b14193fd7c)] -> id: modal-profil-murid]
      Session ID: bb05b15dd27a5f0c0d8210b14193fd7c
      	at sun.reflect.NativeConstructorAccessorImpl.newInstance0(Native Method)
      	at sun.reflect.NativeConstructorAccessorImpl.newInstance(NativeConstructorAccessorImpl.java:62)
      	at sun.reflect.DelegatingConstructorAccessorImpl.newInstance(DelegatingConstructorAccessorImpl.java:45)
      	at java.lang.reflect.Constructor.newInstance(Constructor.java:423)
      	at org.openqa.selenium.remote.codec.w3c.W3CHttpResponseCodec.createException(W3CHttpResponseCodec.java:200)
      	at org.openqa.selenium.remote.codec.w3c.W3CHttpResponseCodec.decode(W3CHttpResponseCodec.java:133)
      	at org.openqa.selenium.remote.codec.w3c.W3CHttpResponseCodec.decode(W3CHttpResponseCodec.java:53)
      	at org.openqa.selenium.remote.HttpCommandExecutor.execute(HttpCommandExecutor.java:184)
      	at org.openqa.selenium.remote.service.DriverCommandExecutor.invokeExecute(DriverCommandExecutor.java:167)
      	at org.openqa.selenium.remote.service.DriverCommandExecutor.execute(DriverCommandExecutor.java:142)
      	at org.openqa.selenium.remote.RemoteWebDriver.execute(RemoteWebDriver.java:558)
      	at org.openqa.selenium.remote.RemoteWebElement.execute(RemoteWebElement.java:251)
      	at org.openqa.selenium.remote.RemoteWebElement.click(RemoteWebElement.java:77)
      	at sun.reflect.GeneratedMethodAccessor10.invoke(Unknown Source)
      	at sun.reflect.DelegatingMethodAccessorImpl.invoke(DelegatingMethodAccessorImpl.java:43)
      	at java.lang.reflect.Method.invoke(Method.java:498)
      	at org.openqa.selenium.support.pagefactory.internal.LocatingElementHandler.invoke(LocatingElementHandler.java:52)
      	at com.sun.proxy.$Proxy21.click(Unknown Source)
      	at org.example.pageObject.UpdateStudentPage.openEditProfileModal(UpdateStudentPage.java:105)
      	at step_definitions.UpdateStudentSteps.userClickEditProfile(UpdateStudentSteps.java:355)
      	at ✽.And User click edit profile(features/UpdateStudent.feature:11)
      &amp#27;[0m
]]></system-out>
  </testcase>
  <testcase name="When Student click Email field" classname="Scenario: Verify Email field is enabled" time="0">
    <skipped/>
  </testcase>
  <testcase name="Then Email field is enabled" classname="Scenario: Verify Email field is enabled" time="0">
    <skipped/>
  </testcase>
  <testcase name="Given User open the website GuruMu" classname="| uyuyks@gmail.com |" time="0">
    <system-out><![CDATA[
  Scenario: Verify Email field is enabled      &amp#27;[90m# features/UpdateStudent.feature:111&amp#27;[0m
    &amp#27;[36mGiven &amp#27;[0m&amp#27;[36mStudent already on Edit Profile page&amp#27;[0m &amp#27;[90m# UpdateStudentSteps.studentAlreadyonEditProfilePage()&amp#27;[0m
    &amp#27;[36mWhen &amp#27;[0m&amp#27;[36mStudent click Email field&amp#27;[0m             &amp#27;[90m# UpdateStudentSteps.studentClickEmailField()&amp#27;[0m
    &amp#27;[36mThen &amp#27;[0m&amp#27;[36mEmail field is enabled&amp#27;[0m                &amp#27;[90m# UpdateStudentSteps.emailFieldIsEnabled()&amp#27;[0m

  Scenario Outline: Input Field with Valid Email in Email field      &amp#27;[90m# features/UpdateStudent.feature:116&amp#27;[0m
    &amp#27;[36mGiven &amp#27;[0m&amp#27;[36mStudent already on Edit Profile page&amp#27;[0m
    &amp#27;[36mWhen &amp#27;[0m&amp#27;[36mStudent click Email field&amp#27;[0m
    &amp#27;[36mThen &amp#27;[0m&amp#27;[36mStudent input with valid name like "<email>" in Email field&amp#27;[0m

    Examples: 
]]></system-out>
    <system-err><![CDATA[Starting ChromeDriver 110.0.5481.77 (65ed616c6e8ee3fe0ad64fe83796c020644d42af-refs/branch-heads/5481@{#839}) on port 54872
Only local connections are allowed.
Please see https://chromedriver.chromium.org/security-considerations for suggestions on keeping ChromeDriver safe.
ChromeDriver was started successfully.
[1676553507.788][WARNING]: virtual void DevToolsClientImpl::AddListener(DevToolsEventListener *) subscribing a listener to the already connected DevToolsClient. Connection notification will not arrive.
Feb 16, 2023 8:18:27 PM org.openqa.selenium.remote.ProtocolHandshake createSession
INFO: Detected dialect: W3C
Feb 16, 2023 8:18:28 PM org.openqa.selenium.devtools.CdpVersionFinder findNearestMatch
WARNING: Unable to find an exact match for CDP version 110, so returning the closest version found: a no-op implementation
Feb 16, 2023 8:18:28 PM org.openqa.selenium.devtools.CdpVersionFinder findNearestMatch
INFO: Unable to find CDP implementation matching 110.
Feb 16, 2023 8:18:28 PM org.openqa.selenium.chromium.ChromiumDriver lambda$new$3
WARNING: Unable to find version of CDP to use for . You may need to include a dependency on a specific version of the CDP using something similar to `org.seleniumhq.selenium:selenium-devtools-v86:4.1.2` where the version ("v86") matches the version of the chromium-based browser you're using and the version number of the artifact is the same as Selenium's.
]]></system-err>
  </testcase>
  <testcase name="Given User open the website GuruMu" classname="| uyuyks@gmail.com |" time="0">
    <system-out><![CDATA[
  Scenario: Verify 'Email' field is enabled    &amp#27;[90m# features/UpdateTeacher.feature:350&amp#27;[0m
    &amp#27;[36mGiven &amp#27;[0m&amp#27;[36mTeacher already on Edit Profile page&amp#27;[0m &amp#27;[90m# UpdateTeacherSteps.teacherAlreadyOnEditProfilePage()&amp#27;[0m
    &amp#27;[36mWhen &amp#27;[0m&amp#27;[36mTeacher click 'Email' field&amp#27;[0m           &amp#27;[90m# UpdateTeacherSteps.teacherClickEmailField()&amp#27;[0m
    &amp#27;[36mThen &amp#27;[0m&amp#27;[36m'Email' field is enabled&amp#27;[0m              &amp#27;[90m# UpdateTeacherSteps.emailFieldIsEnabled()&amp#27;[0m

  Scenario Outline: Input Field with Valid Email in 'Email' field      &amp#27;[90m# features/UpdateTeacher.feature:355&amp#27;[0m
    &amp#27;[36mGiven &amp#27;[0m&amp#27;[36mTeacher already on Edit Profile page&amp#27;[0m
    &amp#27;[36mWhen &amp#27;[0m&amp#27;[36mTeacher click 'Email' field&amp#27;[0m
    &amp#27;[36mThen &amp#27;[0m&amp#27;[36mTeacher input with valid name like "<email>" in 'Email' field&amp#27;[0m

    Examples: 
]]></system-out>
    <system-err><![CDATA[Starting ChromeDriver 110.0.5481.77 (65ed616c6e8ee3fe0ad64fe83796c020644d42af-refs/branch-heads/5481@{#839}) on port 61461
Only local connections are allowed.
Please see https://chromedriver.chromium.org/security-considerations for suggestions on keeping ChromeDriver safe.
ChromeDriver was started successfully.
[1676555758.479][WARNING]: virtual void DevToolsClientImpl::AddListener(DevToolsEventListener *) subscribing a listener to the already connected DevToolsClient. Connection notification will not arrive.
Feb 16, 2023 8:56:04 PM org.openqa.selenium.remote.ProtocolHandshake createSession
INFO: Detected dialect: W3C
Feb 16, 2023 8:56:04 PM org.openqa.selenium.devtools.CdpVersionFinder findNearestMatch
WARNING: Unable to find an exact match for CDP version 110, so returning the closest version found: a no-op implementation
Feb 16, 2023 8:56:04 PM org.openqa.selenium.devtools.CdpVersionFinder findNearestMatch
INFO: Unable to find CDP implementation matching 110.
Feb 16, 2023 8:56:04 PM org.openqa.selenium.chromium.ChromiumDriver lambda$new$3
WARNING: Unable to find version of CDP to use for . You may need to include a dependency on a specific version of the CDP using something similar to `org.seleniumhq.selenium:selenium-devtools-v86:4.1.2` where the version ("v86") matches the version of the chromium-based browser you're using and the version number of the artifact is the same as Selenium's.
]]></system-err>
  </testcase>
  <testcase name="When User click avatar navigation" classname="| uyuyks@gmail.com |" time="0"/>
  <testcase name="When User click avatar navigation" classname="| uyuyks@gmail.com |" time="0"/>
  <testcase name="And User click menu Masuk" classname="| uyuyks@gmail.com |" time="0"/>
  <testcase name="And User click menu Masuk" classname="| uyuyks@gmail.com |" time="0.001"/>
  <testcase name="And User input &quot;herdiladania11@gmail.com&quot; as email and input &quot;fe123&quot; as password" classname="| uyuyks@gmail.com |" time="0.001"/>
  <testcase name="And User clicked masuk button" classname="| uyuyks@gmail.com |" time="0"/>
  <testcase name="And User clicked masuk button" classname="| uyuyks@gmail.com |" time="0"/>
  <testcase name="When User move to Profile Page" classname="| uyuyks@gmail.com |" time="0"/>
  <testcase name="When User move to Profile Page" classname="| uyuyks@gmail.com |" time="0"/>
  <testcase name="And User click edit profile" classname="| uyuyks@gmail.com |" time="0.009">
    <error message="element click intercepted: Element &lt;label id=&quot;modal-profil-murid&quot; for=&quot;my-modal-5&quot; class=&quot;flex gap-1 absolute lg:top-10 top-10 lg:right-40 right-0&quot;&gt;...&lt;/label&gt; is not clickable at point (949, 280). Other element would receive the click: &lt;h2 class=&quot;swal2-title&quot; id=&quot;swal2-title&quot; style=&quot;display: block;&quot;&gt;...&lt;/h2&gt;&#10;  (Session info: chrome=110.0.5481.100)&#10;Build info: version: &apos;4.1.2&apos;, revision: &apos;9a5a329c5a&apos;&#10;System info: host: &apos;nsystem-mbp&apos;, ip: &apos;fe80:0:0:0:ce7:beec:a50b:8367%en0&apos;, os.name: &apos;Mac OS X&apos;, os.arch: &apos;x86_64&apos;, os.version: &apos;10.16&apos;, java.version: &apos;1.8.0_201&apos;&#10;Driver info: org.openqa.selenium.chrome.ChromeDriver&#10;Command: [39615e9b37cbcea1ce91fcb49ce925b2, clickElement {id=c90b0224-b118-4756-983d-84c1750b652d}]&#10;Capabilities {acceptInsecureCerts: false, browserName: chrome, browserVersion: 110.0.5481.100, chrome: {chromedriverVersion: 110.0.5481.77 (65ed616c6e8e..., userDataDir: /var/folders/00/xzw63_pj58g...}, goog:chromeOptions: {debuggerAddress: localhost:50184}, javascriptEnabled: true, networkConnectionEnabled: false, pageLoadStrategy: normal, platform: MAC, platformName: MAC, proxy: Proxy(), se:cdp: ws://localhost:50184/devtoo..., se:cdpVersion: 110.0.5481.100, setWindowRect: true, strictFileInteractability: false, timeouts: {implicit: 0, pageLoad: 300000, script: 30000}, unhandledPromptBehavior: dismiss and notify, webauthn:extension:credBlob: true, webauthn:extension:largeBlob: true, webauthn:virtualAuthenticators: true}&#10;Element: [[ChromeDriver: chrome on MAC (39615e9b37cbcea1ce91fcb49ce925b2)] -&gt; id: modal-profil-murid]&#10;Session ID: 39615e9b37cbcea1ce91fcb49ce925b2" type="org.openqa.selenium.ElementClickInterceptedException"><![CDATA[org.openqa.selenium.ElementClickInterceptedException: 
element click intercepted: Element <label id="modal-profil-murid" for="my-modal-5" class="flex gap-1 absolute lg:top-10 top-10 lg:right-40 right-0">...</label> is not clickable at point (949, 280). Other element would receive the click: <h2 class="swal2-title" id="swal2-title" style="display: block;">...</h2>
  (Session info: chrome=110.0.5481.100)
Build info: version: '4.1.2', revision: '9a5a329c5a'
System info: host: 'nsystem-mbp', ip: 'fe80:0:0:0:ce7:beec:a50b:8367%en0', os.name: 'Mac OS X', os.arch: 'x86_64', os.version: '10.16', java.version: '1.8.0_201'
Driver info: org.openqa.selenium.chrome.ChromeDriver
Command: [39615e9b37cbcea1ce91fcb49ce925b2, clickElement {id=c90b0224-b118-4756-983d-84c1750b652d}]
Capabilities {acceptInsecureCerts: false, browserName: chrome, browserVersion: 110.0.5481.100, chrome: {chromedriverVersion: 110.0.5481.77 (65ed616c6e8e..., userDataDir: /var/folders/00/xzw63_pj58g...}, goog:chromeOptions: {debuggerAddress: localhost:50184}, javascriptEnabled: true, networkConnectionEnabled: false, pageLoadStrategy: normal, platform: MAC, platformName: MAC, proxy: Proxy(), se:cdp: ws://localhost:50184/devtoo..., se:cdpVersion: 110.0.5481.100, setWindowRect: true, strictFileInteractability: false, timeouts: {implicit: 0, pageLoad: 300000, script: 30000}, unhandledPromptBehavior: dismiss and notify, webauthn:extension:credBlob: true, webauthn:extension:largeBlob: true, webauthn:virtualAuthenticators: true}
Element: [[ChromeDriver: chrome on MAC (39615e9b37cbcea1ce91fcb49ce925b2)] -> id: modal-profil-murid]
Session ID: 39615e9b37cbcea1ce91fcb49ce925b2
]]></error>
  </testcase>
  <testcase name="" classname="| uyuyks@gmail.com |" time="0.01">
    <error message="element click intercepted: Element &lt;label id=&quot;modal-profil-murid&quot; for=&quot;my-modal-5&quot; class=&quot;flex gap-1 absolute lg:top-10 top-10 lg:right-40 right-0&quot;&gt;...&lt;/label&gt; is not clickable at point (949, 280). Other element would receive the click: &lt;h2 class=&quot;swal2-title&quot; id=&quot;swal2-title&quot; style=&quot;display: block;&quot;&gt;...&lt;/h2&gt;&#10;  (Session info: chrome=110.0.5481.100)&#10;Build info: version: &apos;4.1.2&apos;, revision: &apos;9a5a329c5a&apos;&#10;System info: host: &apos;nsystem-mbp&apos;, ip: &apos;fe80:0:0:0:ce7:beec:a50b:8367%en0&apos;, os.name: &apos;Mac OS X&apos;, os.arch: &apos;x86_64&apos;, os.version: &apos;10.16&apos;, java.version: &apos;1.8.0_201&apos;&#10;Driver info: org.openqa.selenium.chrome.ChromeDriver&#10;Command: [39615e9b37cbcea1ce91fcb49ce925b2, clickElement {id=c90b0224-b118-4756-983d-84c1750b652d}]&#10;Capabilities {acceptInsecureCerts: false, browserName: chrome, browserVersion: 110.0.5481.100, chrome: {chromedriverVersion: 110.0.5481.77 (65ed616c6e8e..., userDataDir: /var/folders/00/xzw63_pj58g...}, goog:chromeOptions: {debuggerAddress: localhost:50184}, javascriptEnabled: true, networkConnectionEnabled: false, pageLoadStrategy: normal, platform: MAC, platformName: MAC, proxy: Proxy(), se:cdp: ws://localhost:50184/devtoo..., se:cdpVersion: 110.0.5481.100, setWindowRect: true, strictFileInteractability: false, timeouts: {implicit: 0, pageLoad: 300000, script: 30000}, unhandledPromptBehavior: dismiss and notify, webauthn:extension:credBlob: true, webauthn:extension:largeBlob: true, webauthn:virtualAuthenticators: true}&#10;Element: [[ChromeDriver: chrome on MAC (39615e9b37cbcea1ce91fcb49ce925b2)] -&gt; id: modal-profil-murid]&#10;Session ID: 39615e9b37cbcea1ce91fcb49ce925b2" type="org.openqa.selenium.ElementClickInterceptedException"><![CDATA[org.openqa.selenium.ElementClickInterceptedException: 
element click intercepted: Element <label id="modal-profil-murid" for="my-modal-5" class="flex gap-1 absolute lg:top-10 top-10 lg:right-40 right-0">...</label> is not clickable at point (949, 280). Other element would receive the click: <h2 class="swal2-title" id="swal2-title" style="display: block;">...</h2>
  (Session info: chrome=110.0.5481.100)
Build info: version: '4.1.2', revision: '9a5a329c5a'
System info: host: 'nsystem-mbp', ip: 'fe80:0:0:0:ce7:beec:a50b:8367%en0', os.name: 'Mac OS X', os.arch: 'x86_64', os.version: '10.16', java.version: '1.8.0_201'
Driver info: org.openqa.selenium.chrome.ChromeDriver
Command: [39615e9b37cbcea1ce91fcb49ce925b2, clickElement {id=c90b0224-b118-4756-983d-84c1750b652d}]
Capabilities {acceptInsecureCerts: false, browserName: chrome, browserVersion: 110.0.5481.100, chrome: {chromedriverVersion: 110.0.5481.77 (65ed616c6e8e..., userDataDir: /var/folders/00/xzw63_pj58g...}, goog:chromeOptions: {debuggerAddress: localhost:50184}, javascriptEnabled: true, networkConnectionEnabled: false, pageLoadStrategy: normal, platform: MAC, platformName: MAC, proxy: Proxy(), se:cdp: ws://localhost:50184/devtoo..., se:cdpVersion: 110.0.5481.100, setWindowRect: true, strictFileInteractability: false, timeouts: {implicit: 0, pageLoad: 300000, script: 30000}, unhandledPromptBehavior: dismiss and notify, webauthn:extension:credBlob: true, webauthn:extension:largeBlob: true, webauthn:virtualAuthenticators: true}
Element: [[ChromeDriver: chrome on MAC (39615e9b37cbcea1ce91fcb49ce925b2)] -> id: modal-profil-murid]
Session ID: 39615e9b37cbcea1ce91fcb49ce925b2
]]></error>
  </testcase>
  <testcase name="" classname="| uyuyks@gmail.com |" time="0.002">
    <error message="no such element: Unable to locate element: {&quot;method&quot;:&quot;xpath&quot;,&quot;selector&quot;:&quot;//div[@class=&apos;bp4-tab pl-12 pr-12 pb-2 font-bold text-xl lg:ml-60 mx-auto&apos;]&quot;}&#10;  (Session info: chrome=110.0.5481.100)&#10;For documentation on this error, please visit: https://selenium.dev/exceptions/#no_such_element&#10;Build info: version: &apos;4.1.2&apos;, revision: &apos;9a5a329c5a&apos;&#10;System info: host: &apos;nsystem-mbp&apos;, ip: &apos;fe80:0:0:0:ce7:beec:a50b:8367%en0&apos;, os.name: &apos;Mac OS X&apos;, os.arch: &apos;x86_64&apos;, os.version: &apos;10.16&apos;, java.version: &apos;1.8.0_201&apos;&#10;Driver info: org.openqa.selenium.chrome.ChromeDriver&#10;Command: [ed10a8d77a1e4e657326340043c7ed86, findElement {using=xpath, value=//div[@class=&apos;bp4-tab pl-12 pr-12 pb-2 font-bold text-xl lg:ml-60 mx-auto&apos;]}]&#10;Capabilities {acceptInsecureCerts: false, browserName: chrome, browserVersion: 110.0.5481.100, chrome: {chromedriverVersion: 110.0.5481.77 (65ed616c6e8e..., userDataDir: /var/folders/00/xzw63_pj58g...}, goog:chromeOptions: {debuggerAddress: localhost:51954}, javascriptEnabled: true, networkConnectionEnabled: false, pageLoadStrategy: normal, platform: MAC, platformName: MAC, proxy: Proxy(), se:cdp: ws://localhost:51954/devtoo..., se:cdpVersion: 110.0.5481.100, setWindowRect: true, strictFileInteractability: false, timeouts: {implicit: 0, pageLoad: 300000, script: 30000}, unhandledPromptBehavior: dismiss and notify, webauthn:extension:credBlob: true, webauthn:extension:largeBlob: true, webauthn:virtualAuthenticators: true}&#10;Session ID: ed10a8d77a1e4e657326340043c7ed86" type="org.openqa.selenium.NoSuchElementException"><![CDATA[org.openqa.selenium.NoSuchElementException: 
no such element: Unable to locate element: {"method":"xpath","selector":"//div[@class='bp4-tab pl-12 pr-12 pb-2 font-bold text-xl lg:ml-60 mx-auto']"}
  (Session info: chrome=110.0.5481.100)
For documentation on this error, please visit: https://selenium.dev/exceptions/#no_such_element
Build info: version: '4.1.2', revision: '9a5a329c5a'
System info: host: 'nsystem-mbp', ip: 'fe80:0:0:0:ce7:beec:a50b:8367%en0', os.name: 'Mac OS X', os.arch: 'x86_64', os.version: '10.16', java.version: '1.8.0_201'
Driver info: org.openqa.selenium.chrome.ChromeDriver
Command: [ed10a8d77a1e4e657326340043c7ed86, findElement {using=xpath, value=//div[@class='bp4-tab pl-12 pr-12 pb-2 font-bold text-xl lg:ml-60 mx-auto']}]
Capabilities {acceptInsecureCerts: false, browserName: chrome, browserVersion: 110.0.5481.100, chrome: {chromedriverVersion: 110.0.5481.77 (65ed616c6e8e..., userDataDir: /var/folders/00/xzw63_pj58g...}, goog:chromeOptions: {debuggerAddress: localhost:51954}, javascriptEnabled: true, networkConnectionEnabled: false, pageLoadStrategy: normal, platform: MAC, platformName: MAC, proxy: Proxy(), se:cdp: ws://localhost:51954/devtoo..., se:cdpVersion: 110.0.5481.100, setWindowRect: true, strictFileInteractability: false, timeouts: {implicit: 0, pageLoad: 300000, script: 30000}, unhandledPromptBehavior: dismiss and notify, webauthn:extension:credBlob: true, webauthn:extension:largeBlob: true, webauthn:virtualAuthenticators: true}
Session ID: ed10a8d77a1e4e657326340043c7ed86
]]></error>
  </testcase>
  <testcase name="Given Student already on Edit Profile page" classname="| uyuyks@gmail.com |" time="0">
    <skipped/>
    <system-out><![CDATA[
  Background:                                                                        &amp#27;[90m# features/UpdateStudent.feature:4&amp#27;[0m
    &amp#27;[32mGiven &amp#27;[0m&amp#27;[32mUser open the website GuruMu&amp#27;[0m                                               &amp#27;[90m# LoginSteps.userOpenTheWebsiteGuruMu()&amp#27;[0m
    &amp#27;[32mWhen &amp#27;[0m&amp#27;[32mUser click avatar navigation&amp#27;[0m                                                &amp#27;[90m# LoginSteps.userClickAvatarNavigation()&amp#27;[0m
    &amp#27;[32mAnd &amp#27;[0m&amp#27;[32mUser click menu Masuk&amp#27;[0m                                                        &amp#27;[90m# LoginSteps.userClickMenuMasuk()&amp#27;[0m
    &amp#27;[32mAnd &amp#27;[0m&amp#27;[32mUser input "&amp#27;[0m&amp#27;[32m&amp#27;[1mherdiladania11@gmail.com&amp#27;[0m&amp#27;[32m" as email and input "&amp#27;[0m&amp#27;[32m&amp#27;[1mfe123&amp#27;[0m&amp#27;[32m" as password&amp#27;[0m &amp#27;[90m# LoginSteps.inputCredential(String,String)&amp#27;[0m
    &amp#27;[32mAnd &amp#27;[0m&amp#27;[32mUser clicked masuk button&amp#27;[0m                                                    &amp#27;[90m# LoginSteps.userClickMasukButton()&amp#27;[0m
    &amp#27;[32mWhen &amp#27;[0m&amp#27;[32mUser move to Profile Page&amp#27;[0m                                                   &amp#27;[90m# PenilaianUlasanSteps.userMoveToProfilePage()&amp#27;[0m
    &amp#27;[31mAnd &amp#27;[0m&amp#27;[31mUser click edit profile&amp#27;[0m                                                      &amp#27;[90m# UpdateStudentSteps.userClickEditProfile()&amp#27;[0m
      &amp#27;[31morg.openqa.selenium.ElementClickInterceptedException: element click intercepted: Element <label id="modal-profil-murid" for="my-modal-5" class="flex gap-1 absolute lg:top-10 top-10 lg:right-40 right-0">...</label> is not clickable at point (949, 280). Other element would receive the click: <h2 class="swal2-title" id="swal2-title" style="display: block;">...</h2>
        (Session info: chrome=110.0.5481.100)
      Build info: version: '4.1.2', revision: '9a5a329c5a'
      System info: host: 'nsystem-mbp', ip: 'fe80:0:0:0:ce7:beec:a50b:8367%en0', os.name: 'Mac OS X', os.arch: 'x86_64', os.version: '10.16', java.version: '1.8.0_201'
      Driver info: org.openqa.selenium.chrome.ChromeDriver
      Command: [39615e9b37cbcea1ce91fcb49ce925b2, clickElement {id=c90b0224-b118-4756-983d-84c1750b652d}]
      Capabilities {acceptInsecureCerts: false, browserName: chrome, browserVersion: 110.0.5481.100, chrome: {chromedriverVersion: 110.0.5481.77 (65ed616c6e8e..., userDataDir: /var/folders/00/xzw63_pj58g...}, goog:chromeOptions: {debuggerAddress: localhost:50184}, javascriptEnabled: true, networkConnectionEnabled: false, pageLoadStrategy: normal, platform: MAC, platformName: MAC, proxy: Proxy(), se:cdp: ws://localhost:50184/devtoo..., se:cdpVersion: 110.0.5481.100, setWindowRect: true, strictFileInteractability: false, timeouts: {implicit: 0, pageLoad: 300000, script: 30000}, unhandledPromptBehavior: dismiss and notify, webauthn:extension:credBlob: true, webauthn:extension:largeBlob: true, webauthn:virtualAuthenticators: true}
      Element: [[ChromeDriver: chrome on MAC (39615e9b37cbcea1ce91fcb49ce925b2)] -> id: modal-profil-murid]
      Session ID: 39615e9b37cbcea1ce91fcb49ce925b2
      	at sun.reflect.NativeConstructorAccessorImpl.newInstance0(Native Method)
      	at sun.reflect.NativeConstructorAccessorImpl.newInstance(NativeConstructorAccessorImpl.java:62)
      	at sun.reflect.DelegatingConstructorAccessorImpl.newInstance(DelegatingConstructorAccessorImpl.java:45)
      	at java.lang.reflect.Constructor.newInstance(Constructor.java:423)
      	at org.openqa.selenium.remote.codec.w3c.W3CHttpResponseCodec.createException(W3CHttpResponseCodec.java:200)
      	at org.openqa.selenium.remote.codec.w3c.W3CHttpResponseCodec.decode(W3CHttpResponseCodec.java:133)
      	at org.openqa.selenium.remote.codec.w3c.W3CHttpResponseCodec.decode(W3CHttpResponseCodec.java:53)
      	at org.openqa.selenium.remote.HttpCommandExecutor.execute(HttpCommandExecutor.java:184)
      	at org.openqa.selenium.remote.service.DriverCommandExecutor.invokeExecute(DriverCommandExecutor.java:167)
      	at org.openqa.selenium.remote.service.DriverCommandExecutor.execute(DriverCommandExecutor.java:142)
      	at org.openqa.selenium.remote.RemoteWebDriver.execute(RemoteWebDriver.java:558)
      	at org.openqa.selenium.remote.RemoteWebElement.execute(RemoteWebElement.java:251)
      	at org.openqa.selenium.remote.RemoteWebElement.click(RemoteWebElement.java:77)
      	at sun.reflect.GeneratedMethodAccessor10.invoke(Unknown Source)
      	at sun.reflect.DelegatingMethodAccessorImpl.invoke(DelegatingMethodAccessorImpl.java:43)
      	at java.lang.reflect.Method.invoke(Method.java:498)
      	at org.openqa.selenium.support.pagefactory.internal.LocatingElementHandler.invoke(LocatingElementHandler.java:52)
      	at com.sun.proxy.$Proxy21.click(Unknown Source)
      	at org.example.pageObject.UpdateStudentPage.openEditProfileModal(UpdateStudentPage.java:105)
      	at step_definitions.UpdateStudentSteps.userClickEditProfile(UpdateStudentSteps.java:355)
      	at ✽.And User click edit profile(features/UpdateStudent.feature:11)
      &amp#27;[0m
]]></system-out>
  </testcase>
  <testcase name="When Student click Email field" classname="| uyuyks@gmail.com |" time="0">
    <skipped/>
  </testcase>
  <testcase name="Then Student input with valid name like &quot;uyuyks@gmail.com&quot; in Email field" classname="| uyuyks@gmail.com |" time="0">
    <skipped/>
  </testcase>
  <testcase name="And User input &quot;zulfeekei@gmail.com&quot; as email and input &quot;be123&quot; as password" classname="| uyuyks@gmail.com |" time="0"/>
  <testcase name="And User move to edit profile" classname="| uyuyks@gmail.com |" time="0.001">
    <error message="no such element: Unable to locate element: {&quot;method&quot;:&quot;xpath&quot;,&quot;selector&quot;:&quot;//div[@class=&apos;bp4-tab pl-12 pr-12 pb-2 font-bold text-xl lg:ml-60 mx-auto&apos;]&quot;}&#10;  (Session info: chrome=110.0.5481.100)&#10;For documentation on this error, please visit: https://selenium.dev/exceptions/#no_such_element&#10;Build info: version: &apos;4.1.2&apos;, revision: &apos;9a5a329c5a&apos;&#10;System info: host: &apos;nsystem-mbp&apos;, ip: &apos;fe80:0:0:0:ce7:beec:a50b:8367%en0&apos;, os.name: &apos;Mac OS X&apos;, os.arch: &apos;x86_64&apos;, os.version: &apos;10.16&apos;, java.version: &apos;1.8.0_201&apos;&#10;Driver info: org.openqa.selenium.chrome.ChromeDriver&#10;Command: [ed10a8d77a1e4e657326340043c7ed86, findElement {using=xpath, value=//div[@class=&apos;bp4-tab pl-12 pr-12 pb-2 font-bold text-xl lg:ml-60 mx-auto&apos;]}]&#10;Capabilities {acceptInsecureCerts: false, browserName: chrome, browserVersion: 110.0.5481.100, chrome: {chromedriverVersion: 110.0.5481.77 (65ed616c6e8e..., userDataDir: /var/folders/00/xzw63_pj58g...}, goog:chromeOptions: {debuggerAddress: localhost:51954}, javascriptEnabled: true, networkConnectionEnabled: false, pageLoadStrategy: normal, platform: MAC, platformName: MAC, proxy: Proxy(), se:cdp: ws://localhost:51954/devtoo..., se:cdpVersion: 110.0.5481.100, setWindowRect: true, strictFileInteractability: false, timeouts: {implicit: 0, pageLoad: 300000, script: 30000}, unhandledPromptBehavior: dismiss and notify, webauthn:extension:credBlob: true, webauthn:extension:largeBlob: true, webauthn:virtualAuthenticators: true}&#10;Session ID: ed10a8d77a1e4e657326340043c7ed86" type="org.openqa.selenium.NoSuchElementException"><![CDATA[org.openqa.selenium.NoSuchElementException: 
no such element: Unable to locate element: {"method":"xpath","selector":"//div[@class='bp4-tab pl-12 pr-12 pb-2 font-bold text-xl lg:ml-60 mx-auto']"}
  (Session info: chrome=110.0.5481.100)
For documentation on this error, please visit: https://selenium.dev/exceptions/#no_such_element
Build info: version: '4.1.2', revision: '9a5a329c5a'
System info: host: 'nsystem-mbp', ip: 'fe80:0:0:0:ce7:beec:a50b:8367%en0', os.name: 'Mac OS X', os.arch: 'x86_64', os.version: '10.16', java.version: '1.8.0_201'
Driver info: org.openqa.selenium.chrome.ChromeDriver
Command: [ed10a8d77a1e4e657326340043c7ed86, findElement {using=xpath, value=//div[@class='bp4-tab pl-12 pr-12 pb-2 font-bold text-xl lg:ml-60 mx-auto']}]
Capabilities {acceptInsecureCerts: false, browserName: chrome, browserVersion: 110.0.5481.100, chrome: {chromedriverVersion: 110.0.5481.77 (65ed616c6e8e..., userDataDir: /var/folders/00/xzw63_pj58g...}, goog:chromeOptions: {debuggerAddress: localhost:51954}, javascriptEnabled: true, networkConnectionEnabled: false, pageLoadStrategy: normal, platform: MAC, platformName: MAC, proxy: Proxy(), se:cdp: ws://localhost:51954/devtoo..., se:cdpVersion: 110.0.5481.100, setWindowRect: true, strictFileInteractability: false, timeouts: {implicit: 0, pageLoad: 300000, script: 30000}, unhandledPromptBehavior: dismiss and notify, webauthn:extension:credBlob: true, webauthn:extension:largeBlob: true, webauthn:virtualAuthenticators: true}
Session ID: ed10a8d77a1e4e657326340043c7ed86
]]></error>
  </testcase>
  <testcase name="Given Teacher already on Edit Profile page" classname="| uyuyks@gmail.com |" time="0">
    <skipped/>
    <system-out><![CDATA[
  Background:                                                                   &amp#27;[90m# features/UpdateTeacher.feature:4&amp#27;[0m
    &amp#27;[32mGiven &amp#27;[0m&amp#27;[32mUser open the website GuruMu&amp#27;[0m                                          &amp#27;[90m# LoginSteps.userOpenTheWebsiteGuruMu()&amp#27;[0m
    &amp#27;[32mWhen &amp#27;[0m&amp#27;[32mUser click avatar navigation&amp#27;[0m                                           &amp#27;[90m# LoginSteps.userClickAvatarNavigation()&amp#27;[0m
    &amp#27;[32mAnd &amp#27;[0m&amp#27;[32mUser click menu Masuk&amp#27;[0m                                                   &amp#27;[90m# LoginSteps.userClickMenuMasuk()&amp#27;[0m
    &amp#27;[32mAnd &amp#27;[0m&amp#27;[32mUser input "&amp#27;[0m&amp#27;[32m&amp#27;[1mzulfeekei@gmail.com&amp#27;[0m&amp#27;[32m" as email and input "&amp#27;[0m&amp#27;[32m&amp#27;[1mbe123&amp#27;[0m&amp#27;[32m" as password&amp#27;[0m &amp#27;[90m# LoginSteps.inputCredential(String,String)&amp#27;[0m
    &amp#27;[32mAnd &amp#27;[0m&amp#27;[32mUser clicked masuk button&amp#27;[0m                                               &amp#27;[90m# LoginSteps.userClickMasukButton()&amp#27;[0m
    &amp#27;[32mWhen &amp#27;[0m&amp#27;[32mUser move to Profile Page&amp#27;[0m                                              &amp#27;[90m# PenilaianUlasanSteps.userMoveToProfilePage()&amp#27;[0m
    &amp#27;[31mAnd &amp#27;[0m&amp#27;[31mUser move to edit profile&amp#27;[0m                                               &amp#27;[90m# UpdateTeacherSteps.userMoveToEditProfile()&amp#27;[0m
      &amp#27;[31morg.openqa.selenium.NoSuchElementException: no such element: Unable to locate element: {"method":"xpath","selector":"//div[@class='bp4-tab pl-12 pr-12 pb-2 font-bold text-xl lg:ml-60 mx-auto']"}
        (Session info: chrome=110.0.5481.100)
      For documentation on this error, please visit: https://selenium.dev/exceptions/#no_such_element
      Build info: version: '4.1.2', revision: '9a5a329c5a'
      System info: host: 'nsystem-mbp', ip: 'fe80:0:0:0:ce7:beec:a50b:8367%en0', os.name: 'Mac OS X', os.arch: 'x86_64', os.version: '10.16', java.version: '1.8.0_201'
      Driver info: org.openqa.selenium.chrome.ChromeDriver
      Command: [ed10a8d77a1e4e657326340043c7ed86, findElement {using=xpath, value=//div[@class='bp4-tab pl-12 pr-12 pb-2 font-bold text-xl lg:ml-60 mx-auto']}]
      Capabilities {acceptInsecureCerts: false, browserName: chrome, browserVersion: 110.0.5481.100, chrome: {chromedriverVersion: 110.0.5481.77 (65ed616c6e8e..., userDataDir: /var/folders/00/xzw63_pj58g...}, goog:chromeOptions: {debuggerAddress: localhost:51954}, javascriptEnabled: true, networkConnectionEnabled: false, pageLoadStrategy: normal, platform: MAC, platformName: MAC, proxy: Proxy(), se:cdp: ws://localhost:51954/devtoo..., se:cdpVersion: 110.0.5481.100, setWindowRect: true, strictFileInteractability: false, timeouts: {implicit: 0, pageLoad: 300000, script: 30000}, unhandledPromptBehavior: dismiss and notify, webauthn:extension:credBlob: true, webauthn:extension:largeBlob: true, webauthn:virtualAuthenticators: true}
      Session ID: ed10a8d77a1e4e657326340043c7ed86
      	at sun.reflect.GeneratedConstructorAccessor38.newInstance(Unknown Source)
      	at sun.reflect.DelegatingConstructorAccessorImpl.newInstance(DelegatingConstructorAccessorImpl.java:45)
      	at java.lang.reflect.Constructor.newInstance(Constructor.java:423)
      	at org.openqa.selenium.remote.codec.w3c.W3CHttpResponseCodec.createException(W3CHttpResponseCodec.java:200)
      	at org.openqa.selenium.remote.codec.w3c.W3CHttpResponseCodec.decode(W3CHttpResponseCodec.java:133)
      	at org.openqa.selenium.remote.codec.w3c.W3CHttpResponseCodec.decode(W3CHttpResponseCodec.java:53)
      	at org.openqa.selenium.remote.HttpCommandExecutor.execute(HttpCommandExecutor.java:184)
      	at org.openqa.selenium.remote.service.DriverCommandExecutor.invokeExecute(DriverCommandExecutor.java:167)
      	at org.openqa.selenium.remote.service.DriverCommandExecutor.execute(DriverCommandExecutor.java:142)
      	at org.openqa.selenium.remote.RemoteWebDriver.execute(RemoteWebDriver.java:558)
      	at org.openqa.selenium.remote.ElementLocation$ElementFinder$2.findElement(ElementLocation.java:162)
      	at org.openqa.selenium.remote.ElementLocation.findElement(ElementLocation.java:60)
      	at org.openqa.selenium.remote.RemoteWebDriver.findElement(RemoteWebDriver.java:382)
      	at org.openqa.selenium.remote.RemoteWebDriver.findElement(RemoteWebDriver.java:374)
      	at org.openqa.selenium.support.pagefactory.DefaultElementLocator.findElement(DefaultElementLocator.java:70)
      	at org.openqa.selenium.support.pagefactory.internal.LocatingElementHandler.invoke(LocatingElementHandler.java:39)
      	at com.sun.proxy.$Proxy21.click(Unknown Source)
      	at org.example.pageObject.UpdateTeacherPage.toEditProfile(UpdateTeacherPage.java:327)
      	at step_definitions.UpdateTeacherSteps.userMoveToEditProfile(UpdateTeacherSteps.java:1195)
      	at ✽.And User move to edit profile(features/UpdateTeacher.feature:11)
      &amp#27;[0m
]]></system-out>
  </testcase>
  <testcase name="When Teacher click &apos;Email&apos; field" classname="| uyuyks@gmail.com |" time="0">
    <skipped/>
  </testcase>
  <testcase name="Then Teacher input with valid name like &quot;uyuyks@gmail.com&quot; in &apos;Email&apos; field" classname="| uyuyks@gmail.com |" time="0">
    <skipped/>
  </testcase>
  <testcase name="Given User open the website GuruMu" classname="| uyuyks@gmail |" time="0">
    <system-out><![CDATA[
  @TestUpdateStudent @Test
  Scenario Outline: Input Field with Valid Email in Email field               &amp#27;[90m# features/UpdateStudent.feature:122&amp#27;[0m
    &amp#27;[36mGiven &amp#27;[0m&amp#27;[36mStudent already on Edit Profile page&amp#27;[0m                                &amp#27;[90m# UpdateStudentSteps.studentAlreadyonEditProfilePage()&amp#27;[0m
    &amp#27;[36mWhen &amp#27;[0m&amp#27;[36mStudent click Email field&amp#27;[0m                                            &amp#27;[90m# UpdateStudentSteps.studentClickEmailField()&amp#27;[0m
    &amp#27;[36mThen &amp#27;[0m&amp#27;[36mStudent input with valid name like "&amp#27;[0m&amp#27;[36m&amp#27;[1muyuyks@gmail.com&amp#27;[0m&amp#27;[36m" in Email field&amp#27;[0m &amp#27;[90m# UpdateStudentSteps.studentInputWithValidNameLikeInEmailField(String)&amp#27;[0m

  Scenario Outline: Input Field with Not Valid Email in Email field  &amp#27;[90m# features/UpdateStudent.feature:124&amp#27;[0m
    &amp#27;[36mGiven &amp#27;[0m&amp#27;[36mStudent already on Edit Profile page&amp#27;[0m
    &amp#27;[36mWhen &amp#27;[0m&amp#27;[36mStudent click Email field&amp#27;[0m
    &amp#27;[36mThen &amp#27;[0m&amp#27;[36mStudent input with valid name like "<email>" in Email field&amp#27;[0m

    Examples: 
]]></system-out>
    <system-err><![CDATA[Starting ChromeDriver 110.0.5481.77 (65ed616c6e8ee3fe0ad64fe83796c020644d42af-refs/branch-heads/5481@{#839}) on port 64171
Only local connections are allowed.
Please see https://chromedriver.chromium.org/security-considerations for suggestions on keeping ChromeDriver safe.
ChromeDriver was started successfully.
[1676553539.095][WARNING]: virtual void DevToolsClientImpl::AddListener(DevToolsEventListener *) subscribing a listener to the already connected DevToolsClient. Connection notification will not arrive.
Feb 16, 2023 8:18:59 PM org.openqa.selenium.remote.ProtocolHandshake createSession
INFO: Detected dialect: W3C
Feb 16, 2023 8:18:59 PM org.openqa.selenium.devtools.CdpVersionFinder findNearestMatch
WARNING: Unable to find an exact match for CDP version 110, so returning the closest version found: a no-op implementation
Feb 16, 2023 8:18:59 PM org.openqa.selenium.devtools.CdpVersionFinder findNearestMatch
INFO: Unable to find CDP implementation matching 110.
Feb 16, 2023 8:18:59 PM org.openqa.selenium.chromium.ChromiumDriver lambda$new$3
WARNING: Unable to find version of CDP to use for . You may need to include a dependency on a specific version of the CDP using something similar to `org.seleniumhq.selenium:selenium-devtools-v86:4.1.2` where the version ("v86") matches the version of the chromium-based browser you're using and the version number of the artifact is the same as Selenium's.
]]></system-err>
  </testcase>
  <testcase name="Given User open the website GuruMu" classname="| uyuyks@gmail |" time="0">
    <system-out><![CDATA[
  @TestUpdateTeacher @Test
  Scenario Outline: Input Field with Valid Email in 'Email' field               &amp#27;[90m# features/UpdateTeacher.feature:361&amp#27;[0m
    &amp#27;[36mGiven &amp#27;[0m&amp#27;[36mTeacher already on Edit Profile page&amp#27;[0m                                  &amp#27;[90m# UpdateTeacherSteps.teacherAlreadyOnEditProfilePage()&amp#27;[0m
    &amp#27;[36mWhen &amp#27;[0m&amp#27;[36mTeacher click 'Email' field&amp#27;[0m                                            &amp#27;[90m# UpdateTeacherSteps.teacherClickEmailField()&amp#27;[0m
    &amp#27;[36mThen &amp#27;[0m&amp#27;[36mTeacher input with valid name like "&amp#27;[0m&amp#27;[36m&amp#27;[1muyuyks@gmail.com&amp#27;[0m&amp#27;[36m" in 'Email' field&amp#27;[0m &amp#27;[90m# UpdateTeacherSteps.teacherInputWithValidNameLikeInEmailField(String)&amp#27;[0m

  Scenario Outline: Input Field with Not Valid Email in 'Email' field  &amp#27;[90m# features/UpdateTeacher.feature:363&amp#27;[0m
    &amp#27;[36mGiven &amp#27;[0m&amp#27;[36mTeacher already on Edit Profile page&amp#27;[0m
    &amp#27;[36mWhen &amp#27;[0m&amp#27;[36mTeacher click 'Email' field&amp#27;[0m
    &amp#27;[36mThen &amp#27;[0m&amp#27;[36mTeacher input with valid name like "<email>" in 'Email' field&amp#27;[0m

    Examples: 
]]></system-out>
    <system-err><![CDATA[Starting ChromeDriver 110.0.5481.77 (65ed616c6e8ee3fe0ad64fe83796c020644d42af-refs/branch-heads/5481@{#839}) on port 49270
Only local connections are allowed.
Please see https://chromedriver.chromium.org/security-considerations for suggestions on keeping ChromeDriver safe.
ChromeDriver was started successfully.
[1676555796.885][WARNING]: virtual void DevToolsClientImpl::AddListener(DevToolsEventListener *) subscribing a listener to the already connected DevToolsClient. Connection notification will not arrive.
Feb 16, 2023 8:56:37 PM org.openqa.selenium.remote.ProtocolHandshake createSession
INFO: Detected dialect: W3C
Feb 16, 2023 8:56:37 PM org.openqa.selenium.devtools.CdpVersionFinder findNearestMatch
WARNING: Unable to find an exact match for CDP version 110, so returning the closest version found: a no-op implementation
Feb 16, 2023 8:56:37 PM org.openqa.selenium.devtools.CdpVersionFinder findNearestMatch
INFO: Unable to find CDP implementation matching 110.
Feb 16, 2023 8:56:37 PM org.openqa.selenium.chromium.ChromiumDriver lambda$new$3
WARNING: Unable to find version of CDP to use for . You may need to include a dependency on a specific version of the CDP using something similar to `org.seleniumhq.selenium:selenium-devtools-v86:4.1.2` where the version ("v86") matches the version of the chromium-based browser you're using and the version number of the artifact is the same as Selenium's.
]]></system-err>
  </testcase>
  <testcase name="When User click avatar navigation" classname="| uyuyks@gmail |" time="0"/>
  <testcase name="When User click avatar navigation" classname="| uyuyks@gmail |" time="0"/>
  <testcase name="And User click menu Masuk" classname="| uyuyks@gmail |" time="0"/>
  <testcase name="And User click menu Masuk" classname="| uyuyks@gmail |" time="0"/>
  <testcase name="And User input &quot;herdiladania11@gmail.com&quot; as email and input &quot;fe123&quot; as password" classname="| uyuyks@gmail |" time="0"/>
  <testcase name="And User clicked masuk button" classname="| uyuyks@gmail |" time="0"/>
  <testcase name="And User clicked masuk button" classname="| uyuyks@gmail |" time="0"/>
  <testcase name="When User move to Profile Page" classname="| uyuyks@gmail |" time="0"/>
  <testcase name="When User move to Profile Page" classname="| uyuyks@gmail |" time="0.001"/>
  <testcase name="And User click edit profile" classname="| uyuyks@gmail |" time="0.005">
    <error message="element click intercepted: Element &lt;label id=&quot;modal-profil-murid&quot; for=&quot;my-modal-5&quot; class=&quot;flex gap-1 absolute lg:top-10 top-10 lg:right-40 right-0&quot;&gt;...&lt;/label&gt; is not clickable at point (949, 280). Other element would receive the click: &lt;h2 class=&quot;swal2-title&quot; id=&quot;swal2-title&quot; style=&quot;display: block;&quot;&gt;...&lt;/h2&gt;&#10;  (Session info: chrome=110.0.5481.100)&#10;Build info: version: &apos;4.1.2&apos;, revision: &apos;9a5a329c5a&apos;&#10;System info: host: &apos;nsystem-mbp&apos;, ip: &apos;fe80:0:0:0:ce7:beec:a50b:8367%en0&apos;, os.name: &apos;Mac OS X&apos;, os.arch: &apos;x86_64&apos;, os.version: &apos;10.16&apos;, java.version: &apos;1.8.0_201&apos;&#10;Driver info: org.openqa.selenium.chrome.ChromeDriver&#10;Command: [4aab6aa9656c92690cefe6090dac65a2, clickElement {id=d1dc79d9-5f44-43f3-90f4-b6b3136c6cd7}]&#10;Capabilities {acceptInsecureCerts: false, browserName: chrome, browserVersion: 110.0.5481.100, chrome: {chromedriverVersion: 110.0.5481.77 (65ed616c6e8e..., userDataDir: /var/folders/00/xzw63_pj58g...}, goog:chromeOptions: {debuggerAddress: localhost:50211}, javascriptEnabled: true, networkConnectionEnabled: false, pageLoadStrategy: normal, platform: MAC, platformName: MAC, proxy: Proxy(), se:cdp: ws://localhost:50211/devtoo..., se:cdpVersion: 110.0.5481.100, setWindowRect: true, strictFileInteractability: false, timeouts: {implicit: 0, pageLoad: 300000, script: 30000}, unhandledPromptBehavior: dismiss and notify, webauthn:extension:credBlob: true, webauthn:extension:largeBlob: true, webauthn:virtualAuthenticators: true}&#10;Element: [[ChromeDriver: chrome on MAC (4aab6aa9656c92690cefe6090dac65a2)] -&gt; id: modal-profil-murid]&#10;Session ID: 4aab6aa9656c92690cefe6090dac65a2" type="org.openqa.selenium.ElementClickInterceptedException"><![CDATA[org.openqa.selenium.ElementClickInterceptedException: 
element click intercepted: Element <label id="modal-profil-murid" for="my-modal-5" class="flex gap-1 absolute lg:top-10 top-10 lg:right-40 right-0">...</label> is not clickable at point (949, 280). Other element would receive the click: <h2 class="swal2-title" id="swal2-title" style="display: block;">...</h2>
  (Session info: chrome=110.0.5481.100)
Build info: version: '4.1.2', revision: '9a5a329c5a'
System info: host: 'nsystem-mbp', ip: 'fe80:0:0:0:ce7:beec:a50b:8367%en0', os.name: 'Mac OS X', os.arch: 'x86_64', os.version: '10.16', java.version: '1.8.0_201'
Driver info: org.openqa.selenium.chrome.ChromeDriver
Command: [4aab6aa9656c92690cefe6090dac65a2, clickElement {id=d1dc79d9-5f44-43f3-90f4-b6b3136c6cd7}]
Capabilities {acceptInsecureCerts: false, browserName: chrome, browserVersion: 110.0.5481.100, chrome: {chromedriverVersion: 110.0.5481.77 (65ed616c6e8e..., userDataDir: /var/folders/00/xzw63_pj58g...}, goog:chromeOptions: {debuggerAddress: localhost:50211}, javascriptEnabled: true, networkConnectionEnabled: false, pageLoadStrategy: normal, platform: MAC, platformName: MAC, proxy: Proxy(), se:cdp: ws://localhost:50211/devtoo..., se:cdpVersion: 110.0.5481.100, setWindowRect: true, strictFileInteractability: false, timeouts: {implicit: 0, pageLoad: 300000, script: 30000}, unhandledPromptBehavior: dismiss and notify, webauthn:extension:credBlob: true, webauthn:extension:largeBlob: true, webauthn:virtualAuthenticators: true}
Element: [[ChromeDriver: chrome on MAC (4aab6aa9656c92690cefe6090dac65a2)] -> id: modal-profil-murid]
Session ID: 4aab6aa9656c92690cefe6090dac65a2
]]></error>
  </testcase>
  <testcase name="" classname="| uyuyks@gmail |" time="0.007">
    <error message="element click intercepted: Element &lt;label id=&quot;modal-profil-murid&quot; for=&quot;my-modal-5&quot; class=&quot;flex gap-1 absolute lg:top-10 top-10 lg:right-40 right-0&quot;&gt;...&lt;/label&gt; is not clickable at point (949, 280). Other element would receive the click: &lt;h2 class=&quot;swal2-title&quot; id=&quot;swal2-title&quot; style=&quot;display: block;&quot;&gt;...&lt;/h2&gt;&#10;  (Session info: chrome=110.0.5481.100)&#10;Build info: version: &apos;4.1.2&apos;, revision: &apos;9a5a329c5a&apos;&#10;System info: host: &apos;nsystem-mbp&apos;, ip: &apos;fe80:0:0:0:ce7:beec:a50b:8367%en0&apos;, os.name: &apos;Mac OS X&apos;, os.arch: &apos;x86_64&apos;, os.version: &apos;10.16&apos;, java.version: &apos;1.8.0_201&apos;&#10;Driver info: org.openqa.selenium.chrome.ChromeDriver&#10;Command: [4aab6aa9656c92690cefe6090dac65a2, clickElement {id=d1dc79d9-5f44-43f3-90f4-b6b3136c6cd7}]&#10;Capabilities {acceptInsecureCerts: false, browserName: chrome, browserVersion: 110.0.5481.100, chrome: {chromedriverVersion: 110.0.5481.77 (65ed616c6e8e..., userDataDir: /var/folders/00/xzw63_pj58g...}, goog:chromeOptions: {debuggerAddress: localhost:50211}, javascriptEnabled: true, networkConnectionEnabled: false, pageLoadStrategy: normal, platform: MAC, platformName: MAC, proxy: Proxy(), se:cdp: ws://localhost:50211/devtoo..., se:cdpVersion: 110.0.5481.100, setWindowRect: true, strictFileInteractability: false, timeouts: {implicit: 0, pageLoad: 300000, script: 30000}, unhandledPromptBehavior: dismiss and notify, webauthn:extension:credBlob: true, webauthn:extension:largeBlob: true, webauthn:virtualAuthenticators: true}&#10;Element: [[ChromeDriver: chrome on MAC (4aab6aa9656c92690cefe6090dac65a2)] -&gt; id: modal-profil-murid]&#10;Session ID: 4aab6aa9656c92690cefe6090dac65a2" type="org.openqa.selenium.ElementClickInterceptedException"><![CDATA[org.openqa.selenium.ElementClickInterceptedException: 
element click intercepted: Element <label id="modal-profil-murid" for="my-modal-5" class="flex gap-1 absolute lg:top-10 top-10 lg:right-40 right-0">...</label> is not clickable at point (949, 280). Other element would receive the click: <h2 class="swal2-title" id="swal2-title" style="display: block;">...</h2>
  (Session info: chrome=110.0.5481.100)
Build info: version: '4.1.2', revision: '9a5a329c5a'
System info: host: 'nsystem-mbp', ip: 'fe80:0:0:0:ce7:beec:a50b:8367%en0', os.name: 'Mac OS X', os.arch: 'x86_64', os.version: '10.16', java.version: '1.8.0_201'
Driver info: org.openqa.selenium.chrome.ChromeDriver
Command: [4aab6aa9656c92690cefe6090dac65a2, clickElement {id=d1dc79d9-5f44-43f3-90f4-b6b3136c6cd7}]
Capabilities {acceptInsecureCerts: false, browserName: chrome, browserVersion: 110.0.5481.100, chrome: {chromedriverVersion: 110.0.5481.77 (65ed616c6e8e..., userDataDir: /var/folders/00/xzw63_pj58g...}, goog:chromeOptions: {debuggerAddress: localhost:50211}, javascriptEnabled: true, networkConnectionEnabled: false, pageLoadStrategy: normal, platform: MAC, platformName: MAC, proxy: Proxy(), se:cdp: ws://localhost:50211/devtoo..., se:cdpVersion: 110.0.5481.100, setWindowRect: true, strictFileInteractability: false, timeouts: {implicit: 0, pageLoad: 300000, script: 30000}, unhandledPromptBehavior: dismiss and notify, webauthn:extension:credBlob: true, webauthn:extension:largeBlob: true, webauthn:virtualAuthenticators: true}
Element: [[ChromeDriver: chrome on MAC (4aab6aa9656c92690cefe6090dac65a2)] -> id: modal-profil-murid]
Session ID: 4aab6aa9656c92690cefe6090dac65a2
]]></error>
  </testcase>
  <testcase name="" classname="| uyuyks@gmail |" time="0.003">
    <error message="no such element: Unable to locate element: {&quot;method&quot;:&quot;xpath&quot;,&quot;selector&quot;:&quot;//div[@class=&apos;bp4-tab pl-12 pr-12 pb-2 font-bold text-xl lg:ml-60 mx-auto&apos;]&quot;}&#10;  (Session info: chrome=110.0.5481.100)&#10;For documentation on this error, please visit: https://selenium.dev/exceptions/#no_such_element&#10;Build info: version: &apos;4.1.2&apos;, revision: &apos;9a5a329c5a&apos;&#10;System info: host: &apos;nsystem-mbp&apos;, ip: &apos;fe80:0:0:0:ce7:beec:a50b:8367%en0&apos;, os.name: &apos;Mac OS X&apos;, os.arch: &apos;x86_64&apos;, os.version: &apos;10.16&apos;, java.version: &apos;1.8.0_201&apos;&#10;Driver info: org.openqa.selenium.chrome.ChromeDriver&#10;Command: [e514a2695096456c676bbd28b9639906, findElement {using=xpath, value=//div[@class=&apos;bp4-tab pl-12 pr-12 pb-2 font-bold text-xl lg:ml-60 mx-auto&apos;]}]&#10;Capabilities {acceptInsecureCerts: false, browserName: chrome, browserVersion: 110.0.5481.100, chrome: {chromedriverVersion: 110.0.5481.77 (65ed616c6e8e..., userDataDir: /var/folders/00/xzw63_pj58g...}, goog:chromeOptions: {debuggerAddress: localhost:51980}, javascriptEnabled: true, networkConnectionEnabled: false, pageLoadStrategy: normal, platform: MAC, platformName: MAC, proxy: Proxy(), se:cdp: ws://localhost:51980/devtoo..., se:cdpVersion: 110.0.5481.100, setWindowRect: true, strictFileInteractability: false, timeouts: {implicit: 0, pageLoad: 300000, script: 30000}, unhandledPromptBehavior: dismiss and notify, webauthn:extension:credBlob: true, webauthn:extension:largeBlob: true, webauthn:virtualAuthenticators: true}&#10;Session ID: e514a2695096456c676bbd28b9639906" type="org.openqa.selenium.NoSuchElementException"><![CDATA[org.openqa.selenium.NoSuchElementException: 
no such element: Unable to locate element: {"method":"xpath","selector":"//div[@class='bp4-tab pl-12 pr-12 pb-2 font-bold text-xl lg:ml-60 mx-auto']"}
  (Session info: chrome=110.0.5481.100)
For documentation on this error, please visit: https://selenium.dev/exceptions/#no_such_element
Build info: version: '4.1.2', revision: '9a5a329c5a'
System info: host: 'nsystem-mbp', ip: 'fe80:0:0:0:ce7:beec:a50b:8367%en0', os.name: 'Mac OS X', os.arch: 'x86_64', os.version: '10.16', java.version: '1.8.0_201'
Driver info: org.openqa.selenium.chrome.ChromeDriver
Command: [e514a2695096456c676bbd28b9639906, findElement {using=xpath, value=//div[@class='bp4-tab pl-12 pr-12 pb-2 font-bold text-xl lg:ml-60 mx-auto']}]
Capabilities {acceptInsecureCerts: false, browserName: chrome, browserVersion: 110.0.5481.100, chrome: {chromedriverVersion: 110.0.5481.77 (65ed616c6e8e..., userDataDir: /var/folders/00/xzw63_pj58g...}, goog:chromeOptions: {debuggerAddress: localhost:51980}, javascriptEnabled: true, networkConnectionEnabled: false, pageLoadStrategy: normal, platform: MAC, platformName: MAC, proxy: Proxy(), se:cdp: ws://localhost:51980/devtoo..., se:cdpVersion: 110.0.5481.100, setWindowRect: true, strictFileInteractability: false, timeouts: {implicit: 0, pageLoad: 300000, script: 30000}, unhandledPromptBehavior: dismiss and notify, webauthn:extension:credBlob: true, webauthn:extension:largeBlob: true, webauthn:virtualAuthenticators: true}
Session ID: e514a2695096456c676bbd28b9639906
]]></error>
  </testcase>
  <testcase name="Given Student already on Edit Profile page" classname="| uyuyks@gmail |" time="0">
    <skipped/>
    <system-out><![CDATA[
  Background:                                                                        &amp#27;[90m# features/UpdateStudent.feature:4&amp#27;[0m
    &amp#27;[32mGiven &amp#27;[0m&amp#27;[32mUser open the website GuruMu&amp#27;[0m                                               &amp#27;[90m# LoginSteps.userOpenTheWebsiteGuruMu()&amp#27;[0m
    &amp#27;[32mWhen &amp#27;[0m&amp#27;[32mUser click avatar navigation&amp#27;[0m                                                &amp#27;[90m# LoginSteps.userClickAvatarNavigation()&amp#27;[0m
    &amp#27;[32mAnd &amp#27;[0m&amp#27;[32mUser click menu Masuk&amp#27;[0m                                                        &amp#27;[90m# LoginSteps.userClickMenuMasuk()&amp#27;[0m
    &amp#27;[32mAnd &amp#27;[0m&amp#27;[32mUser input "&amp#27;[0m&amp#27;[32m&amp#27;[1mherdiladania11@gmail.com&amp#27;[0m&amp#27;[32m" as email and input "&amp#27;[0m&amp#27;[32m&amp#27;[1mfe123&amp#27;[0m&amp#27;[32m" as password&amp#27;[0m &amp#27;[90m# LoginSteps.inputCredential(String,String)&amp#27;[0m
    &amp#27;[32mAnd &amp#27;[0m&amp#27;[32mUser clicked masuk button&amp#27;[0m                                                    &amp#27;[90m# LoginSteps.userClickMasukButton()&amp#27;[0m
    &amp#27;[32mWhen &amp#27;[0m&amp#27;[32mUser move to Profile Page&amp#27;[0m                                                   &amp#27;[90m# PenilaianUlasanSteps.userMoveToProfilePage()&amp#27;[0m
    &amp#27;[31mAnd &amp#27;[0m&amp#27;[31mUser click edit profile&amp#27;[0m                                                      &amp#27;[90m# UpdateStudentSteps.userClickEditProfile()&amp#27;[0m
      &amp#27;[31morg.openqa.selenium.ElementClickInterceptedException: element click intercepted: Element <label id="modal-profil-murid" for="my-modal-5" class="flex gap-1 absolute lg:top-10 top-10 lg:right-40 right-0">...</label> is not clickable at point (949, 280). Other element would receive the click: <h2 class="swal2-title" id="swal2-title" style="display: block;">...</h2>
        (Session info: chrome=110.0.5481.100)
      Build info: version: '4.1.2', revision: '9a5a329c5a'
      System info: host: 'nsystem-mbp', ip: 'fe80:0:0:0:ce7:beec:a50b:8367%en0', os.name: 'Mac OS X', os.arch: 'x86_64', os.version: '10.16', java.version: '1.8.0_201'
      Driver info: org.openqa.selenium.chrome.ChromeDriver
      Command: [4aab6aa9656c92690cefe6090dac65a2, clickElement {id=d1dc79d9-5f44-43f3-90f4-b6b3136c6cd7}]
      Capabilities {acceptInsecureCerts: false, browserName: chrome, browserVersion: 110.0.5481.100, chrome: {chromedriverVersion: 110.0.5481.77 (65ed616c6e8e..., userDataDir: /var/folders/00/xzw63_pj58g...}, goog:chromeOptions: {debuggerAddress: localhost:50211}, javascriptEnabled: true, networkConnectionEnabled: false, pageLoadStrategy: normal, platform: MAC, platformName: MAC, proxy: Proxy(), se:cdp: ws://localhost:50211/devtoo..., se:cdpVersion: 110.0.5481.100, setWindowRect: true, strictFileInteractability: false, timeouts: {implicit: 0, pageLoad: 300000, script: 30000}, unhandledPromptBehavior: dismiss and notify, webauthn:extension:credBlob: true, webauthn:extension:largeBlob: true, webauthn:virtualAuthenticators: true}
      Element: [[ChromeDriver: chrome on MAC (4aab6aa9656c92690cefe6090dac65a2)] -> id: modal-profil-murid]
      Session ID: 4aab6aa9656c92690cefe6090dac65a2
      	at sun.reflect.NativeConstructorAccessorImpl.newInstance0(Native Method)
      	at sun.reflect.NativeConstructorAccessorImpl.newInstance(NativeConstructorAccessorImpl.java:62)
      	at sun.reflect.DelegatingConstructorAccessorImpl.newInstance(DelegatingConstructorAccessorImpl.java:45)
      	at java.lang.reflect.Constructor.newInstance(Constructor.java:423)
      	at org.openqa.selenium.remote.codec.w3c.W3CHttpResponseCodec.createException(W3CHttpResponseCodec.java:200)
      	at org.openqa.selenium.remote.codec.w3c.W3CHttpResponseCodec.decode(W3CHttpResponseCodec.java:133)
      	at org.openqa.selenium.remote.codec.w3c.W3CHttpResponseCodec.decode(W3CHttpResponseCodec.java:53)
      	at org.openqa.selenium.remote.HttpCommandExecutor.execute(HttpCommandExecutor.java:184)
      	at org.openqa.selenium.remote.service.DriverCommandExecutor.invokeExecute(DriverCommandExecutor.java:167)
      	at org.openqa.selenium.remote.service.DriverCommandExecutor.execute(DriverCommandExecutor.java:142)
      	at org.openqa.selenium.remote.RemoteWebDriver.execute(RemoteWebDriver.java:558)
      	at org.openqa.selenium.remote.RemoteWebElement.execute(RemoteWebElement.java:251)
      	at org.openqa.selenium.remote.RemoteWebElement.click(RemoteWebElement.java:77)
      	at sun.reflect.GeneratedMethodAccessor10.invoke(Unknown Source)
      	at sun.reflect.DelegatingMethodAccessorImpl.invoke(DelegatingMethodAccessorImpl.java:43)
      	at java.lang.reflect.Method.invoke(Method.java:498)
      	at org.openqa.selenium.support.pagefactory.internal.LocatingElementHandler.invoke(LocatingElementHandler.java:52)
      	at com.sun.proxy.$Proxy21.click(Unknown Source)
      	at org.example.pageObject.UpdateStudentPage.openEditProfileModal(UpdateStudentPage.java:105)
      	at step_definitions.UpdateStudentSteps.userClickEditProfile(UpdateStudentSteps.java:355)
      	at ✽.And User click edit profile(features/UpdateStudent.feature:11)
      &amp#27;[0m
]]></system-out>
  </testcase>
  <testcase name="When Student click Email field" classname="| uyuyks@gmail |" time="0">
    <skipped/>
  </testcase>
  <testcase name="Then Student input with valid name like &quot;uyuyks@gmail&quot; in Email field" classname="| uyuyks@gmail |" time="0">
    <skipped/>
  </testcase>
  <testcase name="And User input &quot;zulfeekei@gmail.com&quot; as email and input &quot;be123&quot; as password" classname="| uyuyks@gmail |" time="0"/>
  <testcase name="And User move to edit profile" classname="| uyuyks@gmail |" time="0.003">
    <error message="no such element: Unable to locate element: {&quot;method&quot;:&quot;xpath&quot;,&quot;selector&quot;:&quot;//div[@class=&apos;bp4-tab pl-12 pr-12 pb-2 font-bold text-xl lg:ml-60 mx-auto&apos;]&quot;}&#10;  (Session info: chrome=110.0.5481.100)&#10;For documentation on this error, please visit: https://selenium.dev/exceptions/#no_such_element&#10;Build info: version: &apos;4.1.2&apos;, revision: &apos;9a5a329c5a&apos;&#10;System info: host: &apos;nsystem-mbp&apos;, ip: &apos;fe80:0:0:0:ce7:beec:a50b:8367%en0&apos;, os.name: &apos;Mac OS X&apos;, os.arch: &apos;x86_64&apos;, os.version: &apos;10.16&apos;, java.version: &apos;1.8.0_201&apos;&#10;Driver info: org.openqa.selenium.chrome.ChromeDriver&#10;Command: [e514a2695096456c676bbd28b9639906, findElement {using=xpath, value=//div[@class=&apos;bp4-tab pl-12 pr-12 pb-2 font-bold text-xl lg:ml-60 mx-auto&apos;]}]&#10;Capabilities {acceptInsecureCerts: false, browserName: chrome, browserVersion: 110.0.5481.100, chrome: {chromedriverVersion: 110.0.5481.77 (65ed616c6e8e..., userDataDir: /var/folders/00/xzw63_pj58g...}, goog:chromeOptions: {debuggerAddress: localhost:51980}, javascriptEnabled: true, networkConnectionEnabled: false, pageLoadStrategy: normal, platform: MAC, platformName: MAC, proxy: Proxy(), se:cdp: ws://localhost:51980/devtoo..., se:cdpVersion: 110.0.5481.100, setWindowRect: true, strictFileInteractability: false, timeouts: {implicit: 0, pageLoad: 300000, script: 30000}, unhandledPromptBehavior: dismiss and notify, webauthn:extension:credBlob: true, webauthn:extension:largeBlob: true, webauthn:virtualAuthenticators: true}&#10;Session ID: e514a2695096456c676bbd28b9639906" type="org.openqa.selenium.NoSuchElementException"><![CDATA[org.openqa.selenium.NoSuchElementException: 
no such element: Unable to locate element: {"method":"xpath","selector":"//div[@class='bp4-tab pl-12 pr-12 pb-2 font-bold text-xl lg:ml-60 mx-auto']"}
  (Session info: chrome=110.0.5481.100)
For documentation on this error, please visit: https://selenium.dev/exceptions/#no_such_element
Build info: version: '4.1.2', revision: '9a5a329c5a'
System info: host: 'nsystem-mbp', ip: 'fe80:0:0:0:ce7:beec:a50b:8367%en0', os.name: 'Mac OS X', os.arch: 'x86_64', os.version: '10.16', java.version: '1.8.0_201'
Driver info: org.openqa.selenium.chrome.ChromeDriver
Command: [e514a2695096456c676bbd28b9639906, findElement {using=xpath, value=//div[@class='bp4-tab pl-12 pr-12 pb-2 font-bold text-xl lg:ml-60 mx-auto']}]
Capabilities {acceptInsecureCerts: false, browserName: chrome, browserVersion: 110.0.5481.100, chrome: {chromedriverVersion: 110.0.5481.77 (65ed616c6e8e..., userDataDir: /var/folders/00/xzw63_pj58g...}, goog:chromeOptions: {debuggerAddress: localhost:51980}, javascriptEnabled: true, networkConnectionEnabled: false, pageLoadStrategy: normal, platform: MAC, platformName: MAC, proxy: Proxy(), se:cdp: ws://localhost:51980/devtoo..., se:cdpVersion: 110.0.5481.100, setWindowRect: true, strictFileInteractability: false, timeouts: {implicit: 0, pageLoad: 300000, script: 30000}, unhandledPromptBehavior: dismiss and notify, webauthn:extension:credBlob: true, webauthn:extension:largeBlob: true, webauthn:virtualAuthenticators: true}
Session ID: e514a2695096456c676bbd28b9639906
]]></error>
  </testcase>
  <testcase name="Given Teacher already on Edit Profile page" classname="| uyuyks@gmail |" time="0">
    <skipped/>
    <system-out><![CDATA[
  Background:                                                                   &amp#27;[90m# features/UpdateTeacher.feature:4&amp#27;[0m
    &amp#27;[32mGiven &amp#27;[0m&amp#27;[32mUser open the website GuruMu&amp#27;[0m                                          &amp#27;[90m# LoginSteps.userOpenTheWebsiteGuruMu()&amp#27;[0m
    &amp#27;[32mWhen &amp#27;[0m&amp#27;[32mUser click avatar navigation&amp#27;[0m                                           &amp#27;[90m# LoginSteps.userClickAvatarNavigation()&amp#27;[0m
    &amp#27;[32mAnd &amp#27;[0m&amp#27;[32mUser click menu Masuk&amp#27;[0m                                                   &amp#27;[90m# LoginSteps.userClickMenuMasuk()&amp#27;[0m
    &amp#27;[32mAnd &amp#27;[0m&amp#27;[32mUser input "&amp#27;[0m&amp#27;[32m&amp#27;[1mzulfeekei@gmail.com&amp#27;[0m&amp#27;[32m" as email and input "&amp#27;[0m&amp#27;[32m&amp#27;[1mbe123&amp#27;[0m&amp#27;[32m" as password&amp#27;[0m &amp#27;[90m# LoginSteps.inputCredential(String,String)&amp#27;[0m
    &amp#27;[32mAnd &amp#27;[0m&amp#27;[32mUser clicked masuk button&amp#27;[0m                                               &amp#27;[90m# LoginSteps.userClickMasukButton()&amp#27;[0m
    &amp#27;[32mWhen &amp#27;[0m&amp#27;[32mUser move to Profile Page&amp#27;[0m                                              &amp#27;[90m# PenilaianUlasanSteps.userMoveToProfilePage()&amp#27;[0m
    &amp#27;[31mAnd &amp#27;[0m&amp#27;[31mUser move to edit profile&amp#27;[0m                                               &amp#27;[90m# UpdateTeacherSteps.userMoveToEditProfile()&amp#27;[0m
      &amp#27;[31morg.openqa.selenium.NoSuchElementException: no such element: Unable to locate element: {"method":"xpath","selector":"//div[@class='bp4-tab pl-12 pr-12 pb-2 font-bold text-xl lg:ml-60 mx-auto']"}
        (Session info: chrome=110.0.5481.100)
      For documentation on this error, please visit: https://selenium.dev/exceptions/#no_such_element
      Build info: version: '4.1.2', revision: '9a5a329c5a'
      System info: host: 'nsystem-mbp', ip: 'fe80:0:0:0:ce7:beec:a50b:8367%en0', os.name: 'Mac OS X', os.arch: 'x86_64', os.version: '10.16', java.version: '1.8.0_201'
      Driver info: org.openqa.selenium.chrome.ChromeDriver
      Command: [e514a2695096456c676bbd28b9639906, findElement {using=xpath, value=//div[@class='bp4-tab pl-12 pr-12 pb-2 font-bold text-xl lg:ml-60 mx-auto']}]
      Capabilities {acceptInsecureCerts: false, browserName: chrome, browserVersion: 110.0.5481.100, chrome: {chromedriverVersion: 110.0.5481.77 (65ed616c6e8e..., userDataDir: /var/folders/00/xzw63_pj58g...}, goog:chromeOptions: {debuggerAddress: localhost:51980}, javascriptEnabled: true, networkConnectionEnabled: false, pageLoadStrategy: normal, platform: MAC, platformName: MAC, proxy: Proxy(), se:cdp: ws://localhost:51980/devtoo..., se:cdpVersion: 110.0.5481.100, setWindowRect: true, strictFileInteractability: false, timeouts: {implicit: 0, pageLoad: 300000, script: 30000}, unhandledPromptBehavior: dismiss and notify, webauthn:extension:credBlob: true, webauthn:extension:largeBlob: true, webauthn:virtualAuthenticators: true}
      Session ID: e514a2695096456c676bbd28b9639906
      	at sun.reflect.GeneratedConstructorAccessor38.newInstance(Unknown Source)
      	at sun.reflect.DelegatingConstructorAccessorImpl.newInstance(DelegatingConstructorAccessorImpl.java:45)
      	at java.lang.reflect.Constructor.newInstance(Constructor.java:423)
      	at org.openqa.selenium.remote.codec.w3c.W3CHttpResponseCodec.createException(W3CHttpResponseCodec.java:200)
      	at org.openqa.selenium.remote.codec.w3c.W3CHttpResponseCodec.decode(W3CHttpResponseCodec.java:133)
      	at org.openqa.selenium.remote.codec.w3c.W3CHttpResponseCodec.decode(W3CHttpResponseCodec.java:53)
      	at org.openqa.selenium.remote.HttpCommandExecutor.execute(HttpCommandExecutor.java:184)
      	at org.openqa.selenium.remote.service.DriverCommandExecutor.invokeExecute(DriverCommandExecutor.java:167)
      	at org.openqa.selenium.remote.service.DriverCommandExecutor.execute(DriverCommandExecutor.java:142)
      	at org.openqa.selenium.remote.RemoteWebDriver.execute(RemoteWebDriver.java:558)
      	at org.openqa.selenium.remote.ElementLocation$ElementFinder$2.findElement(ElementLocation.java:162)
      	at org.openqa.selenium.remote.ElementLocation.findElement(ElementLocation.java:60)
      	at org.openqa.selenium.remote.RemoteWebDriver.findElement(RemoteWebDriver.java:382)
      	at org.openqa.selenium.remote.RemoteWebDriver.findElement(RemoteWebDriver.java:374)
      	at org.openqa.selenium.support.pagefactory.DefaultElementLocator.findElement(DefaultElementLocator.java:70)
      	at org.openqa.selenium.support.pagefactory.internal.LocatingElementHandler.invoke(LocatingElementHandler.java:39)
      	at com.sun.proxy.$Proxy21.click(Unknown Source)
      	at org.example.pageObject.UpdateTeacherPage.toEditProfile(UpdateTeacherPage.java:327)
      	at step_definitions.UpdateTeacherSteps.userMoveToEditProfile(UpdateTeacherSteps.java:1195)
      	at ✽.And User move to edit profile(features/UpdateTeacher.feature:11)
      &amp#27;[0m
]]></system-out>
  </testcase>
  <testcase name="When Teacher click &apos;Email&apos; field" classname="| uyuyks@gmail |" time="0">
    <skipped/>
  </testcase>
  <testcase name="Then Teacher input with valid name like &quot;uyuyks@gmail&quot; in &apos;Email&apos; field" classname="| uyuyks@gmail |" time="0">
    <skipped/>
  </testcase>
  <testcase name="Given User open the website GuruMu" classname="| acbdefghij |" time="0.006">
    <system-out><![CDATA[
  @TestUpdateStudent @Test
  Scenario Outline: Input Field with Not Valid Email in Email field       &amp#27;[90m# features/UpdateStudent.feature:130&amp#27;[0m
    &amp#27;[36mGiven &amp#27;[0m&amp#27;[36mStudent already on Edit Profile page&amp#27;[0m                            &amp#27;[90m# UpdateStudentSteps.studentAlreadyonEditProfilePage()&amp#27;[0m
    &amp#27;[36mWhen &amp#27;[0m&amp#27;[36mStudent click Email field&amp#27;[0m                                        &amp#27;[90m# UpdateStudentSteps.studentClickEmailField()&amp#27;[0m
    &amp#27;[36mThen &amp#27;[0m&amp#27;[36mStudent input with valid name like "&amp#27;[0m&amp#27;[36m&amp#27;[1muyuyks@gmail&amp#27;[0m&amp#27;[36m" in Email field&amp#27;[0m &amp#27;[90m# UpdateStudentSteps.studentInputWithValidNameLikeInEmailField(String)&amp#27;[0m

  Scenario Outline: Input Field with Chacter in Email field                    &amp#27;[90m# features/UpdateStudent.feature:132&amp#27;[0m
    &amp#27;[36mGiven &amp#27;[0m&amp#27;[36mStudent already on Edit Profile page&amp#27;[0m
    &amp#27;[36mWhen &amp#27;[0m&amp#27;[36mStudent click Email field&amp#27;[0m
    &amp#27;[36mThen &amp#27;[0m&amp#27;[36mStudent input with character and number like "<email>" in Email field&amp#27;[0m

    Examples: 
]]></system-out>
    <system-err><![CDATA[Starting ChromeDriver 110.0.5481.77 (65ed616c6e8ee3fe0ad64fe83796c020644d42af-refs/branch-heads/5481@{#839}) on port 62819
Only local connections are allowed.
Please see https://chromedriver.chromium.org/security-considerations for suggestions on keeping ChromeDriver safe.
ChromeDriver was started successfully.
[1676553575.423][WARNING]: virtual void DevToolsClientImpl::AddListener(DevToolsEventListener *) subscribing a listener to the already connected DevToolsClient. Connection notification will not arrive.
Feb 16, 2023 8:19:35 PM org.openqa.selenium.remote.ProtocolHandshake createSession
INFO: Detected dialect: W3C
Feb 16, 2023 8:19:35 PM org.openqa.selenium.devtools.CdpVersionFinder findNearestMatch
WARNING: Unable to find an exact match for CDP version 110, so returning the closest version found: a no-op implementation
Feb 16, 2023 8:19:35 PM org.openqa.selenium.devtools.CdpVersionFinder findNearestMatch
INFO: Unable to find CDP implementation matching 110.
Feb 16, 2023 8:19:35 PM org.openqa.selenium.chromium.ChromiumDriver lambda$new$3
WARNING: Unable to find version of CDP to use for . You may need to include a dependency on a specific version of the CDP using something similar to `org.seleniumhq.selenium:selenium-devtools-v86:4.1.2` where the version ("v86") matches the version of the chromium-based browser you're using and the version number of the artifact is the same as Selenium's.
]]></system-err>
  </testcase>
  <testcase name="Given User open the website GuruMu" classname="| acbdefghij |" time="0">
    <system-out><![CDATA[
  @TestUpdateTeacher @Test
  Scenario Outline: Input Field with Not Valid Email in 'Email' field       &amp#27;[90m# features/UpdateTeacher.feature:369&amp#27;[0m
    &amp#27;[36mGiven &amp#27;[0m&amp#27;[36mTeacher already on Edit Profile page&amp#27;[0m                              &amp#27;[90m# UpdateTeacherSteps.teacherAlreadyOnEditProfilePage()&amp#27;[0m
    &amp#27;[36mWhen &amp#27;[0m&amp#27;[36mTeacher click 'Email' field&amp#27;[0m                                        &amp#27;[90m# UpdateTeacherSteps.teacherClickEmailField()&amp#27;[0m
    &amp#27;[36mThen &amp#27;[0m&amp#27;[36mTeacher input with valid name like "&amp#27;[0m&amp#27;[36m&amp#27;[1muyuyks@gmail&amp#27;[0m&amp#27;[36m" in 'Email' field&amp#27;[0m &amp#27;[90m# UpdateTeacherSteps.teacherInputWithValidNameLikeInEmailField(String)&amp#27;[0m

  Scenario Outline: Input Field with Chacter in 'Email' field                    &amp#27;[90m# features/UpdateTeacher.feature:371&amp#27;[0m
    &amp#27;[36mGiven &amp#27;[0m&amp#27;[36mTeacher already on Edit Profile page&amp#27;[0m
    &amp#27;[36mWhen &amp#27;[0m&amp#27;[36mTeacher click 'Email' field&amp#27;[0m
    &amp#27;[36mThen &amp#27;[0m&amp#27;[36mTeacher input with character and number like "<email>" in 'Email' field&amp#27;[0m

    Examples: 
]]></system-out>
    <system-err><![CDATA[Starting ChromeDriver 110.0.5481.77 (65ed616c6e8ee3fe0ad64fe83796c020644d42af-refs/branch-heads/5481@{#839}) on port 51363
Only local connections are allowed.
Please see https://chromedriver.chromium.org/security-considerations for suggestions on keeping ChromeDriver safe.
ChromeDriver was started successfully.
[1676555829.114][WARNING]: virtual void DevToolsClientImpl::AddListener(DevToolsEventListener *) subscribing a listener to the already connected DevToolsClient. Connection notification will not arrive.
Feb 16, 2023 8:57:09 PM org.openqa.selenium.remote.ProtocolHandshake createSession
INFO: Detected dialect: W3C
Feb 16, 2023 8:57:09 PM org.openqa.selenium.devtools.CdpVersionFinder findNearestMatch
WARNING: Unable to find an exact match for CDP version 110, so returning the closest version found: a no-op implementation
Feb 16, 2023 8:57:09 PM org.openqa.selenium.devtools.CdpVersionFinder findNearestMatch
INFO: Unable to find CDP implementation matching 110.
Feb 16, 2023 8:57:09 PM org.openqa.selenium.chromium.ChromiumDriver lambda$new$3
WARNING: Unable to find version of CDP to use for . You may need to include a dependency on a specific version of the CDP using something similar to `org.seleniumhq.selenium:selenium-devtools-v86:4.1.2` where the version ("v86") matches the version of the chromium-based browser you're using and the version number of the artifact is the same as Selenium's.
]]></system-err>
  </testcase>
  <testcase name="When User click avatar navigation" classname="| acbdefghij |" time="0"/>
  <testcase name="When User click avatar navigation" classname="| acbdefghij |" time="0"/>
  <testcase name="And User click menu Masuk" classname="| acbdefghij |" time="0"/>
  <testcase name="And User click menu Masuk" classname="| acbdefghij |" time="0"/>
  <testcase name="And User input &quot;herdiladania11@gmail.com&quot; as email and input &quot;fe123&quot; as password" classname="| acbdefghij |" time="0"/>
  <testcase name="And User clicked masuk button" classname="| acbdefghij |" time="0"/>
  <testcase name="And User clicked masuk button" classname="| acbdefghij |" time="0"/>
  <testcase name="When User move to Profile Page" classname="| acbdefghij |" time="0"/>
  <testcase name="When User move to Profile Page" classname="| acbdefghij |" time="0"/>
  <testcase name="And User click edit profile" classname="| acbdefghij |" time="0.003">
    <error message="element click intercepted: Element &lt;label id=&quot;modal-profil-murid&quot; for=&quot;my-modal-5&quot; class=&quot;flex gap-1 absolute lg:top-10 top-10 lg:right-40 right-0&quot;&gt;...&lt;/label&gt; is not clickable at point (949, 280). Other element would receive the click: &lt;h2 class=&quot;swal2-title&quot; id=&quot;swal2-title&quot; style=&quot;display: block;&quot;&gt;...&lt;/h2&gt;&#10;  (Session info: chrome=110.0.5481.100)&#10;Build info: version: &apos;4.1.2&apos;, revision: &apos;9a5a329c5a&apos;&#10;System info: host: &apos;nsystem-mbp&apos;, ip: &apos;fe80:0:0:0:ce7:beec:a50b:8367%en0&apos;, os.name: &apos;Mac OS X&apos;, os.arch: &apos;x86_64&apos;, os.version: &apos;10.16&apos;, java.version: &apos;1.8.0_201&apos;&#10;Driver info: org.openqa.selenium.chrome.ChromeDriver&#10;Command: [ca4dc091bfb9597657434162335593e9, clickElement {id=1c32e783-a368-45c8-8490-d2ad2594c3e7}]&#10;Capabilities {acceptInsecureCerts: false, browserName: chrome, browserVersion: 110.0.5481.100, chrome: {chromedriverVersion: 110.0.5481.77 (65ed616c6e8e..., userDataDir: /var/folders/00/xzw63_pj58g...}, goog:chromeOptions: {debuggerAddress: localhost:50236}, javascriptEnabled: true, networkConnectionEnabled: false, pageLoadStrategy: normal, platform: MAC, platformName: MAC, proxy: Proxy(), se:cdp: ws://localhost:50236/devtoo..., se:cdpVersion: 110.0.5481.100, setWindowRect: true, strictFileInteractability: false, timeouts: {implicit: 0, pageLoad: 300000, script: 30000}, unhandledPromptBehavior: dismiss and notify, webauthn:extension:credBlob: true, webauthn:extension:largeBlob: true, webauthn:virtualAuthenticators: true}&#10;Element: [[ChromeDriver: chrome on MAC (ca4dc091bfb9597657434162335593e9)] -&gt; id: modal-profil-murid]&#10;Session ID: ca4dc091bfb9597657434162335593e9" type="org.openqa.selenium.ElementClickInterceptedException"><![CDATA[org.openqa.selenium.ElementClickInterceptedException: 
element click intercepted: Element <label id="modal-profil-murid" for="my-modal-5" class="flex gap-1 absolute lg:top-10 top-10 lg:right-40 right-0">...</label> is not clickable at point (949, 280). Other element would receive the click: <h2 class="swal2-title" id="swal2-title" style="display: block;">...</h2>
  (Session info: chrome=110.0.5481.100)
Build info: version: '4.1.2', revision: '9a5a329c5a'
System info: host: 'nsystem-mbp', ip: 'fe80:0:0:0:ce7:beec:a50b:8367%en0', os.name: 'Mac OS X', os.arch: 'x86_64', os.version: '10.16', java.version: '1.8.0_201'
Driver info: org.openqa.selenium.chrome.ChromeDriver
Command: [ca4dc091bfb9597657434162335593e9, clickElement {id=1c32e783-a368-45c8-8490-d2ad2594c3e7}]
Capabilities {acceptInsecureCerts: false, browserName: chrome, browserVersion: 110.0.5481.100, chrome: {chromedriverVersion: 110.0.5481.77 (65ed616c6e8e..., userDataDir: /var/folders/00/xzw63_pj58g...}, goog:chromeOptions: {debuggerAddress: localhost:50236}, javascriptEnabled: true, networkConnectionEnabled: false, pageLoadStrategy: normal, platform: MAC, platformName: MAC, proxy: Proxy(), se:cdp: ws://localhost:50236/devtoo..., se:cdpVersion: 110.0.5481.100, setWindowRect: true, strictFileInteractability: false, timeouts: {implicit: 0, pageLoad: 300000, script: 30000}, unhandledPromptBehavior: dismiss and notify, webauthn:extension:credBlob: true, webauthn:extension:largeBlob: true, webauthn:virtualAuthenticators: true}
Element: [[ChromeDriver: chrome on MAC (ca4dc091bfb9597657434162335593e9)] -> id: modal-profil-murid]
Session ID: ca4dc091bfb9597657434162335593e9
]]></error>
  </testcase>
  <testcase name="" classname="| acbdefghij |" time="0.004">
    <error message="element click intercepted: Element &lt;label id=&quot;modal-profil-murid&quot; for=&quot;my-modal-5&quot; class=&quot;flex gap-1 absolute lg:top-10 top-10 lg:right-40 right-0&quot;&gt;...&lt;/label&gt; is not clickable at point (949, 280). Other element would receive the click: &lt;h2 class=&quot;swal2-title&quot; id=&quot;swal2-title&quot; style=&quot;display: block;&quot;&gt;...&lt;/h2&gt;&#10;  (Session info: chrome=110.0.5481.100)&#10;Build info: version: &apos;4.1.2&apos;, revision: &apos;9a5a329c5a&apos;&#10;System info: host: &apos;nsystem-mbp&apos;, ip: &apos;fe80:0:0:0:ce7:beec:a50b:8367%en0&apos;, os.name: &apos;Mac OS X&apos;, os.arch: &apos;x86_64&apos;, os.version: &apos;10.16&apos;, java.version: &apos;1.8.0_201&apos;&#10;Driver info: org.openqa.selenium.chrome.ChromeDriver&#10;Command: [ca4dc091bfb9597657434162335593e9, clickElement {id=1c32e783-a368-45c8-8490-d2ad2594c3e7}]&#10;Capabilities {acceptInsecureCerts: false, browserName: chrome, browserVersion: 110.0.5481.100, chrome: {chromedriverVersion: 110.0.5481.77 (65ed616c6e8e..., userDataDir: /var/folders/00/xzw63_pj58g...}, goog:chromeOptions: {debuggerAddress: localhost:50236}, javascriptEnabled: true, networkConnectionEnabled: false, pageLoadStrategy: normal, platform: MAC, platformName: MAC, proxy: Proxy(), se:cdp: ws://localhost:50236/devtoo..., se:cdpVersion: 110.0.5481.100, setWindowRect: true, strictFileInteractability: false, timeouts: {implicit: 0, pageLoad: 300000, script: 30000}, unhandledPromptBehavior: dismiss and notify, webauthn:extension:credBlob: true, webauthn:extension:largeBlob: true, webauthn:virtualAuthenticators: true}&#10;Element: [[ChromeDriver: chrome on MAC (ca4dc091bfb9597657434162335593e9)] -&gt; id: modal-profil-murid]&#10;Session ID: ca4dc091bfb9597657434162335593e9" type="org.openqa.selenium.ElementClickInterceptedException"><![CDATA[org.openqa.selenium.ElementClickInterceptedException: 
element click intercepted: Element <label id="modal-profil-murid" for="my-modal-5" class="flex gap-1 absolute lg:top-10 top-10 lg:right-40 right-0">...</label> is not clickable at point (949, 280). Other element would receive the click: <h2 class="swal2-title" id="swal2-title" style="display: block;">...</h2>
  (Session info: chrome=110.0.5481.100)
Build info: version: '4.1.2', revision: '9a5a329c5a'
System info: host: 'nsystem-mbp', ip: 'fe80:0:0:0:ce7:beec:a50b:8367%en0', os.name: 'Mac OS X', os.arch: 'x86_64', os.version: '10.16', java.version: '1.8.0_201'
Driver info: org.openqa.selenium.chrome.ChromeDriver
Command: [ca4dc091bfb9597657434162335593e9, clickElement {id=1c32e783-a368-45c8-8490-d2ad2594c3e7}]
Capabilities {acceptInsecureCerts: false, browserName: chrome, browserVersion: 110.0.5481.100, chrome: {chromedriverVersion: 110.0.5481.77 (65ed616c6e8e..., userDataDir: /var/folders/00/xzw63_pj58g...}, goog:chromeOptions: {debuggerAddress: localhost:50236}, javascriptEnabled: true, networkConnectionEnabled: false, pageLoadStrategy: normal, platform: MAC, platformName: MAC, proxy: Proxy(), se:cdp: ws://localhost:50236/devtoo..., se:cdpVersion: 110.0.5481.100, setWindowRect: true, strictFileInteractability: false, timeouts: {implicit: 0, pageLoad: 300000, script: 30000}, unhandledPromptBehavior: dismiss and notify, webauthn:extension:credBlob: true, webauthn:extension:largeBlob: true, webauthn:virtualAuthenticators: true}
Element: [[ChromeDriver: chrome on MAC (ca4dc091bfb9597657434162335593e9)] -> id: modal-profil-murid]
Session ID: ca4dc091bfb9597657434162335593e9
]]></error>
  </testcase>
  <testcase name="" classname="| acbdefghij |" time="0.003">
    <error message="no such element: Unable to locate element: {&quot;method&quot;:&quot;xpath&quot;,&quot;selector&quot;:&quot;//div[@class=&apos;bp4-tab pl-12 pr-12 pb-2 font-bold text-xl lg:ml-60 mx-auto&apos;]&quot;}&#10;  (Session info: chrome=110.0.5481.100)&#10;For documentation on this error, please visit: https://selenium.dev/exceptions/#no_such_element&#10;Build info: version: &apos;4.1.2&apos;, revision: &apos;9a5a329c5a&apos;&#10;System info: host: &apos;nsystem-mbp&apos;, ip: &apos;fe80:0:0:0:ce7:beec:a50b:8367%en0&apos;, os.name: &apos;Mac OS X&apos;, os.arch: &apos;x86_64&apos;, os.version: &apos;10.16&apos;, java.version: &apos;1.8.0_201&apos;&#10;Driver info: org.openqa.selenium.chrome.ChromeDriver&#10;Command: [151104d3c41dbc67e45308829064268e, findElement {using=xpath, value=//div[@class=&apos;bp4-tab pl-12 pr-12 pb-2 font-bold text-xl lg:ml-60 mx-auto&apos;]}]&#10;Capabilities {acceptInsecureCerts: false, browserName: chrome, browserVersion: 110.0.5481.100, chrome: {chromedriverVersion: 110.0.5481.77 (65ed616c6e8e..., userDataDir: /var/folders/00/xzw63_pj58g...}, goog:chromeOptions: {debuggerAddress: localhost:52003}, javascriptEnabled: true, networkConnectionEnabled: false, pageLoadStrategy: normal, platform: MAC, platformName: MAC, proxy: Proxy(), se:cdp: ws://localhost:52003/devtoo..., se:cdpVersion: 110.0.5481.100, setWindowRect: true, strictFileInteractability: false, timeouts: {implicit: 0, pageLoad: 300000, script: 30000}, unhandledPromptBehavior: dismiss and notify, webauthn:extension:credBlob: true, webauthn:extension:largeBlob: true, webauthn:virtualAuthenticators: true}&#10;Session ID: 151104d3c41dbc67e45308829064268e" type="org.openqa.selenium.NoSuchElementException"><![CDATA[org.openqa.selenium.NoSuchElementException: 
no such element: Unable to locate element: {"method":"xpath","selector":"//div[@class='bp4-tab pl-12 pr-12 pb-2 font-bold text-xl lg:ml-60 mx-auto']"}
  (Session info: chrome=110.0.5481.100)
For documentation on this error, please visit: https://selenium.dev/exceptions/#no_such_element
Build info: version: '4.1.2', revision: '9a5a329c5a'
System info: host: 'nsystem-mbp', ip: 'fe80:0:0:0:ce7:beec:a50b:8367%en0', os.name: 'Mac OS X', os.arch: 'x86_64', os.version: '10.16', java.version: '1.8.0_201'
Driver info: org.openqa.selenium.chrome.ChromeDriver
Command: [151104d3c41dbc67e45308829064268e, findElement {using=xpath, value=//div[@class='bp4-tab pl-12 pr-12 pb-2 font-bold text-xl lg:ml-60 mx-auto']}]
Capabilities {acceptInsecureCerts: false, browserName: chrome, browserVersion: 110.0.5481.100, chrome: {chromedriverVersion: 110.0.5481.77 (65ed616c6e8e..., userDataDir: /var/folders/00/xzw63_pj58g...}, goog:chromeOptions: {debuggerAddress: localhost:52003}, javascriptEnabled: true, networkConnectionEnabled: false, pageLoadStrategy: normal, platform: MAC, platformName: MAC, proxy: Proxy(), se:cdp: ws://localhost:52003/devtoo..., se:cdpVersion: 110.0.5481.100, setWindowRect: true, strictFileInteractability: false, timeouts: {implicit: 0, pageLoad: 300000, script: 30000}, unhandledPromptBehavior: dismiss and notify, webauthn:extension:credBlob: true, webauthn:extension:largeBlob: true, webauthn:virtualAuthenticators: true}
Session ID: 151104d3c41dbc67e45308829064268e
]]></error>
  </testcase>
  <testcase name="Given Student already on Edit Profile page" classname="| acbdefghij |" time="0">
    <skipped/>
    <system-out><![CDATA[
  Background:                                                                        &amp#27;[90m# features/UpdateStudent.feature:4&amp#27;[0m
    &amp#27;[32mGiven &amp#27;[0m&amp#27;[32mUser open the website GuruMu&amp#27;[0m                                               &amp#27;[90m# LoginSteps.userOpenTheWebsiteGuruMu()&amp#27;[0m
    &amp#27;[32mWhen &amp#27;[0m&amp#27;[32mUser click avatar navigation&amp#27;[0m                                                &amp#27;[90m# LoginSteps.userClickAvatarNavigation()&amp#27;[0m
    &amp#27;[32mAnd &amp#27;[0m&amp#27;[32mUser click menu Masuk&amp#27;[0m                                                        &amp#27;[90m# LoginSteps.userClickMenuMasuk()&amp#27;[0m
    &amp#27;[32mAnd &amp#27;[0m&amp#27;[32mUser input "&amp#27;[0m&amp#27;[32m&amp#27;[1mherdiladania11@gmail.com&amp#27;[0m&amp#27;[32m" as email and input "&amp#27;[0m&amp#27;[32m&amp#27;[1mfe123&amp#27;[0m&amp#27;[32m" as password&amp#27;[0m &amp#27;[90m# LoginSteps.inputCredential(String,String)&amp#27;[0m
    &amp#27;[32mAnd &amp#27;[0m&amp#27;[32mUser clicked masuk button&amp#27;[0m                                                    &amp#27;[90m# LoginSteps.userClickMasukButton()&amp#27;[0m
    &amp#27;[32mWhen &amp#27;[0m&amp#27;[32mUser move to Profile Page&amp#27;[0m                                                   &amp#27;[90m# PenilaianUlasanSteps.userMoveToProfilePage()&amp#27;[0m
    &amp#27;[31mAnd &amp#27;[0m&amp#27;[31mUser click edit profile&amp#27;[0m                                                      &amp#27;[90m# UpdateStudentSteps.userClickEditProfile()&amp#27;[0m
      &amp#27;[31morg.openqa.selenium.ElementClickInterceptedException: element click intercepted: Element <label id="modal-profil-murid" for="my-modal-5" class="flex gap-1 absolute lg:top-10 top-10 lg:right-40 right-0">...</label> is not clickable at point (949, 280). Other element would receive the click: <h2 class="swal2-title" id="swal2-title" style="display: block;">...</h2>
        (Session info: chrome=110.0.5481.100)
      Build info: version: '4.1.2', revision: '9a5a329c5a'
      System info: host: 'nsystem-mbp', ip: 'fe80:0:0:0:ce7:beec:a50b:8367%en0', os.name: 'Mac OS X', os.arch: 'x86_64', os.version: '10.16', java.version: '1.8.0_201'
      Driver info: org.openqa.selenium.chrome.ChromeDriver
      Command: [ca4dc091bfb9597657434162335593e9, clickElement {id=1c32e783-a368-45c8-8490-d2ad2594c3e7}]
      Capabilities {acceptInsecureCerts: false, browserName: chrome, browserVersion: 110.0.5481.100, chrome: {chromedriverVersion: 110.0.5481.77 (65ed616c6e8e..., userDataDir: /var/folders/00/xzw63_pj58g...}, goog:chromeOptions: {debuggerAddress: localhost:50236}, javascriptEnabled: true, networkConnectionEnabled: false, pageLoadStrategy: normal, platform: MAC, platformName: MAC, proxy: Proxy(), se:cdp: ws://localhost:50236/devtoo..., se:cdpVersion: 110.0.5481.100, setWindowRect: true, strictFileInteractability: false, timeouts: {implicit: 0, pageLoad: 300000, script: 30000}, unhandledPromptBehavior: dismiss and notify, webauthn:extension:credBlob: true, webauthn:extension:largeBlob: true, webauthn:virtualAuthenticators: true}
      Element: [[ChromeDriver: chrome on MAC (ca4dc091bfb9597657434162335593e9)] -> id: modal-profil-murid]
      Session ID: ca4dc091bfb9597657434162335593e9
      	at sun.reflect.NativeConstructorAccessorImpl.newInstance0(Native Method)
      	at sun.reflect.NativeConstructorAccessorImpl.newInstance(NativeConstructorAccessorImpl.java:62)
      	at sun.reflect.DelegatingConstructorAccessorImpl.newInstance(DelegatingConstructorAccessorImpl.java:45)
      	at java.lang.reflect.Constructor.newInstance(Constructor.java:423)
      	at org.openqa.selenium.remote.codec.w3c.W3CHttpResponseCodec.createException(W3CHttpResponseCodec.java:200)
      	at org.openqa.selenium.remote.codec.w3c.W3CHttpResponseCodec.decode(W3CHttpResponseCodec.java:133)
      	at org.openqa.selenium.remote.codec.w3c.W3CHttpResponseCodec.decode(W3CHttpResponseCodec.java:53)
      	at org.openqa.selenium.remote.HttpCommandExecutor.execute(HttpCommandExecutor.java:184)
      	at org.openqa.selenium.remote.service.DriverCommandExecutor.invokeExecute(DriverCommandExecutor.java:167)
      	at org.openqa.selenium.remote.service.DriverCommandExecutor.execute(DriverCommandExecutor.java:142)
      	at org.openqa.selenium.remote.RemoteWebDriver.execute(RemoteWebDriver.java:558)
      	at org.openqa.selenium.remote.RemoteWebElement.execute(RemoteWebElement.java:251)
      	at org.openqa.selenium.remote.RemoteWebElement.click(RemoteWebElement.java:77)
      	at sun.reflect.GeneratedMethodAccessor10.invoke(Unknown Source)
      	at sun.reflect.DelegatingMethodAccessorImpl.invoke(DelegatingMethodAccessorImpl.java:43)
      	at java.lang.reflect.Method.invoke(Method.java:498)
      	at org.openqa.selenium.support.pagefactory.internal.LocatingElementHandler.invoke(LocatingElementHandler.java:52)
      	at com.sun.proxy.$Proxy21.click(Unknown Source)
      	at org.example.pageObject.UpdateStudentPage.openEditProfileModal(UpdateStudentPage.java:105)
      	at step_definitions.UpdateStudentSteps.userClickEditProfile(UpdateStudentSteps.java:355)
      	at ✽.And User click edit profile(features/UpdateStudent.feature:11)
      &amp#27;[0m
]]></system-out>
  </testcase>
  <testcase name="When Student click Email field" classname="| acbdefghij |" time="0">
    <skipped/>
  </testcase>
  <testcase name="Then Student input with character and number like &quot;acbdefghij&quot; in Email field" classname="| acbdefghij |" time="0">
    <skipped/>
  </testcase>
  <testcase name="And User input &quot;zulfeekei@gmail.com&quot; as email and input &quot;be123&quot; as password" classname="| acbdefghij |" time="0"/>
  <testcase name="And User move to edit profile" classname="| acbdefghij |" time="0.003">
    <error message="no such element: Unable to locate element: {&quot;method&quot;:&quot;xpath&quot;,&quot;selector&quot;:&quot;//div[@class=&apos;bp4-tab pl-12 pr-12 pb-2 font-bold text-xl lg:ml-60 mx-auto&apos;]&quot;}&#10;  (Session info: chrome=110.0.5481.100)&#10;For documentation on this error, please visit: https://selenium.dev/exceptions/#no_such_element&#10;Build info: version: &apos;4.1.2&apos;, revision: &apos;9a5a329c5a&apos;&#10;System info: host: &apos;nsystem-mbp&apos;, ip: &apos;fe80:0:0:0:ce7:beec:a50b:8367%en0&apos;, os.name: &apos;Mac OS X&apos;, os.arch: &apos;x86_64&apos;, os.version: &apos;10.16&apos;, java.version: &apos;1.8.0_201&apos;&#10;Driver info: org.openqa.selenium.chrome.ChromeDriver&#10;Command: [151104d3c41dbc67e45308829064268e, findElement {using=xpath, value=//div[@class=&apos;bp4-tab pl-12 pr-12 pb-2 font-bold text-xl lg:ml-60 mx-auto&apos;]}]&#10;Capabilities {acceptInsecureCerts: false, browserName: chrome, browserVersion: 110.0.5481.100, chrome: {chromedriverVersion: 110.0.5481.77 (65ed616c6e8e..., userDataDir: /var/folders/00/xzw63_pj58g...}, goog:chromeOptions: {debuggerAddress: localhost:52003}, javascriptEnabled: true, networkConnectionEnabled: false, pageLoadStrategy: normal, platform: MAC, platformName: MAC, proxy: Proxy(), se:cdp: ws://localhost:52003/devtoo..., se:cdpVersion: 110.0.5481.100, setWindowRect: true, strictFileInteractability: false, timeouts: {implicit: 0, pageLoad: 300000, script: 30000}, unhandledPromptBehavior: dismiss and notify, webauthn:extension:credBlob: true, webauthn:extension:largeBlob: true, webauthn:virtualAuthenticators: true}&#10;Session ID: 151104d3c41dbc67e45308829064268e" type="org.openqa.selenium.NoSuchElementException"><![CDATA[org.openqa.selenium.NoSuchElementException: 
no such element: Unable to locate element: {"method":"xpath","selector":"//div[@class='bp4-tab pl-12 pr-12 pb-2 font-bold text-xl lg:ml-60 mx-auto']"}
  (Session info: chrome=110.0.5481.100)
For documentation on this error, please visit: https://selenium.dev/exceptions/#no_such_element
Build info: version: '4.1.2', revision: '9a5a329c5a'
System info: host: 'nsystem-mbp', ip: 'fe80:0:0:0:ce7:beec:a50b:8367%en0', os.name: 'Mac OS X', os.arch: 'x86_64', os.version: '10.16', java.version: '1.8.0_201'
Driver info: org.openqa.selenium.chrome.ChromeDriver
Command: [151104d3c41dbc67e45308829064268e, findElement {using=xpath, value=//div[@class='bp4-tab pl-12 pr-12 pb-2 font-bold text-xl lg:ml-60 mx-auto']}]
Capabilities {acceptInsecureCerts: false, browserName: chrome, browserVersion: 110.0.5481.100, chrome: {chromedriverVersion: 110.0.5481.77 (65ed616c6e8e..., userDataDir: /var/folders/00/xzw63_pj58g...}, goog:chromeOptions: {debuggerAddress: localhost:52003}, javascriptEnabled: true, networkConnectionEnabled: false, pageLoadStrategy: normal, platform: MAC, platformName: MAC, proxy: Proxy(), se:cdp: ws://localhost:52003/devtoo..., se:cdpVersion: 110.0.5481.100, setWindowRect: true, strictFileInteractability: false, timeouts: {implicit: 0, pageLoad: 300000, script: 30000}, unhandledPromptBehavior: dismiss and notify, webauthn:extension:credBlob: true, webauthn:extension:largeBlob: true, webauthn:virtualAuthenticators: true}
Session ID: 151104d3c41dbc67e45308829064268e
]]></error>
  </testcase>
  <testcase name="Given Teacher already on Edit Profile page" classname="| acbdefghij |" time="0">
    <skipped/>
    <system-out><![CDATA[
  Background:                                                                   &amp#27;[90m# features/UpdateTeacher.feature:4&amp#27;[0m
    &amp#27;[32mGiven &amp#27;[0m&amp#27;[32mUser open the website GuruMu&amp#27;[0m                                          &amp#27;[90m# LoginSteps.userOpenTheWebsiteGuruMu()&amp#27;[0m
    &amp#27;[32mWhen &amp#27;[0m&amp#27;[32mUser click avatar navigation&amp#27;[0m                                           &amp#27;[90m# LoginSteps.userClickAvatarNavigation()&amp#27;[0m
    &amp#27;[32mAnd &amp#27;[0m&amp#27;[32mUser click menu Masuk&amp#27;[0m                                                   &amp#27;[90m# LoginSteps.userClickMenuMasuk()&amp#27;[0m
    &amp#27;[32mAnd &amp#27;[0m&amp#27;[32mUser input "&amp#27;[0m&amp#27;[32m&amp#27;[1mzulfeekei@gmail.com&amp#27;[0m&amp#27;[32m" as email and input "&amp#27;[0m&amp#27;[32m&amp#27;[1mbe123&amp#27;[0m&amp#27;[32m" as password&amp#27;[0m &amp#27;[90m# LoginSteps.inputCredential(String,String)&amp#27;[0m
    &amp#27;[32mAnd &amp#27;[0m&amp#27;[32mUser clicked masuk button&amp#27;[0m                                               &amp#27;[90m# LoginSteps.userClickMasukButton()&amp#27;[0m
    &amp#27;[32mWhen &amp#27;[0m&amp#27;[32mUser move to Profile Page&amp#27;[0m                                              &amp#27;[90m# PenilaianUlasanSteps.userMoveToProfilePage()&amp#27;[0m
    &amp#27;[31mAnd &amp#27;[0m&amp#27;[31mUser move to edit profile&amp#27;[0m                                               &amp#27;[90m# UpdateTeacherSteps.userMoveToEditProfile()&amp#27;[0m
      &amp#27;[31morg.openqa.selenium.NoSuchElementException: no such element: Unable to locate element: {"method":"xpath","selector":"//div[@class='bp4-tab pl-12 pr-12 pb-2 font-bold text-xl lg:ml-60 mx-auto']"}
        (Session info: chrome=110.0.5481.100)
      For documentation on this error, please visit: https://selenium.dev/exceptions/#no_such_element
      Build info: version: '4.1.2', revision: '9a5a329c5a'
      System info: host: 'nsystem-mbp', ip: 'fe80:0:0:0:ce7:beec:a50b:8367%en0', os.name: 'Mac OS X', os.arch: 'x86_64', os.version: '10.16', java.version: '1.8.0_201'
      Driver info: org.openqa.selenium.chrome.ChromeDriver
      Command: [151104d3c41dbc67e45308829064268e, findElement {using=xpath, value=//div[@class='bp4-tab pl-12 pr-12 pb-2 font-bold text-xl lg:ml-60 mx-auto']}]
      Capabilities {acceptInsecureCerts: false, browserName: chrome, browserVersion: 110.0.5481.100, chrome: {chromedriverVersion: 110.0.5481.77 (65ed616c6e8e..., userDataDir: /var/folders/00/xzw63_pj58g...}, goog:chromeOptions: {debuggerAddress: localhost:52003}, javascriptEnabled: true, networkConnectionEnabled: false, pageLoadStrategy: normal, platform: MAC, platformName: MAC, proxy: Proxy(), se:cdp: ws://localhost:52003/devtoo..., se:cdpVersion: 110.0.5481.100, setWindowRect: true, strictFileInteractability: false, timeouts: {implicit: 0, pageLoad: 300000, script: 30000}, unhandledPromptBehavior: dismiss and notify, webauthn:extension:credBlob: true, webauthn:extension:largeBlob: true, webauthn:virtualAuthenticators: true}
      Session ID: 151104d3c41dbc67e45308829064268e
      	at sun.reflect.GeneratedConstructorAccessor38.newInstance(Unknown Source)
      	at sun.reflect.DelegatingConstructorAccessorImpl.newInstance(DelegatingConstructorAccessorImpl.java:45)
      	at java.lang.reflect.Constructor.newInstance(Constructor.java:423)
      	at org.openqa.selenium.remote.codec.w3c.W3CHttpResponseCodec.createException(W3CHttpResponseCodec.java:200)
      	at org.openqa.selenium.remote.codec.w3c.W3CHttpResponseCodec.decode(W3CHttpResponseCodec.java:133)
      	at org.openqa.selenium.remote.codec.w3c.W3CHttpResponseCodec.decode(W3CHttpResponseCodec.java:53)
      	at org.openqa.selenium.remote.HttpCommandExecutor.execute(HttpCommandExecutor.java:184)
      	at org.openqa.selenium.remote.service.DriverCommandExecutor.invokeExecute(DriverCommandExecutor.java:167)
      	at org.openqa.selenium.remote.service.DriverCommandExecutor.execute(DriverCommandExecutor.java:142)
      	at org.openqa.selenium.remote.RemoteWebDriver.execute(RemoteWebDriver.java:558)
      	at org.openqa.selenium.remote.ElementLocation$ElementFinder$2.findElement(ElementLocation.java:162)
      	at org.openqa.selenium.remote.ElementLocation.findElement(ElementLocation.java:60)
      	at org.openqa.selenium.remote.RemoteWebDriver.findElement(RemoteWebDriver.java:382)
      	at org.openqa.selenium.remote.RemoteWebDriver.findElement(RemoteWebDriver.java:374)
      	at org.openqa.selenium.support.pagefactory.DefaultElementLocator.findElement(DefaultElementLocator.java:70)
      	at org.openqa.selenium.support.pagefactory.internal.LocatingElementHandler.invoke(LocatingElementHandler.java:39)
      	at com.sun.proxy.$Proxy21.click(Unknown Source)
      	at org.example.pageObject.UpdateTeacherPage.toEditProfile(UpdateTeacherPage.java:327)
      	at step_definitions.UpdateTeacherSteps.userMoveToEditProfile(UpdateTeacherSteps.java:1195)
      	at ✽.And User move to edit profile(features/UpdateTeacher.feature:11)
      &amp#27;[0m
]]></system-out>
  </testcase>
  <testcase name="When Teacher click &apos;Email&apos; field" classname="| acbdefghij |" time="0">
    <skipped/>
  </testcase>
  <testcase name="Then Teacher input with character and number like &quot;acbdefghij&quot; in &apos;Email&apos; field" classname="| acbdefghij |" time="0">
    <skipped/>
  </testcase>
  <testcase name="Given User open the website GuruMu" classname="| 263478910900 |" time="0">
    <system-out><![CDATA[
  @TestUpdateStudent @Test
  Scenario Outline: Input Field with Chacter in Email field                       &amp#27;[90m# features/UpdateStudent.feature:138&amp#27;[0m
    &amp#27;[36mGiven &amp#27;[0m&amp#27;[36mStudent already on Edit Profile page&amp#27;[0m                                    &amp#27;[90m# UpdateStudentSteps.studentAlreadyonEditProfilePage()&amp#27;[0m
    &amp#27;[36mWhen &amp#27;[0m&amp#27;[36mStudent click Email field&amp#27;[0m                                                &amp#27;[90m# UpdateStudentSteps.studentClickEmailField()&amp#27;[0m
    &amp#27;[36mThen &amp#27;[0m&amp#27;[36mStudent input with character and number like "&amp#27;[0m&amp#27;[36m&amp#27;[1macbdefghij&amp#27;[0m&amp#27;[36m" in Email field&amp#27;[0m &amp#27;[90m# UpdateStudentSteps.studentInputWithCharacterAndNumberLikeInEmailField(String)&amp#27;[0m

  Scenario Outline: Input Field with Number in Email field       &amp#27;[90m# features/UpdateStudent.feature:140&amp#27;[0m
    &amp#27;[36mGiven &amp#27;[0m&amp#27;[36mStudent already on Edit Profile page&amp#27;[0m
    &amp#27;[36mWhen &amp#27;[0m&amp#27;[36mStudent click Email field&amp#27;[0m
    &amp#27;[36mThen &amp#27;[0m&amp#27;[36mStudent input with number like "<email>" in Email field&amp#27;[0m

    Examples: 
]]></system-out>
    <system-err><![CDATA[Starting ChromeDriver 110.0.5481.77 (65ed616c6e8ee3fe0ad64fe83796c020644d42af-refs/branch-heads/5481@{#839}) on port 64771
Only local connections are allowed.
Please see https://chromedriver.chromium.org/security-considerations for suggestions on keeping ChromeDriver safe.
ChromeDriver was started successfully.
[1676553609.678][WARNING]: virtual void DevToolsClientImpl::AddListener(DevToolsEventListener *) subscribing a listener to the already connected DevToolsClient. Connection notification will not arrive.
Feb 16, 2023 8:20:09 PM org.openqa.selenium.remote.ProtocolHandshake createSession
INFO: Detected dialect: W3C
Feb 16, 2023 8:20:09 PM org.openqa.selenium.devtools.CdpVersionFinder findNearestMatch
WARNING: Unable to find an exact match for CDP version 110, so returning the closest version found: a no-op implementation
Feb 16, 2023 8:20:09 PM org.openqa.selenium.devtools.CdpVersionFinder findNearestMatch
INFO: Unable to find CDP implementation matching 110.
Feb 16, 2023 8:20:09 PM org.openqa.selenium.chromium.ChromiumDriver lambda$new$3
WARNING: Unable to find version of CDP to use for . You may need to include a dependency on a specific version of the CDP using something similar to `org.seleniumhq.selenium:selenium-devtools-v86:4.1.2` where the version ("v86") matches the version of the chromium-based browser you're using and the version number of the artifact is the same as Selenium's.
]]></system-err>
  </testcase>
  <testcase name="Given User open the website GuruMu" classname="| 263478910900 |" time="0">
    <system-out><![CDATA[
  @TestUpdateTeacher @Test
  Scenario Outline: Input Field with Chacter in 'Email' field                       &amp#27;[90m# features/UpdateTeacher.feature:377&amp#27;[0m
    &amp#27;[36mGiven &amp#27;[0m&amp#27;[36mTeacher already on Edit Profile page&amp#27;[0m                                      &amp#27;[90m# UpdateTeacherSteps.teacherAlreadyOnEditProfilePage()&amp#27;[0m
    &amp#27;[36mWhen &amp#27;[0m&amp#27;[36mTeacher click 'Email' field&amp#27;[0m                                                &amp#27;[90m# UpdateTeacherSteps.teacherClickEmailField()&amp#27;[0m
    &amp#27;[36mThen &amp#27;[0m&amp#27;[36mTeacher input with character and number like "&amp#27;[0m&amp#27;[36m&amp#27;[1macbdefghij&amp#27;[0m&amp#27;[36m" in 'Email' field&amp#27;[0m &amp#27;[90m# UpdateTeacherSteps.teacherInputWithCharacterAndNumberLikeInEmailField(String)&amp#27;[0m

  Scenario Outline: Input Field with Number in 'Email' field       &amp#27;[90m# features/UpdateTeacher.feature:379&amp#27;[0m
    &amp#27;[36mGiven &amp#27;[0m&amp#27;[36mTeacher already on Edit Profile page&amp#27;[0m
    &amp#27;[36mWhen &amp#27;[0m&amp#27;[36mTeacher click 'Email' field&amp#27;[0m
    &amp#27;[36mThen &amp#27;[0m&amp#27;[36mTeacher input with number like "<email>" in 'Email' field&amp#27;[0m

    Examples: 
]]></system-out>
    <system-err><![CDATA[Starting ChromeDriver 110.0.5481.77 (65ed616c6e8ee3fe0ad64fe83796c020644d42af-refs/branch-heads/5481@{#839}) on port 59296
Only local connections are allowed.
Please see https://chromedriver.chromium.org/security-considerations for suggestions on keeping ChromeDriver safe.
ChromeDriver was started successfully.
[1676555861.776][WARNING]: virtual void DevToolsClientImpl::AddListener(DevToolsEventListener *) subscribing a listener to the already connected DevToolsClient. Connection notification will not arrive.
Feb 16, 2023 8:57:42 PM org.openqa.selenium.remote.ProtocolHandshake createSession
INFO: Detected dialect: W3C
Feb 16, 2023 8:57:42 PM org.openqa.selenium.devtools.CdpVersionFinder findNearestMatch
WARNING: Unable to find an exact match for CDP version 110, so returning the closest version found: a no-op implementation
Feb 16, 2023 8:57:42 PM org.openqa.selenium.devtools.CdpVersionFinder findNearestMatch
INFO: Unable to find CDP implementation matching 110.
Feb 16, 2023 8:57:42 PM org.openqa.selenium.chromium.ChromiumDriver lambda$new$3
WARNING: Unable to find version of CDP to use for . You may need to include a dependency on a specific version of the CDP using something similar to `org.seleniumhq.selenium:selenium-devtools-v86:4.1.2` where the version ("v86") matches the version of the chromium-based browser you're using and the version number of the artifact is the same as Selenium's.
]]></system-err>
  </testcase>
  <testcase name="When User click avatar navigation" classname="| 263478910900 |" time="0"/>
  <testcase name="When User click avatar navigation" classname="| 263478910900 |" time="0"/>
  <testcase name="And User click menu Masuk" classname="| 263478910900 |" time="0"/>
  <testcase name="And User click menu Masuk" classname="| 263478910900 |" time="0"/>
  <testcase name="And User input &quot;herdiladania11@gmail.com&quot; as email and input &quot;fe123&quot; as password" classname="| 263478910900 |" time="0"/>
  <testcase name="And User clicked masuk button" classname="| 263478910900 |" time="0"/>
  <testcase name="And User clicked masuk button" classname="| 263478910900 |" time="0"/>
  <testcase name="When User move to Profile Page" classname="| 263478910900 |" time="0"/>
  <testcase name="When User move to Profile Page" classname="| 263478910900 |" time="0.002">
    <error message="no such element: Unable to locate element: {&quot;method&quot;:&quot;xpath&quot;,&quot;selector&quot;:&quot;//h2[@class=&apos;swal2-title&apos;]&quot;}&#10;  (Session info: chrome=110.0.5481.100)&#10;For documentation on this error, please visit: https://selenium.dev/exceptions/#no_such_element&#10;Build info: version: &apos;4.1.2&apos;, revision: &apos;9a5a329c5a&apos;&#10;System info: host: &apos;nsystem-mbp&apos;, ip: &apos;fe80:0:0:0:ce7:beec:a50b:8367%en0&apos;, os.name: &apos;Mac OS X&apos;, os.arch: &apos;x86_64&apos;, os.version: &apos;10.16&apos;, java.version: &apos;1.8.0_201&apos;&#10;Driver info: org.openqa.selenium.chrome.ChromeDriver&#10;Command: [2bb302ece34c7763925ae64e32ca5873, findElement {using=xpath, value=//h2[@class=&apos;swal2-title&apos;]}]&#10;Capabilities {acceptInsecureCerts: false, browserName: chrome, browserVersion: 110.0.5481.100, chrome: {chromedriverVersion: 110.0.5481.77 (65ed616c6e8e..., userDataDir: /var/folders/00/xzw63_pj58g...}, goog:chromeOptions: {debuggerAddress: localhost:52028}, javascriptEnabled: true, networkConnectionEnabled: false, pageLoadStrategy: normal, platform: MAC, platformName: MAC, proxy: Proxy(), se:cdp: ws://localhost:52028/devtoo..., se:cdpVersion: 110.0.5481.100, setWindowRect: true, strictFileInteractability: false, timeouts: {implicit: 0, pageLoad: 300000, script: 30000}, unhandledPromptBehavior: dismiss and notify, webauthn:extension:credBlob: true, webauthn:extension:largeBlob: true, webauthn:virtualAuthenticators: true}&#10;Session ID: 2bb302ece34c7763925ae64e32ca5873" type="org.openqa.selenium.NoSuchElementException"><![CDATA[org.openqa.selenium.NoSuchElementException: 
no such element: Unable to locate element: {"method":"xpath","selector":"//h2[@class='swal2-title']"}
  (Session info: chrome=110.0.5481.100)
For documentation on this error, please visit: https://selenium.dev/exceptions/#no_such_element
Build info: version: '4.1.2', revision: '9a5a329c5a'
System info: host: 'nsystem-mbp', ip: 'fe80:0:0:0:ce7:beec:a50b:8367%en0', os.name: 'Mac OS X', os.arch: 'x86_64', os.version: '10.16', java.version: '1.8.0_201'
Driver info: org.openqa.selenium.chrome.ChromeDriver
Command: [2bb302ece34c7763925ae64e32ca5873, findElement {using=xpath, value=//h2[@class='swal2-title']}]
Capabilities {acceptInsecureCerts: false, browserName: chrome, browserVersion: 110.0.5481.100, chrome: {chromedriverVersion: 110.0.5481.77 (65ed616c6e8e..., userDataDir: /var/folders/00/xzw63_pj58g...}, goog:chromeOptions: {debuggerAddress: localhost:52028}, javascriptEnabled: true, networkConnectionEnabled: false, pageLoadStrategy: normal, platform: MAC, platformName: MAC, proxy: Proxy(), se:cdp: ws://localhost:52028/devtoo..., se:cdpVersion: 110.0.5481.100, setWindowRect: true, strictFileInteractability: false, timeouts: {implicit: 0, pageLoad: 300000, script: 30000}, unhandledPromptBehavior: dismiss and notify, webauthn:extension:credBlob: true, webauthn:extension:largeBlob: true, webauthn:virtualAuthenticators: true}
Session ID: 2bb302ece34c7763925ae64e32ca5873
]]></error>
  </testcase>
  <testcase name="And User click edit profile" classname="| 263478910900 |" time="0.006">
    <error message="element click intercepted: Element &lt;label id=&quot;modal-profil-murid&quot; for=&quot;my-modal-5&quot; class=&quot;flex gap-1 absolute lg:top-10 top-10 lg:right-40 right-0&quot;&gt;...&lt;/label&gt; is not clickable at point (949, 280). Other element would receive the click: &lt;h2 class=&quot;swal2-title&quot; id=&quot;swal2-title&quot; style=&quot;display: block;&quot;&gt;...&lt;/h2&gt;&#10;  (Session info: chrome=110.0.5481.100)&#10;Build info: version: &apos;4.1.2&apos;, revision: &apos;9a5a329c5a&apos;&#10;System info: host: &apos;nsystem-mbp&apos;, ip: &apos;fe80:0:0:0:ce7:beec:a50b:8367%en0&apos;, os.name: &apos;Mac OS X&apos;, os.arch: &apos;x86_64&apos;, os.version: &apos;10.16&apos;, java.version: &apos;1.8.0_201&apos;&#10;Driver info: org.openqa.selenium.chrome.ChromeDriver&#10;Command: [c068d7f84840deb49b352190573ec8f1, clickElement {id=3f887497-2655-4f0a-86d5-05430cd7da37}]&#10;Capabilities {acceptInsecureCerts: false, browserName: chrome, browserVersion: 110.0.5481.100, chrome: {chromedriverVersion: 110.0.5481.77 (65ed616c6e8e..., userDataDir: /var/folders/00/xzw63_pj58g...}, goog:chromeOptions: {debuggerAddress: localhost:50263}, javascriptEnabled: true, networkConnectionEnabled: false, pageLoadStrategy: normal, platform: MAC, platformName: MAC, proxy: Proxy(), se:cdp: ws://localhost:50263/devtoo..., se:cdpVersion: 110.0.5481.100, setWindowRect: true, strictFileInteractability: false, timeouts: {implicit: 0, pageLoad: 300000, script: 30000}, unhandledPromptBehavior: dismiss and notify, webauthn:extension:credBlob: true, webauthn:extension:largeBlob: true, webauthn:virtualAuthenticators: true}&#10;Element: [[ChromeDriver: chrome on MAC (c068d7f84840deb49b352190573ec8f1)] -&gt; id: modal-profil-murid]&#10;Session ID: c068d7f84840deb49b352190573ec8f1" type="org.openqa.selenium.ElementClickInterceptedException"><![CDATA[org.openqa.selenium.ElementClickInterceptedException: 
element click intercepted: Element <label id="modal-profil-murid" for="my-modal-5" class="flex gap-1 absolute lg:top-10 top-10 lg:right-40 right-0">...</label> is not clickable at point (949, 280). Other element would receive the click: <h2 class="swal2-title" id="swal2-title" style="display: block;">...</h2>
  (Session info: chrome=110.0.5481.100)
Build info: version: '4.1.2', revision: '9a5a329c5a'
System info: host: 'nsystem-mbp', ip: 'fe80:0:0:0:ce7:beec:a50b:8367%en0', os.name: 'Mac OS X', os.arch: 'x86_64', os.version: '10.16', java.version: '1.8.0_201'
Driver info: org.openqa.selenium.chrome.ChromeDriver
Command: [c068d7f84840deb49b352190573ec8f1, clickElement {id=3f887497-2655-4f0a-86d5-05430cd7da37}]
Capabilities {acceptInsecureCerts: false, browserName: chrome, browserVersion: 110.0.5481.100, chrome: {chromedriverVersion: 110.0.5481.77 (65ed616c6e8e..., userDataDir: /var/folders/00/xzw63_pj58g...}, goog:chromeOptions: {debuggerAddress: localhost:50263}, javascriptEnabled: true, networkConnectionEnabled: false, pageLoadStrategy: normal, platform: MAC, platformName: MAC, proxy: Proxy(), se:cdp: ws://localhost:50263/devtoo..., se:cdpVersion: 110.0.5481.100, setWindowRect: true, strictFileInteractability: false, timeouts: {implicit: 0, pageLoad: 300000, script: 30000}, unhandledPromptBehavior: dismiss and notify, webauthn:extension:credBlob: true, webauthn:extension:largeBlob: true, webauthn:virtualAuthenticators: true}
Element: [[ChromeDriver: chrome on MAC (c068d7f84840deb49b352190573ec8f1)] -> id: modal-profil-murid]
Session ID: c068d7f84840deb49b352190573ec8f1
]]></error>
  </testcase>
  <testcase name="" classname="| 263478910900 |" time="0.007">
    <error message="element click intercepted: Element &lt;label id=&quot;modal-profil-murid&quot; for=&quot;my-modal-5&quot; class=&quot;flex gap-1 absolute lg:top-10 top-10 lg:right-40 right-0&quot;&gt;...&lt;/label&gt; is not clickable at point (949, 280). Other element would receive the click: &lt;h2 class=&quot;swal2-title&quot; id=&quot;swal2-title&quot; style=&quot;display: block;&quot;&gt;...&lt;/h2&gt;&#10;  (Session info: chrome=110.0.5481.100)&#10;Build info: version: &apos;4.1.2&apos;, revision: &apos;9a5a329c5a&apos;&#10;System info: host: &apos;nsystem-mbp&apos;, ip: &apos;fe80:0:0:0:ce7:beec:a50b:8367%en0&apos;, os.name: &apos;Mac OS X&apos;, os.arch: &apos;x86_64&apos;, os.version: &apos;10.16&apos;, java.version: &apos;1.8.0_201&apos;&#10;Driver info: org.openqa.selenium.chrome.ChromeDriver&#10;Command: [c068d7f84840deb49b352190573ec8f1, clickElement {id=3f887497-2655-4f0a-86d5-05430cd7da37}]&#10;Capabilities {acceptInsecureCerts: false, browserName: chrome, browserVersion: 110.0.5481.100, chrome: {chromedriverVersion: 110.0.5481.77 (65ed616c6e8e..., userDataDir: /var/folders/00/xzw63_pj58g...}, goog:chromeOptions: {debuggerAddress: localhost:50263}, javascriptEnabled: true, networkConnectionEnabled: false, pageLoadStrategy: normal, platform: MAC, platformName: MAC, proxy: Proxy(), se:cdp: ws://localhost:50263/devtoo..., se:cdpVersion: 110.0.5481.100, setWindowRect: true, strictFileInteractability: false, timeouts: {implicit: 0, pageLoad: 300000, script: 30000}, unhandledPromptBehavior: dismiss and notify, webauthn:extension:credBlob: true, webauthn:extension:largeBlob: true, webauthn:virtualAuthenticators: true}&#10;Element: [[ChromeDriver: chrome on MAC (c068d7f84840deb49b352190573ec8f1)] -&gt; id: modal-profil-murid]&#10;Session ID: c068d7f84840deb49b352190573ec8f1" type="org.openqa.selenium.ElementClickInterceptedException"><![CDATA[org.openqa.selenium.ElementClickInterceptedException: 
element click intercepted: Element <label id="modal-profil-murid" for="my-modal-5" class="flex gap-1 absolute lg:top-10 top-10 lg:right-40 right-0">...</label> is not clickable at point (949, 280). Other element would receive the click: <h2 class="swal2-title" id="swal2-title" style="display: block;">...</h2>
  (Session info: chrome=110.0.5481.100)
Build info: version: '4.1.2', revision: '9a5a329c5a'
System info: host: 'nsystem-mbp', ip: 'fe80:0:0:0:ce7:beec:a50b:8367%en0', os.name: 'Mac OS X', os.arch: 'x86_64', os.version: '10.16', java.version: '1.8.0_201'
Driver info: org.openqa.selenium.chrome.ChromeDriver
Command: [c068d7f84840deb49b352190573ec8f1, clickElement {id=3f887497-2655-4f0a-86d5-05430cd7da37}]
Capabilities {acceptInsecureCerts: false, browserName: chrome, browserVersion: 110.0.5481.100, chrome: {chromedriverVersion: 110.0.5481.77 (65ed616c6e8e..., userDataDir: /var/folders/00/xzw63_pj58g...}, goog:chromeOptions: {debuggerAddress: localhost:50263}, javascriptEnabled: true, networkConnectionEnabled: false, pageLoadStrategy: normal, platform: MAC, platformName: MAC, proxy: Proxy(), se:cdp: ws://localhost:50263/devtoo..., se:cdpVersion: 110.0.5481.100, setWindowRect: true, strictFileInteractability: false, timeouts: {implicit: 0, pageLoad: 300000, script: 30000}, unhandledPromptBehavior: dismiss and notify, webauthn:extension:credBlob: true, webauthn:extension:largeBlob: true, webauthn:virtualAuthenticators: true}
Element: [[ChromeDriver: chrome on MAC (c068d7f84840deb49b352190573ec8f1)] -> id: modal-profil-murid]
Session ID: c068d7f84840deb49b352190573ec8f1
]]></error>
  </testcase>
  <testcase name="" classname="| 263478910900 |" time="0.003">
    <error message="no such element: Unable to locate element: {&quot;method&quot;:&quot;xpath&quot;,&quot;selector&quot;:&quot;//h2[@class=&apos;swal2-title&apos;]&quot;}&#10;  (Session info: chrome=110.0.5481.100)&#10;For documentation on this error, please visit: https://selenium.dev/exceptions/#no_such_element&#10;Build info: version: &apos;4.1.2&apos;, revision: &apos;9a5a329c5a&apos;&#10;System info: host: &apos;nsystem-mbp&apos;, ip: &apos;fe80:0:0:0:ce7:beec:a50b:8367%en0&apos;, os.name: &apos;Mac OS X&apos;, os.arch: &apos;x86_64&apos;, os.version: &apos;10.16&apos;, java.version: &apos;1.8.0_201&apos;&#10;Driver info: org.openqa.selenium.chrome.ChromeDriver&#10;Command: [2bb302ece34c7763925ae64e32ca5873, findElement {using=xpath, value=//h2[@class=&apos;swal2-title&apos;]}]&#10;Capabilities {acceptInsecureCerts: false, browserName: chrome, browserVersion: 110.0.5481.100, chrome: {chromedriverVersion: 110.0.5481.77 (65ed616c6e8e..., userDataDir: /var/folders/00/xzw63_pj58g...}, goog:chromeOptions: {debuggerAddress: localhost:52028}, javascriptEnabled: true, networkConnectionEnabled: false, pageLoadStrategy: normal, platform: MAC, platformName: MAC, proxy: Proxy(), se:cdp: ws://localhost:52028/devtoo..., se:cdpVersion: 110.0.5481.100, setWindowRect: true, strictFileInteractability: false, timeouts: {implicit: 0, pageLoad: 300000, script: 30000}, unhandledPromptBehavior: dismiss and notify, webauthn:extension:credBlob: true, webauthn:extension:largeBlob: true, webauthn:virtualAuthenticators: true}&#10;Session ID: 2bb302ece34c7763925ae64e32ca5873" type="org.openqa.selenium.NoSuchElementException"><![CDATA[org.openqa.selenium.NoSuchElementException: 
no such element: Unable to locate element: {"method":"xpath","selector":"//h2[@class='swal2-title']"}
  (Session info: chrome=110.0.5481.100)
For documentation on this error, please visit: https://selenium.dev/exceptions/#no_such_element
Build info: version: '4.1.2', revision: '9a5a329c5a'
System info: host: 'nsystem-mbp', ip: 'fe80:0:0:0:ce7:beec:a50b:8367%en0', os.name: 'Mac OS X', os.arch: 'x86_64', os.version: '10.16', java.version: '1.8.0_201'
Driver info: org.openqa.selenium.chrome.ChromeDriver
Command: [2bb302ece34c7763925ae64e32ca5873, findElement {using=xpath, value=//h2[@class='swal2-title']}]
Capabilities {acceptInsecureCerts: false, browserName: chrome, browserVersion: 110.0.5481.100, chrome: {chromedriverVersion: 110.0.5481.77 (65ed616c6e8e..., userDataDir: /var/folders/00/xzw63_pj58g...}, goog:chromeOptions: {debuggerAddress: localhost:52028}, javascriptEnabled: true, networkConnectionEnabled: false, pageLoadStrategy: normal, platform: MAC, platformName: MAC, proxy: Proxy(), se:cdp: ws://localhost:52028/devtoo..., se:cdpVersion: 110.0.5481.100, setWindowRect: true, strictFileInteractability: false, timeouts: {implicit: 0, pageLoad: 300000, script: 30000}, unhandledPromptBehavior: dismiss and notify, webauthn:extension:credBlob: true, webauthn:extension:largeBlob: true, webauthn:virtualAuthenticators: true}
Session ID: 2bb302ece34c7763925ae64e32ca5873
]]></error>
  </testcase>
  <testcase name="Given Student already on Edit Profile page" classname="| 263478910900 |" time="0">
    <skipped/>
    <system-out><![CDATA[
  Background:                                                                        &amp#27;[90m# features/UpdateStudent.feature:4&amp#27;[0m
    &amp#27;[32mGiven &amp#27;[0m&amp#27;[32mUser open the website GuruMu&amp#27;[0m                                               &amp#27;[90m# LoginSteps.userOpenTheWebsiteGuruMu()&amp#27;[0m
    &amp#27;[32mWhen &amp#27;[0m&amp#27;[32mUser click avatar navigation&amp#27;[0m                                                &amp#27;[90m# LoginSteps.userClickAvatarNavigation()&amp#27;[0m
    &amp#27;[32mAnd &amp#27;[0m&amp#27;[32mUser click menu Masuk&amp#27;[0m                                                        &amp#27;[90m# LoginSteps.userClickMenuMasuk()&amp#27;[0m
    &amp#27;[32mAnd &amp#27;[0m&amp#27;[32mUser input "&amp#27;[0m&amp#27;[32m&amp#27;[1mherdiladania11@gmail.com&amp#27;[0m&amp#27;[32m" as email and input "&amp#27;[0m&amp#27;[32m&amp#27;[1mfe123&amp#27;[0m&amp#27;[32m" as password&amp#27;[0m &amp#27;[90m# LoginSteps.inputCredential(String,String)&amp#27;[0m
    &amp#27;[32mAnd &amp#27;[0m&amp#27;[32mUser clicked masuk button&amp#27;[0m                                                    &amp#27;[90m# LoginSteps.userClickMasukButton()&amp#27;[0m
    &amp#27;[32mWhen &amp#27;[0m&amp#27;[32mUser move to Profile Page&amp#27;[0m                                                   &amp#27;[90m# PenilaianUlasanSteps.userMoveToProfilePage()&amp#27;[0m
    &amp#27;[31mAnd &amp#27;[0m&amp#27;[31mUser click edit profile&amp#27;[0m                                                      &amp#27;[90m# UpdateStudentSteps.userClickEditProfile()&amp#27;[0m
      &amp#27;[31morg.openqa.selenium.ElementClickInterceptedException: element click intercepted: Element <label id="modal-profil-murid" for="my-modal-5" class="flex gap-1 absolute lg:top-10 top-10 lg:right-40 right-0">...</label> is not clickable at point (949, 280). Other element would receive the click: <h2 class="swal2-title" id="swal2-title" style="display: block;">...</h2>
        (Session info: chrome=110.0.5481.100)
      Build info: version: '4.1.2', revision: '9a5a329c5a'
      System info: host: 'nsystem-mbp', ip: 'fe80:0:0:0:ce7:beec:a50b:8367%en0', os.name: 'Mac OS X', os.arch: 'x86_64', os.version: '10.16', java.version: '1.8.0_201'
      Driver info: org.openqa.selenium.chrome.ChromeDriver
      Command: [c068d7f84840deb49b352190573ec8f1, clickElement {id=3f887497-2655-4f0a-86d5-05430cd7da37}]
      Capabilities {acceptInsecureCerts: false, browserName: chrome, browserVersion: 110.0.5481.100, chrome: {chromedriverVersion: 110.0.5481.77 (65ed616c6e8e..., userDataDir: /var/folders/00/xzw63_pj58g...}, goog:chromeOptions: {debuggerAddress: localhost:50263}, javascriptEnabled: true, networkConnectionEnabled: false, pageLoadStrategy: normal, platform: MAC, platformName: MAC, proxy: Proxy(), se:cdp: ws://localhost:50263/devtoo..., se:cdpVersion: 110.0.5481.100, setWindowRect: true, strictFileInteractability: false, timeouts: {implicit: 0, pageLoad: 300000, script: 30000}, unhandledPromptBehavior: dismiss and notify, webauthn:extension:credBlob: true, webauthn:extension:largeBlob: true, webauthn:virtualAuthenticators: true}
      Element: [[ChromeDriver: chrome on MAC (c068d7f84840deb49b352190573ec8f1)] -> id: modal-profil-murid]
      Session ID: c068d7f84840deb49b352190573ec8f1
      	at sun.reflect.GeneratedConstructorAccessor44.newInstance(Unknown Source)
      	at sun.reflect.DelegatingConstructorAccessorImpl.newInstance(DelegatingConstructorAccessorImpl.java:45)
      	at java.lang.reflect.Constructor.newInstance(Constructor.java:423)
      	at org.openqa.selenium.remote.codec.w3c.W3CHttpResponseCodec.createException(W3CHttpResponseCodec.java:200)
      	at org.openqa.selenium.remote.codec.w3c.W3CHttpResponseCodec.decode(W3CHttpResponseCodec.java:133)
      	at org.openqa.selenium.remote.codec.w3c.W3CHttpResponseCodec.decode(W3CHttpResponseCodec.java:53)
      	at org.openqa.selenium.remote.HttpCommandExecutor.execute(HttpCommandExecutor.java:184)
      	at org.openqa.selenium.remote.service.DriverCommandExecutor.invokeExecute(DriverCommandExecutor.java:167)
      	at org.openqa.selenium.remote.service.DriverCommandExecutor.execute(DriverCommandExecutor.java:142)
      	at org.openqa.selenium.remote.RemoteWebDriver.execute(RemoteWebDriver.java:558)
      	at org.openqa.selenium.remote.RemoteWebElement.execute(RemoteWebElement.java:251)
      	at org.openqa.selenium.remote.RemoteWebElement.click(RemoteWebElement.java:77)
      	at sun.reflect.GeneratedMethodAccessor10.invoke(Unknown Source)
      	at sun.reflect.DelegatingMethodAccessorImpl.invoke(DelegatingMethodAccessorImpl.java:43)
      	at java.lang.reflect.Method.invoke(Method.java:498)
      	at org.openqa.selenium.support.pagefactory.internal.LocatingElementHandler.invoke(LocatingElementHandler.java:52)
      	at com.sun.proxy.$Proxy21.click(Unknown Source)
      	at org.example.pageObject.UpdateStudentPage.openEditProfileModal(UpdateStudentPage.java:105)
      	at step_definitions.UpdateStudentSteps.userClickEditProfile(UpdateStudentSteps.java:355)
      	at ✽.And User click edit profile(features/UpdateStudent.feature:11)
      &amp#27;[0m
]]></system-out>
  </testcase>
  <testcase name="When Student click Email field" classname="| 263478910900 |" time="0">
    <skipped/>
  </testcase>
  <testcase name="Then Student input with number like &quot;263478910900&quot; in Email field" classname="| 263478910900 |" time="0">
    <skipped/>
  </testcase>
  <testcase name="And User input &quot;zulfeekei@gmail.com&quot; as email and input &quot;be123&quot; as password" classname="| 263478910900 |" time="0"/>
  <testcase name="And User move to edit profile" classname="| 263478910900 |" time="0">
    <skipped/>
  </testcase>
  <testcase name="Given Teacher already on Edit Profile page" classname="| 263478910900 |" time="0">
    <skipped/>
    <system-out><![CDATA[
  Background:                                                                   &amp#27;[90m# features/UpdateTeacher.feature:4&amp#27;[0m
    &amp#27;[32mGiven &amp#27;[0m&amp#27;[32mUser open the website GuruMu&amp#27;[0m                                          &amp#27;[90m# LoginSteps.userOpenTheWebsiteGuruMu()&amp#27;[0m
    &amp#27;[32mWhen &amp#27;[0m&amp#27;[32mUser click avatar navigation&amp#27;[0m                                           &amp#27;[90m# LoginSteps.userClickAvatarNavigation()&amp#27;[0m
    &amp#27;[32mAnd &amp#27;[0m&amp#27;[32mUser click menu Masuk&amp#27;[0m                                                   &amp#27;[90m# LoginSteps.userClickMenuMasuk()&amp#27;[0m
    &amp#27;[32mAnd &amp#27;[0m&amp#27;[32mUser input "&amp#27;[0m&amp#27;[32m&amp#27;[1mzulfeekei@gmail.com&amp#27;[0m&amp#27;[32m" as email and input "&amp#27;[0m&amp#27;[32m&amp#27;[1mbe123&amp#27;[0m&amp#27;[32m" as password&amp#27;[0m &amp#27;[90m# LoginSteps.inputCredential(String,String)&amp#27;[0m
    &amp#27;[32mAnd &amp#27;[0m&amp#27;[32mUser clicked masuk button&amp#27;[0m                                               &amp#27;[90m# LoginSteps.userClickMasukButton()&amp#27;[0m
    &amp#27;[31mWhen &amp#27;[0m&amp#27;[31mUser move to Profile Page&amp#27;[0m                                              &amp#27;[90m# PenilaianUlasanSteps.userMoveToProfilePage()&amp#27;[0m
      &amp#27;[31morg.openqa.selenium.NoSuchElementException: no such element: Unable to locate element: {"method":"xpath","selector":"//h2[@class='swal2-title']"}
        (Session info: chrome=110.0.5481.100)
      For documentation on this error, please visit: https://selenium.dev/exceptions/#no_such_element
      Build info: version: '4.1.2', revision: '9a5a329c5a'
      System info: host: 'nsystem-mbp', ip: 'fe80:0:0:0:ce7:beec:a50b:8367%en0', os.name: 'Mac OS X', os.arch: 'x86_64', os.version: '10.16', java.version: '1.8.0_201'
      Driver info: org.openqa.selenium.chrome.ChromeDriver
      Command: [2bb302ece34c7763925ae64e32ca5873, findElement {using=xpath, value=//h2[@class='swal2-title']}]
      Capabilities {acceptInsecureCerts: false, browserName: chrome, browserVersion: 110.0.5481.100, chrome: {chromedriverVersion: 110.0.5481.77 (65ed616c6e8e..., userDataDir: /var/folders/00/xzw63_pj58g...}, goog:chromeOptions: {debuggerAddress: localhost:52028}, javascriptEnabled: true, networkConnectionEnabled: false, pageLoadStrategy: normal, platform: MAC, platformName: MAC, proxy: Proxy(), se:cdp: ws://localhost:52028/devtoo..., se:cdpVersion: 110.0.5481.100, setWindowRect: true, strictFileInteractability: false, timeouts: {implicit: 0, pageLoad: 300000, script: 30000}, unhandledPromptBehavior: dismiss and notify, webauthn:extension:credBlob: true, webauthn:extension:largeBlob: true, webauthn:virtualAuthenticators: true}
      Session ID: 2bb302ece34c7763925ae64e32ca5873
      	at sun.reflect.GeneratedConstructorAccessor38.newInstance(Unknown Source)
      	at sun.reflect.DelegatingConstructorAccessorImpl.newInstance(DelegatingConstructorAccessorImpl.java:45)
      	at java.lang.reflect.Constructor.newInstance(Constructor.java:423)
      	at org.openqa.selenium.remote.codec.w3c.W3CHttpResponseCodec.createException(W3CHttpResponseCodec.java:200)
      	at org.openqa.selenium.remote.codec.w3c.W3CHttpResponseCodec.decode(W3CHttpResponseCodec.java:133)
      	at org.openqa.selenium.remote.codec.w3c.W3CHttpResponseCodec.decode(W3CHttpResponseCodec.java:53)
      	at org.openqa.selenium.remote.HttpCommandExecutor.execute(HttpCommandExecutor.java:184)
      	at org.openqa.selenium.remote.service.DriverCommandExecutor.invokeExecute(DriverCommandExecutor.java:167)
      	at org.openqa.selenium.remote.service.DriverCommandExecutor.execute(DriverCommandExecutor.java:142)
      	at org.openqa.selenium.remote.RemoteWebDriver.execute(RemoteWebDriver.java:558)
      	at org.openqa.selenium.remote.ElementLocation$ElementFinder$2.findElement(ElementLocation.java:162)
      	at org.openqa.selenium.remote.ElementLocation.findElement(ElementLocation.java:60)
      	at org.openqa.selenium.remote.RemoteWebDriver.findElement(RemoteWebDriver.java:382)
      	at org.openqa.selenium.remote.RemoteWebDriver.findElement(RemoteWebDriver.java:374)
      	at org.openqa.selenium.support.pagefactory.DefaultElementLocator.findElement(DefaultElementLocator.java:70)
      	at org.openqa.selenium.support.pagefactory.internal.LocatingElementHandler.invoke(LocatingElementHandler.java:39)
      	at com.sun.proxy.$Proxy21.isDisplayed(Unknown Source)
      	at org.example.pageObject.BerandaPage.successMessageIsDisplayed(BerandaPage.java:169)
      	at step_definitions.PenilaianUlasanSteps.userMoveToProfilePage(PenilaianUlasanSteps.java:163)
      	at ✽.When User move to Profile Page(features/UpdateTeacher.feature:10)
      &amp#27;[0m
    &amp#27;[36mAnd &amp#27;[0m&amp#27;[36mUser move to edit profile&amp#27;[0m                                               &amp#27;[90m# UpdateTeacherSteps.userMoveToEditProfile()&amp#27;[0m
]]></system-out>
  </testcase>
  <testcase name="When Teacher click &apos;Email&apos; field" classname="| 263478910900 |" time="0">
    <skipped/>
  </testcase>
  <testcase name="Then Teacher input with number like &quot;263478910900&quot; in &apos;Email&apos; field" classname="| 263478910900 |" time="0">
    <skipped/>
  </testcase>
  <testcase name="Given User open the website GuruMu" classname="Scenario: Verify Alamat field is enabled" time="0">
    <system-out><![CDATA[
  @TestUpdateStudent @Test
  Scenario Outline: Input Field with Special Character in Email field                        &amp#27;[90m# features/UpdateStudent.feature:154&amp#27;[0m
    &amp#27;[36mGiven &amp#27;[0m&amp#27;[36mStudent already on Edit Profile page&amp#27;[0m                                               &amp#27;[90m# UpdateStudentSteps.studentAlreadyonEditProfilePage()&amp#27;[0m
    &amp#27;[36mWhen &amp#27;[0m&amp#27;[36mStudent click Email field&amp#27;[0m                                                           &amp#27;[90m# UpdateStudentSteps.studentClickEmailField()&amp#27;[0m
    &amp#27;[36mThen &amp#27;[0m&amp#27;[36mStudent input with special character like "&amp#27;[0m&amp#27;[36m&amp#27;[1m#$^$%&^%*&^*^&*$#$#@%$%^&amp#27;[0m&amp#27;[36m" in Email field&amp#27;[0m &amp#27;[90m# UpdateStudentSteps.studentInputWithSpecialCharacterLikeInEmailField(String)&amp#27;[0m
]]></system-out>
    <system-err><![CDATA[Starting ChromeDriver 110.0.5481.77 (65ed616c6e8ee3fe0ad64fe83796c020644d42af-refs/branch-heads/5481@{#839}) on port 59474
Only local connections are allowed.
Please see https://chromedriver.chromium.org/security-considerations for suggestions on keeping ChromeDriver safe.
ChromeDriver was started successfully.
[1676553679.664][WARNING]: virtual void DevToolsClientImpl::AddListener(DevToolsEventListener *) subscribing a listener to the already connected DevToolsClient. Connection notification will not arrive.
Feb 16, 2023 8:21:19 PM org.openqa.selenium.remote.ProtocolHandshake createSession
INFO: Detected dialect: W3C
Feb 16, 2023 8:21:19 PM org.openqa.selenium.devtools.CdpVersionFinder findNearestMatch
WARNING: Unable to find an exact match for CDP version 110, so returning the closest version found: a no-op implementation
Feb 16, 2023 8:21:19 PM org.openqa.selenium.devtools.CdpVersionFinder findNearestMatch
INFO: Unable to find CDP implementation matching 110.
Feb 16, 2023 8:21:19 PM org.openqa.selenium.chromium.ChromiumDriver lambda$new$3
WARNING: Unable to find version of CDP to use for . You may need to include a dependency on a specific version of the CDP using something similar to `org.seleniumhq.selenium:selenium-devtools-v86:4.1.2` where the version ("v86") matches the version of the chromium-based browser you're using and the version number of the artifact is the same as Selenium's.
]]></system-err>
  </testcase>
  <testcase name="When User click avatar navigation" classname="Scenario: Verify Alamat field is enabled" time="0"/>
  <testcase name="And User click menu Masuk" classname="Scenario: Verify Alamat field is enabled" time="0"/>
  <testcase name="And User input &quot;herdiladania11@gmail.com&quot; as email and input &quot;fe123&quot; as password" classname="Scenario: Verify Alamat field is enabled" time="0"/>
  <testcase name="And User clicked masuk button" classname="Scenario: Verify Alamat field is enabled" time="0"/>
  <testcase name="When User move to Profile Page" classname="Scenario: Verify Alamat field is enabled" time="0"/>
  <testcase name="And User click edit profile" classname="Scenario: Verify Alamat field is enabled" time="0.004">
    <error message="element click intercepted: Element &lt;label id=&quot;modal-profil-murid&quot; for=&quot;my-modal-5&quot; class=&quot;flex gap-1 absolute lg:top-10 top-10 lg:right-40 right-0&quot;&gt;...&lt;/label&gt; is not clickable at point (949, 280). Other element would receive the click: &lt;h2 class=&quot;swal2-title&quot; id=&quot;swal2-title&quot; style=&quot;display: block;&quot;&gt;...&lt;/h2&gt;&#10;  (Session info: chrome=110.0.5481.100)&#10;Build info: version: &apos;4.1.2&apos;, revision: &apos;9a5a329c5a&apos;&#10;System info: host: &apos;nsystem-mbp&apos;, ip: &apos;fe80:0:0:0:ce7:beec:a50b:8367%en0&apos;, os.name: &apos;Mac OS X&apos;, os.arch: &apos;x86_64&apos;, os.version: &apos;10.16&apos;, java.version: &apos;1.8.0_201&apos;&#10;Driver info: org.openqa.selenium.chrome.ChromeDriver&#10;Command: [4f01d08d310bc41642334b088d8a0caa, clickElement {id=1998883f-e4fc-4c2b-b8c2-379ad2417f4d}]&#10;Capabilities {acceptInsecureCerts: false, browserName: chrome, browserVersion: 110.0.5481.100, chrome: {chromedriverVersion: 110.0.5481.77 (65ed616c6e8e..., userDataDir: /var/folders/00/xzw63_pj58g...}, goog:chromeOptions: {debuggerAddress: localhost:50316}, javascriptEnabled: true, networkConnectionEnabled: false, pageLoadStrategy: normal, platform: MAC, platformName: MAC, proxy: Proxy(), se:cdp: ws://localhost:50316/devtoo..., se:cdpVersion: 110.0.5481.100, setWindowRect: true, strictFileInteractability: false, timeouts: {implicit: 0, pageLoad: 300000, script: 30000}, unhandledPromptBehavior: dismiss and notify, webauthn:extension:credBlob: true, webauthn:extension:largeBlob: true, webauthn:virtualAuthenticators: true}&#10;Element: [[ChromeDriver: chrome on MAC (4f01d08d310bc41642334b088d8a0caa)] -&gt; id: modal-profil-murid]&#10;Session ID: 4f01d08d310bc41642334b088d8a0caa" type="org.openqa.selenium.ElementClickInterceptedException"><![CDATA[org.openqa.selenium.ElementClickInterceptedException: 
element click intercepted: Element <label id="modal-profil-murid" for="my-modal-5" class="flex gap-1 absolute lg:top-10 top-10 lg:right-40 right-0">...</label> is not clickable at point (949, 280). Other element would receive the click: <h2 class="swal2-title" id="swal2-title" style="display: block;">...</h2>
  (Session info: chrome=110.0.5481.100)
Build info: version: '4.1.2', revision: '9a5a329c5a'
System info: host: 'nsystem-mbp', ip: 'fe80:0:0:0:ce7:beec:a50b:8367%en0', os.name: 'Mac OS X', os.arch: 'x86_64', os.version: '10.16', java.version: '1.8.0_201'
Driver info: org.openqa.selenium.chrome.ChromeDriver
Command: [4f01d08d310bc41642334b088d8a0caa, clickElement {id=1998883f-e4fc-4c2b-b8c2-379ad2417f4d}]
Capabilities {acceptInsecureCerts: false, browserName: chrome, browserVersion: 110.0.5481.100, chrome: {chromedriverVersion: 110.0.5481.77 (65ed616c6e8e..., userDataDir: /var/folders/00/xzw63_pj58g...}, goog:chromeOptions: {debuggerAddress: localhost:50316}, javascriptEnabled: true, networkConnectionEnabled: false, pageLoadStrategy: normal, platform: MAC, platformName: MAC, proxy: Proxy(), se:cdp: ws://localhost:50316/devtoo..., se:cdpVersion: 110.0.5481.100, setWindowRect: true, strictFileInteractability: false, timeouts: {implicit: 0, pageLoad: 300000, script: 30000}, unhandledPromptBehavior: dismiss and notify, webauthn:extension:credBlob: true, webauthn:extension:largeBlob: true, webauthn:virtualAuthenticators: true}
Element: [[ChromeDriver: chrome on MAC (4f01d08d310bc41642334b088d8a0caa)] -> id: modal-profil-murid]
Session ID: 4f01d08d310bc41642334b088d8a0caa
]]></error>
  </testcase>
  <testcase name="" classname="Scenario: Verify Alamat field is enabled" time="0.006">
    <error message="element click intercepted: Element &lt;label id=&quot;modal-profil-murid&quot; for=&quot;my-modal-5&quot; class=&quot;flex gap-1 absolute lg:top-10 top-10 lg:right-40 right-0&quot;&gt;...&lt;/label&gt; is not clickable at point (949, 280). Other element would receive the click: &lt;h2 class=&quot;swal2-title&quot; id=&quot;swal2-title&quot; style=&quot;display: block;&quot;&gt;...&lt;/h2&gt;&#10;  (Session info: chrome=110.0.5481.100)&#10;Build info: version: &apos;4.1.2&apos;, revision: &apos;9a5a329c5a&apos;&#10;System info: host: &apos;nsystem-mbp&apos;, ip: &apos;fe80:0:0:0:ce7:beec:a50b:8367%en0&apos;, os.name: &apos;Mac OS X&apos;, os.arch: &apos;x86_64&apos;, os.version: &apos;10.16&apos;, java.version: &apos;1.8.0_201&apos;&#10;Driver info: org.openqa.selenium.chrome.ChromeDriver&#10;Command: [4f01d08d310bc41642334b088d8a0caa, clickElement {id=1998883f-e4fc-4c2b-b8c2-379ad2417f4d}]&#10;Capabilities {acceptInsecureCerts: false, browserName: chrome, browserVersion: 110.0.5481.100, chrome: {chromedriverVersion: 110.0.5481.77 (65ed616c6e8e..., userDataDir: /var/folders/00/xzw63_pj58g...}, goog:chromeOptions: {debuggerAddress: localhost:50316}, javascriptEnabled: true, networkConnectionEnabled: false, pageLoadStrategy: normal, platform: MAC, platformName: MAC, proxy: Proxy(), se:cdp: ws://localhost:50316/devtoo..., se:cdpVersion: 110.0.5481.100, setWindowRect: true, strictFileInteractability: false, timeouts: {implicit: 0, pageLoad: 300000, script: 30000}, unhandledPromptBehavior: dismiss and notify, webauthn:extension:credBlob: true, webauthn:extension:largeBlob: true, webauthn:virtualAuthenticators: true}&#10;Element: [[ChromeDriver: chrome on MAC (4f01d08d310bc41642334b088d8a0caa)] -&gt; id: modal-profil-murid]&#10;Session ID: 4f01d08d310bc41642334b088d8a0caa" type="org.openqa.selenium.ElementClickInterceptedException"><![CDATA[org.openqa.selenium.ElementClickInterceptedException: 
element click intercepted: Element <label id="modal-profil-murid" for="my-modal-5" class="flex gap-1 absolute lg:top-10 top-10 lg:right-40 right-0">...</label> is not clickable at point (949, 280). Other element would receive the click: <h2 class="swal2-title" id="swal2-title" style="display: block;">...</h2>
  (Session info: chrome=110.0.5481.100)
Build info: version: '4.1.2', revision: '9a5a329c5a'
System info: host: 'nsystem-mbp', ip: 'fe80:0:0:0:ce7:beec:a50b:8367%en0', os.name: 'Mac OS X', os.arch: 'x86_64', os.version: '10.16', java.version: '1.8.0_201'
Driver info: org.openqa.selenium.chrome.ChromeDriver
Command: [4f01d08d310bc41642334b088d8a0caa, clickElement {id=1998883f-e4fc-4c2b-b8c2-379ad2417f4d}]
Capabilities {acceptInsecureCerts: false, browserName: chrome, browserVersion: 110.0.5481.100, chrome: {chromedriverVersion: 110.0.5481.77 (65ed616c6e8e..., userDataDir: /var/folders/00/xzw63_pj58g...}, goog:chromeOptions: {debuggerAddress: localhost:50316}, javascriptEnabled: true, networkConnectionEnabled: false, pageLoadStrategy: normal, platform: MAC, platformName: MAC, proxy: Proxy(), se:cdp: ws://localhost:50316/devtoo..., se:cdpVersion: 110.0.5481.100, setWindowRect: true, strictFileInteractability: false, timeouts: {implicit: 0, pageLoad: 300000, script: 30000}, unhandledPromptBehavior: dismiss and notify, webauthn:extension:credBlob: true, webauthn:extension:largeBlob: true, webauthn:virtualAuthenticators: true}
Element: [[ChromeDriver: chrome on MAC (4f01d08d310bc41642334b088d8a0caa)] -> id: modal-profil-murid]
Session ID: 4f01d08d310bc41642334b088d8a0caa
]]></error>
  </testcase>
  <testcase name="Given Student already on Edit Profile page" classname="Scenario: Verify Alamat field is enabled" time="0">
    <skipped/>
    <system-out><![CDATA[
  Background:                                                                        &amp#27;[90m# features/UpdateStudent.feature:4&amp#27;[0m
    &amp#27;[32mGiven &amp#27;[0m&amp#27;[32mUser open the website GuruMu&amp#27;[0m                                               &amp#27;[90m# LoginSteps.userOpenTheWebsiteGuruMu()&amp#27;[0m
    &amp#27;[32mWhen &amp#27;[0m&amp#27;[32mUser click avatar navigation&amp#27;[0m                                                &amp#27;[90m# LoginSteps.userClickAvatarNavigation()&amp#27;[0m
    &amp#27;[32mAnd &amp#27;[0m&amp#27;[32mUser click menu Masuk&amp#27;[0m                                                        &amp#27;[90m# LoginSteps.userClickMenuMasuk()&amp#27;[0m
    &amp#27;[32mAnd &amp#27;[0m&amp#27;[32mUser input "&amp#27;[0m&amp#27;[32m&amp#27;[1mherdiladania11@gmail.com&amp#27;[0m&amp#27;[32m" as email and input "&amp#27;[0m&amp#27;[32m&amp#27;[1mfe123&amp#27;[0m&amp#27;[32m" as password&amp#27;[0m &amp#27;[90m# LoginSteps.inputCredential(String,String)&amp#27;[0m
    &amp#27;[32mAnd &amp#27;[0m&amp#27;[32mUser clicked masuk button&amp#27;[0m                                                    &amp#27;[90m# LoginSteps.userClickMasukButton()&amp#27;[0m
    &amp#27;[32mWhen &amp#27;[0m&amp#27;[32mUser move to Profile Page&amp#27;[0m                                                   &amp#27;[90m# PenilaianUlasanSteps.userMoveToProfilePage()&amp#27;[0m
    &amp#27;[31mAnd &amp#27;[0m&amp#27;[31mUser click edit profile&amp#27;[0m                                                      &amp#27;[90m# UpdateStudentSteps.userClickEditProfile()&amp#27;[0m
      &amp#27;[31morg.openqa.selenium.ElementClickInterceptedException: element click intercepted: Element <label id="modal-profil-murid" for="my-modal-5" class="flex gap-1 absolute lg:top-10 top-10 lg:right-40 right-0">...</label> is not clickable at point (949, 280). Other element would receive the click: <h2 class="swal2-title" id="swal2-title" style="display: block;">...</h2>
        (Session info: chrome=110.0.5481.100)
      Build info: version: '4.1.2', revision: '9a5a329c5a'
      System info: host: 'nsystem-mbp', ip: 'fe80:0:0:0:ce7:beec:a50b:8367%en0', os.name: 'Mac OS X', os.arch: 'x86_64', os.version: '10.16', java.version: '1.8.0_201'
      Driver info: org.openqa.selenium.chrome.ChromeDriver
      Command: [4f01d08d310bc41642334b088d8a0caa, clickElement {id=1998883f-e4fc-4c2b-b8c2-379ad2417f4d}]
      Capabilities {acceptInsecureCerts: false, browserName: chrome, browserVersion: 110.0.5481.100, chrome: {chromedriverVersion: 110.0.5481.77 (65ed616c6e8e..., userDataDir: /var/folders/00/xzw63_pj58g...}, goog:chromeOptions: {debuggerAddress: localhost:50316}, javascriptEnabled: true, networkConnectionEnabled: false, pageLoadStrategy: normal, platform: MAC, platformName: MAC, proxy: Proxy(), se:cdp: ws://localhost:50316/devtoo..., se:cdpVersion: 110.0.5481.100, setWindowRect: true, strictFileInteractability: false, timeouts: {implicit: 0, pageLoad: 300000, script: 30000}, unhandledPromptBehavior: dismiss and notify, webauthn:extension:credBlob: true, webauthn:extension:largeBlob: true, webauthn:virtualAuthenticators: true}
      Element: [[ChromeDriver: chrome on MAC (4f01d08d310bc41642334b088d8a0caa)] -> id: modal-profil-murid]
      Session ID: 4f01d08d310bc41642334b088d8a0caa
      	at sun.reflect.GeneratedConstructorAccessor44.newInstance(Unknown Source)
      	at sun.reflect.DelegatingConstructorAccessorImpl.newInstance(DelegatingConstructorAccessorImpl.java:45)
      	at java.lang.reflect.Constructor.newInstance(Constructor.java:423)
      	at org.openqa.selenium.remote.codec.w3c.W3CHttpResponseCodec.createException(W3CHttpResponseCodec.java:200)
      	at org.openqa.selenium.remote.codec.w3c.W3CHttpResponseCodec.decode(W3CHttpResponseCodec.java:133)
      	at org.openqa.selenium.remote.codec.w3c.W3CHttpResponseCodec.decode(W3CHttpResponseCodec.java:53)
      	at org.openqa.selenium.remote.HttpCommandExecutor.execute(HttpCommandExecutor.java:184)
      	at org.openqa.selenium.remote.service.DriverCommandExecutor.invokeExecute(DriverCommandExecutor.java:167)
      	at org.openqa.selenium.remote.service.DriverCommandExecutor.execute(DriverCommandExecutor.java:142)
      	at org.openqa.selenium.remote.RemoteWebDriver.execute(RemoteWebDriver.java:558)
      	at org.openqa.selenium.remote.RemoteWebElement.execute(RemoteWebElement.java:251)
      	at org.openqa.selenium.remote.RemoteWebElement.click(RemoteWebElement.java:77)
      	at sun.reflect.GeneratedMethodAccessor10.invoke(Unknown Source)
      	at sun.reflect.DelegatingMethodAccessorImpl.invoke(DelegatingMethodAccessorImpl.java:43)
      	at java.lang.reflect.Method.invoke(Method.java:498)
      	at org.openqa.selenium.support.pagefactory.internal.LocatingElementHandler.invoke(LocatingElementHandler.java:52)
      	at com.sun.proxy.$Proxy21.click(Unknown Source)
      	at org.example.pageObject.UpdateStudentPage.openEditProfileModal(UpdateStudentPage.java:105)
      	at step_definitions.UpdateStudentSteps.userClickEditProfile(UpdateStudentSteps.java:355)
      	at ✽.And User click edit profile(features/UpdateStudent.feature:11)
      &amp#27;[0m
]]></system-out>
  </testcase>
  <testcase name="When Student click Alamat field" classname="Scenario: Verify Alamat field is enabled" time="0">
    <skipped/>
  </testcase>
  <testcase name="Then Alamat field is enabled" classname="Scenario: Verify Alamat field is enabled" time="0">
    <skipped/>
  </testcase>
  <testcase name="Given User open the website GuruMu" classname="| Jakarta Barat |" time="0">
    <system-out><![CDATA[
  Scenario: Verify Alamat field is enabled     &amp#27;[90m# features/UpdateStudent.feature:156&amp#27;[0m
    &amp#27;[36mGiven &amp#27;[0m&amp#27;[36mStudent already on Edit Profile page&amp#27;[0m &amp#27;[90m# UpdateStudentSteps.studentAlreadyonEditProfilePage()&amp#27;[0m
    &amp#27;[36mWhen &amp#27;[0m&amp#27;[36mStudent click Alamat field&amp#27;[0m            &amp#27;[90m# UpdateStudentSteps.studentClickAlamatField()&amp#27;[0m
    &amp#27;[36mThen &amp#27;[0m&amp#27;[36mAlamat field is enabled&amp#27;[0m               &amp#27;[90m# UpdateStudentSteps.alamatFieldIsEnabled()&amp#27;[0m

  Scenario Outline: Input Field with Character in Alamat field        &amp#27;[90m# features/UpdateStudent.feature:161&amp#27;[0m
    &amp#27;[36mGiven &amp#27;[0m&amp#27;[36mStudent already on Edit Profile page&amp#27;[0m
    &amp#27;[36mWhen &amp#27;[0m&amp#27;[36mStudent click Alamat field&amp#27;[0m
    &amp#27;[36mThen &amp#27;[0m&amp#27;[36mStudent input with character like "<alamat>" in Alamat field&amp#27;[0m

    Examples: 
]]></system-out>
    <system-err><![CDATA[Starting ChromeDriver 110.0.5481.77 (65ed616c6e8ee3fe0ad64fe83796c020644d42af-refs/branch-heads/5481@{#839}) on port 60850
Only local connections are allowed.
Please see https://chromedriver.chromium.org/security-considerations for suggestions on keeping ChromeDriver safe.
ChromeDriver was started successfully.
[1676553713.789][WARNING]: virtual void DevToolsClientImpl::AddListener(DevToolsEventListener *) subscribing a listener to the already connected DevToolsClient. Connection notification will not arrive.
Feb 16, 2023 8:21:54 PM org.openqa.selenium.remote.ProtocolHandshake createSession
INFO: Detected dialect: W3C
Feb 16, 2023 8:21:54 PM org.openqa.selenium.devtools.CdpVersionFinder findNearestMatch
WARNING: Unable to find an exact match for CDP version 110, so returning the closest version found: a no-op implementation
Feb 16, 2023 8:21:54 PM org.openqa.selenium.devtools.CdpVersionFinder findNearestMatch
INFO: Unable to find CDP implementation matching 110.
Feb 16, 2023 8:21:54 PM org.openqa.selenium.chromium.ChromiumDriver lambda$new$3
WARNING: Unable to find version of CDP to use for . You may need to include a dependency on a specific version of the CDP using something similar to `org.seleniumhq.selenium:selenium-devtools-v86:4.1.2` where the version ("v86") matches the version of the chromium-based browser you're using and the version number of the artifact is the same as Selenium's.
]]></system-err>
  </testcase>
  <testcase name="When User click avatar navigation" classname="| Jakarta Barat |" time="0"/>
  <testcase name="And User click menu Masuk" classname="| Jakarta Barat |" time="0"/>
  <testcase name="And User input &quot;herdiladania11@gmail.com&quot; as email and input &quot;fe123&quot; as password" classname="| Jakarta Barat |" time="0"/>
  <testcase name="And User clicked masuk button" classname="| Jakarta Barat |" time="0"/>
  <testcase name="When User move to Profile Page" classname="| Jakarta Barat |" time="0"/>
  <testcase name="And User click edit profile" classname="| Jakarta Barat |" time="0.006">
    <error message="element click intercepted: Element &lt;label id=&quot;modal-profil-murid&quot; for=&quot;my-modal-5&quot; class=&quot;flex gap-1 absolute lg:top-10 top-10 lg:right-40 right-0&quot;&gt;...&lt;/label&gt; is not clickable at point (949, 280). Other element would receive the click: &lt;h2 class=&quot;swal2-title&quot; id=&quot;swal2-title&quot; style=&quot;display: block;&quot;&gt;...&lt;/h2&gt;&#10;  (Session info: chrome=110.0.5481.100)&#10;Build info: version: &apos;4.1.2&apos;, revision: &apos;9a5a329c5a&apos;&#10;System info: host: &apos;nsystem-mbp&apos;, ip: &apos;fe80:0:0:0:ce7:beec:a50b:8367%en0&apos;, os.name: &apos;Mac OS X&apos;, os.arch: &apos;x86_64&apos;, os.version: &apos;10.16&apos;, java.version: &apos;1.8.0_201&apos;&#10;Driver info: org.openqa.selenium.chrome.ChromeDriver&#10;Command: [36a65de02d51f3cc650718c37d90980c, clickElement {id=a8adc686-0706-43e9-89e0-dfd23ae33636}]&#10;Capabilities {acceptInsecureCerts: false, browserName: chrome, browserVersion: 110.0.5481.100, chrome: {chromedriverVersion: 110.0.5481.77 (65ed616c6e8e..., userDataDir: /var/folders/00/xzw63_pj58g...}, goog:chromeOptions: {debuggerAddress: localhost:50343}, javascriptEnabled: true, networkConnectionEnabled: false, pageLoadStrategy: normal, platform: MAC, platformName: MAC, proxy: Proxy(), se:cdp: ws://localhost:50343/devtoo..., se:cdpVersion: 110.0.5481.100, setWindowRect: true, strictFileInteractability: false, timeouts: {implicit: 0, pageLoad: 300000, script: 30000}, unhandledPromptBehavior: dismiss and notify, webauthn:extension:credBlob: true, webauthn:extension:largeBlob: true, webauthn:virtualAuthenticators: true}&#10;Element: [[ChromeDriver: chrome on MAC (36a65de02d51f3cc650718c37d90980c)] -&gt; id: modal-profil-murid]&#10;Session ID: 36a65de02d51f3cc650718c37d90980c" type="org.openqa.selenium.ElementClickInterceptedException"><![CDATA[org.openqa.selenium.ElementClickInterceptedException: 
element click intercepted: Element <label id="modal-profil-murid" for="my-modal-5" class="flex gap-1 absolute lg:top-10 top-10 lg:right-40 right-0">...</label> is not clickable at point (949, 280). Other element would receive the click: <h2 class="swal2-title" id="swal2-title" style="display: block;">...</h2>
  (Session info: chrome=110.0.5481.100)
Build info: version: '4.1.2', revision: '9a5a329c5a'
System info: host: 'nsystem-mbp', ip: 'fe80:0:0:0:ce7:beec:a50b:8367%en0', os.name: 'Mac OS X', os.arch: 'x86_64', os.version: '10.16', java.version: '1.8.0_201'
Driver info: org.openqa.selenium.chrome.ChromeDriver
Command: [36a65de02d51f3cc650718c37d90980c, clickElement {id=a8adc686-0706-43e9-89e0-dfd23ae33636}]
Capabilities {acceptInsecureCerts: false, browserName: chrome, browserVersion: 110.0.5481.100, chrome: {chromedriverVersion: 110.0.5481.77 (65ed616c6e8e..., userDataDir: /var/folders/00/xzw63_pj58g...}, goog:chromeOptions: {debuggerAddress: localhost:50343}, javascriptEnabled: true, networkConnectionEnabled: false, pageLoadStrategy: normal, platform: MAC, platformName: MAC, proxy: Proxy(), se:cdp: ws://localhost:50343/devtoo..., se:cdpVersion: 110.0.5481.100, setWindowRect: true, strictFileInteractability: false, timeouts: {implicit: 0, pageLoad: 300000, script: 30000}, unhandledPromptBehavior: dismiss and notify, webauthn:extension:credBlob: true, webauthn:extension:largeBlob: true, webauthn:virtualAuthenticators: true}
Element: [[ChromeDriver: chrome on MAC (36a65de02d51f3cc650718c37d90980c)] -> id: modal-profil-murid]
Session ID: 36a65de02d51f3cc650718c37d90980c
]]></error>
  </testcase>
  <testcase name="" classname="| Jakarta Barat |" time="0.007">
    <error message="element click intercepted: Element &lt;label id=&quot;modal-profil-murid&quot; for=&quot;my-modal-5&quot; class=&quot;flex gap-1 absolute lg:top-10 top-10 lg:right-40 right-0&quot;&gt;...&lt;/label&gt; is not clickable at point (949, 280). Other element would receive the click: &lt;h2 class=&quot;swal2-title&quot; id=&quot;swal2-title&quot; style=&quot;display: block;&quot;&gt;...&lt;/h2&gt;&#10;  (Session info: chrome=110.0.5481.100)&#10;Build info: version: &apos;4.1.2&apos;, revision: &apos;9a5a329c5a&apos;&#10;System info: host: &apos;nsystem-mbp&apos;, ip: &apos;fe80:0:0:0:ce7:beec:a50b:8367%en0&apos;, os.name: &apos;Mac OS X&apos;, os.arch: &apos;x86_64&apos;, os.version: &apos;10.16&apos;, java.version: &apos;1.8.0_201&apos;&#10;Driver info: org.openqa.selenium.chrome.ChromeDriver&#10;Command: [36a65de02d51f3cc650718c37d90980c, clickElement {id=a8adc686-0706-43e9-89e0-dfd23ae33636}]&#10;Capabilities {acceptInsecureCerts: false, browserName: chrome, browserVersion: 110.0.5481.100, chrome: {chromedriverVersion: 110.0.5481.77 (65ed616c6e8e..., userDataDir: /var/folders/00/xzw63_pj58g...}, goog:chromeOptions: {debuggerAddress: localhost:50343}, javascriptEnabled: true, networkConnectionEnabled: false, pageLoadStrategy: normal, platform: MAC, platformName: MAC, proxy: Proxy(), se:cdp: ws://localhost:50343/devtoo..., se:cdpVersion: 110.0.5481.100, setWindowRect: true, strictFileInteractability: false, timeouts: {implicit: 0, pageLoad: 300000, script: 30000}, unhandledPromptBehavior: dismiss and notify, webauthn:extension:credBlob: true, webauthn:extension:largeBlob: true, webauthn:virtualAuthenticators: true}&#10;Element: [[ChromeDriver: chrome on MAC (36a65de02d51f3cc650718c37d90980c)] -&gt; id: modal-profil-murid]&#10;Session ID: 36a65de02d51f3cc650718c37d90980c" type="org.openqa.selenium.ElementClickInterceptedException"><![CDATA[org.openqa.selenium.ElementClickInterceptedException: 
element click intercepted: Element <label id="modal-profil-murid" for="my-modal-5" class="flex gap-1 absolute lg:top-10 top-10 lg:right-40 right-0">...</label> is not clickable at point (949, 280). Other element would receive the click: <h2 class="swal2-title" id="swal2-title" style="display: block;">...</h2>
  (Session info: chrome=110.0.5481.100)
Build info: version: '4.1.2', revision: '9a5a329c5a'
System info: host: 'nsystem-mbp', ip: 'fe80:0:0:0:ce7:beec:a50b:8367%en0', os.name: 'Mac OS X', os.arch: 'x86_64', os.version: '10.16', java.version: '1.8.0_201'
Driver info: org.openqa.selenium.chrome.ChromeDriver
Command: [36a65de02d51f3cc650718c37d90980c, clickElement {id=a8adc686-0706-43e9-89e0-dfd23ae33636}]
Capabilities {acceptInsecureCerts: false, browserName: chrome, browserVersion: 110.0.5481.100, chrome: {chromedriverVersion: 110.0.5481.77 (65ed616c6e8e..., userDataDir: /var/folders/00/xzw63_pj58g...}, goog:chromeOptions: {debuggerAddress: localhost:50343}, javascriptEnabled: true, networkConnectionEnabled: false, pageLoadStrategy: normal, platform: MAC, platformName: MAC, proxy: Proxy(), se:cdp: ws://localhost:50343/devtoo..., se:cdpVersion: 110.0.5481.100, setWindowRect: true, strictFileInteractability: false, timeouts: {implicit: 0, pageLoad: 300000, script: 30000}, unhandledPromptBehavior: dismiss and notify, webauthn:extension:credBlob: true, webauthn:extension:largeBlob: true, webauthn:virtualAuthenticators: true}
Element: [[ChromeDriver: chrome on MAC (36a65de02d51f3cc650718c37d90980c)] -> id: modal-profil-murid]
Session ID: 36a65de02d51f3cc650718c37d90980c
]]></error>
  </testcase>
  <testcase name="Given Student already on Edit Profile page" classname="| Jakarta Barat |" time="0">
    <skipped/>
    <system-out><![CDATA[
  Background:                                                                        &amp#27;[90m# features/UpdateStudent.feature:4&amp#27;[0m
    &amp#27;[32mGiven &amp#27;[0m&amp#27;[32mUser open the website GuruMu&amp#27;[0m                                               &amp#27;[90m# LoginSteps.userOpenTheWebsiteGuruMu()&amp#27;[0m
    &amp#27;[32mWhen &amp#27;[0m&amp#27;[32mUser click avatar navigation&amp#27;[0m                                                &amp#27;[90m# LoginSteps.userClickAvatarNavigation()&amp#27;[0m
    &amp#27;[32mAnd &amp#27;[0m&amp#27;[32mUser click menu Masuk&amp#27;[0m                                                        &amp#27;[90m# LoginSteps.userClickMenuMasuk()&amp#27;[0m
    &amp#27;[32mAnd &amp#27;[0m&amp#27;[32mUser input "&amp#27;[0m&amp#27;[32m&amp#27;[1mherdiladania11@gmail.com&amp#27;[0m&amp#27;[32m" as email and input "&amp#27;[0m&amp#27;[32m&amp#27;[1mfe123&amp#27;[0m&amp#27;[32m" as password&amp#27;[0m &amp#27;[90m# LoginSteps.inputCredential(String,String)&amp#27;[0m
    &amp#27;[32mAnd &amp#27;[0m&amp#27;[32mUser clicked masuk button&amp#27;[0m                                                    &amp#27;[90m# LoginSteps.userClickMasukButton()&amp#27;[0m
    &amp#27;[32mWhen &amp#27;[0m&amp#27;[32mUser move to Profile Page&amp#27;[0m                                                   &amp#27;[90m# PenilaianUlasanSteps.userMoveToProfilePage()&amp#27;[0m
    &amp#27;[31mAnd &amp#27;[0m&amp#27;[31mUser click edit profile&amp#27;[0m                                                      &amp#27;[90m# UpdateStudentSteps.userClickEditProfile()&amp#27;[0m
      &amp#27;[31morg.openqa.selenium.ElementClickInterceptedException: element click intercepted: Element <label id="modal-profil-murid" for="my-modal-5" class="flex gap-1 absolute lg:top-10 top-10 lg:right-40 right-0">...</label> is not clickable at point (949, 280). Other element would receive the click: <h2 class="swal2-title" id="swal2-title" style="display: block;">...</h2>
        (Session info: chrome=110.0.5481.100)
      Build info: version: '4.1.2', revision: '9a5a329c5a'
      System info: host: 'nsystem-mbp', ip: 'fe80:0:0:0:ce7:beec:a50b:8367%en0', os.name: 'Mac OS X', os.arch: 'x86_64', os.version: '10.16', java.version: '1.8.0_201'
      Driver info: org.openqa.selenium.chrome.ChromeDriver
      Command: [36a65de02d51f3cc650718c37d90980c, clickElement {id=a8adc686-0706-43e9-89e0-dfd23ae33636}]
      Capabilities {acceptInsecureCerts: false, browserName: chrome, browserVersion: 110.0.5481.100, chrome: {chromedriverVersion: 110.0.5481.77 (65ed616c6e8e..., userDataDir: /var/folders/00/xzw63_pj58g...}, goog:chromeOptions: {debuggerAddress: localhost:50343}, javascriptEnabled: true, networkConnectionEnabled: false, pageLoadStrategy: normal, platform: MAC, platformName: MAC, proxy: Proxy(), se:cdp: ws://localhost:50343/devtoo..., se:cdpVersion: 110.0.5481.100, setWindowRect: true, strictFileInteractability: false, timeouts: {implicit: 0, pageLoad: 300000, script: 30000}, unhandledPromptBehavior: dismiss and notify, webauthn:extension:credBlob: true, webauthn:extension:largeBlob: true, webauthn:virtualAuthenticators: true}
      Element: [[ChromeDriver: chrome on MAC (36a65de02d51f3cc650718c37d90980c)] -> id: modal-profil-murid]
      Session ID: 36a65de02d51f3cc650718c37d90980c
      	at sun.reflect.GeneratedConstructorAccessor44.newInstance(Unknown Source)
      	at sun.reflect.DelegatingConstructorAccessorImpl.newInstance(DelegatingConstructorAccessorImpl.java:45)
      	at java.lang.reflect.Constructor.newInstance(Constructor.java:423)
      	at org.openqa.selenium.remote.codec.w3c.W3CHttpResponseCodec.createException(W3CHttpResponseCodec.java:200)
      	at org.openqa.selenium.remote.codec.w3c.W3CHttpResponseCodec.decode(W3CHttpResponseCodec.java:133)
      	at org.openqa.selenium.remote.codec.w3c.W3CHttpResponseCodec.decode(W3CHttpResponseCodec.java:53)
      	at org.openqa.selenium.remote.HttpCommandExecutor.execute(HttpCommandExecutor.java:184)
      	at org.openqa.selenium.remote.service.DriverCommandExecutor.invokeExecute(DriverCommandExecutor.java:167)
      	at org.openqa.selenium.remote.service.DriverCommandExecutor.execute(DriverCommandExecutor.java:142)
      	at org.openqa.selenium.remote.RemoteWebDriver.execute(RemoteWebDriver.java:558)
      	at org.openqa.selenium.remote.RemoteWebElement.execute(RemoteWebElement.java:251)
      	at org.openqa.selenium.remote.RemoteWebElement.click(RemoteWebElement.java:77)
      	at sun.reflect.GeneratedMethodAccessor10.invoke(Unknown Source)
      	at sun.reflect.DelegatingMethodAccessorImpl.invoke(DelegatingMethodAccessorImpl.java:43)
      	at java.lang.reflect.Method.invoke(Method.java:498)
      	at org.openqa.selenium.support.pagefactory.internal.LocatingElementHandler.invoke(LocatingElementHandler.java:52)
      	at com.sun.proxy.$Proxy21.click(Unknown Source)
      	at org.example.pageObject.UpdateStudentPage.openEditProfileModal(UpdateStudentPage.java:105)
      	at step_definitions.UpdateStudentSteps.userClickEditProfile(UpdateStudentSteps.java:355)
      	at ✽.And User click edit profile(features/UpdateStudent.feature:11)
      &amp#27;[0m
]]></system-out>
  </testcase>
  <testcase name="When Student click Alamat field" classname="| Jakarta Barat |" time="0">
    <skipped/>
  </testcase>
  <testcase name="Then Student input with character like &quot;Jakarta Barat&quot; in Alamat field" classname="| Jakarta Barat |" time="0">
    <skipped/>
  </testcase>
  <testcase name="Given User open the website GuruMu" classname="| 08263478910900 |" time="0">
    <system-out><![CDATA[
  @TestUpdateStudent @Test
  Scenario Outline: Input Field with Character in Alamat field             &amp#27;[90m# features/UpdateStudent.feature:167&amp#27;[0m
    &amp#27;[36mGiven &amp#27;[0m&amp#27;[36mStudent already on Edit Profile page&amp#27;[0m                             &amp#27;[90m# UpdateStudentSteps.studentAlreadyonEditProfilePage()&amp#27;[0m
    &amp#27;[36mWhen &amp#27;[0m&amp#27;[36mStudent click Alamat field&amp#27;[0m                                        &amp#27;[90m# UpdateStudentSteps.studentClickAlamatField()&amp#27;[0m
    &amp#27;[36mThen &amp#27;[0m&amp#27;[36mStudent input with character like "&amp#27;[0m&amp#27;[36m&amp#27;[1mJakarta Barat&amp#27;[0m&amp#27;[36m" in Alamat field&amp#27;[0m &amp#27;[90m# UpdateStudentSteps.studentInputWithCharacterLikeInAlamatField(String)&amp#27;[0m

  Scenario Outline: Input Field with Number in Alamat field        &amp#27;[90m# features/UpdateStudent.feature:169&amp#27;[0m
    &amp#27;[36mGiven &amp#27;[0m&amp#27;[36mStudent already on Edit Profile page&amp#27;[0m
    &amp#27;[36mWhen &amp#27;[0m&amp#27;[36mStudent click Alamat field&amp#27;[0m
    &amp#27;[36mThen &amp#27;[0m&amp#27;[36mStudent input with number like "<alamat>" in Alamat field&amp#27;[0m

    Examples: 
]]></system-out>
    <system-err><![CDATA[Starting ChromeDriver 110.0.5481.77 (65ed616c6e8ee3fe0ad64fe83796c020644d42af-refs/branch-heads/5481@{#839}) on port 49396
Only local connections are allowed.
Please see https://chromedriver.chromium.org/security-considerations for suggestions on keeping ChromeDriver safe.
ChromeDriver was started successfully.
[1676553750.341][WARNING]: virtual void DevToolsClientImpl::AddListener(DevToolsEventListener *) subscribing a listener to the already connected DevToolsClient. Connection notification will not arrive.
Feb 16, 2023 8:22:30 PM org.openqa.selenium.remote.ProtocolHandshake createSession
INFO: Detected dialect: W3C
Feb 16, 2023 8:22:30 PM org.openqa.selenium.devtools.CdpVersionFinder findNearestMatch
WARNING: Unable to find an exact match for CDP version 110, so returning the closest version found: a no-op implementation
Feb 16, 2023 8:22:30 PM org.openqa.selenium.devtools.CdpVersionFinder findNearestMatch
INFO: Unable to find CDP implementation matching 110.
Feb 16, 2023 8:22:30 PM org.openqa.selenium.chromium.ChromiumDriver lambda$new$3
WARNING: Unable to find version of CDP to use for . You may need to include a dependency on a specific version of the CDP using something similar to `org.seleniumhq.selenium:selenium-devtools-v86:4.1.2` where the version ("v86") matches the version of the chromium-based browser you're using and the version number of the artifact is the same as Selenium's.
]]></system-err>
  </testcase>
  <testcase name="When User click avatar navigation" classname="| 08263478910900 |" time="0"/>
  <testcase name="And User click menu Masuk" classname="| 08263478910900 |" time="0"/>
  <testcase name="And User input &quot;herdiladania11@gmail.com&quot; as email and input &quot;fe123&quot; as password" classname="| 08263478910900 |" time="0"/>
  <testcase name="And User clicked masuk button" classname="| 08263478910900 |" time="0"/>
  <testcase name="When User move to Profile Page" classname="| 08263478910900 |" time="0.001"/>
  <testcase name="And User click edit profile" classname="| 08263478910900 |" time="0.005">
    <error message="element click intercepted: Element &lt;label id=&quot;modal-profil-murid&quot; for=&quot;my-modal-5&quot; class=&quot;flex gap-1 absolute lg:top-10 top-10 lg:right-40 right-0&quot;&gt;...&lt;/label&gt; is not clickable at point (949, 280). Other element would receive the click: &lt;h2 class=&quot;swal2-title&quot; id=&quot;swal2-title&quot; style=&quot;display: block;&quot;&gt;...&lt;/h2&gt;&#10;  (Session info: chrome=110.0.5481.100)&#10;Build info: version: &apos;4.1.2&apos;, revision: &apos;9a5a329c5a&apos;&#10;System info: host: &apos;nsystem-mbp&apos;, ip: &apos;fe80:0:0:0:ce7:beec:a50b:8367%en0&apos;, os.name: &apos;Mac OS X&apos;, os.arch: &apos;x86_64&apos;, os.version: &apos;10.16&apos;, java.version: &apos;1.8.0_201&apos;&#10;Driver info: org.openqa.selenium.chrome.ChromeDriver&#10;Command: [5b5247e311342620e64aceb430352291, clickElement {id=b975ef48-9c92-4981-a730-abde9f0ec284}]&#10;Capabilities {acceptInsecureCerts: false, browserName: chrome, browserVersion: 110.0.5481.100, chrome: {chromedriverVersion: 110.0.5481.77 (65ed616c6e8e..., userDataDir: /var/folders/00/xzw63_pj58g...}, goog:chromeOptions: {debuggerAddress: localhost:50369}, javascriptEnabled: true, networkConnectionEnabled: false, pageLoadStrategy: normal, platform: MAC, platformName: MAC, proxy: Proxy(), se:cdp: ws://localhost:50369/devtoo..., se:cdpVersion: 110.0.5481.100, setWindowRect: true, strictFileInteractability: false, timeouts: {implicit: 0, pageLoad: 300000, script: 30000}, unhandledPromptBehavior: dismiss and notify, webauthn:extension:credBlob: true, webauthn:extension:largeBlob: true, webauthn:virtualAuthenticators: true}&#10;Element: [[ChromeDriver: chrome on MAC (5b5247e311342620e64aceb430352291)] -&gt; id: modal-profil-murid]&#10;Session ID: 5b5247e311342620e64aceb430352291" type="org.openqa.selenium.ElementClickInterceptedException"><![CDATA[org.openqa.selenium.ElementClickInterceptedException: 
element click intercepted: Element <label id="modal-profil-murid" for="my-modal-5" class="flex gap-1 absolute lg:top-10 top-10 lg:right-40 right-0">...</label> is not clickable at point (949, 280). Other element would receive the click: <h2 class="swal2-title" id="swal2-title" style="display: block;">...</h2>
  (Session info: chrome=110.0.5481.100)
Build info: version: '4.1.2', revision: '9a5a329c5a'
System info: host: 'nsystem-mbp', ip: 'fe80:0:0:0:ce7:beec:a50b:8367%en0', os.name: 'Mac OS X', os.arch: 'x86_64', os.version: '10.16', java.version: '1.8.0_201'
Driver info: org.openqa.selenium.chrome.ChromeDriver
Command: [5b5247e311342620e64aceb430352291, clickElement {id=b975ef48-9c92-4981-a730-abde9f0ec284}]
Capabilities {acceptInsecureCerts: false, browserName: chrome, browserVersion: 110.0.5481.100, chrome: {chromedriverVersion: 110.0.5481.77 (65ed616c6e8e..., userDataDir: /var/folders/00/xzw63_pj58g...}, goog:chromeOptions: {debuggerAddress: localhost:50369}, javascriptEnabled: true, networkConnectionEnabled: false, pageLoadStrategy: normal, platform: MAC, platformName: MAC, proxy: Proxy(), se:cdp: ws://localhost:50369/devtoo..., se:cdpVersion: 110.0.5481.100, setWindowRect: true, strictFileInteractability: false, timeouts: {implicit: 0, pageLoad: 300000, script: 30000}, unhandledPromptBehavior: dismiss and notify, webauthn:extension:credBlob: true, webauthn:extension:largeBlob: true, webauthn:virtualAuthenticators: true}
Element: [[ChromeDriver: chrome on MAC (5b5247e311342620e64aceb430352291)] -> id: modal-profil-murid]
Session ID: 5b5247e311342620e64aceb430352291
]]></error>
  </testcase>
  <testcase name="" classname="| 08263478910900 |" time="0.008">
    <error message="element click intercepted: Element &lt;label id=&quot;modal-profil-murid&quot; for=&quot;my-modal-5&quot; class=&quot;flex gap-1 absolute lg:top-10 top-10 lg:right-40 right-0&quot;&gt;...&lt;/label&gt; is not clickable at point (949, 280). Other element would receive the click: &lt;h2 class=&quot;swal2-title&quot; id=&quot;swal2-title&quot; style=&quot;display: block;&quot;&gt;...&lt;/h2&gt;&#10;  (Session info: chrome=110.0.5481.100)&#10;Build info: version: &apos;4.1.2&apos;, revision: &apos;9a5a329c5a&apos;&#10;System info: host: &apos;nsystem-mbp&apos;, ip: &apos;fe80:0:0:0:ce7:beec:a50b:8367%en0&apos;, os.name: &apos;Mac OS X&apos;, os.arch: &apos;x86_64&apos;, os.version: &apos;10.16&apos;, java.version: &apos;1.8.0_201&apos;&#10;Driver info: org.openqa.selenium.chrome.ChromeDriver&#10;Command: [5b5247e311342620e64aceb430352291, clickElement {id=b975ef48-9c92-4981-a730-abde9f0ec284}]&#10;Capabilities {acceptInsecureCerts: false, browserName: chrome, browserVersion: 110.0.5481.100, chrome: {chromedriverVersion: 110.0.5481.77 (65ed616c6e8e..., userDataDir: /var/folders/00/xzw63_pj58g...}, goog:chromeOptions: {debuggerAddress: localhost:50369}, javascriptEnabled: true, networkConnectionEnabled: false, pageLoadStrategy: normal, platform: MAC, platformName: MAC, proxy: Proxy(), se:cdp: ws://localhost:50369/devtoo..., se:cdpVersion: 110.0.5481.100, setWindowRect: true, strictFileInteractability: false, timeouts: {implicit: 0, pageLoad: 300000, script: 30000}, unhandledPromptBehavior: dismiss and notify, webauthn:extension:credBlob: true, webauthn:extension:largeBlob: true, webauthn:virtualAuthenticators: true}&#10;Element: [[ChromeDriver: chrome on MAC (5b5247e311342620e64aceb430352291)] -&gt; id: modal-profil-murid]&#10;Session ID: 5b5247e311342620e64aceb430352291" type="org.openqa.selenium.ElementClickInterceptedException"><![CDATA[org.openqa.selenium.ElementClickInterceptedException: 
element click intercepted: Element <label id="modal-profil-murid" for="my-modal-5" class="flex gap-1 absolute lg:top-10 top-10 lg:right-40 right-0">...</label> is not clickable at point (949, 280). Other element would receive the click: <h2 class="swal2-title" id="swal2-title" style="display: block;">...</h2>
  (Session info: chrome=110.0.5481.100)
Build info: version: '4.1.2', revision: '9a5a329c5a'
System info: host: 'nsystem-mbp', ip: 'fe80:0:0:0:ce7:beec:a50b:8367%en0', os.name: 'Mac OS X', os.arch: 'x86_64', os.version: '10.16', java.version: '1.8.0_201'
Driver info: org.openqa.selenium.chrome.ChromeDriver
Command: [5b5247e311342620e64aceb430352291, clickElement {id=b975ef48-9c92-4981-a730-abde9f0ec284}]
Capabilities {acceptInsecureCerts: false, browserName: chrome, browserVersion: 110.0.5481.100, chrome: {chromedriverVersion: 110.0.5481.77 (65ed616c6e8e..., userDataDir: /var/folders/00/xzw63_pj58g...}, goog:chromeOptions: {debuggerAddress: localhost:50369}, javascriptEnabled: true, networkConnectionEnabled: false, pageLoadStrategy: normal, platform: MAC, platformName: MAC, proxy: Proxy(), se:cdp: ws://localhost:50369/devtoo..., se:cdpVersion: 110.0.5481.100, setWindowRect: true, strictFileInteractability: false, timeouts: {implicit: 0, pageLoad: 300000, script: 30000}, unhandledPromptBehavior: dismiss and notify, webauthn:extension:credBlob: true, webauthn:extension:largeBlob: true, webauthn:virtualAuthenticators: true}
Element: [[ChromeDriver: chrome on MAC (5b5247e311342620e64aceb430352291)] -> id: modal-profil-murid]
Session ID: 5b5247e311342620e64aceb430352291
]]></error>
  </testcase>
  <testcase name="Given Student already on Edit Profile page" classname="| 08263478910900 |" time="0">
    <skipped/>
    <system-out><![CDATA[
  Background:                                                                        &amp#27;[90m# features/UpdateStudent.feature:4&amp#27;[0m
    &amp#27;[32mGiven &amp#27;[0m&amp#27;[32mUser open the website GuruMu&amp#27;[0m                                               &amp#27;[90m# LoginSteps.userOpenTheWebsiteGuruMu()&amp#27;[0m
    &amp#27;[32mWhen &amp#27;[0m&amp#27;[32mUser click avatar navigation&amp#27;[0m                                                &amp#27;[90m# LoginSteps.userClickAvatarNavigation()&amp#27;[0m
    &amp#27;[32mAnd &amp#27;[0m&amp#27;[32mUser click menu Masuk&amp#27;[0m                                                        &amp#27;[90m# LoginSteps.userClickMenuMasuk()&amp#27;[0m
    &amp#27;[32mAnd &amp#27;[0m&amp#27;[32mUser input "&amp#27;[0m&amp#27;[32m&amp#27;[1mherdiladania11@gmail.com&amp#27;[0m&amp#27;[32m" as email and input "&amp#27;[0m&amp#27;[32m&amp#27;[1mfe123&amp#27;[0m&amp#27;[32m" as password&amp#27;[0m &amp#27;[90m# LoginSteps.inputCredential(String,String)&amp#27;[0m
    &amp#27;[32mAnd &amp#27;[0m&amp#27;[32mUser clicked masuk button&amp#27;[0m                                                    &amp#27;[90m# LoginSteps.userClickMasukButton()&amp#27;[0m
    &amp#27;[32mWhen &amp#27;[0m&amp#27;[32mUser move to Profile Page&amp#27;[0m                                                   &amp#27;[90m# PenilaianUlasanSteps.userMoveToProfilePage()&amp#27;[0m
    &amp#27;[31mAnd &amp#27;[0m&amp#27;[31mUser click edit profile&amp#27;[0m                                                      &amp#27;[90m# UpdateStudentSteps.userClickEditProfile()&amp#27;[0m
      &amp#27;[31morg.openqa.selenium.ElementClickInterceptedException: element click intercepted: Element <label id="modal-profil-murid" for="my-modal-5" class="flex gap-1 absolute lg:top-10 top-10 lg:right-40 right-0">...</label> is not clickable at point (949, 280). Other element would receive the click: <h2 class="swal2-title" id="swal2-title" style="display: block;">...</h2>
        (Session info: chrome=110.0.5481.100)
      Build info: version: '4.1.2', revision: '9a5a329c5a'
      System info: host: 'nsystem-mbp', ip: 'fe80:0:0:0:ce7:beec:a50b:8367%en0', os.name: 'Mac OS X', os.arch: 'x86_64', os.version: '10.16', java.version: '1.8.0_201'
      Driver info: org.openqa.selenium.chrome.ChromeDriver
      Command: [5b5247e311342620e64aceb430352291, clickElement {id=b975ef48-9c92-4981-a730-abde9f0ec284}]
      Capabilities {acceptInsecureCerts: false, browserName: chrome, browserVersion: 110.0.5481.100, chrome: {chromedriverVersion: 110.0.5481.77 (65ed616c6e8e..., userDataDir: /var/folders/00/xzw63_pj58g...}, goog:chromeOptions: {debuggerAddress: localhost:50369}, javascriptEnabled: true, networkConnectionEnabled: false, pageLoadStrategy: normal, platform: MAC, platformName: MAC, proxy: Proxy(), se:cdp: ws://localhost:50369/devtoo..., se:cdpVersion: 110.0.5481.100, setWindowRect: true, strictFileInteractability: false, timeouts: {implicit: 0, pageLoad: 300000, script: 30000}, unhandledPromptBehavior: dismiss and notify, webauthn:extension:credBlob: true, webauthn:extension:largeBlob: true, webauthn:virtualAuthenticators: true}
      Element: [[ChromeDriver: chrome on MAC (5b5247e311342620e64aceb430352291)] -> id: modal-profil-murid]
      Session ID: 5b5247e311342620e64aceb430352291
      	at sun.reflect.GeneratedConstructorAccessor44.newInstance(Unknown Source)
      	at sun.reflect.DelegatingConstructorAccessorImpl.newInstance(DelegatingConstructorAccessorImpl.java:45)
      	at java.lang.reflect.Constructor.newInstance(Constructor.java:423)
      	at org.openqa.selenium.remote.codec.w3c.W3CHttpResponseCodec.createException(W3CHttpResponseCodec.java:200)
      	at org.openqa.selenium.remote.codec.w3c.W3CHttpResponseCodec.decode(W3CHttpResponseCodec.java:133)
      	at org.openqa.selenium.remote.codec.w3c.W3CHttpResponseCodec.decode(W3CHttpResponseCodec.java:53)
      	at org.openqa.selenium.remote.HttpCommandExecutor.execute(HttpCommandExecutor.java:184)
      	at org.openqa.selenium.remote.service.DriverCommandExecutor.invokeExecute(DriverCommandExecutor.java:167)
      	at org.openqa.selenium.remote.service.DriverCommandExecutor.execute(DriverCommandExecutor.java:142)
      	at org.openqa.selenium.remote.RemoteWebDriver.execute(RemoteWebDriver.java:558)
      	at org.openqa.selenium.remote.RemoteWebElement.execute(RemoteWebElement.java:251)
      	at org.openqa.selenium.remote.RemoteWebElement.click(RemoteWebElement.java:77)
      	at sun.reflect.GeneratedMethodAccessor10.invoke(Unknown Source)
      	at sun.reflect.DelegatingMethodAccessorImpl.invoke(DelegatingMethodAccessorImpl.java:43)
      	at java.lang.reflect.Method.invoke(Method.java:498)
      	at org.openqa.selenium.support.pagefactory.internal.LocatingElementHandler.invoke(LocatingElementHandler.java:52)
      	at com.sun.proxy.$Proxy21.click(Unknown Source)
      	at org.example.pageObject.UpdateStudentPage.openEditProfileModal(UpdateStudentPage.java:105)
      	at step_definitions.UpdateStudentSteps.userClickEditProfile(UpdateStudentSteps.java:355)
      	at ✽.And User click edit profile(features/UpdateStudent.feature:11)
      &amp#27;[0m
]]></system-out>
  </testcase>
  <testcase name="When Student click Alamat field" classname="| 08263478910900 |" time="0">
    <skipped/>
  </testcase>
  <testcase name="Then Student input with number like &quot;08263478910900&quot; in Alamat field" classname="| 08263478910900 |" time="0">
    <skipped/>
  </testcase>
  <testcase name="Given User open the website GuruMu" classname="| Jakarta Barat no 12 |" time="0">
    <system-out><![CDATA[
  @TestUpdateStudent @Test
  Scenario Outline: Input Field with Number in Alamat field              &amp#27;[90m# features/UpdateStudent.feature:175&amp#27;[0m
    &amp#27;[36mGiven &amp#27;[0m&amp#27;[36mStudent already on Edit Profile page&amp#27;[0m                           &amp#27;[90m# UpdateStudentSteps.studentAlreadyonEditProfilePage()&amp#27;[0m
    &amp#27;[36mWhen &amp#27;[0m&amp#27;[36mStudent click Alamat field&amp#27;[0m                                      &amp#27;[90m# UpdateStudentSteps.studentClickAlamatField()&amp#27;[0m
    &amp#27;[36mThen &amp#27;[0m&amp#27;[36mStudent input with number like "&amp#27;[0m&amp#27;[36m&amp#27;[1m08263478910900&amp#27;[0m&amp#27;[36m" in Alamat field&amp#27;[0m &amp#27;[90m# UpdateStudentSteps.studentInputWithNumberLikeInAlamatField(String)&amp#27;[0m

  Scenario Outline: Input Field with Chacter and Number in Alamat field          &amp#27;[90m# features/UpdateStudent.feature:177&amp#27;[0m
    &amp#27;[36mGiven &amp#27;[0m&amp#27;[36mStudent already on Edit Profile page&amp#27;[0m
    &amp#27;[36mWhen &amp#27;[0m&amp#27;[36mStudent click Alamat field&amp#27;[0m
    &amp#27;[36mThen &amp#27;[0m&amp#27;[36mStudent input with character and number like "<alamat>" in Alamat field&amp#27;[0m

    Examples: 
]]></system-out>
    <system-err><![CDATA[Starting ChromeDriver 110.0.5481.77 (65ed616c6e8ee3fe0ad64fe83796c020644d42af-refs/branch-heads/5481@{#839}) on port 60115
Only local connections are allowed.
Please see https://chromedriver.chromium.org/security-considerations for suggestions on keeping ChromeDriver safe.
ChromeDriver was started successfully.
[1676553788.931][WARNING]: virtual void DevToolsClientImpl::AddListener(DevToolsEventListener *) subscribing a listener to the already connected DevToolsClient. Connection notification will not arrive.
Feb 16, 2023 8:23:09 PM org.openqa.selenium.remote.ProtocolHandshake createSession
INFO: Detected dialect: W3C
Feb 16, 2023 8:23:09 PM org.openqa.selenium.devtools.CdpVersionFinder findNearestMatch
WARNING: Unable to find an exact match for CDP version 110, so returning the closest version found: a no-op implementation
Feb 16, 2023 8:23:09 PM org.openqa.selenium.devtools.CdpVersionFinder findNearestMatch
INFO: Unable to find CDP implementation matching 110.
Feb 16, 2023 8:23:09 PM org.openqa.selenium.chromium.ChromiumDriver lambda$new$3
WARNING: Unable to find version of CDP to use for . You may need to include a dependency on a specific version of the CDP using something similar to `org.seleniumhq.selenium:selenium-devtools-v86:4.1.2` where the version ("v86") matches the version of the chromium-based browser you're using and the version number of the artifact is the same as Selenium's.
]]></system-err>
  </testcase>
  <testcase name="When User click avatar navigation" classname="| Jakarta Barat no 12 |" time="0"/>
  <testcase name="And User click menu Masuk" classname="| Jakarta Barat no 12 |" time="0"/>
  <testcase name="And User input &quot;herdiladania11@gmail.com&quot; as email and input &quot;fe123&quot; as password" classname="| Jakarta Barat no 12 |" time="0"/>
  <testcase name="And User clicked masuk button" classname="| Jakarta Barat no 12 |" time="0"/>
  <testcase name="When User move to Profile Page" classname="| Jakarta Barat no 12 |" time="0"/>
  <testcase name="And User click edit profile" classname="| Jakarta Barat no 12 |" time="0.004">
    <error message="element click intercepted: Element &lt;label id=&quot;modal-profil-murid&quot; for=&quot;my-modal-5&quot; class=&quot;flex gap-1 absolute lg:top-10 top-10 lg:right-40 right-0&quot;&gt;...&lt;/label&gt; is not clickable at point (949, 280). Other element would receive the click: &lt;h2 class=&quot;swal2-title&quot; id=&quot;swal2-title&quot; style=&quot;display: block;&quot;&gt;...&lt;/h2&gt;&#10;  (Session info: chrome=110.0.5481.100)&#10;Build info: version: &apos;4.1.2&apos;, revision: &apos;9a5a329c5a&apos;&#10;System info: host: &apos;nsystem-mbp&apos;, ip: &apos;fe80:0:0:0:ce7:beec:a50b:8367%en0&apos;, os.name: &apos;Mac OS X&apos;, os.arch: &apos;x86_64&apos;, os.version: &apos;10.16&apos;, java.version: &apos;1.8.0_201&apos;&#10;Driver info: org.openqa.selenium.chrome.ChromeDriver&#10;Command: [a0be2ad01b4f915194794e03dde0fd41, clickElement {id=c16bb5d0-172c-4780-8263-27225ba570cd}]&#10;Capabilities {acceptInsecureCerts: false, browserName: chrome, browserVersion: 110.0.5481.100, chrome: {chromedriverVersion: 110.0.5481.77 (65ed616c6e8e..., userDataDir: /var/folders/00/xzw63_pj58g...}, goog:chromeOptions: {debuggerAddress: localhost:50396}, javascriptEnabled: true, networkConnectionEnabled: false, pageLoadStrategy: normal, platform: MAC, platformName: MAC, proxy: Proxy(), se:cdp: ws://localhost:50396/devtoo..., se:cdpVersion: 110.0.5481.100, setWindowRect: true, strictFileInteractability: false, timeouts: {implicit: 0, pageLoad: 300000, script: 30000}, unhandledPromptBehavior: dismiss and notify, webauthn:extension:credBlob: true, webauthn:extension:largeBlob: true, webauthn:virtualAuthenticators: true}&#10;Element: [[ChromeDriver: chrome on MAC (a0be2ad01b4f915194794e03dde0fd41)] -&gt; id: modal-profil-murid]&#10;Session ID: a0be2ad01b4f915194794e03dde0fd41" type="org.openqa.selenium.ElementClickInterceptedException"><![CDATA[org.openqa.selenium.ElementClickInterceptedException: 
element click intercepted: Element <label id="modal-profil-murid" for="my-modal-5" class="flex gap-1 absolute lg:top-10 top-10 lg:right-40 right-0">...</label> is not clickable at point (949, 280). Other element would receive the click: <h2 class="swal2-title" id="swal2-title" style="display: block;">...</h2>
  (Session info: chrome=110.0.5481.100)
Build info: version: '4.1.2', revision: '9a5a329c5a'
System info: host: 'nsystem-mbp', ip: 'fe80:0:0:0:ce7:beec:a50b:8367%en0', os.name: 'Mac OS X', os.arch: 'x86_64', os.version: '10.16', java.version: '1.8.0_201'
Driver info: org.openqa.selenium.chrome.ChromeDriver
Command: [a0be2ad01b4f915194794e03dde0fd41, clickElement {id=c16bb5d0-172c-4780-8263-27225ba570cd}]
Capabilities {acceptInsecureCerts: false, browserName: chrome, browserVersion: 110.0.5481.100, chrome: {chromedriverVersion: 110.0.5481.77 (65ed616c6e8e..., userDataDir: /var/folders/00/xzw63_pj58g...}, goog:chromeOptions: {debuggerAddress: localhost:50396}, javascriptEnabled: true, networkConnectionEnabled: false, pageLoadStrategy: normal, platform: MAC, platformName: MAC, proxy: Proxy(), se:cdp: ws://localhost:50396/devtoo..., se:cdpVersion: 110.0.5481.100, setWindowRect: true, strictFileInteractability: false, timeouts: {implicit: 0, pageLoad: 300000, script: 30000}, unhandledPromptBehavior: dismiss and notify, webauthn:extension:credBlob: true, webauthn:extension:largeBlob: true, webauthn:virtualAuthenticators: true}
Element: [[ChromeDriver: chrome on MAC (a0be2ad01b4f915194794e03dde0fd41)] -> id: modal-profil-murid]
Session ID: a0be2ad01b4f915194794e03dde0fd41
]]></error>
  </testcase>
  <testcase name="" classname="| Jakarta Barat no 12 |" time="0.004">
    <error message="element click intercepted: Element &lt;label id=&quot;modal-profil-murid&quot; for=&quot;my-modal-5&quot; class=&quot;flex gap-1 absolute lg:top-10 top-10 lg:right-40 right-0&quot;&gt;...&lt;/label&gt; is not clickable at point (949, 280). Other element would receive the click: &lt;h2 class=&quot;swal2-title&quot; id=&quot;swal2-title&quot; style=&quot;display: block;&quot;&gt;...&lt;/h2&gt;&#10;  (Session info: chrome=110.0.5481.100)&#10;Build info: version: &apos;4.1.2&apos;, revision: &apos;9a5a329c5a&apos;&#10;System info: host: &apos;nsystem-mbp&apos;, ip: &apos;fe80:0:0:0:ce7:beec:a50b:8367%en0&apos;, os.name: &apos;Mac OS X&apos;, os.arch: &apos;x86_64&apos;, os.version: &apos;10.16&apos;, java.version: &apos;1.8.0_201&apos;&#10;Driver info: org.openqa.selenium.chrome.ChromeDriver&#10;Command: [a0be2ad01b4f915194794e03dde0fd41, clickElement {id=c16bb5d0-172c-4780-8263-27225ba570cd}]&#10;Capabilities {acceptInsecureCerts: false, browserName: chrome, browserVersion: 110.0.5481.100, chrome: {chromedriverVersion: 110.0.5481.77 (65ed616c6e8e..., userDataDir: /var/folders/00/xzw63_pj58g...}, goog:chromeOptions: {debuggerAddress: localhost:50396}, javascriptEnabled: true, networkConnectionEnabled: false, pageLoadStrategy: normal, platform: MAC, platformName: MAC, proxy: Proxy(), se:cdp: ws://localhost:50396/devtoo..., se:cdpVersion: 110.0.5481.100, setWindowRect: true, strictFileInteractability: false, timeouts: {implicit: 0, pageLoad: 300000, script: 30000}, unhandledPromptBehavior: dismiss and notify, webauthn:extension:credBlob: true, webauthn:extension:largeBlob: true, webauthn:virtualAuthenticators: true}&#10;Element: [[ChromeDriver: chrome on MAC (a0be2ad01b4f915194794e03dde0fd41)] -&gt; id: modal-profil-murid]&#10;Session ID: a0be2ad01b4f915194794e03dde0fd41" type="org.openqa.selenium.ElementClickInterceptedException"><![CDATA[org.openqa.selenium.ElementClickInterceptedException: 
element click intercepted: Element <label id="modal-profil-murid" for="my-modal-5" class="flex gap-1 absolute lg:top-10 top-10 lg:right-40 right-0">...</label> is not clickable at point (949, 280). Other element would receive the click: <h2 class="swal2-title" id="swal2-title" style="display: block;">...</h2>
  (Session info: chrome=110.0.5481.100)
Build info: version: '4.1.2', revision: '9a5a329c5a'
System info: host: 'nsystem-mbp', ip: 'fe80:0:0:0:ce7:beec:a50b:8367%en0', os.name: 'Mac OS X', os.arch: 'x86_64', os.version: '10.16', java.version: '1.8.0_201'
Driver info: org.openqa.selenium.chrome.ChromeDriver
Command: [a0be2ad01b4f915194794e03dde0fd41, clickElement {id=c16bb5d0-172c-4780-8263-27225ba570cd}]
Capabilities {acceptInsecureCerts: false, browserName: chrome, browserVersion: 110.0.5481.100, chrome: {chromedriverVersion: 110.0.5481.77 (65ed616c6e8e..., userDataDir: /var/folders/00/xzw63_pj58g...}, goog:chromeOptions: {debuggerAddress: localhost:50396}, javascriptEnabled: true, networkConnectionEnabled: false, pageLoadStrategy: normal, platform: MAC, platformName: MAC, proxy: Proxy(), se:cdp: ws://localhost:50396/devtoo..., se:cdpVersion: 110.0.5481.100, setWindowRect: true, strictFileInteractability: false, timeouts: {implicit: 0, pageLoad: 300000, script: 30000}, unhandledPromptBehavior: dismiss and notify, webauthn:extension:credBlob: true, webauthn:extension:largeBlob: true, webauthn:virtualAuthenticators: true}
Element: [[ChromeDriver: chrome on MAC (a0be2ad01b4f915194794e03dde0fd41)] -> id: modal-profil-murid]
Session ID: a0be2ad01b4f915194794e03dde0fd41
]]></error>
  </testcase>
  <testcase name="Given Student already on Edit Profile page" classname="| Jakarta Barat no 12 |" time="0">
    <skipped/>
    <system-out><![CDATA[
  Background:                                                                        &amp#27;[90m# features/UpdateStudent.feature:4&amp#27;[0m
    &amp#27;[32mGiven &amp#27;[0m&amp#27;[32mUser open the website GuruMu&amp#27;[0m                                               &amp#27;[90m# LoginSteps.userOpenTheWebsiteGuruMu()&amp#27;[0m
    &amp#27;[32mWhen &amp#27;[0m&amp#27;[32mUser click avatar navigation&amp#27;[0m                                                &amp#27;[90m# LoginSteps.userClickAvatarNavigation()&amp#27;[0m
    &amp#27;[32mAnd &amp#27;[0m&amp#27;[32mUser click menu Masuk&amp#27;[0m                                                        &amp#27;[90m# LoginSteps.userClickMenuMasuk()&amp#27;[0m
    &amp#27;[32mAnd &amp#27;[0m&amp#27;[32mUser input "&amp#27;[0m&amp#27;[32m&amp#27;[1mherdiladania11@gmail.com&amp#27;[0m&amp#27;[32m" as email and input "&amp#27;[0m&amp#27;[32m&amp#27;[1mfe123&amp#27;[0m&amp#27;[32m" as password&amp#27;[0m &amp#27;[90m# LoginSteps.inputCredential(String,String)&amp#27;[0m
    &amp#27;[32mAnd &amp#27;[0m&amp#27;[32mUser clicked masuk button&amp#27;[0m                                                    &amp#27;[90m# LoginSteps.userClickMasukButton()&amp#27;[0m
    &amp#27;[32mWhen &amp#27;[0m&amp#27;[32mUser move to Profile Page&amp#27;[0m                                                   &amp#27;[90m# PenilaianUlasanSteps.userMoveToProfilePage()&amp#27;[0m
    &amp#27;[31mAnd &amp#27;[0m&amp#27;[31mUser click edit profile&amp#27;[0m                                                      &amp#27;[90m# UpdateStudentSteps.userClickEditProfile()&amp#27;[0m
      &amp#27;[31morg.openqa.selenium.ElementClickInterceptedException: element click intercepted: Element <label id="modal-profil-murid" for="my-modal-5" class="flex gap-1 absolute lg:top-10 top-10 lg:right-40 right-0">...</label> is not clickable at point (949, 280). Other element would receive the click: <h2 class="swal2-title" id="swal2-title" style="display: block;">...</h2>
        (Session info: chrome=110.0.5481.100)
      Build info: version: '4.1.2', revision: '9a5a329c5a'
      System info: host: 'nsystem-mbp', ip: 'fe80:0:0:0:ce7:beec:a50b:8367%en0', os.name: 'Mac OS X', os.arch: 'x86_64', os.version: '10.16', java.version: '1.8.0_201'
      Driver info: org.openqa.selenium.chrome.ChromeDriver
      Command: [a0be2ad01b4f915194794e03dde0fd41, clickElement {id=c16bb5d0-172c-4780-8263-27225ba570cd}]
      Capabilities {acceptInsecureCerts: false, browserName: chrome, browserVersion: 110.0.5481.100, chrome: {chromedriverVersion: 110.0.5481.77 (65ed616c6e8e..., userDataDir: /var/folders/00/xzw63_pj58g...}, goog:chromeOptions: {debuggerAddress: localhost:50396}, javascriptEnabled: true, networkConnectionEnabled: false, pageLoadStrategy: normal, platform: MAC, platformName: MAC, proxy: Proxy(), se:cdp: ws://localhost:50396/devtoo..., se:cdpVersion: 110.0.5481.100, setWindowRect: true, strictFileInteractability: false, timeouts: {implicit: 0, pageLoad: 300000, script: 30000}, unhandledPromptBehavior: dismiss and notify, webauthn:extension:credBlob: true, webauthn:extension:largeBlob: true, webauthn:virtualAuthenticators: true}
      Element: [[ChromeDriver: chrome on MAC (a0be2ad01b4f915194794e03dde0fd41)] -> id: modal-profil-murid]
      Session ID: a0be2ad01b4f915194794e03dde0fd41
      	at sun.reflect.GeneratedConstructorAccessor44.newInstance(Unknown Source)
      	at sun.reflect.DelegatingConstructorAccessorImpl.newInstance(DelegatingConstructorAccessorImpl.java:45)
      	at java.lang.reflect.Constructor.newInstance(Constructor.java:423)
      	at org.openqa.selenium.remote.codec.w3c.W3CHttpResponseCodec.createException(W3CHttpResponseCodec.java:200)
      	at org.openqa.selenium.remote.codec.w3c.W3CHttpResponseCodec.decode(W3CHttpResponseCodec.java:133)
      	at org.openqa.selenium.remote.codec.w3c.W3CHttpResponseCodec.decode(W3CHttpResponseCodec.java:53)
      	at org.openqa.selenium.remote.HttpCommandExecutor.execute(HttpCommandExecutor.java:184)
      	at org.openqa.selenium.remote.service.DriverCommandExecutor.invokeExecute(DriverCommandExecutor.java:167)
      	at org.openqa.selenium.remote.service.DriverCommandExecutor.execute(DriverCommandExecutor.java:142)
      	at org.openqa.selenium.remote.RemoteWebDriver.execute(RemoteWebDriver.java:558)
      	at org.openqa.selenium.remote.RemoteWebElement.execute(RemoteWebElement.java:251)
      	at org.openqa.selenium.remote.RemoteWebElement.click(RemoteWebElement.java:77)
      	at sun.reflect.GeneratedMethodAccessor10.invoke(Unknown Source)
      	at sun.reflect.DelegatingMethodAccessorImpl.invoke(DelegatingMethodAccessorImpl.java:43)
      	at java.lang.reflect.Method.invoke(Method.java:498)
      	at org.openqa.selenium.support.pagefactory.internal.LocatingElementHandler.invoke(LocatingElementHandler.java:52)
      	at com.sun.proxy.$Proxy21.click(Unknown Source)
      	at org.example.pageObject.UpdateStudentPage.openEditProfileModal(UpdateStudentPage.java:105)
      	at step_definitions.UpdateStudentSteps.userClickEditProfile(UpdateStudentSteps.java:355)
      	at ✽.And User click edit profile(features/UpdateStudent.feature:11)
      &amp#27;[0m
]]></system-out>
  </testcase>
  <testcase name="When Student click Alamat field" classname="| Jakarta Barat no 12 |" time="0">
    <skipped/>
  </testcase>
  <testcase name="Then Student input with character and number like &quot;Jakarta Barat no 12&quot; in Alamat field" classname="| Jakarta Barat no 12 |" time="0">
    <skipped/>
  </testcase>
  <testcase name="Given User open the website GuruMu" classname="| Jakarta Barat no.12% |" time="0">
    <system-out><![CDATA[
  @TestUpdateStudent @Test
  Scenario Outline: Input Field with Chacter and Number in Alamat field                     &amp#27;[90m# features/UpdateStudent.feature:183&amp#27;[0m
    &amp#27;[36mGiven &amp#27;[0m&amp#27;[36mStudent already on Edit Profile page&amp#27;[0m                                              &amp#27;[90m# UpdateStudentSteps.studentAlreadyonEditProfilePage()&amp#27;[0m
    &amp#27;[36mWhen &amp#27;[0m&amp#27;[36mStudent click Alamat field&amp#27;[0m                                                         &amp#27;[90m# UpdateStudentSteps.studentClickAlamatField()&amp#27;[0m
    &amp#27;[36mThen &amp#27;[0m&amp#27;[36mStudent input with character and number like "&amp#27;[0m&amp#27;[36m&amp#27;[1mJakarta Barat no 12&amp#27;[0m&amp#27;[36m" in Alamat field&amp#27;[0m &amp#27;[90m# UpdateStudentSteps.studentInputWithCharacterAndNumberLikeInAlamatField(String)&amp#27;[0m

  Scenario Outline: Input Field with Not Valid Special Character in Alamat field        &amp#27;[90m# features/UpdateStudent.feature:185&amp#27;[0m
    &amp#27;[36mGiven &amp#27;[0m&amp#27;[36mStudent already on Edit Profile page&amp#27;[0m
    &amp#27;[36mWhen &amp#27;[0m&amp#27;[36mStudent click Alamat field&amp#27;[0m
    &amp#27;[36mThen &amp#27;[0m&amp#27;[36mStudent input with not valid special character like "<alamat>" in Alamat field&amp#27;[0m

    Examples: 
]]></system-out>
    <system-err><![CDATA[Starting ChromeDriver 110.0.5481.77 (65ed616c6e8ee3fe0ad64fe83796c020644d42af-refs/branch-heads/5481@{#839}) on port 51639
Only local connections are allowed.
Please see https://chromedriver.chromium.org/security-considerations for suggestions on keeping ChromeDriver safe.
ChromeDriver was started successfully.
[1676553824.082][WARNING]: virtual void DevToolsClientImpl::AddListener(DevToolsEventListener *) subscribing a listener to the already connected DevToolsClient. Connection notification will not arrive.
Feb 16, 2023 8:23:44 PM org.openqa.selenium.remote.ProtocolHandshake createSession
INFO: Detected dialect: W3C
Feb 16, 2023 8:23:44 PM org.openqa.selenium.devtools.CdpVersionFinder findNearestMatch
WARNING: Unable to find an exact match for CDP version 110, so returning the closest version found: a no-op implementation
Feb 16, 2023 8:23:44 PM org.openqa.selenium.devtools.CdpVersionFinder findNearestMatch
INFO: Unable to find CDP implementation matching 110.
Feb 16, 2023 8:23:44 PM org.openqa.selenium.chromium.ChromiumDriver lambda$new$3
WARNING: Unable to find version of CDP to use for . You may need to include a dependency on a specific version of the CDP using something similar to `org.seleniumhq.selenium:selenium-devtools-v86:4.1.2` where the version ("v86") matches the version of the chromium-based browser you're using and the version number of the artifact is the same as Selenium's.
]]></system-err>
  </testcase>
  <testcase name="When User click avatar navigation" classname="| Jakarta Barat no.12% |" time="0.001"/>
  <testcase name="And User click menu Masuk" classname="| Jakarta Barat no.12% |" time="0"/>
  <testcase name="And User input &quot;herdiladania11@gmail.com&quot; as email and input &quot;fe123&quot; as password" classname="| Jakarta Barat no.12% |" time="0"/>
  <testcase name="And User clicked masuk button" classname="| Jakarta Barat no.12% |" time="0"/>
  <testcase name="When User move to Profile Page" classname="| Jakarta Barat no.12% |" time="0.003">
    <error message="no such element: Unable to locate element: {&quot;method&quot;:&quot;xpath&quot;,&quot;selector&quot;:&quot;//h2[@class=&apos;swal2-title&apos;]&quot;}&#10;  (Session info: chrome=110.0.5481.100)&#10;For documentation on this error, please visit: https://selenium.dev/exceptions/#no_such_element&#10;Build info: version: &apos;4.1.2&apos;, revision: &apos;9a5a329c5a&apos;&#10;System info: host: &apos;nsystem-mbp&apos;, ip: &apos;fe80:0:0:0:ce7:beec:a50b:8367%en0&apos;, os.name: &apos;Mac OS X&apos;, os.arch: &apos;x86_64&apos;, os.version: &apos;10.16&apos;, java.version: &apos;1.8.0_201&apos;&#10;Driver info: org.openqa.selenium.chrome.ChromeDriver&#10;Command: [794ba0d1d3fb090f06b9e69942c3c17c, findElement {using=xpath, value=//h2[@class=&apos;swal2-title&apos;]}]&#10;Capabilities {acceptInsecureCerts: false, browserName: chrome, browserVersion: 110.0.5481.100, chrome: {chromedriverVersion: 110.0.5481.77 (65ed616c6e8e..., userDataDir: /var/folders/00/xzw63_pj58g...}, goog:chromeOptions: {debuggerAddress: localhost:50425}, javascriptEnabled: true, networkConnectionEnabled: false, pageLoadStrategy: normal, platform: MAC, platformName: MAC, proxy: Proxy(), se:cdp: ws://localhost:50425/devtoo..., se:cdpVersion: 110.0.5481.100, setWindowRect: true, strictFileInteractability: false, timeouts: {implicit: 0, pageLoad: 300000, script: 30000}, unhandledPromptBehavior: dismiss and notify, webauthn:extension:credBlob: true, webauthn:extension:largeBlob: true, webauthn:virtualAuthenticators: true}&#10;Session ID: 794ba0d1d3fb090f06b9e69942c3c17c" type="org.openqa.selenium.NoSuchElementException"><![CDATA[org.openqa.selenium.NoSuchElementException: 
no such element: Unable to locate element: {"method":"xpath","selector":"//h2[@class='swal2-title']"}
  (Session info: chrome=110.0.5481.100)
For documentation on this error, please visit: https://selenium.dev/exceptions/#no_such_element
Build info: version: '4.1.2', revision: '9a5a329c5a'
System info: host: 'nsystem-mbp', ip: 'fe80:0:0:0:ce7:beec:a50b:8367%en0', os.name: 'Mac OS X', os.arch: 'x86_64', os.version: '10.16', java.version: '1.8.0_201'
Driver info: org.openqa.selenium.chrome.ChromeDriver
Command: [794ba0d1d3fb090f06b9e69942c3c17c, findElement {using=xpath, value=//h2[@class='swal2-title']}]
Capabilities {acceptInsecureCerts: false, browserName: chrome, browserVersion: 110.0.5481.100, chrome: {chromedriverVersion: 110.0.5481.77 (65ed616c6e8e..., userDataDir: /var/folders/00/xzw63_pj58g...}, goog:chromeOptions: {debuggerAddress: localhost:50425}, javascriptEnabled: true, networkConnectionEnabled: false, pageLoadStrategy: normal, platform: MAC, platformName: MAC, proxy: Proxy(), se:cdp: ws://localhost:50425/devtoo..., se:cdpVersion: 110.0.5481.100, setWindowRect: true, strictFileInteractability: false, timeouts: {implicit: 0, pageLoad: 300000, script: 30000}, unhandledPromptBehavior: dismiss and notify, webauthn:extension:credBlob: true, webauthn:extension:largeBlob: true, webauthn:virtualAuthenticators: true}
Session ID: 794ba0d1d3fb090f06b9e69942c3c17c
]]></error>
  </testcase>
  <testcase name="" classname="| Jakarta Barat no.12% |" time="0.003">
    <error message="no such element: Unable to locate element: {&quot;method&quot;:&quot;xpath&quot;,&quot;selector&quot;:&quot;//h2[@class=&apos;swal2-title&apos;]&quot;}&#10;  (Session info: chrome=110.0.5481.100)&#10;For documentation on this error, please visit: https://selenium.dev/exceptions/#no_such_element&#10;Build info: version: &apos;4.1.2&apos;, revision: &apos;9a5a329c5a&apos;&#10;System info: host: &apos;nsystem-mbp&apos;, ip: &apos;fe80:0:0:0:ce7:beec:a50b:8367%en0&apos;, os.name: &apos;Mac OS X&apos;, os.arch: &apos;x86_64&apos;, os.version: &apos;10.16&apos;, java.version: &apos;1.8.0_201&apos;&#10;Driver info: org.openqa.selenium.chrome.ChromeDriver&#10;Command: [794ba0d1d3fb090f06b9e69942c3c17c, findElement {using=xpath, value=//h2[@class=&apos;swal2-title&apos;]}]&#10;Capabilities {acceptInsecureCerts: false, browserName: chrome, browserVersion: 110.0.5481.100, chrome: {chromedriverVersion: 110.0.5481.77 (65ed616c6e8e..., userDataDir: /var/folders/00/xzw63_pj58g...}, goog:chromeOptions: {debuggerAddress: localhost:50425}, javascriptEnabled: true, networkConnectionEnabled: false, pageLoadStrategy: normal, platform: MAC, platformName: MAC, proxy: Proxy(), se:cdp: ws://localhost:50425/devtoo..., se:cdpVersion: 110.0.5481.100, setWindowRect: true, strictFileInteractability: false, timeouts: {implicit: 0, pageLoad: 300000, script: 30000}, unhandledPromptBehavior: dismiss and notify, webauthn:extension:credBlob: true, webauthn:extension:largeBlob: true, webauthn:virtualAuthenticators: true}&#10;Session ID: 794ba0d1d3fb090f06b9e69942c3c17c" type="org.openqa.selenium.NoSuchElementException"><![CDATA[org.openqa.selenium.NoSuchElementException: 
no such element: Unable to locate element: {"method":"xpath","selector":"//h2[@class='swal2-title']"}
  (Session info: chrome=110.0.5481.100)
For documentation on this error, please visit: https://selenium.dev/exceptions/#no_such_element
Build info: version: '4.1.2', revision: '9a5a329c5a'
System info: host: 'nsystem-mbp', ip: 'fe80:0:0:0:ce7:beec:a50b:8367%en0', os.name: 'Mac OS X', os.arch: 'x86_64', os.version: '10.16', java.version: '1.8.0_201'
Driver info: org.openqa.selenium.chrome.ChromeDriver
Command: [794ba0d1d3fb090f06b9e69942c3c17c, findElement {using=xpath, value=//h2[@class='swal2-title']}]
Capabilities {acceptInsecureCerts: false, browserName: chrome, browserVersion: 110.0.5481.100, chrome: {chromedriverVersion: 110.0.5481.77 (65ed616c6e8e..., userDataDir: /var/folders/00/xzw63_pj58g...}, goog:chromeOptions: {debuggerAddress: localhost:50425}, javascriptEnabled: true, networkConnectionEnabled: false, pageLoadStrategy: normal, platform: MAC, platformName: MAC, proxy: Proxy(), se:cdp: ws://localhost:50425/devtoo..., se:cdpVersion: 110.0.5481.100, setWindowRect: true, strictFileInteractability: false, timeouts: {implicit: 0, pageLoad: 300000, script: 30000}, unhandledPromptBehavior: dismiss and notify, webauthn:extension:credBlob: true, webauthn:extension:largeBlob: true, webauthn:virtualAuthenticators: true}
Session ID: 794ba0d1d3fb090f06b9e69942c3c17c
]]></error>
  </testcase>
  <testcase name="And User click edit profile" classname="| Jakarta Barat no.12% |" time="0">
    <skipped/>
  </testcase>
  <testcase name="Given Student already on Edit Profile page" classname="| Jakarta Barat no.12% |" time="0">
    <skipped/>
    <system-out><![CDATA[
  Background:                                                                        &amp#27;[90m# features/UpdateStudent.feature:4&amp#27;[0m
    &amp#27;[32mGiven &amp#27;[0m&amp#27;[32mUser open the website GuruMu&amp#27;[0m                                               &amp#27;[90m# LoginSteps.userOpenTheWebsiteGuruMu()&amp#27;[0m
    &amp#27;[32mWhen &amp#27;[0m&amp#27;[32mUser click avatar navigation&amp#27;[0m                                                &amp#27;[90m# LoginSteps.userClickAvatarNavigation()&amp#27;[0m
    &amp#27;[32mAnd &amp#27;[0m&amp#27;[32mUser click menu Masuk&amp#27;[0m                                                        &amp#27;[90m# LoginSteps.userClickMenuMasuk()&amp#27;[0m
    &amp#27;[32mAnd &amp#27;[0m&amp#27;[32mUser input "&amp#27;[0m&amp#27;[32m&amp#27;[1mherdiladania11@gmail.com&amp#27;[0m&amp#27;[32m" as email and input "&amp#27;[0m&amp#27;[32m&amp#27;[1mfe123&amp#27;[0m&amp#27;[32m" as password&amp#27;[0m &amp#27;[90m# LoginSteps.inputCredential(String,String)&amp#27;[0m
    &amp#27;[32mAnd &amp#27;[0m&amp#27;[32mUser clicked masuk button&amp#27;[0m                                                    &amp#27;[90m# LoginSteps.userClickMasukButton()&amp#27;[0m
    &amp#27;[31mWhen &amp#27;[0m&amp#27;[31mUser move to Profile Page&amp#27;[0m                                                   &amp#27;[90m# PenilaianUlasanSteps.userMoveToProfilePage()&amp#27;[0m
      &amp#27;[31morg.openqa.selenium.NoSuchElementException: no such element: Unable to locate element: {"method":"xpath","selector":"//h2[@class='swal2-title']"}
        (Session info: chrome=110.0.5481.100)
      For documentation on this error, please visit: https://selenium.dev/exceptions/#no_such_element
      Build info: version: '4.1.2', revision: '9a5a329c5a'
      System info: host: 'nsystem-mbp', ip: 'fe80:0:0:0:ce7:beec:a50b:8367%en0', os.name: 'Mac OS X', os.arch: 'x86_64', os.version: '10.16', java.version: '1.8.0_201'
      Driver info: org.openqa.selenium.chrome.ChromeDriver
      Command: [794ba0d1d3fb090f06b9e69942c3c17c, findElement {using=xpath, value=//h2[@class='swal2-title']}]
      Capabilities {acceptInsecureCerts: false, browserName: chrome, browserVersion: 110.0.5481.100, chrome: {chromedriverVersion: 110.0.5481.77 (65ed616c6e8e..., userDataDir: /var/folders/00/xzw63_pj58g...}, goog:chromeOptions: {debuggerAddress: localhost:50425}, javascriptEnabled: true, networkConnectionEnabled: false, pageLoadStrategy: normal, platform: MAC, platformName: MAC, proxy: Proxy(), se:cdp: ws://localhost:50425/devtoo..., se:cdpVersion: 110.0.5481.100, setWindowRect: true, strictFileInteractability: false, timeouts: {implicit: 0, pageLoad: 300000, script: 30000}, unhandledPromptBehavior: dismiss and notify, webauthn:extension:credBlob: true, webauthn:extension:largeBlob: true, webauthn:virtualAuthenticators: true}
      Session ID: 794ba0d1d3fb090f06b9e69942c3c17c
      	at sun.reflect.GeneratedConstructorAccessor38.newInstance(Unknown Source)
      	at sun.reflect.DelegatingConstructorAccessorImpl.newInstance(DelegatingConstructorAccessorImpl.java:45)
      	at java.lang.reflect.Constructor.newInstance(Constructor.java:423)
      	at org.openqa.selenium.remote.codec.w3c.W3CHttpResponseCodec.createException(W3CHttpResponseCodec.java:200)
      	at org.openqa.selenium.remote.codec.w3c.W3CHttpResponseCodec.decode(W3CHttpResponseCodec.java:133)
      	at org.openqa.selenium.remote.codec.w3c.W3CHttpResponseCodec.decode(W3CHttpResponseCodec.java:53)
      	at org.openqa.selenium.remote.HttpCommandExecutor.execute(HttpCommandExecutor.java:184)
      	at org.openqa.selenium.remote.service.DriverCommandExecutor.invokeExecute(DriverCommandExecutor.java:167)
      	at org.openqa.selenium.remote.service.DriverCommandExecutor.execute(DriverCommandExecutor.java:142)
      	at org.openqa.selenium.remote.RemoteWebDriver.execute(RemoteWebDriver.java:558)
      	at org.openqa.selenium.remote.ElementLocation$ElementFinder$2.findElement(ElementLocation.java:162)
      	at org.openqa.selenium.remote.ElementLocation.findElement(ElementLocation.java:60)
      	at org.openqa.selenium.remote.RemoteWebDriver.findElement(RemoteWebDriver.java:382)
      	at org.openqa.selenium.remote.RemoteWebDriver.findElement(RemoteWebDriver.java:374)
      	at org.openqa.selenium.support.pagefactory.DefaultElementLocator.findElement(DefaultElementLocator.java:70)
      	at org.openqa.selenium.support.pagefactory.internal.LocatingElementHandler.invoke(LocatingElementHandler.java:39)
      	at com.sun.proxy.$Proxy21.isDisplayed(Unknown Source)
      	at org.example.pageObject.BerandaPage.successMessageIsDisplayed(BerandaPage.java:169)
      	at step_definitions.PenilaianUlasanSteps.userMoveToProfilePage(PenilaianUlasanSteps.java:163)
      	at ✽.When User move to Profile Page(features/UpdateStudent.feature:10)
      &amp#27;[0m
    &amp#27;[36mAnd &amp#27;[0m&amp#27;[36mUser click edit profile&amp#27;[0m                                                      &amp#27;[90m# UpdateStudentSteps.userClickEditProfile()&amp#27;[0m
]]></system-out>
  </testcase>
  <testcase name="When Student click Alamat field" classname="| Jakarta Barat no.12% |" time="0">
    <skipped/>
  </testcase>
  <testcase name="Then Student input with not valid special character like &quot;Jakarta Barat no.12%&quot; in Alamat field" classname="| Jakarta Barat no.12% |" time="0">
    <skipped/>
  </testcase>
  <testcase name="Given User open the website GuruMu" classname="| Jakarta Barat no.12 |" time="0">
    <system-out><![CDATA[
  @TestUpdateStudent @Test
  Scenario Outline: Input Field with Special Character in Alamat field                        &amp#27;[90m# features/UpdateStudent.feature:199&amp#27;[0m
    &amp#27;[36mGiven &amp#27;[0m&amp#27;[36mStudent already on Edit Profile page&amp#27;[0m                                                &amp#27;[90m# UpdateStudentSteps.studentAlreadyonEditProfilePage()&amp#27;[0m
    &amp#27;[36mWhen &amp#27;[0m&amp#27;[36mStudent click Alamat field&amp#27;[0m                                                           &amp#27;[90m# UpdateStudentSteps.studentClickAlamatField()&amp#27;[0m
    &amp#27;[36mThen &amp#27;[0m&amp#27;[36mStudent input with special character like "&amp#27;[0m&amp#27;[36m&amp#27;[1m#$^$%&^%*&^*^&*$#$#@%$%^&amp#27;[0m&amp#27;[36m" in Alamat field&amp#27;[0m &amp#27;[90m# UpdateStudentSteps.studentInputWithSpecialCharacterLikeInAlamatField(String)&amp#27;[0m

  Scenario Outline: Input Field with Valid Alamat in Alamat field        &amp#27;[90m# features/UpdateStudent.feature:201&amp#27;[0m
    &amp#27;[36mGiven &amp#27;[0m&amp#27;[36mStudent already on Edit Profile page&amp#27;[0m
    &amp#27;[36mWhen &amp#27;[0m&amp#27;[36mStudent click Alamat field&amp#27;[0m
    &amp#27;[36mThen &amp#27;[0m&amp#27;[36mStudent input with Valid Alamat like "<alamat>" in Alamat field&amp#27;[0m

    Examples: 
]]></system-out>
    <system-err><![CDATA[Starting ChromeDriver 110.0.5481.77 (65ed616c6e8ee3fe0ad64fe83796c020644d42af-refs/branch-heads/5481@{#839}) on port 56034
Only local connections are allowed.
Please see https://chromedriver.chromium.org/security-considerations for suggestions on keeping ChromeDriver safe.
ChromeDriver was started successfully.
[1676553880.241][WARNING]: virtual void DevToolsClientImpl::AddListener(DevToolsEventListener *) subscribing a listener to the already connected DevToolsClient. Connection notification will not arrive.
Feb 16, 2023 8:24:40 PM org.openqa.selenium.remote.ProtocolHandshake createSession
INFO: Detected dialect: W3C
Feb 16, 2023 8:24:40 PM org.openqa.selenium.devtools.CdpVersionFinder findNearestMatch
WARNING: Unable to find an exact match for CDP version 110, so returning the closest version found: a no-op implementation
Feb 16, 2023 8:24:40 PM org.openqa.selenium.devtools.CdpVersionFinder findNearestMatch
INFO: Unable to find CDP implementation matching 110.
Feb 16, 2023 8:24:40 PM org.openqa.selenium.chromium.ChromiumDriver lambda$new$3
WARNING: Unable to find version of CDP to use for . You may need to include a dependency on a specific version of the CDP using something similar to `org.seleniumhq.selenium:selenium-devtools-v86:4.1.2` where the version ("v86") matches the version of the chromium-based browser you're using and the version number of the artifact is the same as Selenium's.
]]></system-err>
  </testcase>
  <testcase name="When User click avatar navigation" classname="| Jakarta Barat no.12 |" time="0"/>
  <testcase name="And User click menu Masuk" classname="| Jakarta Barat no.12 |" time="0"/>
  <testcase name="And User input &quot;herdiladania11@gmail.com&quot; as email and input &quot;fe123&quot; as password" classname="| Jakarta Barat no.12 |" time="0"/>
  <testcase name="And User clicked masuk button" classname="| Jakarta Barat no.12 |" time="0"/>
  <testcase name="When User move to Profile Page" classname="| Jakarta Barat no.12 |" time="0"/>
  <testcase name="And User click edit profile" classname="| Jakarta Barat no.12 |" time="0.003">
    <error message="element click intercepted: Element &lt;label id=&quot;modal-profil-murid&quot; for=&quot;my-modal-5&quot; class=&quot;flex gap-1 absolute lg:top-10 top-10 lg:right-40 right-0&quot;&gt;...&lt;/label&gt; is not clickable at point (949, 280). Other element would receive the click: &lt;h2 class=&quot;swal2-title&quot; id=&quot;swal2-title&quot; style=&quot;display: block;&quot;&gt;...&lt;/h2&gt;&#10;  (Session info: chrome=110.0.5481.100)&#10;Build info: version: &apos;4.1.2&apos;, revision: &apos;9a5a329c5a&apos;&#10;System info: host: &apos;nsystem-mbp&apos;, ip: &apos;fe80:0:0:0:ce7:beec:a50b:8367%en0&apos;, os.name: &apos;Mac OS X&apos;, os.arch: &apos;x86_64&apos;, os.version: &apos;10.16&apos;, java.version: &apos;1.8.0_201&apos;&#10;Driver info: org.openqa.selenium.chrome.ChromeDriver&#10;Command: [7e34e4763b990bc093a347678b1b3d5e, clickElement {id=00a3d314-d583-4a04-bcc4-502c4bc203f6}]&#10;Capabilities {acceptInsecureCerts: false, browserName: chrome, browserVersion: 110.0.5481.100, chrome: {chromedriverVersion: 110.0.5481.77 (65ed616c6e8e..., userDataDir: /var/folders/00/xzw63_pj58g...}, goog:chromeOptions: {debuggerAddress: localhost:50472}, javascriptEnabled: true, networkConnectionEnabled: false, pageLoadStrategy: normal, platform: MAC, platformName: MAC, proxy: Proxy(), se:cdp: ws://localhost:50472/devtoo..., se:cdpVersion: 110.0.5481.100, setWindowRect: true, strictFileInteractability: false, timeouts: {implicit: 0, pageLoad: 300000, script: 30000}, unhandledPromptBehavior: dismiss and notify, webauthn:extension:credBlob: true, webauthn:extension:largeBlob: true, webauthn:virtualAuthenticators: true}&#10;Element: [[ChromeDriver: chrome on MAC (7e34e4763b990bc093a347678b1b3d5e)] -&gt; id: modal-profil-murid]&#10;Session ID: 7e34e4763b990bc093a347678b1b3d5e" type="org.openqa.selenium.ElementClickInterceptedException"><![CDATA[org.openqa.selenium.ElementClickInterceptedException: 
element click intercepted: Element <label id="modal-profil-murid" for="my-modal-5" class="flex gap-1 absolute lg:top-10 top-10 lg:right-40 right-0">...</label> is not clickable at point (949, 280). Other element would receive the click: <h2 class="swal2-title" id="swal2-title" style="display: block;">...</h2>
  (Session info: chrome=110.0.5481.100)
Build info: version: '4.1.2', revision: '9a5a329c5a'
System info: host: 'nsystem-mbp', ip: 'fe80:0:0:0:ce7:beec:a50b:8367%en0', os.name: 'Mac OS X', os.arch: 'x86_64', os.version: '10.16', java.version: '1.8.0_201'
Driver info: org.openqa.selenium.chrome.ChromeDriver
Command: [7e34e4763b990bc093a347678b1b3d5e, clickElement {id=00a3d314-d583-4a04-bcc4-502c4bc203f6}]
Capabilities {acceptInsecureCerts: false, browserName: chrome, browserVersion: 110.0.5481.100, chrome: {chromedriverVersion: 110.0.5481.77 (65ed616c6e8e..., userDataDir: /var/folders/00/xzw63_pj58g...}, goog:chromeOptions: {debuggerAddress: localhost:50472}, javascriptEnabled: true, networkConnectionEnabled: false, pageLoadStrategy: normal, platform: MAC, platformName: MAC, proxy: Proxy(), se:cdp: ws://localhost:50472/devtoo..., se:cdpVersion: 110.0.5481.100, setWindowRect: true, strictFileInteractability: false, timeouts: {implicit: 0, pageLoad: 300000, script: 30000}, unhandledPromptBehavior: dismiss and notify, webauthn:extension:credBlob: true, webauthn:extension:largeBlob: true, webauthn:virtualAuthenticators: true}
Element: [[ChromeDriver: chrome on MAC (7e34e4763b990bc093a347678b1b3d5e)] -> id: modal-profil-murid]
Session ID: 7e34e4763b990bc093a347678b1b3d5e
]]></error>
  </testcase>
  <testcase name="" classname="| Jakarta Barat no.12 |" time="0.004">
    <error message="element click intercepted: Element &lt;label id=&quot;modal-profil-murid&quot; for=&quot;my-modal-5&quot; class=&quot;flex gap-1 absolute lg:top-10 top-10 lg:right-40 right-0&quot;&gt;...&lt;/label&gt; is not clickable at point (949, 280). Other element would receive the click: &lt;h2 class=&quot;swal2-title&quot; id=&quot;swal2-title&quot; style=&quot;display: block;&quot;&gt;...&lt;/h2&gt;&#10;  (Session info: chrome=110.0.5481.100)&#10;Build info: version: &apos;4.1.2&apos;, revision: &apos;9a5a329c5a&apos;&#10;System info: host: &apos;nsystem-mbp&apos;, ip: &apos;fe80:0:0:0:ce7:beec:a50b:8367%en0&apos;, os.name: &apos;Mac OS X&apos;, os.arch: &apos;x86_64&apos;, os.version: &apos;10.16&apos;, java.version: &apos;1.8.0_201&apos;&#10;Driver info: org.openqa.selenium.chrome.ChromeDriver&#10;Command: [7e34e4763b990bc093a347678b1b3d5e, clickElement {id=00a3d314-d583-4a04-bcc4-502c4bc203f6}]&#10;Capabilities {acceptInsecureCerts: false, browserName: chrome, browserVersion: 110.0.5481.100, chrome: {chromedriverVersion: 110.0.5481.77 (65ed616c6e8e..., userDataDir: /var/folders/00/xzw63_pj58g...}, goog:chromeOptions: {debuggerAddress: localhost:50472}, javascriptEnabled: true, networkConnectionEnabled: false, pageLoadStrategy: normal, platform: MAC, platformName: MAC, proxy: Proxy(), se:cdp: ws://localhost:50472/devtoo..., se:cdpVersion: 110.0.5481.100, setWindowRect: true, strictFileInteractability: false, timeouts: {implicit: 0, pageLoad: 300000, script: 30000}, unhandledPromptBehavior: dismiss and notify, webauthn:extension:credBlob: true, webauthn:extension:largeBlob: true, webauthn:virtualAuthenticators: true}&#10;Element: [[ChromeDriver: chrome on MAC (7e34e4763b990bc093a347678b1b3d5e)] -&gt; id: modal-profil-murid]&#10;Session ID: 7e34e4763b990bc093a347678b1b3d5e" type="org.openqa.selenium.ElementClickInterceptedException"><![CDATA[org.openqa.selenium.ElementClickInterceptedException: 
element click intercepted: Element <label id="modal-profil-murid" for="my-modal-5" class="flex gap-1 absolute lg:top-10 top-10 lg:right-40 right-0">...</label> is not clickable at point (949, 280). Other element would receive the click: <h2 class="swal2-title" id="swal2-title" style="display: block;">...</h2>
  (Session info: chrome=110.0.5481.100)
Build info: version: '4.1.2', revision: '9a5a329c5a'
System info: host: 'nsystem-mbp', ip: 'fe80:0:0:0:ce7:beec:a50b:8367%en0', os.name: 'Mac OS X', os.arch: 'x86_64', os.version: '10.16', java.version: '1.8.0_201'
Driver info: org.openqa.selenium.chrome.ChromeDriver
Command: [7e34e4763b990bc093a347678b1b3d5e, clickElement {id=00a3d314-d583-4a04-bcc4-502c4bc203f6}]
Capabilities {acceptInsecureCerts: false, browserName: chrome, browserVersion: 110.0.5481.100, chrome: {chromedriverVersion: 110.0.5481.77 (65ed616c6e8e..., userDataDir: /var/folders/00/xzw63_pj58g...}, goog:chromeOptions: {debuggerAddress: localhost:50472}, javascriptEnabled: true, networkConnectionEnabled: false, pageLoadStrategy: normal, platform: MAC, platformName: MAC, proxy: Proxy(), se:cdp: ws://localhost:50472/devtoo..., se:cdpVersion: 110.0.5481.100, setWindowRect: true, strictFileInteractability: false, timeouts: {implicit: 0, pageLoad: 300000, script: 30000}, unhandledPromptBehavior: dismiss and notify, webauthn:extension:credBlob: true, webauthn:extension:largeBlob: true, webauthn:virtualAuthenticators: true}
Element: [[ChromeDriver: chrome on MAC (7e34e4763b990bc093a347678b1b3d5e)] -> id: modal-profil-murid]
Session ID: 7e34e4763b990bc093a347678b1b3d5e
]]></error>
  </testcase>
  <testcase name="Given Student already on Edit Profile page" classname="| Jakarta Barat no.12 |" time="0">
    <skipped/>
    <system-out><![CDATA[
  Background:                                                                        &amp#27;[90m# features/UpdateStudent.feature:4&amp#27;[0m
    &amp#27;[32mGiven &amp#27;[0m&amp#27;[32mUser open the website GuruMu&amp#27;[0m                                               &amp#27;[90m# LoginSteps.userOpenTheWebsiteGuruMu()&amp#27;[0m
    &amp#27;[32mWhen &amp#27;[0m&amp#27;[32mUser click avatar navigation&amp#27;[0m                                                &amp#27;[90m# LoginSteps.userClickAvatarNavigation()&amp#27;[0m
    &amp#27;[32mAnd &amp#27;[0m&amp#27;[32mUser click menu Masuk&amp#27;[0m                                                        &amp#27;[90m# LoginSteps.userClickMenuMasuk()&amp#27;[0m
    &amp#27;[32mAnd &amp#27;[0m&amp#27;[32mUser input "&amp#27;[0m&amp#27;[32m&amp#27;[1mherdiladania11@gmail.com&amp#27;[0m&amp#27;[32m" as email and input "&amp#27;[0m&amp#27;[32m&amp#27;[1mfe123&amp#27;[0m&amp#27;[32m" as password&amp#27;[0m &amp#27;[90m# LoginSteps.inputCredential(String,String)&amp#27;[0m
    &amp#27;[32mAnd &amp#27;[0m&amp#27;[32mUser clicked masuk button&amp#27;[0m                                                    &amp#27;[90m# LoginSteps.userClickMasukButton()&amp#27;[0m
    &amp#27;[32mWhen &amp#27;[0m&amp#27;[32mUser move to Profile Page&amp#27;[0m                                                   &amp#27;[90m# PenilaianUlasanSteps.userMoveToProfilePage()&amp#27;[0m
    &amp#27;[31mAnd &amp#27;[0m&amp#27;[31mUser click edit profile&amp#27;[0m                                                      &amp#27;[90m# UpdateStudentSteps.userClickEditProfile()&amp#27;[0m
      &amp#27;[31morg.openqa.selenium.ElementClickInterceptedException: element click intercepted: Element <label id="modal-profil-murid" for="my-modal-5" class="flex gap-1 absolute lg:top-10 top-10 lg:right-40 right-0">...</label> is not clickable at point (949, 280). Other element would receive the click: <h2 class="swal2-title" id="swal2-title" style="display: block;">...</h2>
        (Session info: chrome=110.0.5481.100)
      Build info: version: '4.1.2', revision: '9a5a329c5a'
      System info: host: 'nsystem-mbp', ip: 'fe80:0:0:0:ce7:beec:a50b:8367%en0', os.name: 'Mac OS X', os.arch: 'x86_64', os.version: '10.16', java.version: '1.8.0_201'
      Driver info: org.openqa.selenium.chrome.ChromeDriver
      Command: [7e34e4763b990bc093a347678b1b3d5e, clickElement {id=00a3d314-d583-4a04-bcc4-502c4bc203f6}]
      Capabilities {acceptInsecureCerts: false, browserName: chrome, browserVersion: 110.0.5481.100, chrome: {chromedriverVersion: 110.0.5481.77 (65ed616c6e8e..., userDataDir: /var/folders/00/xzw63_pj58g...}, goog:chromeOptions: {debuggerAddress: localhost:50472}, javascriptEnabled: true, networkConnectionEnabled: false, pageLoadStrategy: normal, platform: MAC, platformName: MAC, proxy: Proxy(), se:cdp: ws://localhost:50472/devtoo..., se:cdpVersion: 110.0.5481.100, setWindowRect: true, strictFileInteractability: false, timeouts: {implicit: 0, pageLoad: 300000, script: 30000}, unhandledPromptBehavior: dismiss and notify, webauthn:extension:credBlob: true, webauthn:extension:largeBlob: true, webauthn:virtualAuthenticators: true}
      Element: [[ChromeDriver: chrome on MAC (7e34e4763b990bc093a347678b1b3d5e)] -> id: modal-profil-murid]
      Session ID: 7e34e4763b990bc093a347678b1b3d5e
      	at sun.reflect.GeneratedConstructorAccessor44.newInstance(Unknown Source)
      	at sun.reflect.DelegatingConstructorAccessorImpl.newInstance(DelegatingConstructorAccessorImpl.java:45)
      	at java.lang.reflect.Constructor.newInstance(Constructor.java:423)
      	at org.openqa.selenium.remote.codec.w3c.W3CHttpResponseCodec.createException(W3CHttpResponseCodec.java:200)
      	at org.openqa.selenium.remote.codec.w3c.W3CHttpResponseCodec.decode(W3CHttpResponseCodec.java:133)
      	at org.openqa.selenium.remote.codec.w3c.W3CHttpResponseCodec.decode(W3CHttpResponseCodec.java:53)
      	at org.openqa.selenium.remote.HttpCommandExecutor.execute(HttpCommandExecutor.java:184)
      	at org.openqa.selenium.remote.service.DriverCommandExecutor.invokeExecute(DriverCommandExecutor.java:167)
      	at org.openqa.selenium.remote.service.DriverCommandExecutor.execute(DriverCommandExecutor.java:142)
      	at org.openqa.selenium.remote.RemoteWebDriver.execute(RemoteWebDriver.java:558)
      	at org.openqa.selenium.remote.RemoteWebElement.execute(RemoteWebElement.java:251)
      	at org.openqa.selenium.remote.RemoteWebElement.click(RemoteWebElement.java:77)
      	at sun.reflect.GeneratedMethodAccessor10.invoke(Unknown Source)
      	at sun.reflect.DelegatingMethodAccessorImpl.invoke(DelegatingMethodAccessorImpl.java:43)
      	at java.lang.reflect.Method.invoke(Method.java:498)
      	at org.openqa.selenium.support.pagefactory.internal.LocatingElementHandler.invoke(LocatingElementHandler.java:52)
      	at com.sun.proxy.$Proxy21.click(Unknown Source)
      	at org.example.pageObject.UpdateStudentPage.openEditProfileModal(UpdateStudentPage.java:105)
      	at step_definitions.UpdateStudentSteps.userClickEditProfile(UpdateStudentSteps.java:355)
      	at ✽.And User click edit profile(features/UpdateStudent.feature:11)
      &amp#27;[0m
]]></system-out>
  </testcase>
  <testcase name="When Student click Alamat field" classname="| Jakarta Barat no.12 |" time="0">
    <skipped/>
  </testcase>
  <testcase name="Then Student input with Valid Alamat like &quot;Jakarta Barat no.12&quot; in Alamat field" classname="| Jakarta Barat no.12 |" time="0">
    <skipped/>
  </testcase>
  <testcase name="Given User open the website GuruMu" classname="Scenario: Verify Unggah Foto field is enabled" time="0">
    <system-out><![CDATA[
  @TestUpdateStudent @Test
  Scenario Outline: Input Field with Valid Alamat in Alamat field                   &amp#27;[90m# features/UpdateStudent.feature:207&amp#27;[0m
    &amp#27;[36mGiven &amp#27;[0m&amp#27;[36mStudent already on Edit Profile page&amp#27;[0m                                      &amp#27;[90m# UpdateStudentSteps.studentAlreadyonEditProfilePage()&amp#27;[0m
    &amp#27;[36mWhen &amp#27;[0m&amp#27;[36mStudent click Alamat field&amp#27;[0m                                                 &amp#27;[90m# UpdateStudentSteps.studentClickAlamatField()&amp#27;[0m
    &amp#27;[36mThen &amp#27;[0m&amp#27;[36mStudent input with Valid Alamat like "&amp#27;[0m&amp#27;[36m&amp#27;[1mJakarta Barat no.12&amp#27;[0m&amp#27;[36m" in Alamat field&amp#27;[0m &amp#27;[90m# UpdateStudentSteps.studentInputWithValidAlamatLikeInAlamatField(String)&amp#27;[0m
]]></system-out>
    <system-err><![CDATA[Starting ChromeDriver 110.0.5481.77 (65ed616c6e8ee3fe0ad64fe83796c020644d42af-refs/branch-heads/5481@{#839}) on port 63400
Only local connections are allowed.
Please see https://chromedriver.chromium.org/security-considerations for suggestions on keeping ChromeDriver safe.
ChromeDriver was started successfully.
[1676553911.703][WARNING]: virtual void DevToolsClientImpl::AddListener(DevToolsEventListener *) subscribing a listener to the already connected DevToolsClient. Connection notification will not arrive.
Feb 16, 2023 8:25:11 PM org.openqa.selenium.remote.ProtocolHandshake createSession
INFO: Detected dialect: W3C
Feb 16, 2023 8:25:11 PM org.openqa.selenium.devtools.CdpVersionFinder findNearestMatch
WARNING: Unable to find an exact match for CDP version 110, so returning the closest version found: a no-op implementation
Feb 16, 2023 8:25:11 PM org.openqa.selenium.devtools.CdpVersionFinder findNearestMatch
INFO: Unable to find CDP implementation matching 110.
Feb 16, 2023 8:25:11 PM org.openqa.selenium.chromium.ChromiumDriver lambda$new$3
WARNING: Unable to find version of CDP to use for . You may need to include a dependency on a specific version of the CDP using something similar to `org.seleniumhq.selenium:selenium-devtools-v86:4.1.2` where the version ("v86") matches the version of the chromium-based browser you're using and the version number of the artifact is the same as Selenium's.
]]></system-err>
  </testcase>
  <testcase name="When User click avatar navigation" classname="Scenario: Verify Unggah Foto field is enabled" time="0"/>
  <testcase name="And User click menu Masuk" classname="Scenario: Verify Unggah Foto field is enabled" time="0"/>
  <testcase name="And User input &quot;herdiladania11@gmail.com&quot; as email and input &quot;fe123&quot; as password" classname="Scenario: Verify Unggah Foto field is enabled" time="0"/>
  <testcase name="And User clicked masuk button" classname="Scenario: Verify Unggah Foto field is enabled" time="0"/>
  <testcase name="When User move to Profile Page" classname="Scenario: Verify Unggah Foto field is enabled" time="0"/>
  <testcase name="And User click edit profile" classname="Scenario: Verify Unggah Foto field is enabled" time="0.003">
    <error message="element click intercepted: Element &lt;label id=&quot;modal-profil-murid&quot; for=&quot;my-modal-5&quot; class=&quot;flex gap-1 absolute lg:top-10 top-10 lg:right-40 right-0&quot;&gt;...&lt;/label&gt; is not clickable at point (949, 280). Other element would receive the click: &lt;h2 class=&quot;swal2-title&quot; id=&quot;swal2-title&quot; style=&quot;display: block;&quot;&gt;...&lt;/h2&gt;&#10;  (Session info: chrome=110.0.5481.100)&#10;Build info: version: &apos;4.1.2&apos;, revision: &apos;9a5a329c5a&apos;&#10;System info: host: &apos;nsystem-mbp&apos;, ip: &apos;fe80:0:0:0:ce7:beec:a50b:8367%en0&apos;, os.name: &apos;Mac OS X&apos;, os.arch: &apos;x86_64&apos;, os.version: &apos;10.16&apos;, java.version: &apos;1.8.0_201&apos;&#10;Driver info: org.openqa.selenium.chrome.ChromeDriver&#10;Command: [9e3084ef06dde3de072f33401a931b67, clickElement {id=c15bc19a-d17b-45a8-8bbd-de7889222eef}]&#10;Capabilities {acceptInsecureCerts: false, browserName: chrome, browserVersion: 110.0.5481.100, chrome: {chromedriverVersion: 110.0.5481.77 (65ed616c6e8e..., userDataDir: /var/folders/00/xzw63_pj58g...}, goog:chromeOptions: {debuggerAddress: localhost:50497}, javascriptEnabled: true, networkConnectionEnabled: false, pageLoadStrategy: normal, platform: MAC, platformName: MAC, proxy: Proxy(), se:cdp: ws://localhost:50497/devtoo..., se:cdpVersion: 110.0.5481.100, setWindowRect: true, strictFileInteractability: false, timeouts: {implicit: 0, pageLoad: 300000, script: 30000}, unhandledPromptBehavior: dismiss and notify, webauthn:extension:credBlob: true, webauthn:extension:largeBlob: true, webauthn:virtualAuthenticators: true}&#10;Element: [[ChromeDriver: chrome on MAC (9e3084ef06dde3de072f33401a931b67)] -&gt; id: modal-profil-murid]&#10;Session ID: 9e3084ef06dde3de072f33401a931b67" type="org.openqa.selenium.ElementClickInterceptedException"><![CDATA[org.openqa.selenium.ElementClickInterceptedException: 
element click intercepted: Element <label id="modal-profil-murid" for="my-modal-5" class="flex gap-1 absolute lg:top-10 top-10 lg:right-40 right-0">...</label> is not clickable at point (949, 280). Other element would receive the click: <h2 class="swal2-title" id="swal2-title" style="display: block;">...</h2>
  (Session info: chrome=110.0.5481.100)
Build info: version: '4.1.2', revision: '9a5a329c5a'
System info: host: 'nsystem-mbp', ip: 'fe80:0:0:0:ce7:beec:a50b:8367%en0', os.name: 'Mac OS X', os.arch: 'x86_64', os.version: '10.16', java.version: '1.8.0_201'
Driver info: org.openqa.selenium.chrome.ChromeDriver
Command: [9e3084ef06dde3de072f33401a931b67, clickElement {id=c15bc19a-d17b-45a8-8bbd-de7889222eef}]
Capabilities {acceptInsecureCerts: false, browserName: chrome, browserVersion: 110.0.5481.100, chrome: {chromedriverVersion: 110.0.5481.77 (65ed616c6e8e..., userDataDir: /var/folders/00/xzw63_pj58g...}, goog:chromeOptions: {debuggerAddress: localhost:50497}, javascriptEnabled: true, networkConnectionEnabled: false, pageLoadStrategy: normal, platform: MAC, platformName: MAC, proxy: Proxy(), se:cdp: ws://localhost:50497/devtoo..., se:cdpVersion: 110.0.5481.100, setWindowRect: true, strictFileInteractability: false, timeouts: {implicit: 0, pageLoad: 300000, script: 30000}, unhandledPromptBehavior: dismiss and notify, webauthn:extension:credBlob: true, webauthn:extension:largeBlob: true, webauthn:virtualAuthenticators: true}
Element: [[ChromeDriver: chrome on MAC (9e3084ef06dde3de072f33401a931b67)] -> id: modal-profil-murid]
Session ID: 9e3084ef06dde3de072f33401a931b67
]]></error>
  </testcase>
  <testcase name="" classname="Scenario: Verify Unggah Foto field is enabled" time="0.004">
    <error message="element click intercepted: Element &lt;label id=&quot;modal-profil-murid&quot; for=&quot;my-modal-5&quot; class=&quot;flex gap-1 absolute lg:top-10 top-10 lg:right-40 right-0&quot;&gt;...&lt;/label&gt; is not clickable at point (949, 280). Other element would receive the click: &lt;h2 class=&quot;swal2-title&quot; id=&quot;swal2-title&quot; style=&quot;display: block;&quot;&gt;...&lt;/h2&gt;&#10;  (Session info: chrome=110.0.5481.100)&#10;Build info: version: &apos;4.1.2&apos;, revision: &apos;9a5a329c5a&apos;&#10;System info: host: &apos;nsystem-mbp&apos;, ip: &apos;fe80:0:0:0:ce7:beec:a50b:8367%en0&apos;, os.name: &apos;Mac OS X&apos;, os.arch: &apos;x86_64&apos;, os.version: &apos;10.16&apos;, java.version: &apos;1.8.0_201&apos;&#10;Driver info: org.openqa.selenium.chrome.ChromeDriver&#10;Command: [9e3084ef06dde3de072f33401a931b67, clickElement {id=c15bc19a-d17b-45a8-8bbd-de7889222eef}]&#10;Capabilities {acceptInsecureCerts: false, browserName: chrome, browserVersion: 110.0.5481.100, chrome: {chromedriverVersion: 110.0.5481.77 (65ed616c6e8e..., userDataDir: /var/folders/00/xzw63_pj58g...}, goog:chromeOptions: {debuggerAddress: localhost:50497}, javascriptEnabled: true, networkConnectionEnabled: false, pageLoadStrategy: normal, platform: MAC, platformName: MAC, proxy: Proxy(), se:cdp: ws://localhost:50497/devtoo..., se:cdpVersion: 110.0.5481.100, setWindowRect: true, strictFileInteractability: false, timeouts: {implicit: 0, pageLoad: 300000, script: 30000}, unhandledPromptBehavior: dismiss and notify, webauthn:extension:credBlob: true, webauthn:extension:largeBlob: true, webauthn:virtualAuthenticators: true}&#10;Element: [[ChromeDriver: chrome on MAC (9e3084ef06dde3de072f33401a931b67)] -&gt; id: modal-profil-murid]&#10;Session ID: 9e3084ef06dde3de072f33401a931b67" type="org.openqa.selenium.ElementClickInterceptedException"><![CDATA[org.openqa.selenium.ElementClickInterceptedException: 
element click intercepted: Element <label id="modal-profil-murid" for="my-modal-5" class="flex gap-1 absolute lg:top-10 top-10 lg:right-40 right-0">...</label> is not clickable at point (949, 280). Other element would receive the click: <h2 class="swal2-title" id="swal2-title" style="display: block;">...</h2>
  (Session info: chrome=110.0.5481.100)
Build info: version: '4.1.2', revision: '9a5a329c5a'
System info: host: 'nsystem-mbp', ip: 'fe80:0:0:0:ce7:beec:a50b:8367%en0', os.name: 'Mac OS X', os.arch: 'x86_64', os.version: '10.16', java.version: '1.8.0_201'
Driver info: org.openqa.selenium.chrome.ChromeDriver
Command: [9e3084ef06dde3de072f33401a931b67, clickElement {id=c15bc19a-d17b-45a8-8bbd-de7889222eef}]
Capabilities {acceptInsecureCerts: false, browserName: chrome, browserVersion: 110.0.5481.100, chrome: {chromedriverVersion: 110.0.5481.77 (65ed616c6e8e..., userDataDir: /var/folders/00/xzw63_pj58g...}, goog:chromeOptions: {debuggerAddress: localhost:50497}, javascriptEnabled: true, networkConnectionEnabled: false, pageLoadStrategy: normal, platform: MAC, platformName: MAC, proxy: Proxy(), se:cdp: ws://localhost:50497/devtoo..., se:cdpVersion: 110.0.5481.100, setWindowRect: true, strictFileInteractability: false, timeouts: {implicit: 0, pageLoad: 300000, script: 30000}, unhandledPromptBehavior: dismiss and notify, webauthn:extension:credBlob: true, webauthn:extension:largeBlob: true, webauthn:virtualAuthenticators: true}
Element: [[ChromeDriver: chrome on MAC (9e3084ef06dde3de072f33401a931b67)] -> id: modal-profil-murid]
Session ID: 9e3084ef06dde3de072f33401a931b67
]]></error>
  </testcase>
  <testcase name="Given Student already on Edit Profile page" classname="Scenario: Verify Unggah Foto field is enabled" time="0">
    <skipped/>
    <system-out><![CDATA[
  Background:                                                                        &amp#27;[90m# features/UpdateStudent.feature:4&amp#27;[0m
    &amp#27;[32mGiven &amp#27;[0m&amp#27;[32mUser open the website GuruMu&amp#27;[0m                                               &amp#27;[90m# LoginSteps.userOpenTheWebsiteGuruMu()&amp#27;[0m
    &amp#27;[32mWhen &amp#27;[0m&amp#27;[32mUser click avatar navigation&amp#27;[0m                                                &amp#27;[90m# LoginSteps.userClickAvatarNavigation()&amp#27;[0m
    &amp#27;[32mAnd &amp#27;[0m&amp#27;[32mUser click menu Masuk&amp#27;[0m                                                        &amp#27;[90m# LoginSteps.userClickMenuMasuk()&amp#27;[0m
    &amp#27;[32mAnd &amp#27;[0m&amp#27;[32mUser input "&amp#27;[0m&amp#27;[32m&amp#27;[1mherdiladania11@gmail.com&amp#27;[0m&amp#27;[32m" as email and input "&amp#27;[0m&amp#27;[32m&amp#27;[1mfe123&amp#27;[0m&amp#27;[32m" as password&amp#27;[0m &amp#27;[90m# LoginSteps.inputCredential(String,String)&amp#27;[0m
    &amp#27;[32mAnd &amp#27;[0m&amp#27;[32mUser clicked masuk button&amp#27;[0m                                                    &amp#27;[90m# LoginSteps.userClickMasukButton()&amp#27;[0m
    &amp#27;[32mWhen &amp#27;[0m&amp#27;[32mUser move to Profile Page&amp#27;[0m                                                   &amp#27;[90m# PenilaianUlasanSteps.userMoveToProfilePage()&amp#27;[0m
    &amp#27;[31mAnd &amp#27;[0m&amp#27;[31mUser click edit profile&amp#27;[0m                                                      &amp#27;[90m# UpdateStudentSteps.userClickEditProfile()&amp#27;[0m
      &amp#27;[31morg.openqa.selenium.ElementClickInterceptedException: element click intercepted: Element <label id="modal-profil-murid" for="my-modal-5" class="flex gap-1 absolute lg:top-10 top-10 lg:right-40 right-0">...</label> is not clickable at point (949, 280). Other element would receive the click: <h2 class="swal2-title" id="swal2-title" style="display: block;">...</h2>
        (Session info: chrome=110.0.5481.100)
      Build info: version: '4.1.2', revision: '9a5a329c5a'
      System info: host: 'nsystem-mbp', ip: 'fe80:0:0:0:ce7:beec:a50b:8367%en0', os.name: 'Mac OS X', os.arch: 'x86_64', os.version: '10.16', java.version: '1.8.0_201'
      Driver info: org.openqa.selenium.chrome.ChromeDriver
      Command: [9e3084ef06dde3de072f33401a931b67, clickElement {id=c15bc19a-d17b-45a8-8bbd-de7889222eef}]
      Capabilities {acceptInsecureCerts: false, browserName: chrome, browserVersion: 110.0.5481.100, chrome: {chromedriverVersion: 110.0.5481.77 (65ed616c6e8e..., userDataDir: /var/folders/00/xzw63_pj58g...}, goog:chromeOptions: {debuggerAddress: localhost:50497}, javascriptEnabled: true, networkConnectionEnabled: false, pageLoadStrategy: normal, platform: MAC, platformName: MAC, proxy: Proxy(), se:cdp: ws://localhost:50497/devtoo..., se:cdpVersion: 110.0.5481.100, setWindowRect: true, strictFileInteractability: false, timeouts: {implicit: 0, pageLoad: 300000, script: 30000}, unhandledPromptBehavior: dismiss and notify, webauthn:extension:credBlob: true, webauthn:extension:largeBlob: true, webauthn:virtualAuthenticators: true}
      Element: [[ChromeDriver: chrome on MAC (9e3084ef06dde3de072f33401a931b67)] -> id: modal-profil-murid]
      Session ID: 9e3084ef06dde3de072f33401a931b67
      	at sun.reflect.GeneratedConstructorAccessor44.newInstance(Unknown Source)
      	at sun.reflect.DelegatingConstructorAccessorImpl.newInstance(DelegatingConstructorAccessorImpl.java:45)
      	at java.lang.reflect.Constructor.newInstance(Constructor.java:423)
      	at org.openqa.selenium.remote.codec.w3c.W3CHttpResponseCodec.createException(W3CHttpResponseCodec.java:200)
      	at org.openqa.selenium.remote.codec.w3c.W3CHttpResponseCodec.decode(W3CHttpResponseCodec.java:133)
      	at org.openqa.selenium.remote.codec.w3c.W3CHttpResponseCodec.decode(W3CHttpResponseCodec.java:53)
      	at org.openqa.selenium.remote.HttpCommandExecutor.execute(HttpCommandExecutor.java:184)
      	at org.openqa.selenium.remote.service.DriverCommandExecutor.invokeExecute(DriverCommandExecutor.java:167)
      	at org.openqa.selenium.remote.service.DriverCommandExecutor.execute(DriverCommandExecutor.java:142)
      	at org.openqa.selenium.remote.RemoteWebDriver.execute(RemoteWebDriver.java:558)
      	at org.openqa.selenium.remote.RemoteWebElement.execute(RemoteWebElement.java:251)
      	at org.openqa.selenium.remote.RemoteWebElement.click(RemoteWebElement.java:77)
      	at sun.reflect.GeneratedMethodAccessor10.invoke(Unknown Source)
      	at sun.reflect.DelegatingMethodAccessorImpl.invoke(DelegatingMethodAccessorImpl.java:43)
      	at java.lang.reflect.Method.invoke(Method.java:498)
      	at org.openqa.selenium.support.pagefactory.internal.LocatingElementHandler.invoke(LocatingElementHandler.java:52)
      	at com.sun.proxy.$Proxy21.click(Unknown Source)
      	at org.example.pageObject.UpdateStudentPage.openEditProfileModal(UpdateStudentPage.java:105)
      	at step_definitions.UpdateStudentSteps.userClickEditProfile(UpdateStudentSteps.java:355)
      	at ✽.And User click edit profile(features/UpdateStudent.feature:11)
      &amp#27;[0m
]]></system-out>
  </testcase>
  <testcase name="When Student click Unggah Foto field" classname="Scenario: Verify Unggah Foto field is enabled" time="0">
    <skipped/>
  </testcase>
  <testcase name="Then Unggah Foto field is enabled" classname="Scenario: Verify Unggah Foto field is enabled" time="0">
    <skipped/>
  </testcase>
  <testcase name="Given User open the website GuruMu" classname="| uyuy.png |" time="0">
    <system-out><![CDATA[
  Scenario: Verify Unggah Foto field is enabled &amp#27;[90m# features/UpdateStudent.feature:209&amp#27;[0m
    &amp#27;[36mGiven &amp#27;[0m&amp#27;[36mStudent already on Edit Profile page&amp#27;[0m  &amp#27;[90m# UpdateStudentSteps.studentAlreadyonEditProfilePage()&amp#27;[0m
    &amp#27;[36mWhen &amp#27;[0m&amp#27;[36mStudent click Unggah Foto field&amp#27;[0m        &amp#27;[90m# UpdateStudentSteps.studentClickUnggahFotoField()&amp#27;[0m
    &amp#27;[36mThen &amp#27;[0m&amp#27;[36mUnggah Foto field is enabled&amp#27;[0m           &amp#27;[90m# UpdateStudentSteps.unggahFotoFieldIsEnabled()&amp#27;[0m

  Scenario Outline: Verify Unggah Foto with 400 x 400 pixels                &amp#27;[90m# features/UpdateStudent.feature:214&amp#27;[0m
    &amp#27;[36mGiven &amp#27;[0m&amp#27;[36mStudent already on Edit Profile page&amp#27;[0m
    &amp#27;[36mWhen &amp#27;[0m&amp#27;[36mStudent click Unggah Foto field&amp#27;[0m
    &amp#27;[36mThen &amp#27;[0m&amp#27;[36mStudent Upload "<foto>" with 400 x 400 pixels in Unggah Foto field&amp#27;[0m

    Examples: 
]]></system-out>
    <system-err><![CDATA[Starting ChromeDriver 110.0.5481.77 (65ed616c6e8ee3fe0ad64fe83796c020644d42af-refs/branch-heads/5481@{#839}) on port 51974
Only local connections are allowed.
Please see https://chromedriver.chromium.org/security-considerations for suggestions on keeping ChromeDriver safe.
ChromeDriver was started successfully.
[1676553943.454][WARNING]: virtual void DevToolsClientImpl::AddListener(DevToolsEventListener *) subscribing a listener to the already connected DevToolsClient. Connection notification will not arrive.
Feb 16, 2023 8:25:43 PM org.openqa.selenium.remote.ProtocolHandshake createSession
INFO: Detected dialect: W3C
Feb 16, 2023 8:25:43 PM org.openqa.selenium.devtools.CdpVersionFinder findNearestMatch
WARNING: Unable to find an exact match for CDP version 110, so returning the closest version found: a no-op implementation
Feb 16, 2023 8:25:43 PM org.openqa.selenium.devtools.CdpVersionFinder findNearestMatch
INFO: Unable to find CDP implementation matching 110.
Feb 16, 2023 8:25:43 PM org.openqa.selenium.chromium.ChromiumDriver lambda$new$3
WARNING: Unable to find version of CDP to use for . You may need to include a dependency on a specific version of the CDP using something similar to `org.seleniumhq.selenium:selenium-devtools-v86:4.1.2` where the version ("v86") matches the version of the chromium-based browser you're using and the version number of the artifact is the same as Selenium's.
]]></system-err>
  </testcase>
  <testcase name="Given User open the website GuruMu" classname="| uyuy.png |" time="0">
    <system-out><![CDATA[
  @TestUpdateStudent @Test
  Scenario Outline: Verify Unggah Foto with 400 x 400 pixels                  &amp#27;[90m# features/UpdateStudent.feature:220&amp#27;[0m
    &amp#27;[36mGiven &amp#27;[0m&amp#27;[36mStudent already on Edit Profile page&amp#27;[0m                                &amp#27;[90m# UpdateStudentSteps.studentAlreadyonEditProfilePage()&amp#27;[0m
    &amp#27;[36mWhen &amp#27;[0m&amp#27;[36mStudent click Unggah Foto field&amp#27;[0m                                      &amp#27;[90m# UpdateStudentSteps.studentClickUnggahFotoField()&amp#27;[0m
    &amp#27;[36mThen &amp#27;[0m&amp#27;[36mStudent Upload "&amp#27;[0m&amp#27;[36m&amp#27;[1muyuy.png&amp#27;[0m&amp#27;[36m" with &amp#27;[0m&amp#27;[36m&amp#27;[1m400&amp#27;[0m&amp#27;[36m x &amp#27;[0m&amp#27;[36m&amp#27;[1m400&amp#27;[0m&amp#27;[36m pixels in Unggah Foto field&amp#27;[0m &amp#27;[90m# UpdateStudentSteps.studentUploadWithXPixelsInUnggahFotoField(String,int,int)&amp#27;[0m

  Scenario Outline: Verify Unggah Foto with under 400 x 400 pixels                &amp#27;[90m# features/UpdateStudent.feature:222&amp#27;[0m
    &amp#27;[36mGiven &amp#27;[0m&amp#27;[36mStudent already on Edit Profile page&amp#27;[0m
    &amp#27;[36mWhen &amp#27;[0m&amp#27;[36mStudent click Unggah Foto field&amp#27;[0m
    &amp#27;[36mThen &amp#27;[0m&amp#27;[36mStudent Upload "<foto>" with under 400 x 400 pixels in Unggah Foto field&amp#27;[0m

    Examples: 
]]></system-out>
    <system-err><![CDATA[Starting ChromeDriver 110.0.5481.77 (65ed616c6e8ee3fe0ad64fe83796c020644d42af-refs/branch-heads/5481@{#839}) on port 51961
Only local connections are allowed.
Please see https://chromedriver.chromium.org/security-considerations for suggestions on keeping ChromeDriver safe.
ChromeDriver was started successfully.
[1676553976.172][WARNING]: virtual void DevToolsClientImpl::AddListener(DevToolsEventListener *) subscribing a listener to the already connected DevToolsClient. Connection notification will not arrive.
Feb 16, 2023 8:26:16 PM org.openqa.selenium.remote.ProtocolHandshake createSession
INFO: Detected dialect: W3C
Feb 16, 2023 8:26:16 PM org.openqa.selenium.devtools.CdpVersionFinder findNearestMatch
WARNING: Unable to find an exact match for CDP version 110, so returning the closest version found: a no-op implementation
Feb 16, 2023 8:26:16 PM org.openqa.selenium.devtools.CdpVersionFinder findNearestMatch
INFO: Unable to find CDP implementation matching 110.
Feb 16, 2023 8:26:16 PM org.openqa.selenium.chromium.ChromiumDriver lambda$new$3
WARNING: Unable to find version of CDP to use for . You may need to include a dependency on a specific version of the CDP using something similar to `org.seleniumhq.selenium:selenium-devtools-v86:4.1.2` where the version ("v86") matches the version of the chromium-based browser you're using and the version number of the artifact is the same as Selenium's.
]]></system-err>
  </testcase>
  <testcase name="Given User open the website GuruMu" classname="| uyuy.png |" time="0">
    <system-out><![CDATA[
  @TestUpdateStudent @Test
  Scenario Outline: Verify Unggah Foto with under 400 x 400 pixels                  &amp#27;[90m# features/UpdateStudent.feature:228&amp#27;[0m
    &amp#27;[36mGiven &amp#27;[0m&amp#27;[36mStudent already on Edit Profile page&amp#27;[0m                                      &amp#27;[90m# UpdateStudentSteps.studentAlreadyonEditProfilePage()&amp#27;[0m
    &amp#27;[36mWhen &amp#27;[0m&amp#27;[36mStudent click Unggah Foto field&amp#27;[0m                                            &amp#27;[90m# UpdateStudentSteps.studentClickUnggahFotoField()&amp#27;[0m
    &amp#27;[36mThen &amp#27;[0m&amp#27;[36mStudent Upload "&amp#27;[0m&amp#27;[36m&amp#27;[1muyuy.png&amp#27;[0m&amp#27;[36m" with under &amp#27;[0m&amp#27;[36m&amp#27;[1m400&amp#27;[0m&amp#27;[36m x &amp#27;[0m&amp#27;[36m&amp#27;[1m400&amp#27;[0m&amp#27;[36m pixels in Unggah Foto field&amp#27;[0m &amp#27;[90m# UpdateStudentSteps.studentUploadWithUnderXPixelsInUnggahFotoField(String,int,int)&amp#27;[0m

  Scenario Outline: Verify Unggah Foto with over 400 x 400 pixels                &amp#27;[90m# features/UpdateStudent.feature:230&amp#27;[0m
    &amp#27;[36mGiven &amp#27;[0m&amp#27;[36mStudent already on Edit Profile page&amp#27;[0m
    &amp#27;[36mWhen &amp#27;[0m&amp#27;[36mStudent click Unggah Foto field&amp#27;[0m
    &amp#27;[36mThen &amp#27;[0m&amp#27;[36mStudent Upload "<foto>" with over 400 x 400 pixels in Unggah Foto field&amp#27;[0m

    Examples: 
]]></system-out>
    <system-err><![CDATA[Starting ChromeDriver 110.0.5481.77 (65ed616c6e8ee3fe0ad64fe83796c020644d42af-refs/branch-heads/5481@{#839}) on port 64674
Only local connections are allowed.
Please see https://chromedriver.chromium.org/security-considerations for suggestions on keeping ChromeDriver safe.
ChromeDriver was started successfully.
[1676554009.518][WARNING]: virtual void DevToolsClientImpl::AddListener(DevToolsEventListener *) subscribing a listener to the already connected DevToolsClient. Connection notification will not arrive.
Feb 16, 2023 8:26:49 PM org.openqa.selenium.remote.ProtocolHandshake createSession
INFO: Detected dialect: W3C
Feb 16, 2023 8:26:49 PM org.openqa.selenium.devtools.CdpVersionFinder findNearestMatch
WARNING: Unable to find an exact match for CDP version 110, so returning the closest version found: a no-op implementation
Feb 16, 2023 8:26:49 PM org.openqa.selenium.devtools.CdpVersionFinder findNearestMatch
INFO: Unable to find CDP implementation matching 110.
Feb 16, 2023 8:26:49 PM org.openqa.selenium.chromium.ChromiumDriver lambda$new$3
WARNING: Unable to find version of CDP to use for . You may need to include a dependency on a specific version of the CDP using something similar to `org.seleniumhq.selenium:selenium-devtools-v86:4.1.2` where the version ("v86") matches the version of the chromium-based browser you're using and the version number of the artifact is the same as Selenium's.
]]></system-err>
  </testcase>
  <testcase name="Given User open the website GuruMu" classname="| uyuy.png |" time="0">
    <system-out><![CDATA[
  Scenario: Verify 'Unggah Ijazah' field is enabled &amp#27;[90m# features/UpdateTeacher.feature:92&amp#27;[0m
    &amp#27;[36mGiven &amp#27;[0m&amp#27;[36mTeacher already on Edit Profile page&amp#27;[0m      &amp#27;[90m# UpdateTeacherSteps.teacherAlreadyOnEditProfilePage()&amp#27;[0m
    &amp#27;[36mWhen &amp#27;[0m&amp#27;[36mTeacher click 'Unggah Ijazah' field&amp#27;[0m        &amp#27;[90m# UpdateTeacherSteps.teacherClickUnggahIjazahField()&amp#27;[0m
    &amp#27;[36mThen &amp#27;[0m&amp#27;[36m'Unggah Ijazah' field is enabled&amp#27;[0m           &amp#27;[90m# UpdateTeacherSteps.unggahIjazahFieldIsEnabled()&amp#27;[0m

  Scenario Outline: Verify 'Unggah Ijazah' with 400 x 400 pixels                &amp#27;[90m# features/UpdateTeacher.feature:97&amp#27;[0m
    &amp#27;[36mGiven &amp#27;[0m&amp#27;[36mTeacher already on Edit Profile page&amp#27;[0m
    &amp#27;[36mWhen &amp#27;[0m&amp#27;[36mTeacher click 'Unggah Ijazah' field&amp#27;[0m
    &amp#27;[36mThen &amp#27;[0m&amp#27;[36mTeacher Upload "<foto>" with 400 x 400 pixels in 'Unggah Ijazah' field&amp#27;[0m

    Examples: 
]]></system-out>
    <system-err><![CDATA[Starting ChromeDriver 110.0.5481.77 (65ed616c6e8ee3fe0ad64fe83796c020644d42af-refs/branch-heads/5481@{#839}) on port 49927
Only local connections are allowed.
Please see https://chromedriver.chromium.org/security-considerations for suggestions on keeping ChromeDriver safe.
ChromeDriver was started successfully.
[1676554615.247][WARNING]: virtual void DevToolsClientImpl::AddListener(DevToolsEventListener *) subscribing a listener to the already connected DevToolsClient. Connection notification will not arrive.
Feb 16, 2023 8:36:55 PM org.openqa.selenium.remote.ProtocolHandshake createSession
INFO: Detected dialect: W3C
Feb 16, 2023 8:36:55 PM org.openqa.selenium.devtools.CdpVersionFinder findNearestMatch
WARNING: Unable to find an exact match for CDP version 110, so returning the closest version found: a no-op implementation
Feb 16, 2023 8:36:55 PM org.openqa.selenium.devtools.CdpVersionFinder findNearestMatch
INFO: Unable to find CDP implementation matching 110.
Feb 16, 2023 8:36:55 PM org.openqa.selenium.chromium.ChromiumDriver lambda$new$3
WARNING: Unable to find version of CDP to use for . You may need to include a dependency on a specific version of the CDP using something similar to `org.seleniumhq.selenium:selenium-devtools-v86:4.1.2` where the version ("v86") matches the version of the chromium-based browser you're using and the version number of the artifact is the same as Selenium's.
]]></system-err>
  </testcase>
  <testcase name="Given User open the website GuruMu" classname="| uyuy.png |" time="0">
    <system-out><![CDATA[
  @TestUpdateTeacher @Test
  Scenario Outline: Verify 'Unggah Ijazah' with 400 x 400 pixels                  &amp#27;[90m# features/UpdateTeacher.feature:103&amp#27;[0m
    &amp#27;[36mGiven &amp#27;[0m&amp#27;[36mTeacher already on Edit Profile page&amp#27;[0m                                    &amp#27;[90m# UpdateTeacherSteps.teacherAlreadyOnEditProfilePage()&amp#27;[0m
    &amp#27;[36mWhen &amp#27;[0m&amp#27;[36mTeacher click 'Unggah Ijazah' field&amp#27;[0m                                      &amp#27;[90m# UpdateTeacherSteps.teacherClickUnggahIjazahField()&amp#27;[0m
    &amp#27;[36mThen &amp#27;[0m&amp#27;[36mTeacher Upload "&amp#27;[0m&amp#27;[36m&amp#27;[1muyuy.png&amp#27;[0m&amp#27;[36m" with &amp#27;[0m&amp#27;[36m&amp#27;[1m400&amp#27;[0m&amp#27;[36m x &amp#27;[0m&amp#27;[36m&amp#27;[1m400&amp#27;[0m&amp#27;[36m pixels in 'Unggah Ijazah' field&amp#27;[0m &amp#27;[90m# UpdateTeacherSteps.teacherUploadWithXPixelsInUnggahIjazahField(String,int,int)&amp#27;[0m

  Scenario Outline: Verify 'Unggah Ijazah' with under 400 x 400 pixels                &amp#27;[90m# features/UpdateTeacher.feature:105&amp#27;[0m
    &amp#27;[36mGiven &amp#27;[0m&amp#27;[36mTeacher already on Edit Profile page&amp#27;[0m
    &amp#27;[36mWhen &amp#27;[0m&amp#27;[36mTeacher click 'Unggah Ijazah' field&amp#27;[0m
    &amp#27;[36mThen &amp#27;[0m&amp#27;[36mTeacher Upload "<foto>" with under 400 x 400 pixels in 'Unggah Ijazah' field&amp#27;[0m

    Examples: 
]]></system-out>
    <system-err><![CDATA[Starting ChromeDriver 110.0.5481.77 (65ed616c6e8ee3fe0ad64fe83796c020644d42af-refs/branch-heads/5481@{#839}) on port 53244
Only local connections are allowed.
Please see https://chromedriver.chromium.org/security-considerations for suggestions on keeping ChromeDriver safe.
ChromeDriver was started successfully.
[1676554639.179][WARNING]: virtual void DevToolsClientImpl::AddListener(DevToolsEventListener *) subscribing a listener to the already connected DevToolsClient. Connection notification will not arrive.
Feb 16, 2023 8:37:19 PM org.openqa.selenium.remote.ProtocolHandshake createSession
INFO: Detected dialect: W3C
Feb 16, 2023 8:37:19 PM org.openqa.selenium.devtools.CdpVersionFinder findNearestMatch
WARNING: Unable to find an exact match for CDP version 110, so returning the closest version found: a no-op implementation
Feb 16, 2023 8:37:19 PM org.openqa.selenium.devtools.CdpVersionFinder findNearestMatch
INFO: Unable to find CDP implementation matching 110.
Feb 16, 2023 8:37:19 PM org.openqa.selenium.chromium.ChromiumDriver lambda$new$3
WARNING: Unable to find version of CDP to use for . You may need to include a dependency on a specific version of the CDP using something similar to `org.seleniumhq.selenium:selenium-devtools-v86:4.1.2` where the version ("v86") matches the version of the chromium-based browser you're using and the version number of the artifact is the same as Selenium's.
]]></system-err>
  </testcase>
  <testcase name="Given User open the website GuruMu" classname="| uyuy.png |" time="0">
    <system-out><![CDATA[
  @TestUpdateTeacher @Test
  Scenario Outline: Verify 'Unggah Ijazah' with under 400 x 400 pixels                  &amp#27;[90m# features/UpdateTeacher.feature:111&amp#27;[0m
    &amp#27;[36mGiven &amp#27;[0m&amp#27;[36mTeacher already on Edit Profile page&amp#27;[0m                                          &amp#27;[90m# UpdateTeacherSteps.teacherAlreadyOnEditProfilePage()&amp#27;[0m
    &amp#27;[36mWhen &amp#27;[0m&amp#27;[36mTeacher click 'Unggah Ijazah' field&amp#27;[0m                                            &amp#27;[90m# UpdateTeacherSteps.teacherClickUnggahIjazahField()&amp#27;[0m
    &amp#27;[36mThen &amp#27;[0m&amp#27;[36mTeacher Upload "&amp#27;[0m&amp#27;[36m&amp#27;[1muyuy.png&amp#27;[0m&amp#27;[36m" with under &amp#27;[0m&amp#27;[36m&amp#27;[1m400&amp#27;[0m&amp#27;[36m x &amp#27;[0m&amp#27;[36m&amp#27;[1m400&amp#27;[0m&amp#27;[36m pixels in 'Unggah Ijazah' field&amp#27;[0m &amp#27;[90m# UpdateTeacherSteps.teacherUploadWithUnderXPixelsInUnggahIjazahField(String,int,int)&amp#27;[0m

  Scenario Outline: Verify 'Unggah Ijazah' with over 400 x 400 pixels                &amp#27;[90m# features/UpdateTeacher.feature:113&amp#27;[0m
    &amp#27;[36mGiven &amp#27;[0m&amp#27;[36mTeacher already on Edit Profile page&amp#27;[0m
    &amp#27;[36mWhen &amp#27;[0m&amp#27;[36mTeacher click 'Unggah Ijazah' field&amp#27;[0m
    &amp#27;[36mThen &amp#27;[0m&amp#27;[36mTeacher Upload "<foto>" with over 400 x 400 pixels in 'Unggah Ijazah' field&amp#27;[0m

    Examples: 
]]></system-out>
    <system-err><![CDATA[Starting ChromeDriver 110.0.5481.77 (65ed616c6e8ee3fe0ad64fe83796c020644d42af-refs/branch-heads/5481@{#839}) on port 49947
Only local connections are allowed.
Please see https://chromedriver.chromium.org/security-considerations for suggestions on keeping ChromeDriver safe.
ChromeDriver was started successfully.
[1676554677.746][WARNING]: virtual void DevToolsClientImpl::AddListener(DevToolsEventListener *) subscribing a listener to the already connected DevToolsClient. Connection notification will not arrive.
Feb 16, 2023 8:37:58 PM org.openqa.selenium.remote.ProtocolHandshake createSession
INFO: Detected dialect: W3C
Feb 16, 2023 8:37:58 PM org.openqa.selenium.devtools.CdpVersionFinder findNearestMatch
WARNING: Unable to find an exact match for CDP version 110, so returning the closest version found: a no-op implementation
Feb 16, 2023 8:37:58 PM org.openqa.selenium.devtools.CdpVersionFinder findNearestMatch
INFO: Unable to find CDP implementation matching 110.
Feb 16, 2023 8:37:58 PM org.openqa.selenium.chromium.ChromiumDriver lambda$new$3
WARNING: Unable to find version of CDP to use for . You may need to include a dependency on a specific version of the CDP using something similar to `org.seleniumhq.selenium:selenium-devtools-v86:4.1.2` where the version ("v86") matches the version of the chromium-based browser you're using and the version number of the artifact is the same as Selenium's.
]]></system-err>
  </testcase>
  <testcase name="Given User open the website GuruMu" classname="| uyuy.png |" time="0.001">
    <system-out><![CDATA[
  Scenario: Verify 'Unggah Ijazah' field is enabled &amp#27;[90m# features/UpdateTeacher.feature:121&amp#27;[0m
    &amp#27;[36mGiven &amp#27;[0m&amp#27;[36mTeacher already on Edit Profile page&amp#27;[0m      &amp#27;[90m# UpdateTeacherSteps.teacherAlreadyOnEditProfilePage()&amp#27;[0m
    &amp#27;[36mWhen &amp#27;[0m&amp#27;[36mTeacher click 'Unggah Ijazah' field&amp#27;[0m        &amp#27;[90m# UpdateTeacherSteps.teacherClickUnggahIjazahField()&amp#27;[0m
    &amp#27;[36mThen &amp#27;[0m&amp#27;[36m'Unggah Ijazah' field is enabled&amp#27;[0m           &amp#27;[90m# UpdateTeacherSteps.unggahIjazahFieldIsEnabled()&amp#27;[0m

  Scenario Outline: Verify 'Unggah Foto' with 400 x 400 pixels                &amp#27;[90m# features/UpdateTeacher.feature:126&amp#27;[0m
    &amp#27;[36mGiven &amp#27;[0m&amp#27;[36mTeacher already on Edit Profile page&amp#27;[0m
    &amp#27;[36mWhen &amp#27;[0m&amp#27;[36mTeacher click 'Unggah Foto' field&amp#27;[0m
    &amp#27;[36mThen &amp#27;[0m&amp#27;[36mTeacher Upload "<foto>" with 400 x 400 pixels in 'Unggah Foto' field&amp#27;[0m

    Examples: 
]]></system-out>
    <system-err><![CDATA[Starting ChromeDriver 110.0.5481.77 (65ed616c6e8ee3fe0ad64fe83796c020644d42af-refs/branch-heads/5481@{#839}) on port 52215
Only local connections are allowed.
Please see https://chromedriver.chromium.org/security-considerations for suggestions on keeping ChromeDriver safe.
ChromeDriver was started successfully.
[1676554738.155][WARNING]: virtual void DevToolsClientImpl::AddListener(DevToolsEventListener *) subscribing a listener to the already connected DevToolsClient. Connection notification will not arrive.
Feb 16, 2023 8:38:58 PM org.openqa.selenium.remote.ProtocolHandshake createSession
INFO: Detected dialect: W3C
Feb 16, 2023 8:38:58 PM org.openqa.selenium.devtools.CdpVersionFinder findNearestMatch
WARNING: Unable to find an exact match for CDP version 110, so returning the closest version found: a no-op implementation
Feb 16, 2023 8:38:58 PM org.openqa.selenium.devtools.CdpVersionFinder findNearestMatch
INFO: Unable to find CDP implementation matching 110.
Feb 16, 2023 8:38:58 PM org.openqa.selenium.chromium.ChromiumDriver lambda$new$3
WARNING: Unable to find version of CDP to use for . You may need to include a dependency on a specific version of the CDP using something similar to `org.seleniumhq.selenium:selenium-devtools-v86:4.1.2` where the version ("v86") matches the version of the chromium-based browser you're using and the version number of the artifact is the same as Selenium's.
]]></system-err>
  </testcase>
  <testcase name="Given User open the website GuruMu" classname="| uyuy.png |" time="0">
    <system-out><![CDATA[
  @TestUpdateTeacher @Test
  Scenario Outline: Verify 'Unggah Foto' with 400 x 400 pixels                  &amp#27;[90m# features/UpdateTeacher.feature:132&amp#27;[0m
    &amp#27;[36mGiven &amp#27;[0m&amp#27;[36mTeacher already on Edit Profile page&amp#27;[0m                                  &amp#27;[90m# UpdateTeacherSteps.teacherAlreadyOnEditProfilePage()&amp#27;[0m
    &amp#27;[36mWhen &amp#27;[0m&amp#27;[36mTeacher click 'Unggah Foto' field&amp#27;[0m                                      &amp#27;[90m# UpdateTeacherSteps.teacherClickUnggahFotoField()&amp#27;[0m
    &amp#27;[36mThen &amp#27;[0m&amp#27;[36mTeacher Upload "&amp#27;[0m&amp#27;[36m&amp#27;[1muyuy.png&amp#27;[0m&amp#27;[36m" with &amp#27;[0m&amp#27;[36m&amp#27;[1m400&amp#27;[0m&amp#27;[36m x &amp#27;[0m&amp#27;[36m&amp#27;[1m400&amp#27;[0m&amp#27;[36m pixels in 'Unggah Foto' field&amp#27;[0m &amp#27;[90m# UpdateTeacherSteps.teacherUploadWithXPixelsInUnggahFotoField(String,int,int)&amp#27;[0m

  Scenario Outline: Verify 'Unggah Foto' with under 400 x 400 pixels                &amp#27;[90m# features/UpdateTeacher.feature:134&amp#27;[0m
    &amp#27;[36mGiven &amp#27;[0m&amp#27;[36mTeacher already on Edit Profile page&amp#27;[0m
    &amp#27;[36mWhen &amp#27;[0m&amp#27;[36mTeacher click 'Unggah Foto' field&amp#27;[0m
    &amp#27;[36mThen &amp#27;[0m&amp#27;[36mTeacher Upload "<foto>" with under 400 x 400 pixels in 'Unggah Foto' field&amp#27;[0m

    Examples: 
]]></system-out>
    <system-err><![CDATA[Starting ChromeDriver 110.0.5481.77 (65ed616c6e8ee3fe0ad64fe83796c020644d42af-refs/branch-heads/5481@{#839}) on port 62745
Only local connections are allowed.
Please see https://chromedriver.chromium.org/security-considerations for suggestions on keeping ChromeDriver safe.
ChromeDriver was started successfully.
[1676554760.371][WARNING]: virtual void DevToolsClientImpl::AddListener(DevToolsEventListener *) subscribing a listener to the already connected DevToolsClient. Connection notification will not arrive.
Feb 16, 2023 8:39:20 PM org.openqa.selenium.remote.ProtocolHandshake createSession
INFO: Detected dialect: W3C
Feb 16, 2023 8:39:20 PM org.openqa.selenium.devtools.CdpVersionFinder findNearestMatch
WARNING: Unable to find an exact match for CDP version 110, so returning the closest version found: a no-op implementation
Feb 16, 2023 8:39:20 PM org.openqa.selenium.devtools.CdpVersionFinder findNearestMatch
INFO: Unable to find CDP implementation matching 110.
Feb 16, 2023 8:39:20 PM org.openqa.selenium.chromium.ChromiumDriver lambda$new$3
WARNING: Unable to find version of CDP to use for . You may need to include a dependency on a specific version of the CDP using something similar to `org.seleniumhq.selenium:selenium-devtools-v86:4.1.2` where the version ("v86") matches the version of the chromium-based browser you're using and the version number of the artifact is the same as Selenium's.
]]></system-err>
  </testcase>
  <testcase name="Given User open the website GuruMu" classname="| uyuy.png |" time="0">
    <system-out><![CDATA[
  @TestUpdateTeacher @Test
  Scenario Outline: Verify 'Unggah Foto' with under 400 x 400 pixels                  &amp#27;[90m# features/UpdateTeacher.feature:140&amp#27;[0m
    &amp#27;[36mGiven &amp#27;[0m&amp#27;[36mTeacher already on Edit Profile page&amp#27;[0m                                        &amp#27;[90m# UpdateTeacherSteps.teacherAlreadyOnEditProfilePage()&amp#27;[0m
    &amp#27;[36mWhen &amp#27;[0m&amp#27;[36mTeacher click 'Unggah Foto' field&amp#27;[0m                                            &amp#27;[90m# UpdateTeacherSteps.teacherClickUnggahFotoField()&amp#27;[0m
    &amp#27;[36mThen &amp#27;[0m&amp#27;[36mTeacher Upload "&amp#27;[0m&amp#27;[36m&amp#27;[1muyuy.png&amp#27;[0m&amp#27;[36m" with under &amp#27;[0m&amp#27;[36m&amp#27;[1m400&amp#27;[0m&amp#27;[36m x &amp#27;[0m&amp#27;[36m&amp#27;[1m400&amp#27;[0m&amp#27;[36m pixels in 'Unggah Foto' field&amp#27;[0m &amp#27;[90m# UpdateTeacherSteps.teacherUploadWithUnderXPixelsInUnggahFotoField(String,int,int)&amp#27;[0m

  Scenario Outline: Verify 'Unggah Foto' with over 400 x 400 pixels                &amp#27;[90m# features/UpdateTeacher.feature:142&amp#27;[0m
    &amp#27;[36mGiven &amp#27;[0m&amp#27;[36mTeacher already on Edit Profile page&amp#27;[0m
    &amp#27;[36mWhen &amp#27;[0m&amp#27;[36mTeacher click 'Unggah Foto' field&amp#27;[0m
    &amp#27;[36mThen &amp#27;[0m&amp#27;[36mTeacher Upload "<foto>" with over 400 x 400 pixels in 'Unggah Foto' field&amp#27;[0m

    Examples: 
]]></system-out>
    <system-err><![CDATA[Starting ChromeDriver 110.0.5481.77 (65ed616c6e8ee3fe0ad64fe83796c020644d42af-refs/branch-heads/5481@{#839}) on port 56698
Only local connections are allowed.
Please see https://chromedriver.chromium.org/security-considerations for suggestions on keeping ChromeDriver safe.
ChromeDriver was started successfully.
[1676554791.694][WARNING]: virtual void DevToolsClientImpl::AddListener(DevToolsEventListener *) subscribing a listener to the already connected DevToolsClient. Connection notification will not arrive.
Feb 16, 2023 8:39:51 PM org.openqa.selenium.remote.ProtocolHandshake createSession
INFO: Detected dialect: W3C
Feb 16, 2023 8:39:51 PM org.openqa.selenium.devtools.CdpVersionFinder findNearestMatch
WARNING: Unable to find an exact match for CDP version 110, so returning the closest version found: a no-op implementation
Feb 16, 2023 8:39:51 PM org.openqa.selenium.devtools.CdpVersionFinder findNearestMatch
INFO: Unable to find CDP implementation matching 110.
Feb 16, 2023 8:39:51 PM org.openqa.selenium.chromium.ChromiumDriver lambda$new$3
WARNING: Unable to find version of CDP to use for . You may need to include a dependency on a specific version of the CDP using something similar to `org.seleniumhq.selenium:selenium-devtools-v86:4.1.2` where the version ("v86") matches the version of the chromium-based browser you're using and the version number of the artifact is the same as Selenium's.
]]></system-err>
  </testcase>
  <testcase name="When User click avatar navigation" classname="| uyuy.png |" time="0"/>
  <testcase name="When User click avatar navigation" classname="| uyuy.png |" time="0"/>
  <testcase name="When User click avatar navigation" classname="| uyuy.png |" time="0"/>
  <testcase name="When User click avatar navigation" classname="| uyuy.png |" time="0"/>
  <testcase name="When User click avatar navigation" classname="| uyuy.png |" time="0"/>
  <testcase name="When User click avatar navigation" classname="| uyuy.png |" time="0"/>
  <testcase name="When User click avatar navigation" classname="| uyuy.png |" time="0"/>
  <testcase name="When User click avatar navigation" classname="| uyuy.png |" time="0"/>
  <testcase name="When User click avatar navigation" classname="| uyuy.png |" time="0"/>
  <testcase name="And User click menu Masuk" classname="| uyuy.png |" time="0"/>
  <testcase name="And User click menu Masuk" classname="| uyuy.png |" time="0"/>
  <testcase name="And User click menu Masuk" classname="| uyuy.png |" time="0"/>
  <testcase name="And User click menu Masuk" classname="| uyuy.png |" time="0"/>
  <testcase name="And User click menu Masuk" classname="| uyuy.png |" time="0"/>
  <testcase name="And User click menu Masuk" classname="| uyuy.png |" time="0"/>
  <testcase name="And User click menu Masuk" classname="| uyuy.png |" time="0"/>
  <testcase name="And User click menu Masuk" classname="| uyuy.png |" time="0"/>
  <testcase name="And User click menu Masuk" classname="| uyuy.png |" time="0"/>
  <testcase name="And User input &quot;herdiladania11@gmail.com&quot; as email and input &quot;fe123&quot; as password" classname="| uyuy.png |" time="0"/>
  <testcase name="And User input &quot;herdiladania11@gmail.com&quot; as email and input &quot;fe123&quot; as password" classname="| uyuy.png |" time="0"/>
  <testcase name="And User input &quot;herdiladania11@gmail.com&quot; as email and input &quot;fe123&quot; as password" classname="| uyuy.png |" time="0"/>
  <testcase name="And User clicked masuk button" classname="| uyuy.png |" time="0"/>
  <testcase name="And User clicked masuk button" classname="| uyuy.png |" time="0"/>
  <testcase name="And User clicked masuk button" classname="| uyuy.png |" time="0"/>
  <testcase name="And User clicked masuk button" classname="| uyuy.png |" time="0"/>
  <testcase name="And User clicked masuk button" classname="| uyuy.png |" time="0"/>
  <testcase name="And User clicked masuk button" classname="| uyuy.png |" time="0"/>
  <testcase name="And User clicked masuk button" classname="| uyuy.png |" time="0"/>
  <testcase name="And User clicked masuk button" classname="| uyuy.png |" time="0"/>
  <testcase name="And User clicked masuk button" classname="| uyuy.png |" time="0.001"/>
  <testcase name="When User move to Profile Page" classname="| uyuy.png |" time="0.001"/>
  <testcase name="When User move to Profile Page" classname="| uyuy.png |" time="0"/>
  <testcase name="When User move to Profile Page" classname="| uyuy.png |" time="0"/>
  <testcase name="When User move to Profile Page" classname="| uyuy.png |" time="0.001">
    <error message="no such element: Unable to locate element: {&quot;method&quot;:&quot;xpath&quot;,&quot;selector&quot;:&quot;//h2[@class=&apos;swal2-title&apos;]&quot;}&#10;  (Session info: chrome=110.0.5481.100)&#10;For documentation on this error, please visit: https://selenium.dev/exceptions/#no_such_element&#10;Build info: version: &apos;4.1.2&apos;, revision: &apos;9a5a329c5a&apos;&#10;System info: host: &apos;nsystem-mbp&apos;, ip: &apos;fe80:0:0:0:ce7:beec:a50b:8367%en0&apos;, os.name: &apos;Mac OS X&apos;, os.arch: &apos;x86_64&apos;, os.version: &apos;10.16&apos;, java.version: &apos;1.8.0_201&apos;&#10;Driver info: org.openqa.selenium.chrome.ChromeDriver&#10;Command: [e4a1787c5e9d622d462f5c00405f9afd, findElement {using=xpath, value=//h2[@class=&apos;swal2-title&apos;]}]&#10;Capabilities {acceptInsecureCerts: false, browserName: chrome, browserVersion: 110.0.5481.100, chrome: {chromedriverVersion: 110.0.5481.77 (65ed616c6e8e..., userDataDir: /var/folders/00/xzw63_pj58g...}, goog:chromeOptions: {debuggerAddress: localhost:51059}, javascriptEnabled: true, networkConnectionEnabled: false, pageLoadStrategy: normal, platform: MAC, platformName: MAC, proxy: Proxy(), se:cdp: ws://localhost:51059/devtoo..., se:cdpVersion: 110.0.5481.100, setWindowRect: true, strictFileInteractability: false, timeouts: {implicit: 0, pageLoad: 300000, script: 30000}, unhandledPromptBehavior: dismiss and notify, webauthn:extension:credBlob: true, webauthn:extension:largeBlob: true, webauthn:virtualAuthenticators: true}&#10;Session ID: e4a1787c5e9d622d462f5c00405f9afd" type="org.openqa.selenium.NoSuchElementException"><![CDATA[org.openqa.selenium.NoSuchElementException: 
no such element: Unable to locate element: {"method":"xpath","selector":"//h2[@class='swal2-title']"}
  (Session info: chrome=110.0.5481.100)
For documentation on this error, please visit: https://selenium.dev/exceptions/#no_such_element
Build info: version: '4.1.2', revision: '9a5a329c5a'
System info: host: 'nsystem-mbp', ip: 'fe80:0:0:0:ce7:beec:a50b:8367%en0', os.name: 'Mac OS X', os.arch: 'x86_64', os.version: '10.16', java.version: '1.8.0_201'
Driver info: org.openqa.selenium.chrome.ChromeDriver
Command: [e4a1787c5e9d622d462f5c00405f9afd, findElement {using=xpath, value=//h2[@class='swal2-title']}]
Capabilities {acceptInsecureCerts: false, browserName: chrome, browserVersion: 110.0.5481.100, chrome: {chromedriverVersion: 110.0.5481.77 (65ed616c6e8e..., userDataDir: /var/folders/00/xzw63_pj58g...}, goog:chromeOptions: {debuggerAddress: localhost:51059}, javascriptEnabled: true, networkConnectionEnabled: false, pageLoadStrategy: normal, platform: MAC, platformName: MAC, proxy: Proxy(), se:cdp: ws://localhost:51059/devtoo..., se:cdpVersion: 110.0.5481.100, setWindowRect: true, strictFileInteractability: false, timeouts: {implicit: 0, pageLoad: 300000, script: 30000}, unhandledPromptBehavior: dismiss and notify, webauthn:extension:credBlob: true, webauthn:extension:largeBlob: true, webauthn:virtualAuthenticators: true}
Session ID: e4a1787c5e9d622d462f5c00405f9afd
]]></error>
  </testcase>
  <testcase name="When User move to Profile Page" classname="| uyuy.png |" time="0"/>
  <testcase name="When User move to Profile Page" classname="| uyuy.png |" time="0.004">
    <error message="no such element: Unable to locate element: {&quot;method&quot;:&quot;xpath&quot;,&quot;selector&quot;:&quot;//h2[@class=&apos;swal2-title&apos;]&quot;}&#10;  (Session info: chrome=110.0.5481.100)&#10;For documentation on this error, please visit: https://selenium.dev/exceptions/#no_such_element&#10;Build info: version: &apos;4.1.2&apos;, revision: &apos;9a5a329c5a&apos;&#10;System info: host: &apos;nsystem-mbp&apos;, ip: &apos;fe80:0:0:0:ce7:beec:a50b:8367%en0&apos;, os.name: &apos;Mac OS X&apos;, os.arch: &apos;x86_64&apos;, os.version: &apos;10.16&apos;, java.version: &apos;1.8.0_201&apos;&#10;Driver info: org.openqa.selenium.chrome.ChromeDriver&#10;Command: [7a778e03581e2207719216a683a85fd4, findElement {using=xpath, value=//h2[@class=&apos;swal2-title&apos;]}]&#10;Capabilities {acceptInsecureCerts: false, browserName: chrome, browserVersion: 110.0.5481.100, chrome: {chromedriverVersion: 110.0.5481.77 (65ed616c6e8e..., userDataDir: /var/folders/00/xzw63_pj58g...}, goog:chromeOptions: {debuggerAddress: localhost:51106}, javascriptEnabled: true, networkConnectionEnabled: false, pageLoadStrategy: normal, platform: MAC, platformName: MAC, proxy: Proxy(), se:cdp: ws://localhost:51106/devtoo..., se:cdpVersion: 110.0.5481.100, setWindowRect: true, strictFileInteractability: false, timeouts: {implicit: 0, pageLoad: 300000, script: 30000}, unhandledPromptBehavior: dismiss and notify, webauthn:extension:credBlob: true, webauthn:extension:largeBlob: true, webauthn:virtualAuthenticators: true}&#10;Session ID: 7a778e03581e2207719216a683a85fd4" type="org.openqa.selenium.NoSuchElementException"><![CDATA[org.openqa.selenium.NoSuchElementException: 
no such element: Unable to locate element: {"method":"xpath","selector":"//h2[@class='swal2-title']"}
  (Session info: chrome=110.0.5481.100)
For documentation on this error, please visit: https://selenium.dev/exceptions/#no_such_element
Build info: version: '4.1.2', revision: '9a5a329c5a'
System info: host: 'nsystem-mbp', ip: 'fe80:0:0:0:ce7:beec:a50b:8367%en0', os.name: 'Mac OS X', os.arch: 'x86_64', os.version: '10.16', java.version: '1.8.0_201'
Driver info: org.openqa.selenium.chrome.ChromeDriver
Command: [7a778e03581e2207719216a683a85fd4, findElement {using=xpath, value=//h2[@class='swal2-title']}]
Capabilities {acceptInsecureCerts: false, browserName: chrome, browserVersion: 110.0.5481.100, chrome: {chromedriverVersion: 110.0.5481.77 (65ed616c6e8e..., userDataDir: /var/folders/00/xzw63_pj58g...}, goog:chromeOptions: {debuggerAddress: localhost:51106}, javascriptEnabled: true, networkConnectionEnabled: false, pageLoadStrategy: normal, platform: MAC, platformName: MAC, proxy: Proxy(), se:cdp: ws://localhost:51106/devtoo..., se:cdpVersion: 110.0.5481.100, setWindowRect: true, strictFileInteractability: false, timeouts: {implicit: 0, pageLoad: 300000, script: 30000}, unhandledPromptBehavior: dismiss and notify, webauthn:extension:credBlob: true, webauthn:extension:largeBlob: true, webauthn:virtualAuthenticators: true}
Session ID: 7a778e03581e2207719216a683a85fd4
]]></error>
  </testcase>
  <testcase name="When User move to Profile Page" classname="| uyuy.png |" time="0.002">
    <error message="no such element: Unable to locate element: {&quot;method&quot;:&quot;xpath&quot;,&quot;selector&quot;:&quot;//h2[@class=&apos;swal2-title&apos;]&quot;}&#10;  (Session info: chrome=110.0.5481.100)&#10;For documentation on this error, please visit: https://selenium.dev/exceptions/#no_such_element&#10;Build info: version: &apos;4.1.2&apos;, revision: &apos;9a5a329c5a&apos;&#10;System info: host: &apos;nsystem-mbp&apos;, ip: &apos;fe80:0:0:0:ce7:beec:a50b:8367%en0&apos;, os.name: &apos;Mac OS X&apos;, os.arch: &apos;x86_64&apos;, os.version: &apos;10.16&apos;, java.version: &apos;1.8.0_201&apos;&#10;Driver info: org.openqa.selenium.chrome.ChromeDriver&#10;Command: [fb35c3a827553ff5acbfba2c35dcfcf7, findElement {using=xpath, value=//h2[@class=&apos;swal2-title&apos;]}]&#10;Capabilities {acceptInsecureCerts: false, browserName: chrome, browserVersion: 110.0.5481.100, chrome: {chromedriverVersion: 110.0.5481.77 (65ed616c6e8e..., userDataDir: /var/folders/00/xzw63_pj58g...}, goog:chromeOptions: {debuggerAddress: localhost:51158}, javascriptEnabled: true, networkConnectionEnabled: false, pageLoadStrategy: normal, platform: MAC, platformName: MAC, proxy: Proxy(), se:cdp: ws://localhost:51158/devtoo..., se:cdpVersion: 110.0.5481.100, setWindowRect: true, strictFileInteractability: false, timeouts: {implicit: 0, pageLoad: 300000, script: 30000}, unhandledPromptBehavior: dismiss and notify, webauthn:extension:credBlob: true, webauthn:extension:largeBlob: true, webauthn:virtualAuthenticators: true}&#10;Session ID: fb35c3a827553ff5acbfba2c35dcfcf7" type="org.openqa.selenium.NoSuchElementException"><![CDATA[org.openqa.selenium.NoSuchElementException: 
no such element: Unable to locate element: {"method":"xpath","selector":"//h2[@class='swal2-title']"}
  (Session info: chrome=110.0.5481.100)
For documentation on this error, please visit: https://selenium.dev/exceptions/#no_such_element
Build info: version: '4.1.2', revision: '9a5a329c5a'
System info: host: 'nsystem-mbp', ip: 'fe80:0:0:0:ce7:beec:a50b:8367%en0', os.name: 'Mac OS X', os.arch: 'x86_64', os.version: '10.16', java.version: '1.8.0_201'
Driver info: org.openqa.selenium.chrome.ChromeDriver
Command: [fb35c3a827553ff5acbfba2c35dcfcf7, findElement {using=xpath, value=//h2[@class='swal2-title']}]
Capabilities {acceptInsecureCerts: false, browserName: chrome, browserVersion: 110.0.5481.100, chrome: {chromedriverVersion: 110.0.5481.77 (65ed616c6e8e..., userDataDir: /var/folders/00/xzw63_pj58g...}, goog:chromeOptions: {debuggerAddress: localhost:51158}, javascriptEnabled: true, networkConnectionEnabled: false, pageLoadStrategy: normal, platform: MAC, platformName: MAC, proxy: Proxy(), se:cdp: ws://localhost:51158/devtoo..., se:cdpVersion: 110.0.5481.100, setWindowRect: true, strictFileInteractability: false, timeouts: {implicit: 0, pageLoad: 300000, script: 30000}, unhandledPromptBehavior: dismiss and notify, webauthn:extension:credBlob: true, webauthn:extension:largeBlob: true, webauthn:virtualAuthenticators: true}
Session ID: fb35c3a827553ff5acbfba2c35dcfcf7
]]></error>
  </testcase>
  <testcase name="When User move to Profile Page" classname="| uyuy.png |" time="0"/>
  <testcase name="When User move to Profile Page" classname="| uyuy.png |" time="0.001"/>
  <testcase name="And User click edit profile" classname="| uyuy.png |" time="0.006">
    <error message="element click intercepted: Element &lt;label id=&quot;modal-profil-murid&quot; for=&quot;my-modal-5&quot; class=&quot;flex gap-1 absolute lg:top-10 top-10 lg:right-40 right-0&quot;&gt;...&lt;/label&gt; is not clickable at point (949, 280). Other element would receive the click: &lt;h2 class=&quot;swal2-title&quot; id=&quot;swal2-title&quot; style=&quot;display: block;&quot;&gt;...&lt;/h2&gt;&#10;  (Session info: chrome=110.0.5481.100)&#10;Build info: version: &apos;4.1.2&apos;, revision: &apos;9a5a329c5a&apos;&#10;System info: host: &apos;nsystem-mbp&apos;, ip: &apos;fe80:0:0:0:ce7:beec:a50b:8367%en0&apos;, os.name: &apos;Mac OS X&apos;, os.arch: &apos;x86_64&apos;, os.version: &apos;10.16&apos;, java.version: &apos;1.8.0_201&apos;&#10;Driver info: org.openqa.selenium.chrome.ChromeDriver&#10;Command: [4de30df567fa478d188a239646df0e8c, clickElement {id=95c1b978-4ae1-4d81-954a-777be5773c91}]&#10;Capabilities {acceptInsecureCerts: false, browserName: chrome, browserVersion: 110.0.5481.100, chrome: {chromedriverVersion: 110.0.5481.77 (65ed616c6e8e..., userDataDir: /var/folders/00/xzw63_pj58g...}, goog:chromeOptions: {debuggerAddress: localhost:50522}, javascriptEnabled: true, networkConnectionEnabled: false, pageLoadStrategy: normal, platform: MAC, platformName: MAC, proxy: Proxy(), se:cdp: ws://localhost:50522/devtoo..., se:cdpVersion: 110.0.5481.100, setWindowRect: true, strictFileInteractability: false, timeouts: {implicit: 0, pageLoad: 300000, script: 30000}, unhandledPromptBehavior: dismiss and notify, webauthn:extension:credBlob: true, webauthn:extension:largeBlob: true, webauthn:virtualAuthenticators: true}&#10;Element: [[ChromeDriver: chrome on MAC (4de30df567fa478d188a239646df0e8c)] -&gt; id: modal-profil-murid]&#10;Session ID: 4de30df567fa478d188a239646df0e8c" type="org.openqa.selenium.ElementClickInterceptedException"><![CDATA[org.openqa.selenium.ElementClickInterceptedException: 
element click intercepted: Element <label id="modal-profil-murid" for="my-modal-5" class="flex gap-1 absolute lg:top-10 top-10 lg:right-40 right-0">...</label> is not clickable at point (949, 280). Other element would receive the click: <h2 class="swal2-title" id="swal2-title" style="display: block;">...</h2>
  (Session info: chrome=110.0.5481.100)
Build info: version: '4.1.2', revision: '9a5a329c5a'
System info: host: 'nsystem-mbp', ip: 'fe80:0:0:0:ce7:beec:a50b:8367%en0', os.name: 'Mac OS X', os.arch: 'x86_64', os.version: '10.16', java.version: '1.8.0_201'
Driver info: org.openqa.selenium.chrome.ChromeDriver
Command: [4de30df567fa478d188a239646df0e8c, clickElement {id=95c1b978-4ae1-4d81-954a-777be5773c91}]
Capabilities {acceptInsecureCerts: false, browserName: chrome, browserVersion: 110.0.5481.100, chrome: {chromedriverVersion: 110.0.5481.77 (65ed616c6e8e..., userDataDir: /var/folders/00/xzw63_pj58g...}, goog:chromeOptions: {debuggerAddress: localhost:50522}, javascriptEnabled: true, networkConnectionEnabled: false, pageLoadStrategy: normal, platform: MAC, platformName: MAC, proxy: Proxy(), se:cdp: ws://localhost:50522/devtoo..., se:cdpVersion: 110.0.5481.100, setWindowRect: true, strictFileInteractability: false, timeouts: {implicit: 0, pageLoad: 300000, script: 30000}, unhandledPromptBehavior: dismiss and notify, webauthn:extension:credBlob: true, webauthn:extension:largeBlob: true, webauthn:virtualAuthenticators: true}
Element: [[ChromeDriver: chrome on MAC (4de30df567fa478d188a239646df0e8c)] -> id: modal-profil-murid]
Session ID: 4de30df567fa478d188a239646df0e8c
]]></error>
  </testcase>
  <testcase name="And User click edit profile" classname="| uyuy.png |" time="0.004">
    <error message="element click intercepted: Element &lt;label id=&quot;modal-profil-murid&quot; for=&quot;my-modal-5&quot; class=&quot;flex gap-1 absolute lg:top-10 top-10 lg:right-40 right-0&quot;&gt;...&lt;/label&gt; is not clickable at point (949, 280). Other element would receive the click: &lt;h2 class=&quot;swal2-title&quot; id=&quot;swal2-title&quot; style=&quot;display: block;&quot;&gt;...&lt;/h2&gt;&#10;  (Session info: chrome=110.0.5481.100)&#10;Build info: version: &apos;4.1.2&apos;, revision: &apos;9a5a329c5a&apos;&#10;System info: host: &apos;nsystem-mbp&apos;, ip: &apos;fe80:0:0:0:ce7:beec:a50b:8367%en0&apos;, os.name: &apos;Mac OS X&apos;, os.arch: &apos;x86_64&apos;, os.version: &apos;10.16&apos;, java.version: &apos;1.8.0_201&apos;&#10;Driver info: org.openqa.selenium.chrome.ChromeDriver&#10;Command: [73347f2ed5f787e171c8337ef2cab259, clickElement {id=ea0123cb-e71d-4085-b58f-0ad2408de05d}]&#10;Capabilities {acceptInsecureCerts: false, browserName: chrome, browserVersion: 110.0.5481.100, chrome: {chromedriverVersion: 110.0.5481.77 (65ed616c6e8e..., userDataDir: /var/folders/00/xzw63_pj58g...}, goog:chromeOptions: {debuggerAddress: localhost:50547}, javascriptEnabled: true, networkConnectionEnabled: false, pageLoadStrategy: normal, platform: MAC, platformName: MAC, proxy: Proxy(), se:cdp: ws://localhost:50547/devtoo..., se:cdpVersion: 110.0.5481.100, setWindowRect: true, strictFileInteractability: false, timeouts: {implicit: 0, pageLoad: 300000, script: 30000}, unhandledPromptBehavior: dismiss and notify, webauthn:extension:credBlob: true, webauthn:extension:largeBlob: true, webauthn:virtualAuthenticators: true}&#10;Element: [[ChromeDriver: chrome on MAC (73347f2ed5f787e171c8337ef2cab259)] -&gt; id: modal-profil-murid]&#10;Session ID: 73347f2ed5f787e171c8337ef2cab259" type="org.openqa.selenium.ElementClickInterceptedException"><![CDATA[org.openqa.selenium.ElementClickInterceptedException: 
element click intercepted: Element <label id="modal-profil-murid" for="my-modal-5" class="flex gap-1 absolute lg:top-10 top-10 lg:right-40 right-0">...</label> is not clickable at point (949, 280). Other element would receive the click: <h2 class="swal2-title" id="swal2-title" style="display: block;">...</h2>
  (Session info: chrome=110.0.5481.100)
Build info: version: '4.1.2', revision: '9a5a329c5a'
System info: host: 'nsystem-mbp', ip: 'fe80:0:0:0:ce7:beec:a50b:8367%en0', os.name: 'Mac OS X', os.arch: 'x86_64', os.version: '10.16', java.version: '1.8.0_201'
Driver info: org.openqa.selenium.chrome.ChromeDriver
Command: [73347f2ed5f787e171c8337ef2cab259, clickElement {id=ea0123cb-e71d-4085-b58f-0ad2408de05d}]
Capabilities {acceptInsecureCerts: false, browserName: chrome, browserVersion: 110.0.5481.100, chrome: {chromedriverVersion: 110.0.5481.77 (65ed616c6e8e..., userDataDir: /var/folders/00/xzw63_pj58g...}, goog:chromeOptions: {debuggerAddress: localhost:50547}, javascriptEnabled: true, networkConnectionEnabled: false, pageLoadStrategy: normal, platform: MAC, platformName: MAC, proxy: Proxy(), se:cdp: ws://localhost:50547/devtoo..., se:cdpVersion: 110.0.5481.100, setWindowRect: true, strictFileInteractability: false, timeouts: {implicit: 0, pageLoad: 300000, script: 30000}, unhandledPromptBehavior: dismiss and notify, webauthn:extension:credBlob: true, webauthn:extension:largeBlob: true, webauthn:virtualAuthenticators: true}
Element: [[ChromeDriver: chrome on MAC (73347f2ed5f787e171c8337ef2cab259)] -> id: modal-profil-murid]
Session ID: 73347f2ed5f787e171c8337ef2cab259
]]></error>
  </testcase>
  <testcase name="And User click edit profile" classname="| uyuy.png |" time="0.003">
    <error message="element click intercepted: Element &lt;label id=&quot;modal-profil-murid&quot; for=&quot;my-modal-5&quot; class=&quot;flex gap-1 absolute lg:top-10 top-10 lg:right-40 right-0&quot;&gt;...&lt;/label&gt; is not clickable at point (949, 280). Other element would receive the click: &lt;h2 class=&quot;swal2-title&quot; id=&quot;swal2-title&quot; style=&quot;display: block;&quot;&gt;...&lt;/h2&gt;&#10;  (Session info: chrome=110.0.5481.100)&#10;Build info: version: &apos;4.1.2&apos;, revision: &apos;9a5a329c5a&apos;&#10;System info: host: &apos;nsystem-mbp&apos;, ip: &apos;fe80:0:0:0:ce7:beec:a50b:8367%en0&apos;, os.name: &apos;Mac OS X&apos;, os.arch: &apos;x86_64&apos;, os.version: &apos;10.16&apos;, java.version: &apos;1.8.0_201&apos;&#10;Driver info: org.openqa.selenium.chrome.ChromeDriver&#10;Command: [cac278935b272321b86a4e8d2be950b3, clickElement {id=da280fc4-ec8e-4d64-af85-6ebed972fcc5}]&#10;Capabilities {acceptInsecureCerts: false, browserName: chrome, browserVersion: 110.0.5481.100, chrome: {chromedriverVersion: 110.0.5481.77 (65ed616c6e8e..., userDataDir: /var/folders/00/xzw63_pj58g...}, goog:chromeOptions: {debuggerAddress: localhost:50573}, javascriptEnabled: true, networkConnectionEnabled: false, pageLoadStrategy: normal, platform: MAC, platformName: MAC, proxy: Proxy(), se:cdp: ws://localhost:50573/devtoo..., se:cdpVersion: 110.0.5481.100, setWindowRect: true, strictFileInteractability: false, timeouts: {implicit: 0, pageLoad: 300000, script: 30000}, unhandledPromptBehavior: dismiss and notify, webauthn:extension:credBlob: true, webauthn:extension:largeBlob: true, webauthn:virtualAuthenticators: true}&#10;Element: [[ChromeDriver: chrome on MAC (cac278935b272321b86a4e8d2be950b3)] -&gt; id: modal-profil-murid]&#10;Session ID: cac278935b272321b86a4e8d2be950b3" type="org.openqa.selenium.ElementClickInterceptedException"><![CDATA[org.openqa.selenium.ElementClickInterceptedException: 
element click intercepted: Element <label id="modal-profil-murid" for="my-modal-5" class="flex gap-1 absolute lg:top-10 top-10 lg:right-40 right-0">...</label> is not clickable at point (949, 280). Other element would receive the click: <h2 class="swal2-title" id="swal2-title" style="display: block;">...</h2>
  (Session info: chrome=110.0.5481.100)
Build info: version: '4.1.2', revision: '9a5a329c5a'
System info: host: 'nsystem-mbp', ip: 'fe80:0:0:0:ce7:beec:a50b:8367%en0', os.name: 'Mac OS X', os.arch: 'x86_64', os.version: '10.16', java.version: '1.8.0_201'
Driver info: org.openqa.selenium.chrome.ChromeDriver
Command: [cac278935b272321b86a4e8d2be950b3, clickElement {id=da280fc4-ec8e-4d64-af85-6ebed972fcc5}]
Capabilities {acceptInsecureCerts: false, browserName: chrome, browserVersion: 110.0.5481.100, chrome: {chromedriverVersion: 110.0.5481.77 (65ed616c6e8e..., userDataDir: /var/folders/00/xzw63_pj58g...}, goog:chromeOptions: {debuggerAddress: localhost:50573}, javascriptEnabled: true, networkConnectionEnabled: false, pageLoadStrategy: normal, platform: MAC, platformName: MAC, proxy: Proxy(), se:cdp: ws://localhost:50573/devtoo..., se:cdpVersion: 110.0.5481.100, setWindowRect: true, strictFileInteractability: false, timeouts: {implicit: 0, pageLoad: 300000, script: 30000}, unhandledPromptBehavior: dismiss and notify, webauthn:extension:credBlob: true, webauthn:extension:largeBlob: true, webauthn:virtualAuthenticators: true}
Element: [[ChromeDriver: chrome on MAC (cac278935b272321b86a4e8d2be950b3)] -> id: modal-profil-murid]
Session ID: cac278935b272321b86a4e8d2be950b3
]]></error>
  </testcase>
  <testcase name="" classname="| uyuy.png |" time="0.008">
    <error message="element click intercepted: Element &lt;label id=&quot;modal-profil-murid&quot; for=&quot;my-modal-5&quot; class=&quot;flex gap-1 absolute lg:top-10 top-10 lg:right-40 right-0&quot;&gt;...&lt;/label&gt; is not clickable at point (949, 280). Other element would receive the click: &lt;h2 class=&quot;swal2-title&quot; id=&quot;swal2-title&quot; style=&quot;display: block;&quot;&gt;...&lt;/h2&gt;&#10;  (Session info: chrome=110.0.5481.100)&#10;Build info: version: &apos;4.1.2&apos;, revision: &apos;9a5a329c5a&apos;&#10;System info: host: &apos;nsystem-mbp&apos;, ip: &apos;fe80:0:0:0:ce7:beec:a50b:8367%en0&apos;, os.name: &apos;Mac OS X&apos;, os.arch: &apos;x86_64&apos;, os.version: &apos;10.16&apos;, java.version: &apos;1.8.0_201&apos;&#10;Driver info: org.openqa.selenium.chrome.ChromeDriver&#10;Command: [4de30df567fa478d188a239646df0e8c, clickElement {id=95c1b978-4ae1-4d81-954a-777be5773c91}]&#10;Capabilities {acceptInsecureCerts: false, browserName: chrome, browserVersion: 110.0.5481.100, chrome: {chromedriverVersion: 110.0.5481.77 (65ed616c6e8e..., userDataDir: /var/folders/00/xzw63_pj58g...}, goog:chromeOptions: {debuggerAddress: localhost:50522}, javascriptEnabled: true, networkConnectionEnabled: false, pageLoadStrategy: normal, platform: MAC, platformName: MAC, proxy: Proxy(), se:cdp: ws://localhost:50522/devtoo..., se:cdpVersion: 110.0.5481.100, setWindowRect: true, strictFileInteractability: false, timeouts: {implicit: 0, pageLoad: 300000, script: 30000}, unhandledPromptBehavior: dismiss and notify, webauthn:extension:credBlob: true, webauthn:extension:largeBlob: true, webauthn:virtualAuthenticators: true}&#10;Element: [[ChromeDriver: chrome on MAC (4de30df567fa478d188a239646df0e8c)] -&gt; id: modal-profil-murid]&#10;Session ID: 4de30df567fa478d188a239646df0e8c" type="org.openqa.selenium.ElementClickInterceptedException"><![CDATA[org.openqa.selenium.ElementClickInterceptedException: 
element click intercepted: Element <label id="modal-profil-murid" for="my-modal-5" class="flex gap-1 absolute lg:top-10 top-10 lg:right-40 right-0">...</label> is not clickable at point (949, 280). Other element would receive the click: <h2 class="swal2-title" id="swal2-title" style="display: block;">...</h2>
  (Session info: chrome=110.0.5481.100)
Build info: version: '4.1.2', revision: '9a5a329c5a'
System info: host: 'nsystem-mbp', ip: 'fe80:0:0:0:ce7:beec:a50b:8367%en0', os.name: 'Mac OS X', os.arch: 'x86_64', os.version: '10.16', java.version: '1.8.0_201'
Driver info: org.openqa.selenium.chrome.ChromeDriver
Command: [4de30df567fa478d188a239646df0e8c, clickElement {id=95c1b978-4ae1-4d81-954a-777be5773c91}]
Capabilities {acceptInsecureCerts: false, browserName: chrome, browserVersion: 110.0.5481.100, chrome: {chromedriverVersion: 110.0.5481.77 (65ed616c6e8e..., userDataDir: /var/folders/00/xzw63_pj58g...}, goog:chromeOptions: {debuggerAddress: localhost:50522}, javascriptEnabled: true, networkConnectionEnabled: false, pageLoadStrategy: normal, platform: MAC, platformName: MAC, proxy: Proxy(), se:cdp: ws://localhost:50522/devtoo..., se:cdpVersion: 110.0.5481.100, setWindowRect: true, strictFileInteractability: false, timeouts: {implicit: 0, pageLoad: 300000, script: 30000}, unhandledPromptBehavior: dismiss and notify, webauthn:extension:credBlob: true, webauthn:extension:largeBlob: true, webauthn:virtualAuthenticators: true}
Element: [[ChromeDriver: chrome on MAC (4de30df567fa478d188a239646df0e8c)] -> id: modal-profil-murid]
Session ID: 4de30df567fa478d188a239646df0e8c
]]></error>
  </testcase>
  <testcase name="" classname="| uyuy.png |" time="0.004">
    <error message="element click intercepted: Element &lt;label id=&quot;modal-profil-murid&quot; for=&quot;my-modal-5&quot; class=&quot;flex gap-1 absolute lg:top-10 top-10 lg:right-40 right-0&quot;&gt;...&lt;/label&gt; is not clickable at point (949, 280). Other element would receive the click: &lt;h2 class=&quot;swal2-title&quot; id=&quot;swal2-title&quot; style=&quot;display: block;&quot;&gt;...&lt;/h2&gt;&#10;  (Session info: chrome=110.0.5481.100)&#10;Build info: version: &apos;4.1.2&apos;, revision: &apos;9a5a329c5a&apos;&#10;System info: host: &apos;nsystem-mbp&apos;, ip: &apos;fe80:0:0:0:ce7:beec:a50b:8367%en0&apos;, os.name: &apos;Mac OS X&apos;, os.arch: &apos;x86_64&apos;, os.version: &apos;10.16&apos;, java.version: &apos;1.8.0_201&apos;&#10;Driver info: org.openqa.selenium.chrome.ChromeDriver&#10;Command: [73347f2ed5f787e171c8337ef2cab259, clickElement {id=ea0123cb-e71d-4085-b58f-0ad2408de05d}]&#10;Capabilities {acceptInsecureCerts: false, browserName: chrome, browserVersion: 110.0.5481.100, chrome: {chromedriverVersion: 110.0.5481.77 (65ed616c6e8e..., userDataDir: /var/folders/00/xzw63_pj58g...}, goog:chromeOptions: {debuggerAddress: localhost:50547}, javascriptEnabled: true, networkConnectionEnabled: false, pageLoadStrategy: normal, platform: MAC, platformName: MAC, proxy: Proxy(), se:cdp: ws://localhost:50547/devtoo..., se:cdpVersion: 110.0.5481.100, setWindowRect: true, strictFileInteractability: false, timeouts: {implicit: 0, pageLoad: 300000, script: 30000}, unhandledPromptBehavior: dismiss and notify, webauthn:extension:credBlob: true, webauthn:extension:largeBlob: true, webauthn:virtualAuthenticators: true}&#10;Element: [[ChromeDriver: chrome on MAC (73347f2ed5f787e171c8337ef2cab259)] -&gt; id: modal-profil-murid]&#10;Session ID: 73347f2ed5f787e171c8337ef2cab259" type="org.openqa.selenium.ElementClickInterceptedException"><![CDATA[org.openqa.selenium.ElementClickInterceptedException: 
element click intercepted: Element <label id="modal-profil-murid" for="my-modal-5" class="flex gap-1 absolute lg:top-10 top-10 lg:right-40 right-0">...</label> is not clickable at point (949, 280). Other element would receive the click: <h2 class="swal2-title" id="swal2-title" style="display: block;">...</h2>
  (Session info: chrome=110.0.5481.100)
Build info: version: '4.1.2', revision: '9a5a329c5a'
System info: host: 'nsystem-mbp', ip: 'fe80:0:0:0:ce7:beec:a50b:8367%en0', os.name: 'Mac OS X', os.arch: 'x86_64', os.version: '10.16', java.version: '1.8.0_201'
Driver info: org.openqa.selenium.chrome.ChromeDriver
Command: [73347f2ed5f787e171c8337ef2cab259, clickElement {id=ea0123cb-e71d-4085-b58f-0ad2408de05d}]
Capabilities {acceptInsecureCerts: false, browserName: chrome, browserVersion: 110.0.5481.100, chrome: {chromedriverVersion: 110.0.5481.77 (65ed616c6e8e..., userDataDir: /var/folders/00/xzw63_pj58g...}, goog:chromeOptions: {debuggerAddress: localhost:50547}, javascriptEnabled: true, networkConnectionEnabled: false, pageLoadStrategy: normal, platform: MAC, platformName: MAC, proxy: Proxy(), se:cdp: ws://localhost:50547/devtoo..., se:cdpVersion: 110.0.5481.100, setWindowRect: true, strictFileInteractability: false, timeouts: {implicit: 0, pageLoad: 300000, script: 30000}, unhandledPromptBehavior: dismiss and notify, webauthn:extension:credBlob: true, webauthn:extension:largeBlob: true, webauthn:virtualAuthenticators: true}
Element: [[ChromeDriver: chrome on MAC (73347f2ed5f787e171c8337ef2cab259)] -> id: modal-profil-murid]
Session ID: 73347f2ed5f787e171c8337ef2cab259
]]></error>
  </testcase>
  <testcase name="" classname="| uyuy.png |" time="0.004">
    <error message="element click intercepted: Element &lt;label id=&quot;modal-profil-murid&quot; for=&quot;my-modal-5&quot; class=&quot;flex gap-1 absolute lg:top-10 top-10 lg:right-40 right-0&quot;&gt;...&lt;/label&gt; is not clickable at point (949, 280). Other element would receive the click: &lt;h2 class=&quot;swal2-title&quot; id=&quot;swal2-title&quot; style=&quot;display: block;&quot;&gt;...&lt;/h2&gt;&#10;  (Session info: chrome=110.0.5481.100)&#10;Build info: version: &apos;4.1.2&apos;, revision: &apos;9a5a329c5a&apos;&#10;System info: host: &apos;nsystem-mbp&apos;, ip: &apos;fe80:0:0:0:ce7:beec:a50b:8367%en0&apos;, os.name: &apos;Mac OS X&apos;, os.arch: &apos;x86_64&apos;, os.version: &apos;10.16&apos;, java.version: &apos;1.8.0_201&apos;&#10;Driver info: org.openqa.selenium.chrome.ChromeDriver&#10;Command: [cac278935b272321b86a4e8d2be950b3, clickElement {id=da280fc4-ec8e-4d64-af85-6ebed972fcc5}]&#10;Capabilities {acceptInsecureCerts: false, browserName: chrome, browserVersion: 110.0.5481.100, chrome: {chromedriverVersion: 110.0.5481.77 (65ed616c6e8e..., userDataDir: /var/folders/00/xzw63_pj58g...}, goog:chromeOptions: {debuggerAddress: localhost:50573}, javascriptEnabled: true, networkConnectionEnabled: false, pageLoadStrategy: normal, platform: MAC, platformName: MAC, proxy: Proxy(), se:cdp: ws://localhost:50573/devtoo..., se:cdpVersion: 110.0.5481.100, setWindowRect: true, strictFileInteractability: false, timeouts: {implicit: 0, pageLoad: 300000, script: 30000}, unhandledPromptBehavior: dismiss and notify, webauthn:extension:credBlob: true, webauthn:extension:largeBlob: true, webauthn:virtualAuthenticators: true}&#10;Element: [[ChromeDriver: chrome on MAC (cac278935b272321b86a4e8d2be950b3)] -&gt; id: modal-profil-murid]&#10;Session ID: cac278935b272321b86a4e8d2be950b3" type="org.openqa.selenium.ElementClickInterceptedException"><![CDATA[org.openqa.selenium.ElementClickInterceptedException: 
element click intercepted: Element <label id="modal-profil-murid" for="my-modal-5" class="flex gap-1 absolute lg:top-10 top-10 lg:right-40 right-0">...</label> is not clickable at point (949, 280). Other element would receive the click: <h2 class="swal2-title" id="swal2-title" style="display: block;">...</h2>
  (Session info: chrome=110.0.5481.100)
Build info: version: '4.1.2', revision: '9a5a329c5a'
System info: host: 'nsystem-mbp', ip: 'fe80:0:0:0:ce7:beec:a50b:8367%en0', os.name: 'Mac OS X', os.arch: 'x86_64', os.version: '10.16', java.version: '1.8.0_201'
Driver info: org.openqa.selenium.chrome.ChromeDriver
Command: [cac278935b272321b86a4e8d2be950b3, clickElement {id=da280fc4-ec8e-4d64-af85-6ebed972fcc5}]
Capabilities {acceptInsecureCerts: false, browserName: chrome, browserVersion: 110.0.5481.100, chrome: {chromedriverVersion: 110.0.5481.77 (65ed616c6e8e..., userDataDir: /var/folders/00/xzw63_pj58g...}, goog:chromeOptions: {debuggerAddress: localhost:50573}, javascriptEnabled: true, networkConnectionEnabled: false, pageLoadStrategy: normal, platform: MAC, platformName: MAC, proxy: Proxy(), se:cdp: ws://localhost:50573/devtoo..., se:cdpVersion: 110.0.5481.100, setWindowRect: true, strictFileInteractability: false, timeouts: {implicit: 0, pageLoad: 300000, script: 30000}, unhandledPromptBehavior: dismiss and notify, webauthn:extension:credBlob: true, webauthn:extension:largeBlob: true, webauthn:virtualAuthenticators: true}
Element: [[ChromeDriver: chrome on MAC (cac278935b272321b86a4e8d2be950b3)] -> id: modal-profil-murid]
Session ID: cac278935b272321b86a4e8d2be950b3
]]></error>
  </testcase>
  <testcase name="" classname="| uyuy.png |" time="0.002">
    <error message="no such element: Unable to locate element: {&quot;method&quot;:&quot;xpath&quot;,&quot;selector&quot;:&quot;//h2[@class=&apos;swal2-title&apos;]&quot;}&#10;  (Session info: chrome=110.0.5481.100)&#10;For documentation on this error, please visit: https://selenium.dev/exceptions/#no_such_element&#10;Build info: version: &apos;4.1.2&apos;, revision: &apos;9a5a329c5a&apos;&#10;System info: host: &apos;nsystem-mbp&apos;, ip: &apos;fe80:0:0:0:ce7:beec:a50b:8367%en0&apos;, os.name: &apos;Mac OS X&apos;, os.arch: &apos;x86_64&apos;, os.version: &apos;10.16&apos;, java.version: &apos;1.8.0_201&apos;&#10;Driver info: org.openqa.selenium.chrome.ChromeDriver&#10;Command: [e4a1787c5e9d622d462f5c00405f9afd, findElement {using=xpath, value=//h2[@class=&apos;swal2-title&apos;]}]&#10;Capabilities {acceptInsecureCerts: false, browserName: chrome, browserVersion: 110.0.5481.100, chrome: {chromedriverVersion: 110.0.5481.77 (65ed616c6e8e..., userDataDir: /var/folders/00/xzw63_pj58g...}, goog:chromeOptions: {debuggerAddress: localhost:51059}, javascriptEnabled: true, networkConnectionEnabled: false, pageLoadStrategy: normal, platform: MAC, platformName: MAC, proxy: Proxy(), se:cdp: ws://localhost:51059/devtoo..., se:cdpVersion: 110.0.5481.100, setWindowRect: true, strictFileInteractability: false, timeouts: {implicit: 0, pageLoad: 300000, script: 30000}, unhandledPromptBehavior: dismiss and notify, webauthn:extension:credBlob: true, webauthn:extension:largeBlob: true, webauthn:virtualAuthenticators: true}&#10;Session ID: e4a1787c5e9d622d462f5c00405f9afd" type="org.openqa.selenium.NoSuchElementException"><![CDATA[org.openqa.selenium.NoSuchElementException: 
no such element: Unable to locate element: {"method":"xpath","selector":"//h2[@class='swal2-title']"}
  (Session info: chrome=110.0.5481.100)
For documentation on this error, please visit: https://selenium.dev/exceptions/#no_such_element
Build info: version: '4.1.2', revision: '9a5a329c5a'
System info: host: 'nsystem-mbp', ip: 'fe80:0:0:0:ce7:beec:a50b:8367%en0', os.name: 'Mac OS X', os.arch: 'x86_64', os.version: '10.16', java.version: '1.8.0_201'
Driver info: org.openqa.selenium.chrome.ChromeDriver
Command: [e4a1787c5e9d622d462f5c00405f9afd, findElement {using=xpath, value=//h2[@class='swal2-title']}]
Capabilities {acceptInsecureCerts: false, browserName: chrome, browserVersion: 110.0.5481.100, chrome: {chromedriverVersion: 110.0.5481.77 (65ed616c6e8e..., userDataDir: /var/folders/00/xzw63_pj58g...}, goog:chromeOptions: {debuggerAddress: localhost:51059}, javascriptEnabled: true, networkConnectionEnabled: false, pageLoadStrategy: normal, platform: MAC, platformName: MAC, proxy: Proxy(), se:cdp: ws://localhost:51059/devtoo..., se:cdpVersion: 110.0.5481.100, setWindowRect: true, strictFileInteractability: false, timeouts: {implicit: 0, pageLoad: 300000, script: 30000}, unhandledPromptBehavior: dismiss and notify, webauthn:extension:credBlob: true, webauthn:extension:largeBlob: true, webauthn:virtualAuthenticators: true}
Session ID: e4a1787c5e9d622d462f5c00405f9afd
]]></error>
  </testcase>
  <testcase name="" classname="| uyuy.png |" time="0.003">
    <error message="no such element: Unable to locate element: {&quot;method&quot;:&quot;xpath&quot;,&quot;selector&quot;:&quot;//div[@class=&apos;bp4-tab pl-12 pr-12 pb-2 font-bold text-xl lg:ml-60 mx-auto&apos;]&quot;}&#10;  (Session info: chrome=110.0.5481.100)&#10;For documentation on this error, please visit: https://selenium.dev/exceptions/#no_such_element&#10;Build info: version: &apos;4.1.2&apos;, revision: &apos;9a5a329c5a&apos;&#10;System info: host: &apos;nsystem-mbp&apos;, ip: &apos;fe80:0:0:0:ce7:beec:a50b:8367%en0&apos;, os.name: &apos;Mac OS X&apos;, os.arch: &apos;x86_64&apos;, os.version: &apos;10.16&apos;, java.version: &apos;1.8.0_201&apos;&#10;Driver info: org.openqa.selenium.chrome.ChromeDriver&#10;Command: [1ea1f688aac20f6ec3c582a333dc8288, findElement {using=xpath, value=//div[@class=&apos;bp4-tab pl-12 pr-12 pb-2 font-bold text-xl lg:ml-60 mx-auto&apos;]}]&#10;Capabilities {acceptInsecureCerts: false, browserName: chrome, browserVersion: 110.0.5481.100, chrome: {chromedriverVersion: 110.0.5481.77 (65ed616c6e8e..., userDataDir: /var/folders/00/xzw63_pj58g...}, goog:chromeOptions: {debuggerAddress: localhost:51081}, javascriptEnabled: true, networkConnectionEnabled: false, pageLoadStrategy: normal, platform: MAC, platformName: MAC, proxy: Proxy(), se:cdp: ws://localhost:51081/devtoo..., se:cdpVersion: 110.0.5481.100, setWindowRect: true, strictFileInteractability: false, timeouts: {implicit: 0, pageLoad: 300000, script: 30000}, unhandledPromptBehavior: dismiss and notify, webauthn:extension:credBlob: true, webauthn:extension:largeBlob: true, webauthn:virtualAuthenticators: true}&#10;Session ID: 1ea1f688aac20f6ec3c582a333dc8288" type="org.openqa.selenium.NoSuchElementException"><![CDATA[org.openqa.selenium.NoSuchElementException: 
no such element: Unable to locate element: {"method":"xpath","selector":"//div[@class='bp4-tab pl-12 pr-12 pb-2 font-bold text-xl lg:ml-60 mx-auto']"}
  (Session info: chrome=110.0.5481.100)
For documentation on this error, please visit: https://selenium.dev/exceptions/#no_such_element
Build info: version: '4.1.2', revision: '9a5a329c5a'
System info: host: 'nsystem-mbp', ip: 'fe80:0:0:0:ce7:beec:a50b:8367%en0', os.name: 'Mac OS X', os.arch: 'x86_64', os.version: '10.16', java.version: '1.8.0_201'
Driver info: org.openqa.selenium.chrome.ChromeDriver
Command: [1ea1f688aac20f6ec3c582a333dc8288, findElement {using=xpath, value=//div[@class='bp4-tab pl-12 pr-12 pb-2 font-bold text-xl lg:ml-60 mx-auto']}]
Capabilities {acceptInsecureCerts: false, browserName: chrome, browserVersion: 110.0.5481.100, chrome: {chromedriverVersion: 110.0.5481.77 (65ed616c6e8e..., userDataDir: /var/folders/00/xzw63_pj58g...}, goog:chromeOptions: {debuggerAddress: localhost:51081}, javascriptEnabled: true, networkConnectionEnabled: false, pageLoadStrategy: normal, platform: MAC, platformName: MAC, proxy: Proxy(), se:cdp: ws://localhost:51081/devtoo..., se:cdpVersion: 110.0.5481.100, setWindowRect: true, strictFileInteractability: false, timeouts: {implicit: 0, pageLoad: 300000, script: 30000}, unhandledPromptBehavior: dismiss and notify, webauthn:extension:credBlob: true, webauthn:extension:largeBlob: true, webauthn:virtualAuthenticators: true}
Session ID: 1ea1f688aac20f6ec3c582a333dc8288
]]></error>
  </testcase>
  <testcase name="" classname="| uyuy.png |" time="0.005">
    <error message="no such element: Unable to locate element: {&quot;method&quot;:&quot;xpath&quot;,&quot;selector&quot;:&quot;//h2[@class=&apos;swal2-title&apos;]&quot;}&#10;  (Session info: chrome=110.0.5481.100)&#10;For documentation on this error, please visit: https://selenium.dev/exceptions/#no_such_element&#10;Build info: version: &apos;4.1.2&apos;, revision: &apos;9a5a329c5a&apos;&#10;System info: host: &apos;nsystem-mbp&apos;, ip: &apos;fe80:0:0:0:ce7:beec:a50b:8367%en0&apos;, os.name: &apos;Mac OS X&apos;, os.arch: &apos;x86_64&apos;, os.version: &apos;10.16&apos;, java.version: &apos;1.8.0_201&apos;&#10;Driver info: org.openqa.selenium.chrome.ChromeDriver&#10;Command: [7a778e03581e2207719216a683a85fd4, findElement {using=xpath, value=//h2[@class=&apos;swal2-title&apos;]}]&#10;Capabilities {acceptInsecureCerts: false, browserName: chrome, browserVersion: 110.0.5481.100, chrome: {chromedriverVersion: 110.0.5481.77 (65ed616c6e8e..., userDataDir: /var/folders/00/xzw63_pj58g...}, goog:chromeOptions: {debuggerAddress: localhost:51106}, javascriptEnabled: true, networkConnectionEnabled: false, pageLoadStrategy: normal, platform: MAC, platformName: MAC, proxy: Proxy(), se:cdp: ws://localhost:51106/devtoo..., se:cdpVersion: 110.0.5481.100, setWindowRect: true, strictFileInteractability: false, timeouts: {implicit: 0, pageLoad: 300000, script: 30000}, unhandledPromptBehavior: dismiss and notify, webauthn:extension:credBlob: true, webauthn:extension:largeBlob: true, webauthn:virtualAuthenticators: true}&#10;Session ID: 7a778e03581e2207719216a683a85fd4" type="org.openqa.selenium.NoSuchElementException"><![CDATA[org.openqa.selenium.NoSuchElementException: 
no such element: Unable to locate element: {"method":"xpath","selector":"//h2[@class='swal2-title']"}
  (Session info: chrome=110.0.5481.100)
For documentation on this error, please visit: https://selenium.dev/exceptions/#no_such_element
Build info: version: '4.1.2', revision: '9a5a329c5a'
System info: host: 'nsystem-mbp', ip: 'fe80:0:0:0:ce7:beec:a50b:8367%en0', os.name: 'Mac OS X', os.arch: 'x86_64', os.version: '10.16', java.version: '1.8.0_201'
Driver info: org.openqa.selenium.chrome.ChromeDriver
Command: [7a778e03581e2207719216a683a85fd4, findElement {using=xpath, value=//h2[@class='swal2-title']}]
Capabilities {acceptInsecureCerts: false, browserName: chrome, browserVersion: 110.0.5481.100, chrome: {chromedriverVersion: 110.0.5481.77 (65ed616c6e8e..., userDataDir: /var/folders/00/xzw63_pj58g...}, goog:chromeOptions: {debuggerAddress: localhost:51106}, javascriptEnabled: true, networkConnectionEnabled: false, pageLoadStrategy: normal, platform: MAC, platformName: MAC, proxy: Proxy(), se:cdp: ws://localhost:51106/devtoo..., se:cdpVersion: 110.0.5481.100, setWindowRect: true, strictFileInteractability: false, timeouts: {implicit: 0, pageLoad: 300000, script: 30000}, unhandledPromptBehavior: dismiss and notify, webauthn:extension:credBlob: true, webauthn:extension:largeBlob: true, webauthn:virtualAuthenticators: true}
Session ID: 7a778e03581e2207719216a683a85fd4
]]></error>
  </testcase>
  <testcase name="" classname="| uyuy.png |" time="0.002">
    <error message="no such element: Unable to locate element: {&quot;method&quot;:&quot;xpath&quot;,&quot;selector&quot;:&quot;//h2[@class=&apos;swal2-title&apos;]&quot;}&#10;  (Session info: chrome=110.0.5481.100)&#10;For documentation on this error, please visit: https://selenium.dev/exceptions/#no_such_element&#10;Build info: version: &apos;4.1.2&apos;, revision: &apos;9a5a329c5a&apos;&#10;System info: host: &apos;nsystem-mbp&apos;, ip: &apos;fe80:0:0:0:ce7:beec:a50b:8367%en0&apos;, os.name: &apos;Mac OS X&apos;, os.arch: &apos;x86_64&apos;, os.version: &apos;10.16&apos;, java.version: &apos;1.8.0_201&apos;&#10;Driver info: org.openqa.selenium.chrome.ChromeDriver&#10;Command: [fb35c3a827553ff5acbfba2c35dcfcf7, findElement {using=xpath, value=//h2[@class=&apos;swal2-title&apos;]}]&#10;Capabilities {acceptInsecureCerts: false, browserName: chrome, browserVersion: 110.0.5481.100, chrome: {chromedriverVersion: 110.0.5481.77 (65ed616c6e8e..., userDataDir: /var/folders/00/xzw63_pj58g...}, goog:chromeOptions: {debuggerAddress: localhost:51158}, javascriptEnabled: true, networkConnectionEnabled: false, pageLoadStrategy: normal, platform: MAC, platformName: MAC, proxy: Proxy(), se:cdp: ws://localhost:51158/devtoo..., se:cdpVersion: 110.0.5481.100, setWindowRect: true, strictFileInteractability: false, timeouts: {implicit: 0, pageLoad: 300000, script: 30000}, unhandledPromptBehavior: dismiss and notify, webauthn:extension:credBlob: true, webauthn:extension:largeBlob: true, webauthn:virtualAuthenticators: true}&#10;Session ID: fb35c3a827553ff5acbfba2c35dcfcf7" type="org.openqa.selenium.NoSuchElementException"><![CDATA[org.openqa.selenium.NoSuchElementException: 
no such element: Unable to locate element: {"method":"xpath","selector":"//h2[@class='swal2-title']"}
  (Session info: chrome=110.0.5481.100)
For documentation on this error, please visit: https://selenium.dev/exceptions/#no_such_element
Build info: version: '4.1.2', revision: '9a5a329c5a'
System info: host: 'nsystem-mbp', ip: 'fe80:0:0:0:ce7:beec:a50b:8367%en0', os.name: 'Mac OS X', os.arch: 'x86_64', os.version: '10.16', java.version: '1.8.0_201'
Driver info: org.openqa.selenium.chrome.ChromeDriver
Command: [fb35c3a827553ff5acbfba2c35dcfcf7, findElement {using=xpath, value=//h2[@class='swal2-title']}]
Capabilities {acceptInsecureCerts: false, browserName: chrome, browserVersion: 110.0.5481.100, chrome: {chromedriverVersion: 110.0.5481.77 (65ed616c6e8e..., userDataDir: /var/folders/00/xzw63_pj58g...}, goog:chromeOptions: {debuggerAddress: localhost:51158}, javascriptEnabled: true, networkConnectionEnabled: false, pageLoadStrategy: normal, platform: MAC, platformName: MAC, proxy: Proxy(), se:cdp: ws://localhost:51158/devtoo..., se:cdpVersion: 110.0.5481.100, setWindowRect: true, strictFileInteractability: false, timeouts: {implicit: 0, pageLoad: 300000, script: 30000}, unhandledPromptBehavior: dismiss and notify, webauthn:extension:credBlob: true, webauthn:extension:largeBlob: true, webauthn:virtualAuthenticators: true}
Session ID: fb35c3a827553ff5acbfba2c35dcfcf7
]]></error>
  </testcase>
  <testcase name="" classname="| uyuy.png |" time="0.006">
    <error message="no such element: Unable to locate element: {&quot;method&quot;:&quot;xpath&quot;,&quot;selector&quot;:&quot;//div[@class=&apos;bp4-tab pl-12 pr-12 pb-2 font-bold text-xl lg:ml-60 mx-auto&apos;]&quot;}&#10;  (Session info: chrome=110.0.5481.100)&#10;For documentation on this error, please visit: https://selenium.dev/exceptions/#no_such_element&#10;Build info: version: &apos;4.1.2&apos;, revision: &apos;9a5a329c5a&apos;&#10;System info: host: &apos;nsystem-mbp&apos;, ip: &apos;fe80:0:0:0:ce7:beec:a50b:8367%en0&apos;, os.name: &apos;Mac OS X&apos;, os.arch: &apos;x86_64&apos;, os.version: &apos;10.16&apos;, java.version: &apos;1.8.0_201&apos;&#10;Driver info: org.openqa.selenium.chrome.ChromeDriver&#10;Command: [7b24b010f84717bc3fa04448b585b0cf, findElement {using=xpath, value=//div[@class=&apos;bp4-tab pl-12 pr-12 pb-2 font-bold text-xl lg:ml-60 mx-auto&apos;]}]&#10;Capabilities {acceptInsecureCerts: false, browserName: chrome, browserVersion: 110.0.5481.100, chrome: {chromedriverVersion: 110.0.5481.77 (65ed616c6e8e..., userDataDir: /var/folders/00/xzw63_pj58g...}, goog:chromeOptions: {debuggerAddress: localhost:51180}, javascriptEnabled: true, networkConnectionEnabled: false, pageLoadStrategy: normal, platform: MAC, platformName: MAC, proxy: Proxy(), se:cdp: ws://localhost:51180/devtoo..., se:cdpVersion: 110.0.5481.100, setWindowRect: true, strictFileInteractability: false, timeouts: {implicit: 0, pageLoad: 300000, script: 30000}, unhandledPromptBehavior: dismiss and notify, webauthn:extension:credBlob: true, webauthn:extension:largeBlob: true, webauthn:virtualAuthenticators: true}&#10;Session ID: 7b24b010f84717bc3fa04448b585b0cf" type="org.openqa.selenium.NoSuchElementException"><![CDATA[org.openqa.selenium.NoSuchElementException: 
no such element: Unable to locate element: {"method":"xpath","selector":"//div[@class='bp4-tab pl-12 pr-12 pb-2 font-bold text-xl lg:ml-60 mx-auto']"}
  (Session info: chrome=110.0.5481.100)
For documentation on this error, please visit: https://selenium.dev/exceptions/#no_such_element
Build info: version: '4.1.2', revision: '9a5a329c5a'
System info: host: 'nsystem-mbp', ip: 'fe80:0:0:0:ce7:beec:a50b:8367%en0', os.name: 'Mac OS X', os.arch: 'x86_64', os.version: '10.16', java.version: '1.8.0_201'
Driver info: org.openqa.selenium.chrome.ChromeDriver
Command: [7b24b010f84717bc3fa04448b585b0cf, findElement {using=xpath, value=//div[@class='bp4-tab pl-12 pr-12 pb-2 font-bold text-xl lg:ml-60 mx-auto']}]
Capabilities {acceptInsecureCerts: false, browserName: chrome, browserVersion: 110.0.5481.100, chrome: {chromedriverVersion: 110.0.5481.77 (65ed616c6e8e..., userDataDir: /var/folders/00/xzw63_pj58g...}, goog:chromeOptions: {debuggerAddress: localhost:51180}, javascriptEnabled: true, networkConnectionEnabled: false, pageLoadStrategy: normal, platform: MAC, platformName: MAC, proxy: Proxy(), se:cdp: ws://localhost:51180/devtoo..., se:cdpVersion: 110.0.5481.100, setWindowRect: true, strictFileInteractability: false, timeouts: {implicit: 0, pageLoad: 300000, script: 30000}, unhandledPromptBehavior: dismiss and notify, webauthn:extension:credBlob: true, webauthn:extension:largeBlob: true, webauthn:virtualAuthenticators: true}
Session ID: 7b24b010f84717bc3fa04448b585b0cf
]]></error>
  </testcase>
  <testcase name="" classname="| uyuy.png |" time="0.003">
    <error message="no such element: Unable to locate element: {&quot;method&quot;:&quot;xpath&quot;,&quot;selector&quot;:&quot;//div[@class=&apos;bp4-tab pl-12 pr-12 pb-2 font-bold text-xl lg:ml-60 mx-auto&apos;]&quot;}&#10;  (Session info: chrome=110.0.5481.100)&#10;For documentation on this error, please visit: https://selenium.dev/exceptions/#no_such_element&#10;Build info: version: &apos;4.1.2&apos;, revision: &apos;9a5a329c5a&apos;&#10;System info: host: &apos;nsystem-mbp&apos;, ip: &apos;fe80:0:0:0:ce7:beec:a50b:8367%en0&apos;, os.name: &apos;Mac OS X&apos;, os.arch: &apos;x86_64&apos;, os.version: &apos;10.16&apos;, java.version: &apos;1.8.0_201&apos;&#10;Driver info: org.openqa.selenium.chrome.ChromeDriver&#10;Command: [f1c2c0b2352ad3b7bb29bbc7ce5364ee, findElement {using=xpath, value=//div[@class=&apos;bp4-tab pl-12 pr-12 pb-2 font-bold text-xl lg:ml-60 mx-auto&apos;]}]&#10;Capabilities {acceptInsecureCerts: false, browserName: chrome, browserVersion: 110.0.5481.100, chrome: {chromedriverVersion: 110.0.5481.77 (65ed616c6e8e..., userDataDir: /var/folders/00/xzw63_pj58g...}, goog:chromeOptions: {debuggerAddress: localhost:51206}, javascriptEnabled: true, networkConnectionEnabled: false, pageLoadStrategy: normal, platform: MAC, platformName: MAC, proxy: Proxy(), se:cdp: ws://localhost:51206/devtoo..., se:cdpVersion: 110.0.5481.100, setWindowRect: true, strictFileInteractability: false, timeouts: {implicit: 0, pageLoad: 300000, script: 30000}, unhandledPromptBehavior: dismiss and notify, webauthn:extension:credBlob: true, webauthn:extension:largeBlob: true, webauthn:virtualAuthenticators: true}&#10;Session ID: f1c2c0b2352ad3b7bb29bbc7ce5364ee" type="org.openqa.selenium.NoSuchElementException"><![CDATA[org.openqa.selenium.NoSuchElementException: 
no such element: Unable to locate element: {"method":"xpath","selector":"//div[@class='bp4-tab pl-12 pr-12 pb-2 font-bold text-xl lg:ml-60 mx-auto']"}
  (Session info: chrome=110.0.5481.100)
For documentation on this error, please visit: https://selenium.dev/exceptions/#no_such_element
Build info: version: '4.1.2', revision: '9a5a329c5a'
System info: host: 'nsystem-mbp', ip: 'fe80:0:0:0:ce7:beec:a50b:8367%en0', os.name: 'Mac OS X', os.arch: 'x86_64', os.version: '10.16', java.version: '1.8.0_201'
Driver info: org.openqa.selenium.chrome.ChromeDriver
Command: [f1c2c0b2352ad3b7bb29bbc7ce5364ee, findElement {using=xpath, value=//div[@class='bp4-tab pl-12 pr-12 pb-2 font-bold text-xl lg:ml-60 mx-auto']}]
Capabilities {acceptInsecureCerts: false, browserName: chrome, browserVersion: 110.0.5481.100, chrome: {chromedriverVersion: 110.0.5481.77 (65ed616c6e8e..., userDataDir: /var/folders/00/xzw63_pj58g...}, goog:chromeOptions: {debuggerAddress: localhost:51206}, javascriptEnabled: true, networkConnectionEnabled: false, pageLoadStrategy: normal, platform: MAC, platformName: MAC, proxy: Proxy(), se:cdp: ws://localhost:51206/devtoo..., se:cdpVersion: 110.0.5481.100, setWindowRect: true, strictFileInteractability: false, timeouts: {implicit: 0, pageLoad: 300000, script: 30000}, unhandledPromptBehavior: dismiss and notify, webauthn:extension:credBlob: true, webauthn:extension:largeBlob: true, webauthn:virtualAuthenticators: true}
Session ID: f1c2c0b2352ad3b7bb29bbc7ce5364ee
]]></error>
  </testcase>
  <testcase name="Given Student already on Edit Profile page" classname="| uyuy.png |" time="0">
    <skipped/>
    <system-out><![CDATA[
  Background:                                                                        &amp#27;[90m# features/UpdateStudent.feature:4&amp#27;[0m
    &amp#27;[32mGiven &amp#27;[0m&amp#27;[32mUser open the website GuruMu&amp#27;[0m                                               &amp#27;[90m# LoginSteps.userOpenTheWebsiteGuruMu()&amp#27;[0m
    &amp#27;[32mWhen &amp#27;[0m&amp#27;[32mUser click avatar navigation&amp#27;[0m                                                &amp#27;[90m# LoginSteps.userClickAvatarNavigation()&amp#27;[0m
    &amp#27;[32mAnd &amp#27;[0m&amp#27;[32mUser click menu Masuk&amp#27;[0m                                                        &amp#27;[90m# LoginSteps.userClickMenuMasuk()&amp#27;[0m
    &amp#27;[32mAnd &amp#27;[0m&amp#27;[32mUser input "&amp#27;[0m&amp#27;[32m&amp#27;[1mherdiladania11@gmail.com&amp#27;[0m&amp#27;[32m" as email and input "&amp#27;[0m&amp#27;[32m&amp#27;[1mfe123&amp#27;[0m&amp#27;[32m" as password&amp#27;[0m &amp#27;[90m# LoginSteps.inputCredential(String,String)&amp#27;[0m
    &amp#27;[32mAnd &amp#27;[0m&amp#27;[32mUser clicked masuk button&amp#27;[0m                                                    &amp#27;[90m# LoginSteps.userClickMasukButton()&amp#27;[0m
    &amp#27;[32mWhen &amp#27;[0m&amp#27;[32mUser move to Profile Page&amp#27;[0m                                                   &amp#27;[90m# PenilaianUlasanSteps.userMoveToProfilePage()&amp#27;[0m
    &amp#27;[31mAnd &amp#27;[0m&amp#27;[31mUser click edit profile&amp#27;[0m                                                      &amp#27;[90m# UpdateStudentSteps.userClickEditProfile()&amp#27;[0m
      &amp#27;[31morg.openqa.selenium.ElementClickInterceptedException: element click intercepted: Element <label id="modal-profil-murid" for="my-modal-5" class="flex gap-1 absolute lg:top-10 top-10 lg:right-40 right-0">...</label> is not clickable at point (949, 280). Other element would receive the click: <h2 class="swal2-title" id="swal2-title" style="display: block;">...</h2>
        (Session info: chrome=110.0.5481.100)
      Build info: version: '4.1.2', revision: '9a5a329c5a'
      System info: host: 'nsystem-mbp', ip: 'fe80:0:0:0:ce7:beec:a50b:8367%en0', os.name: 'Mac OS X', os.arch: 'x86_64', os.version: '10.16', java.version: '1.8.0_201'
      Driver info: org.openqa.selenium.chrome.ChromeDriver
      Command: [4de30df567fa478d188a239646df0e8c, clickElement {id=95c1b978-4ae1-4d81-954a-777be5773c91}]
      Capabilities {acceptInsecureCerts: false, browserName: chrome, browserVersion: 110.0.5481.100, chrome: {chromedriverVersion: 110.0.5481.77 (65ed616c6e8e..., userDataDir: /var/folders/00/xzw63_pj58g...}, goog:chromeOptions: {debuggerAddress: localhost:50522}, javascriptEnabled: true, networkConnectionEnabled: false, pageLoadStrategy: normal, platform: MAC, platformName: MAC, proxy: Proxy(), se:cdp: ws://localhost:50522/devtoo..., se:cdpVersion: 110.0.5481.100, setWindowRect: true, strictFileInteractability: false, timeouts: {implicit: 0, pageLoad: 300000, script: 30000}, unhandledPromptBehavior: dismiss and notify, webauthn:extension:credBlob: true, webauthn:extension:largeBlob: true, webauthn:virtualAuthenticators: true}
      Element: [[ChromeDriver: chrome on MAC (4de30df567fa478d188a239646df0e8c)] -> id: modal-profil-murid]
      Session ID: 4de30df567fa478d188a239646df0e8c
      	at sun.reflect.GeneratedConstructorAccessor44.newInstance(Unknown Source)
      	at sun.reflect.DelegatingConstructorAccessorImpl.newInstance(DelegatingConstructorAccessorImpl.java:45)
      	at java.lang.reflect.Constructor.newInstance(Constructor.java:423)
      	at org.openqa.selenium.remote.codec.w3c.W3CHttpResponseCodec.createException(W3CHttpResponseCodec.java:200)
      	at org.openqa.selenium.remote.codec.w3c.W3CHttpResponseCodec.decode(W3CHttpResponseCodec.java:133)
      	at org.openqa.selenium.remote.codec.w3c.W3CHttpResponseCodec.decode(W3CHttpResponseCodec.java:53)
      	at org.openqa.selenium.remote.HttpCommandExecutor.execute(HttpCommandExecutor.java:184)
      	at org.openqa.selenium.remote.service.DriverCommandExecutor.invokeExecute(DriverCommandExecutor.java:167)
      	at org.openqa.selenium.remote.service.DriverCommandExecutor.execute(DriverCommandExecutor.java:142)
      	at org.openqa.selenium.remote.RemoteWebDriver.execute(RemoteWebDriver.java:558)
      	at org.openqa.selenium.remote.RemoteWebElement.execute(RemoteWebElement.java:251)
      	at org.openqa.selenium.remote.RemoteWebElement.click(RemoteWebElement.java:77)
      	at sun.reflect.GeneratedMethodAccessor10.invoke(Unknown Source)
      	at sun.reflect.DelegatingMethodAccessorImpl.invoke(DelegatingMethodAccessorImpl.java:43)
      	at java.lang.reflect.Method.invoke(Method.java:498)
      	at org.openqa.selenium.support.pagefactory.internal.LocatingElementHandler.invoke(LocatingElementHandler.java:52)
      	at com.sun.proxy.$Proxy21.click(Unknown Source)
      	at org.example.pageObject.UpdateStudentPage.openEditProfileModal(UpdateStudentPage.java:105)
      	at step_definitions.UpdateStudentSteps.userClickEditProfile(UpdateStudentSteps.java:355)
      	at ✽.And User click edit profile(features/UpdateStudent.feature:11)
      &amp#27;[0m
]]></system-out>
  </testcase>
  <testcase name="Given Student already on Edit Profile page" classname="| uyuy.png |" time="0">
    <skipped/>
    <system-out><![CDATA[
  Background:                                                                        &amp#27;[90m# features/UpdateStudent.feature:4&amp#27;[0m
    &amp#27;[32mGiven &amp#27;[0m&amp#27;[32mUser open the website GuruMu&amp#27;[0m                                               &amp#27;[90m# LoginSteps.userOpenTheWebsiteGuruMu()&amp#27;[0m
    &amp#27;[32mWhen &amp#27;[0m&amp#27;[32mUser click avatar navigation&amp#27;[0m                                                &amp#27;[90m# LoginSteps.userClickAvatarNavigation()&amp#27;[0m
    &amp#27;[32mAnd &amp#27;[0m&amp#27;[32mUser click menu Masuk&amp#27;[0m                                                        &amp#27;[90m# LoginSteps.userClickMenuMasuk()&amp#27;[0m
    &amp#27;[32mAnd &amp#27;[0m&amp#27;[32mUser input "&amp#27;[0m&amp#27;[32m&amp#27;[1mherdiladania11@gmail.com&amp#27;[0m&amp#27;[32m" as email and input "&amp#27;[0m&amp#27;[32m&amp#27;[1mfe123&amp#27;[0m&amp#27;[32m" as password&amp#27;[0m &amp#27;[90m# LoginSteps.inputCredential(String,String)&amp#27;[0m
    &amp#27;[32mAnd &amp#27;[0m&amp#27;[32mUser clicked masuk button&amp#27;[0m                                                    &amp#27;[90m# LoginSteps.userClickMasukButton()&amp#27;[0m
    &amp#27;[32mWhen &amp#27;[0m&amp#27;[32mUser move to Profile Page&amp#27;[0m                                                   &amp#27;[90m# PenilaianUlasanSteps.userMoveToProfilePage()&amp#27;[0m
    &amp#27;[31mAnd &amp#27;[0m&amp#27;[31mUser click edit profile&amp#27;[0m                                                      &amp#27;[90m# UpdateStudentSteps.userClickEditProfile()&amp#27;[0m
      &amp#27;[31morg.openqa.selenium.ElementClickInterceptedException: element click intercepted: Element <label id="modal-profil-murid" for="my-modal-5" class="flex gap-1 absolute lg:top-10 top-10 lg:right-40 right-0">...</label> is not clickable at point (949, 280). Other element would receive the click: <h2 class="swal2-title" id="swal2-title" style="display: block;">...</h2>
        (Session info: chrome=110.0.5481.100)
      Build info: version: '4.1.2', revision: '9a5a329c5a'
      System info: host: 'nsystem-mbp', ip: 'fe80:0:0:0:ce7:beec:a50b:8367%en0', os.name: 'Mac OS X', os.arch: 'x86_64', os.version: '10.16', java.version: '1.8.0_201'
      Driver info: org.openqa.selenium.chrome.ChromeDriver
      Command: [73347f2ed5f787e171c8337ef2cab259, clickElement {id=ea0123cb-e71d-4085-b58f-0ad2408de05d}]
      Capabilities {acceptInsecureCerts: false, browserName: chrome, browserVersion: 110.0.5481.100, chrome: {chromedriverVersion: 110.0.5481.77 (65ed616c6e8e..., userDataDir: /var/folders/00/xzw63_pj58g...}, goog:chromeOptions: {debuggerAddress: localhost:50547}, javascriptEnabled: true, networkConnectionEnabled: false, pageLoadStrategy: normal, platform: MAC, platformName: MAC, proxy: Proxy(), se:cdp: ws://localhost:50547/devtoo..., se:cdpVersion: 110.0.5481.100, setWindowRect: true, strictFileInteractability: false, timeouts: {implicit: 0, pageLoad: 300000, script: 30000}, unhandledPromptBehavior: dismiss and notify, webauthn:extension:credBlob: true, webauthn:extension:largeBlob: true, webauthn:virtualAuthenticators: true}
      Element: [[ChromeDriver: chrome on MAC (73347f2ed5f787e171c8337ef2cab259)] -> id: modal-profil-murid]
      Session ID: 73347f2ed5f787e171c8337ef2cab259
      	at sun.reflect.GeneratedConstructorAccessor44.newInstance(Unknown Source)
      	at sun.reflect.DelegatingConstructorAccessorImpl.newInstance(DelegatingConstructorAccessorImpl.java:45)
      	at java.lang.reflect.Constructor.newInstance(Constructor.java:423)
      	at org.openqa.selenium.remote.codec.w3c.W3CHttpResponseCodec.createException(W3CHttpResponseCodec.java:200)
      	at org.openqa.selenium.remote.codec.w3c.W3CHttpResponseCodec.decode(W3CHttpResponseCodec.java:133)
      	at org.openqa.selenium.remote.codec.w3c.W3CHttpResponseCodec.decode(W3CHttpResponseCodec.java:53)
      	at org.openqa.selenium.remote.HttpCommandExecutor.execute(HttpCommandExecutor.java:184)
      	at org.openqa.selenium.remote.service.DriverCommandExecutor.invokeExecute(DriverCommandExecutor.java:167)
      	at org.openqa.selenium.remote.service.DriverCommandExecutor.execute(DriverCommandExecutor.java:142)
      	at org.openqa.selenium.remote.RemoteWebDriver.execute(RemoteWebDriver.java:558)
      	at org.openqa.selenium.remote.RemoteWebElement.execute(RemoteWebElement.java:251)
      	at org.openqa.selenium.remote.RemoteWebElement.click(RemoteWebElement.java:77)
      	at sun.reflect.GeneratedMethodAccessor10.invoke(Unknown Source)
      	at sun.reflect.DelegatingMethodAccessorImpl.invoke(DelegatingMethodAccessorImpl.java:43)
      	at java.lang.reflect.Method.invoke(Method.java:498)
      	at org.openqa.selenium.support.pagefactory.internal.LocatingElementHandler.invoke(LocatingElementHandler.java:52)
      	at com.sun.proxy.$Proxy21.click(Unknown Source)
      	at org.example.pageObject.UpdateStudentPage.openEditProfileModal(UpdateStudentPage.java:105)
      	at step_definitions.UpdateStudentSteps.userClickEditProfile(UpdateStudentSteps.java:355)
      	at ✽.And User click edit profile(features/UpdateStudent.feature:11)
      &amp#27;[0m
]]></system-out>
  </testcase>
  <testcase name="Given Student already on Edit Profile page" classname="| uyuy.png |" time="0">
    <skipped/>
    <system-out><![CDATA[
  Background:                                                                        &amp#27;[90m# features/UpdateStudent.feature:4&amp#27;[0m
    &amp#27;[32mGiven &amp#27;[0m&amp#27;[32mUser open the website GuruMu&amp#27;[0m                                               &amp#27;[90m# LoginSteps.userOpenTheWebsiteGuruMu()&amp#27;[0m
    &amp#27;[32mWhen &amp#27;[0m&amp#27;[32mUser click avatar navigation&amp#27;[0m                                                &amp#27;[90m# LoginSteps.userClickAvatarNavigation()&amp#27;[0m
    &amp#27;[32mAnd &amp#27;[0m&amp#27;[32mUser click menu Masuk&amp#27;[0m                                                        &amp#27;[90m# LoginSteps.userClickMenuMasuk()&amp#27;[0m
    &amp#27;[32mAnd &amp#27;[0m&amp#27;[32mUser input "&amp#27;[0m&amp#27;[32m&amp#27;[1mherdiladania11@gmail.com&amp#27;[0m&amp#27;[32m" as email and input "&amp#27;[0m&amp#27;[32m&amp#27;[1mfe123&amp#27;[0m&amp#27;[32m" as password&amp#27;[0m &amp#27;[90m# LoginSteps.inputCredential(String,String)&amp#27;[0m
    &amp#27;[32mAnd &amp#27;[0m&amp#27;[32mUser clicked masuk button&amp#27;[0m                                                    &amp#27;[90m# LoginSteps.userClickMasukButton()&amp#27;[0m
    &amp#27;[32mWhen &amp#27;[0m&amp#27;[32mUser move to Profile Page&amp#27;[0m                                                   &amp#27;[90m# PenilaianUlasanSteps.userMoveToProfilePage()&amp#27;[0m
    &amp#27;[31mAnd &amp#27;[0m&amp#27;[31mUser click edit profile&amp#27;[0m                                                      &amp#27;[90m# UpdateStudentSteps.userClickEditProfile()&amp#27;[0m
      &amp#27;[31morg.openqa.selenium.ElementClickInterceptedException: element click intercepted: Element <label id="modal-profil-murid" for="my-modal-5" class="flex gap-1 absolute lg:top-10 top-10 lg:right-40 right-0">...</label> is not clickable at point (949, 280). Other element would receive the click: <h2 class="swal2-title" id="swal2-title" style="display: block;">...</h2>
        (Session info: chrome=110.0.5481.100)
      Build info: version: '4.1.2', revision: '9a5a329c5a'
      System info: host: 'nsystem-mbp', ip: 'fe80:0:0:0:ce7:beec:a50b:8367%en0', os.name: 'Mac OS X', os.arch: 'x86_64', os.version: '10.16', java.version: '1.8.0_201'
      Driver info: org.openqa.selenium.chrome.ChromeDriver
      Command: [cac278935b272321b86a4e8d2be950b3, clickElement {id=da280fc4-ec8e-4d64-af85-6ebed972fcc5}]
      Capabilities {acceptInsecureCerts: false, browserName: chrome, browserVersion: 110.0.5481.100, chrome: {chromedriverVersion: 110.0.5481.77 (65ed616c6e8e..., userDataDir: /var/folders/00/xzw63_pj58g...}, goog:chromeOptions: {debuggerAddress: localhost:50573}, javascriptEnabled: true, networkConnectionEnabled: false, pageLoadStrategy: normal, platform: MAC, platformName: MAC, proxy: Proxy(), se:cdp: ws://localhost:50573/devtoo..., se:cdpVersion: 110.0.5481.100, setWindowRect: true, strictFileInteractability: false, timeouts: {implicit: 0, pageLoad: 300000, script: 30000}, unhandledPromptBehavior: dismiss and notify, webauthn:extension:credBlob: true, webauthn:extension:largeBlob: true, webauthn:virtualAuthenticators: true}
      Element: [[ChromeDriver: chrome on MAC (cac278935b272321b86a4e8d2be950b3)] -> id: modal-profil-murid]
      Session ID: cac278935b272321b86a4e8d2be950b3
      	at sun.reflect.GeneratedConstructorAccessor44.newInstance(Unknown Source)
      	at sun.reflect.DelegatingConstructorAccessorImpl.newInstance(DelegatingConstructorAccessorImpl.java:45)
      	at java.lang.reflect.Constructor.newInstance(Constructor.java:423)
      	at org.openqa.selenium.remote.codec.w3c.W3CHttpResponseCodec.createException(W3CHttpResponseCodec.java:200)
      	at org.openqa.selenium.remote.codec.w3c.W3CHttpResponseCodec.decode(W3CHttpResponseCodec.java:133)
      	at org.openqa.selenium.remote.codec.w3c.W3CHttpResponseCodec.decode(W3CHttpResponseCodec.java:53)
      	at org.openqa.selenium.remote.HttpCommandExecutor.execute(HttpCommandExecutor.java:184)
      	at org.openqa.selenium.remote.service.DriverCommandExecutor.invokeExecute(DriverCommandExecutor.java:167)
      	at org.openqa.selenium.remote.service.DriverCommandExecutor.execute(DriverCommandExecutor.java:142)
      	at org.openqa.selenium.remote.RemoteWebDriver.execute(RemoteWebDriver.java:558)
      	at org.openqa.selenium.remote.RemoteWebElement.execute(RemoteWebElement.java:251)
      	at org.openqa.selenium.remote.RemoteWebElement.click(RemoteWebElement.java:77)
      	at sun.reflect.GeneratedMethodAccessor10.invoke(Unknown Source)
      	at sun.reflect.DelegatingMethodAccessorImpl.invoke(DelegatingMethodAccessorImpl.java:43)
      	at java.lang.reflect.Method.invoke(Method.java:498)
      	at org.openqa.selenium.support.pagefactory.internal.LocatingElementHandler.invoke(LocatingElementHandler.java:52)
      	at com.sun.proxy.$Proxy21.click(Unknown Source)
      	at org.example.pageObject.UpdateStudentPage.openEditProfileModal(UpdateStudentPage.java:105)
      	at step_definitions.UpdateStudentSteps.userClickEditProfile(UpdateStudentSteps.java:355)
      	at ✽.And User click edit profile(features/UpdateStudent.feature:11)
      &amp#27;[0m
]]></system-out>
  </testcase>
  <testcase name="When Student click Unggah Foto field" classname="| uyuy.png |" time="0">
    <skipped/>
  </testcase>
  <testcase name="When Student click Unggah Foto field" classname="| uyuy.png |" time="0">
    <skipped/>
  </testcase>
  <testcase name="When Student click Unggah Foto field" classname="| uyuy.png |" time="0">
    <skipped/>
  </testcase>
  <testcase name="Then Student Upload &quot;uyuy.png&quot; with 400 x 400 pixels in Unggah Foto field" classname="| uyuy.png |" time="0">
    <skipped/>
  </testcase>
  <testcase name="Then Student Upload &quot;uyuy.png&quot; with under 400 x 400 pixels in Unggah Foto field" classname="| uyuy.png |" time="0">
    <skipped/>
  </testcase>
  <testcase name="Then Student Upload &quot;uyuy.png&quot; with over 400 x 400 pixels in Unggah Foto field" classname="| uyuy.png |" time="0">
    <skipped/>
  </testcase>
  <testcase name="And User input &quot;zulfeekei@gmail.com&quot; as email and input &quot;be123&quot; as password" classname="| uyuy.png |" time="0"/>
  <testcase name="And User input &quot;zulfeekei@gmail.com&quot; as email and input &quot;be123&quot; as password" classname="| uyuy.png |" time="0"/>
  <testcase name="And User input &quot;zulfeekei@gmail.com&quot; as email and input &quot;be123&quot; as password" classname="| uyuy.png |" time="0"/>
  <testcase name="And User input &quot;zulfeekei@gmail.com&quot; as email and input &quot;be123&quot; as password" classname="| uyuy.png |" time="0"/>
  <testcase name="And User input &quot;zulfeekei@gmail.com&quot; as email and input &quot;be123&quot; as password" classname="| uyuy.png |" time="0"/>
  <testcase name="And User input &quot;zulfeekei@gmail.com&quot; as email and input &quot;be123&quot; as password" classname="| uyuy.png |" time="0"/>
  <testcase name="And User move to edit profile" classname="| uyuy.png |" time="0">
    <skipped/>
  </testcase>
  <testcase name="And User move to edit profile" classname="| uyuy.png |" time="0.003">
    <error message="no such element: Unable to locate element: {&quot;method&quot;:&quot;xpath&quot;,&quot;selector&quot;:&quot;//div[@class=&apos;bp4-tab pl-12 pr-12 pb-2 font-bold text-xl lg:ml-60 mx-auto&apos;]&quot;}&#10;  (Session info: chrome=110.0.5481.100)&#10;For documentation on this error, please visit: https://selenium.dev/exceptions/#no_such_element&#10;Build info: version: &apos;4.1.2&apos;, revision: &apos;9a5a329c5a&apos;&#10;System info: host: &apos;nsystem-mbp&apos;, ip: &apos;fe80:0:0:0:ce7:beec:a50b:8367%en0&apos;, os.name: &apos;Mac OS X&apos;, os.arch: &apos;x86_64&apos;, os.version: &apos;10.16&apos;, java.version: &apos;1.8.0_201&apos;&#10;Driver info: org.openqa.selenium.chrome.ChromeDriver&#10;Command: [1ea1f688aac20f6ec3c582a333dc8288, findElement {using=xpath, value=//div[@class=&apos;bp4-tab pl-12 pr-12 pb-2 font-bold text-xl lg:ml-60 mx-auto&apos;]}]&#10;Capabilities {acceptInsecureCerts: false, browserName: chrome, browserVersion: 110.0.5481.100, chrome: {chromedriverVersion: 110.0.5481.77 (65ed616c6e8e..., userDataDir: /var/folders/00/xzw63_pj58g...}, goog:chromeOptions: {debuggerAddress: localhost:51081}, javascriptEnabled: true, networkConnectionEnabled: false, pageLoadStrategy: normal, platform: MAC, platformName: MAC, proxy: Proxy(), se:cdp: ws://localhost:51081/devtoo..., se:cdpVersion: 110.0.5481.100, setWindowRect: true, strictFileInteractability: false, timeouts: {implicit: 0, pageLoad: 300000, script: 30000}, unhandledPromptBehavior: dismiss and notify, webauthn:extension:credBlob: true, webauthn:extension:largeBlob: true, webauthn:virtualAuthenticators: true}&#10;Session ID: 1ea1f688aac20f6ec3c582a333dc8288" type="org.openqa.selenium.NoSuchElementException"><![CDATA[org.openqa.selenium.NoSuchElementException: 
no such element: Unable to locate element: {"method":"xpath","selector":"//div[@class='bp4-tab pl-12 pr-12 pb-2 font-bold text-xl lg:ml-60 mx-auto']"}
  (Session info: chrome=110.0.5481.100)
For documentation on this error, please visit: https://selenium.dev/exceptions/#no_such_element
Build info: version: '4.1.2', revision: '9a5a329c5a'
System info: host: 'nsystem-mbp', ip: 'fe80:0:0:0:ce7:beec:a50b:8367%en0', os.name: 'Mac OS X', os.arch: 'x86_64', os.version: '10.16', java.version: '1.8.0_201'
Driver info: org.openqa.selenium.chrome.ChromeDriver
Command: [1ea1f688aac20f6ec3c582a333dc8288, findElement {using=xpath, value=//div[@class='bp4-tab pl-12 pr-12 pb-2 font-bold text-xl lg:ml-60 mx-auto']}]
Capabilities {acceptInsecureCerts: false, browserName: chrome, browserVersion: 110.0.5481.100, chrome: {chromedriverVersion: 110.0.5481.77 (65ed616c6e8e..., userDataDir: /var/folders/00/xzw63_pj58g...}, goog:chromeOptions: {debuggerAddress: localhost:51081}, javascriptEnabled: true, networkConnectionEnabled: false, pageLoadStrategy: normal, platform: MAC, platformName: MAC, proxy: Proxy(), se:cdp: ws://localhost:51081/devtoo..., se:cdpVersion: 110.0.5481.100, setWindowRect: true, strictFileInteractability: false, timeouts: {implicit: 0, pageLoad: 300000, script: 30000}, unhandledPromptBehavior: dismiss and notify, webauthn:extension:credBlob: true, webauthn:extension:largeBlob: true, webauthn:virtualAuthenticators: true}
Session ID: 1ea1f688aac20f6ec3c582a333dc8288
]]></error>
  </testcase>
  <testcase name="And User move to edit profile" classname="| uyuy.png |" time="0">
    <skipped/>
  </testcase>
  <testcase name="And User move to edit profile" classname="| uyuy.png |" time="0">
    <skipped/>
  </testcase>
  <testcase name="And User move to edit profile" classname="| uyuy.png |" time="0.005">
    <error message="no such element: Unable to locate element: {&quot;method&quot;:&quot;xpath&quot;,&quot;selector&quot;:&quot;//div[@class=&apos;bp4-tab pl-12 pr-12 pb-2 font-bold text-xl lg:ml-60 mx-auto&apos;]&quot;}&#10;  (Session info: chrome=110.0.5481.100)&#10;For documentation on this error, please visit: https://selenium.dev/exceptions/#no_such_element&#10;Build info: version: &apos;4.1.2&apos;, revision: &apos;9a5a329c5a&apos;&#10;System info: host: &apos;nsystem-mbp&apos;, ip: &apos;fe80:0:0:0:ce7:beec:a50b:8367%en0&apos;, os.name: &apos;Mac OS X&apos;, os.arch: &apos;x86_64&apos;, os.version: &apos;10.16&apos;, java.version: &apos;1.8.0_201&apos;&#10;Driver info: org.openqa.selenium.chrome.ChromeDriver&#10;Command: [7b24b010f84717bc3fa04448b585b0cf, findElement {using=xpath, value=//div[@class=&apos;bp4-tab pl-12 pr-12 pb-2 font-bold text-xl lg:ml-60 mx-auto&apos;]}]&#10;Capabilities {acceptInsecureCerts: false, browserName: chrome, browserVersion: 110.0.5481.100, chrome: {chromedriverVersion: 110.0.5481.77 (65ed616c6e8e..., userDataDir: /var/folders/00/xzw63_pj58g...}, goog:chromeOptions: {debuggerAddress: localhost:51180}, javascriptEnabled: true, networkConnectionEnabled: false, pageLoadStrategy: normal, platform: MAC, platformName: MAC, proxy: Proxy(), se:cdp: ws://localhost:51180/devtoo..., se:cdpVersion: 110.0.5481.100, setWindowRect: true, strictFileInteractability: false, timeouts: {implicit: 0, pageLoad: 300000, script: 30000}, unhandledPromptBehavior: dismiss and notify, webauthn:extension:credBlob: true, webauthn:extension:largeBlob: true, webauthn:virtualAuthenticators: true}&#10;Session ID: 7b24b010f84717bc3fa04448b585b0cf" type="org.openqa.selenium.NoSuchElementException"><![CDATA[org.openqa.selenium.NoSuchElementException: 
no such element: Unable to locate element: {"method":"xpath","selector":"//div[@class='bp4-tab pl-12 pr-12 pb-2 font-bold text-xl lg:ml-60 mx-auto']"}
  (Session info: chrome=110.0.5481.100)
For documentation on this error, please visit: https://selenium.dev/exceptions/#no_such_element
Build info: version: '4.1.2', revision: '9a5a329c5a'
System info: host: 'nsystem-mbp', ip: 'fe80:0:0:0:ce7:beec:a50b:8367%en0', os.name: 'Mac OS X', os.arch: 'x86_64', os.version: '10.16', java.version: '1.8.0_201'
Driver info: org.openqa.selenium.chrome.ChromeDriver
Command: [7b24b010f84717bc3fa04448b585b0cf, findElement {using=xpath, value=//div[@class='bp4-tab pl-12 pr-12 pb-2 font-bold text-xl lg:ml-60 mx-auto']}]
Capabilities {acceptInsecureCerts: false, browserName: chrome, browserVersion: 110.0.5481.100, chrome: {chromedriverVersion: 110.0.5481.77 (65ed616c6e8e..., userDataDir: /var/folders/00/xzw63_pj58g...}, goog:chromeOptions: {debuggerAddress: localhost:51180}, javascriptEnabled: true, networkConnectionEnabled: false, pageLoadStrategy: normal, platform: MAC, platformName: MAC, proxy: Proxy(), se:cdp: ws://localhost:51180/devtoo..., se:cdpVersion: 110.0.5481.100, setWindowRect: true, strictFileInteractability: false, timeouts: {implicit: 0, pageLoad: 300000, script: 30000}, unhandledPromptBehavior: dismiss and notify, webauthn:extension:credBlob: true, webauthn:extension:largeBlob: true, webauthn:virtualAuthenticators: true}
Session ID: 7b24b010f84717bc3fa04448b585b0cf
]]></error>
  </testcase>
  <testcase name="And User move to edit profile" classname="| uyuy.png |" time="0.002">
    <error message="no such element: Unable to locate element: {&quot;method&quot;:&quot;xpath&quot;,&quot;selector&quot;:&quot;//div[@class=&apos;bp4-tab pl-12 pr-12 pb-2 font-bold text-xl lg:ml-60 mx-auto&apos;]&quot;}&#10;  (Session info: chrome=110.0.5481.100)&#10;For documentation on this error, please visit: https://selenium.dev/exceptions/#no_such_element&#10;Build info: version: &apos;4.1.2&apos;, revision: &apos;9a5a329c5a&apos;&#10;System info: host: &apos;nsystem-mbp&apos;, ip: &apos;fe80:0:0:0:ce7:beec:a50b:8367%en0&apos;, os.name: &apos;Mac OS X&apos;, os.arch: &apos;x86_64&apos;, os.version: &apos;10.16&apos;, java.version: &apos;1.8.0_201&apos;&#10;Driver info: org.openqa.selenium.chrome.ChromeDriver&#10;Command: [f1c2c0b2352ad3b7bb29bbc7ce5364ee, findElement {using=xpath, value=//div[@class=&apos;bp4-tab pl-12 pr-12 pb-2 font-bold text-xl lg:ml-60 mx-auto&apos;]}]&#10;Capabilities {acceptInsecureCerts: false, browserName: chrome, browserVersion: 110.0.5481.100, chrome: {chromedriverVersion: 110.0.5481.77 (65ed616c6e8e..., userDataDir: /var/folders/00/xzw63_pj58g...}, goog:chromeOptions: {debuggerAddress: localhost:51206}, javascriptEnabled: true, networkConnectionEnabled: false, pageLoadStrategy: normal, platform: MAC, platformName: MAC, proxy: Proxy(), se:cdp: ws://localhost:51206/devtoo..., se:cdpVersion: 110.0.5481.100, setWindowRect: true, strictFileInteractability: false, timeouts: {implicit: 0, pageLoad: 300000, script: 30000}, unhandledPromptBehavior: dismiss and notify, webauthn:extension:credBlob: true, webauthn:extension:largeBlob: true, webauthn:virtualAuthenticators: true}&#10;Session ID: f1c2c0b2352ad3b7bb29bbc7ce5364ee" type="org.openqa.selenium.NoSuchElementException"><![CDATA[org.openqa.selenium.NoSuchElementException: 
no such element: Unable to locate element: {"method":"xpath","selector":"//div[@class='bp4-tab pl-12 pr-12 pb-2 font-bold text-xl lg:ml-60 mx-auto']"}
  (Session info: chrome=110.0.5481.100)
For documentation on this error, please visit: https://selenium.dev/exceptions/#no_such_element
Build info: version: '4.1.2', revision: '9a5a329c5a'
System info: host: 'nsystem-mbp', ip: 'fe80:0:0:0:ce7:beec:a50b:8367%en0', os.name: 'Mac OS X', os.arch: 'x86_64', os.version: '10.16', java.version: '1.8.0_201'
Driver info: org.openqa.selenium.chrome.ChromeDriver
Command: [f1c2c0b2352ad3b7bb29bbc7ce5364ee, findElement {using=xpath, value=//div[@class='bp4-tab pl-12 pr-12 pb-2 font-bold text-xl lg:ml-60 mx-auto']}]
Capabilities {acceptInsecureCerts: false, browserName: chrome, browserVersion: 110.0.5481.100, chrome: {chromedriverVersion: 110.0.5481.77 (65ed616c6e8e..., userDataDir: /var/folders/00/xzw63_pj58g...}, goog:chromeOptions: {debuggerAddress: localhost:51206}, javascriptEnabled: true, networkConnectionEnabled: false, pageLoadStrategy: normal, platform: MAC, platformName: MAC, proxy: Proxy(), se:cdp: ws://localhost:51206/devtoo..., se:cdpVersion: 110.0.5481.100, setWindowRect: true, strictFileInteractability: false, timeouts: {implicit: 0, pageLoad: 300000, script: 30000}, unhandledPromptBehavior: dismiss and notify, webauthn:extension:credBlob: true, webauthn:extension:largeBlob: true, webauthn:virtualAuthenticators: true}
Session ID: f1c2c0b2352ad3b7bb29bbc7ce5364ee
]]></error>
  </testcase>
  <testcase name="Given Teacher already on Edit Profile page" classname="| uyuy.png |" time="0">
    <skipped/>
    <system-out><![CDATA[
  Background:                                                                   &amp#27;[90m# features/UpdateTeacher.feature:4&amp#27;[0m
    &amp#27;[32mGiven &amp#27;[0m&amp#27;[32mUser open the website GuruMu&amp#27;[0m                                          &amp#27;[90m# LoginSteps.userOpenTheWebsiteGuruMu()&amp#27;[0m
    &amp#27;[32mWhen &amp#27;[0m&amp#27;[32mUser click avatar navigation&amp#27;[0m                                           &amp#27;[90m# LoginSteps.userClickAvatarNavigation()&amp#27;[0m
    &amp#27;[32mAnd &amp#27;[0m&amp#27;[32mUser click menu Masuk&amp#27;[0m                                                   &amp#27;[90m# LoginSteps.userClickMenuMasuk()&amp#27;[0m
    &amp#27;[32mAnd &amp#27;[0m&amp#27;[32mUser input "&amp#27;[0m&amp#27;[32m&amp#27;[1mzulfeekei@gmail.com&amp#27;[0m&amp#27;[32m" as email and input "&amp#27;[0m&amp#27;[32m&amp#27;[1mbe123&amp#27;[0m&amp#27;[32m" as password&amp#27;[0m &amp#27;[90m# LoginSteps.inputCredential(String,String)&amp#27;[0m
    &amp#27;[32mAnd &amp#27;[0m&amp#27;[32mUser clicked masuk button&amp#27;[0m                                               &amp#27;[90m# LoginSteps.userClickMasukButton()&amp#27;[0m
    &amp#27;[31mWhen &amp#27;[0m&amp#27;[31mUser move to Profile Page&amp#27;[0m                                              &amp#27;[90m# PenilaianUlasanSteps.userMoveToProfilePage()&amp#27;[0m
      &amp#27;[31morg.openqa.selenium.NoSuchElementException: no such element: Unable to locate element: {"method":"xpath","selector":"//h2[@class='swal2-title']"}
        (Session info: chrome=110.0.5481.100)
      For documentation on this error, please visit: https://selenium.dev/exceptions/#no_such_element
      Build info: version: '4.1.2', revision: '9a5a329c5a'
      System info: host: 'nsystem-mbp', ip: 'fe80:0:0:0:ce7:beec:a50b:8367%en0', os.name: 'Mac OS X', os.arch: 'x86_64', os.version: '10.16', java.version: '1.8.0_201'
      Driver info: org.openqa.selenium.chrome.ChromeDriver
      Command: [e4a1787c5e9d622d462f5c00405f9afd, findElement {using=xpath, value=//h2[@class='swal2-title']}]
      Capabilities {acceptInsecureCerts: false, browserName: chrome, browserVersion: 110.0.5481.100, chrome: {chromedriverVersion: 110.0.5481.77 (65ed616c6e8e..., userDataDir: /var/folders/00/xzw63_pj58g...}, goog:chromeOptions: {debuggerAddress: localhost:51059}, javascriptEnabled: true, networkConnectionEnabled: false, pageLoadStrategy: normal, platform: MAC, platformName: MAC, proxy: Proxy(), se:cdp: ws://localhost:51059/devtoo..., se:cdpVersion: 110.0.5481.100, setWindowRect: true, strictFileInteractability: false, timeouts: {implicit: 0, pageLoad: 300000, script: 30000}, unhandledPromptBehavior: dismiss and notify, webauthn:extension:credBlob: true, webauthn:extension:largeBlob: true, webauthn:virtualAuthenticators: true}
      Session ID: e4a1787c5e9d622d462f5c00405f9afd
      	at sun.reflect.GeneratedConstructorAccessor38.newInstance(Unknown Source)
      	at sun.reflect.DelegatingConstructorAccessorImpl.newInstance(DelegatingConstructorAccessorImpl.java:45)
      	at java.lang.reflect.Constructor.newInstance(Constructor.java:423)
      	at org.openqa.selenium.remote.codec.w3c.W3CHttpResponseCodec.createException(W3CHttpResponseCodec.java:200)
      	at org.openqa.selenium.remote.codec.w3c.W3CHttpResponseCodec.decode(W3CHttpResponseCodec.java:133)
      	at org.openqa.selenium.remote.codec.w3c.W3CHttpResponseCodec.decode(W3CHttpResponseCodec.java:53)
      	at org.openqa.selenium.remote.HttpCommandExecutor.execute(HttpCommandExecutor.java:184)
      	at org.openqa.selenium.remote.service.DriverCommandExecutor.invokeExecute(DriverCommandExecutor.java:167)
      	at org.openqa.selenium.remote.service.DriverCommandExecutor.execute(DriverCommandExecutor.java:142)
      	at org.openqa.selenium.remote.RemoteWebDriver.execute(RemoteWebDriver.java:558)
      	at org.openqa.selenium.remote.ElementLocation$ElementFinder$2.findElement(ElementLocation.java:162)
      	at org.openqa.selenium.remote.ElementLocation.findElement(ElementLocation.java:60)
      	at org.openqa.selenium.remote.RemoteWebDriver.findElement(RemoteWebDriver.java:382)
      	at org.openqa.selenium.remote.RemoteWebDriver.findElement(RemoteWebDriver.java:374)
      	at org.openqa.selenium.support.pagefactory.DefaultElementLocator.findElement(DefaultElementLocator.java:70)
      	at org.openqa.selenium.support.pagefactory.internal.LocatingElementHandler.invoke(LocatingElementHandler.java:39)
      	at com.sun.proxy.$Proxy21.isDisplayed(Unknown Source)
      	at org.example.pageObject.BerandaPage.successMessageIsDisplayed(BerandaPage.java:169)
      	at step_definitions.PenilaianUlasanSteps.userMoveToProfilePage(PenilaianUlasanSteps.java:163)
      	at ✽.When User move to Profile Page(features/UpdateTeacher.feature:10)
      &amp#27;[0m
    &amp#27;[36mAnd &amp#27;[0m&amp#27;[36mUser move to edit profile&amp#27;[0m                                               &amp#27;[90m# UpdateTeacherSteps.userMoveToEditProfile()&amp#27;[0m
]]></system-out>
  </testcase>
  <testcase name="Given Teacher already on Edit Profile page" classname="| uyuy.png |" time="0">
    <skipped/>
    <system-out><![CDATA[
  Background:                                                                   &amp#27;[90m# features/UpdateTeacher.feature:4&amp#27;[0m
    &amp#27;[32mGiven &amp#27;[0m&amp#27;[32mUser open the website GuruMu&amp#27;[0m                                          &amp#27;[90m# LoginSteps.userOpenTheWebsiteGuruMu()&amp#27;[0m
    &amp#27;[32mWhen &amp#27;[0m&amp#27;[32mUser click avatar navigation&amp#27;[0m                                           &amp#27;[90m# LoginSteps.userClickAvatarNavigation()&amp#27;[0m
    &amp#27;[32mAnd &amp#27;[0m&amp#27;[32mUser click menu Masuk&amp#27;[0m                                                   &amp#27;[90m# LoginSteps.userClickMenuMasuk()&amp#27;[0m
    &amp#27;[32mAnd &amp#27;[0m&amp#27;[32mUser input "&amp#27;[0m&amp#27;[32m&amp#27;[1mzulfeekei@gmail.com&amp#27;[0m&amp#27;[32m" as email and input "&amp#27;[0m&amp#27;[32m&amp#27;[1mbe123&amp#27;[0m&amp#27;[32m" as password&amp#27;[0m &amp#27;[90m# LoginSteps.inputCredential(String,String)&amp#27;[0m
    &amp#27;[32mAnd &amp#27;[0m&amp#27;[32mUser clicked masuk button&amp#27;[0m                                               &amp#27;[90m# LoginSteps.userClickMasukButton()&amp#27;[0m
    &amp#27;[32mWhen &amp#27;[0m&amp#27;[32mUser move to Profile Page&amp#27;[0m                                              &amp#27;[90m# PenilaianUlasanSteps.userMoveToProfilePage()&amp#27;[0m
    &amp#27;[31mAnd &amp#27;[0m&amp#27;[31mUser move to edit profile&amp#27;[0m                                               &amp#27;[90m# UpdateTeacherSteps.userMoveToEditProfile()&amp#27;[0m
      &amp#27;[31morg.openqa.selenium.NoSuchElementException: no such element: Unable to locate element: {"method":"xpath","selector":"//div[@class='bp4-tab pl-12 pr-12 pb-2 font-bold text-xl lg:ml-60 mx-auto']"}
        (Session info: chrome=110.0.5481.100)
      For documentation on this error, please visit: https://selenium.dev/exceptions/#no_such_element
      Build info: version: '4.1.2', revision: '9a5a329c5a'
      System info: host: 'nsystem-mbp', ip: 'fe80:0:0:0:ce7:beec:a50b:8367%en0', os.name: 'Mac OS X', os.arch: 'x86_64', os.version: '10.16', java.version: '1.8.0_201'
      Driver info: org.openqa.selenium.chrome.ChromeDriver
      Command: [1ea1f688aac20f6ec3c582a333dc8288, findElement {using=xpath, value=//div[@class='bp4-tab pl-12 pr-12 pb-2 font-bold text-xl lg:ml-60 mx-auto']}]
      Capabilities {acceptInsecureCerts: false, browserName: chrome, browserVersion: 110.0.5481.100, chrome: {chromedriverVersion: 110.0.5481.77 (65ed616c6e8e..., userDataDir: /var/folders/00/xzw63_pj58g...}, goog:chromeOptions: {debuggerAddress: localhost:51081}, javascriptEnabled: true, networkConnectionEnabled: false, pageLoadStrategy: normal, platform: MAC, platformName: MAC, proxy: Proxy(), se:cdp: ws://localhost:51081/devtoo..., se:cdpVersion: 110.0.5481.100, setWindowRect: true, strictFileInteractability: false, timeouts: {implicit: 0, pageLoad: 300000, script: 30000}, unhandledPromptBehavior: dismiss and notify, webauthn:extension:credBlob: true, webauthn:extension:largeBlob: true, webauthn:virtualAuthenticators: true}
      Session ID: 1ea1f688aac20f6ec3c582a333dc8288
      	at sun.reflect.GeneratedConstructorAccessor38.newInstance(Unknown Source)
      	at sun.reflect.DelegatingConstructorAccessorImpl.newInstance(DelegatingConstructorAccessorImpl.java:45)
      	at java.lang.reflect.Constructor.newInstance(Constructor.java:423)
      	at org.openqa.selenium.remote.codec.w3c.W3CHttpResponseCodec.createException(W3CHttpResponseCodec.java:200)
      	at org.openqa.selenium.remote.codec.w3c.W3CHttpResponseCodec.decode(W3CHttpResponseCodec.java:133)
      	at org.openqa.selenium.remote.codec.w3c.W3CHttpResponseCodec.decode(W3CHttpResponseCodec.java:53)
      	at org.openqa.selenium.remote.HttpCommandExecutor.execute(HttpCommandExecutor.java:184)
      	at org.openqa.selenium.remote.service.DriverCommandExecutor.invokeExecute(DriverCommandExecutor.java:167)
      	at org.openqa.selenium.remote.service.DriverCommandExecutor.execute(DriverCommandExecutor.java:142)
      	at org.openqa.selenium.remote.RemoteWebDriver.execute(RemoteWebDriver.java:558)
      	at org.openqa.selenium.remote.ElementLocation$ElementFinder$2.findElement(ElementLocation.java:162)
      	at org.openqa.selenium.remote.ElementLocation.findElement(ElementLocation.java:60)
      	at org.openqa.selenium.remote.RemoteWebDriver.findElement(RemoteWebDriver.java:382)
      	at org.openqa.selenium.remote.RemoteWebDriver.findElement(RemoteWebDriver.java:374)
      	at org.openqa.selenium.support.pagefactory.DefaultElementLocator.findElement(DefaultElementLocator.java:70)
      	at org.openqa.selenium.support.pagefactory.internal.LocatingElementHandler.invoke(LocatingElementHandler.java:39)
      	at com.sun.proxy.$Proxy21.click(Unknown Source)
      	at org.example.pageObject.UpdateTeacherPage.toEditProfile(UpdateTeacherPage.java:327)
      	at step_definitions.UpdateTeacherSteps.userMoveToEditProfile(UpdateTeacherSteps.java:1195)
      	at ✽.And User move to edit profile(features/UpdateTeacher.feature:11)
      &amp#27;[0m
]]></system-out>
  </testcase>
  <testcase name="Given Teacher already on Edit Profile page" classname="| uyuy.png |" time="0">
    <skipped/>
    <system-out><![CDATA[
  Background:                                                                   &amp#27;[90m# features/UpdateTeacher.feature:4&amp#27;[0m
    &amp#27;[32mGiven &amp#27;[0m&amp#27;[32mUser open the website GuruMu&amp#27;[0m                                          &amp#27;[90m# LoginSteps.userOpenTheWebsiteGuruMu()&amp#27;[0m
    &amp#27;[32mWhen &amp#27;[0m&amp#27;[32mUser click avatar navigation&amp#27;[0m                                           &amp#27;[90m# LoginSteps.userClickAvatarNavigation()&amp#27;[0m
    &amp#27;[32mAnd &amp#27;[0m&amp#27;[32mUser click menu Masuk&amp#27;[0m                                                   &amp#27;[90m# LoginSteps.userClickMenuMasuk()&amp#27;[0m
    &amp#27;[32mAnd &amp#27;[0m&amp#27;[32mUser input "&amp#27;[0m&amp#27;[32m&amp#27;[1mzulfeekei@gmail.com&amp#27;[0m&amp#27;[32m" as email and input "&amp#27;[0m&amp#27;[32m&amp#27;[1mbe123&amp#27;[0m&amp#27;[32m" as password&amp#27;[0m &amp#27;[90m# LoginSteps.inputCredential(String,String)&amp#27;[0m
    &amp#27;[32mAnd &amp#27;[0m&amp#27;[32mUser clicked masuk button&amp#27;[0m                                               &amp#27;[90m# LoginSteps.userClickMasukButton()&amp#27;[0m
    &amp#27;[31mWhen &amp#27;[0m&amp#27;[31mUser move to Profile Page&amp#27;[0m                                              &amp#27;[90m# PenilaianUlasanSteps.userMoveToProfilePage()&amp#27;[0m
      &amp#27;[31morg.openqa.selenium.NoSuchElementException: no such element: Unable to locate element: {"method":"xpath","selector":"//h2[@class='swal2-title']"}
        (Session info: chrome=110.0.5481.100)
      For documentation on this error, please visit: https://selenium.dev/exceptions/#no_such_element
      Build info: version: '4.1.2', revision: '9a5a329c5a'
      System info: host: 'nsystem-mbp', ip: 'fe80:0:0:0:ce7:beec:a50b:8367%en0', os.name: 'Mac OS X', os.arch: 'x86_64', os.version: '10.16', java.version: '1.8.0_201'
      Driver info: org.openqa.selenium.chrome.ChromeDriver
      Command: [7a778e03581e2207719216a683a85fd4, findElement {using=xpath, value=//h2[@class='swal2-title']}]
      Capabilities {acceptInsecureCerts: false, browserName: chrome, browserVersion: 110.0.5481.100, chrome: {chromedriverVersion: 110.0.5481.77 (65ed616c6e8e..., userDataDir: /var/folders/00/xzw63_pj58g...}, goog:chromeOptions: {debuggerAddress: localhost:51106}, javascriptEnabled: true, networkConnectionEnabled: false, pageLoadStrategy: normal, platform: MAC, platformName: MAC, proxy: Proxy(), se:cdp: ws://localhost:51106/devtoo..., se:cdpVersion: 110.0.5481.100, setWindowRect: true, strictFileInteractability: false, timeouts: {implicit: 0, pageLoad: 300000, script: 30000}, unhandledPromptBehavior: dismiss and notify, webauthn:extension:credBlob: true, webauthn:extension:largeBlob: true, webauthn:virtualAuthenticators: true}
      Session ID: 7a778e03581e2207719216a683a85fd4
      	at sun.reflect.GeneratedConstructorAccessor38.newInstance(Unknown Source)
      	at sun.reflect.DelegatingConstructorAccessorImpl.newInstance(DelegatingConstructorAccessorImpl.java:45)
      	at java.lang.reflect.Constructor.newInstance(Constructor.java:423)
      	at org.openqa.selenium.remote.codec.w3c.W3CHttpResponseCodec.createException(W3CHttpResponseCodec.java:200)
      	at org.openqa.selenium.remote.codec.w3c.W3CHttpResponseCodec.decode(W3CHttpResponseCodec.java:133)
      	at org.openqa.selenium.remote.codec.w3c.W3CHttpResponseCodec.decode(W3CHttpResponseCodec.java:53)
      	at org.openqa.selenium.remote.HttpCommandExecutor.execute(HttpCommandExecutor.java:184)
      	at org.openqa.selenium.remote.service.DriverCommandExecutor.invokeExecute(DriverCommandExecutor.java:167)
      	at org.openqa.selenium.remote.service.DriverCommandExecutor.execute(DriverCommandExecutor.java:142)
      	at org.openqa.selenium.remote.RemoteWebDriver.execute(RemoteWebDriver.java:558)
      	at org.openqa.selenium.remote.ElementLocation$ElementFinder$2.findElement(ElementLocation.java:162)
      	at org.openqa.selenium.remote.ElementLocation.findElement(ElementLocation.java:60)
      	at org.openqa.selenium.remote.RemoteWebDriver.findElement(RemoteWebDriver.java:382)
      	at org.openqa.selenium.remote.RemoteWebDriver.findElement(RemoteWebDriver.java:374)
      	at org.openqa.selenium.support.pagefactory.DefaultElementLocator.findElement(DefaultElementLocator.java:70)
      	at org.openqa.selenium.support.pagefactory.internal.LocatingElementHandler.invoke(LocatingElementHandler.java:39)
      	at com.sun.proxy.$Proxy21.isDisplayed(Unknown Source)
      	at org.example.pageObject.BerandaPage.successMessageIsDisplayed(BerandaPage.java:169)
      	at step_definitions.PenilaianUlasanSteps.userMoveToProfilePage(PenilaianUlasanSteps.java:163)
      	at ✽.When User move to Profile Page(features/UpdateTeacher.feature:10)
      &amp#27;[0m
    &amp#27;[36mAnd &amp#27;[0m&amp#27;[36mUser move to edit profile&amp#27;[0m                                               &amp#27;[90m# UpdateTeacherSteps.userMoveToEditProfile()&amp#27;[0m
]]></system-out>
  </testcase>
  <testcase name="Given Teacher already on Edit Profile page" classname="| uyuy.png |" time="0">
    <skipped/>
    <system-out><![CDATA[
  Background:                                                                   &amp#27;[90m# features/UpdateTeacher.feature:4&amp#27;[0m
    &amp#27;[32mGiven &amp#27;[0m&amp#27;[32mUser open the website GuruMu&amp#27;[0m                                          &amp#27;[90m# LoginSteps.userOpenTheWebsiteGuruMu()&amp#27;[0m
    &amp#27;[32mWhen &amp#27;[0m&amp#27;[32mUser click avatar navigation&amp#27;[0m                                           &amp#27;[90m# LoginSteps.userClickAvatarNavigation()&amp#27;[0m
    &amp#27;[32mAnd &amp#27;[0m&amp#27;[32mUser click menu Masuk&amp#27;[0m                                                   &amp#27;[90m# LoginSteps.userClickMenuMasuk()&amp#27;[0m
    &amp#27;[32mAnd &amp#27;[0m&amp#27;[32mUser input "&amp#27;[0m&amp#27;[32m&amp#27;[1mzulfeekei@gmail.com&amp#27;[0m&amp#27;[32m" as email and input "&amp#27;[0m&amp#27;[32m&amp#27;[1mbe123&amp#27;[0m&amp#27;[32m" as password&amp#27;[0m &amp#27;[90m# LoginSteps.inputCredential(String,String)&amp#27;[0m
    &amp#27;[32mAnd &amp#27;[0m&amp#27;[32mUser clicked masuk button&amp#27;[0m                                               &amp#27;[90m# LoginSteps.userClickMasukButton()&amp#27;[0m
    &amp#27;[31mWhen &amp#27;[0m&amp#27;[31mUser move to Profile Page&amp#27;[0m                                              &amp#27;[90m# PenilaianUlasanSteps.userMoveToProfilePage()&amp#27;[0m
      &amp#27;[31morg.openqa.selenium.NoSuchElementException: no such element: Unable to locate element: {"method":"xpath","selector":"//h2[@class='swal2-title']"}
        (Session info: chrome=110.0.5481.100)
      For documentation on this error, please visit: https://selenium.dev/exceptions/#no_such_element
      Build info: version: '4.1.2', revision: '9a5a329c5a'
      System info: host: 'nsystem-mbp', ip: 'fe80:0:0:0:ce7:beec:a50b:8367%en0', os.name: 'Mac OS X', os.arch: 'x86_64', os.version: '10.16', java.version: '1.8.0_201'
      Driver info: org.openqa.selenium.chrome.ChromeDriver
      Command: [fb35c3a827553ff5acbfba2c35dcfcf7, findElement {using=xpath, value=//h2[@class='swal2-title']}]
      Capabilities {acceptInsecureCerts: false, browserName: chrome, browserVersion: 110.0.5481.100, chrome: {chromedriverVersion: 110.0.5481.77 (65ed616c6e8e..., userDataDir: /var/folders/00/xzw63_pj58g...}, goog:chromeOptions: {debuggerAddress: localhost:51158}, javascriptEnabled: true, networkConnectionEnabled: false, pageLoadStrategy: normal, platform: MAC, platformName: MAC, proxy: Proxy(), se:cdp: ws://localhost:51158/devtoo..., se:cdpVersion: 110.0.5481.100, setWindowRect: true, strictFileInteractability: false, timeouts: {implicit: 0, pageLoad: 300000, script: 30000}, unhandledPromptBehavior: dismiss and notify, webauthn:extension:credBlob: true, webauthn:extension:largeBlob: true, webauthn:virtualAuthenticators: true}
      Session ID: fb35c3a827553ff5acbfba2c35dcfcf7
      	at sun.reflect.GeneratedConstructorAccessor38.newInstance(Unknown Source)
      	at sun.reflect.DelegatingConstructorAccessorImpl.newInstance(DelegatingConstructorAccessorImpl.java:45)
      	at java.lang.reflect.Constructor.newInstance(Constructor.java:423)
      	at org.openqa.selenium.remote.codec.w3c.W3CHttpResponseCodec.createException(W3CHttpResponseCodec.java:200)
      	at org.openqa.selenium.remote.codec.w3c.W3CHttpResponseCodec.decode(W3CHttpResponseCodec.java:133)
      	at org.openqa.selenium.remote.codec.w3c.W3CHttpResponseCodec.decode(W3CHttpResponseCodec.java:53)
      	at org.openqa.selenium.remote.HttpCommandExecutor.execute(HttpCommandExecutor.java:184)
      	at org.openqa.selenium.remote.service.DriverCommandExecutor.invokeExecute(DriverCommandExecutor.java:167)
      	at org.openqa.selenium.remote.service.DriverCommandExecutor.execute(DriverCommandExecutor.java:142)
      	at org.openqa.selenium.remote.RemoteWebDriver.execute(RemoteWebDriver.java:558)
      	at org.openqa.selenium.remote.ElementLocation$ElementFinder$2.findElement(ElementLocation.java:162)
      	at org.openqa.selenium.remote.ElementLocation.findElement(ElementLocation.java:60)
      	at org.openqa.selenium.remote.RemoteWebDriver.findElement(RemoteWebDriver.java:382)
      	at org.openqa.selenium.remote.RemoteWebDriver.findElement(RemoteWebDriver.java:374)
      	at org.openqa.selenium.support.pagefactory.DefaultElementLocator.findElement(DefaultElementLocator.java:70)
      	at org.openqa.selenium.support.pagefactory.internal.LocatingElementHandler.invoke(LocatingElementHandler.java:39)
      	at com.sun.proxy.$Proxy21.isDisplayed(Unknown Source)
      	at org.example.pageObject.BerandaPage.successMessageIsDisplayed(BerandaPage.java:169)
      	at step_definitions.PenilaianUlasanSteps.userMoveToProfilePage(PenilaianUlasanSteps.java:163)
      	at ✽.When User move to Profile Page(features/UpdateTeacher.feature:10)
      &amp#27;[0m
    &amp#27;[36mAnd &amp#27;[0m&amp#27;[36mUser move to edit profile&amp#27;[0m                                               &amp#27;[90m# UpdateTeacherSteps.userMoveToEditProfile()&amp#27;[0m
]]></system-out>
  </testcase>
  <testcase name="Given Teacher already on Edit Profile page" classname="| uyuy.png |" time="0">
    <skipped/>
    <system-out><![CDATA[
  Background:                                                                   &amp#27;[90m# features/UpdateTeacher.feature:4&amp#27;[0m
    &amp#27;[32mGiven &amp#27;[0m&amp#27;[32mUser open the website GuruMu&amp#27;[0m                                          &amp#27;[90m# LoginSteps.userOpenTheWebsiteGuruMu()&amp#27;[0m
    &amp#27;[32mWhen &amp#27;[0m&amp#27;[32mUser click avatar navigation&amp#27;[0m                                           &amp#27;[90m# LoginSteps.userClickAvatarNavigation()&amp#27;[0m
    &amp#27;[32mAnd &amp#27;[0m&amp#27;[32mUser click menu Masuk&amp#27;[0m                                                   &amp#27;[90m# LoginSteps.userClickMenuMasuk()&amp#27;[0m
    &amp#27;[32mAnd &amp#27;[0m&amp#27;[32mUser input "&amp#27;[0m&amp#27;[32m&amp#27;[1mzulfeekei@gmail.com&amp#27;[0m&amp#27;[32m" as email and input "&amp#27;[0m&amp#27;[32m&amp#27;[1mbe123&amp#27;[0m&amp#27;[32m" as password&amp#27;[0m &amp#27;[90m# LoginSteps.inputCredential(String,String)&amp#27;[0m
    &amp#27;[32mAnd &amp#27;[0m&amp#27;[32mUser clicked masuk button&amp#27;[0m                                               &amp#27;[90m# LoginSteps.userClickMasukButton()&amp#27;[0m
    &amp#27;[32mWhen &amp#27;[0m&amp#27;[32mUser move to Profile Page&amp#27;[0m                                              &amp#27;[90m# PenilaianUlasanSteps.userMoveToProfilePage()&amp#27;[0m
    &amp#27;[31mAnd &amp#27;[0m&amp#27;[31mUser move to edit profile&amp#27;[0m                                               &amp#27;[90m# UpdateTeacherSteps.userMoveToEditProfile()&amp#27;[0m
      &amp#27;[31morg.openqa.selenium.NoSuchElementException: no such element: Unable to locate element: {"method":"xpath","selector":"//div[@class='bp4-tab pl-12 pr-12 pb-2 font-bold text-xl lg:ml-60 mx-auto']"}
        (Session info: chrome=110.0.5481.100)
      For documentation on this error, please visit: https://selenium.dev/exceptions/#no_such_element
      Build info: version: '4.1.2', revision: '9a5a329c5a'
      System info: host: 'nsystem-mbp', ip: 'fe80:0:0:0:ce7:beec:a50b:8367%en0', os.name: 'Mac OS X', os.arch: 'x86_64', os.version: '10.16', java.version: '1.8.0_201'
      Driver info: org.openqa.selenium.chrome.ChromeDriver
      Command: [7b24b010f84717bc3fa04448b585b0cf, findElement {using=xpath, value=//div[@class='bp4-tab pl-12 pr-12 pb-2 font-bold text-xl lg:ml-60 mx-auto']}]
      Capabilities {acceptInsecureCerts: false, browserName: chrome, browserVersion: 110.0.5481.100, chrome: {chromedriverVersion: 110.0.5481.77 (65ed616c6e8e..., userDataDir: /var/folders/00/xzw63_pj58g...}, goog:chromeOptions: {debuggerAddress: localhost:51180}, javascriptEnabled: true, networkConnectionEnabled: false, pageLoadStrategy: normal, platform: MAC, platformName: MAC, proxy: Proxy(), se:cdp: ws://localhost:51180/devtoo..., se:cdpVersion: 110.0.5481.100, setWindowRect: true, strictFileInteractability: false, timeouts: {implicit: 0, pageLoad: 300000, script: 30000}, unhandledPromptBehavior: dismiss and notify, webauthn:extension:credBlob: true, webauthn:extension:largeBlob: true, webauthn:virtualAuthenticators: true}
      Session ID: 7b24b010f84717bc3fa04448b585b0cf
      	at sun.reflect.GeneratedConstructorAccessor38.newInstance(Unknown Source)
      	at sun.reflect.DelegatingConstructorAccessorImpl.newInstance(DelegatingConstructorAccessorImpl.java:45)
      	at java.lang.reflect.Constructor.newInstance(Constructor.java:423)
      	at org.openqa.selenium.remote.codec.w3c.W3CHttpResponseCodec.createException(W3CHttpResponseCodec.java:200)
      	at org.openqa.selenium.remote.codec.w3c.W3CHttpResponseCodec.decode(W3CHttpResponseCodec.java:133)
      	at org.openqa.selenium.remote.codec.w3c.W3CHttpResponseCodec.decode(W3CHttpResponseCodec.java:53)
      	at org.openqa.selenium.remote.HttpCommandExecutor.execute(HttpCommandExecutor.java:184)
      	at org.openqa.selenium.remote.service.DriverCommandExecutor.invokeExecute(DriverCommandExecutor.java:167)
      	at org.openqa.selenium.remote.service.DriverCommandExecutor.execute(DriverCommandExecutor.java:142)
      	at org.openqa.selenium.remote.RemoteWebDriver.execute(RemoteWebDriver.java:558)
      	at org.openqa.selenium.remote.ElementLocation$ElementFinder$2.findElement(ElementLocation.java:162)
      	at org.openqa.selenium.remote.ElementLocation.findElement(ElementLocation.java:60)
      	at org.openqa.selenium.remote.RemoteWebDriver.findElement(RemoteWebDriver.java:382)
      	at org.openqa.selenium.remote.RemoteWebDriver.findElement(RemoteWebDriver.java:374)
      	at org.openqa.selenium.support.pagefactory.DefaultElementLocator.findElement(DefaultElementLocator.java:70)
      	at org.openqa.selenium.support.pagefactory.internal.LocatingElementHandler.invoke(LocatingElementHandler.java:39)
      	at com.sun.proxy.$Proxy21.click(Unknown Source)
      	at org.example.pageObject.UpdateTeacherPage.toEditProfile(UpdateTeacherPage.java:327)
      	at step_definitions.UpdateTeacherSteps.userMoveToEditProfile(UpdateTeacherSteps.java:1195)
      	at ✽.And User move to edit profile(features/UpdateTeacher.feature:11)
      &amp#27;[0m
]]></system-out>
  </testcase>
  <testcase name="Given Teacher already on Edit Profile page" classname="| uyuy.png |" time="0">
    <skipped/>
    <system-out><![CDATA[
  Background:                                                                   &amp#27;[90m# features/UpdateTeacher.feature:4&amp#27;[0m
    &amp#27;[32mGiven &amp#27;[0m&amp#27;[32mUser open the website GuruMu&amp#27;[0m                                          &amp#27;[90m# LoginSteps.userOpenTheWebsiteGuruMu()&amp#27;[0m
    &amp#27;[32mWhen &amp#27;[0m&amp#27;[32mUser click avatar navigation&amp#27;[0m                                           &amp#27;[90m# LoginSteps.userClickAvatarNavigation()&amp#27;[0m
    &amp#27;[32mAnd &amp#27;[0m&amp#27;[32mUser click menu Masuk&amp#27;[0m                                                   &amp#27;[90m# LoginSteps.userClickMenuMasuk()&amp#27;[0m
    &amp#27;[32mAnd &amp#27;[0m&amp#27;[32mUser input "&amp#27;[0m&amp#27;[32m&amp#27;[1mzulfeekei@gmail.com&amp#27;[0m&amp#27;[32m" as email and input "&amp#27;[0m&amp#27;[32m&amp#27;[1mbe123&amp#27;[0m&amp#27;[32m" as password&amp#27;[0m &amp#27;[90m# LoginSteps.inputCredential(String,String)&amp#27;[0m
    &amp#27;[32mAnd &amp#27;[0m&amp#27;[32mUser clicked masuk button&amp#27;[0m                                               &amp#27;[90m# LoginSteps.userClickMasukButton()&amp#27;[0m
    &amp#27;[32mWhen &amp#27;[0m&amp#27;[32mUser move to Profile Page&amp#27;[0m                                              &amp#27;[90m# PenilaianUlasanSteps.userMoveToProfilePage()&amp#27;[0m
    &amp#27;[31mAnd &amp#27;[0m&amp#27;[31mUser move to edit profile&amp#27;[0m                                               &amp#27;[90m# UpdateTeacherSteps.userMoveToEditProfile()&amp#27;[0m
      &amp#27;[31morg.openqa.selenium.NoSuchElementException: no such element: Unable to locate element: {"method":"xpath","selector":"//div[@class='bp4-tab pl-12 pr-12 pb-2 font-bold text-xl lg:ml-60 mx-auto']"}
        (Session info: chrome=110.0.5481.100)
      For documentation on this error, please visit: https://selenium.dev/exceptions/#no_such_element
      Build info: version: '4.1.2', revision: '9a5a329c5a'
      System info: host: 'nsystem-mbp', ip: 'fe80:0:0:0:ce7:beec:a50b:8367%en0', os.name: 'Mac OS X', os.arch: 'x86_64', os.version: '10.16', java.version: '1.8.0_201'
      Driver info: org.openqa.selenium.chrome.ChromeDriver
      Command: [f1c2c0b2352ad3b7bb29bbc7ce5364ee, findElement {using=xpath, value=//div[@class='bp4-tab pl-12 pr-12 pb-2 font-bold text-xl lg:ml-60 mx-auto']}]
      Capabilities {acceptInsecureCerts: false, browserName: chrome, browserVersion: 110.0.5481.100, chrome: {chromedriverVersion: 110.0.5481.77 (65ed616c6e8e..., userDataDir: /var/folders/00/xzw63_pj58g...}, goog:chromeOptions: {debuggerAddress: localhost:51206}, javascriptEnabled: true, networkConnectionEnabled: false, pageLoadStrategy: normal, platform: MAC, platformName: MAC, proxy: Proxy(), se:cdp: ws://localhost:51206/devtoo..., se:cdpVersion: 110.0.5481.100, setWindowRect: true, strictFileInteractability: false, timeouts: {implicit: 0, pageLoad: 300000, script: 30000}, unhandledPromptBehavior: dismiss and notify, webauthn:extension:credBlob: true, webauthn:extension:largeBlob: true, webauthn:virtualAuthenticators: true}
      Session ID: f1c2c0b2352ad3b7bb29bbc7ce5364ee
      	at sun.reflect.GeneratedConstructorAccessor38.newInstance(Unknown Source)
      	at sun.reflect.DelegatingConstructorAccessorImpl.newInstance(DelegatingConstructorAccessorImpl.java:45)
      	at java.lang.reflect.Constructor.newInstance(Constructor.java:423)
      	at org.openqa.selenium.remote.codec.w3c.W3CHttpResponseCodec.createException(W3CHttpResponseCodec.java:200)
      	at org.openqa.selenium.remote.codec.w3c.W3CHttpResponseCodec.decode(W3CHttpResponseCodec.java:133)
      	at org.openqa.selenium.remote.codec.w3c.W3CHttpResponseCodec.decode(W3CHttpResponseCodec.java:53)
      	at org.openqa.selenium.remote.HttpCommandExecutor.execute(HttpCommandExecutor.java:184)
      	at org.openqa.selenium.remote.service.DriverCommandExecutor.invokeExecute(DriverCommandExecutor.java:167)
      	at org.openqa.selenium.remote.service.DriverCommandExecutor.execute(DriverCommandExecutor.java:142)
      	at org.openqa.selenium.remote.RemoteWebDriver.execute(RemoteWebDriver.java:558)
      	at org.openqa.selenium.remote.ElementLocation$ElementFinder$2.findElement(ElementLocation.java:162)
      	at org.openqa.selenium.remote.ElementLocation.findElement(ElementLocation.java:60)
      	at org.openqa.selenium.remote.RemoteWebDriver.findElement(RemoteWebDriver.java:382)
      	at org.openqa.selenium.remote.RemoteWebDriver.findElement(RemoteWebDriver.java:374)
      	at org.openqa.selenium.support.pagefactory.DefaultElementLocator.findElement(DefaultElementLocator.java:70)
      	at org.openqa.selenium.support.pagefactory.internal.LocatingElementHandler.invoke(LocatingElementHandler.java:39)
      	at com.sun.proxy.$Proxy21.click(Unknown Source)
      	at org.example.pageObject.UpdateTeacherPage.toEditProfile(UpdateTeacherPage.java:327)
      	at step_definitions.UpdateTeacherSteps.userMoveToEditProfile(UpdateTeacherSteps.java:1195)
      	at ✽.And User move to edit profile(features/UpdateTeacher.feature:11)
      &amp#27;[0m
]]></system-out>
  </testcase>
  <testcase name="When Teacher click &apos;Unggah Ijazah&apos; field" classname="| uyuy.png |" time="0">
    <skipped/>
  </testcase>
  <testcase name="When Teacher click &apos;Unggah Ijazah&apos; field" classname="| uyuy.png |" time="0">
    <skipped/>
  </testcase>
  <testcase name="When Teacher click &apos;Unggah Ijazah&apos; field" classname="| uyuy.png |" time="0">
    <skipped/>
  </testcase>
  <testcase name="Then Teacher Upload &quot;uyuy.png&quot; with 400 x 400 pixels in &apos;Unggah Ijazah&apos; field" classname="| uyuy.png |" time="0">
    <skipped/>
  </testcase>
  <testcase name="Then Teacher Upload &quot;uyuy.png&quot; with under 400 x 400 pixels in &apos;Unggah Ijazah&apos; field" classname="| uyuy.png |" time="0">
    <skipped/>
  </testcase>
  <testcase name="Then Teacher Upload &quot;uyuy.png&quot; with over 400 x 400 pixels in &apos;Unggah Ijazah&apos; field" classname="| uyuy.png |" time="0">
    <skipped/>
  </testcase>
  <testcase name="When Teacher click &apos;Unggah Foto&apos; field" classname="| uyuy.png |" time="0">
    <skipped/>
  </testcase>
  <testcase name="When Teacher click &apos;Unggah Foto&apos; field" classname="| uyuy.png |" time="0">
    <skipped/>
  </testcase>
  <testcase name="When Teacher click &apos;Unggah Foto&apos; field" classname="| uyuy.png |" time="0">
    <skipped/>
  </testcase>
  <testcase name="Then Teacher Upload &quot;uyuy.png&quot; with 400 x 400 pixels in &apos;Unggah Foto&apos; field" classname="| uyuy.png |" time="0">
    <skipped/>
  </testcase>
  <testcase name="Then Teacher Upload &quot;uyuy.png&quot; with under 400 x 400 pixels in &apos;Unggah Foto&apos; field" classname="| uyuy.png |" time="0">
    <skipped/>
  </testcase>
  <testcase name="Then Teacher Upload &quot;uyuy.png&quot; with over 400 x 400 pixels in &apos;Unggah Foto&apos; field" classname="| uyuy.png |" time="0">
    <skipped/>
  </testcase>
  <testcase name="Given User open the website GuruMu" classname="Scenario: Verify X button is enabled" time="0">
    <system-out><![CDATA[
  @TestUpdateStudent @Test
  Scenario Outline: Verify Unggah Foto with over 400 x 400 pixels                  &amp#27;[90m# features/UpdateStudent.feature:236&amp#27;[0m
    &amp#27;[36mGiven &amp#27;[0m&amp#27;[36mStudent already on Edit Profile page&amp#27;[0m                                     &amp#27;[90m# UpdateStudentSteps.studentAlreadyonEditProfilePage()&amp#27;[0m
    &amp#27;[36mWhen &amp#27;[0m&amp#27;[36mStudent click Unggah Foto field&amp#27;[0m                                           &amp#27;[90m# UpdateStudentSteps.studentClickUnggahFotoField()&amp#27;[0m
    &amp#27;[36mThen &amp#27;[0m&amp#27;[36mStudent Upload "&amp#27;[0m&amp#27;[36m&amp#27;[1muyuy.png&amp#27;[0m&amp#27;[36m" with over &amp#27;[0m&amp#27;[36m&amp#27;[1m400&amp#27;[0m&amp#27;[36m x &amp#27;[0m&amp#27;[36m&amp#27;[1m400&amp#27;[0m&amp#27;[36m pixels in Unggah Foto field&amp#27;[0m &amp#27;[90m# UpdateStudentSteps.studentUploadWithOverXPixelsInUnggahFotoField(String,int,int)&amp#27;[0m
]]></system-out>
    <system-err><![CDATA[Starting ChromeDriver 110.0.5481.77 (65ed616c6e8ee3fe0ad64fe83796c020644d42af-refs/branch-heads/5481@{#839}) on port 59503
Only local connections are allowed.
Please see https://chromedriver.chromium.org/security-considerations for suggestions on keeping ChromeDriver safe.
ChromeDriver was started successfully.
[1676554040.757][WARNING]: virtual void DevToolsClientImpl::AddListener(DevToolsEventListener *) subscribing a listener to the already connected DevToolsClient. Connection notification will not arrive.
Feb 16, 2023 8:27:20 PM org.openqa.selenium.remote.ProtocolHandshake createSession
INFO: Detected dialect: W3C
Feb 16, 2023 8:27:20 PM org.openqa.selenium.devtools.CdpVersionFinder findNearestMatch
WARNING: Unable to find an exact match for CDP version 110, so returning the closest version found: a no-op implementation
Feb 16, 2023 8:27:20 PM org.openqa.selenium.devtools.CdpVersionFinder findNearestMatch
INFO: Unable to find CDP implementation matching 110.
Feb 16, 2023 8:27:20 PM org.openqa.selenium.chromium.ChromiumDriver lambda$new$3
WARNING: Unable to find version of CDP to use for . You may need to include a dependency on a specific version of the CDP using something similar to `org.seleniumhq.selenium:selenium-devtools-v86:4.1.2` where the version ("v86") matches the version of the chromium-based browser you're using and the version number of the artifact is the same as Selenium's.
]]></system-err>
  </testcase>
  <testcase name="When User click avatar navigation" classname="Scenario: Verify X button is enabled" time="0"/>
  <testcase name="And User click menu Masuk" classname="Scenario: Verify X button is enabled" time="0"/>
  <testcase name="And User input &quot;herdiladania11@gmail.com&quot; as email and input &quot;fe123&quot; as password" classname="Scenario: Verify X button is enabled" time="0"/>
  <testcase name="And User clicked masuk button" classname="Scenario: Verify X button is enabled" time="0"/>
  <testcase name="When User move to Profile Page" classname="Scenario: Verify X button is enabled" time="0.001"/>
  <testcase name="And User click edit profile" classname="Scenario: Verify X button is enabled" time="0.008">
    <error message="element click intercepted: Element &lt;label id=&quot;modal-profil-murid&quot; for=&quot;my-modal-5&quot; class=&quot;flex gap-1 absolute lg:top-10 top-10 lg:right-40 right-0&quot;&gt;...&lt;/label&gt; is not clickable at point (949, 280). Other element would receive the click: &lt;h2 class=&quot;swal2-title&quot; id=&quot;swal2-title&quot; style=&quot;display: block;&quot;&gt;...&lt;/h2&gt;&#10;  (Session info: chrome=110.0.5481.100)&#10;Build info: version: &apos;4.1.2&apos;, revision: &apos;9a5a329c5a&apos;&#10;System info: host: &apos;nsystem-mbp&apos;, ip: &apos;fe80:0:0:0:ce7:beec:a50b:8367%en0&apos;, os.name: &apos;Mac OS X&apos;, os.arch: &apos;x86_64&apos;, os.version: &apos;10.16&apos;, java.version: &apos;1.8.0_201&apos;&#10;Driver info: org.openqa.selenium.chrome.ChromeDriver&#10;Command: [32e37a9d1a3f0ba2aea9c52d0c160057, clickElement {id=e7541aa5-eb16-4c31-9ea8-05dd8ceff273}]&#10;Capabilities {acceptInsecureCerts: false, browserName: chrome, browserVersion: 110.0.5481.100, chrome: {chromedriverVersion: 110.0.5481.77 (65ed616c6e8e..., userDataDir: /var/folders/00/xzw63_pj58g...}, goog:chromeOptions: {debuggerAddress: localhost:50597}, javascriptEnabled: true, networkConnectionEnabled: false, pageLoadStrategy: normal, platform: MAC, platformName: MAC, proxy: Proxy(), se:cdp: ws://localhost:50597/devtoo..., se:cdpVersion: 110.0.5481.100, setWindowRect: true, strictFileInteractability: false, timeouts: {implicit: 0, pageLoad: 300000, script: 30000}, unhandledPromptBehavior: dismiss and notify, webauthn:extension:credBlob: true, webauthn:extension:largeBlob: true, webauthn:virtualAuthenticators: true}&#10;Element: [[ChromeDriver: chrome on MAC (32e37a9d1a3f0ba2aea9c52d0c160057)] -&gt; id: modal-profil-murid]&#10;Session ID: 32e37a9d1a3f0ba2aea9c52d0c160057" type="org.openqa.selenium.ElementClickInterceptedException"><![CDATA[org.openqa.selenium.ElementClickInterceptedException: 
element click intercepted: Element <label id="modal-profil-murid" for="my-modal-5" class="flex gap-1 absolute lg:top-10 top-10 lg:right-40 right-0">...</label> is not clickable at point (949, 280). Other element would receive the click: <h2 class="swal2-title" id="swal2-title" style="display: block;">...</h2>
  (Session info: chrome=110.0.5481.100)
Build info: version: '4.1.2', revision: '9a5a329c5a'
System info: host: 'nsystem-mbp', ip: 'fe80:0:0:0:ce7:beec:a50b:8367%en0', os.name: 'Mac OS X', os.arch: 'x86_64', os.version: '10.16', java.version: '1.8.0_201'
Driver info: org.openqa.selenium.chrome.ChromeDriver
Command: [32e37a9d1a3f0ba2aea9c52d0c160057, clickElement {id=e7541aa5-eb16-4c31-9ea8-05dd8ceff273}]
Capabilities {acceptInsecureCerts: false, browserName: chrome, browserVersion: 110.0.5481.100, chrome: {chromedriverVersion: 110.0.5481.77 (65ed616c6e8e..., userDataDir: /var/folders/00/xzw63_pj58g...}, goog:chromeOptions: {debuggerAddress: localhost:50597}, javascriptEnabled: true, networkConnectionEnabled: false, pageLoadStrategy: normal, platform: MAC, platformName: MAC, proxy: Proxy(), se:cdp: ws://localhost:50597/devtoo..., se:cdpVersion: 110.0.5481.100, setWindowRect: true, strictFileInteractability: false, timeouts: {implicit: 0, pageLoad: 300000, script: 30000}, unhandledPromptBehavior: dismiss and notify, webauthn:extension:credBlob: true, webauthn:extension:largeBlob: true, webauthn:virtualAuthenticators: true}
Element: [[ChromeDriver: chrome on MAC (32e37a9d1a3f0ba2aea9c52d0c160057)] -> id: modal-profil-murid]
Session ID: 32e37a9d1a3f0ba2aea9c52d0c160057
]]></error>
  </testcase>
  <testcase name="" classname="Scenario: Verify X button is enabled" time="0.009">
    <error message="element click intercepted: Element &lt;label id=&quot;modal-profil-murid&quot; for=&quot;my-modal-5&quot; class=&quot;flex gap-1 absolute lg:top-10 top-10 lg:right-40 right-0&quot;&gt;...&lt;/label&gt; is not clickable at point (949, 280). Other element would receive the click: &lt;h2 class=&quot;swal2-title&quot; id=&quot;swal2-title&quot; style=&quot;display: block;&quot;&gt;...&lt;/h2&gt;&#10;  (Session info: chrome=110.0.5481.100)&#10;Build info: version: &apos;4.1.2&apos;, revision: &apos;9a5a329c5a&apos;&#10;System info: host: &apos;nsystem-mbp&apos;, ip: &apos;fe80:0:0:0:ce7:beec:a50b:8367%en0&apos;, os.name: &apos;Mac OS X&apos;, os.arch: &apos;x86_64&apos;, os.version: &apos;10.16&apos;, java.version: &apos;1.8.0_201&apos;&#10;Driver info: org.openqa.selenium.chrome.ChromeDriver&#10;Command: [32e37a9d1a3f0ba2aea9c52d0c160057, clickElement {id=e7541aa5-eb16-4c31-9ea8-05dd8ceff273}]&#10;Capabilities {acceptInsecureCerts: false, browserName: chrome, browserVersion: 110.0.5481.100, chrome: {chromedriverVersion: 110.0.5481.77 (65ed616c6e8e..., userDataDir: /var/folders/00/xzw63_pj58g...}, goog:chromeOptions: {debuggerAddress: localhost:50597}, javascriptEnabled: true, networkConnectionEnabled: false, pageLoadStrategy: normal, platform: MAC, platformName: MAC, proxy: Proxy(), se:cdp: ws://localhost:50597/devtoo..., se:cdpVersion: 110.0.5481.100, setWindowRect: true, strictFileInteractability: false, timeouts: {implicit: 0, pageLoad: 300000, script: 30000}, unhandledPromptBehavior: dismiss and notify, webauthn:extension:credBlob: true, webauthn:extension:largeBlob: true, webauthn:virtualAuthenticators: true}&#10;Element: [[ChromeDriver: chrome on MAC (32e37a9d1a3f0ba2aea9c52d0c160057)] -&gt; id: modal-profil-murid]&#10;Session ID: 32e37a9d1a3f0ba2aea9c52d0c160057" type="org.openqa.selenium.ElementClickInterceptedException"><![CDATA[org.openqa.selenium.ElementClickInterceptedException: 
element click intercepted: Element <label id="modal-profil-murid" for="my-modal-5" class="flex gap-1 absolute lg:top-10 top-10 lg:right-40 right-0">...</label> is not clickable at point (949, 280). Other element would receive the click: <h2 class="swal2-title" id="swal2-title" style="display: block;">...</h2>
  (Session info: chrome=110.0.5481.100)
Build info: version: '4.1.2', revision: '9a5a329c5a'
System info: host: 'nsystem-mbp', ip: 'fe80:0:0:0:ce7:beec:a50b:8367%en0', os.name: 'Mac OS X', os.arch: 'x86_64', os.version: '10.16', java.version: '1.8.0_201'
Driver info: org.openqa.selenium.chrome.ChromeDriver
Command: [32e37a9d1a3f0ba2aea9c52d0c160057, clickElement {id=e7541aa5-eb16-4c31-9ea8-05dd8ceff273}]
Capabilities {acceptInsecureCerts: false, browserName: chrome, browserVersion: 110.0.5481.100, chrome: {chromedriverVersion: 110.0.5481.77 (65ed616c6e8e..., userDataDir: /var/folders/00/xzw63_pj58g...}, goog:chromeOptions: {debuggerAddress: localhost:50597}, javascriptEnabled: true, networkConnectionEnabled: false, pageLoadStrategy: normal, platform: MAC, platformName: MAC, proxy: Proxy(), se:cdp: ws://localhost:50597/devtoo..., se:cdpVersion: 110.0.5481.100, setWindowRect: true, strictFileInteractability: false, timeouts: {implicit: 0, pageLoad: 300000, script: 30000}, unhandledPromptBehavior: dismiss and notify, webauthn:extension:credBlob: true, webauthn:extension:largeBlob: true, webauthn:virtualAuthenticators: true}
Element: [[ChromeDriver: chrome on MAC (32e37a9d1a3f0ba2aea9c52d0c160057)] -> id: modal-profil-murid]
Session ID: 32e37a9d1a3f0ba2aea9c52d0c160057
]]></error>
  </testcase>
  <testcase name="Given Student already on Edit Profile page" classname="Scenario: Verify X button is enabled" time="0">
    <skipped/>
    <system-out><![CDATA[
  Background:                                                                        &amp#27;[90m# features/UpdateStudent.feature:4&amp#27;[0m
    &amp#27;[32mGiven &amp#27;[0m&amp#27;[32mUser open the website GuruMu&amp#27;[0m                                               &amp#27;[90m# LoginSteps.userOpenTheWebsiteGuruMu()&amp#27;[0m
    &amp#27;[32mWhen &amp#27;[0m&amp#27;[32mUser click avatar navigation&amp#27;[0m                                                &amp#27;[90m# LoginSteps.userClickAvatarNavigation()&amp#27;[0m
    &amp#27;[32mAnd &amp#27;[0m&amp#27;[32mUser click menu Masuk&amp#27;[0m                                                        &amp#27;[90m# LoginSteps.userClickMenuMasuk()&amp#27;[0m
    &amp#27;[32mAnd &amp#27;[0m&amp#27;[32mUser input "&amp#27;[0m&amp#27;[32m&amp#27;[1mherdiladania11@gmail.com&amp#27;[0m&amp#27;[32m" as email and input "&amp#27;[0m&amp#27;[32m&amp#27;[1mfe123&amp#27;[0m&amp#27;[32m" as password&amp#27;[0m &amp#27;[90m# LoginSteps.inputCredential(String,String)&amp#27;[0m
    &amp#27;[32mAnd &amp#27;[0m&amp#27;[32mUser clicked masuk button&amp#27;[0m                                                    &amp#27;[90m# LoginSteps.userClickMasukButton()&amp#27;[0m
    &amp#27;[32mWhen &amp#27;[0m&amp#27;[32mUser move to Profile Page&amp#27;[0m                                                   &amp#27;[90m# PenilaianUlasanSteps.userMoveToProfilePage()&amp#27;[0m
    &amp#27;[31mAnd &amp#27;[0m&amp#27;[31mUser click edit profile&amp#27;[0m                                                      &amp#27;[90m# UpdateStudentSteps.userClickEditProfile()&amp#27;[0m
      &amp#27;[31morg.openqa.selenium.ElementClickInterceptedException: element click intercepted: Element <label id="modal-profil-murid" for="my-modal-5" class="flex gap-1 absolute lg:top-10 top-10 lg:right-40 right-0">...</label> is not clickable at point (949, 280). Other element would receive the click: <h2 class="swal2-title" id="swal2-title" style="display: block;">...</h2>
        (Session info: chrome=110.0.5481.100)
      Build info: version: '4.1.2', revision: '9a5a329c5a'
      System info: host: 'nsystem-mbp', ip: 'fe80:0:0:0:ce7:beec:a50b:8367%en0', os.name: 'Mac OS X', os.arch: 'x86_64', os.version: '10.16', java.version: '1.8.0_201'
      Driver info: org.openqa.selenium.chrome.ChromeDriver
      Command: [32e37a9d1a3f0ba2aea9c52d0c160057, clickElement {id=e7541aa5-eb16-4c31-9ea8-05dd8ceff273}]
      Capabilities {acceptInsecureCerts: false, browserName: chrome, browserVersion: 110.0.5481.100, chrome: {chromedriverVersion: 110.0.5481.77 (65ed616c6e8e..., userDataDir: /var/folders/00/xzw63_pj58g...}, goog:chromeOptions: {debuggerAddress: localhost:50597}, javascriptEnabled: true, networkConnectionEnabled: false, pageLoadStrategy: normal, platform: MAC, platformName: MAC, proxy: Proxy(), se:cdp: ws://localhost:50597/devtoo..., se:cdpVersion: 110.0.5481.100, setWindowRect: true, strictFileInteractability: false, timeouts: {implicit: 0, pageLoad: 300000, script: 30000}, unhandledPromptBehavior: dismiss and notify, webauthn:extension:credBlob: true, webauthn:extension:largeBlob: true, webauthn:virtualAuthenticators: true}
      Element: [[ChromeDriver: chrome on MAC (32e37a9d1a3f0ba2aea9c52d0c160057)] -> id: modal-profil-murid]
      Session ID: 32e37a9d1a3f0ba2aea9c52d0c160057
      	at sun.reflect.GeneratedConstructorAccessor44.newInstance(Unknown Source)
      	at sun.reflect.DelegatingConstructorAccessorImpl.newInstance(DelegatingConstructorAccessorImpl.java:45)
      	at java.lang.reflect.Constructor.newInstance(Constructor.java:423)
      	at org.openqa.selenium.remote.codec.w3c.W3CHttpResponseCodec.createException(W3CHttpResponseCodec.java:200)
      	at org.openqa.selenium.remote.codec.w3c.W3CHttpResponseCodec.decode(W3CHttpResponseCodec.java:133)
      	at org.openqa.selenium.remote.codec.w3c.W3CHttpResponseCodec.decode(W3CHttpResponseCodec.java:53)
      	at org.openqa.selenium.remote.HttpCommandExecutor.execute(HttpCommandExecutor.java:184)
      	at org.openqa.selenium.remote.service.DriverCommandExecutor.invokeExecute(DriverCommandExecutor.java:167)
      	at org.openqa.selenium.remote.service.DriverCommandExecutor.execute(DriverCommandExecutor.java:142)
      	at org.openqa.selenium.remote.RemoteWebDriver.execute(RemoteWebDriver.java:558)
      	at org.openqa.selenium.remote.RemoteWebElement.execute(RemoteWebElement.java:251)
      	at org.openqa.selenium.remote.RemoteWebElement.click(RemoteWebElement.java:77)
      	at sun.reflect.GeneratedMethodAccessor10.invoke(Unknown Source)
      	at sun.reflect.DelegatingMethodAccessorImpl.invoke(DelegatingMethodAccessorImpl.java:43)
      	at java.lang.reflect.Method.invoke(Method.java:498)
      	at org.openqa.selenium.support.pagefactory.internal.LocatingElementHandler.invoke(LocatingElementHandler.java:52)
      	at com.sun.proxy.$Proxy21.click(Unknown Source)
      	at org.example.pageObject.UpdateStudentPage.openEditProfileModal(UpdateStudentPage.java:105)
      	at step_definitions.UpdateStudentSteps.userClickEditProfile(UpdateStudentSteps.java:355)
      	at ✽.And User click edit profile(features/UpdateStudent.feature:11)
      &amp#27;[0m
]]></system-out>
  </testcase>
  <testcase name="When Student click X button" classname="Scenario: Verify X button is enabled" time="0">
    <skipped/>
  </testcase>
  <testcase name="Then button is enabled" classname="Scenario: Verify X button is enabled" time="0">
    <skipped/>
  </testcase>
  <testcase name="Given User open the website GuruMu" classname="Scenario: Submit Perbarui button with all data form has been filled" time="0">
    <system-out><![CDATA[
  Scenario: Verify X button is enabled         &amp#27;[90m# features/UpdateStudent.feature:238&amp#27;[0m
    &amp#27;[36mGiven &amp#27;[0m&amp#27;[36mStudent already on Edit Profile page&amp#27;[0m &amp#27;[90m# UpdateStudentSteps.studentAlreadyonEditProfilePage()&amp#27;[0m
    &amp#27;[36mWhen &amp#27;[0m&amp#27;[36mStudent click X button&amp#27;[0m                &amp#27;[90m# UpdateStudentSteps.studentClickXButton()&amp#27;[0m
    &amp#27;[36mThen &amp#27;[0m&amp#27;[36mbutton is enabled&amp#27;[0m                     &amp#27;[90m# ViewStudentSteps.buttonIsEnabled()&amp#27;[0m
]]></system-out>
    <system-err><![CDATA[Starting ChromeDriver 110.0.5481.77 (65ed616c6e8ee3fe0ad64fe83796c020644d42af-refs/branch-heads/5481@{#839}) on port 56143
Only local connections are allowed.
Please see https://chromedriver.chromium.org/security-considerations for suggestions on keeping ChromeDriver safe.
ChromeDriver was started successfully.
[1676554071.966][WARNING]: virtual void DevToolsClientImpl::AddListener(DevToolsEventListener *) subscribing a listener to the already connected DevToolsClient. Connection notification will not arrive.
Feb 16, 2023 8:27:52 PM org.openqa.selenium.remote.ProtocolHandshake createSession
INFO: Detected dialect: W3C
Feb 16, 2023 8:27:52 PM org.openqa.selenium.devtools.CdpVersionFinder findNearestMatch
WARNING: Unable to find an exact match for CDP version 110, so returning the closest version found: a no-op implementation
Feb 16, 2023 8:27:52 PM org.openqa.selenium.devtools.CdpVersionFinder findNearestMatch
INFO: Unable to find CDP implementation matching 110.
Feb 16, 2023 8:27:52 PM org.openqa.selenium.chromium.ChromiumDriver lambda$new$3
WARNING: Unable to find version of CDP to use for . You may need to include a dependency on a specific version of the CDP using something similar to `org.seleniumhq.selenium:selenium-devtools-v86:4.1.2` where the version ("v86") matches the version of the chromium-based browser you're using and the version number of the artifact is the same as Selenium's.
]]></system-err>
  </testcase>
  <testcase name="When User click avatar navigation" classname="Scenario: Submit Perbarui button with all data form has been filled" time="0"/>
  <testcase name="And User click menu Masuk" classname="Scenario: Submit Perbarui button with all data form has been filled" time="0"/>
  <testcase name="And User input &quot;herdiladania11@gmail.com&quot; as email and input &quot;fe123&quot; as password" classname="Scenario: Submit Perbarui button with all data form has been filled" time="0"/>
  <testcase name="And User clicked masuk button" classname="Scenario: Submit Perbarui button with all data form has been filled" time="0"/>
  <testcase name="When User move to Profile Page" classname="Scenario: Submit Perbarui button with all data form has been filled" time="0"/>
  <testcase name="And User click edit profile" classname="Scenario: Submit Perbarui button with all data form has been filled" time="0.006">
    <error message="element click intercepted: Element &lt;label id=&quot;modal-profil-murid&quot; for=&quot;my-modal-5&quot; class=&quot;flex gap-1 absolute lg:top-10 top-10 lg:right-40 right-0&quot;&gt;...&lt;/label&gt; is not clickable at point (949, 280). Other element would receive the click: &lt;h2 class=&quot;swal2-title&quot; id=&quot;swal2-title&quot; style=&quot;display: block;&quot;&gt;...&lt;/h2&gt;&#10;  (Session info: chrome=110.0.5481.100)&#10;Build info: version: &apos;4.1.2&apos;, revision: &apos;9a5a329c5a&apos;&#10;System info: host: &apos;nsystem-mbp&apos;, ip: &apos;fe80:0:0:0:ce7:beec:a50b:8367%en0&apos;, os.name: &apos;Mac OS X&apos;, os.arch: &apos;x86_64&apos;, os.version: &apos;10.16&apos;, java.version: &apos;1.8.0_201&apos;&#10;Driver info: org.openqa.selenium.chrome.ChromeDriver&#10;Command: [98a9629fd42b3a52288a98d9df4a7082, clickElement {id=abda987a-4572-4138-a103-6628830b79f4}]&#10;Capabilities {acceptInsecureCerts: false, browserName: chrome, browserVersion: 110.0.5481.100, chrome: {chromedriverVersion: 110.0.5481.77 (65ed616c6e8e..., userDataDir: /var/folders/00/xzw63_pj58g...}, goog:chromeOptions: {debuggerAddress: localhost:50624}, javascriptEnabled: true, networkConnectionEnabled: false, pageLoadStrategy: normal, platform: MAC, platformName: MAC, proxy: Proxy(), se:cdp: ws://localhost:50624/devtoo..., se:cdpVersion: 110.0.5481.100, setWindowRect: true, strictFileInteractability: false, timeouts: {implicit: 0, pageLoad: 300000, script: 30000}, unhandledPromptBehavior: dismiss and notify, webauthn:extension:credBlob: true, webauthn:extension:largeBlob: true, webauthn:virtualAuthenticators: true}&#10;Element: [[ChromeDriver: chrome on MAC (98a9629fd42b3a52288a98d9df4a7082)] -&gt; id: modal-profil-murid]&#10;Session ID: 98a9629fd42b3a52288a98d9df4a7082" type="org.openqa.selenium.ElementClickInterceptedException"><![CDATA[org.openqa.selenium.ElementClickInterceptedException: 
element click intercepted: Element <label id="modal-profil-murid" for="my-modal-5" class="flex gap-1 absolute lg:top-10 top-10 lg:right-40 right-0">...</label> is not clickable at point (949, 280). Other element would receive the click: <h2 class="swal2-title" id="swal2-title" style="display: block;">...</h2>
  (Session info: chrome=110.0.5481.100)
Build info: version: '4.1.2', revision: '9a5a329c5a'
System info: host: 'nsystem-mbp', ip: 'fe80:0:0:0:ce7:beec:a50b:8367%en0', os.name: 'Mac OS X', os.arch: 'x86_64', os.version: '10.16', java.version: '1.8.0_201'
Driver info: org.openqa.selenium.chrome.ChromeDriver
Command: [98a9629fd42b3a52288a98d9df4a7082, clickElement {id=abda987a-4572-4138-a103-6628830b79f4}]
Capabilities {acceptInsecureCerts: false, browserName: chrome, browserVersion: 110.0.5481.100, chrome: {chromedriverVersion: 110.0.5481.77 (65ed616c6e8e..., userDataDir: /var/folders/00/xzw63_pj58g...}, goog:chromeOptions: {debuggerAddress: localhost:50624}, javascriptEnabled: true, networkConnectionEnabled: false, pageLoadStrategy: normal, platform: MAC, platformName: MAC, proxy: Proxy(), se:cdp: ws://localhost:50624/devtoo..., se:cdpVersion: 110.0.5481.100, setWindowRect: true, strictFileInteractability: false, timeouts: {implicit: 0, pageLoad: 300000, script: 30000}, unhandledPromptBehavior: dismiss and notify, webauthn:extension:credBlob: true, webauthn:extension:largeBlob: true, webauthn:virtualAuthenticators: true}
Element: [[ChromeDriver: chrome on MAC (98a9629fd42b3a52288a98d9df4a7082)] -> id: modal-profil-murid]
Session ID: 98a9629fd42b3a52288a98d9df4a7082
]]></error>
  </testcase>
  <testcase name="" classname="Scenario: Submit Perbarui button with all data form has been filled" time="0.009">
    <error message="element click intercepted: Element &lt;label id=&quot;modal-profil-murid&quot; for=&quot;my-modal-5&quot; class=&quot;flex gap-1 absolute lg:top-10 top-10 lg:right-40 right-0&quot;&gt;...&lt;/label&gt; is not clickable at point (949, 280). Other element would receive the click: &lt;h2 class=&quot;swal2-title&quot; id=&quot;swal2-title&quot; style=&quot;display: block;&quot;&gt;...&lt;/h2&gt;&#10;  (Session info: chrome=110.0.5481.100)&#10;Build info: version: &apos;4.1.2&apos;, revision: &apos;9a5a329c5a&apos;&#10;System info: host: &apos;nsystem-mbp&apos;, ip: &apos;fe80:0:0:0:ce7:beec:a50b:8367%en0&apos;, os.name: &apos;Mac OS X&apos;, os.arch: &apos;x86_64&apos;, os.version: &apos;10.16&apos;, java.version: &apos;1.8.0_201&apos;&#10;Driver info: org.openqa.selenium.chrome.ChromeDriver&#10;Command: [98a9629fd42b3a52288a98d9df4a7082, clickElement {id=abda987a-4572-4138-a103-6628830b79f4}]&#10;Capabilities {acceptInsecureCerts: false, browserName: chrome, browserVersion: 110.0.5481.100, chrome: {chromedriverVersion: 110.0.5481.77 (65ed616c6e8e..., userDataDir: /var/folders/00/xzw63_pj58g...}, goog:chromeOptions: {debuggerAddress: localhost:50624}, javascriptEnabled: true, networkConnectionEnabled: false, pageLoadStrategy: normal, platform: MAC, platformName: MAC, proxy: Proxy(), se:cdp: ws://localhost:50624/devtoo..., se:cdpVersion: 110.0.5481.100, setWindowRect: true, strictFileInteractability: false, timeouts: {implicit: 0, pageLoad: 300000, script: 30000}, unhandledPromptBehavior: dismiss and notify, webauthn:extension:credBlob: true, webauthn:extension:largeBlob: true, webauthn:virtualAuthenticators: true}&#10;Element: [[ChromeDriver: chrome on MAC (98a9629fd42b3a52288a98d9df4a7082)] -&gt; id: modal-profil-murid]&#10;Session ID: 98a9629fd42b3a52288a98d9df4a7082" type="org.openqa.selenium.ElementClickInterceptedException"><![CDATA[org.openqa.selenium.ElementClickInterceptedException: 
element click intercepted: Element <label id="modal-profil-murid" for="my-modal-5" class="flex gap-1 absolute lg:top-10 top-10 lg:right-40 right-0">...</label> is not clickable at point (949, 280). Other element would receive the click: <h2 class="swal2-title" id="swal2-title" style="display: block;">...</h2>
  (Session info: chrome=110.0.5481.100)
Build info: version: '4.1.2', revision: '9a5a329c5a'
System info: host: 'nsystem-mbp', ip: 'fe80:0:0:0:ce7:beec:a50b:8367%en0', os.name: 'Mac OS X', os.arch: 'x86_64', os.version: '10.16', java.version: '1.8.0_201'
Driver info: org.openqa.selenium.chrome.ChromeDriver
Command: [98a9629fd42b3a52288a98d9df4a7082, clickElement {id=abda987a-4572-4138-a103-6628830b79f4}]
Capabilities {acceptInsecureCerts: false, browserName: chrome, browserVersion: 110.0.5481.100, chrome: {chromedriverVersion: 110.0.5481.77 (65ed616c6e8e..., userDataDir: /var/folders/00/xzw63_pj58g...}, goog:chromeOptions: {debuggerAddress: localhost:50624}, javascriptEnabled: true, networkConnectionEnabled: false, pageLoadStrategy: normal, platform: MAC, platformName: MAC, proxy: Proxy(), se:cdp: ws://localhost:50624/devtoo..., se:cdpVersion: 110.0.5481.100, setWindowRect: true, strictFileInteractability: false, timeouts: {implicit: 0, pageLoad: 300000, script: 30000}, unhandledPromptBehavior: dismiss and notify, webauthn:extension:credBlob: true, webauthn:extension:largeBlob: true, webauthn:virtualAuthenticators: true}
Element: [[ChromeDriver: chrome on MAC (98a9629fd42b3a52288a98d9df4a7082)] -> id: modal-profil-murid]
Session ID: 98a9629fd42b3a52288a98d9df4a7082
]]></error>
  </testcase>
  <testcase name="Given Student already on Edit Profile page" classname="Scenario: Submit Perbarui button with all data form has been filled" time="0">
    <skipped/>
    <system-out><![CDATA[
  Background:                                                                        &amp#27;[90m# features/UpdateStudent.feature:4&amp#27;[0m
    &amp#27;[32mGiven &amp#27;[0m&amp#27;[32mUser open the website GuruMu&amp#27;[0m                                               &amp#27;[90m# LoginSteps.userOpenTheWebsiteGuruMu()&amp#27;[0m
    &amp#27;[32mWhen &amp#27;[0m&amp#27;[32mUser click avatar navigation&amp#27;[0m                                                &amp#27;[90m# LoginSteps.userClickAvatarNavigation()&amp#27;[0m
    &amp#27;[32mAnd &amp#27;[0m&amp#27;[32mUser click menu Masuk&amp#27;[0m                                                        &amp#27;[90m# LoginSteps.userClickMenuMasuk()&amp#27;[0m
    &amp#27;[32mAnd &amp#27;[0m&amp#27;[32mUser input "&amp#27;[0m&amp#27;[32m&amp#27;[1mherdiladania11@gmail.com&amp#27;[0m&amp#27;[32m" as email and input "&amp#27;[0m&amp#27;[32m&amp#27;[1mfe123&amp#27;[0m&amp#27;[32m" as password&amp#27;[0m &amp#27;[90m# LoginSteps.inputCredential(String,String)&amp#27;[0m
    &amp#27;[32mAnd &amp#27;[0m&amp#27;[32mUser clicked masuk button&amp#27;[0m                                                    &amp#27;[90m# LoginSteps.userClickMasukButton()&amp#27;[0m
    &amp#27;[32mWhen &amp#27;[0m&amp#27;[32mUser move to Profile Page&amp#27;[0m                                                   &amp#27;[90m# PenilaianUlasanSteps.userMoveToProfilePage()&amp#27;[0m
    &amp#27;[31mAnd &amp#27;[0m&amp#27;[31mUser click edit profile&amp#27;[0m                                                      &amp#27;[90m# UpdateStudentSteps.userClickEditProfile()&amp#27;[0m
      &amp#27;[31morg.openqa.selenium.ElementClickInterceptedException: element click intercepted: Element <label id="modal-profil-murid" for="my-modal-5" class="flex gap-1 absolute lg:top-10 top-10 lg:right-40 right-0">...</label> is not clickable at point (949, 280). Other element would receive the click: <h2 class="swal2-title" id="swal2-title" style="display: block;">...</h2>
        (Session info: chrome=110.0.5481.100)
      Build info: version: '4.1.2', revision: '9a5a329c5a'
      System info: host: 'nsystem-mbp', ip: 'fe80:0:0:0:ce7:beec:a50b:8367%en0', os.name: 'Mac OS X', os.arch: 'x86_64', os.version: '10.16', java.version: '1.8.0_201'
      Driver info: org.openqa.selenium.chrome.ChromeDriver
      Command: [98a9629fd42b3a52288a98d9df4a7082, clickElement {id=abda987a-4572-4138-a103-6628830b79f4}]
      Capabilities {acceptInsecureCerts: false, browserName: chrome, browserVersion: 110.0.5481.100, chrome: {chromedriverVersion: 110.0.5481.77 (65ed616c6e8e..., userDataDir: /var/folders/00/xzw63_pj58g...}, goog:chromeOptions: {debuggerAddress: localhost:50624}, javascriptEnabled: true, networkConnectionEnabled: false, pageLoadStrategy: normal, platform: MAC, platformName: MAC, proxy: Proxy(), se:cdp: ws://localhost:50624/devtoo..., se:cdpVersion: 110.0.5481.100, setWindowRect: true, strictFileInteractability: false, timeouts: {implicit: 0, pageLoad: 300000, script: 30000}, unhandledPromptBehavior: dismiss and notify, webauthn:extension:credBlob: true, webauthn:extension:largeBlob: true, webauthn:virtualAuthenticators: true}
      Element: [[ChromeDriver: chrome on MAC (98a9629fd42b3a52288a98d9df4a7082)] -> id: modal-profil-murid]
      Session ID: 98a9629fd42b3a52288a98d9df4a7082
      	at sun.reflect.GeneratedConstructorAccessor44.newInstance(Unknown Source)
      	at sun.reflect.DelegatingConstructorAccessorImpl.newInstance(DelegatingConstructorAccessorImpl.java:45)
      	at java.lang.reflect.Constructor.newInstance(Constructor.java:423)
      	at org.openqa.selenium.remote.codec.w3c.W3CHttpResponseCodec.createException(W3CHttpResponseCodec.java:200)
      	at org.openqa.selenium.remote.codec.w3c.W3CHttpResponseCodec.decode(W3CHttpResponseCodec.java:133)
      	at org.openqa.selenium.remote.codec.w3c.W3CHttpResponseCodec.decode(W3CHttpResponseCodec.java:53)
      	at org.openqa.selenium.remote.HttpCommandExecutor.execute(HttpCommandExecutor.java:184)
      	at org.openqa.selenium.remote.service.DriverCommandExecutor.invokeExecute(DriverCommandExecutor.java:167)
      	at org.openqa.selenium.remote.service.DriverCommandExecutor.execute(DriverCommandExecutor.java:142)
      	at org.openqa.selenium.remote.RemoteWebDriver.execute(RemoteWebDriver.java:558)
      	at org.openqa.selenium.remote.RemoteWebElement.execute(RemoteWebElement.java:251)
      	at org.openqa.selenium.remote.RemoteWebElement.click(RemoteWebElement.java:77)
      	at sun.reflect.GeneratedMethodAccessor10.invoke(Unknown Source)
      	at sun.reflect.DelegatingMethodAccessorImpl.invoke(DelegatingMethodAccessorImpl.java:43)
      	at java.lang.reflect.Method.invoke(Method.java:498)
      	at org.openqa.selenium.support.pagefactory.internal.LocatingElementHandler.invoke(LocatingElementHandler.java:52)
      	at com.sun.proxy.$Proxy21.click(Unknown Source)
      	at org.example.pageObject.UpdateStudentPage.openEditProfileModal(UpdateStudentPage.java:105)
      	at step_definitions.UpdateStudentSteps.userClickEditProfile(UpdateStudentSteps.java:355)
      	at ✽.And User click edit profile(features/UpdateStudent.feature:11)
      &amp#27;[0m
]]></system-out>
  </testcase>
  <testcase name="When Student fill all data form" classname="Scenario: Submit Perbarui button with all data form has been filled" time="0">
    <skipped/>
  </testcase>
  <testcase name="Then Student click Perbarui button" classname="Scenario: Submit Perbarui button with all data form has been filled" time="0">
    <skipped/>
  </testcase>
  <testcase name="Given User open the website GuruMu" classname="Scenario: Submit Perbarui button with all data but not Nama Lengkap form has been filled" time="0">
    <system-out><![CDATA[
  Scenario: Submit Perbarui button with all data form has been filled &amp#27;[90m# features/UpdateStudent.feature:243&amp#27;[0m
    &amp#27;[36mGiven &amp#27;[0m&amp#27;[36mStudent already on Edit Profile page&amp#27;[0m                        &amp#27;[90m# UpdateStudentSteps.studentAlreadyonEditProfilePage()&amp#27;[0m
    &amp#27;[36mWhen &amp#27;[0m&amp#27;[36mStudent fill all data form&amp#27;[0m                                   &amp#27;[90m# UpdateStudentSteps.studentFillAllDataForm()&amp#27;[0m
    &amp#27;[36mThen &amp#27;[0m&amp#27;[36mStudent click Perbarui button&amp#27;[0m                                &amp#27;[90m# UpdateStudentSteps.studentClickPerbaruiButton()&amp#27;[0m
]]></system-out>
    <system-err><![CDATA[Starting ChromeDriver 110.0.5481.77 (65ed616c6e8ee3fe0ad64fe83796c020644d42af-refs/branch-heads/5481@{#839}) on port 60065
Only local connections are allowed.
Please see https://chromedriver.chromium.org/security-considerations for suggestions on keeping ChromeDriver safe.
ChromeDriver was started successfully.
[1676554102.601][WARNING]: virtual void DevToolsClientImpl::AddListener(DevToolsEventListener *) subscribing a listener to the already connected DevToolsClient. Connection notification will not arrive.
Feb 16, 2023 8:28:22 PM org.openqa.selenium.remote.ProtocolHandshake createSession
INFO: Detected dialect: W3C
Feb 16, 2023 8:28:22 PM org.openqa.selenium.devtools.CdpVersionFinder findNearestMatch
WARNING: Unable to find an exact match for CDP version 110, so returning the closest version found: a no-op implementation
Feb 16, 2023 8:28:22 PM org.openqa.selenium.devtools.CdpVersionFinder findNearestMatch
INFO: Unable to find CDP implementation matching 110.
Feb 16, 2023 8:28:22 PM org.openqa.selenium.chromium.ChromiumDriver lambda$new$3
WARNING: Unable to find version of CDP to use for . You may need to include a dependency on a specific version of the CDP using something similar to `org.seleniumhq.selenium:selenium-devtools-v86:4.1.2` where the version ("v86") matches the version of the chromium-based browser you're using and the version number of the artifact is the same as Selenium's.
]]></system-err>
  </testcase>
  <testcase name="When User click avatar navigation" classname="Scenario: Submit Perbarui button with all data but not Nama Lengkap form has been filled" time="0"/>
  <testcase name="And User click menu Masuk" classname="Scenario: Submit Perbarui button with all data but not Nama Lengkap form has been filled" time="0"/>
  <testcase name="And User input &quot;herdiladania11@gmail.com&quot; as email and input &quot;fe123&quot; as password" classname="Scenario: Submit Perbarui button with all data but not Nama Lengkap form has been filled" time="0"/>
  <testcase name="And User clicked masuk button" classname="Scenario: Submit Perbarui button with all data but not Nama Lengkap form has been filled" time="0"/>
  <testcase name="When User move to Profile Page" classname="Scenario: Submit Perbarui button with all data but not Nama Lengkap form has been filled" time="0"/>
  <testcase name="And User click edit profile" classname="Scenario: Submit Perbarui button with all data but not Nama Lengkap form has been filled" time="0.003">
    <error message="element click intercepted: Element &lt;label id=&quot;modal-profil-murid&quot; for=&quot;my-modal-5&quot; class=&quot;flex gap-1 absolute lg:top-10 top-10 lg:right-40 right-0&quot;&gt;...&lt;/label&gt; is not clickable at point (949, 280). Other element would receive the click: &lt;h2 class=&quot;swal2-title&quot; id=&quot;swal2-title&quot; style=&quot;display: block;&quot;&gt;...&lt;/h2&gt;&#10;  (Session info: chrome=110.0.5481.100)&#10;Build info: version: &apos;4.1.2&apos;, revision: &apos;9a5a329c5a&apos;&#10;System info: host: &apos;nsystem-mbp&apos;, ip: &apos;fe80:0:0:0:ce7:beec:a50b:8367%en0&apos;, os.name: &apos;Mac OS X&apos;, os.arch: &apos;x86_64&apos;, os.version: &apos;10.16&apos;, java.version: &apos;1.8.0_201&apos;&#10;Driver info: org.openqa.selenium.chrome.ChromeDriver&#10;Command: [f5a52afdc5fc43af38b0d772deda9975, clickElement {id=170005f8-3cf5-4c8f-937f-1255c1658f3b}]&#10;Capabilities {acceptInsecureCerts: false, browserName: chrome, browserVersion: 110.0.5481.100, chrome: {chromedriverVersion: 110.0.5481.77 (65ed616c6e8e..., userDataDir: /var/folders/00/xzw63_pj58g...}, goog:chromeOptions: {debuggerAddress: localhost:50648}, javascriptEnabled: true, networkConnectionEnabled: false, pageLoadStrategy: normal, platform: MAC, platformName: MAC, proxy: Proxy(), se:cdp: ws://localhost:50648/devtoo..., se:cdpVersion: 110.0.5481.100, setWindowRect: true, strictFileInteractability: false, timeouts: {implicit: 0, pageLoad: 300000, script: 30000}, unhandledPromptBehavior: dismiss and notify, webauthn:extension:credBlob: true, webauthn:extension:largeBlob: true, webauthn:virtualAuthenticators: true}&#10;Element: [[ChromeDriver: chrome on MAC (f5a52afdc5fc43af38b0d772deda9975)] -&gt; id: modal-profil-murid]&#10;Session ID: f5a52afdc5fc43af38b0d772deda9975" type="org.openqa.selenium.ElementClickInterceptedException"><![CDATA[org.openqa.selenium.ElementClickInterceptedException: 
element click intercepted: Element <label id="modal-profil-murid" for="my-modal-5" class="flex gap-1 absolute lg:top-10 top-10 lg:right-40 right-0">...</label> is not clickable at point (949, 280). Other element would receive the click: <h2 class="swal2-title" id="swal2-title" style="display: block;">...</h2>
  (Session info: chrome=110.0.5481.100)
Build info: version: '4.1.2', revision: '9a5a329c5a'
System info: host: 'nsystem-mbp', ip: 'fe80:0:0:0:ce7:beec:a50b:8367%en0', os.name: 'Mac OS X', os.arch: 'x86_64', os.version: '10.16', java.version: '1.8.0_201'
Driver info: org.openqa.selenium.chrome.ChromeDriver
Command: [f5a52afdc5fc43af38b0d772deda9975, clickElement {id=170005f8-3cf5-4c8f-937f-1255c1658f3b}]
Capabilities {acceptInsecureCerts: false, browserName: chrome, browserVersion: 110.0.5481.100, chrome: {chromedriverVersion: 110.0.5481.77 (65ed616c6e8e..., userDataDir: /var/folders/00/xzw63_pj58g...}, goog:chromeOptions: {debuggerAddress: localhost:50648}, javascriptEnabled: true, networkConnectionEnabled: false, pageLoadStrategy: normal, platform: MAC, platformName: MAC, proxy: Proxy(), se:cdp: ws://localhost:50648/devtoo..., se:cdpVersion: 110.0.5481.100, setWindowRect: true, strictFileInteractability: false, timeouts: {implicit: 0, pageLoad: 300000, script: 30000}, unhandledPromptBehavior: dismiss and notify, webauthn:extension:credBlob: true, webauthn:extension:largeBlob: true, webauthn:virtualAuthenticators: true}
Element: [[ChromeDriver: chrome on MAC (f5a52afdc5fc43af38b0d772deda9975)] -> id: modal-profil-murid]
Session ID: f5a52afdc5fc43af38b0d772deda9975
]]></error>
  </testcase>
  <testcase name="" classname="Scenario: Submit Perbarui button with all data but not Nama Lengkap form has been filled" time="0.004">
    <error message="element click intercepted: Element &lt;label id=&quot;modal-profil-murid&quot; for=&quot;my-modal-5&quot; class=&quot;flex gap-1 absolute lg:top-10 top-10 lg:right-40 right-0&quot;&gt;...&lt;/label&gt; is not clickable at point (949, 280). Other element would receive the click: &lt;h2 class=&quot;swal2-title&quot; id=&quot;swal2-title&quot; style=&quot;display: block;&quot;&gt;...&lt;/h2&gt;&#10;  (Session info: chrome=110.0.5481.100)&#10;Build info: version: &apos;4.1.2&apos;, revision: &apos;9a5a329c5a&apos;&#10;System info: host: &apos;nsystem-mbp&apos;, ip: &apos;fe80:0:0:0:ce7:beec:a50b:8367%en0&apos;, os.name: &apos;Mac OS X&apos;, os.arch: &apos;x86_64&apos;, os.version: &apos;10.16&apos;, java.version: &apos;1.8.0_201&apos;&#10;Driver info: org.openqa.selenium.chrome.ChromeDriver&#10;Command: [f5a52afdc5fc43af38b0d772deda9975, clickElement {id=170005f8-3cf5-4c8f-937f-1255c1658f3b}]&#10;Capabilities {acceptInsecureCerts: false, browserName: chrome, browserVersion: 110.0.5481.100, chrome: {chromedriverVersion: 110.0.5481.77 (65ed616c6e8e..., userDataDir: /var/folders/00/xzw63_pj58g...}, goog:chromeOptions: {debuggerAddress: localhost:50648}, javascriptEnabled: true, networkConnectionEnabled: false, pageLoadStrategy: normal, platform: MAC, platformName: MAC, proxy: Proxy(), se:cdp: ws://localhost:50648/devtoo..., se:cdpVersion: 110.0.5481.100, setWindowRect: true, strictFileInteractability: false, timeouts: {implicit: 0, pageLoad: 300000, script: 30000}, unhandledPromptBehavior: dismiss and notify, webauthn:extension:credBlob: true, webauthn:extension:largeBlob: true, webauthn:virtualAuthenticators: true}&#10;Element: [[ChromeDriver: chrome on MAC (f5a52afdc5fc43af38b0d772deda9975)] -&gt; id: modal-profil-murid]&#10;Session ID: f5a52afdc5fc43af38b0d772deda9975" type="org.openqa.selenium.ElementClickInterceptedException"><![CDATA[org.openqa.selenium.ElementClickInterceptedException: 
element click intercepted: Element <label id="modal-profil-murid" for="my-modal-5" class="flex gap-1 absolute lg:top-10 top-10 lg:right-40 right-0">...</label> is not clickable at point (949, 280). Other element would receive the click: <h2 class="swal2-title" id="swal2-title" style="display: block;">...</h2>
  (Session info: chrome=110.0.5481.100)
Build info: version: '4.1.2', revision: '9a5a329c5a'
System info: host: 'nsystem-mbp', ip: 'fe80:0:0:0:ce7:beec:a50b:8367%en0', os.name: 'Mac OS X', os.arch: 'x86_64', os.version: '10.16', java.version: '1.8.0_201'
Driver info: org.openqa.selenium.chrome.ChromeDriver
Command: [f5a52afdc5fc43af38b0d772deda9975, clickElement {id=170005f8-3cf5-4c8f-937f-1255c1658f3b}]
Capabilities {acceptInsecureCerts: false, browserName: chrome, browserVersion: 110.0.5481.100, chrome: {chromedriverVersion: 110.0.5481.77 (65ed616c6e8e..., userDataDir: /var/folders/00/xzw63_pj58g...}, goog:chromeOptions: {debuggerAddress: localhost:50648}, javascriptEnabled: true, networkConnectionEnabled: false, pageLoadStrategy: normal, platform: MAC, platformName: MAC, proxy: Proxy(), se:cdp: ws://localhost:50648/devtoo..., se:cdpVersion: 110.0.5481.100, setWindowRect: true, strictFileInteractability: false, timeouts: {implicit: 0, pageLoad: 300000, script: 30000}, unhandledPromptBehavior: dismiss and notify, webauthn:extension:credBlob: true, webauthn:extension:largeBlob: true, webauthn:virtualAuthenticators: true}
Element: [[ChromeDriver: chrome on MAC (f5a52afdc5fc43af38b0d772deda9975)] -> id: modal-profil-murid]
Session ID: f5a52afdc5fc43af38b0d772deda9975
]]></error>
  </testcase>
  <testcase name="" classname="Scenario: Submit Perbarui button with all data but not Nama Lengkap form has been filled" time="0">
    <error message="✽.When Student fill all data form but not on Nama Lengkap field(features/UpdateStudent.feature:250) matches more than one step definition:&#10;  Student fill all data form in UpdateStudentSteps.studentFillAllDataForm()&#10;  Student fill all data form but not on Nama Lengkap field in UpdateStudentSteps.studentFillAllDataFormButNotOnNamaLengkapField()&#10;" type="cucumber.runtime.AmbiguousStepDefinitionsException"><![CDATA[cucumber.runtime.AmbiguousStepDefinitionsException: 
✽.When Student fill all data form but not on Nama Lengkap field(features/UpdateStudent.feature:250) matches more than one step definition:
  Student fill all data form in UpdateStudentSteps.studentFillAllDataForm()
  Student fill all data form but not on Nama Lengkap field in UpdateStudentSteps.studentFillAllDataFormButNotOnNamaLengkapField()

]]></error>
  </testcase>
  <testcase name="Given Student already on Edit Profile page" classname="Scenario: Submit Perbarui button with all data but not Nama Lengkap form has been filled" time="0">
    <skipped/>
    <system-out><![CDATA[
  Background:                                                                        &amp#27;[90m# features/UpdateStudent.feature:4&amp#27;[0m
    &amp#27;[32mGiven &amp#27;[0m&amp#27;[32mUser open the website GuruMu&amp#27;[0m                                               &amp#27;[90m# LoginSteps.userOpenTheWebsiteGuruMu()&amp#27;[0m
    &amp#27;[32mWhen &amp#27;[0m&amp#27;[32mUser click avatar navigation&amp#27;[0m                                                &amp#27;[90m# LoginSteps.userClickAvatarNavigation()&amp#27;[0m
    &amp#27;[32mAnd &amp#27;[0m&amp#27;[32mUser click menu Masuk&amp#27;[0m                                                        &amp#27;[90m# LoginSteps.userClickMenuMasuk()&amp#27;[0m
    &amp#27;[32mAnd &amp#27;[0m&amp#27;[32mUser input "&amp#27;[0m&amp#27;[32m&amp#27;[1mherdiladania11@gmail.com&amp#27;[0m&amp#27;[32m" as email and input "&amp#27;[0m&amp#27;[32m&amp#27;[1mfe123&amp#27;[0m&amp#27;[32m" as password&amp#27;[0m &amp#27;[90m# LoginSteps.inputCredential(String,String)&amp#27;[0m
    &amp#27;[32mAnd &amp#27;[0m&amp#27;[32mUser clicked masuk button&amp#27;[0m                                                    &amp#27;[90m# LoginSteps.userClickMasukButton()&amp#27;[0m
    &amp#27;[32mWhen &amp#27;[0m&amp#27;[32mUser move to Profile Page&amp#27;[0m                                                   &amp#27;[90m# PenilaianUlasanSteps.userMoveToProfilePage()&amp#27;[0m
    &amp#27;[31mAnd &amp#27;[0m&amp#27;[31mUser click edit profile&amp#27;[0m                                                      &amp#27;[90m# UpdateStudentSteps.userClickEditProfile()&amp#27;[0m
      &amp#27;[31morg.openqa.selenium.ElementClickInterceptedException: element click intercepted: Element <label id="modal-profil-murid" for="my-modal-5" class="flex gap-1 absolute lg:top-10 top-10 lg:right-40 right-0">...</label> is not clickable at point (949, 280). Other element would receive the click: <h2 class="swal2-title" id="swal2-title" style="display: block;">...</h2>
        (Session info: chrome=110.0.5481.100)
      Build info: version: '4.1.2', revision: '9a5a329c5a'
      System info: host: 'nsystem-mbp', ip: 'fe80:0:0:0:ce7:beec:a50b:8367%en0', os.name: 'Mac OS X', os.arch: 'x86_64', os.version: '10.16', java.version: '1.8.0_201'
      Driver info: org.openqa.selenium.chrome.ChromeDriver
      Command: [f5a52afdc5fc43af38b0d772deda9975, clickElement {id=170005f8-3cf5-4c8f-937f-1255c1658f3b}]
      Capabilities {acceptInsecureCerts: false, browserName: chrome, browserVersion: 110.0.5481.100, chrome: {chromedriverVersion: 110.0.5481.77 (65ed616c6e8e..., userDataDir: /var/folders/00/xzw63_pj58g...}, goog:chromeOptions: {debuggerAddress: localhost:50648}, javascriptEnabled: true, networkConnectionEnabled: false, pageLoadStrategy: normal, platform: MAC, platformName: MAC, proxy: Proxy(), se:cdp: ws://localhost:50648/devtoo..., se:cdpVersion: 110.0.5481.100, setWindowRect: true, strictFileInteractability: false, timeouts: {implicit: 0, pageLoad: 300000, script: 30000}, unhandledPromptBehavior: dismiss and notify, webauthn:extension:credBlob: true, webauthn:extension:largeBlob: true, webauthn:virtualAuthenticators: true}
      Element: [[ChromeDriver: chrome on MAC (f5a52afdc5fc43af38b0d772deda9975)] -> id: modal-profil-murid]
      Session ID: f5a52afdc5fc43af38b0d772deda9975
      	at sun.reflect.GeneratedConstructorAccessor44.newInstance(Unknown Source)
      	at sun.reflect.DelegatingConstructorAccessorImpl.newInstance(DelegatingConstructorAccessorImpl.java:45)
      	at java.lang.reflect.Constructor.newInstance(Constructor.java:423)
      	at org.openqa.selenium.remote.codec.w3c.W3CHttpResponseCodec.createException(W3CHttpResponseCodec.java:200)
      	at org.openqa.selenium.remote.codec.w3c.W3CHttpResponseCodec.decode(W3CHttpResponseCodec.java:133)
      	at org.openqa.selenium.remote.codec.w3c.W3CHttpResponseCodec.decode(W3CHttpResponseCodec.java:53)
      	at org.openqa.selenium.remote.HttpCommandExecutor.execute(HttpCommandExecutor.java:184)
      	at org.openqa.selenium.remote.service.DriverCommandExecutor.invokeExecute(DriverCommandExecutor.java:167)
      	at org.openqa.selenium.remote.service.DriverCommandExecutor.execute(DriverCommandExecutor.java:142)
      	at org.openqa.selenium.remote.RemoteWebDriver.execute(RemoteWebDriver.java:558)
      	at org.openqa.selenium.remote.RemoteWebElement.execute(RemoteWebElement.java:251)
      	at org.openqa.selenium.remote.RemoteWebElement.click(RemoteWebElement.java:77)
      	at sun.reflect.GeneratedMethodAccessor10.invoke(Unknown Source)
      	at sun.reflect.DelegatingMethodAccessorImpl.invoke(DelegatingMethodAccessorImpl.java:43)
      	at java.lang.reflect.Method.invoke(Method.java:498)
      	at org.openqa.selenium.support.pagefactory.internal.LocatingElementHandler.invoke(LocatingElementHandler.java:52)
      	at com.sun.proxy.$Proxy21.click(Unknown Source)
      	at org.example.pageObject.UpdateStudentPage.openEditProfileModal(UpdateStudentPage.java:105)
      	at step_definitions.UpdateStudentSteps.userClickEditProfile(UpdateStudentSteps.java:355)
      	at ✽.And User click edit profile(features/UpdateStudent.feature:11)
      &amp#27;[0m
]]></system-out>
  </testcase>
  <testcase name="When Student fill all data form but not on Nama Lengkap field" classname="Scenario: Submit Perbarui button with all data but not Nama Lengkap form has been filled" time="0">
    <error message="✽.When Student fill all data form but not on Nama Lengkap field(features/UpdateStudent.feature:250) matches more than one step definition:&#10;  Student fill all data form in UpdateStudentSteps.studentFillAllDataForm()&#10;  Student fill all data form but not on Nama Lengkap field in UpdateStudentSteps.studentFillAllDataFormButNotOnNamaLengkapField()&#10;" type="cucumber.runtime.AmbiguousStepDefinitionsException"><![CDATA[cucumber.runtime.AmbiguousStepDefinitionsException: 
✽.When Student fill all data form but not on Nama Lengkap field(features/UpdateStudent.feature:250) matches more than one step definition:
  Student fill all data form in UpdateStudentSteps.studentFillAllDataForm()
  Student fill all data form but not on Nama Lengkap field in UpdateStudentSteps.studentFillAllDataFormButNotOnNamaLengkapField()

]]></error>
  </testcase>
  <testcase name="Then Student click Perbarui button" classname="Scenario: Submit Perbarui button with all data but not Nama Lengkap form has been filled" time="0">
    <skipped/>
  </testcase>
  <testcase name="Given User open the website GuruMu" classname="Scenario: Submit Perbarui button with all data form but not on Handphone has been filled" time="0">
    <system-out><![CDATA[
  Scenario: Submit Perbarui button with all data but not Nama Lengkap form has been filled &amp#27;[90m# features/UpdateStudent.feature:248&amp#27;[0m
    &amp#27;[36mGiven &amp#27;[0m&amp#27;[36mStudent already on Edit Profile page&amp#27;[0m                                             &amp#27;[90m# UpdateStudentSteps.studentAlreadyonEditProfilePage()&amp#27;[0m
    &amp#27;[31mWhen &amp#27;[0m&amp#27;[31mStudent fill all data form but not on Nama Lengkap field&amp#27;[0m                          &amp#27;[90m# UpdateStudentSteps.studentFillAllDataForm()&amp#27;[0m
      &amp#27;[31mcucumber.runtime.AmbiguousStepDefinitionsException: ✽.When Student fill all data form but not on Nama Lengkap field(features/UpdateStudent.feature:250) matches more than one step definition:
        Student fill all data form in UpdateStudentSteps.studentFillAllDataForm()
        Student fill all data form but not on Nama Lengkap field in UpdateStudentSteps.studentFillAllDataFormButNotOnNamaLengkapField()
      
      	at cucumber.runtime.RuntimeGlue.stepDefinitionMatch(RuntimeGlue.java:71)
      	at cucumber.runtime.Runtime.runStep(Runtime.java:267)
      	at cucumber.runtime.model.StepContainer.runStep(StepContainer.java:44)
      	at cucumber.runtime.model.StepContainer.runSteps(StepContainer.java:39)
      	at cucumber.runtime.model.CucumberScenario.run(CucumberScenario.java:44)
      	at cucumber.runtime.junit.ExecutionUnitRunner.run(ExecutionUnitRunner.java:102)
      	at cucumber.runtime.junit.FeatureRunner.runChild(FeatureRunner.java:63)
      	at cucumber.runtime.junit.FeatureRunner.runChild(FeatureRunner.java:18)
      	at org.junit.runners.ParentRunner$3.run(ParentRunner.java:238)
      	at org.junit.runners.ParentRunner$1.schedule(ParentRunner.java:63)
      	at org.junit.runners.ParentRunner.runChildren(ParentRunner.java:236)
      	at org.junit.runners.ParentRunner.access$000(ParentRunner.java:53)
      	at org.junit.runners.ParentRunner$2.evaluate(ParentRunner.java:229)
      	at org.junit.runners.ParentRunner.run(ParentRunner.java:309)
      	at cucumber.runtime.junit.FeatureRunner.run(FeatureRunner.java:70)
      	at cucumber.api.junit.Cucumber.runChild(Cucumber.java:95)
      	at cucumber.api.junit.Cucumber.runChild(Cucumber.java:38)
      	at org.junit.runners.ParentRunner$3.run(ParentRunner.java:238)
      	at org.junit.runners.ParentRunner$1.schedule(ParentRunner.java:63)
      	at org.junit.runners.ParentRunner.runChildren(ParentRunner.java:236)
      	at org.junit.runners.ParentRunner.access$000(ParentRunner.java:53)
      	at org.junit.runners.ParentRunner$2.evaluate(ParentRunner.java:229)
      	at org.junit.runners.ParentRunner.run(ParentRunner.java:309)
      	at cucumber.api.junit.Cucumber.run(Cucumber.java:100)
      	at org.apache.maven.surefire.junit4.JUnit4Provider.execute(JUnit4Provider.java:364)
      	at org.apache.maven.surefire.junit4.JUnit4Provider.executeWithRerun(JUnit4Provider.java:272)
      	at org.apache.maven.surefire.junit4.JUnit4Provider.executeTestSet(JUnit4Provider.java:237)
      	at org.apache.maven.surefire.junit4.JUnit4Provider.invoke(JUnit4Provider.java:158)
      	at org.apache.maven.surefire.booter.ForkedBooter.runSuitesInProcess(ForkedBooter.java:428)
      	at org.apache.maven.surefire.booter.ForkedBooter.execute(ForkedBooter.java:162)
      	at org.apache.maven.surefire.booter.ForkedBooter.run(ForkedBooter.java:562)
      	at org.apache.maven.surefire.booter.ForkedBooter.main(ForkedBooter.java:548)
      &amp#27;[0m
    &amp#27;[36mThen &amp#27;[0m&amp#27;[36mStudent click Perbarui button&amp#27;[0m                                                     &amp#27;[90m# UpdateStudentSteps.studentClickPerbaruiButton()&amp#27;[0m
]]></system-out>
    <system-err><![CDATA[Starting ChromeDriver 110.0.5481.77 (65ed616c6e8ee3fe0ad64fe83796c020644d42af-refs/branch-heads/5481@{#839}) on port 53742
Only local connections are allowed.
Please see https://chromedriver.chromium.org/security-considerations for suggestions on keeping ChromeDriver safe.
ChromeDriver was started successfully.
[1676554140.357][WARNING]: virtual void DevToolsClientImpl::AddListener(DevToolsEventListener *) subscribing a listener to the already connected DevToolsClient. Connection notification will not arrive.
Feb 16, 2023 8:29:00 PM org.openqa.selenium.remote.ProtocolHandshake createSession
INFO: Detected dialect: W3C
Feb 16, 2023 8:29:00 PM org.openqa.selenium.devtools.CdpVersionFinder findNearestMatch
WARNING: Unable to find an exact match for CDP version 110, so returning the closest version found: a no-op implementation
Feb 16, 2023 8:29:00 PM org.openqa.selenium.devtools.CdpVersionFinder findNearestMatch
INFO: Unable to find CDP implementation matching 110.
Feb 16, 2023 8:29:00 PM org.openqa.selenium.chromium.ChromiumDriver lambda$new$3
WARNING: Unable to find version of CDP to use for . You may need to include a dependency on a specific version of the CDP using something similar to `org.seleniumhq.selenium:selenium-devtools-v86:4.1.2` where the version ("v86") matches the version of the chromium-based browser you're using and the version number of the artifact is the same as Selenium's.
]]></system-err>
  </testcase>
  <testcase name="When User click avatar navigation" classname="Scenario: Submit Perbarui button with all data form but not on Handphone has been filled" time="0"/>
  <testcase name="And User click menu Masuk" classname="Scenario: Submit Perbarui button with all data form but not on Handphone has been filled" time="0"/>
  <testcase name="And User input &quot;herdiladania11@gmail.com&quot; as email and input &quot;fe123&quot; as password" classname="Scenario: Submit Perbarui button with all data form but not on Handphone has been filled" time="0"/>
  <testcase name="And User clicked masuk button" classname="Scenario: Submit Perbarui button with all data form but not on Handphone has been filled" time="0"/>
  <testcase name="When User move to Profile Page" classname="Scenario: Submit Perbarui button with all data form but not on Handphone has been filled" time="0"/>
  <testcase name="And User click edit profile" classname="Scenario: Submit Perbarui button with all data form but not on Handphone has been filled" time="0.005">
    <error message="element click intercepted: Element &lt;label id=&quot;modal-profil-murid&quot; for=&quot;my-modal-5&quot; class=&quot;flex gap-1 absolute lg:top-10 top-10 lg:right-40 right-0&quot;&gt;...&lt;/label&gt; is not clickable at point (949, 280). Other element would receive the click: &lt;h2 class=&quot;swal2-title&quot; id=&quot;swal2-title&quot; style=&quot;display: block;&quot;&gt;...&lt;/h2&gt;&#10;  (Session info: chrome=110.0.5481.100)&#10;Build info: version: &apos;4.1.2&apos;, revision: &apos;9a5a329c5a&apos;&#10;System info: host: &apos;nsystem-mbp&apos;, ip: &apos;fe80:0:0:0:ce7:beec:a50b:8367%en0&apos;, os.name: &apos;Mac OS X&apos;, os.arch: &apos;x86_64&apos;, os.version: &apos;10.16&apos;, java.version: &apos;1.8.0_201&apos;&#10;Driver info: org.openqa.selenium.chrome.ChromeDriver&#10;Command: [88acfff68a4d13fcb0a93aa3857c0f6f, clickElement {id=34c7c048-4814-4294-a6f7-9362c5f84d21}]&#10;Capabilities {acceptInsecureCerts: false, browserName: chrome, browserVersion: 110.0.5481.100, chrome: {chromedriverVersion: 110.0.5481.77 (65ed616c6e8e..., userDataDir: /var/folders/00/xzw63_pj58g...}, goog:chromeOptions: {debuggerAddress: localhost:50673}, javascriptEnabled: true, networkConnectionEnabled: false, pageLoadStrategy: normal, platform: MAC, platformName: MAC, proxy: Proxy(), se:cdp: ws://localhost:50673/devtoo..., se:cdpVersion: 110.0.5481.100, setWindowRect: true, strictFileInteractability: false, timeouts: {implicit: 0, pageLoad: 300000, script: 30000}, unhandledPromptBehavior: dismiss and notify, webauthn:extension:credBlob: true, webauthn:extension:largeBlob: true, webauthn:virtualAuthenticators: true}&#10;Element: [[ChromeDriver: chrome on MAC (88acfff68a4d13fcb0a93aa3857c0f6f)] -&gt; id: modal-profil-murid]&#10;Session ID: 88acfff68a4d13fcb0a93aa3857c0f6f" type="org.openqa.selenium.ElementClickInterceptedException"><![CDATA[org.openqa.selenium.ElementClickInterceptedException: 
element click intercepted: Element <label id="modal-profil-murid" for="my-modal-5" class="flex gap-1 absolute lg:top-10 top-10 lg:right-40 right-0">...</label> is not clickable at point (949, 280). Other element would receive the click: <h2 class="swal2-title" id="swal2-title" style="display: block;">...</h2>
  (Session info: chrome=110.0.5481.100)
Build info: version: '4.1.2', revision: '9a5a329c5a'
System info: host: 'nsystem-mbp', ip: 'fe80:0:0:0:ce7:beec:a50b:8367%en0', os.name: 'Mac OS X', os.arch: 'x86_64', os.version: '10.16', java.version: '1.8.0_201'
Driver info: org.openqa.selenium.chrome.ChromeDriver
Command: [88acfff68a4d13fcb0a93aa3857c0f6f, clickElement {id=34c7c048-4814-4294-a6f7-9362c5f84d21}]
Capabilities {acceptInsecureCerts: false, browserName: chrome, browserVersion: 110.0.5481.100, chrome: {chromedriverVersion: 110.0.5481.77 (65ed616c6e8e..., userDataDir: /var/folders/00/xzw63_pj58g...}, goog:chromeOptions: {debuggerAddress: localhost:50673}, javascriptEnabled: true, networkConnectionEnabled: false, pageLoadStrategy: normal, platform: MAC, platformName: MAC, proxy: Proxy(), se:cdp: ws://localhost:50673/devtoo..., se:cdpVersion: 110.0.5481.100, setWindowRect: true, strictFileInteractability: false, timeouts: {implicit: 0, pageLoad: 300000, script: 30000}, unhandledPromptBehavior: dismiss and notify, webauthn:extension:credBlob: true, webauthn:extension:largeBlob: true, webauthn:virtualAuthenticators: true}
Element: [[ChromeDriver: chrome on MAC (88acfff68a4d13fcb0a93aa3857c0f6f)] -> id: modal-profil-murid]
Session ID: 88acfff68a4d13fcb0a93aa3857c0f6f
]]></error>
  </testcase>
  <testcase name="" classname="Scenario: Submit Perbarui button with all data form but not on Handphone has been filled" time="0.006">
    <error message="element click intercepted: Element &lt;label id=&quot;modal-profil-murid&quot; for=&quot;my-modal-5&quot; class=&quot;flex gap-1 absolute lg:top-10 top-10 lg:right-40 right-0&quot;&gt;...&lt;/label&gt; is not clickable at point (949, 280). Other element would receive the click: &lt;h2 class=&quot;swal2-title&quot; id=&quot;swal2-title&quot; style=&quot;display: block;&quot;&gt;...&lt;/h2&gt;&#10;  (Session info: chrome=110.0.5481.100)&#10;Build info: version: &apos;4.1.2&apos;, revision: &apos;9a5a329c5a&apos;&#10;System info: host: &apos;nsystem-mbp&apos;, ip: &apos;fe80:0:0:0:ce7:beec:a50b:8367%en0&apos;, os.name: &apos;Mac OS X&apos;, os.arch: &apos;x86_64&apos;, os.version: &apos;10.16&apos;, java.version: &apos;1.8.0_201&apos;&#10;Driver info: org.openqa.selenium.chrome.ChromeDriver&#10;Command: [88acfff68a4d13fcb0a93aa3857c0f6f, clickElement {id=34c7c048-4814-4294-a6f7-9362c5f84d21}]&#10;Capabilities {acceptInsecureCerts: false, browserName: chrome, browserVersion: 110.0.5481.100, chrome: {chromedriverVersion: 110.0.5481.77 (65ed616c6e8e..., userDataDir: /var/folders/00/xzw63_pj58g...}, goog:chromeOptions: {debuggerAddress: localhost:50673}, javascriptEnabled: true, networkConnectionEnabled: false, pageLoadStrategy: normal, platform: MAC, platformName: MAC, proxy: Proxy(), se:cdp: ws://localhost:50673/devtoo..., se:cdpVersion: 110.0.5481.100, setWindowRect: true, strictFileInteractability: false, timeouts: {implicit: 0, pageLoad: 300000, script: 30000}, unhandledPromptBehavior: dismiss and notify, webauthn:extension:credBlob: true, webauthn:extension:largeBlob: true, webauthn:virtualAuthenticators: true}&#10;Element: [[ChromeDriver: chrome on MAC (88acfff68a4d13fcb0a93aa3857c0f6f)] -&gt; id: modal-profil-murid]&#10;Session ID: 88acfff68a4d13fcb0a93aa3857c0f6f" type="org.openqa.selenium.ElementClickInterceptedException"><![CDATA[org.openqa.selenium.ElementClickInterceptedException: 
element click intercepted: Element <label id="modal-profil-murid" for="my-modal-5" class="flex gap-1 absolute lg:top-10 top-10 lg:right-40 right-0">...</label> is not clickable at point (949, 280). Other element would receive the click: <h2 class="swal2-title" id="swal2-title" style="display: block;">...</h2>
  (Session info: chrome=110.0.5481.100)
Build info: version: '4.1.2', revision: '9a5a329c5a'
System info: host: 'nsystem-mbp', ip: 'fe80:0:0:0:ce7:beec:a50b:8367%en0', os.name: 'Mac OS X', os.arch: 'x86_64', os.version: '10.16', java.version: '1.8.0_201'
Driver info: org.openqa.selenium.chrome.ChromeDriver
Command: [88acfff68a4d13fcb0a93aa3857c0f6f, clickElement {id=34c7c048-4814-4294-a6f7-9362c5f84d21}]
Capabilities {acceptInsecureCerts: false, browserName: chrome, browserVersion: 110.0.5481.100, chrome: {chromedriverVersion: 110.0.5481.77 (65ed616c6e8e..., userDataDir: /var/folders/00/xzw63_pj58g...}, goog:chromeOptions: {debuggerAddress: localhost:50673}, javascriptEnabled: true, networkConnectionEnabled: false, pageLoadStrategy: normal, platform: MAC, platformName: MAC, proxy: Proxy(), se:cdp: ws://localhost:50673/devtoo..., se:cdpVersion: 110.0.5481.100, setWindowRect: true, strictFileInteractability: false, timeouts: {implicit: 0, pageLoad: 300000, script: 30000}, unhandledPromptBehavior: dismiss and notify, webauthn:extension:credBlob: true, webauthn:extension:largeBlob: true, webauthn:virtualAuthenticators: true}
Element: [[ChromeDriver: chrome on MAC (88acfff68a4d13fcb0a93aa3857c0f6f)] -> id: modal-profil-murid]
Session ID: 88acfff68a4d13fcb0a93aa3857c0f6f
]]></error>
  </testcase>
  <testcase name="" classname="Scenario: Submit Perbarui button with all data form but not on Handphone has been filled" time="0">
    <error message="✽.When Student fill all data form but not on Handphone field(features/UpdateStudent.feature:255) matches more than one step definition:&#10;  Student fill all data form in UpdateStudentSteps.studentFillAllDataForm()&#10;  Student fill all data form but not on Handphone field in UpdateStudentSteps.studentFillAllDataFormButNotOnHandphoneField()&#10;" type="cucumber.runtime.AmbiguousStepDefinitionsException"><![CDATA[cucumber.runtime.AmbiguousStepDefinitionsException: 
✽.When Student fill all data form but not on Handphone field(features/UpdateStudent.feature:255) matches more than one step definition:
  Student fill all data form in UpdateStudentSteps.studentFillAllDataForm()
  Student fill all data form but not on Handphone field in UpdateStudentSteps.studentFillAllDataFormButNotOnHandphoneField()

]]></error>
  </testcase>
  <testcase name="Given Student already on Edit Profile page" classname="Scenario: Submit Perbarui button with all data form but not on Handphone has been filled" time="0">
    <skipped/>
    <system-out><![CDATA[
  Background:                                                                        &amp#27;[90m# features/UpdateStudent.feature:4&amp#27;[0m
    &amp#27;[32mGiven &amp#27;[0m&amp#27;[32mUser open the website GuruMu&amp#27;[0m                                               &amp#27;[90m# LoginSteps.userOpenTheWebsiteGuruMu()&amp#27;[0m
    &amp#27;[32mWhen &amp#27;[0m&amp#27;[32mUser click avatar navigation&amp#27;[0m                                                &amp#27;[90m# LoginSteps.userClickAvatarNavigation()&amp#27;[0m
    &amp#27;[32mAnd &amp#27;[0m&amp#27;[32mUser click menu Masuk&amp#27;[0m                                                        &amp#27;[90m# LoginSteps.userClickMenuMasuk()&amp#27;[0m
    &amp#27;[32mAnd &amp#27;[0m&amp#27;[32mUser input "&amp#27;[0m&amp#27;[32m&amp#27;[1mherdiladania11@gmail.com&amp#27;[0m&amp#27;[32m" as email and input "&amp#27;[0m&amp#27;[32m&amp#27;[1mfe123&amp#27;[0m&amp#27;[32m" as password&amp#27;[0m &amp#27;[90m# LoginSteps.inputCredential(String,String)&amp#27;[0m
    &amp#27;[32mAnd &amp#27;[0m&amp#27;[32mUser clicked masuk button&amp#27;[0m                                                    &amp#27;[90m# LoginSteps.userClickMasukButton()&amp#27;[0m
    &amp#27;[32mWhen &amp#27;[0m&amp#27;[32mUser move to Profile Page&amp#27;[0m                                                   &amp#27;[90m# PenilaianUlasanSteps.userMoveToProfilePage()&amp#27;[0m
    &amp#27;[31mAnd &amp#27;[0m&amp#27;[31mUser click edit profile&amp#27;[0m                                                      &amp#27;[90m# UpdateStudentSteps.userClickEditProfile()&amp#27;[0m
      &amp#27;[31morg.openqa.selenium.ElementClickInterceptedException: element click intercepted: Element <label id="modal-profil-murid" for="my-modal-5" class="flex gap-1 absolute lg:top-10 top-10 lg:right-40 right-0">...</label> is not clickable at point (949, 280). Other element would receive the click: <h2 class="swal2-title" id="swal2-title" style="display: block;">...</h2>
        (Session info: chrome=110.0.5481.100)
      Build info: version: '4.1.2', revision: '9a5a329c5a'
      System info: host: 'nsystem-mbp', ip: 'fe80:0:0:0:ce7:beec:a50b:8367%en0', os.name: 'Mac OS X', os.arch: 'x86_64', os.version: '10.16', java.version: '1.8.0_201'
      Driver info: org.openqa.selenium.chrome.ChromeDriver
      Command: [88acfff68a4d13fcb0a93aa3857c0f6f, clickElement {id=34c7c048-4814-4294-a6f7-9362c5f84d21}]
      Capabilities {acceptInsecureCerts: false, browserName: chrome, browserVersion: 110.0.5481.100, chrome: {chromedriverVersion: 110.0.5481.77 (65ed616c6e8e..., userDataDir: /var/folders/00/xzw63_pj58g...}, goog:chromeOptions: {debuggerAddress: localhost:50673}, javascriptEnabled: true, networkConnectionEnabled: false, pageLoadStrategy: normal, platform: MAC, platformName: MAC, proxy: Proxy(), se:cdp: ws://localhost:50673/devtoo..., se:cdpVersion: 110.0.5481.100, setWindowRect: true, strictFileInteractability: false, timeouts: {implicit: 0, pageLoad: 300000, script: 30000}, unhandledPromptBehavior: dismiss and notify, webauthn:extension:credBlob: true, webauthn:extension:largeBlob: true, webauthn:virtualAuthenticators: true}
      Element: [[ChromeDriver: chrome on MAC (88acfff68a4d13fcb0a93aa3857c0f6f)] -> id: modal-profil-murid]
      Session ID: 88acfff68a4d13fcb0a93aa3857c0f6f
      	at sun.reflect.GeneratedConstructorAccessor44.newInstance(Unknown Source)
      	at sun.reflect.DelegatingConstructorAccessorImpl.newInstance(DelegatingConstructorAccessorImpl.java:45)
      	at java.lang.reflect.Constructor.newInstance(Constructor.java:423)
      	at org.openqa.selenium.remote.codec.w3c.W3CHttpResponseCodec.createException(W3CHttpResponseCodec.java:200)
      	at org.openqa.selenium.remote.codec.w3c.W3CHttpResponseCodec.decode(W3CHttpResponseCodec.java:133)
      	at org.openqa.selenium.remote.codec.w3c.W3CHttpResponseCodec.decode(W3CHttpResponseCodec.java:53)
      	at org.openqa.selenium.remote.HttpCommandExecutor.execute(HttpCommandExecutor.java:184)
      	at org.openqa.selenium.remote.service.DriverCommandExecutor.invokeExecute(DriverCommandExecutor.java:167)
      	at org.openqa.selenium.remote.service.DriverCommandExecutor.execute(DriverCommandExecutor.java:142)
      	at org.openqa.selenium.remote.RemoteWebDriver.execute(RemoteWebDriver.java:558)
      	at org.openqa.selenium.remote.RemoteWebElement.execute(RemoteWebElement.java:251)
      	at org.openqa.selenium.remote.RemoteWebElement.click(RemoteWebElement.java:77)
      	at sun.reflect.GeneratedMethodAccessor10.invoke(Unknown Source)
      	at sun.reflect.DelegatingMethodAccessorImpl.invoke(DelegatingMethodAccessorImpl.java:43)
      	at java.lang.reflect.Method.invoke(Method.java:498)
      	at org.openqa.selenium.support.pagefactory.internal.LocatingElementHandler.invoke(LocatingElementHandler.java:52)
      	at com.sun.proxy.$Proxy21.click(Unknown Source)
      	at org.example.pageObject.UpdateStudentPage.openEditProfileModal(UpdateStudentPage.java:105)
      	at step_definitions.UpdateStudentSteps.userClickEditProfile(UpdateStudentSteps.java:355)
      	at ✽.And User click edit profile(features/UpdateStudent.feature:11)
      &amp#27;[0m
]]></system-out>
  </testcase>
  <testcase name="When Student fill all data form but not on Handphone field" classname="Scenario: Submit Perbarui button with all data form but not on Handphone has been filled" time="0">
    <error message="✽.When Student fill all data form but not on Handphone field(features/UpdateStudent.feature:255) matches more than one step definition:&#10;  Student fill all data form in UpdateStudentSteps.studentFillAllDataForm()&#10;  Student fill all data form but not on Handphone field in UpdateStudentSteps.studentFillAllDataFormButNotOnHandphoneField()&#10;" type="cucumber.runtime.AmbiguousStepDefinitionsException"><![CDATA[cucumber.runtime.AmbiguousStepDefinitionsException: 
✽.When Student fill all data form but not on Handphone field(features/UpdateStudent.feature:255) matches more than one step definition:
  Student fill all data form in UpdateStudentSteps.studentFillAllDataForm()
  Student fill all data form but not on Handphone field in UpdateStudentSteps.studentFillAllDataFormButNotOnHandphoneField()

]]></error>
  </testcase>
  <testcase name="Then Student click Perbarui button" classname="Scenario: Submit Perbarui button with all data form but not on Handphone has been filled" time="0">
    <skipped/>
  </testcase>
  <testcase name="Given User open the website GuruMu" classname="Scenario: Submit Perbarui button with all data form but not on Email has been filled" time="0">
    <system-out><![CDATA[
  Scenario: Submit Perbarui button with all data form but not on Handphone has been filled &amp#27;[90m# features/UpdateStudent.feature:253&amp#27;[0m
    &amp#27;[36mGiven &amp#27;[0m&amp#27;[36mStudent already on Edit Profile page&amp#27;[0m                                             &amp#27;[90m# UpdateStudentSteps.studentAlreadyonEditProfilePage()&amp#27;[0m
    &amp#27;[31mWhen &amp#27;[0m&amp#27;[31mStudent fill all data form but not on Handphone field&amp#27;[0m                             &amp#27;[90m# UpdateStudentSteps.studentFillAllDataForm()&amp#27;[0m
      &amp#27;[31mcucumber.runtime.AmbiguousStepDefinitionsException: ✽.When Student fill all data form but not on Handphone field(features/UpdateStudent.feature:255) matches more than one step definition:
        Student fill all data form in UpdateStudentSteps.studentFillAllDataForm()
        Student fill all data form but not on Handphone field in UpdateStudentSteps.studentFillAllDataFormButNotOnHandphoneField()
      
      	at cucumber.runtime.RuntimeGlue.stepDefinitionMatch(RuntimeGlue.java:71)
      	at cucumber.runtime.Runtime.runStep(Runtime.java:267)
      	at cucumber.runtime.model.StepContainer.runStep(StepContainer.java:44)
      	at cucumber.runtime.model.StepContainer.runSteps(StepContainer.java:39)
      	at cucumber.runtime.model.CucumberScenario.run(CucumberScenario.java:44)
      	at cucumber.runtime.junit.ExecutionUnitRunner.run(ExecutionUnitRunner.java:102)
      	at cucumber.runtime.junit.FeatureRunner.runChild(FeatureRunner.java:63)
      	at cucumber.runtime.junit.FeatureRunner.runChild(FeatureRunner.java:18)
      	at org.junit.runners.ParentRunner$3.run(ParentRunner.java:238)
      	at org.junit.runners.ParentRunner$1.schedule(ParentRunner.java:63)
      	at org.junit.runners.ParentRunner.runChildren(ParentRunner.java:236)
      	at org.junit.runners.ParentRunner.access$000(ParentRunner.java:53)
      	at org.junit.runners.ParentRunner$2.evaluate(ParentRunner.java:229)
      	at org.junit.runners.ParentRunner.run(ParentRunner.java:309)
      	at cucumber.runtime.junit.FeatureRunner.run(FeatureRunner.java:70)
      	at cucumber.api.junit.Cucumber.runChild(Cucumber.java:95)
      	at cucumber.api.junit.Cucumber.runChild(Cucumber.java:38)
      	at org.junit.runners.ParentRunner$3.run(ParentRunner.java:238)
      	at org.junit.runners.ParentRunner$1.schedule(ParentRunner.java:63)
      	at org.junit.runners.ParentRunner.runChildren(ParentRunner.java:236)
      	at org.junit.runners.ParentRunner.access$000(ParentRunner.java:53)
      	at org.junit.runners.ParentRunner$2.evaluate(ParentRunner.java:229)
      	at org.junit.runners.ParentRunner.run(ParentRunner.java:309)
      	at cucumber.api.junit.Cucumber.run(Cucumber.java:100)
      	at org.apache.maven.surefire.junit4.JUnit4Provider.execute(JUnit4Provider.java:364)
      	at org.apache.maven.surefire.junit4.JUnit4Provider.executeWithRerun(JUnit4Provider.java:272)
      	at org.apache.maven.surefire.junit4.JUnit4Provider.executeTestSet(JUnit4Provider.java:237)
      	at org.apache.maven.surefire.junit4.JUnit4Provider.invoke(JUnit4Provider.java:158)
      	at org.apache.maven.surefire.booter.ForkedBooter.runSuitesInProcess(ForkedBooter.java:428)
      	at org.apache.maven.surefire.booter.ForkedBooter.execute(ForkedBooter.java:162)
      	at org.apache.maven.surefire.booter.ForkedBooter.run(ForkedBooter.java:562)
      	at org.apache.maven.surefire.booter.ForkedBooter.main(ForkedBooter.java:548)
      &amp#27;[0m
    &amp#27;[36mThen &amp#27;[0m&amp#27;[36mStudent click Perbarui button&amp#27;[0m                                                     &amp#27;[90m# UpdateStudentSteps.studentClickPerbaruiButton()&amp#27;[0m
]]></system-out>
    <system-err><![CDATA[Starting ChromeDriver 110.0.5481.77 (65ed616c6e8ee3fe0ad64fe83796c020644d42af-refs/branch-heads/5481@{#839}) on port 62210
Only local connections are allowed.
Please see https://chromedriver.chromium.org/security-considerations for suggestions on keeping ChromeDriver safe.
ChromeDriver was started successfully.
[1676554177.871][WARNING]: virtual void DevToolsClientImpl::AddListener(DevToolsEventListener *) subscribing a listener to the already connected DevToolsClient. Connection notification will not arrive.
Feb 16, 2023 8:29:38 PM org.openqa.selenium.remote.ProtocolHandshake createSession
INFO: Detected dialect: W3C
Feb 16, 2023 8:29:38 PM org.openqa.selenium.devtools.CdpVersionFinder findNearestMatch
WARNING: Unable to find an exact match for CDP version 110, so returning the closest version found: a no-op implementation
Feb 16, 2023 8:29:38 PM org.openqa.selenium.devtools.CdpVersionFinder findNearestMatch
INFO: Unable to find CDP implementation matching 110.
Feb 16, 2023 8:29:38 PM org.openqa.selenium.chromium.ChromiumDriver lambda$new$3
WARNING: Unable to find version of CDP to use for . You may need to include a dependency on a specific version of the CDP using something similar to `org.seleniumhq.selenium:selenium-devtools-v86:4.1.2` where the version ("v86") matches the version of the chromium-based browser you're using and the version number of the artifact is the same as Selenium's.
]]></system-err>
  </testcase>
  <testcase name="When User click avatar navigation" classname="Scenario: Submit Perbarui button with all data form but not on Email has been filled" time="0"/>
  <testcase name="And User click menu Masuk" classname="Scenario: Submit Perbarui button with all data form but not on Email has been filled" time="0"/>
  <testcase name="And User input &quot;herdiladania11@gmail.com&quot; as email and input &quot;fe123&quot; as password" classname="Scenario: Submit Perbarui button with all data form but not on Email has been filled" time="0"/>
  <testcase name="And User clicked masuk button" classname="Scenario: Submit Perbarui button with all data form but not on Email has been filled" time="0"/>
  <testcase name="When User move to Profile Page" classname="Scenario: Submit Perbarui button with all data form but not on Email has been filled" time="0"/>
  <testcase name="And User click edit profile" classname="Scenario: Submit Perbarui button with all data form but not on Email has been filled" time="0.004">
    <error message="element click intercepted: Element &lt;label id=&quot;modal-profil-murid&quot; for=&quot;my-modal-5&quot; class=&quot;flex gap-1 absolute lg:top-10 top-10 lg:right-40 right-0&quot;&gt;...&lt;/label&gt; is not clickable at point (949, 280). Other element would receive the click: &lt;h2 class=&quot;swal2-title&quot; id=&quot;swal2-title&quot; style=&quot;display: block;&quot;&gt;...&lt;/h2&gt;&#10;  (Session info: chrome=110.0.5481.100)&#10;Build info: version: &apos;4.1.2&apos;, revision: &apos;9a5a329c5a&apos;&#10;System info: host: &apos;nsystem-mbp&apos;, ip: &apos;fe80:0:0:0:ce7:beec:a50b:8367%en0&apos;, os.name: &apos;Mac OS X&apos;, os.arch: &apos;x86_64&apos;, os.version: &apos;10.16&apos;, java.version: &apos;1.8.0_201&apos;&#10;Driver info: org.openqa.selenium.chrome.ChromeDriver&#10;Command: [32539ccfed0d0efa7db66bd276c7adfb, clickElement {id=b4a66254-fc3e-4f77-bfe8-054ba3175588}]&#10;Capabilities {acceptInsecureCerts: false, browserName: chrome, browserVersion: 110.0.5481.100, chrome: {chromedriverVersion: 110.0.5481.77 (65ed616c6e8e..., userDataDir: /var/folders/00/xzw63_pj58g...}, goog:chromeOptions: {debuggerAddress: localhost:50699}, javascriptEnabled: true, networkConnectionEnabled: false, pageLoadStrategy: normal, platform: MAC, platformName: MAC, proxy: Proxy(), se:cdp: ws://localhost:50699/devtoo..., se:cdpVersion: 110.0.5481.100, setWindowRect: true, strictFileInteractability: false, timeouts: {implicit: 0, pageLoad: 300000, script: 30000}, unhandledPromptBehavior: dismiss and notify, webauthn:extension:credBlob: true, webauthn:extension:largeBlob: true, webauthn:virtualAuthenticators: true}&#10;Element: [[ChromeDriver: chrome on MAC (32539ccfed0d0efa7db66bd276c7adfb)] -&gt; id: modal-profil-murid]&#10;Session ID: 32539ccfed0d0efa7db66bd276c7adfb" type="org.openqa.selenium.ElementClickInterceptedException"><![CDATA[org.openqa.selenium.ElementClickInterceptedException: 
element click intercepted: Element <label id="modal-profil-murid" for="my-modal-5" class="flex gap-1 absolute lg:top-10 top-10 lg:right-40 right-0">...</label> is not clickable at point (949, 280). Other element would receive the click: <h2 class="swal2-title" id="swal2-title" style="display: block;">...</h2>
  (Session info: chrome=110.0.5481.100)
Build info: version: '4.1.2', revision: '9a5a329c5a'
System info: host: 'nsystem-mbp', ip: 'fe80:0:0:0:ce7:beec:a50b:8367%en0', os.name: 'Mac OS X', os.arch: 'x86_64', os.version: '10.16', java.version: '1.8.0_201'
Driver info: org.openqa.selenium.chrome.ChromeDriver
Command: [32539ccfed0d0efa7db66bd276c7adfb, clickElement {id=b4a66254-fc3e-4f77-bfe8-054ba3175588}]
Capabilities {acceptInsecureCerts: false, browserName: chrome, browserVersion: 110.0.5481.100, chrome: {chromedriverVersion: 110.0.5481.77 (65ed616c6e8e..., userDataDir: /var/folders/00/xzw63_pj58g...}, goog:chromeOptions: {debuggerAddress: localhost:50699}, javascriptEnabled: true, networkConnectionEnabled: false, pageLoadStrategy: normal, platform: MAC, platformName: MAC, proxy: Proxy(), se:cdp: ws://localhost:50699/devtoo..., se:cdpVersion: 110.0.5481.100, setWindowRect: true, strictFileInteractability: false, timeouts: {implicit: 0, pageLoad: 300000, script: 30000}, unhandledPromptBehavior: dismiss and notify, webauthn:extension:credBlob: true, webauthn:extension:largeBlob: true, webauthn:virtualAuthenticators: true}
Element: [[ChromeDriver: chrome on MAC (32539ccfed0d0efa7db66bd276c7adfb)] -> id: modal-profil-murid]
Session ID: 32539ccfed0d0efa7db66bd276c7adfb
]]></error>
  </testcase>
  <testcase name="" classname="Scenario: Submit Perbarui button with all data form but not on Email has been filled" time="0.006">
    <error message="element click intercepted: Element &lt;label id=&quot;modal-profil-murid&quot; for=&quot;my-modal-5&quot; class=&quot;flex gap-1 absolute lg:top-10 top-10 lg:right-40 right-0&quot;&gt;...&lt;/label&gt; is not clickable at point (949, 280). Other element would receive the click: &lt;h2 class=&quot;swal2-title&quot; id=&quot;swal2-title&quot; style=&quot;display: block;&quot;&gt;...&lt;/h2&gt;&#10;  (Session info: chrome=110.0.5481.100)&#10;Build info: version: &apos;4.1.2&apos;, revision: &apos;9a5a329c5a&apos;&#10;System info: host: &apos;nsystem-mbp&apos;, ip: &apos;fe80:0:0:0:ce7:beec:a50b:8367%en0&apos;, os.name: &apos;Mac OS X&apos;, os.arch: &apos;x86_64&apos;, os.version: &apos;10.16&apos;, java.version: &apos;1.8.0_201&apos;&#10;Driver info: org.openqa.selenium.chrome.ChromeDriver&#10;Command: [32539ccfed0d0efa7db66bd276c7adfb, clickElement {id=b4a66254-fc3e-4f77-bfe8-054ba3175588}]&#10;Capabilities {acceptInsecureCerts: false, browserName: chrome, browserVersion: 110.0.5481.100, chrome: {chromedriverVersion: 110.0.5481.77 (65ed616c6e8e..., userDataDir: /var/folders/00/xzw63_pj58g...}, goog:chromeOptions: {debuggerAddress: localhost:50699}, javascriptEnabled: true, networkConnectionEnabled: false, pageLoadStrategy: normal, platform: MAC, platformName: MAC, proxy: Proxy(), se:cdp: ws://localhost:50699/devtoo..., se:cdpVersion: 110.0.5481.100, setWindowRect: true, strictFileInteractability: false, timeouts: {implicit: 0, pageLoad: 300000, script: 30000}, unhandledPromptBehavior: dismiss and notify, webauthn:extension:credBlob: true, webauthn:extension:largeBlob: true, webauthn:virtualAuthenticators: true}&#10;Element: [[ChromeDriver: chrome on MAC (32539ccfed0d0efa7db66bd276c7adfb)] -&gt; id: modal-profil-murid]&#10;Session ID: 32539ccfed0d0efa7db66bd276c7adfb" type="org.openqa.selenium.ElementClickInterceptedException"><![CDATA[org.openqa.selenium.ElementClickInterceptedException: 
element click intercepted: Element <label id="modal-profil-murid" for="my-modal-5" class="flex gap-1 absolute lg:top-10 top-10 lg:right-40 right-0">...</label> is not clickable at point (949, 280). Other element would receive the click: <h2 class="swal2-title" id="swal2-title" style="display: block;">...</h2>
  (Session info: chrome=110.0.5481.100)
Build info: version: '4.1.2', revision: '9a5a329c5a'
System info: host: 'nsystem-mbp', ip: 'fe80:0:0:0:ce7:beec:a50b:8367%en0', os.name: 'Mac OS X', os.arch: 'x86_64', os.version: '10.16', java.version: '1.8.0_201'
Driver info: org.openqa.selenium.chrome.ChromeDriver
Command: [32539ccfed0d0efa7db66bd276c7adfb, clickElement {id=b4a66254-fc3e-4f77-bfe8-054ba3175588}]
Capabilities {acceptInsecureCerts: false, browserName: chrome, browserVersion: 110.0.5481.100, chrome: {chromedriverVersion: 110.0.5481.77 (65ed616c6e8e..., userDataDir: /var/folders/00/xzw63_pj58g...}, goog:chromeOptions: {debuggerAddress: localhost:50699}, javascriptEnabled: true, networkConnectionEnabled: false, pageLoadStrategy: normal, platform: MAC, platformName: MAC, proxy: Proxy(), se:cdp: ws://localhost:50699/devtoo..., se:cdpVersion: 110.0.5481.100, setWindowRect: true, strictFileInteractability: false, timeouts: {implicit: 0, pageLoad: 300000, script: 30000}, unhandledPromptBehavior: dismiss and notify, webauthn:extension:credBlob: true, webauthn:extension:largeBlob: true, webauthn:virtualAuthenticators: true}
Element: [[ChromeDriver: chrome on MAC (32539ccfed0d0efa7db66bd276c7adfb)] -> id: modal-profil-murid]
Session ID: 32539ccfed0d0efa7db66bd276c7adfb
]]></error>
  </testcase>
  <testcase name="" classname="Scenario: Submit Perbarui button with all data form but not on Email has been filled" time="0">
    <error message="✽.When Student fill all data form but not on Email field(features/UpdateStudent.feature:260) matches more than one step definition:&#10;  Student fill all data form in UpdateStudentSteps.studentFillAllDataForm()&#10;  Student fill all data form but not on Email field in UpdateStudentSteps.studentFillAllDataFormButNotOnEmailField()&#10;" type="cucumber.runtime.AmbiguousStepDefinitionsException"><![CDATA[cucumber.runtime.AmbiguousStepDefinitionsException: 
✽.When Student fill all data form but not on Email field(features/UpdateStudent.feature:260) matches more than one step definition:
  Student fill all data form in UpdateStudentSteps.studentFillAllDataForm()
  Student fill all data form but not on Email field in UpdateStudentSteps.studentFillAllDataFormButNotOnEmailField()

]]></error>
  </testcase>
  <testcase name="Given Student already on Edit Profile page" classname="Scenario: Submit Perbarui button with all data form but not on Email has been filled" time="0">
    <skipped/>
    <system-out><![CDATA[
  Background:                                                                        &amp#27;[90m# features/UpdateStudent.feature:4&amp#27;[0m
    &amp#27;[32mGiven &amp#27;[0m&amp#27;[32mUser open the website GuruMu&amp#27;[0m                                               &amp#27;[90m# LoginSteps.userOpenTheWebsiteGuruMu()&amp#27;[0m
    &amp#27;[32mWhen &amp#27;[0m&amp#27;[32mUser click avatar navigation&amp#27;[0m                                                &amp#27;[90m# LoginSteps.userClickAvatarNavigation()&amp#27;[0m
    &amp#27;[32mAnd &amp#27;[0m&amp#27;[32mUser click menu Masuk&amp#27;[0m                                                        &amp#27;[90m# LoginSteps.userClickMenuMasuk()&amp#27;[0m
    &amp#27;[32mAnd &amp#27;[0m&amp#27;[32mUser input "&amp#27;[0m&amp#27;[32m&amp#27;[1mherdiladania11@gmail.com&amp#27;[0m&amp#27;[32m" as email and input "&amp#27;[0m&amp#27;[32m&amp#27;[1mfe123&amp#27;[0m&amp#27;[32m" as password&amp#27;[0m &amp#27;[90m# LoginSteps.inputCredential(String,String)&amp#27;[0m
    &amp#27;[32mAnd &amp#27;[0m&amp#27;[32mUser clicked masuk button&amp#27;[0m                                                    &amp#27;[90m# LoginSteps.userClickMasukButton()&amp#27;[0m
    &amp#27;[32mWhen &amp#27;[0m&amp#27;[32mUser move to Profile Page&amp#27;[0m                                                   &amp#27;[90m# PenilaianUlasanSteps.userMoveToProfilePage()&amp#27;[0m
    &amp#27;[31mAnd &amp#27;[0m&amp#27;[31mUser click edit profile&amp#27;[0m                                                      &amp#27;[90m# UpdateStudentSteps.userClickEditProfile()&amp#27;[0m
      &amp#27;[31morg.openqa.selenium.ElementClickInterceptedException: element click intercepted: Element <label id="modal-profil-murid" for="my-modal-5" class="flex gap-1 absolute lg:top-10 top-10 lg:right-40 right-0">...</label> is not clickable at point (949, 280). Other element would receive the click: <h2 class="swal2-title" id="swal2-title" style="display: block;">...</h2>
        (Session info: chrome=110.0.5481.100)
      Build info: version: '4.1.2', revision: '9a5a329c5a'
      System info: host: 'nsystem-mbp', ip: 'fe80:0:0:0:ce7:beec:a50b:8367%en0', os.name: 'Mac OS X', os.arch: 'x86_64', os.version: '10.16', java.version: '1.8.0_201'
      Driver info: org.openqa.selenium.chrome.ChromeDriver
      Command: [32539ccfed0d0efa7db66bd276c7adfb, clickElement {id=b4a66254-fc3e-4f77-bfe8-054ba3175588}]
      Capabilities {acceptInsecureCerts: false, browserName: chrome, browserVersion: 110.0.5481.100, chrome: {chromedriverVersion: 110.0.5481.77 (65ed616c6e8e..., userDataDir: /var/folders/00/xzw63_pj58g...}, goog:chromeOptions: {debuggerAddress: localhost:50699}, javascriptEnabled: true, networkConnectionEnabled: false, pageLoadStrategy: normal, platform: MAC, platformName: MAC, proxy: Proxy(), se:cdp: ws://localhost:50699/devtoo..., se:cdpVersion: 110.0.5481.100, setWindowRect: true, strictFileInteractability: false, timeouts: {implicit: 0, pageLoad: 300000, script: 30000}, unhandledPromptBehavior: dismiss and notify, webauthn:extension:credBlob: true, webauthn:extension:largeBlob: true, webauthn:virtualAuthenticators: true}
      Element: [[ChromeDriver: chrome on MAC (32539ccfed0d0efa7db66bd276c7adfb)] -> id: modal-profil-murid]
      Session ID: 32539ccfed0d0efa7db66bd276c7adfb
      	at sun.reflect.GeneratedConstructorAccessor44.newInstance(Unknown Source)
      	at sun.reflect.DelegatingConstructorAccessorImpl.newInstance(DelegatingConstructorAccessorImpl.java:45)
      	at java.lang.reflect.Constructor.newInstance(Constructor.java:423)
      	at org.openqa.selenium.remote.codec.w3c.W3CHttpResponseCodec.createException(W3CHttpResponseCodec.java:200)
      	at org.openqa.selenium.remote.codec.w3c.W3CHttpResponseCodec.decode(W3CHttpResponseCodec.java:133)
      	at org.openqa.selenium.remote.codec.w3c.W3CHttpResponseCodec.decode(W3CHttpResponseCodec.java:53)
      	at org.openqa.selenium.remote.HttpCommandExecutor.execute(HttpCommandExecutor.java:184)
      	at org.openqa.selenium.remote.service.DriverCommandExecutor.invokeExecute(DriverCommandExecutor.java:167)
      	at org.openqa.selenium.remote.service.DriverCommandExecutor.execute(DriverCommandExecutor.java:142)
      	at org.openqa.selenium.remote.RemoteWebDriver.execute(RemoteWebDriver.java:558)
      	at org.openqa.selenium.remote.RemoteWebElement.execute(RemoteWebElement.java:251)
      	at org.openqa.selenium.remote.RemoteWebElement.click(RemoteWebElement.java:77)
      	at sun.reflect.GeneratedMethodAccessor10.invoke(Unknown Source)
      	at sun.reflect.DelegatingMethodAccessorImpl.invoke(DelegatingMethodAccessorImpl.java:43)
      	at java.lang.reflect.Method.invoke(Method.java:498)
      	at org.openqa.selenium.support.pagefactory.internal.LocatingElementHandler.invoke(LocatingElementHandler.java:52)
      	at com.sun.proxy.$Proxy21.click(Unknown Source)
      	at org.example.pageObject.UpdateStudentPage.openEditProfileModal(UpdateStudentPage.java:105)
      	at step_definitions.UpdateStudentSteps.userClickEditProfile(UpdateStudentSteps.java:355)
      	at ✽.And User click edit profile(features/UpdateStudent.feature:11)
      &amp#27;[0m
]]></system-out>
  </testcase>
  <testcase name="When Student fill all data form but not on Email field" classname="Scenario: Submit Perbarui button with all data form but not on Email has been filled" time="0">
    <error message="✽.When Student fill all data form but not on Email field(features/UpdateStudent.feature:260) matches more than one step definition:&#10;  Student fill all data form in UpdateStudentSteps.studentFillAllDataForm()&#10;  Student fill all data form but not on Email field in UpdateStudentSteps.studentFillAllDataFormButNotOnEmailField()&#10;" type="cucumber.runtime.AmbiguousStepDefinitionsException"><![CDATA[cucumber.runtime.AmbiguousStepDefinitionsException: 
✽.When Student fill all data form but not on Email field(features/UpdateStudent.feature:260) matches more than one step definition:
  Student fill all data form in UpdateStudentSteps.studentFillAllDataForm()
  Student fill all data form but not on Email field in UpdateStudentSteps.studentFillAllDataFormButNotOnEmailField()

]]></error>
  </testcase>
  <testcase name="Then Student click Perbarui button" classname="Scenario: Submit Perbarui button with all data form but not on Email has been filled" time="0">
    <skipped/>
  </testcase>
  <testcase name="Given User open the website GuruMu" classname="Scenario: Submit Perbarui button with all data form but not on Alamat has been filled" time="0">
    <system-out><![CDATA[
  Scenario: Submit Perbarui button with all data form but not on Email has been filled &amp#27;[90m# features/UpdateStudent.feature:258&amp#27;[0m
    &amp#27;[36mGiven &amp#27;[0m&amp#27;[36mStudent already on Edit Profile page&amp#27;[0m                                         &amp#27;[90m# UpdateStudentSteps.studentAlreadyonEditProfilePage()&amp#27;[0m
    &amp#27;[31mWhen &amp#27;[0m&amp#27;[31mStudent fill all data form but not on Email field&amp#27;[0m                             &amp#27;[90m# UpdateStudentSteps.studentFillAllDataForm()&amp#27;[0m
      &amp#27;[31mcucumber.runtime.AmbiguousStepDefinitionsException: ✽.When Student fill all data form but not on Email field(features/UpdateStudent.feature:260) matches more than one step definition:
        Student fill all data form in UpdateStudentSteps.studentFillAllDataForm()
        Student fill all data form but not on Email field in UpdateStudentSteps.studentFillAllDataFormButNotOnEmailField()
      
      	at cucumber.runtime.RuntimeGlue.stepDefinitionMatch(RuntimeGlue.java:71)
      	at cucumber.runtime.Runtime.runStep(Runtime.java:267)
      	at cucumber.runtime.model.StepContainer.runStep(StepContainer.java:44)
      	at cucumber.runtime.model.StepContainer.runSteps(StepContainer.java:39)
      	at cucumber.runtime.model.CucumberScenario.run(CucumberScenario.java:44)
      	at cucumber.runtime.junit.ExecutionUnitRunner.run(ExecutionUnitRunner.java:102)
      	at cucumber.runtime.junit.FeatureRunner.runChild(FeatureRunner.java:63)
      	at cucumber.runtime.junit.FeatureRunner.runChild(FeatureRunner.java:18)
      	at org.junit.runners.ParentRunner$3.run(ParentRunner.java:238)
      	at org.junit.runners.ParentRunner$1.schedule(ParentRunner.java:63)
      	at org.junit.runners.ParentRunner.runChildren(ParentRunner.java:236)
      	at org.junit.runners.ParentRunner.access$000(ParentRunner.java:53)
      	at org.junit.runners.ParentRunner$2.evaluate(ParentRunner.java:229)
      	at org.junit.runners.ParentRunner.run(ParentRunner.java:309)
      	at cucumber.runtime.junit.FeatureRunner.run(FeatureRunner.java:70)
      	at cucumber.api.junit.Cucumber.runChild(Cucumber.java:95)
      	at cucumber.api.junit.Cucumber.runChild(Cucumber.java:38)
      	at org.junit.runners.ParentRunner$3.run(ParentRunner.java:238)
      	at org.junit.runners.ParentRunner$1.schedule(ParentRunner.java:63)
      	at org.junit.runners.ParentRunner.runChildren(ParentRunner.java:236)
      	at org.junit.runners.ParentRunner.access$000(ParentRunner.java:53)
      	at org.junit.runners.ParentRunner$2.evaluate(ParentRunner.java:229)
      	at org.junit.runners.ParentRunner.run(ParentRunner.java:309)
      	at cucumber.api.junit.Cucumber.run(Cucumber.java:100)
      	at org.apache.maven.surefire.junit4.JUnit4Provider.execute(JUnit4Provider.java:364)
      	at org.apache.maven.surefire.junit4.JUnit4Provider.executeWithRerun(JUnit4Provider.java:272)
      	at org.apache.maven.surefire.junit4.JUnit4Provider.executeTestSet(JUnit4Provider.java:237)
      	at org.apache.maven.surefire.junit4.JUnit4Provider.invoke(JUnit4Provider.java:158)
      	at org.apache.maven.surefire.booter.ForkedBooter.runSuitesInProcess(ForkedBooter.java:428)
      	at org.apache.maven.surefire.booter.ForkedBooter.execute(ForkedBooter.java:162)
      	at org.apache.maven.surefire.booter.ForkedBooter.run(ForkedBooter.java:562)
      	at org.apache.maven.surefire.booter.ForkedBooter.main(ForkedBooter.java:548)
      &amp#27;[0m
    &amp#27;[36mThen &amp#27;[0m&amp#27;[36mStudent click Perbarui button&amp#27;[0m                                                 &amp#27;[90m# UpdateStudentSteps.studentClickPerbaruiButton()&amp#27;[0m
]]></system-out>
    <system-err><![CDATA[Starting ChromeDriver 110.0.5481.77 (65ed616c6e8ee3fe0ad64fe83796c020644d42af-refs/branch-heads/5481@{#839}) on port 64193
Only local connections are allowed.
Please see https://chromedriver.chromium.org/security-considerations for suggestions on keeping ChromeDriver safe.
ChromeDriver was started successfully.
[1676554209.830][WARNING]: virtual void DevToolsClientImpl::AddListener(DevToolsEventListener *) subscribing a listener to the already connected DevToolsClient. Connection notification will not arrive.
Feb 16, 2023 8:30:10 PM org.openqa.selenium.remote.ProtocolHandshake createSession
INFO: Detected dialect: W3C
Feb 16, 2023 8:30:10 PM org.openqa.selenium.devtools.CdpVersionFinder findNearestMatch
WARNING: Unable to find an exact match for CDP version 110, so returning the closest version found: a no-op implementation
Feb 16, 2023 8:30:10 PM org.openqa.selenium.devtools.CdpVersionFinder findNearestMatch
INFO: Unable to find CDP implementation matching 110.
Feb 16, 2023 8:30:10 PM org.openqa.selenium.chromium.ChromiumDriver lambda$new$3
WARNING: Unable to find version of CDP to use for . You may need to include a dependency on a specific version of the CDP using something similar to `org.seleniumhq.selenium:selenium-devtools-v86:4.1.2` where the version ("v86") matches the version of the chromium-based browser you're using and the version number of the artifact is the same as Selenium's.
]]></system-err>
  </testcase>
  <testcase name="When User click avatar navigation" classname="Scenario: Submit Perbarui button with all data form but not on Alamat has been filled" time="0"/>
  <testcase name="And User click menu Masuk" classname="Scenario: Submit Perbarui button with all data form but not on Alamat has been filled" time="0"/>
  <testcase name="And User input &quot;herdiladania11@gmail.com&quot; as email and input &quot;fe123&quot; as password" classname="Scenario: Submit Perbarui button with all data form but not on Alamat has been filled" time="0"/>
  <testcase name="And User clicked masuk button" classname="Scenario: Submit Perbarui button with all data form but not on Alamat has been filled" time="0"/>
  <testcase name="When User move to Profile Page" classname="Scenario: Submit Perbarui button with all data form but not on Alamat has been filled" time="0"/>
  <testcase name="And User click edit profile" classname="Scenario: Submit Perbarui button with all data form but not on Alamat has been filled" time="0.006">
    <error message="element click intercepted: Element &lt;label id=&quot;modal-profil-murid&quot; for=&quot;my-modal-5&quot; class=&quot;flex gap-1 absolute lg:top-10 top-10 lg:right-40 right-0&quot;&gt;...&lt;/label&gt; is not clickable at point (949, 280). Other element would receive the click: &lt;h2 class=&quot;swal2-title&quot; id=&quot;swal2-title&quot; style=&quot;display: block;&quot;&gt;...&lt;/h2&gt;&#10;  (Session info: chrome=110.0.5481.100)&#10;Build info: version: &apos;4.1.2&apos;, revision: &apos;9a5a329c5a&apos;&#10;System info: host: &apos;nsystem-mbp&apos;, ip: &apos;fe80:0:0:0:ce7:beec:a50b:8367%en0&apos;, os.name: &apos;Mac OS X&apos;, os.arch: &apos;x86_64&apos;, os.version: &apos;10.16&apos;, java.version: &apos;1.8.0_201&apos;&#10;Driver info: org.openqa.selenium.chrome.ChromeDriver&#10;Command: [3772066e0c29371380ebc2dadefdb2ff, clickElement {id=decda2c5-5507-47c4-a663-3f6a146a961f}]&#10;Capabilities {acceptInsecureCerts: false, browserName: chrome, browserVersion: 110.0.5481.100, chrome: {chromedriverVersion: 110.0.5481.77 (65ed616c6e8e..., userDataDir: /var/folders/00/xzw63_pj58g...}, goog:chromeOptions: {debuggerAddress: localhost:50725}, javascriptEnabled: true, networkConnectionEnabled: false, pageLoadStrategy: normal, platform: MAC, platformName: MAC, proxy: Proxy(), se:cdp: ws://localhost:50725/devtoo..., se:cdpVersion: 110.0.5481.100, setWindowRect: true, strictFileInteractability: false, timeouts: {implicit: 0, pageLoad: 300000, script: 30000}, unhandledPromptBehavior: dismiss and notify, webauthn:extension:credBlob: true, webauthn:extension:largeBlob: true, webauthn:virtualAuthenticators: true}&#10;Element: [[ChromeDriver: chrome on MAC (3772066e0c29371380ebc2dadefdb2ff)] -&gt; id: modal-profil-murid]&#10;Session ID: 3772066e0c29371380ebc2dadefdb2ff" type="org.openqa.selenium.ElementClickInterceptedException"><![CDATA[org.openqa.selenium.ElementClickInterceptedException: 
element click intercepted: Element <label id="modal-profil-murid" for="my-modal-5" class="flex gap-1 absolute lg:top-10 top-10 lg:right-40 right-0">...</label> is not clickable at point (949, 280). Other element would receive the click: <h2 class="swal2-title" id="swal2-title" style="display: block;">...</h2>
  (Session info: chrome=110.0.5481.100)
Build info: version: '4.1.2', revision: '9a5a329c5a'
System info: host: 'nsystem-mbp', ip: 'fe80:0:0:0:ce7:beec:a50b:8367%en0', os.name: 'Mac OS X', os.arch: 'x86_64', os.version: '10.16', java.version: '1.8.0_201'
Driver info: org.openqa.selenium.chrome.ChromeDriver
Command: [3772066e0c29371380ebc2dadefdb2ff, clickElement {id=decda2c5-5507-47c4-a663-3f6a146a961f}]
Capabilities {acceptInsecureCerts: false, browserName: chrome, browserVersion: 110.0.5481.100, chrome: {chromedriverVersion: 110.0.5481.77 (65ed616c6e8e..., userDataDir: /var/folders/00/xzw63_pj58g...}, goog:chromeOptions: {debuggerAddress: localhost:50725}, javascriptEnabled: true, networkConnectionEnabled: false, pageLoadStrategy: normal, platform: MAC, platformName: MAC, proxy: Proxy(), se:cdp: ws://localhost:50725/devtoo..., se:cdpVersion: 110.0.5481.100, setWindowRect: true, strictFileInteractability: false, timeouts: {implicit: 0, pageLoad: 300000, script: 30000}, unhandledPromptBehavior: dismiss and notify, webauthn:extension:credBlob: true, webauthn:extension:largeBlob: true, webauthn:virtualAuthenticators: true}
Element: [[ChromeDriver: chrome on MAC (3772066e0c29371380ebc2dadefdb2ff)] -> id: modal-profil-murid]
Session ID: 3772066e0c29371380ebc2dadefdb2ff
]]></error>
  </testcase>
  <testcase name="" classname="Scenario: Submit Perbarui button with all data form but not on Alamat has been filled" time="0.007">
    <error message="element click intercepted: Element &lt;label id=&quot;modal-profil-murid&quot; for=&quot;my-modal-5&quot; class=&quot;flex gap-1 absolute lg:top-10 top-10 lg:right-40 right-0&quot;&gt;...&lt;/label&gt; is not clickable at point (949, 280). Other element would receive the click: &lt;h2 class=&quot;swal2-title&quot; id=&quot;swal2-title&quot; style=&quot;display: block;&quot;&gt;...&lt;/h2&gt;&#10;  (Session info: chrome=110.0.5481.100)&#10;Build info: version: &apos;4.1.2&apos;, revision: &apos;9a5a329c5a&apos;&#10;System info: host: &apos;nsystem-mbp&apos;, ip: &apos;fe80:0:0:0:ce7:beec:a50b:8367%en0&apos;, os.name: &apos;Mac OS X&apos;, os.arch: &apos;x86_64&apos;, os.version: &apos;10.16&apos;, java.version: &apos;1.8.0_201&apos;&#10;Driver info: org.openqa.selenium.chrome.ChromeDriver&#10;Command: [3772066e0c29371380ebc2dadefdb2ff, clickElement {id=decda2c5-5507-47c4-a663-3f6a146a961f}]&#10;Capabilities {acceptInsecureCerts: false, browserName: chrome, browserVersion: 110.0.5481.100, chrome: {chromedriverVersion: 110.0.5481.77 (65ed616c6e8e..., userDataDir: /var/folders/00/xzw63_pj58g...}, goog:chromeOptions: {debuggerAddress: localhost:50725}, javascriptEnabled: true, networkConnectionEnabled: false, pageLoadStrategy: normal, platform: MAC, platformName: MAC, proxy: Proxy(), se:cdp: ws://localhost:50725/devtoo..., se:cdpVersion: 110.0.5481.100, setWindowRect: true, strictFileInteractability: false, timeouts: {implicit: 0, pageLoad: 300000, script: 30000}, unhandledPromptBehavior: dismiss and notify, webauthn:extension:credBlob: true, webauthn:extension:largeBlob: true, webauthn:virtualAuthenticators: true}&#10;Element: [[ChromeDriver: chrome on MAC (3772066e0c29371380ebc2dadefdb2ff)] -&gt; id: modal-profil-murid]&#10;Session ID: 3772066e0c29371380ebc2dadefdb2ff" type="org.openqa.selenium.ElementClickInterceptedException"><![CDATA[org.openqa.selenium.ElementClickInterceptedException: 
element click intercepted: Element <label id="modal-profil-murid" for="my-modal-5" class="flex gap-1 absolute lg:top-10 top-10 lg:right-40 right-0">...</label> is not clickable at point (949, 280). Other element would receive the click: <h2 class="swal2-title" id="swal2-title" style="display: block;">...</h2>
  (Session info: chrome=110.0.5481.100)
Build info: version: '4.1.2', revision: '9a5a329c5a'
System info: host: 'nsystem-mbp', ip: 'fe80:0:0:0:ce7:beec:a50b:8367%en0', os.name: 'Mac OS X', os.arch: 'x86_64', os.version: '10.16', java.version: '1.8.0_201'
Driver info: org.openqa.selenium.chrome.ChromeDriver
Command: [3772066e0c29371380ebc2dadefdb2ff, clickElement {id=decda2c5-5507-47c4-a663-3f6a146a961f}]
Capabilities {acceptInsecureCerts: false, browserName: chrome, browserVersion: 110.0.5481.100, chrome: {chromedriverVersion: 110.0.5481.77 (65ed616c6e8e..., userDataDir: /var/folders/00/xzw63_pj58g...}, goog:chromeOptions: {debuggerAddress: localhost:50725}, javascriptEnabled: true, networkConnectionEnabled: false, pageLoadStrategy: normal, platform: MAC, platformName: MAC, proxy: Proxy(), se:cdp: ws://localhost:50725/devtoo..., se:cdpVersion: 110.0.5481.100, setWindowRect: true, strictFileInteractability: false, timeouts: {implicit: 0, pageLoad: 300000, script: 30000}, unhandledPromptBehavior: dismiss and notify, webauthn:extension:credBlob: true, webauthn:extension:largeBlob: true, webauthn:virtualAuthenticators: true}
Element: [[ChromeDriver: chrome on MAC (3772066e0c29371380ebc2dadefdb2ff)] -> id: modal-profil-murid]
Session ID: 3772066e0c29371380ebc2dadefdb2ff
]]></error>
  </testcase>
  <testcase name="" classname="Scenario: Submit Perbarui button with all data form but not on Alamat has been filled" time="0">
    <error message="✽.When Student fill all data form but not on Alamat field(features/UpdateStudent.feature:265) matches more than one step definition:&#10;  Student fill all data form in UpdateStudentSteps.studentFillAllDataForm()&#10;  Student fill all data form but not on Alamat field in UpdateStudentSteps.studentFillAllDataFormButNotOnAlamatField()&#10;" type="cucumber.runtime.AmbiguousStepDefinitionsException"><![CDATA[cucumber.runtime.AmbiguousStepDefinitionsException: 
✽.When Student fill all data form but not on Alamat field(features/UpdateStudent.feature:265) matches more than one step definition:
  Student fill all data form in UpdateStudentSteps.studentFillAllDataForm()
  Student fill all data form but not on Alamat field in UpdateStudentSteps.studentFillAllDataFormButNotOnAlamatField()

]]></error>
  </testcase>
  <testcase name="Given Student already on Edit Profile page" classname="Scenario: Submit Perbarui button with all data form but not on Alamat has been filled" time="0">
    <skipped/>
    <system-out><![CDATA[
  Background:                                                                        &amp#27;[90m# features/UpdateStudent.feature:4&amp#27;[0m
    &amp#27;[32mGiven &amp#27;[0m&amp#27;[32mUser open the website GuruMu&amp#27;[0m                                               &amp#27;[90m# LoginSteps.userOpenTheWebsiteGuruMu()&amp#27;[0m
    &amp#27;[32mWhen &amp#27;[0m&amp#27;[32mUser click avatar navigation&amp#27;[0m                                                &amp#27;[90m# LoginSteps.userClickAvatarNavigation()&amp#27;[0m
    &amp#27;[32mAnd &amp#27;[0m&amp#27;[32mUser click menu Masuk&amp#27;[0m                                                        &amp#27;[90m# LoginSteps.userClickMenuMasuk()&amp#27;[0m
    &amp#27;[32mAnd &amp#27;[0m&amp#27;[32mUser input "&amp#27;[0m&amp#27;[32m&amp#27;[1mherdiladania11@gmail.com&amp#27;[0m&amp#27;[32m" as email and input "&amp#27;[0m&amp#27;[32m&amp#27;[1mfe123&amp#27;[0m&amp#27;[32m" as password&amp#27;[0m &amp#27;[90m# LoginSteps.inputCredential(String,String)&amp#27;[0m
    &amp#27;[32mAnd &amp#27;[0m&amp#27;[32mUser clicked masuk button&amp#27;[0m                                                    &amp#27;[90m# LoginSteps.userClickMasukButton()&amp#27;[0m
    &amp#27;[32mWhen &amp#27;[0m&amp#27;[32mUser move to Profile Page&amp#27;[0m                                                   &amp#27;[90m# PenilaianUlasanSteps.userMoveToProfilePage()&amp#27;[0m
    &amp#27;[31mAnd &amp#27;[0m&amp#27;[31mUser click edit profile&amp#27;[0m                                                      &amp#27;[90m# UpdateStudentSteps.userClickEditProfile()&amp#27;[0m
      &amp#27;[31morg.openqa.selenium.ElementClickInterceptedException: element click intercepted: Element <label id="modal-profil-murid" for="my-modal-5" class="flex gap-1 absolute lg:top-10 top-10 lg:right-40 right-0">...</label> is not clickable at point (949, 280). Other element would receive the click: <h2 class="swal2-title" id="swal2-title" style="display: block;">...</h2>
        (Session info: chrome=110.0.5481.100)
      Build info: version: '4.1.2', revision: '9a5a329c5a'
      System info: host: 'nsystem-mbp', ip: 'fe80:0:0:0:ce7:beec:a50b:8367%en0', os.name: 'Mac OS X', os.arch: 'x86_64', os.version: '10.16', java.version: '1.8.0_201'
      Driver info: org.openqa.selenium.chrome.ChromeDriver
      Command: [3772066e0c29371380ebc2dadefdb2ff, clickElement {id=decda2c5-5507-47c4-a663-3f6a146a961f}]
      Capabilities {acceptInsecureCerts: false, browserName: chrome, browserVersion: 110.0.5481.100, chrome: {chromedriverVersion: 110.0.5481.77 (65ed616c6e8e..., userDataDir: /var/folders/00/xzw63_pj58g...}, goog:chromeOptions: {debuggerAddress: localhost:50725}, javascriptEnabled: true, networkConnectionEnabled: false, pageLoadStrategy: normal, platform: MAC, platformName: MAC, proxy: Proxy(), se:cdp: ws://localhost:50725/devtoo..., se:cdpVersion: 110.0.5481.100, setWindowRect: true, strictFileInteractability: false, timeouts: {implicit: 0, pageLoad: 300000, script: 30000}, unhandledPromptBehavior: dismiss and notify, webauthn:extension:credBlob: true, webauthn:extension:largeBlob: true, webauthn:virtualAuthenticators: true}
      Element: [[ChromeDriver: chrome on MAC (3772066e0c29371380ebc2dadefdb2ff)] -> id: modal-profil-murid]
      Session ID: 3772066e0c29371380ebc2dadefdb2ff
      	at sun.reflect.GeneratedConstructorAccessor44.newInstance(Unknown Source)
      	at sun.reflect.DelegatingConstructorAccessorImpl.newInstance(DelegatingConstructorAccessorImpl.java:45)
      	at java.lang.reflect.Constructor.newInstance(Constructor.java:423)
      	at org.openqa.selenium.remote.codec.w3c.W3CHttpResponseCodec.createException(W3CHttpResponseCodec.java:200)
      	at org.openqa.selenium.remote.codec.w3c.W3CHttpResponseCodec.decode(W3CHttpResponseCodec.java:133)
      	at org.openqa.selenium.remote.codec.w3c.W3CHttpResponseCodec.decode(W3CHttpResponseCodec.java:53)
      	at org.openqa.selenium.remote.HttpCommandExecutor.execute(HttpCommandExecutor.java:184)
      	at org.openqa.selenium.remote.service.DriverCommandExecutor.invokeExecute(DriverCommandExecutor.java:167)
      	at org.openqa.selenium.remote.service.DriverCommandExecutor.execute(DriverCommandExecutor.java:142)
      	at org.openqa.selenium.remote.RemoteWebDriver.execute(RemoteWebDriver.java:558)
      	at org.openqa.selenium.remote.RemoteWebElement.execute(RemoteWebElement.java:251)
      	at org.openqa.selenium.remote.RemoteWebElement.click(RemoteWebElement.java:77)
      	at sun.reflect.GeneratedMethodAccessor10.invoke(Unknown Source)
      	at sun.reflect.DelegatingMethodAccessorImpl.invoke(DelegatingMethodAccessorImpl.java:43)
      	at java.lang.reflect.Method.invoke(Method.java:498)
      	at org.openqa.selenium.support.pagefactory.internal.LocatingElementHandler.invoke(LocatingElementHandler.java:52)
      	at com.sun.proxy.$Proxy21.click(Unknown Source)
      	at org.example.pageObject.UpdateStudentPage.openEditProfileModal(UpdateStudentPage.java:105)
      	at step_definitions.UpdateStudentSteps.userClickEditProfile(UpdateStudentSteps.java:355)
      	at ✽.And User click edit profile(features/UpdateStudent.feature:11)
      &amp#27;[0m
]]></system-out>
  </testcase>
  <testcase name="When Student fill all data form but not on Alamat field" classname="Scenario: Submit Perbarui button with all data form but not on Alamat has been filled" time="0">
    <error message="✽.When Student fill all data form but not on Alamat field(features/UpdateStudent.feature:265) matches more than one step definition:&#10;  Student fill all data form in UpdateStudentSteps.studentFillAllDataForm()&#10;  Student fill all data form but not on Alamat field in UpdateStudentSteps.studentFillAllDataFormButNotOnAlamatField()&#10;" type="cucumber.runtime.AmbiguousStepDefinitionsException"><![CDATA[cucumber.runtime.AmbiguousStepDefinitionsException: 
✽.When Student fill all data form but not on Alamat field(features/UpdateStudent.feature:265) matches more than one step definition:
  Student fill all data form in UpdateStudentSteps.studentFillAllDataForm()
  Student fill all data form but not on Alamat field in UpdateStudentSteps.studentFillAllDataFormButNotOnAlamatField()

]]></error>
  </testcase>
  <testcase name="Then Student click Perbarui button" classname="Scenario: Submit Perbarui button with all data form but not on Alamat has been filled" time="0">
    <skipped/>
  </testcase>
  <testcase name="Given User open the website GuruMu" classname="Scenario: Submit Perbarui button with all data form but not on Unggah Foto has been filled" time="0">
    <system-out><![CDATA[
  Scenario: Submit Perbarui button with all data form but not on Alamat has been filled &amp#27;[90m# features/UpdateStudent.feature:263&amp#27;[0m
    &amp#27;[36mGiven &amp#27;[0m&amp#27;[36mStudent already on Edit Profile page&amp#27;[0m                                          &amp#27;[90m# UpdateStudentSteps.studentAlreadyonEditProfilePage()&amp#27;[0m
    &amp#27;[31mWhen &amp#27;[0m&amp#27;[31mStudent fill all data form but not on Alamat field&amp#27;[0m                             &amp#27;[90m# UpdateStudentSteps.studentFillAllDataForm()&amp#27;[0m
      &amp#27;[31mcucumber.runtime.AmbiguousStepDefinitionsException: ✽.When Student fill all data form but not on Alamat field(features/UpdateStudent.feature:265) matches more than one step definition:
        Student fill all data form in UpdateStudentSteps.studentFillAllDataForm()
        Student fill all data form but not on Alamat field in UpdateStudentSteps.studentFillAllDataFormButNotOnAlamatField()
      
      	at cucumber.runtime.RuntimeGlue.stepDefinitionMatch(RuntimeGlue.java:71)
      	at cucumber.runtime.Runtime.runStep(Runtime.java:267)
      	at cucumber.runtime.model.StepContainer.runStep(StepContainer.java:44)
      	at cucumber.runtime.model.StepContainer.runSteps(StepContainer.java:39)
      	at cucumber.runtime.model.CucumberScenario.run(CucumberScenario.java:44)
      	at cucumber.runtime.junit.ExecutionUnitRunner.run(ExecutionUnitRunner.java:102)
      	at cucumber.runtime.junit.FeatureRunner.runChild(FeatureRunner.java:63)
      	at cucumber.runtime.junit.FeatureRunner.runChild(FeatureRunner.java:18)
      	at org.junit.runners.ParentRunner$3.run(ParentRunner.java:238)
      	at org.junit.runners.ParentRunner$1.schedule(ParentRunner.java:63)
      	at org.junit.runners.ParentRunner.runChildren(ParentRunner.java:236)
      	at org.junit.runners.ParentRunner.access$000(ParentRunner.java:53)
      	at org.junit.runners.ParentRunner$2.evaluate(ParentRunner.java:229)
      	at org.junit.runners.ParentRunner.run(ParentRunner.java:309)
      	at cucumber.runtime.junit.FeatureRunner.run(FeatureRunner.java:70)
      	at cucumber.api.junit.Cucumber.runChild(Cucumber.java:95)
      	at cucumber.api.junit.Cucumber.runChild(Cucumber.java:38)
      	at org.junit.runners.ParentRunner$3.run(ParentRunner.java:238)
      	at org.junit.runners.ParentRunner$1.schedule(ParentRunner.java:63)
      	at org.junit.runners.ParentRunner.runChildren(ParentRunner.java:236)
      	at org.junit.runners.ParentRunner.access$000(ParentRunner.java:53)
      	at org.junit.runners.ParentRunner$2.evaluate(ParentRunner.java:229)
      	at org.junit.runners.ParentRunner.run(ParentRunner.java:309)
      	at cucumber.api.junit.Cucumber.run(Cucumber.java:100)
      	at org.apache.maven.surefire.junit4.JUnit4Provider.execute(JUnit4Provider.java:364)
      	at org.apache.maven.surefire.junit4.JUnit4Provider.executeWithRerun(JUnit4Provider.java:272)
      	at org.apache.maven.surefire.junit4.JUnit4Provider.executeTestSet(JUnit4Provider.java:237)
      	at org.apache.maven.surefire.junit4.JUnit4Provider.invoke(JUnit4Provider.java:158)
      	at org.apache.maven.surefire.booter.ForkedBooter.runSuitesInProcess(ForkedBooter.java:428)
      	at org.apache.maven.surefire.booter.ForkedBooter.execute(ForkedBooter.java:162)
      	at org.apache.maven.surefire.booter.ForkedBooter.run(ForkedBooter.java:562)
      	at org.apache.maven.surefire.booter.ForkedBooter.main(ForkedBooter.java:548)
      &amp#27;[0m
    &amp#27;[36mThen &amp#27;[0m&amp#27;[36mStudent click Perbarui button&amp#27;[0m                                                  &amp#27;[90m# UpdateStudentSteps.studentClickPerbaruiButton()&amp#27;[0m
]]></system-out>
    <system-err><![CDATA[Starting ChromeDriver 110.0.5481.77 (65ed616c6e8ee3fe0ad64fe83796c020644d42af-refs/branch-heads/5481@{#839}) on port 60117
Only local connections are allowed.
Please see https://chromedriver.chromium.org/security-considerations for suggestions on keeping ChromeDriver safe.
ChromeDriver was started successfully.
[1676554246.388][WARNING]: virtual void DevToolsClientImpl::AddListener(DevToolsEventListener *) subscribing a listener to the already connected DevToolsClient. Connection notification will not arrive.
Feb 16, 2023 8:30:46 PM org.openqa.selenium.remote.ProtocolHandshake createSession
INFO: Detected dialect: W3C
Feb 16, 2023 8:30:46 PM org.openqa.selenium.devtools.CdpVersionFinder findNearestMatch
WARNING: Unable to find an exact match for CDP version 110, so returning the closest version found: a no-op implementation
Feb 16, 2023 8:30:46 PM org.openqa.selenium.devtools.CdpVersionFinder findNearestMatch
INFO: Unable to find CDP implementation matching 110.
Feb 16, 2023 8:30:46 PM org.openqa.selenium.chromium.ChromiumDriver lambda$new$3
WARNING: Unable to find version of CDP to use for . You may need to include a dependency on a specific version of the CDP using something similar to `org.seleniumhq.selenium:selenium-devtools-v86:4.1.2` where the version ("v86") matches the version of the chromium-based browser you're using and the version number of the artifact is the same as Selenium's.
]]></system-err>
  </testcase>
  <testcase name="When User click avatar navigation" classname="Scenario: Submit Perbarui button with all data form but not on Unggah Foto has been filled" time="0"/>
  <testcase name="And User click menu Masuk" classname="Scenario: Submit Perbarui button with all data form but not on Unggah Foto has been filled" time="0"/>
  <testcase name="And User input &quot;herdiladania11@gmail.com&quot; as email and input &quot;fe123&quot; as password" classname="Scenario: Submit Perbarui button with all data form but not on Unggah Foto has been filled" time="0"/>
  <testcase name="And User clicked masuk button" classname="Scenario: Submit Perbarui button with all data form but not on Unggah Foto has been filled" time="0"/>
  <testcase name="When User move to Profile Page" classname="Scenario: Submit Perbarui button with all data form but not on Unggah Foto has been filled" time="0.001"/>
  <testcase name="And User click edit profile" classname="Scenario: Submit Perbarui button with all data form but not on Unggah Foto has been filled" time="0.004">
    <error message="element click intercepted: Element &lt;label id=&quot;modal-profil-murid&quot; for=&quot;my-modal-5&quot; class=&quot;flex gap-1 absolute lg:top-10 top-10 lg:right-40 right-0&quot;&gt;...&lt;/label&gt; is not clickable at point (949, 280). Other element would receive the click: &lt;h2 class=&quot;swal2-title&quot; id=&quot;swal2-title&quot; style=&quot;display: block;&quot;&gt;...&lt;/h2&gt;&#10;  (Session info: chrome=110.0.5481.100)&#10;Build info: version: &apos;4.1.2&apos;, revision: &apos;9a5a329c5a&apos;&#10;System info: host: &apos;nsystem-mbp&apos;, ip: &apos;fe80:0:0:0:ce7:beec:a50b:8367%en0&apos;, os.name: &apos;Mac OS X&apos;, os.arch: &apos;x86_64&apos;, os.version: &apos;10.16&apos;, java.version: &apos;1.8.0_201&apos;&#10;Driver info: org.openqa.selenium.chrome.ChromeDriver&#10;Command: [becc8c14d2557ea0029c56a0de6fe579, clickElement {id=3223c62f-d4f7-445a-826a-48418ca0830f}]&#10;Capabilities {acceptInsecureCerts: false, browserName: chrome, browserVersion: 110.0.5481.100, chrome: {chromedriverVersion: 110.0.5481.77 (65ed616c6e8e..., userDataDir: /var/folders/00/xzw63_pj58g...}, goog:chromeOptions: {debuggerAddress: localhost:50751}, javascriptEnabled: true, networkConnectionEnabled: false, pageLoadStrategy: normal, platform: MAC, platformName: MAC, proxy: Proxy(), se:cdp: ws://localhost:50751/devtoo..., se:cdpVersion: 110.0.5481.100, setWindowRect: true, strictFileInteractability: false, timeouts: {implicit: 0, pageLoad: 300000, script: 30000}, unhandledPromptBehavior: dismiss and notify, webauthn:extension:credBlob: true, webauthn:extension:largeBlob: true, webauthn:virtualAuthenticators: true}&#10;Element: [[ChromeDriver: chrome on MAC (becc8c14d2557ea0029c56a0de6fe579)] -&gt; id: modal-profil-murid]&#10;Session ID: becc8c14d2557ea0029c56a0de6fe579" type="org.openqa.selenium.ElementClickInterceptedException"><![CDATA[org.openqa.selenium.ElementClickInterceptedException: 
element click intercepted: Element <label id="modal-profil-murid" for="my-modal-5" class="flex gap-1 absolute lg:top-10 top-10 lg:right-40 right-0">...</label> is not clickable at point (949, 280). Other element would receive the click: <h2 class="swal2-title" id="swal2-title" style="display: block;">...</h2>
  (Session info: chrome=110.0.5481.100)
Build info: version: '4.1.2', revision: '9a5a329c5a'
System info: host: 'nsystem-mbp', ip: 'fe80:0:0:0:ce7:beec:a50b:8367%en0', os.name: 'Mac OS X', os.arch: 'x86_64', os.version: '10.16', java.version: '1.8.0_201'
Driver info: org.openqa.selenium.chrome.ChromeDriver
Command: [becc8c14d2557ea0029c56a0de6fe579, clickElement {id=3223c62f-d4f7-445a-826a-48418ca0830f}]
Capabilities {acceptInsecureCerts: false, browserName: chrome, browserVersion: 110.0.5481.100, chrome: {chromedriverVersion: 110.0.5481.77 (65ed616c6e8e..., userDataDir: /var/folders/00/xzw63_pj58g...}, goog:chromeOptions: {debuggerAddress: localhost:50751}, javascriptEnabled: true, networkConnectionEnabled: false, pageLoadStrategy: normal, platform: MAC, platformName: MAC, proxy: Proxy(), se:cdp: ws://localhost:50751/devtoo..., se:cdpVersion: 110.0.5481.100, setWindowRect: true, strictFileInteractability: false, timeouts: {implicit: 0, pageLoad: 300000, script: 30000}, unhandledPromptBehavior: dismiss and notify, webauthn:extension:credBlob: true, webauthn:extension:largeBlob: true, webauthn:virtualAuthenticators: true}
Element: [[ChromeDriver: chrome on MAC (becc8c14d2557ea0029c56a0de6fe579)] -> id: modal-profil-murid]
Session ID: becc8c14d2557ea0029c56a0de6fe579
]]></error>
  </testcase>
  <testcase name="" classname="Scenario: Submit Perbarui button with all data form but not on Unggah Foto has been filled" time="0.005">
    <error message="element click intercepted: Element &lt;label id=&quot;modal-profil-murid&quot; for=&quot;my-modal-5&quot; class=&quot;flex gap-1 absolute lg:top-10 top-10 lg:right-40 right-0&quot;&gt;...&lt;/label&gt; is not clickable at point (949, 280). Other element would receive the click: &lt;h2 class=&quot;swal2-title&quot; id=&quot;swal2-title&quot; style=&quot;display: block;&quot;&gt;...&lt;/h2&gt;&#10;  (Session info: chrome=110.0.5481.100)&#10;Build info: version: &apos;4.1.2&apos;, revision: &apos;9a5a329c5a&apos;&#10;System info: host: &apos;nsystem-mbp&apos;, ip: &apos;fe80:0:0:0:ce7:beec:a50b:8367%en0&apos;, os.name: &apos;Mac OS X&apos;, os.arch: &apos;x86_64&apos;, os.version: &apos;10.16&apos;, java.version: &apos;1.8.0_201&apos;&#10;Driver info: org.openqa.selenium.chrome.ChromeDriver&#10;Command: [becc8c14d2557ea0029c56a0de6fe579, clickElement {id=3223c62f-d4f7-445a-826a-48418ca0830f}]&#10;Capabilities {acceptInsecureCerts: false, browserName: chrome, browserVersion: 110.0.5481.100, chrome: {chromedriverVersion: 110.0.5481.77 (65ed616c6e8e..., userDataDir: /var/folders/00/xzw63_pj58g...}, goog:chromeOptions: {debuggerAddress: localhost:50751}, javascriptEnabled: true, networkConnectionEnabled: false, pageLoadStrategy: normal, platform: MAC, platformName: MAC, proxy: Proxy(), se:cdp: ws://localhost:50751/devtoo..., se:cdpVersion: 110.0.5481.100, setWindowRect: true, strictFileInteractability: false, timeouts: {implicit: 0, pageLoad: 300000, script: 30000}, unhandledPromptBehavior: dismiss and notify, webauthn:extension:credBlob: true, webauthn:extension:largeBlob: true, webauthn:virtualAuthenticators: true}&#10;Element: [[ChromeDriver: chrome on MAC (becc8c14d2557ea0029c56a0de6fe579)] -&gt; id: modal-profil-murid]&#10;Session ID: becc8c14d2557ea0029c56a0de6fe579" type="org.openqa.selenium.ElementClickInterceptedException"><![CDATA[org.openqa.selenium.ElementClickInterceptedException: 
element click intercepted: Element <label id="modal-profil-murid" for="my-modal-5" class="flex gap-1 absolute lg:top-10 top-10 lg:right-40 right-0">...</label> is not clickable at point (949, 280). Other element would receive the click: <h2 class="swal2-title" id="swal2-title" style="display: block;">...</h2>
  (Session info: chrome=110.0.5481.100)
Build info: version: '4.1.2', revision: '9a5a329c5a'
System info: host: 'nsystem-mbp', ip: 'fe80:0:0:0:ce7:beec:a50b:8367%en0', os.name: 'Mac OS X', os.arch: 'x86_64', os.version: '10.16', java.version: '1.8.0_201'
Driver info: org.openqa.selenium.chrome.ChromeDriver
Command: [becc8c14d2557ea0029c56a0de6fe579, clickElement {id=3223c62f-d4f7-445a-826a-48418ca0830f}]
Capabilities {acceptInsecureCerts: false, browserName: chrome, browserVersion: 110.0.5481.100, chrome: {chromedriverVersion: 110.0.5481.77 (65ed616c6e8e..., userDataDir: /var/folders/00/xzw63_pj58g...}, goog:chromeOptions: {debuggerAddress: localhost:50751}, javascriptEnabled: true, networkConnectionEnabled: false, pageLoadStrategy: normal, platform: MAC, platformName: MAC, proxy: Proxy(), se:cdp: ws://localhost:50751/devtoo..., se:cdpVersion: 110.0.5481.100, setWindowRect: true, strictFileInteractability: false, timeouts: {implicit: 0, pageLoad: 300000, script: 30000}, unhandledPromptBehavior: dismiss and notify, webauthn:extension:credBlob: true, webauthn:extension:largeBlob: true, webauthn:virtualAuthenticators: true}
Element: [[ChromeDriver: chrome on MAC (becc8c14d2557ea0029c56a0de6fe579)] -> id: modal-profil-murid]
Session ID: becc8c14d2557ea0029c56a0de6fe579
]]></error>
  </testcase>
  <testcase name="" classname="Scenario: Submit Perbarui button with all data form but not on Unggah Foto has been filled" time="0">
    <error message="✽.When Student fill all data form but not on Unggah Foto field(features/UpdateStudent.feature:270) matches more than one step definition:&#10;  Student fill all data form in UpdateStudentSteps.studentFillAllDataForm()&#10;  Student fill all data form but not on Unggah Foto field in UpdateStudentSteps.studentFillAllDataFormButNotOnUnggahFotoField()&#10;" type="cucumber.runtime.AmbiguousStepDefinitionsException"><![CDATA[cucumber.runtime.AmbiguousStepDefinitionsException: 
✽.When Student fill all data form but not on Unggah Foto field(features/UpdateStudent.feature:270) matches more than one step definition:
  Student fill all data form in UpdateStudentSteps.studentFillAllDataForm()
  Student fill all data form but not on Unggah Foto field in UpdateStudentSteps.studentFillAllDataFormButNotOnUnggahFotoField()

]]></error>
  </testcase>
  <testcase name="Given Student already on Edit Profile page" classname="Scenario: Submit Perbarui button with all data form but not on Unggah Foto has been filled" time="0">
    <skipped/>
    <system-out><![CDATA[
  Background:                                                                        &amp#27;[90m# features/UpdateStudent.feature:4&amp#27;[0m
    &amp#27;[32mGiven &amp#27;[0m&amp#27;[32mUser open the website GuruMu&amp#27;[0m                                               &amp#27;[90m# LoginSteps.userOpenTheWebsiteGuruMu()&amp#27;[0m
    &amp#27;[32mWhen &amp#27;[0m&amp#27;[32mUser click avatar navigation&amp#27;[0m                                                &amp#27;[90m# LoginSteps.userClickAvatarNavigation()&amp#27;[0m
    &amp#27;[32mAnd &amp#27;[0m&amp#27;[32mUser click menu Masuk&amp#27;[0m                                                        &amp#27;[90m# LoginSteps.userClickMenuMasuk()&amp#27;[0m
    &amp#27;[32mAnd &amp#27;[0m&amp#27;[32mUser input "&amp#27;[0m&amp#27;[32m&amp#27;[1mherdiladania11@gmail.com&amp#27;[0m&amp#27;[32m" as email and input "&amp#27;[0m&amp#27;[32m&amp#27;[1mfe123&amp#27;[0m&amp#27;[32m" as password&amp#27;[0m &amp#27;[90m# LoginSteps.inputCredential(String,String)&amp#27;[0m
    &amp#27;[32mAnd &amp#27;[0m&amp#27;[32mUser clicked masuk button&amp#27;[0m                                                    &amp#27;[90m# LoginSteps.userClickMasukButton()&amp#27;[0m
    &amp#27;[32mWhen &amp#27;[0m&amp#27;[32mUser move to Profile Page&amp#27;[0m                                                   &amp#27;[90m# PenilaianUlasanSteps.userMoveToProfilePage()&amp#27;[0m
    &amp#27;[31mAnd &amp#27;[0m&amp#27;[31mUser click edit profile&amp#27;[0m                                                      &amp#27;[90m# UpdateStudentSteps.userClickEditProfile()&amp#27;[0m
      &amp#27;[31morg.openqa.selenium.ElementClickInterceptedException: element click intercepted: Element <label id="modal-profil-murid" for="my-modal-5" class="flex gap-1 absolute lg:top-10 top-10 lg:right-40 right-0">...</label> is not clickable at point (949, 280). Other element would receive the click: <h2 class="swal2-title" id="swal2-title" style="display: block;">...</h2>
        (Session info: chrome=110.0.5481.100)
      Build info: version: '4.1.2', revision: '9a5a329c5a'
      System info: host: 'nsystem-mbp', ip: 'fe80:0:0:0:ce7:beec:a50b:8367%en0', os.name: 'Mac OS X', os.arch: 'x86_64', os.version: '10.16', java.version: '1.8.0_201'
      Driver info: org.openqa.selenium.chrome.ChromeDriver
      Command: [becc8c14d2557ea0029c56a0de6fe579, clickElement {id=3223c62f-d4f7-445a-826a-48418ca0830f}]
      Capabilities {acceptInsecureCerts: false, browserName: chrome, browserVersion: 110.0.5481.100, chrome: {chromedriverVersion: 110.0.5481.77 (65ed616c6e8e..., userDataDir: /var/folders/00/xzw63_pj58g...}, goog:chromeOptions: {debuggerAddress: localhost:50751}, javascriptEnabled: true, networkConnectionEnabled: false, pageLoadStrategy: normal, platform: MAC, platformName: MAC, proxy: Proxy(), se:cdp: ws://localhost:50751/devtoo..., se:cdpVersion: 110.0.5481.100, setWindowRect: true, strictFileInteractability: false, timeouts: {implicit: 0, pageLoad: 300000, script: 30000}, unhandledPromptBehavior: dismiss and notify, webauthn:extension:credBlob: true, webauthn:extension:largeBlob: true, webauthn:virtualAuthenticators: true}
      Element: [[ChromeDriver: chrome on MAC (becc8c14d2557ea0029c56a0de6fe579)] -> id: modal-profil-murid]
      Session ID: becc8c14d2557ea0029c56a0de6fe579
      	at sun.reflect.GeneratedConstructorAccessor44.newInstance(Unknown Source)
      	at sun.reflect.DelegatingConstructorAccessorImpl.newInstance(DelegatingConstructorAccessorImpl.java:45)
      	at java.lang.reflect.Constructor.newInstance(Constructor.java:423)
      	at org.openqa.selenium.remote.codec.w3c.W3CHttpResponseCodec.createException(W3CHttpResponseCodec.java:200)
      	at org.openqa.selenium.remote.codec.w3c.W3CHttpResponseCodec.decode(W3CHttpResponseCodec.java:133)
      	at org.openqa.selenium.remote.codec.w3c.W3CHttpResponseCodec.decode(W3CHttpResponseCodec.java:53)
      	at org.openqa.selenium.remote.HttpCommandExecutor.execute(HttpCommandExecutor.java:184)
      	at org.openqa.selenium.remote.service.DriverCommandExecutor.invokeExecute(DriverCommandExecutor.java:167)
      	at org.openqa.selenium.remote.service.DriverCommandExecutor.execute(DriverCommandExecutor.java:142)
      	at org.openqa.selenium.remote.RemoteWebDriver.execute(RemoteWebDriver.java:558)
      	at org.openqa.selenium.remote.RemoteWebElement.execute(RemoteWebElement.java:251)
      	at org.openqa.selenium.remote.RemoteWebElement.click(RemoteWebElement.java:77)
      	at sun.reflect.GeneratedMethodAccessor10.invoke(Unknown Source)
      	at sun.reflect.DelegatingMethodAccessorImpl.invoke(DelegatingMethodAccessorImpl.java:43)
      	at java.lang.reflect.Method.invoke(Method.java:498)
      	at org.openqa.selenium.support.pagefactory.internal.LocatingElementHandler.invoke(LocatingElementHandler.java:52)
      	at com.sun.proxy.$Proxy21.click(Unknown Source)
      	at org.example.pageObject.UpdateStudentPage.openEditProfileModal(UpdateStudentPage.java:105)
      	at step_definitions.UpdateStudentSteps.userClickEditProfile(UpdateStudentSteps.java:355)
      	at ✽.And User click edit profile(features/UpdateStudent.feature:11)
      &amp#27;[0m
]]></system-out>
  </testcase>
  <testcase name="When Student fill all data form but not on Unggah Foto field" classname="Scenario: Submit Perbarui button with all data form but not on Unggah Foto has been filled" time="0">
    <error message="✽.When Student fill all data form but not on Unggah Foto field(features/UpdateStudent.feature:270) matches more than one step definition:&#10;  Student fill all data form in UpdateStudentSteps.studentFillAllDataForm()&#10;  Student fill all data form but not on Unggah Foto field in UpdateStudentSteps.studentFillAllDataFormButNotOnUnggahFotoField()&#10;" type="cucumber.runtime.AmbiguousStepDefinitionsException"><![CDATA[cucumber.runtime.AmbiguousStepDefinitionsException: 
✽.When Student fill all data form but not on Unggah Foto field(features/UpdateStudent.feature:270) matches more than one step definition:
  Student fill all data form in UpdateStudentSteps.studentFillAllDataForm()
  Student fill all data form but not on Unggah Foto field in UpdateStudentSteps.studentFillAllDataFormButNotOnUnggahFotoField()

]]></error>
  </testcase>
  <testcase name="Then Student click Perbarui button" classname="Scenario: Submit Perbarui button with all data form but not on Unggah Foto has been filled" time="0">
    <skipped/>
  </testcase>
  <testcase name="Given User open the website GuruMu" classname="Scenario: Verify &apos;Tarif / Jam&apos; field is enabled" time="0">
    <system-out><![CDATA[
  Scenario: Submit Perbarui button with all data form but not on Unggah Foto has been filled &amp#27;[90m# features/UpdateStudent.feature:268&amp#27;[0m
    &amp#27;[36mGiven &amp#27;[0m&amp#27;[36mStudent already on Edit Profile page&amp#27;[0m                                               &amp#27;[90m# UpdateStudentSteps.studentAlreadyonEditProfilePage()&amp#27;[0m
    &amp#27;[31mWhen &amp#27;[0m&amp#27;[31mStudent fill all data form but not on Unggah Foto field&amp#27;[0m                             &amp#27;[90m# UpdateStudentSteps.studentFillAllDataForm()&amp#27;[0m
      &amp#27;[31mcucumber.runtime.AmbiguousStepDefinitionsException: ✽.When Student fill all data form but not on Unggah Foto field(features/UpdateStudent.feature:270) matches more than one step definition:
        Student fill all data form in UpdateStudentSteps.studentFillAllDataForm()
        Student fill all data form but not on Unggah Foto field in UpdateStudentSteps.studentFillAllDataFormButNotOnUnggahFotoField()
      
      	at cucumber.runtime.RuntimeGlue.stepDefinitionMatch(RuntimeGlue.java:71)
      	at cucumber.runtime.Runtime.runStep(Runtime.java:267)
      	at cucumber.runtime.model.StepContainer.runStep(StepContainer.java:44)
      	at cucumber.runtime.model.StepContainer.runSteps(StepContainer.java:39)
      	at cucumber.runtime.model.CucumberScenario.run(CucumberScenario.java:44)
      	at cucumber.runtime.junit.ExecutionUnitRunner.run(ExecutionUnitRunner.java:102)
      	at cucumber.runtime.junit.FeatureRunner.runChild(FeatureRunner.java:63)
      	at cucumber.runtime.junit.FeatureRunner.runChild(FeatureRunner.java:18)
      	at org.junit.runners.ParentRunner$3.run(ParentRunner.java:238)
      	at org.junit.runners.ParentRunner$1.schedule(ParentRunner.java:63)
      	at org.junit.runners.ParentRunner.runChildren(ParentRunner.java:236)
      	at org.junit.runners.ParentRunner.access$000(ParentRunner.java:53)
      	at org.junit.runners.ParentRunner$2.evaluate(ParentRunner.java:229)
      	at org.junit.runners.ParentRunner.run(ParentRunner.java:309)
      	at cucumber.runtime.junit.FeatureRunner.run(FeatureRunner.java:70)
      	at cucumber.api.junit.Cucumber.runChild(Cucumber.java:95)
      	at cucumber.api.junit.Cucumber.runChild(Cucumber.java:38)
      	at org.junit.runners.ParentRunner$3.run(ParentRunner.java:238)
      	at org.junit.runners.ParentRunner$1.schedule(ParentRunner.java:63)
      	at org.junit.runners.ParentRunner.runChildren(ParentRunner.java:236)
      	at org.junit.runners.ParentRunner.access$000(ParentRunner.java:53)
      	at org.junit.runners.ParentRunner$2.evaluate(ParentRunner.java:229)
      	at org.junit.runners.ParentRunner.run(ParentRunner.java:309)
      	at cucumber.api.junit.Cucumber.run(Cucumber.java:100)
      	at org.apache.maven.surefire.junit4.JUnit4Provider.execute(JUnit4Provider.java:364)
      	at org.apache.maven.surefire.junit4.JUnit4Provider.executeWithRerun(JUnit4Provider.java:272)
      	at org.apache.maven.surefire.junit4.JUnit4Provider.executeTestSet(JUnit4Provider.java:237)
      	at org.apache.maven.surefire.junit4.JUnit4Provider.invoke(JUnit4Provider.java:158)
      	at org.apache.maven.surefire.booter.ForkedBooter.runSuitesInProcess(ForkedBooter.java:428)
      	at org.apache.maven.surefire.booter.ForkedBooter.execute(ForkedBooter.java:162)
      	at org.apache.maven.surefire.booter.ForkedBooter.run(ForkedBooter.java:562)
      	at org.apache.maven.surefire.booter.ForkedBooter.main(ForkedBooter.java:548)
      &amp#27;[0m
    &amp#27;[36mThen &amp#27;[0m&amp#27;[36mStudent click Perbarui button&amp#27;[0m                                                       &amp#27;[90m# UpdateStudentSteps.studentClickPerbaruiButton()&amp#27;[0m
@TestUpdateTeacher @Test
Feature: Update Teacher
]]></system-out>
    <system-err><![CDATA[Starting ChromeDriver 110.0.5481.77 (65ed616c6e8ee3fe0ad64fe83796c020644d42af-refs/branch-heads/5481@{#839}) on port 62242
Only local connections are allowed.
Please see https://chromedriver.chromium.org/security-considerations for suggestions on keeping ChromeDriver safe.
ChromeDriver was started successfully.
[1676554278.286][WARNING]: virtual void DevToolsClientImpl::AddListener(DevToolsEventListener *) subscribing a listener to the already connected DevToolsClient. Connection notification will not arrive.
Feb 16, 2023 8:31:18 PM org.openqa.selenium.remote.ProtocolHandshake createSession
INFO: Detected dialect: W3C
Feb 16, 2023 8:31:18 PM org.openqa.selenium.devtools.CdpVersionFinder findNearestMatch
WARNING: Unable to find an exact match for CDP version 110, so returning the closest version found: a no-op implementation
Feb 16, 2023 8:31:18 PM org.openqa.selenium.devtools.CdpVersionFinder findNearestMatch
INFO: Unable to find CDP implementation matching 110.
Feb 16, 2023 8:31:18 PM org.openqa.selenium.chromium.ChromiumDriver lambda$new$3
WARNING: Unable to find version of CDP to use for . You may need to include a dependency on a specific version of the CDP using something similar to `org.seleniumhq.selenium:selenium-devtools-v86:4.1.2` where the version ("v86") matches the version of the chromium-based browser you're using and the version number of the artifact is the same as Selenium's.
]]></system-err>
  </testcase>
  <testcase name="When User click avatar navigation" classname="Scenario: Verify &apos;Tarif / Jam&apos; field is enabled" time="0"/>
  <testcase name="And User click menu Masuk" classname="Scenario: Verify &apos;Tarif / Jam&apos; field is enabled" time="0"/>
  <testcase name="And User input &quot;zulfeekei@gmail.com&quot; as email and input &quot;be123&quot; as password" classname="Scenario: Verify &apos;Tarif / Jam&apos; field is enabled" time="0"/>
  <testcase name="And User clicked masuk button" classname="Scenario: Verify &apos;Tarif / Jam&apos; field is enabled" time="0"/>
  <testcase name="When User move to Profile Page" classname="Scenario: Verify &apos;Tarif / Jam&apos; field is enabled" time="0.007">
    <error message="unexpected alert open: {Alert text : data not found}&#10;  (Session info: chrome=110.0.5481.100): data not found&#10;Build info: version: &apos;4.1.2&apos;, revision: &apos;9a5a329c5a&apos;&#10;System info: host: &apos;nsystem-mbp&apos;, ip: &apos;fe80:0:0:0:ce7:beec:a50b:8367%en0&apos;, os.name: &apos;Mac OS X&apos;, os.arch: &apos;x86_64&apos;, os.version: &apos;10.16&apos;, java.version: &apos;1.8.0_201&apos;&#10;Driver info: org.openqa.selenium.chrome.ChromeDriver&#10;Command: [96acbec7eb62098bed1787d5809db2db, findElement {using=xpath, value=//h2[@class=&apos;swal2-title&apos;]}]&#10;Capabilities {acceptInsecureCerts: false, browserName: chrome, browserVersion: 110.0.5481.100, chrome: {chromedriverVersion: 110.0.5481.77 (65ed616c6e8e..., userDataDir: /var/folders/00/xzw63_pj58g...}, goog:chromeOptions: {debuggerAddress: localhost:50777}, javascriptEnabled: true, networkConnectionEnabled: false, pageLoadStrategy: normal, platform: MAC, platformName: MAC, proxy: Proxy(), se:cdp: ws://localhost:50777/devtoo..., se:cdpVersion: 110.0.5481.100, setWindowRect: true, strictFileInteractability: false, timeouts: {implicit: 0, pageLoad: 300000, script: 30000}, unhandledPromptBehavior: dismiss and notify, webauthn:extension:credBlob: true, webauthn:extension:largeBlob: true, webauthn:virtualAuthenticators: true}&#10;Session ID: 96acbec7eb62098bed1787d5809db2db" type="org.openqa.selenium.UnhandledAlertException"><![CDATA[org.openqa.selenium.UnhandledAlertException: 
unexpected alert open: {Alert text : data not found}
  (Session info: chrome=110.0.5481.100): data not found
Build info: version: '4.1.2', revision: '9a5a329c5a'
System info: host: 'nsystem-mbp', ip: 'fe80:0:0:0:ce7:beec:a50b:8367%en0', os.name: 'Mac OS X', os.arch: 'x86_64', os.version: '10.16', java.version: '1.8.0_201'
Driver info: org.openqa.selenium.chrome.ChromeDriver
Command: [96acbec7eb62098bed1787d5809db2db, findElement {using=xpath, value=//h2[@class='swal2-title']}]
Capabilities {acceptInsecureCerts: false, browserName: chrome, browserVersion: 110.0.5481.100, chrome: {chromedriverVersion: 110.0.5481.77 (65ed616c6e8e..., userDataDir: /var/folders/00/xzw63_pj58g...}, goog:chromeOptions: {debuggerAddress: localhost:50777}, javascriptEnabled: true, networkConnectionEnabled: false, pageLoadStrategy: normal, platform: MAC, platformName: MAC, proxy: Proxy(), se:cdp: ws://localhost:50777/devtoo..., se:cdpVersion: 110.0.5481.100, setWindowRect: true, strictFileInteractability: false, timeouts: {implicit: 0, pageLoad: 300000, script: 30000}, unhandledPromptBehavior: dismiss and notify, webauthn:extension:credBlob: true, webauthn:extension:largeBlob: true, webauthn:virtualAuthenticators: true}
Session ID: 96acbec7eb62098bed1787d5809db2db
]]></error>
  </testcase>
  <testcase name="" classname="Scenario: Verify &apos;Tarif / Jam&apos; field is enabled" time="0.008">
    <error message="unexpected alert open: {Alert text : data not found}&#10;  (Session info: chrome=110.0.5481.100): data not found&#10;Build info: version: &apos;4.1.2&apos;, revision: &apos;9a5a329c5a&apos;&#10;System info: host: &apos;nsystem-mbp&apos;, ip: &apos;fe80:0:0:0:ce7:beec:a50b:8367%en0&apos;, os.name: &apos;Mac OS X&apos;, os.arch: &apos;x86_64&apos;, os.version: &apos;10.16&apos;, java.version: &apos;1.8.0_201&apos;&#10;Driver info: org.openqa.selenium.chrome.ChromeDriver&#10;Command: [96acbec7eb62098bed1787d5809db2db, findElement {using=xpath, value=//h2[@class=&apos;swal2-title&apos;]}]&#10;Capabilities {acceptInsecureCerts: false, browserName: chrome, browserVersion: 110.0.5481.100, chrome: {chromedriverVersion: 110.0.5481.77 (65ed616c6e8e..., userDataDir: /var/folders/00/xzw63_pj58g...}, goog:chromeOptions: {debuggerAddress: localhost:50777}, javascriptEnabled: true, networkConnectionEnabled: false, pageLoadStrategy: normal, platform: MAC, platformName: MAC, proxy: Proxy(), se:cdp: ws://localhost:50777/devtoo..., se:cdpVersion: 110.0.5481.100, setWindowRect: true, strictFileInteractability: false, timeouts: {implicit: 0, pageLoad: 300000, script: 30000}, unhandledPromptBehavior: dismiss and notify, webauthn:extension:credBlob: true, webauthn:extension:largeBlob: true, webauthn:virtualAuthenticators: true}&#10;Session ID: 96acbec7eb62098bed1787d5809db2db" type="org.openqa.selenium.UnhandledAlertException"><![CDATA[org.openqa.selenium.UnhandledAlertException: 
unexpected alert open: {Alert text : data not found}
  (Session info: chrome=110.0.5481.100): data not found
Build info: version: '4.1.2', revision: '9a5a329c5a'
System info: host: 'nsystem-mbp', ip: 'fe80:0:0:0:ce7:beec:a50b:8367%en0', os.name: 'Mac OS X', os.arch: 'x86_64', os.version: '10.16', java.version: '1.8.0_201'
Driver info: org.openqa.selenium.chrome.ChromeDriver
Command: [96acbec7eb62098bed1787d5809db2db, findElement {using=xpath, value=//h2[@class='swal2-title']}]
Capabilities {acceptInsecureCerts: false, browserName: chrome, browserVersion: 110.0.5481.100, chrome: {chromedriverVersion: 110.0.5481.77 (65ed616c6e8e..., userDataDir: /var/folders/00/xzw63_pj58g...}, goog:chromeOptions: {debuggerAddress: localhost:50777}, javascriptEnabled: true, networkConnectionEnabled: false, pageLoadStrategy: normal, platform: MAC, platformName: MAC, proxy: Proxy(), se:cdp: ws://localhost:50777/devtoo..., se:cdpVersion: 110.0.5481.100, setWindowRect: true, strictFileInteractability: false, timeouts: {implicit: 0, pageLoad: 300000, script: 30000}, unhandledPromptBehavior: dismiss and notify, webauthn:extension:credBlob: true, webauthn:extension:largeBlob: true, webauthn:virtualAuthenticators: true}
Session ID: 96acbec7eb62098bed1787d5809db2db
]]></error>
  </testcase>
  <testcase name="And User move to edit profile" classname="Scenario: Verify &apos;Tarif / Jam&apos; field is enabled" time="0">
    <skipped/>
  </testcase>
  <testcase name="Given Teacher already on Edit Profile page" classname="Scenario: Verify &apos;Tarif / Jam&apos; field is enabled" time="0">
    <skipped/>
    <system-out><![CDATA[
  Background:                                                                   &amp#27;[90m# features/UpdateTeacher.feature:4&amp#27;[0m
    &amp#27;[32mGiven &amp#27;[0m&amp#27;[32mUser open the website GuruMu&amp#27;[0m                                          &amp#27;[90m# LoginSteps.userOpenTheWebsiteGuruMu()&amp#27;[0m
    &amp#27;[32mWhen &amp#27;[0m&amp#27;[32mUser click avatar navigation&amp#27;[0m                                           &amp#27;[90m# LoginSteps.userClickAvatarNavigation()&amp#27;[0m
    &amp#27;[32mAnd &amp#27;[0m&amp#27;[32mUser click menu Masuk&amp#27;[0m                                                   &amp#27;[90m# LoginSteps.userClickMenuMasuk()&amp#27;[0m
    &amp#27;[32mAnd &amp#27;[0m&amp#27;[32mUser input "&amp#27;[0m&amp#27;[32m&amp#27;[1mzulfeekei@gmail.com&amp#27;[0m&amp#27;[32m" as email and input "&amp#27;[0m&amp#27;[32m&amp#27;[1mbe123&amp#27;[0m&amp#27;[32m" as password&amp#27;[0m &amp#27;[90m# LoginSteps.inputCredential(String,String)&amp#27;[0m
    &amp#27;[32mAnd &amp#27;[0m&amp#27;[32mUser clicked masuk button&amp#27;[0m                                               &amp#27;[90m# LoginSteps.userClickMasukButton()&amp#27;[0m
    &amp#27;[31mWhen &amp#27;[0m&amp#27;[31mUser move to Profile Page&amp#27;[0m                                              &amp#27;[90m# PenilaianUlasanSteps.userMoveToProfilePage()&amp#27;[0m
      &amp#27;[31morg.openqa.selenium.UnhandledAlertException: unexpected alert open: {Alert text : data not found}
        (Session info: chrome=110.0.5481.100): data not found
      Build info: version: '4.1.2', revision: '9a5a329c5a'
      System info: host: 'nsystem-mbp', ip: 'fe80:0:0:0:ce7:beec:a50b:8367%en0', os.name: 'Mac OS X', os.arch: 'x86_64', os.version: '10.16', java.version: '1.8.0_201'
      Driver info: org.openqa.selenium.chrome.ChromeDriver
      Command: [96acbec7eb62098bed1787d5809db2db, findElement {using=xpath, value=//h2[@class='swal2-title']}]
      Capabilities {acceptInsecureCerts: false, browserName: chrome, browserVersion: 110.0.5481.100, chrome: {chromedriverVersion: 110.0.5481.77 (65ed616c6e8e..., userDataDir: /var/folders/00/xzw63_pj58g...}, goog:chromeOptions: {debuggerAddress: localhost:50777}, javascriptEnabled: true, networkConnectionEnabled: false, pageLoadStrategy: normal, platform: MAC, platformName: MAC, proxy: Proxy(), se:cdp: ws://localhost:50777/devtoo..., se:cdpVersion: 110.0.5481.100, setWindowRect: true, strictFileInteractability: false, timeouts: {implicit: 0, pageLoad: 300000, script: 30000}, unhandledPromptBehavior: dismiss and notify, webauthn:extension:credBlob: true, webauthn:extension:largeBlob: true, webauthn:virtualAuthenticators: true}
      Session ID: 96acbec7eb62098bed1787d5809db2db
      	at org.openqa.selenium.remote.codec.w3c.W3CHttpResponseCodec.decode(W3CHttpResponseCodec.java:131)
      	at org.openqa.selenium.remote.codec.w3c.W3CHttpResponseCodec.decode(W3CHttpResponseCodec.java:53)
      	at org.openqa.selenium.remote.HttpCommandExecutor.execute(HttpCommandExecutor.java:184)
      	at org.openqa.selenium.remote.service.DriverCommandExecutor.invokeExecute(DriverCommandExecutor.java:167)
      	at org.openqa.selenium.remote.service.DriverCommandExecutor.execute(DriverCommandExecutor.java:142)
      	at org.openqa.selenium.remote.RemoteWebDriver.execute(RemoteWebDriver.java:558)
      	at org.openqa.selenium.remote.ElementLocation$ElementFinder$2.findElement(ElementLocation.java:162)
      	at org.openqa.selenium.remote.ElementLocation.findElement(ElementLocation.java:60)
      	at org.openqa.selenium.remote.RemoteWebDriver.findElement(RemoteWebDriver.java:382)
      	at org.openqa.selenium.remote.RemoteWebDriver.findElement(RemoteWebDriver.java:374)
      	at org.openqa.selenium.support.pagefactory.DefaultElementLocator.findElement(DefaultElementLocator.java:70)
      	at org.openqa.selenium.support.pagefactory.internal.LocatingElementHandler.invoke(LocatingElementHandler.java:39)
      	at com.sun.proxy.$Proxy21.isDisplayed(Unknown Source)
      	at org.example.pageObject.BerandaPage.successMessageIsDisplayed(BerandaPage.java:169)
      	at step_definitions.PenilaianUlasanSteps.userMoveToProfilePage(PenilaianUlasanSteps.java:163)
      	at ✽.When User move to Profile Page(features/UpdateTeacher.feature:10)
      &amp#27;[0m
    &amp#27;[36mAnd &amp#27;[0m&amp#27;[36mUser move to edit profile&amp#27;[0m                                               &amp#27;[90m# UpdateTeacherSteps.userMoveToEditProfile()&amp#27;[0m
]]></system-out>
  </testcase>
  <testcase name="When Teacher click &apos;Tarif / Jam&apos; field" classname="Scenario: Verify &apos;Tarif / Jam&apos; field is enabled" time="0">
    <skipped/>
  </testcase>
  <testcase name="Then &apos;Tarif / Jam&apos; field is enabled" classname="Scenario: Verify &apos;Tarif / Jam&apos; field is enabled" time="0">
    <skipped/>
  </testcase>
  <testcase name="Given User open the website GuruMu" classname="| 500000 |" time="0">
    <system-out><![CDATA[
  Scenario: Verify 'Tarif / Jam' field is enabled &amp#27;[90m# features/UpdateTeacher.feature:13&amp#27;[0m
    &amp#27;[36mGiven &amp#27;[0m&amp#27;[36mTeacher already on Edit Profile page&amp#27;[0m    &amp#27;[90m# UpdateTeacherSteps.teacherAlreadyOnEditProfilePage()&amp#27;[0m
    &amp#27;[36mWhen &amp#27;[0m&amp#27;[36mTeacher click 'Tarif / Jam' field&amp#27;[0m        &amp#27;[90m# UpdateTeacherSteps.teacherClickTarifJamField()&amp#27;[0m
    &amp#27;[36mThen &amp#27;[0m&amp#27;[36m'Tarif / Jam' field is enabled&amp#27;[0m           &amp#27;[90m# UpdateTeacherSteps.tarifJamFieldIsEnabled()&amp#27;[0m

  Scenario Outline: Input Field with Valid Tarif in 'Tarif / Jam' field       &amp#27;[90m# features/UpdateTeacher.feature:18&amp#27;[0m
    &amp#27;[36mGiven &amp#27;[0m&amp#27;[36mTeacher already on Edit Profile page&amp#27;[0m
    &amp#27;[36mWhen &amp#27;[0m&amp#27;[36mTeacher click 'Tarif / Jam' field&amp#27;[0m
    &amp#27;[36mThen &amp#27;[0m&amp#27;[36mTeacher input with valid tarif like "<tarif>" in 'Tarif / Jam' field&amp#27;[0m

    Examples: 
]]></system-out>
    <system-err><![CDATA[Starting ChromeDriver 110.0.5481.77 (65ed616c6e8ee3fe0ad64fe83796c020644d42af-refs/branch-heads/5481@{#839}) on port 50248
Only local connections are allowed.
Please see https://chromedriver.chromium.org/security-considerations for suggestions on keeping ChromeDriver safe.
ChromeDriver was started successfully.
[1676554305.235][WARNING]: virtual void DevToolsClientImpl::AddListener(DevToolsEventListener *) subscribing a listener to the already connected DevToolsClient. Connection notification will not arrive.
Feb 16, 2023 8:31:45 PM org.openqa.selenium.remote.ProtocolHandshake createSession
INFO: Detected dialect: W3C
Feb 16, 2023 8:31:45 PM org.openqa.selenium.devtools.CdpVersionFinder findNearestMatch
WARNING: Unable to find an exact match for CDP version 110, so returning the closest version found: a no-op implementation
Feb 16, 2023 8:31:45 PM org.openqa.selenium.devtools.CdpVersionFinder findNearestMatch
INFO: Unable to find CDP implementation matching 110.
Feb 16, 2023 8:31:45 PM org.openqa.selenium.chromium.ChromiumDriver lambda$new$3
WARNING: Unable to find version of CDP to use for . You may need to include a dependency on a specific version of the CDP using something similar to `org.seleniumhq.selenium:selenium-devtools-v86:4.1.2` where the version ("v86") matches the version of the chromium-based browser you're using and the version number of the artifact is the same as Selenium's.
]]></system-err>
  </testcase>
  <testcase name="When User click avatar navigation" classname="| 500000 |" time="0"/>
  <testcase name="And User click menu Masuk" classname="| 500000 |" time="0"/>
  <testcase name="And User input &quot;zulfeekei@gmail.com&quot; as email and input &quot;be123&quot; as password" classname="| 500000 |" time="0"/>
  <testcase name="And User clicked masuk button" classname="| 500000 |" time="0"/>
  <testcase name="When User move to Profile Page" classname="| 500000 |" time="0.004">
    <error message="unexpected alert open: {Alert text : data not found}&#10;  (Session info: chrome=110.0.5481.100): data not found&#10;Build info: version: &apos;4.1.2&apos;, revision: &apos;9a5a329c5a&apos;&#10;System info: host: &apos;nsystem-mbp&apos;, ip: &apos;fe80:0:0:0:ce7:beec:a50b:8367%en0&apos;, os.name: &apos;Mac OS X&apos;, os.arch: &apos;x86_64&apos;, os.version: &apos;10.16&apos;, java.version: &apos;1.8.0_201&apos;&#10;Driver info: org.openqa.selenium.chrome.ChromeDriver&#10;Command: [909167e20b765b0aad5bedbab8994213, findElement {using=xpath, value=//h2[@class=&apos;swal2-title&apos;]}]&#10;Capabilities {acceptInsecureCerts: false, browserName: chrome, browserVersion: 110.0.5481.100, chrome: {chromedriverVersion: 110.0.5481.77 (65ed616c6e8e..., userDataDir: /var/folders/00/xzw63_pj58g...}, goog:chromeOptions: {debuggerAddress: localhost:50800}, javascriptEnabled: true, networkConnectionEnabled: false, pageLoadStrategy: normal, platform: MAC, platformName: MAC, proxy: Proxy(), se:cdp: ws://localhost:50800/devtoo..., se:cdpVersion: 110.0.5481.100, setWindowRect: true, strictFileInteractability: false, timeouts: {implicit: 0, pageLoad: 300000, script: 30000}, unhandledPromptBehavior: dismiss and notify, webauthn:extension:credBlob: true, webauthn:extension:largeBlob: true, webauthn:virtualAuthenticators: true}&#10;Session ID: 909167e20b765b0aad5bedbab8994213" type="org.openqa.selenium.UnhandledAlertException"><![CDATA[org.openqa.selenium.UnhandledAlertException: 
unexpected alert open: {Alert text : data not found}
  (Session info: chrome=110.0.5481.100): data not found
Build info: version: '4.1.2', revision: '9a5a329c5a'
System info: host: 'nsystem-mbp', ip: 'fe80:0:0:0:ce7:beec:a50b:8367%en0', os.name: 'Mac OS X', os.arch: 'x86_64', os.version: '10.16', java.version: '1.8.0_201'
Driver info: org.openqa.selenium.chrome.ChromeDriver
Command: [909167e20b765b0aad5bedbab8994213, findElement {using=xpath, value=//h2[@class='swal2-title']}]
Capabilities {acceptInsecureCerts: false, browserName: chrome, browserVersion: 110.0.5481.100, chrome: {chromedriverVersion: 110.0.5481.77 (65ed616c6e8e..., userDataDir: /var/folders/00/xzw63_pj58g...}, goog:chromeOptions: {debuggerAddress: localhost:50800}, javascriptEnabled: true, networkConnectionEnabled: false, pageLoadStrategy: normal, platform: MAC, platformName: MAC, proxy: Proxy(), se:cdp: ws://localhost:50800/devtoo..., se:cdpVersion: 110.0.5481.100, setWindowRect: true, strictFileInteractability: false, timeouts: {implicit: 0, pageLoad: 300000, script: 30000}, unhandledPromptBehavior: dismiss and notify, webauthn:extension:credBlob: true, webauthn:extension:largeBlob: true, webauthn:virtualAuthenticators: true}
Session ID: 909167e20b765b0aad5bedbab8994213
]]></error>
  </testcase>
  <testcase name="" classname="| 500000 |" time="0.005">
    <error message="unexpected alert open: {Alert text : data not found}&#10;  (Session info: chrome=110.0.5481.100): data not found&#10;Build info: version: &apos;4.1.2&apos;, revision: &apos;9a5a329c5a&apos;&#10;System info: host: &apos;nsystem-mbp&apos;, ip: &apos;fe80:0:0:0:ce7:beec:a50b:8367%en0&apos;, os.name: &apos;Mac OS X&apos;, os.arch: &apos;x86_64&apos;, os.version: &apos;10.16&apos;, java.version: &apos;1.8.0_201&apos;&#10;Driver info: org.openqa.selenium.chrome.ChromeDriver&#10;Command: [909167e20b765b0aad5bedbab8994213, findElement {using=xpath, value=//h2[@class=&apos;swal2-title&apos;]}]&#10;Capabilities {acceptInsecureCerts: false, browserName: chrome, browserVersion: 110.0.5481.100, chrome: {chromedriverVersion: 110.0.5481.77 (65ed616c6e8e..., userDataDir: /var/folders/00/xzw63_pj58g...}, goog:chromeOptions: {debuggerAddress: localhost:50800}, javascriptEnabled: true, networkConnectionEnabled: false, pageLoadStrategy: normal, platform: MAC, platformName: MAC, proxy: Proxy(), se:cdp: ws://localhost:50800/devtoo..., se:cdpVersion: 110.0.5481.100, setWindowRect: true, strictFileInteractability: false, timeouts: {implicit: 0, pageLoad: 300000, script: 30000}, unhandledPromptBehavior: dismiss and notify, webauthn:extension:credBlob: true, webauthn:extension:largeBlob: true, webauthn:virtualAuthenticators: true}&#10;Session ID: 909167e20b765b0aad5bedbab8994213" type="org.openqa.selenium.UnhandledAlertException"><![CDATA[org.openqa.selenium.UnhandledAlertException: 
unexpected alert open: {Alert text : data not found}
  (Session info: chrome=110.0.5481.100): data not found
Build info: version: '4.1.2', revision: '9a5a329c5a'
System info: host: 'nsystem-mbp', ip: 'fe80:0:0:0:ce7:beec:a50b:8367%en0', os.name: 'Mac OS X', os.arch: 'x86_64', os.version: '10.16', java.version: '1.8.0_201'
Driver info: org.openqa.selenium.chrome.ChromeDriver
Command: [909167e20b765b0aad5bedbab8994213, findElement {using=xpath, value=//h2[@class='swal2-title']}]
Capabilities {acceptInsecureCerts: false, browserName: chrome, browserVersion: 110.0.5481.100, chrome: {chromedriverVersion: 110.0.5481.77 (65ed616c6e8e..., userDataDir: /var/folders/00/xzw63_pj58g...}, goog:chromeOptions: {debuggerAddress: localhost:50800}, javascriptEnabled: true, networkConnectionEnabled: false, pageLoadStrategy: normal, platform: MAC, platformName: MAC, proxy: Proxy(), se:cdp: ws://localhost:50800/devtoo..., se:cdpVersion: 110.0.5481.100, setWindowRect: true, strictFileInteractability: false, timeouts: {implicit: 0, pageLoad: 300000, script: 30000}, unhandledPromptBehavior: dismiss and notify, webauthn:extension:credBlob: true, webauthn:extension:largeBlob: true, webauthn:virtualAuthenticators: true}
Session ID: 909167e20b765b0aad5bedbab8994213
]]></error>
  </testcase>
  <testcase name="And User move to edit profile" classname="| 500000 |" time="0">
    <skipped/>
  </testcase>
  <testcase name="Given Teacher already on Edit Profile page" classname="| 500000 |" time="0">
    <skipped/>
    <system-out><![CDATA[
  Background:                                                                   &amp#27;[90m# features/UpdateTeacher.feature:4&amp#27;[0m
    &amp#27;[32mGiven &amp#27;[0m&amp#27;[32mUser open the website GuruMu&amp#27;[0m                                          &amp#27;[90m# LoginSteps.userOpenTheWebsiteGuruMu()&amp#27;[0m
    &amp#27;[32mWhen &amp#27;[0m&amp#27;[32mUser click avatar navigation&amp#27;[0m                                           &amp#27;[90m# LoginSteps.userClickAvatarNavigation()&amp#27;[0m
    &amp#27;[32mAnd &amp#27;[0m&amp#27;[32mUser click menu Masuk&amp#27;[0m                                                   &amp#27;[90m# LoginSteps.userClickMenuMasuk()&amp#27;[0m
    &amp#27;[32mAnd &amp#27;[0m&amp#27;[32mUser input "&amp#27;[0m&amp#27;[32m&amp#27;[1mzulfeekei@gmail.com&amp#27;[0m&amp#27;[32m" as email and input "&amp#27;[0m&amp#27;[32m&amp#27;[1mbe123&amp#27;[0m&amp#27;[32m" as password&amp#27;[0m &amp#27;[90m# LoginSteps.inputCredential(String,String)&amp#27;[0m
    &amp#27;[32mAnd &amp#27;[0m&amp#27;[32mUser clicked masuk button&amp#27;[0m                                               &amp#27;[90m# LoginSteps.userClickMasukButton()&amp#27;[0m
    &amp#27;[31mWhen &amp#27;[0m&amp#27;[31mUser move to Profile Page&amp#27;[0m                                              &amp#27;[90m# PenilaianUlasanSteps.userMoveToProfilePage()&amp#27;[0m
      &amp#27;[31morg.openqa.selenium.UnhandledAlertException: unexpected alert open: {Alert text : data not found}
        (Session info: chrome=110.0.5481.100): data not found
      Build info: version: '4.1.2', revision: '9a5a329c5a'
      System info: host: 'nsystem-mbp', ip: 'fe80:0:0:0:ce7:beec:a50b:8367%en0', os.name: 'Mac OS X', os.arch: 'x86_64', os.version: '10.16', java.version: '1.8.0_201'
      Driver info: org.openqa.selenium.chrome.ChromeDriver
      Command: [909167e20b765b0aad5bedbab8994213, findElement {using=xpath, value=//h2[@class='swal2-title']}]
      Capabilities {acceptInsecureCerts: false, browserName: chrome, browserVersion: 110.0.5481.100, chrome: {chromedriverVersion: 110.0.5481.77 (65ed616c6e8e..., userDataDir: /var/folders/00/xzw63_pj58g...}, goog:chromeOptions: {debuggerAddress: localhost:50800}, javascriptEnabled: true, networkConnectionEnabled: false, pageLoadStrategy: normal, platform: MAC, platformName: MAC, proxy: Proxy(), se:cdp: ws://localhost:50800/devtoo..., se:cdpVersion: 110.0.5481.100, setWindowRect: true, strictFileInteractability: false, timeouts: {implicit: 0, pageLoad: 300000, script: 30000}, unhandledPromptBehavior: dismiss and notify, webauthn:extension:credBlob: true, webauthn:extension:largeBlob: true, webauthn:virtualAuthenticators: true}
      Session ID: 909167e20b765b0aad5bedbab8994213
      	at org.openqa.selenium.remote.codec.w3c.W3CHttpResponseCodec.decode(W3CHttpResponseCodec.java:131)
      	at org.openqa.selenium.remote.codec.w3c.W3CHttpResponseCodec.decode(W3CHttpResponseCodec.java:53)
      	at org.openqa.selenium.remote.HttpCommandExecutor.execute(HttpCommandExecutor.java:184)
      	at org.openqa.selenium.remote.service.DriverCommandExecutor.invokeExecute(DriverCommandExecutor.java:167)
      	at org.openqa.selenium.remote.service.DriverCommandExecutor.execute(DriverCommandExecutor.java:142)
      	at org.openqa.selenium.remote.RemoteWebDriver.execute(RemoteWebDriver.java:558)
      	at org.openqa.selenium.remote.ElementLocation$ElementFinder$2.findElement(ElementLocation.java:162)
      	at org.openqa.selenium.remote.ElementLocation.findElement(ElementLocation.java:60)
      	at org.openqa.selenium.remote.RemoteWebDriver.findElement(RemoteWebDriver.java:382)
      	at org.openqa.selenium.remote.RemoteWebDriver.findElement(RemoteWebDriver.java:374)
      	at org.openqa.selenium.support.pagefactory.DefaultElementLocator.findElement(DefaultElementLocator.java:70)
      	at org.openqa.selenium.support.pagefactory.internal.LocatingElementHandler.invoke(LocatingElementHandler.java:39)
      	at com.sun.proxy.$Proxy21.isDisplayed(Unknown Source)
      	at org.example.pageObject.BerandaPage.successMessageIsDisplayed(BerandaPage.java:169)
      	at step_definitions.PenilaianUlasanSteps.userMoveToProfilePage(PenilaianUlasanSteps.java:163)
      	at ✽.When User move to Profile Page(features/UpdateTeacher.feature:10)
      &amp#27;[0m
    &amp#27;[36mAnd &amp#27;[0m&amp#27;[36mUser move to edit profile&amp#27;[0m                                               &amp#27;[90m# UpdateTeacherSteps.userMoveToEditProfile()&amp#27;[0m
]]></system-out>
  </testcase>
  <testcase name="When Teacher click &apos;Tarif / Jam&apos; field" classname="| 500000 |" time="0">
    <skipped/>
  </testcase>
  <testcase name="Then Teacher input with valid tarif like &quot;500000&quot; in &apos;Tarif / Jam&apos; field" classname="| 500000 |" time="0">
    <skipped/>
  </testcase>
  <testcase name="Given User open the website GuruMu" classname="| abcdef |" time="0">
    <system-out><![CDATA[
  @TestUpdateTeacher @Test
  Scenario Outline: Input Field with Valid Tarif in 'Tarif / Jam' field      &amp#27;[90m# features/UpdateTeacher.feature:24&amp#27;[0m
    &amp#27;[36mGiven &amp#27;[0m&amp#27;[36mTeacher already on Edit Profile page&amp#27;[0m                               &amp#27;[90m# UpdateTeacherSteps.teacherAlreadyOnEditProfilePage()&amp#27;[0m
    &amp#27;[36mWhen &amp#27;[0m&amp#27;[36mTeacher click 'Tarif / Jam' field&amp#27;[0m                                   &amp#27;[90m# UpdateTeacherSteps.teacherClickTarifJamField()&amp#27;[0m
    &amp#27;[36mThen &amp#27;[0m&amp#27;[36mTeacher input with valid tarif like "&amp#27;[0m&amp#27;[36m&amp#27;[1m500000&amp#27;[0m&amp#27;[36m" in 'Tarif / Jam' field&amp#27;[0m &amp#27;[90m# UpdateTeacherSteps.teacherInputWithValidTarifLikeInTarifJamField(String)&amp#27;[0m

  Scenario Outline: Input Field with Character in 'Tarif / Jam' field       &amp#27;[90m# features/UpdateTeacher.feature:26&amp#27;[0m
    &amp#27;[36mGiven &amp#27;[0m&amp#27;[36mTeacher already on Edit Profile page&amp#27;[0m
    &amp#27;[36mWhen &amp#27;[0m&amp#27;[36mTeacher click 'Tarif / Jam' field&amp#27;[0m
    &amp#27;[36mThen &amp#27;[0m&amp#27;[36mTeacher input with character like "<tarif>" in 'Tarif / Jam' field&amp#27;[0m

    Examples: 
]]></system-out>
    <system-err><![CDATA[Starting ChromeDriver 110.0.5481.77 (65ed616c6e8ee3fe0ad64fe83796c020644d42af-refs/branch-heads/5481@{#839}) on port 56445
Only local connections are allowed.
Please see https://chromedriver.chromium.org/security-considerations for suggestions on keeping ChromeDriver safe.
ChromeDriver was started successfully.
[1676554328.543][WARNING]: virtual void DevToolsClientImpl::AddListener(DevToolsEventListener *) subscribing a listener to the already connected DevToolsClient. Connection notification will not arrive.
Feb 16, 2023 8:32:08 PM org.openqa.selenium.remote.ProtocolHandshake createSession
INFO: Detected dialect: W3C
Feb 16, 2023 8:32:08 PM org.openqa.selenium.devtools.CdpVersionFinder findNearestMatch
WARNING: Unable to find an exact match for CDP version 110, so returning the closest version found: a no-op implementation
Feb 16, 2023 8:32:08 PM org.openqa.selenium.devtools.CdpVersionFinder findNearestMatch
INFO: Unable to find CDP implementation matching 110.
Feb 16, 2023 8:32:08 PM org.openqa.selenium.chromium.ChromiumDriver lambda$new$3
WARNING: Unable to find version of CDP to use for . You may need to include a dependency on a specific version of the CDP using something similar to `org.seleniumhq.selenium:selenium-devtools-v86:4.1.2` where the version ("v86") matches the version of the chromium-based browser you're using and the version number of the artifact is the same as Selenium's.
]]></system-err>
  </testcase>
  <testcase name="When User click avatar navigation" classname="| abcdef |" time="0"/>
  <testcase name="And User click menu Masuk" classname="| abcdef |" time="0"/>
  <testcase name="And User input &quot;zulfeekei@gmail.com&quot; as email and input &quot;be123&quot; as password" classname="| abcdef |" time="0"/>
  <testcase name="And User clicked masuk button" classname="| abcdef |" time="0"/>
  <testcase name="When User move to Profile Page" classname="| abcdef |" time="0.003">
    <error message="unexpected alert open: {Alert text : data not found}&#10;  (Session info: chrome=110.0.5481.100): data not found&#10;Build info: version: &apos;4.1.2&apos;, revision: &apos;9a5a329c5a&apos;&#10;System info: host: &apos;nsystem-mbp&apos;, ip: &apos;fe80:0:0:0:ce7:beec:a50b:8367%en0&apos;, os.name: &apos;Mac OS X&apos;, os.arch: &apos;x86_64&apos;, os.version: &apos;10.16&apos;, java.version: &apos;1.8.0_201&apos;&#10;Driver info: org.openqa.selenium.chrome.ChromeDriver&#10;Command: [e7b7d6a7f87a511d5df5a650eb4464ed, findElement {using=xpath, value=//h2[@class=&apos;swal2-title&apos;]}]&#10;Capabilities {acceptInsecureCerts: false, browserName: chrome, browserVersion: 110.0.5481.100, chrome: {chromedriverVersion: 110.0.5481.77 (65ed616c6e8e..., userDataDir: /var/folders/00/xzw63_pj58g...}, goog:chromeOptions: {debuggerAddress: localhost:50822}, javascriptEnabled: true, networkConnectionEnabled: false, pageLoadStrategy: normal, platform: MAC, platformName: MAC, proxy: Proxy(), se:cdp: ws://localhost:50822/devtoo..., se:cdpVersion: 110.0.5481.100, setWindowRect: true, strictFileInteractability: false, timeouts: {implicit: 0, pageLoad: 300000, script: 30000}, unhandledPromptBehavior: dismiss and notify, webauthn:extension:credBlob: true, webauthn:extension:largeBlob: true, webauthn:virtualAuthenticators: true}&#10;Session ID: e7b7d6a7f87a511d5df5a650eb4464ed" type="org.openqa.selenium.UnhandledAlertException"><![CDATA[org.openqa.selenium.UnhandledAlertException: 
unexpected alert open: {Alert text : data not found}
  (Session info: chrome=110.0.5481.100): data not found
Build info: version: '4.1.2', revision: '9a5a329c5a'
System info: host: 'nsystem-mbp', ip: 'fe80:0:0:0:ce7:beec:a50b:8367%en0', os.name: 'Mac OS X', os.arch: 'x86_64', os.version: '10.16', java.version: '1.8.0_201'
Driver info: org.openqa.selenium.chrome.ChromeDriver
Command: [e7b7d6a7f87a511d5df5a650eb4464ed, findElement {using=xpath, value=//h2[@class='swal2-title']}]
Capabilities {acceptInsecureCerts: false, browserName: chrome, browserVersion: 110.0.5481.100, chrome: {chromedriverVersion: 110.0.5481.77 (65ed616c6e8e..., userDataDir: /var/folders/00/xzw63_pj58g...}, goog:chromeOptions: {debuggerAddress: localhost:50822}, javascriptEnabled: true, networkConnectionEnabled: false, pageLoadStrategy: normal, platform: MAC, platformName: MAC, proxy: Proxy(), se:cdp: ws://localhost:50822/devtoo..., se:cdpVersion: 110.0.5481.100, setWindowRect: true, strictFileInteractability: false, timeouts: {implicit: 0, pageLoad: 300000, script: 30000}, unhandledPromptBehavior: dismiss and notify, webauthn:extension:credBlob: true, webauthn:extension:largeBlob: true, webauthn:virtualAuthenticators: true}
Session ID: e7b7d6a7f87a511d5df5a650eb4464ed
]]></error>
  </testcase>
  <testcase name="" classname="| abcdef |" time="0.003">
    <error message="unexpected alert open: {Alert text : data not found}&#10;  (Session info: chrome=110.0.5481.100): data not found&#10;Build info: version: &apos;4.1.2&apos;, revision: &apos;9a5a329c5a&apos;&#10;System info: host: &apos;nsystem-mbp&apos;, ip: &apos;fe80:0:0:0:ce7:beec:a50b:8367%en0&apos;, os.name: &apos;Mac OS X&apos;, os.arch: &apos;x86_64&apos;, os.version: &apos;10.16&apos;, java.version: &apos;1.8.0_201&apos;&#10;Driver info: org.openqa.selenium.chrome.ChromeDriver&#10;Command: [e7b7d6a7f87a511d5df5a650eb4464ed, findElement {using=xpath, value=//h2[@class=&apos;swal2-title&apos;]}]&#10;Capabilities {acceptInsecureCerts: false, browserName: chrome, browserVersion: 110.0.5481.100, chrome: {chromedriverVersion: 110.0.5481.77 (65ed616c6e8e..., userDataDir: /var/folders/00/xzw63_pj58g...}, goog:chromeOptions: {debuggerAddress: localhost:50822}, javascriptEnabled: true, networkConnectionEnabled: false, pageLoadStrategy: normal, platform: MAC, platformName: MAC, proxy: Proxy(), se:cdp: ws://localhost:50822/devtoo..., se:cdpVersion: 110.0.5481.100, setWindowRect: true, strictFileInteractability: false, timeouts: {implicit: 0, pageLoad: 300000, script: 30000}, unhandledPromptBehavior: dismiss and notify, webauthn:extension:credBlob: true, webauthn:extension:largeBlob: true, webauthn:virtualAuthenticators: true}&#10;Session ID: e7b7d6a7f87a511d5df5a650eb4464ed" type="org.openqa.selenium.UnhandledAlertException"><![CDATA[org.openqa.selenium.UnhandledAlertException: 
unexpected alert open: {Alert text : data not found}
  (Session info: chrome=110.0.5481.100): data not found
Build info: version: '4.1.2', revision: '9a5a329c5a'
System info: host: 'nsystem-mbp', ip: 'fe80:0:0:0:ce7:beec:a50b:8367%en0', os.name: 'Mac OS X', os.arch: 'x86_64', os.version: '10.16', java.version: '1.8.0_201'
Driver info: org.openqa.selenium.chrome.ChromeDriver
Command: [e7b7d6a7f87a511d5df5a650eb4464ed, findElement {using=xpath, value=//h2[@class='swal2-title']}]
Capabilities {acceptInsecureCerts: false, browserName: chrome, browserVersion: 110.0.5481.100, chrome: {chromedriverVersion: 110.0.5481.77 (65ed616c6e8e..., userDataDir: /var/folders/00/xzw63_pj58g...}, goog:chromeOptions: {debuggerAddress: localhost:50822}, javascriptEnabled: true, networkConnectionEnabled: false, pageLoadStrategy: normal, platform: MAC, platformName: MAC, proxy: Proxy(), se:cdp: ws://localhost:50822/devtoo..., se:cdpVersion: 110.0.5481.100, setWindowRect: true, strictFileInteractability: false, timeouts: {implicit: 0, pageLoad: 300000, script: 30000}, unhandledPromptBehavior: dismiss and notify, webauthn:extension:credBlob: true, webauthn:extension:largeBlob: true, webauthn:virtualAuthenticators: true}
Session ID: e7b7d6a7f87a511d5df5a650eb4464ed
]]></error>
  </testcase>
  <testcase name="And User move to edit profile" classname="| abcdef |" time="0">
    <skipped/>
  </testcase>
  <testcase name="Given Teacher already on Edit Profile page" classname="| abcdef |" time="0">
    <skipped/>
    <system-out><![CDATA[
  Background:                                                                   &amp#27;[90m# features/UpdateTeacher.feature:4&amp#27;[0m
    &amp#27;[32mGiven &amp#27;[0m&amp#27;[32mUser open the website GuruMu&amp#27;[0m                                          &amp#27;[90m# LoginSteps.userOpenTheWebsiteGuruMu()&amp#27;[0m
    &amp#27;[32mWhen &amp#27;[0m&amp#27;[32mUser click avatar navigation&amp#27;[0m                                           &amp#27;[90m# LoginSteps.userClickAvatarNavigation()&amp#27;[0m
    &amp#27;[32mAnd &amp#27;[0m&amp#27;[32mUser click menu Masuk&amp#27;[0m                                                   &amp#27;[90m# LoginSteps.userClickMenuMasuk()&amp#27;[0m
    &amp#27;[32mAnd &amp#27;[0m&amp#27;[32mUser input "&amp#27;[0m&amp#27;[32m&amp#27;[1mzulfeekei@gmail.com&amp#27;[0m&amp#27;[32m" as email and input "&amp#27;[0m&amp#27;[32m&amp#27;[1mbe123&amp#27;[0m&amp#27;[32m" as password&amp#27;[0m &amp#27;[90m# LoginSteps.inputCredential(String,String)&amp#27;[0m
    &amp#27;[32mAnd &amp#27;[0m&amp#27;[32mUser clicked masuk button&amp#27;[0m                                               &amp#27;[90m# LoginSteps.userClickMasukButton()&amp#27;[0m
    &amp#27;[31mWhen &amp#27;[0m&amp#27;[31mUser move to Profile Page&amp#27;[0m                                              &amp#27;[90m# PenilaianUlasanSteps.userMoveToProfilePage()&amp#27;[0m
      &amp#27;[31morg.openqa.selenium.UnhandledAlertException: unexpected alert open: {Alert text : data not found}
        (Session info: chrome=110.0.5481.100): data not found
      Build info: version: '4.1.2', revision: '9a5a329c5a'
      System info: host: 'nsystem-mbp', ip: 'fe80:0:0:0:ce7:beec:a50b:8367%en0', os.name: 'Mac OS X', os.arch: 'x86_64', os.version: '10.16', java.version: '1.8.0_201'
      Driver info: org.openqa.selenium.chrome.ChromeDriver
      Command: [e7b7d6a7f87a511d5df5a650eb4464ed, findElement {using=xpath, value=//h2[@class='swal2-title']}]
      Capabilities {acceptInsecureCerts: false, browserName: chrome, browserVersion: 110.0.5481.100, chrome: {chromedriverVersion: 110.0.5481.77 (65ed616c6e8e..., userDataDir: /var/folders/00/xzw63_pj58g...}, goog:chromeOptions: {debuggerAddress: localhost:50822}, javascriptEnabled: true, networkConnectionEnabled: false, pageLoadStrategy: normal, platform: MAC, platformName: MAC, proxy: Proxy(), se:cdp: ws://localhost:50822/devtoo..., se:cdpVersion: 110.0.5481.100, setWindowRect: true, strictFileInteractability: false, timeouts: {implicit: 0, pageLoad: 300000, script: 30000}, unhandledPromptBehavior: dismiss and notify, webauthn:extension:credBlob: true, webauthn:extension:largeBlob: true, webauthn:virtualAuthenticators: true}
      Session ID: e7b7d6a7f87a511d5df5a650eb4464ed
      	at org.openqa.selenium.remote.codec.w3c.W3CHttpResponseCodec.decode(W3CHttpResponseCodec.java:131)
      	at org.openqa.selenium.remote.codec.w3c.W3CHttpResponseCodec.decode(W3CHttpResponseCodec.java:53)
      	at org.openqa.selenium.remote.HttpCommandExecutor.execute(HttpCommandExecutor.java:184)
      	at org.openqa.selenium.remote.service.DriverCommandExecutor.invokeExecute(DriverCommandExecutor.java:167)
      	at org.openqa.selenium.remote.service.DriverCommandExecutor.execute(DriverCommandExecutor.java:142)
      	at org.openqa.selenium.remote.RemoteWebDriver.execute(RemoteWebDriver.java:558)
      	at org.openqa.selenium.remote.ElementLocation$ElementFinder$2.findElement(ElementLocation.java:162)
      	at org.openqa.selenium.remote.ElementLocation.findElement(ElementLocation.java:60)
      	at org.openqa.selenium.remote.RemoteWebDriver.findElement(RemoteWebDriver.java:382)
      	at org.openqa.selenium.remote.RemoteWebDriver.findElement(RemoteWebDriver.java:374)
      	at org.openqa.selenium.support.pagefactory.DefaultElementLocator.findElement(DefaultElementLocator.java:70)
      	at org.openqa.selenium.support.pagefactory.internal.LocatingElementHandler.invoke(LocatingElementHandler.java:39)
      	at com.sun.proxy.$Proxy21.isDisplayed(Unknown Source)
      	at org.example.pageObject.BerandaPage.successMessageIsDisplayed(BerandaPage.java:169)
      	at step_definitions.PenilaianUlasanSteps.userMoveToProfilePage(PenilaianUlasanSteps.java:163)
      	at ✽.When User move to Profile Page(features/UpdateTeacher.feature:10)
      &amp#27;[0m
    &amp#27;[36mAnd &amp#27;[0m&amp#27;[36mUser move to edit profile&amp#27;[0m                                               &amp#27;[90m# UpdateTeacherSteps.userMoveToEditProfile()&amp#27;[0m
]]></system-out>
  </testcase>
  <testcase name="When Teacher click &apos;Tarif / Jam&apos; field" classname="| abcdef |" time="0">
    <skipped/>
  </testcase>
  <testcase name="Then Teacher input with character like &quot;abcdef&quot; in &apos;Tarif / Jam&apos; field" classname="| abcdef |" time="0">
    <skipped/>
  </testcase>
  <testcase name="Given User open the website GuruMu" classname="| abc456 |" time="0">
    <system-out><![CDATA[
  @TestUpdateTeacher @Test
  Scenario Outline: Input Field with Character in 'Tarif / Jam' field      &amp#27;[90m# features/UpdateTeacher.feature:32&amp#27;[0m
    &amp#27;[36mGiven &amp#27;[0m&amp#27;[36mTeacher already on Edit Profile page&amp#27;[0m                             &amp#27;[90m# UpdateTeacherSteps.teacherAlreadyOnEditProfilePage()&amp#27;[0m
    &amp#27;[36mWhen &amp#27;[0m&amp#27;[36mTeacher click 'Tarif / Jam' field&amp#27;[0m                                 &amp#27;[90m# UpdateTeacherSteps.teacherClickTarifJamField()&amp#27;[0m
    &amp#27;[36mThen &amp#27;[0m&amp#27;[36mTeacher input with character like "&amp#27;[0m&amp#27;[36m&amp#27;[1mabcdef&amp#27;[0m&amp#27;[36m" in 'Tarif / Jam' field&amp#27;[0m &amp#27;[90m# UpdateTeacherSteps.teacherInputWithCharacterLikeInTarifJamField(String)&amp#27;[0m

  Scenario Outline: Input Field with Character and Number in 'Tarif / Jam' field       &amp#27;[90m# features/UpdateTeacher.feature:34&amp#27;[0m
    &amp#27;[36mGiven &amp#27;[0m&amp#27;[36mTeacher already on Edit Profile page&amp#27;[0m
    &amp#27;[36mWhen &amp#27;[0m&amp#27;[36mTeacher click 'Tarif / Jam' field&amp#27;[0m
    &amp#27;[36mThen &amp#27;[0m&amp#27;[36mTeacher input with character and number like "<tarif>" in 'Tarif / Jam' field&amp#27;[0m

    Examples: 
]]></system-out>
    <system-err><![CDATA[Starting ChromeDriver 110.0.5481.77 (65ed616c6e8ee3fe0ad64fe83796c020644d42af-refs/branch-heads/5481@{#839}) on port 58425
Only local connections are allowed.
Please see https://chromedriver.chromium.org/security-considerations for suggestions on keeping ChromeDriver safe.
ChromeDriver was started successfully.
[1676554353.212][WARNING]: virtual void DevToolsClientImpl::AddListener(DevToolsEventListener *) subscribing a listener to the already connected DevToolsClient. Connection notification will not arrive.
Feb 16, 2023 8:32:33 PM org.openqa.selenium.remote.ProtocolHandshake createSession
INFO: Detected dialect: W3C
Feb 16, 2023 8:32:33 PM org.openqa.selenium.devtools.CdpVersionFinder findNearestMatch
WARNING: Unable to find an exact match for CDP version 110, so returning the closest version found: a no-op implementation
Feb 16, 2023 8:32:33 PM org.openqa.selenium.devtools.CdpVersionFinder findNearestMatch
INFO: Unable to find CDP implementation matching 110.
Feb 16, 2023 8:32:33 PM org.openqa.selenium.chromium.ChromiumDriver lambda$new$3
WARNING: Unable to find version of CDP to use for . You may need to include a dependency on a specific version of the CDP using something similar to `org.seleniumhq.selenium:selenium-devtools-v86:4.1.2` where the version ("v86") matches the version of the chromium-based browser you're using and the version number of the artifact is the same as Selenium's.
]]></system-err>
  </testcase>
  <testcase name="When User click avatar navigation" classname="| abc456 |" time="0"/>
  <testcase name="And User click menu Masuk" classname="| abc456 |" time="0"/>
  <testcase name="And User input &quot;zulfeekei@gmail.com&quot; as email and input &quot;be123&quot; as password" classname="| abc456 |" time="0"/>
  <testcase name="And User clicked masuk button" classname="| abc456 |" time="0"/>
  <testcase name="When User move to Profile Page" classname="| abc456 |" time="0.002">
    <error message="unexpected alert open: {Alert text : data not found}&#10;  (Session info: chrome=110.0.5481.100): data not found&#10;Build info: version: &apos;4.1.2&apos;, revision: &apos;9a5a329c5a&apos;&#10;System info: host: &apos;nsystem-mbp&apos;, ip: &apos;fe80:0:0:0:ce7:beec:a50b:8367%en0&apos;, os.name: &apos;Mac OS X&apos;, os.arch: &apos;x86_64&apos;, os.version: &apos;10.16&apos;, java.version: &apos;1.8.0_201&apos;&#10;Driver info: org.openqa.selenium.chrome.ChromeDriver&#10;Command: [82a78a252b703bc267834a43e13196d3, findElement {using=xpath, value=//h2[@class=&apos;swal2-title&apos;]}]&#10;Capabilities {acceptInsecureCerts: false, browserName: chrome, browserVersion: 110.0.5481.100, chrome: {chromedriverVersion: 110.0.5481.77 (65ed616c6e8e..., userDataDir: /var/folders/00/xzw63_pj58g...}, goog:chromeOptions: {debuggerAddress: localhost:50844}, javascriptEnabled: true, networkConnectionEnabled: false, pageLoadStrategy: normal, platform: MAC, platformName: MAC, proxy: Proxy(), se:cdp: ws://localhost:50844/devtoo..., se:cdpVersion: 110.0.5481.100, setWindowRect: true, strictFileInteractability: false, timeouts: {implicit: 0, pageLoad: 300000, script: 30000}, unhandledPromptBehavior: dismiss and notify, webauthn:extension:credBlob: true, webauthn:extension:largeBlob: true, webauthn:virtualAuthenticators: true}&#10;Session ID: 82a78a252b703bc267834a43e13196d3" type="org.openqa.selenium.UnhandledAlertException"><![CDATA[org.openqa.selenium.UnhandledAlertException: 
unexpected alert open: {Alert text : data not found}
  (Session info: chrome=110.0.5481.100): data not found
Build info: version: '4.1.2', revision: '9a5a329c5a'
System info: host: 'nsystem-mbp', ip: 'fe80:0:0:0:ce7:beec:a50b:8367%en0', os.name: 'Mac OS X', os.arch: 'x86_64', os.version: '10.16', java.version: '1.8.0_201'
Driver info: org.openqa.selenium.chrome.ChromeDriver
Command: [82a78a252b703bc267834a43e13196d3, findElement {using=xpath, value=//h2[@class='swal2-title']}]
Capabilities {acceptInsecureCerts: false, browserName: chrome, browserVersion: 110.0.5481.100, chrome: {chromedriverVersion: 110.0.5481.77 (65ed616c6e8e..., userDataDir: /var/folders/00/xzw63_pj58g...}, goog:chromeOptions: {debuggerAddress: localhost:50844}, javascriptEnabled: true, networkConnectionEnabled: false, pageLoadStrategy: normal, platform: MAC, platformName: MAC, proxy: Proxy(), se:cdp: ws://localhost:50844/devtoo..., se:cdpVersion: 110.0.5481.100, setWindowRect: true, strictFileInteractability: false, timeouts: {implicit: 0, pageLoad: 300000, script: 30000}, unhandledPromptBehavior: dismiss and notify, webauthn:extension:credBlob: true, webauthn:extension:largeBlob: true, webauthn:virtualAuthenticators: true}
Session ID: 82a78a252b703bc267834a43e13196d3
]]></error>
  </testcase>
  <testcase name="" classname="| abc456 |" time="0.002">
    <error message="unexpected alert open: {Alert text : data not found}&#10;  (Session info: chrome=110.0.5481.100): data not found&#10;Build info: version: &apos;4.1.2&apos;, revision: &apos;9a5a329c5a&apos;&#10;System info: host: &apos;nsystem-mbp&apos;, ip: &apos;fe80:0:0:0:ce7:beec:a50b:8367%en0&apos;, os.name: &apos;Mac OS X&apos;, os.arch: &apos;x86_64&apos;, os.version: &apos;10.16&apos;, java.version: &apos;1.8.0_201&apos;&#10;Driver info: org.openqa.selenium.chrome.ChromeDriver&#10;Command: [82a78a252b703bc267834a43e13196d3, findElement {using=xpath, value=//h2[@class=&apos;swal2-title&apos;]}]&#10;Capabilities {acceptInsecureCerts: false, browserName: chrome, browserVersion: 110.0.5481.100, chrome: {chromedriverVersion: 110.0.5481.77 (65ed616c6e8e..., userDataDir: /var/folders/00/xzw63_pj58g...}, goog:chromeOptions: {debuggerAddress: localhost:50844}, javascriptEnabled: true, networkConnectionEnabled: false, pageLoadStrategy: normal, platform: MAC, platformName: MAC, proxy: Proxy(), se:cdp: ws://localhost:50844/devtoo..., se:cdpVersion: 110.0.5481.100, setWindowRect: true, strictFileInteractability: false, timeouts: {implicit: 0, pageLoad: 300000, script: 30000}, unhandledPromptBehavior: dismiss and notify, webauthn:extension:credBlob: true, webauthn:extension:largeBlob: true, webauthn:virtualAuthenticators: true}&#10;Session ID: 82a78a252b703bc267834a43e13196d3" type="org.openqa.selenium.UnhandledAlertException"><![CDATA[org.openqa.selenium.UnhandledAlertException: 
unexpected alert open: {Alert text : data not found}
  (Session info: chrome=110.0.5481.100): data not found
Build info: version: '4.1.2', revision: '9a5a329c5a'
System info: host: 'nsystem-mbp', ip: 'fe80:0:0:0:ce7:beec:a50b:8367%en0', os.name: 'Mac OS X', os.arch: 'x86_64', os.version: '10.16', java.version: '1.8.0_201'
Driver info: org.openqa.selenium.chrome.ChromeDriver
Command: [82a78a252b703bc267834a43e13196d3, findElement {using=xpath, value=//h2[@class='swal2-title']}]
Capabilities {acceptInsecureCerts: false, browserName: chrome, browserVersion: 110.0.5481.100, chrome: {chromedriverVersion: 110.0.5481.77 (65ed616c6e8e..., userDataDir: /var/folders/00/xzw63_pj58g...}, goog:chromeOptions: {debuggerAddress: localhost:50844}, javascriptEnabled: true, networkConnectionEnabled: false, pageLoadStrategy: normal, platform: MAC, platformName: MAC, proxy: Proxy(), se:cdp: ws://localhost:50844/devtoo..., se:cdpVersion: 110.0.5481.100, setWindowRect: true, strictFileInteractability: false, timeouts: {implicit: 0, pageLoad: 300000, script: 30000}, unhandledPromptBehavior: dismiss and notify, webauthn:extension:credBlob: true, webauthn:extension:largeBlob: true, webauthn:virtualAuthenticators: true}
Session ID: 82a78a252b703bc267834a43e13196d3
]]></error>
  </testcase>
  <testcase name="And User move to edit profile" classname="| abc456 |" time="0">
    <skipped/>
  </testcase>
  <testcase name="Given Teacher already on Edit Profile page" classname="| abc456 |" time="0">
    <skipped/>
    <system-out><![CDATA[
  Background:                                                                   &amp#27;[90m# features/UpdateTeacher.feature:4&amp#27;[0m
    &amp#27;[32mGiven &amp#27;[0m&amp#27;[32mUser open the website GuruMu&amp#27;[0m                                          &amp#27;[90m# LoginSteps.userOpenTheWebsiteGuruMu()&amp#27;[0m
    &amp#27;[32mWhen &amp#27;[0m&amp#27;[32mUser click avatar navigation&amp#27;[0m                                           &amp#27;[90m# LoginSteps.userClickAvatarNavigation()&amp#27;[0m
    &amp#27;[32mAnd &amp#27;[0m&amp#27;[32mUser click menu Masuk&amp#27;[0m                                                   &amp#27;[90m# LoginSteps.userClickMenuMasuk()&amp#27;[0m
    &amp#27;[32mAnd &amp#27;[0m&amp#27;[32mUser input "&amp#27;[0m&amp#27;[32m&amp#27;[1mzulfeekei@gmail.com&amp#27;[0m&amp#27;[32m" as email and input "&amp#27;[0m&amp#27;[32m&amp#27;[1mbe123&amp#27;[0m&amp#27;[32m" as password&amp#27;[0m &amp#27;[90m# LoginSteps.inputCredential(String,String)&amp#27;[0m
    &amp#27;[32mAnd &amp#27;[0m&amp#27;[32mUser clicked masuk button&amp#27;[0m                                               &amp#27;[90m# LoginSteps.userClickMasukButton()&amp#27;[0m
    &amp#27;[31mWhen &amp#27;[0m&amp#27;[31mUser move to Profile Page&amp#27;[0m                                              &amp#27;[90m# PenilaianUlasanSteps.userMoveToProfilePage()&amp#27;[0m
      &amp#27;[31morg.openqa.selenium.UnhandledAlertException: unexpected alert open: {Alert text : data not found}
        (Session info: chrome=110.0.5481.100): data not found
      Build info: version: '4.1.2', revision: '9a5a329c5a'
      System info: host: 'nsystem-mbp', ip: 'fe80:0:0:0:ce7:beec:a50b:8367%en0', os.name: 'Mac OS X', os.arch: 'x86_64', os.version: '10.16', java.version: '1.8.0_201'
      Driver info: org.openqa.selenium.chrome.ChromeDriver
      Command: [82a78a252b703bc267834a43e13196d3, findElement {using=xpath, value=//h2[@class='swal2-title']}]
      Capabilities {acceptInsecureCerts: false, browserName: chrome, browserVersion: 110.0.5481.100, chrome: {chromedriverVersion: 110.0.5481.77 (65ed616c6e8e..., userDataDir: /var/folders/00/xzw63_pj58g...}, goog:chromeOptions: {debuggerAddress: localhost:50844}, javascriptEnabled: true, networkConnectionEnabled: false, pageLoadStrategy: normal, platform: MAC, platformName: MAC, proxy: Proxy(), se:cdp: ws://localhost:50844/devtoo..., se:cdpVersion: 110.0.5481.100, setWindowRect: true, strictFileInteractability: false, timeouts: {implicit: 0, pageLoad: 300000, script: 30000}, unhandledPromptBehavior: dismiss and notify, webauthn:extension:credBlob: true, webauthn:extension:largeBlob: true, webauthn:virtualAuthenticators: true}
      Session ID: 82a78a252b703bc267834a43e13196d3
      	at org.openqa.selenium.remote.codec.w3c.W3CHttpResponseCodec.decode(W3CHttpResponseCodec.java:131)
      	at org.openqa.selenium.remote.codec.w3c.W3CHttpResponseCodec.decode(W3CHttpResponseCodec.java:53)
      	at org.openqa.selenium.remote.HttpCommandExecutor.execute(HttpCommandExecutor.java:184)
      	at org.openqa.selenium.remote.service.DriverCommandExecutor.invokeExecute(DriverCommandExecutor.java:167)
      	at org.openqa.selenium.remote.service.DriverCommandExecutor.execute(DriverCommandExecutor.java:142)
      	at org.openqa.selenium.remote.RemoteWebDriver.execute(RemoteWebDriver.java:558)
      	at org.openqa.selenium.remote.ElementLocation$ElementFinder$2.findElement(ElementLocation.java:162)
      	at org.openqa.selenium.remote.ElementLocation.findElement(ElementLocation.java:60)
      	at org.openqa.selenium.remote.RemoteWebDriver.findElement(RemoteWebDriver.java:382)
      	at org.openqa.selenium.remote.RemoteWebDriver.findElement(RemoteWebDriver.java:374)
      	at org.openqa.selenium.support.pagefactory.DefaultElementLocator.findElement(DefaultElementLocator.java:70)
      	at org.openqa.selenium.support.pagefactory.internal.LocatingElementHandler.invoke(LocatingElementHandler.java:39)
      	at com.sun.proxy.$Proxy21.isDisplayed(Unknown Source)
      	at org.example.pageObject.BerandaPage.successMessageIsDisplayed(BerandaPage.java:169)
      	at step_definitions.PenilaianUlasanSteps.userMoveToProfilePage(PenilaianUlasanSteps.java:163)
      	at ✽.When User move to Profile Page(features/UpdateTeacher.feature:10)
      &amp#27;[0m
    &amp#27;[36mAnd &amp#27;[0m&amp#27;[36mUser move to edit profile&amp#27;[0m                                               &amp#27;[90m# UpdateTeacherSteps.userMoveToEditProfile()&amp#27;[0m
]]></system-out>
  </testcase>
  <testcase name="When Teacher click &apos;Tarif / Jam&apos; field" classname="| abc456 |" time="0">
    <skipped/>
  </testcase>
  <testcase name="Then Teacher input with character and number like &quot;abc456&quot; in &apos;Tarif / Jam&apos; field" classname="| abc456 |" time="0">
    <skipped/>
  </testcase>
  <testcase name="Given User open the website GuruMu" classname="| ^&amp;*^%% |" time="0">
    <system-out><![CDATA[
  @TestUpdateTeacher @Test
  Scenario Outline: Input Field with Character and Number in 'Tarif / Jam' field      &amp#27;[90m# features/UpdateTeacher.feature:40&amp#27;[0m
    &amp#27;[36mGiven &amp#27;[0m&amp#27;[36mTeacher already on Edit Profile page&amp#27;[0m                                        &amp#27;[90m# UpdateTeacherSteps.teacherAlreadyOnEditProfilePage()&amp#27;[0m
    &amp#27;[36mWhen &amp#27;[0m&amp#27;[36mTeacher click 'Tarif / Jam' field&amp#27;[0m                                            &amp#27;[90m# UpdateTeacherSteps.teacherClickTarifJamField()&amp#27;[0m
    &amp#27;[36mThen &amp#27;[0m&amp#27;[36mTeacher input with character and number like "&amp#27;[0m&amp#27;[36m&amp#27;[1mabc456&amp#27;[0m&amp#27;[36m" in 'Tarif / Jam' field&amp#27;[0m &amp#27;[90m# UpdateTeacherSteps.teacherInputWithCharacterAndNumberLikeInTarifJamField(String)&amp#27;[0m

  Scenario Outline: Input Field with Special Character in 'Tarif / Jam' field       &amp#27;[90m# features/UpdateTeacher.feature:42&amp#27;[0m
    &amp#27;[36mGiven &amp#27;[0m&amp#27;[36mTeacher already on Edit Profile page&amp#27;[0m
    &amp#27;[36mWhen &amp#27;[0m&amp#27;[36mTeacher click 'Tarif / Jam' field&amp#27;[0m
    &amp#27;[36mThen &amp#27;[0m&amp#27;[36mTeacher input with special character like "<tarif>" in 'Tarif / Jam' field&amp#27;[0m

    Examples: 
]]></system-out>
    <system-err><![CDATA[Starting ChromeDriver 110.0.5481.77 (65ed616c6e8ee3fe0ad64fe83796c020644d42af-refs/branch-heads/5481@{#839}) on port 57247
Only local connections are allowed.
Please see https://chromedriver.chromium.org/security-considerations for suggestions on keeping ChromeDriver safe.
ChromeDriver was started successfully.
[1676554379.833][WARNING]: virtual void DevToolsClientImpl::AddListener(DevToolsEventListener *) subscribing a listener to the already connected DevToolsClient. Connection notification will not arrive.
Feb 16, 2023 8:33:00 PM org.openqa.selenium.remote.ProtocolHandshake createSession
INFO: Detected dialect: W3C
Feb 16, 2023 8:33:00 PM org.openqa.selenium.devtools.CdpVersionFinder findNearestMatch
WARNING: Unable to find an exact match for CDP version 110, so returning the closest version found: a no-op implementation
Feb 16, 2023 8:33:00 PM org.openqa.selenium.devtools.CdpVersionFinder findNearestMatch
INFO: Unable to find CDP implementation matching 110.
Feb 16, 2023 8:33:00 PM org.openqa.selenium.chromium.ChromiumDriver lambda$new$3
WARNING: Unable to find version of CDP to use for . You may need to include a dependency on a specific version of the CDP using something similar to `org.seleniumhq.selenium:selenium-devtools-v86:4.1.2` where the version ("v86") matches the version of the chromium-based browser you're using and the version number of the artifact is the same as Selenium's.
]]></system-err>
  </testcase>
  <testcase name="When User click avatar navigation" classname="| ^&amp;*^%% |" time="0"/>
  <testcase name="And User click menu Masuk" classname="| ^&amp;*^%% |" time="0"/>
  <testcase name="And User input &quot;zulfeekei@gmail.com&quot; as email and input &quot;be123&quot; as password" classname="| ^&amp;*^%% |" time="0"/>
  <testcase name="And User clicked masuk button" classname="| ^&amp;*^%% |" time="0.001"/>
  <testcase name="When User move to Profile Page" classname="| ^&amp;*^%% |" time="0.003">
    <error message="unexpected alert open: {Alert text : data not found}&#10;  (Session info: chrome=110.0.5481.100): data not found&#10;Build info: version: &apos;4.1.2&apos;, revision: &apos;9a5a329c5a&apos;&#10;System info: host: &apos;nsystem-mbp&apos;, ip: &apos;fe80:0:0:0:ce7:beec:a50b:8367%en0&apos;, os.name: &apos;Mac OS X&apos;, os.arch: &apos;x86_64&apos;, os.version: &apos;10.16&apos;, java.version: &apos;1.8.0_201&apos;&#10;Driver info: org.openqa.selenium.chrome.ChromeDriver&#10;Command: [d21f0693ac5d218d9f3db44a93ad034e, findElement {using=xpath, value=//h2[@class=&apos;swal2-title&apos;]}]&#10;Capabilities {acceptInsecureCerts: false, browserName: chrome, browserVersion: 110.0.5481.100, chrome: {chromedriverVersion: 110.0.5481.77 (65ed616c6e8e..., userDataDir: /var/folders/00/xzw63_pj58g...}, goog:chromeOptions: {debuggerAddress: localhost:50867}, javascriptEnabled: true, networkConnectionEnabled: false, pageLoadStrategy: normal, platform: MAC, platformName: MAC, proxy: Proxy(), se:cdp: ws://localhost:50867/devtoo..., se:cdpVersion: 110.0.5481.100, setWindowRect: true, strictFileInteractability: false, timeouts: {implicit: 0, pageLoad: 300000, script: 30000}, unhandledPromptBehavior: dismiss and notify, webauthn:extension:credBlob: true, webauthn:extension:largeBlob: true, webauthn:virtualAuthenticators: true}&#10;Session ID: d21f0693ac5d218d9f3db44a93ad034e" type="org.openqa.selenium.UnhandledAlertException"><![CDATA[org.openqa.selenium.UnhandledAlertException: 
unexpected alert open: {Alert text : data not found}
  (Session info: chrome=110.0.5481.100): data not found
Build info: version: '4.1.2', revision: '9a5a329c5a'
System info: host: 'nsystem-mbp', ip: 'fe80:0:0:0:ce7:beec:a50b:8367%en0', os.name: 'Mac OS X', os.arch: 'x86_64', os.version: '10.16', java.version: '1.8.0_201'
Driver info: org.openqa.selenium.chrome.ChromeDriver
Command: [d21f0693ac5d218d9f3db44a93ad034e, findElement {using=xpath, value=//h2[@class='swal2-title']}]
Capabilities {acceptInsecureCerts: false, browserName: chrome, browserVersion: 110.0.5481.100, chrome: {chromedriverVersion: 110.0.5481.77 (65ed616c6e8e..., userDataDir: /var/folders/00/xzw63_pj58g...}, goog:chromeOptions: {debuggerAddress: localhost:50867}, javascriptEnabled: true, networkConnectionEnabled: false, pageLoadStrategy: normal, platform: MAC, platformName: MAC, proxy: Proxy(), se:cdp: ws://localhost:50867/devtoo..., se:cdpVersion: 110.0.5481.100, setWindowRect: true, strictFileInteractability: false, timeouts: {implicit: 0, pageLoad: 300000, script: 30000}, unhandledPromptBehavior: dismiss and notify, webauthn:extension:credBlob: true, webauthn:extension:largeBlob: true, webauthn:virtualAuthenticators: true}
Session ID: d21f0693ac5d218d9f3db44a93ad034e
]]></error>
  </testcase>
  <testcase name="" classname="| ^&amp;*^%% |" time="0.003">
    <error message="unexpected alert open: {Alert text : data not found}&#10;  (Session info: chrome=110.0.5481.100): data not found&#10;Build info: version: &apos;4.1.2&apos;, revision: &apos;9a5a329c5a&apos;&#10;System info: host: &apos;nsystem-mbp&apos;, ip: &apos;fe80:0:0:0:ce7:beec:a50b:8367%en0&apos;, os.name: &apos;Mac OS X&apos;, os.arch: &apos;x86_64&apos;, os.version: &apos;10.16&apos;, java.version: &apos;1.8.0_201&apos;&#10;Driver info: org.openqa.selenium.chrome.ChromeDriver&#10;Command: [d21f0693ac5d218d9f3db44a93ad034e, findElement {using=xpath, value=//h2[@class=&apos;swal2-title&apos;]}]&#10;Capabilities {acceptInsecureCerts: false, browserName: chrome, browserVersion: 110.0.5481.100, chrome: {chromedriverVersion: 110.0.5481.77 (65ed616c6e8e..., userDataDir: /var/folders/00/xzw63_pj58g...}, goog:chromeOptions: {debuggerAddress: localhost:50867}, javascriptEnabled: true, networkConnectionEnabled: false, pageLoadStrategy: normal, platform: MAC, platformName: MAC, proxy: Proxy(), se:cdp: ws://localhost:50867/devtoo..., se:cdpVersion: 110.0.5481.100, setWindowRect: true, strictFileInteractability: false, timeouts: {implicit: 0, pageLoad: 300000, script: 30000}, unhandledPromptBehavior: dismiss and notify, webauthn:extension:credBlob: true, webauthn:extension:largeBlob: true, webauthn:virtualAuthenticators: true}&#10;Session ID: d21f0693ac5d218d9f3db44a93ad034e" type="org.openqa.selenium.UnhandledAlertException"><![CDATA[org.openqa.selenium.UnhandledAlertException: 
unexpected alert open: {Alert text : data not found}
  (Session info: chrome=110.0.5481.100): data not found
Build info: version: '4.1.2', revision: '9a5a329c5a'
System info: host: 'nsystem-mbp', ip: 'fe80:0:0:0:ce7:beec:a50b:8367%en0', os.name: 'Mac OS X', os.arch: 'x86_64', os.version: '10.16', java.version: '1.8.0_201'
Driver info: org.openqa.selenium.chrome.ChromeDriver
Command: [d21f0693ac5d218d9f3db44a93ad034e, findElement {using=xpath, value=//h2[@class='swal2-title']}]
Capabilities {acceptInsecureCerts: false, browserName: chrome, browserVersion: 110.0.5481.100, chrome: {chromedriverVersion: 110.0.5481.77 (65ed616c6e8e..., userDataDir: /var/folders/00/xzw63_pj58g...}, goog:chromeOptions: {debuggerAddress: localhost:50867}, javascriptEnabled: true, networkConnectionEnabled: false, pageLoadStrategy: normal, platform: MAC, platformName: MAC, proxy: Proxy(), se:cdp: ws://localhost:50867/devtoo..., se:cdpVersion: 110.0.5481.100, setWindowRect: true, strictFileInteractability: false, timeouts: {implicit: 0, pageLoad: 300000, script: 30000}, unhandledPromptBehavior: dismiss and notify, webauthn:extension:credBlob: true, webauthn:extension:largeBlob: true, webauthn:virtualAuthenticators: true}
Session ID: d21f0693ac5d218d9f3db44a93ad034e
]]></error>
  </testcase>
  <testcase name="And User move to edit profile" classname="| ^&amp;*^%% |" time="0">
    <skipped/>
  </testcase>
  <testcase name="Given Teacher already on Edit Profile page" classname="| ^&amp;*^%% |" time="0">
    <skipped/>
    <system-out><![CDATA[
  Background:                                                                   &amp#27;[90m# features/UpdateTeacher.feature:4&amp#27;[0m
    &amp#27;[32mGiven &amp#27;[0m&amp#27;[32mUser open the website GuruMu&amp#27;[0m                                          &amp#27;[90m# LoginSteps.userOpenTheWebsiteGuruMu()&amp#27;[0m
    &amp#27;[32mWhen &amp#27;[0m&amp#27;[32mUser click avatar navigation&amp#27;[0m                                           &amp#27;[90m# LoginSteps.userClickAvatarNavigation()&amp#27;[0m
    &amp#27;[32mAnd &amp#27;[0m&amp#27;[32mUser click menu Masuk&amp#27;[0m                                                   &amp#27;[90m# LoginSteps.userClickMenuMasuk()&amp#27;[0m
    &amp#27;[32mAnd &amp#27;[0m&amp#27;[32mUser input "&amp#27;[0m&amp#27;[32m&amp#27;[1mzulfeekei@gmail.com&amp#27;[0m&amp#27;[32m" as email and input "&amp#27;[0m&amp#27;[32m&amp#27;[1mbe123&amp#27;[0m&amp#27;[32m" as password&amp#27;[0m &amp#27;[90m# LoginSteps.inputCredential(String,String)&amp#27;[0m
    &amp#27;[32mAnd &amp#27;[0m&amp#27;[32mUser clicked masuk button&amp#27;[0m                                               &amp#27;[90m# LoginSteps.userClickMasukButton()&amp#27;[0m
    &amp#27;[31mWhen &amp#27;[0m&amp#27;[31mUser move to Profile Page&amp#27;[0m                                              &amp#27;[90m# PenilaianUlasanSteps.userMoveToProfilePage()&amp#27;[0m
      &amp#27;[31morg.openqa.selenium.UnhandledAlertException: unexpected alert open: {Alert text : data not found}
        (Session info: chrome=110.0.5481.100): data not found
      Build info: version: '4.1.2', revision: '9a5a329c5a'
      System info: host: 'nsystem-mbp', ip: 'fe80:0:0:0:ce7:beec:a50b:8367%en0', os.name: 'Mac OS X', os.arch: 'x86_64', os.version: '10.16', java.version: '1.8.0_201'
      Driver info: org.openqa.selenium.chrome.ChromeDriver
      Command: [d21f0693ac5d218d9f3db44a93ad034e, findElement {using=xpath, value=//h2[@class='swal2-title']}]
      Capabilities {acceptInsecureCerts: false, browserName: chrome, browserVersion: 110.0.5481.100, chrome: {chromedriverVersion: 110.0.5481.77 (65ed616c6e8e..., userDataDir: /var/folders/00/xzw63_pj58g...}, goog:chromeOptions: {debuggerAddress: localhost:50867}, javascriptEnabled: true, networkConnectionEnabled: false, pageLoadStrategy: normal, platform: MAC, platformName: MAC, proxy: Proxy(), se:cdp: ws://localhost:50867/devtoo..., se:cdpVersion: 110.0.5481.100, setWindowRect: true, strictFileInteractability: false, timeouts: {implicit: 0, pageLoad: 300000, script: 30000}, unhandledPromptBehavior: dismiss and notify, webauthn:extension:credBlob: true, webauthn:extension:largeBlob: true, webauthn:virtualAuthenticators: true}
      Session ID: d21f0693ac5d218d9f3db44a93ad034e
      	at org.openqa.selenium.remote.codec.w3c.W3CHttpResponseCodec.decode(W3CHttpResponseCodec.java:131)
      	at org.openqa.selenium.remote.codec.w3c.W3CHttpResponseCodec.decode(W3CHttpResponseCodec.java:53)
      	at org.openqa.selenium.remote.HttpCommandExecutor.execute(HttpCommandExecutor.java:184)
      	at org.openqa.selenium.remote.service.DriverCommandExecutor.invokeExecute(DriverCommandExecutor.java:167)
      	at org.openqa.selenium.remote.service.DriverCommandExecutor.execute(DriverCommandExecutor.java:142)
      	at org.openqa.selenium.remote.RemoteWebDriver.execute(RemoteWebDriver.java:558)
      	at org.openqa.selenium.remote.ElementLocation$ElementFinder$2.findElement(ElementLocation.java:162)
      	at org.openqa.selenium.remote.ElementLocation.findElement(ElementLocation.java:60)
      	at org.openqa.selenium.remote.RemoteWebDriver.findElement(RemoteWebDriver.java:382)
      	at org.openqa.selenium.remote.RemoteWebDriver.findElement(RemoteWebDriver.java:374)
      	at org.openqa.selenium.support.pagefactory.DefaultElementLocator.findElement(DefaultElementLocator.java:70)
      	at org.openqa.selenium.support.pagefactory.internal.LocatingElementHandler.invoke(LocatingElementHandler.java:39)
      	at com.sun.proxy.$Proxy21.isDisplayed(Unknown Source)
      	at org.example.pageObject.BerandaPage.successMessageIsDisplayed(BerandaPage.java:169)
      	at step_definitions.PenilaianUlasanSteps.userMoveToProfilePage(PenilaianUlasanSteps.java:163)
      	at ✽.When User move to Profile Page(features/UpdateTeacher.feature:10)
      &amp#27;[0m
    &amp#27;[36mAnd &amp#27;[0m&amp#27;[36mUser move to edit profile&amp#27;[0m                                               &amp#27;[90m# UpdateTeacherSteps.userMoveToEditProfile()&amp#27;[0m
]]></system-out>
  </testcase>
  <testcase name="When Teacher click &apos;Tarif / Jam&apos; field" classname="| ^&amp;*^%% |" time="0">
    <skipped/>
  </testcase>
  <testcase name="Then Teacher input with special character like &quot;^&amp;*^%%&quot; in &apos;Tarif / Jam&apos; field" classname="| ^&amp;*^%% |" time="0">
    <skipped/>
  </testcase>
  <testcase name="Given User open the website GuruMu" classname="| abcd^&amp;#$% |" time="0">
    <system-out><![CDATA[
  @TestUpdateTeacher @Test
  Scenario Outline: Input Field with Special Character in 'Tarif / Jam' field      &amp#27;[90m# features/UpdateTeacher.feature:48&amp#27;[0m
    &amp#27;[36mGiven &amp#27;[0m&amp#27;[36mTeacher already on Edit Profile page&amp#27;[0m                                     &amp#27;[90m# UpdateTeacherSteps.teacherAlreadyOnEditProfilePage()&amp#27;[0m
    &amp#27;[36mWhen &amp#27;[0m&amp#27;[36mTeacher click 'Tarif / Jam' field&amp#27;[0m                                         &amp#27;[90m# UpdateTeacherSteps.teacherClickTarifJamField()&amp#27;[0m
    &amp#27;[36mThen &amp#27;[0m&amp#27;[36mTeacher input with special character like "&amp#27;[0m&amp#27;[36m&amp#27;[1m^&*^%%&amp#27;[0m&amp#27;[36m" in 'Tarif / Jam' field&amp#27;[0m &amp#27;[90m# UpdateTeacherSteps.teacherInputWithSpecialCharacterLikeInTarifJamField(String)&amp#27;[0m

  Scenario Outline: Input Field with Character and Special Character in 'Tarif / Jam' field       &amp#27;[90m# features/UpdateTeacher.feature:50&amp#27;[0m
    &amp#27;[36mGiven &amp#27;[0m&amp#27;[36mTeacher already on Edit Profile page&amp#27;[0m
    &amp#27;[36mWhen &amp#27;[0m&amp#27;[36mTeacher click 'Tarif / Jam' field&amp#27;[0m
    &amp#27;[36mThen &amp#27;[0m&amp#27;[36mTeacher input with character and special character like "<tarif>" in 'Tarif / Jam' field&amp#27;[0m

    Examples: 
]]></system-out>
    <system-err><![CDATA[Starting ChromeDriver 110.0.5481.77 (65ed616c6e8ee3fe0ad64fe83796c020644d42af-refs/branch-heads/5481@{#839}) on port 55421
Only local connections are allowed.
Please see https://chromedriver.chromium.org/security-considerations for suggestions on keeping ChromeDriver safe.
ChromeDriver was started successfully.
[1676554414.158][WARNING]: virtual void DevToolsClientImpl::AddListener(DevToolsEventListener *) subscribing a listener to the already connected DevToolsClient. Connection notification will not arrive.
Feb 16, 2023 8:33:34 PM org.openqa.selenium.remote.ProtocolHandshake createSession
INFO: Detected dialect: W3C
Feb 16, 2023 8:33:34 PM org.openqa.selenium.devtools.CdpVersionFinder findNearestMatch
WARNING: Unable to find an exact match for CDP version 110, so returning the closest version found: a no-op implementation
Feb 16, 2023 8:33:34 PM org.openqa.selenium.devtools.CdpVersionFinder findNearestMatch
INFO: Unable to find CDP implementation matching 110.
Feb 16, 2023 8:33:34 PM org.openqa.selenium.chromium.ChromiumDriver lambda$new$3
WARNING: Unable to find version of CDP to use for . You may need to include a dependency on a specific version of the CDP using something similar to `org.seleniumhq.selenium:selenium-devtools-v86:4.1.2` where the version ("v86") matches the version of the chromium-based browser you're using and the version number of the artifact is the same as Selenium's.
]]></system-err>
  </testcase>
  <testcase name="When User click avatar navigation" classname="| abcd^&amp;#$% |" time="0"/>
  <testcase name="And User click menu Masuk" classname="| abcd^&amp;#$% |" time="0"/>
  <testcase name="And User input &quot;zulfeekei@gmail.com&quot; as email and input &quot;be123&quot; as password" classname="| abcd^&amp;#$% |" time="0"/>
  <testcase name="And User clicked masuk button" classname="| abcd^&amp;#$% |" time="0"/>
  <testcase name="When User move to Profile Page" classname="| abcd^&amp;#$% |" time="0.009">
    <error message="unexpected alert open: {Alert text : data not found}&#10;  (Session info: chrome=110.0.5481.100): data not found&#10;Build info: version: &apos;4.1.2&apos;, revision: &apos;9a5a329c5a&apos;&#10;System info: host: &apos;nsystem-mbp&apos;, ip: &apos;fe80:0:0:0:ce7:beec:a50b:8367%en0&apos;, os.name: &apos;Mac OS X&apos;, os.arch: &apos;x86_64&apos;, os.version: &apos;10.16&apos;, java.version: &apos;1.8.0_201&apos;&#10;Driver info: org.openqa.selenium.chrome.ChromeDriver&#10;Command: [41c487c1f25e8e6f5ffbbe7d44bf0703, findElement {using=xpath, value=//h2[@class=&apos;swal2-title&apos;]}]&#10;Capabilities {acceptInsecureCerts: false, browserName: chrome, browserVersion: 110.0.5481.100, chrome: {chromedriverVersion: 110.0.5481.77 (65ed616c6e8e..., userDataDir: /var/folders/00/xzw63_pj58g...}, goog:chromeOptions: {debuggerAddress: localhost:50890}, javascriptEnabled: true, networkConnectionEnabled: false, pageLoadStrategy: normal, platform: MAC, platformName: MAC, proxy: Proxy(), se:cdp: ws://localhost:50890/devtoo..., se:cdpVersion: 110.0.5481.100, setWindowRect: true, strictFileInteractability: false, timeouts: {implicit: 0, pageLoad: 300000, script: 30000}, unhandledPromptBehavior: dismiss and notify, webauthn:extension:credBlob: true, webauthn:extension:largeBlob: true, webauthn:virtualAuthenticators: true}&#10;Session ID: 41c487c1f25e8e6f5ffbbe7d44bf0703" type="org.openqa.selenium.UnhandledAlertException"><![CDATA[org.openqa.selenium.UnhandledAlertException: 
unexpected alert open: {Alert text : data not found}
  (Session info: chrome=110.0.5481.100): data not found
Build info: version: '4.1.2', revision: '9a5a329c5a'
System info: host: 'nsystem-mbp', ip: 'fe80:0:0:0:ce7:beec:a50b:8367%en0', os.name: 'Mac OS X', os.arch: 'x86_64', os.version: '10.16', java.version: '1.8.0_201'
Driver info: org.openqa.selenium.chrome.ChromeDriver
Command: [41c487c1f25e8e6f5ffbbe7d44bf0703, findElement {using=xpath, value=//h2[@class='swal2-title']}]
Capabilities {acceptInsecureCerts: false, browserName: chrome, browserVersion: 110.0.5481.100, chrome: {chromedriverVersion: 110.0.5481.77 (65ed616c6e8e..., userDataDir: /var/folders/00/xzw63_pj58g...}, goog:chromeOptions: {debuggerAddress: localhost:50890}, javascriptEnabled: true, networkConnectionEnabled: false, pageLoadStrategy: normal, platform: MAC, platformName: MAC, proxy: Proxy(), se:cdp: ws://localhost:50890/devtoo..., se:cdpVersion: 110.0.5481.100, setWindowRect: true, strictFileInteractability: false, timeouts: {implicit: 0, pageLoad: 300000, script: 30000}, unhandledPromptBehavior: dismiss and notify, webauthn:extension:credBlob: true, webauthn:extension:largeBlob: true, webauthn:virtualAuthenticators: true}
Session ID: 41c487c1f25e8e6f5ffbbe7d44bf0703
]]></error>
  </testcase>
  <testcase name="" classname="| abcd^&amp;#$% |" time="0.009">
    <error message="unexpected alert open: {Alert text : data not found}&#10;  (Session info: chrome=110.0.5481.100): data not found&#10;Build info: version: &apos;4.1.2&apos;, revision: &apos;9a5a329c5a&apos;&#10;System info: host: &apos;nsystem-mbp&apos;, ip: &apos;fe80:0:0:0:ce7:beec:a50b:8367%en0&apos;, os.name: &apos;Mac OS X&apos;, os.arch: &apos;x86_64&apos;, os.version: &apos;10.16&apos;, java.version: &apos;1.8.0_201&apos;&#10;Driver info: org.openqa.selenium.chrome.ChromeDriver&#10;Command: [41c487c1f25e8e6f5ffbbe7d44bf0703, findElement {using=xpath, value=//h2[@class=&apos;swal2-title&apos;]}]&#10;Capabilities {acceptInsecureCerts: false, browserName: chrome, browserVersion: 110.0.5481.100, chrome: {chromedriverVersion: 110.0.5481.77 (65ed616c6e8e..., userDataDir: /var/folders/00/xzw63_pj58g...}, goog:chromeOptions: {debuggerAddress: localhost:50890}, javascriptEnabled: true, networkConnectionEnabled: false, pageLoadStrategy: normal, platform: MAC, platformName: MAC, proxy: Proxy(), se:cdp: ws://localhost:50890/devtoo..., se:cdpVersion: 110.0.5481.100, setWindowRect: true, strictFileInteractability: false, timeouts: {implicit: 0, pageLoad: 300000, script: 30000}, unhandledPromptBehavior: dismiss and notify, webauthn:extension:credBlob: true, webauthn:extension:largeBlob: true, webauthn:virtualAuthenticators: true}&#10;Session ID: 41c487c1f25e8e6f5ffbbe7d44bf0703" type="org.openqa.selenium.UnhandledAlertException"><![CDATA[org.openqa.selenium.UnhandledAlertException: 
unexpected alert open: {Alert text : data not found}
  (Session info: chrome=110.0.5481.100): data not found
Build info: version: '4.1.2', revision: '9a5a329c5a'
System info: host: 'nsystem-mbp', ip: 'fe80:0:0:0:ce7:beec:a50b:8367%en0', os.name: 'Mac OS X', os.arch: 'x86_64', os.version: '10.16', java.version: '1.8.0_201'
Driver info: org.openqa.selenium.chrome.ChromeDriver
Command: [41c487c1f25e8e6f5ffbbe7d44bf0703, findElement {using=xpath, value=//h2[@class='swal2-title']}]
Capabilities {acceptInsecureCerts: false, browserName: chrome, browserVersion: 110.0.5481.100, chrome: {chromedriverVersion: 110.0.5481.77 (65ed616c6e8e..., userDataDir: /var/folders/00/xzw63_pj58g...}, goog:chromeOptions: {debuggerAddress: localhost:50890}, javascriptEnabled: true, networkConnectionEnabled: false, pageLoadStrategy: normal, platform: MAC, platformName: MAC, proxy: Proxy(), se:cdp: ws://localhost:50890/devtoo..., se:cdpVersion: 110.0.5481.100, setWindowRect: true, strictFileInteractability: false, timeouts: {implicit: 0, pageLoad: 300000, script: 30000}, unhandledPromptBehavior: dismiss and notify, webauthn:extension:credBlob: true, webauthn:extension:largeBlob: true, webauthn:virtualAuthenticators: true}
Session ID: 41c487c1f25e8e6f5ffbbe7d44bf0703
]]></error>
  </testcase>
  <testcase name="And User move to edit profile" classname="| abcd^&amp;#$% |" time="0">
    <skipped/>
  </testcase>
  <testcase name="Given Teacher already on Edit Profile page" classname="| abcd^&amp;#$% |" time="0">
    <skipped/>
    <system-out><![CDATA[
  Background:                                                                   &amp#27;[90m# features/UpdateTeacher.feature:4&amp#27;[0m
    &amp#27;[32mGiven &amp#27;[0m&amp#27;[32mUser open the website GuruMu&amp#27;[0m                                          &amp#27;[90m# LoginSteps.userOpenTheWebsiteGuruMu()&amp#27;[0m
    &amp#27;[32mWhen &amp#27;[0m&amp#27;[32mUser click avatar navigation&amp#27;[0m                                           &amp#27;[90m# LoginSteps.userClickAvatarNavigation()&amp#27;[0m
    &amp#27;[32mAnd &amp#27;[0m&amp#27;[32mUser click menu Masuk&amp#27;[0m                                                   &amp#27;[90m# LoginSteps.userClickMenuMasuk()&amp#27;[0m
    &amp#27;[32mAnd &amp#27;[0m&amp#27;[32mUser input "&amp#27;[0m&amp#27;[32m&amp#27;[1mzulfeekei@gmail.com&amp#27;[0m&amp#27;[32m" as email and input "&amp#27;[0m&amp#27;[32m&amp#27;[1mbe123&amp#27;[0m&amp#27;[32m" as password&amp#27;[0m &amp#27;[90m# LoginSteps.inputCredential(String,String)&amp#27;[0m
    &amp#27;[32mAnd &amp#27;[0m&amp#27;[32mUser clicked masuk button&amp#27;[0m                                               &amp#27;[90m# LoginSteps.userClickMasukButton()&amp#27;[0m
    &amp#27;[31mWhen &amp#27;[0m&amp#27;[31mUser move to Profile Page&amp#27;[0m                                              &amp#27;[90m# PenilaianUlasanSteps.userMoveToProfilePage()&amp#27;[0m
      &amp#27;[31morg.openqa.selenium.UnhandledAlertException: unexpected alert open: {Alert text : data not found}
        (Session info: chrome=110.0.5481.100): data not found
      Build info: version: '4.1.2', revision: '9a5a329c5a'
      System info: host: 'nsystem-mbp', ip: 'fe80:0:0:0:ce7:beec:a50b:8367%en0', os.name: 'Mac OS X', os.arch: 'x86_64', os.version: '10.16', java.version: '1.8.0_201'
      Driver info: org.openqa.selenium.chrome.ChromeDriver
      Command: [41c487c1f25e8e6f5ffbbe7d44bf0703, findElement {using=xpath, value=//h2[@class='swal2-title']}]
      Capabilities {acceptInsecureCerts: false, browserName: chrome, browserVersion: 110.0.5481.100, chrome: {chromedriverVersion: 110.0.5481.77 (65ed616c6e8e..., userDataDir: /var/folders/00/xzw63_pj58g...}, goog:chromeOptions: {debuggerAddress: localhost:50890}, javascriptEnabled: true, networkConnectionEnabled: false, pageLoadStrategy: normal, platform: MAC, platformName: MAC, proxy: Proxy(), se:cdp: ws://localhost:50890/devtoo..., se:cdpVersion: 110.0.5481.100, setWindowRect: true, strictFileInteractability: false, timeouts: {implicit: 0, pageLoad: 300000, script: 30000}, unhandledPromptBehavior: dismiss and notify, webauthn:extension:credBlob: true, webauthn:extension:largeBlob: true, webauthn:virtualAuthenticators: true}
      Session ID: 41c487c1f25e8e6f5ffbbe7d44bf0703
      	at org.openqa.selenium.remote.codec.w3c.W3CHttpResponseCodec.decode(W3CHttpResponseCodec.java:131)
      	at org.openqa.selenium.remote.codec.w3c.W3CHttpResponseCodec.decode(W3CHttpResponseCodec.java:53)
      	at org.openqa.selenium.remote.HttpCommandExecutor.execute(HttpCommandExecutor.java:184)
      	at org.openqa.selenium.remote.service.DriverCommandExecutor.invokeExecute(DriverCommandExecutor.java:167)
      	at org.openqa.selenium.remote.service.DriverCommandExecutor.execute(DriverCommandExecutor.java:142)
      	at org.openqa.selenium.remote.RemoteWebDriver.execute(RemoteWebDriver.java:558)
      	at org.openqa.selenium.remote.ElementLocation$ElementFinder$2.findElement(ElementLocation.java:162)
      	at org.openqa.selenium.remote.ElementLocation.findElement(ElementLocation.java:60)
      	at org.openqa.selenium.remote.RemoteWebDriver.findElement(RemoteWebDriver.java:382)
      	at org.openqa.selenium.remote.RemoteWebDriver.findElement(RemoteWebDriver.java:374)
      	at org.openqa.selenium.support.pagefactory.DefaultElementLocator.findElement(DefaultElementLocator.java:70)
      	at org.openqa.selenium.support.pagefactory.internal.LocatingElementHandler.invoke(LocatingElementHandler.java:39)
      	at com.sun.proxy.$Proxy21.isDisplayed(Unknown Source)
      	at org.example.pageObject.BerandaPage.successMessageIsDisplayed(BerandaPage.java:169)
      	at step_definitions.PenilaianUlasanSteps.userMoveToProfilePage(PenilaianUlasanSteps.java:163)
      	at ✽.When User move to Profile Page(features/UpdateTeacher.feature:10)
      &amp#27;[0m
    &amp#27;[36mAnd &amp#27;[0m&amp#27;[36mUser move to edit profile&amp#27;[0m                                               &amp#27;[90m# UpdateTeacherSteps.userMoveToEditProfile()&amp#27;[0m
]]></system-out>
  </testcase>
  <testcase name="When Teacher click &apos;Tarif / Jam&apos; field" classname="| abcd^&amp;#$% |" time="0">
    <skipped/>
  </testcase>
  <testcase name="Then Teacher input with character and special character like &quot;abcd^&amp;#$%&quot; in &apos;Tarif / Jam&apos; field" classname="| abcd^&amp;#$% |" time="0">
    <skipped/>
  </testcase>
  <testcase name="Given User open the website GuruMu" classname="| 1000000000000 |" time="0">
    <system-out><![CDATA[
  @TestUpdateTeacher @Test
  Scenario Outline: Input Field with Character and Special Character in 'Tarif / Jam' field         &amp#27;[90m# features/UpdateTeacher.feature:56&amp#27;[0m
    &amp#27;[36mGiven &amp#27;[0m&amp#27;[36mTeacher already on Edit Profile page&amp#27;[0m                                                      &amp#27;[90m# UpdateTeacherSteps.teacherAlreadyOnEditProfilePage()&amp#27;[0m
    &amp#27;[36mWhen &amp#27;[0m&amp#27;[36mTeacher click 'Tarif / Jam' field&amp#27;[0m                                                          &amp#27;[90m# UpdateTeacherSteps.teacherClickTarifJamField()&amp#27;[0m
    &amp#27;[36mThen &amp#27;[0m&amp#27;[36mTeacher input with character and special character like "&amp#27;[0m&amp#27;[36m&amp#27;[1mabcd^&#$%&amp#27;[0m&amp#27;[36m" in 'Tarif / Jam' field&amp#27;[0m &amp#27;[90m# UpdateTeacherSteps.teacherInputWithCharacterAndSpecialCharacterLikeInTarifJamField(String)&amp#27;[0m

  Scenario Outline: Input Field with Over Limit Tarif in 'Tarif / Jam' field       &amp#27;[90m# features/UpdateTeacher.feature:58&amp#27;[0m
    &amp#27;[36mGiven &amp#27;[0m&amp#27;[36mTeacher already on Edit Profile page&amp#27;[0m
    &amp#27;[36mWhen &amp#27;[0m&amp#27;[36mTeacher click 'Tarif / Jam' field&amp#27;[0m
    &amp#27;[36mThen &amp#27;[0m&amp#27;[36mTeacher input with over limit tarif like "<tarif>" in 'Tarif / Jam' field&amp#27;[0m

    Examples: 
]]></system-out>
    <system-err><![CDATA[Starting ChromeDriver 110.0.5481.77 (65ed616c6e8ee3fe0ad64fe83796c020644d42af-refs/branch-heads/5481@{#839}) on port 54332
Only local connections are allowed.
Please see https://chromedriver.chromium.org/security-considerations for suggestions on keeping ChromeDriver safe.
ChromeDriver was started successfully.
[1676554442.602][WARNING]: virtual void DevToolsClientImpl::AddListener(DevToolsEventListener *) subscribing a listener to the already connected DevToolsClient. Connection notification will not arrive.
Feb 16, 2023 8:34:02 PM org.openqa.selenium.remote.ProtocolHandshake createSession
INFO: Detected dialect: W3C
Feb 16, 2023 8:34:02 PM org.openqa.selenium.devtools.CdpVersionFinder findNearestMatch
WARNING: Unable to find an exact match for CDP version 110, so returning the closest version found: a no-op implementation
Feb 16, 2023 8:34:02 PM org.openqa.selenium.devtools.CdpVersionFinder findNearestMatch
INFO: Unable to find CDP implementation matching 110.
Feb 16, 2023 8:34:02 PM org.openqa.selenium.chromium.ChromiumDriver lambda$new$3
WARNING: Unable to find version of CDP to use for . You may need to include a dependency on a specific version of the CDP using something similar to `org.seleniumhq.selenium:selenium-devtools-v86:4.1.2` where the version ("v86") matches the version of the chromium-based browser you're using and the version number of the artifact is the same as Selenium's.
]]></system-err>
  </testcase>
  <testcase name="When User click avatar navigation" classname="| 1000000000000 |" time="0"/>
  <testcase name="And User click menu Masuk" classname="| 1000000000000 |" time="0"/>
  <testcase name="And User input &quot;zulfeekei@gmail.com&quot; as email and input &quot;be123&quot; as password" classname="| 1000000000000 |" time="0"/>
  <testcase name="And User clicked masuk button" classname="| 1000000000000 |" time="0"/>
  <testcase name="When User move to Profile Page" classname="| 1000000000000 |" time="0.003">
    <error message="unexpected alert open: {Alert text : data not found}&#10;  (Session info: chrome=110.0.5481.100): data not found&#10;Build info: version: &apos;4.1.2&apos;, revision: &apos;9a5a329c5a&apos;&#10;System info: host: &apos;nsystem-mbp&apos;, ip: &apos;fe80:0:0:0:ce7:beec:a50b:8367%en0&apos;, os.name: &apos;Mac OS X&apos;, os.arch: &apos;x86_64&apos;, os.version: &apos;10.16&apos;, java.version: &apos;1.8.0_201&apos;&#10;Driver info: org.openqa.selenium.chrome.ChromeDriver&#10;Command: [e6f787114603393dd23462ddb3101ed6, findElement {using=xpath, value=//h2[@class=&apos;swal2-title&apos;]}]&#10;Capabilities {acceptInsecureCerts: false, browserName: chrome, browserVersion: 110.0.5481.100, chrome: {chromedriverVersion: 110.0.5481.77 (65ed616c6e8e..., userDataDir: /var/folders/00/xzw63_pj58g...}, goog:chromeOptions: {debuggerAddress: localhost:50914}, javascriptEnabled: true, networkConnectionEnabled: false, pageLoadStrategy: normal, platform: MAC, platformName: MAC, proxy: Proxy(), se:cdp: ws://localhost:50914/devtoo..., se:cdpVersion: 110.0.5481.100, setWindowRect: true, strictFileInteractability: false, timeouts: {implicit: 0, pageLoad: 300000, script: 30000}, unhandledPromptBehavior: dismiss and notify, webauthn:extension:credBlob: true, webauthn:extension:largeBlob: true, webauthn:virtualAuthenticators: true}&#10;Session ID: e6f787114603393dd23462ddb3101ed6" type="org.openqa.selenium.UnhandledAlertException"><![CDATA[org.openqa.selenium.UnhandledAlertException: 
unexpected alert open: {Alert text : data not found}
  (Session info: chrome=110.0.5481.100): data not found
Build info: version: '4.1.2', revision: '9a5a329c5a'
System info: host: 'nsystem-mbp', ip: 'fe80:0:0:0:ce7:beec:a50b:8367%en0', os.name: 'Mac OS X', os.arch: 'x86_64', os.version: '10.16', java.version: '1.8.0_201'
Driver info: org.openqa.selenium.chrome.ChromeDriver
Command: [e6f787114603393dd23462ddb3101ed6, findElement {using=xpath, value=//h2[@class='swal2-title']}]
Capabilities {acceptInsecureCerts: false, browserName: chrome, browserVersion: 110.0.5481.100, chrome: {chromedriverVersion: 110.0.5481.77 (65ed616c6e8e..., userDataDir: /var/folders/00/xzw63_pj58g...}, goog:chromeOptions: {debuggerAddress: localhost:50914}, javascriptEnabled: true, networkConnectionEnabled: false, pageLoadStrategy: normal, platform: MAC, platformName: MAC, proxy: Proxy(), se:cdp: ws://localhost:50914/devtoo..., se:cdpVersion: 110.0.5481.100, setWindowRect: true, strictFileInteractability: false, timeouts: {implicit: 0, pageLoad: 300000, script: 30000}, unhandledPromptBehavior: dismiss and notify, webauthn:extension:credBlob: true, webauthn:extension:largeBlob: true, webauthn:virtualAuthenticators: true}
Session ID: e6f787114603393dd23462ddb3101ed6
]]></error>
  </testcase>
  <testcase name="" classname="| 1000000000000 |" time="0.003">
    <error message="unexpected alert open: {Alert text : data not found}&#10;  (Session info: chrome=110.0.5481.100): data not found&#10;Build info: version: &apos;4.1.2&apos;, revision: &apos;9a5a329c5a&apos;&#10;System info: host: &apos;nsystem-mbp&apos;, ip: &apos;fe80:0:0:0:ce7:beec:a50b:8367%en0&apos;, os.name: &apos;Mac OS X&apos;, os.arch: &apos;x86_64&apos;, os.version: &apos;10.16&apos;, java.version: &apos;1.8.0_201&apos;&#10;Driver info: org.openqa.selenium.chrome.ChromeDriver&#10;Command: [e6f787114603393dd23462ddb3101ed6, findElement {using=xpath, value=//h2[@class=&apos;swal2-title&apos;]}]&#10;Capabilities {acceptInsecureCerts: false, browserName: chrome, browserVersion: 110.0.5481.100, chrome: {chromedriverVersion: 110.0.5481.77 (65ed616c6e8e..., userDataDir: /var/folders/00/xzw63_pj58g...}, goog:chromeOptions: {debuggerAddress: localhost:50914}, javascriptEnabled: true, networkConnectionEnabled: false, pageLoadStrategy: normal, platform: MAC, platformName: MAC, proxy: Proxy(), se:cdp: ws://localhost:50914/devtoo..., se:cdpVersion: 110.0.5481.100, setWindowRect: true, strictFileInteractability: false, timeouts: {implicit: 0, pageLoad: 300000, script: 30000}, unhandledPromptBehavior: dismiss and notify, webauthn:extension:credBlob: true, webauthn:extension:largeBlob: true, webauthn:virtualAuthenticators: true}&#10;Session ID: e6f787114603393dd23462ddb3101ed6" type="org.openqa.selenium.UnhandledAlertException"><![CDATA[org.openqa.selenium.UnhandledAlertException: 
unexpected alert open: {Alert text : data not found}
  (Session info: chrome=110.0.5481.100): data not found
Build info: version: '4.1.2', revision: '9a5a329c5a'
System info: host: 'nsystem-mbp', ip: 'fe80:0:0:0:ce7:beec:a50b:8367%en0', os.name: 'Mac OS X', os.arch: 'x86_64', os.version: '10.16', java.version: '1.8.0_201'
Driver info: org.openqa.selenium.chrome.ChromeDriver
Command: [e6f787114603393dd23462ddb3101ed6, findElement {using=xpath, value=//h2[@class='swal2-title']}]
Capabilities {acceptInsecureCerts: false, browserName: chrome, browserVersion: 110.0.5481.100, chrome: {chromedriverVersion: 110.0.5481.77 (65ed616c6e8e..., userDataDir: /var/folders/00/xzw63_pj58g...}, goog:chromeOptions: {debuggerAddress: localhost:50914}, javascriptEnabled: true, networkConnectionEnabled: false, pageLoadStrategy: normal, platform: MAC, platformName: MAC, proxy: Proxy(), se:cdp: ws://localhost:50914/devtoo..., se:cdpVersion: 110.0.5481.100, setWindowRect: true, strictFileInteractability: false, timeouts: {implicit: 0, pageLoad: 300000, script: 30000}, unhandledPromptBehavior: dismiss and notify, webauthn:extension:credBlob: true, webauthn:extension:largeBlob: true, webauthn:virtualAuthenticators: true}
Session ID: e6f787114603393dd23462ddb3101ed6
]]></error>
  </testcase>
  <testcase name="And User move to edit profile" classname="| 1000000000000 |" time="0">
    <skipped/>
  </testcase>
  <testcase name="Given Teacher already on Edit Profile page" classname="| 1000000000000 |" time="0">
    <skipped/>
    <system-out><![CDATA[
  Background:                                                                   &amp#27;[90m# features/UpdateTeacher.feature:4&amp#27;[0m
    &amp#27;[32mGiven &amp#27;[0m&amp#27;[32mUser open the website GuruMu&amp#27;[0m                                          &amp#27;[90m# LoginSteps.userOpenTheWebsiteGuruMu()&amp#27;[0m
    &amp#27;[32mWhen &amp#27;[0m&amp#27;[32mUser click avatar navigation&amp#27;[0m                                           &amp#27;[90m# LoginSteps.userClickAvatarNavigation()&amp#27;[0m
    &amp#27;[32mAnd &amp#27;[0m&amp#27;[32mUser click menu Masuk&amp#27;[0m                                                   &amp#27;[90m# LoginSteps.userClickMenuMasuk()&amp#27;[0m
    &amp#27;[32mAnd &amp#27;[0m&amp#27;[32mUser input "&amp#27;[0m&amp#27;[32m&amp#27;[1mzulfeekei@gmail.com&amp#27;[0m&amp#27;[32m" as email and input "&amp#27;[0m&amp#27;[32m&amp#27;[1mbe123&amp#27;[0m&amp#27;[32m" as password&amp#27;[0m &amp#27;[90m# LoginSteps.inputCredential(String,String)&amp#27;[0m
    &amp#27;[32mAnd &amp#27;[0m&amp#27;[32mUser clicked masuk button&amp#27;[0m                                               &amp#27;[90m# LoginSteps.userClickMasukButton()&amp#27;[0m
    &amp#27;[31mWhen &amp#27;[0m&amp#27;[31mUser move to Profile Page&amp#27;[0m                                              &amp#27;[90m# PenilaianUlasanSteps.userMoveToProfilePage()&amp#27;[0m
      &amp#27;[31morg.openqa.selenium.UnhandledAlertException: unexpected alert open: {Alert text : data not found}
        (Session info: chrome=110.0.5481.100): data not found
      Build info: version: '4.1.2', revision: '9a5a329c5a'
      System info: host: 'nsystem-mbp', ip: 'fe80:0:0:0:ce7:beec:a50b:8367%en0', os.name: 'Mac OS X', os.arch: 'x86_64', os.version: '10.16', java.version: '1.8.0_201'
      Driver info: org.openqa.selenium.chrome.ChromeDriver
      Command: [e6f787114603393dd23462ddb3101ed6, findElement {using=xpath, value=//h2[@class='swal2-title']}]
      Capabilities {acceptInsecureCerts: false, browserName: chrome, browserVersion: 110.0.5481.100, chrome: {chromedriverVersion: 110.0.5481.77 (65ed616c6e8e..., userDataDir: /var/folders/00/xzw63_pj58g...}, goog:chromeOptions: {debuggerAddress: localhost:50914}, javascriptEnabled: true, networkConnectionEnabled: false, pageLoadStrategy: normal, platform: MAC, platformName: MAC, proxy: Proxy(), se:cdp: ws://localhost:50914/devtoo..., se:cdpVersion: 110.0.5481.100, setWindowRect: true, strictFileInteractability: false, timeouts: {implicit: 0, pageLoad: 300000, script: 30000}, unhandledPromptBehavior: dismiss and notify, webauthn:extension:credBlob: true, webauthn:extension:largeBlob: true, webauthn:virtualAuthenticators: true}
      Session ID: e6f787114603393dd23462ddb3101ed6
      	at org.openqa.selenium.remote.codec.w3c.W3CHttpResponseCodec.decode(W3CHttpResponseCodec.java:131)
      	at org.openqa.selenium.remote.codec.w3c.W3CHttpResponseCodec.decode(W3CHttpResponseCodec.java:53)
      	at org.openqa.selenium.remote.HttpCommandExecutor.execute(HttpCommandExecutor.java:184)
      	at org.openqa.selenium.remote.service.DriverCommandExecutor.invokeExecute(DriverCommandExecutor.java:167)
      	at org.openqa.selenium.remote.service.DriverCommandExecutor.execute(DriverCommandExecutor.java:142)
      	at org.openqa.selenium.remote.RemoteWebDriver.execute(RemoteWebDriver.java:558)
      	at org.openqa.selenium.remote.ElementLocation$ElementFinder$2.findElement(ElementLocation.java:162)
      	at org.openqa.selenium.remote.ElementLocation.findElement(ElementLocation.java:60)
      	at org.openqa.selenium.remote.RemoteWebDriver.findElement(RemoteWebDriver.java:382)
      	at org.openqa.selenium.remote.RemoteWebDriver.findElement(RemoteWebDriver.java:374)
      	at org.openqa.selenium.support.pagefactory.DefaultElementLocator.findElement(DefaultElementLocator.java:70)
      	at org.openqa.selenium.support.pagefactory.internal.LocatingElementHandler.invoke(LocatingElementHandler.java:39)
      	at com.sun.proxy.$Proxy21.isDisplayed(Unknown Source)
      	at org.example.pageObject.BerandaPage.successMessageIsDisplayed(BerandaPage.java:169)
      	at step_definitions.PenilaianUlasanSteps.userMoveToProfilePage(PenilaianUlasanSteps.java:163)
      	at ✽.When User move to Profile Page(features/UpdateTeacher.feature:10)
      &amp#27;[0m
    &amp#27;[36mAnd &amp#27;[0m&amp#27;[36mUser move to edit profile&amp#27;[0m                                               &amp#27;[90m# UpdateTeacherSteps.userMoveToEditProfile()&amp#27;[0m
]]></system-out>
  </testcase>
  <testcase name="When Teacher click &apos;Tarif / Jam&apos; field" classname="| 1000000000000 |" time="0">
    <skipped/>
  </testcase>
  <testcase name="Then Teacher input with over limit tarif like &quot;1000000000000&quot; in &apos;Tarif / Jam&apos; field" classname="| 1000000000000 |" time="0">
    <skipped/>
  </testcase>
  <testcase name="Given User open the website GuruMu" classname="Scenario: Verify &apos;Spesialis Mata Pelajaran&apos; field is enabled" time="0">
    <system-out><![CDATA[
  @TestUpdateTeacher @Test
  Scenario Outline: Input Field with Over Limit Tarif in 'Tarif / Jam' field             &amp#27;[90m# features/UpdateTeacher.feature:64&amp#27;[0m
    &amp#27;[36mGiven &amp#27;[0m&amp#27;[36mTeacher already on Edit Profile page&amp#27;[0m                                           &amp#27;[90m# UpdateTeacherSteps.teacherAlreadyOnEditProfilePage()&amp#27;[0m
    &amp#27;[36mWhen &amp#27;[0m&amp#27;[36mTeacher click 'Tarif / Jam' field&amp#27;[0m                                               &amp#27;[90m# UpdateTeacherSteps.teacherClickTarifJamField()&amp#27;[0m
    &amp#27;[36mThen &amp#27;[0m&amp#27;[36mTeacher input with over limit tarif like "&amp#27;[0m&amp#27;[36m&amp#27;[1m1000000000000&amp#27;[0m&amp#27;[36m" in 'Tarif / Jam' field&amp#27;[0m &amp#27;[90m# UpdateTeacherSteps.teacherInputWithOverLimitTarifLikeInTarifJamField(String)&amp#27;[0m
]]></system-out>
    <system-err><![CDATA[Starting ChromeDriver 110.0.5481.77 (65ed616c6e8ee3fe0ad64fe83796c020644d42af-refs/branch-heads/5481@{#839}) on port 64306
Only local connections are allowed.
Please see https://chromedriver.chromium.org/security-considerations for suggestions on keeping ChromeDriver safe.
ChromeDriver was started successfully.
[1676554468.757][WARNING]: virtual void DevToolsClientImpl::AddListener(DevToolsEventListener *) subscribing a listener to the already connected DevToolsClient. Connection notification will not arrive.
Feb 16, 2023 8:34:28 PM org.openqa.selenium.remote.ProtocolHandshake createSession
INFO: Detected dialect: W3C
Feb 16, 2023 8:34:29 PM org.openqa.selenium.devtools.CdpVersionFinder findNearestMatch
WARNING: Unable to find an exact match for CDP version 110, so returning the closest version found: a no-op implementation
Feb 16, 2023 8:34:29 PM org.openqa.selenium.devtools.CdpVersionFinder findNearestMatch
INFO: Unable to find CDP implementation matching 110.
Feb 16, 2023 8:34:29 PM org.openqa.selenium.chromium.ChromiumDriver lambda$new$3
WARNING: Unable to find version of CDP to use for . You may need to include a dependency on a specific version of the CDP using something similar to `org.seleniumhq.selenium:selenium-devtools-v86:4.1.2` where the version ("v86") matches the version of the chromium-based browser you're using and the version number of the artifact is the same as Selenium's.
]]></system-err>
  </testcase>
  <testcase name="When User click avatar navigation" classname="Scenario: Verify &apos;Spesialis Mata Pelajaran&apos; field is enabled" time="0"/>
  <testcase name="And User click menu Masuk" classname="Scenario: Verify &apos;Spesialis Mata Pelajaran&apos; field is enabled" time="0"/>
  <testcase name="And User input &quot;zulfeekei@gmail.com&quot; as email and input &quot;be123&quot; as password" classname="Scenario: Verify &apos;Spesialis Mata Pelajaran&apos; field is enabled" time="0"/>
  <testcase name="And User clicked masuk button" classname="Scenario: Verify &apos;Spesialis Mata Pelajaran&apos; field is enabled" time="0"/>
  <testcase name="When User move to Profile Page" classname="Scenario: Verify &apos;Spesialis Mata Pelajaran&apos; field is enabled" time="0.004">
    <error message="unexpected alert open: {Alert text : data not found}&#10;  (Session info: chrome=110.0.5481.100): data not found&#10;Build info: version: &apos;4.1.2&apos;, revision: &apos;9a5a329c5a&apos;&#10;System info: host: &apos;nsystem-mbp&apos;, ip: &apos;fe80:0:0:0:ce7:beec:a50b:8367%en0&apos;, os.name: &apos;Mac OS X&apos;, os.arch: &apos;x86_64&apos;, os.version: &apos;10.16&apos;, java.version: &apos;1.8.0_201&apos;&#10;Driver info: org.openqa.selenium.chrome.ChromeDriver&#10;Command: [2690b32dda5d14a062d61b9161431b50, findElement {using=xpath, value=//h2[@class=&apos;swal2-title&apos;]}]&#10;Capabilities {acceptInsecureCerts: false, browserName: chrome, browserVersion: 110.0.5481.100, chrome: {chromedriverVersion: 110.0.5481.77 (65ed616c6e8e..., userDataDir: /var/folders/00/xzw63_pj58g...}, goog:chromeOptions: {debuggerAddress: localhost:50937}, javascriptEnabled: true, networkConnectionEnabled: false, pageLoadStrategy: normal, platform: MAC, platformName: MAC, proxy: Proxy(), se:cdp: ws://localhost:50937/devtoo..., se:cdpVersion: 110.0.5481.100, setWindowRect: true, strictFileInteractability: false, timeouts: {implicit: 0, pageLoad: 300000, script: 30000}, unhandledPromptBehavior: dismiss and notify, webauthn:extension:credBlob: true, webauthn:extension:largeBlob: true, webauthn:virtualAuthenticators: true}&#10;Session ID: 2690b32dda5d14a062d61b9161431b50" type="org.openqa.selenium.UnhandledAlertException"><![CDATA[org.openqa.selenium.UnhandledAlertException: 
unexpected alert open: {Alert text : data not found}
  (Session info: chrome=110.0.5481.100): data not found
Build info: version: '4.1.2', revision: '9a5a329c5a'
System info: host: 'nsystem-mbp', ip: 'fe80:0:0:0:ce7:beec:a50b:8367%en0', os.name: 'Mac OS X', os.arch: 'x86_64', os.version: '10.16', java.version: '1.8.0_201'
Driver info: org.openqa.selenium.chrome.ChromeDriver
Command: [2690b32dda5d14a062d61b9161431b50, findElement {using=xpath, value=//h2[@class='swal2-title']}]
Capabilities {acceptInsecureCerts: false, browserName: chrome, browserVersion: 110.0.5481.100, chrome: {chromedriverVersion: 110.0.5481.77 (65ed616c6e8e..., userDataDir: /var/folders/00/xzw63_pj58g...}, goog:chromeOptions: {debuggerAddress: localhost:50937}, javascriptEnabled: true, networkConnectionEnabled: false, pageLoadStrategy: normal, platform: MAC, platformName: MAC, proxy: Proxy(), se:cdp: ws://localhost:50937/devtoo..., se:cdpVersion: 110.0.5481.100, setWindowRect: true, strictFileInteractability: false, timeouts: {implicit: 0, pageLoad: 300000, script: 30000}, unhandledPromptBehavior: dismiss and notify, webauthn:extension:credBlob: true, webauthn:extension:largeBlob: true, webauthn:virtualAuthenticators: true}
Session ID: 2690b32dda5d14a062d61b9161431b50
]]></error>
  </testcase>
  <testcase name="" classname="Scenario: Verify &apos;Spesialis Mata Pelajaran&apos; field is enabled" time="0.004">
    <error message="unexpected alert open: {Alert text : data not found}&#10;  (Session info: chrome=110.0.5481.100): data not found&#10;Build info: version: &apos;4.1.2&apos;, revision: &apos;9a5a329c5a&apos;&#10;System info: host: &apos;nsystem-mbp&apos;, ip: &apos;fe80:0:0:0:ce7:beec:a50b:8367%en0&apos;, os.name: &apos;Mac OS X&apos;, os.arch: &apos;x86_64&apos;, os.version: &apos;10.16&apos;, java.version: &apos;1.8.0_201&apos;&#10;Driver info: org.openqa.selenium.chrome.ChromeDriver&#10;Command: [2690b32dda5d14a062d61b9161431b50, findElement {using=xpath, value=//h2[@class=&apos;swal2-title&apos;]}]&#10;Capabilities {acceptInsecureCerts: false, browserName: chrome, browserVersion: 110.0.5481.100, chrome: {chromedriverVersion: 110.0.5481.77 (65ed616c6e8e..., userDataDir: /var/folders/00/xzw63_pj58g...}, goog:chromeOptions: {debuggerAddress: localhost:50937}, javascriptEnabled: true, networkConnectionEnabled: false, pageLoadStrategy: normal, platform: MAC, platformName: MAC, proxy: Proxy(), se:cdp: ws://localhost:50937/devtoo..., se:cdpVersion: 110.0.5481.100, setWindowRect: true, strictFileInteractability: false, timeouts: {implicit: 0, pageLoad: 300000, script: 30000}, unhandledPromptBehavior: dismiss and notify, webauthn:extension:credBlob: true, webauthn:extension:largeBlob: true, webauthn:virtualAuthenticators: true}&#10;Session ID: 2690b32dda5d14a062d61b9161431b50" type="org.openqa.selenium.UnhandledAlertException"><![CDATA[org.openqa.selenium.UnhandledAlertException: 
unexpected alert open: {Alert text : data not found}
  (Session info: chrome=110.0.5481.100): data not found
Build info: version: '4.1.2', revision: '9a5a329c5a'
System info: host: 'nsystem-mbp', ip: 'fe80:0:0:0:ce7:beec:a50b:8367%en0', os.name: 'Mac OS X', os.arch: 'x86_64', os.version: '10.16', java.version: '1.8.0_201'
Driver info: org.openqa.selenium.chrome.ChromeDriver
Command: [2690b32dda5d14a062d61b9161431b50, findElement {using=xpath, value=//h2[@class='swal2-title']}]
Capabilities {acceptInsecureCerts: false, browserName: chrome, browserVersion: 110.0.5481.100, chrome: {chromedriverVersion: 110.0.5481.77 (65ed616c6e8e..., userDataDir: /var/folders/00/xzw63_pj58g...}, goog:chromeOptions: {debuggerAddress: localhost:50937}, javascriptEnabled: true, networkConnectionEnabled: false, pageLoadStrategy: normal, platform: MAC, platformName: MAC, proxy: Proxy(), se:cdp: ws://localhost:50937/devtoo..., se:cdpVersion: 110.0.5481.100, setWindowRect: true, strictFileInteractability: false, timeouts: {implicit: 0, pageLoad: 300000, script: 30000}, unhandledPromptBehavior: dismiss and notify, webauthn:extension:credBlob: true, webauthn:extension:largeBlob: true, webauthn:virtualAuthenticators: true}
Session ID: 2690b32dda5d14a062d61b9161431b50
]]></error>
  </testcase>
  <testcase name="And User move to edit profile" classname="Scenario: Verify &apos;Spesialis Mata Pelajaran&apos; field is enabled" time="0">
    <skipped/>
  </testcase>
  <testcase name="Given Teacher already on Edit Profile page" classname="Scenario: Verify &apos;Spesialis Mata Pelajaran&apos; field is enabled" time="0">
    <skipped/>
    <system-out><![CDATA[
  Background:                                                                   &amp#27;[90m# features/UpdateTeacher.feature:4&amp#27;[0m
    &amp#27;[32mGiven &amp#27;[0m&amp#27;[32mUser open the website GuruMu&amp#27;[0m                                          &amp#27;[90m# LoginSteps.userOpenTheWebsiteGuruMu()&amp#27;[0m
    &amp#27;[32mWhen &amp#27;[0m&amp#27;[32mUser click avatar navigation&amp#27;[0m                                           &amp#27;[90m# LoginSteps.userClickAvatarNavigation()&amp#27;[0m
    &amp#27;[32mAnd &amp#27;[0m&amp#27;[32mUser click menu Masuk&amp#27;[0m                                                   &amp#27;[90m# LoginSteps.userClickMenuMasuk()&amp#27;[0m
    &amp#27;[32mAnd &amp#27;[0m&amp#27;[32mUser input "&amp#27;[0m&amp#27;[32m&amp#27;[1mzulfeekei@gmail.com&amp#27;[0m&amp#27;[32m" as email and input "&amp#27;[0m&amp#27;[32m&amp#27;[1mbe123&amp#27;[0m&amp#27;[32m" as password&amp#27;[0m &amp#27;[90m# LoginSteps.inputCredential(String,String)&amp#27;[0m
    &amp#27;[32mAnd &amp#27;[0m&amp#27;[32mUser clicked masuk button&amp#27;[0m                                               &amp#27;[90m# LoginSteps.userClickMasukButton()&amp#27;[0m
    &amp#27;[31mWhen &amp#27;[0m&amp#27;[31mUser move to Profile Page&amp#27;[0m                                              &amp#27;[90m# PenilaianUlasanSteps.userMoveToProfilePage()&amp#27;[0m
      &amp#27;[31morg.openqa.selenium.UnhandledAlertException: unexpected alert open: {Alert text : data not found}
        (Session info: chrome=110.0.5481.100): data not found
      Build info: version: '4.1.2', revision: '9a5a329c5a'
      System info: host: 'nsystem-mbp', ip: 'fe80:0:0:0:ce7:beec:a50b:8367%en0', os.name: 'Mac OS X', os.arch: 'x86_64', os.version: '10.16', java.version: '1.8.0_201'
      Driver info: org.openqa.selenium.chrome.ChromeDriver
      Command: [2690b32dda5d14a062d61b9161431b50, findElement {using=xpath, value=//h2[@class='swal2-title']}]
      Capabilities {acceptInsecureCerts: false, browserName: chrome, browserVersion: 110.0.5481.100, chrome: {chromedriverVersion: 110.0.5481.77 (65ed616c6e8e..., userDataDir: /var/folders/00/xzw63_pj58g...}, goog:chromeOptions: {debuggerAddress: localhost:50937}, javascriptEnabled: true, networkConnectionEnabled: false, pageLoadStrategy: normal, platform: MAC, platformName: MAC, proxy: Proxy(), se:cdp: ws://localhost:50937/devtoo..., se:cdpVersion: 110.0.5481.100, setWindowRect: true, strictFileInteractability: false, timeouts: {implicit: 0, pageLoad: 300000, script: 30000}, unhandledPromptBehavior: dismiss and notify, webauthn:extension:credBlob: true, webauthn:extension:largeBlob: true, webauthn:virtualAuthenticators: true}
      Session ID: 2690b32dda5d14a062d61b9161431b50
      	at org.openqa.selenium.remote.codec.w3c.W3CHttpResponseCodec.decode(W3CHttpResponseCodec.java:131)
      	at org.openqa.selenium.remote.codec.w3c.W3CHttpResponseCodec.decode(W3CHttpResponseCodec.java:53)
      	at org.openqa.selenium.remote.HttpCommandExecutor.execute(HttpCommandExecutor.java:184)
      	at org.openqa.selenium.remote.service.DriverCommandExecutor.invokeExecute(DriverCommandExecutor.java:167)
      	at org.openqa.selenium.remote.service.DriverCommandExecutor.execute(DriverCommandExecutor.java:142)
      	at org.openqa.selenium.remote.RemoteWebDriver.execute(RemoteWebDriver.java:558)
      	at org.openqa.selenium.remote.ElementLocation$ElementFinder$2.findElement(ElementLocation.java:162)
      	at org.openqa.selenium.remote.ElementLocation.findElement(ElementLocation.java:60)
      	at org.openqa.selenium.remote.RemoteWebDriver.findElement(RemoteWebDriver.java:382)
      	at org.openqa.selenium.remote.RemoteWebDriver.findElement(RemoteWebDriver.java:374)
      	at org.openqa.selenium.support.pagefactory.DefaultElementLocator.findElement(DefaultElementLocator.java:70)
      	at org.openqa.selenium.support.pagefactory.internal.LocatingElementHandler.invoke(LocatingElementHandler.java:39)
      	at com.sun.proxy.$Proxy21.isDisplayed(Unknown Source)
      	at org.example.pageObject.BerandaPage.successMessageIsDisplayed(BerandaPage.java:169)
      	at step_definitions.PenilaianUlasanSteps.userMoveToProfilePage(PenilaianUlasanSteps.java:163)
      	at ✽.When User move to Profile Page(features/UpdateTeacher.feature:10)
      &amp#27;[0m
    &amp#27;[36mAnd &amp#27;[0m&amp#27;[36mUser move to edit profile&amp#27;[0m                                               &amp#27;[90m# UpdateTeacherSteps.userMoveToEditProfile()&amp#27;[0m
]]></system-out>
  </testcase>
  <testcase name="When Teacher click &apos;Spesialis Mata Pelajaran&apos; field" classname="Scenario: Verify &apos;Spesialis Mata Pelajaran&apos; field is enabled" time="0">
    <skipped/>
  </testcase>
  <testcase name="Then &apos;Spesialis Mata Pelajaran&apos; field is enabled" classname="Scenario: Verify &apos;Spesialis Mata Pelajaran&apos; field is enabled" time="0">
    <skipped/>
  </testcase>
  <testcase name="And Show Dropdown list" classname="Scenario: Verify &apos;Spesialis Mata Pelajaran&apos; field is enabled" time="0">
    <skipped/>
  </testcase>
  <testcase name="Given User open the website GuruMu" classname="Scenario: Verify &apos;Spesialis Mata Pelajaran&apos; option is enabled" time="0">
    <system-out><![CDATA[
  Scenario: Verify 'Spesialis Mata Pelajaran' field is enabled &amp#27;[90m# features/UpdateTeacher.feature:66&amp#27;[0m
    &amp#27;[36mGiven &amp#27;[0m&amp#27;[36mTeacher already on Edit Profile page&amp#27;[0m                 &amp#27;[90m# UpdateTeacherSteps.teacherAlreadyOnEditProfilePage()&amp#27;[0m
    &amp#27;[36mWhen &amp#27;[0m&amp#27;[36mTeacher click 'Spesialis Mata Pelajaran' field&amp#27;[0m        &amp#27;[90m# UpdateTeacherSteps.teacherClickSpesialisMataPelajaranField()&amp#27;[0m
    &amp#27;[36mThen &amp#27;[0m&amp#27;[36m'Spesialis Mata Pelajaran' field is enabled&amp#27;[0m           &amp#27;[90m# UpdateTeacherSteps.spesialisMataPelajaranFieldIsEnabled()&amp#27;[0m
    &amp#27;[36mAnd &amp#27;[0m&amp#27;[36mShow Dropdown list&amp#27;[0m                                     &amp#27;[90m# UpdateTeacherSteps.showDropdownList()&amp#27;[0m
]]></system-out>
    <system-err><![CDATA[Starting ChromeDriver 110.0.5481.77 (65ed616c6e8ee3fe0ad64fe83796c020644d42af-refs/branch-heads/5481@{#839}) on port 58271
Only local connections are allowed.
Please see https://chromedriver.chromium.org/security-considerations for suggestions on keeping ChromeDriver safe.
ChromeDriver was started successfully.
[1676554497.221][WARNING]: virtual void DevToolsClientImpl::AddListener(DevToolsEventListener *) subscribing a listener to the already connected DevToolsClient. Connection notification will not arrive.
Feb 16, 2023 8:34:57 PM org.openqa.selenium.remote.ProtocolHandshake createSession
INFO: Detected dialect: W3C
Feb 16, 2023 8:34:57 PM org.openqa.selenium.devtools.CdpVersionFinder findNearestMatch
WARNING: Unable to find an exact match for CDP version 110, so returning the closest version found: a no-op implementation
Feb 16, 2023 8:34:57 PM org.openqa.selenium.devtools.CdpVersionFinder findNearestMatch
INFO: Unable to find CDP implementation matching 110.
Feb 16, 2023 8:34:57 PM org.openqa.selenium.chromium.ChromiumDriver lambda$new$3
WARNING: Unable to find version of CDP to use for . You may need to include a dependency on a specific version of the CDP using something similar to `org.seleniumhq.selenium:selenium-devtools-v86:4.1.2` where the version ("v86") matches the version of the chromium-based browser you're using and the version number of the artifact is the same as Selenium's.
]]></system-err>
  </testcase>
  <testcase name="When User click avatar navigation" classname="Scenario: Verify &apos;Spesialis Mata Pelajaran&apos; option is enabled" time="0"/>
  <testcase name="And User click menu Masuk" classname="Scenario: Verify &apos;Spesialis Mata Pelajaran&apos; option is enabled" time="0"/>
  <testcase name="And User input &quot;zulfeekei@gmail.com&quot; as email and input &quot;be123&quot; as password" classname="Scenario: Verify &apos;Spesialis Mata Pelajaran&apos; option is enabled" time="0"/>
  <testcase name="And User clicked masuk button" classname="Scenario: Verify &apos;Spesialis Mata Pelajaran&apos; option is enabled" time="0"/>
  <testcase name="When User move to Profile Page" classname="Scenario: Verify &apos;Spesialis Mata Pelajaran&apos; option is enabled" time="0.002">
    <error message="unexpected alert open: {Alert text : data not found}&#10;  (Session info: chrome=110.0.5481.100): data not found&#10;Build info: version: &apos;4.1.2&apos;, revision: &apos;9a5a329c5a&apos;&#10;System info: host: &apos;nsystem-mbp&apos;, ip: &apos;fe80:0:0:0:ce7:beec:a50b:8367%en0&apos;, os.name: &apos;Mac OS X&apos;, os.arch: &apos;x86_64&apos;, os.version: &apos;10.16&apos;, java.version: &apos;1.8.0_201&apos;&#10;Driver info: org.openqa.selenium.chrome.ChromeDriver&#10;Command: [94eecd69e645c6e256f9f894ff68e5e8, findElement {using=xpath, value=//h2[@class=&apos;swal2-title&apos;]}]&#10;Capabilities {acceptInsecureCerts: false, browserName: chrome, browserVersion: 110.0.5481.100, chrome: {chromedriverVersion: 110.0.5481.77 (65ed616c6e8e..., userDataDir: /var/folders/00/xzw63_pj58g...}, goog:chromeOptions: {debuggerAddress: localhost:50963}, javascriptEnabled: true, networkConnectionEnabled: false, pageLoadStrategy: normal, platform: MAC, platformName: MAC, proxy: Proxy(), se:cdp: ws://localhost:50963/devtoo..., se:cdpVersion: 110.0.5481.100, setWindowRect: true, strictFileInteractability: false, timeouts: {implicit: 0, pageLoad: 300000, script: 30000}, unhandledPromptBehavior: dismiss and notify, webauthn:extension:credBlob: true, webauthn:extension:largeBlob: true, webauthn:virtualAuthenticators: true}&#10;Session ID: 94eecd69e645c6e256f9f894ff68e5e8" type="org.openqa.selenium.UnhandledAlertException"><![CDATA[org.openqa.selenium.UnhandledAlertException: 
unexpected alert open: {Alert text : data not found}
  (Session info: chrome=110.0.5481.100): data not found
Build info: version: '4.1.2', revision: '9a5a329c5a'
System info: host: 'nsystem-mbp', ip: 'fe80:0:0:0:ce7:beec:a50b:8367%en0', os.name: 'Mac OS X', os.arch: 'x86_64', os.version: '10.16', java.version: '1.8.0_201'
Driver info: org.openqa.selenium.chrome.ChromeDriver
Command: [94eecd69e645c6e256f9f894ff68e5e8, findElement {using=xpath, value=//h2[@class='swal2-title']}]
Capabilities {acceptInsecureCerts: false, browserName: chrome, browserVersion: 110.0.5481.100, chrome: {chromedriverVersion: 110.0.5481.77 (65ed616c6e8e..., userDataDir: /var/folders/00/xzw63_pj58g...}, goog:chromeOptions: {debuggerAddress: localhost:50963}, javascriptEnabled: true, networkConnectionEnabled: false, pageLoadStrategy: normal, platform: MAC, platformName: MAC, proxy: Proxy(), se:cdp: ws://localhost:50963/devtoo..., se:cdpVersion: 110.0.5481.100, setWindowRect: true, strictFileInteractability: false, timeouts: {implicit: 0, pageLoad: 300000, script: 30000}, unhandledPromptBehavior: dismiss and notify, webauthn:extension:credBlob: true, webauthn:extension:largeBlob: true, webauthn:virtualAuthenticators: true}
Session ID: 94eecd69e645c6e256f9f894ff68e5e8
]]></error>
  </testcase>
  <testcase name="" classname="Scenario: Verify &apos;Spesialis Mata Pelajaran&apos; option is enabled" time="0.006">
    <error message="unexpected alert open: {Alert text : data not found}&#10;  (Session info: chrome=110.0.5481.100): data not found&#10;Build info: version: &apos;4.1.2&apos;, revision: &apos;9a5a329c5a&apos;&#10;System info: host: &apos;nsystem-mbp&apos;, ip: &apos;fe80:0:0:0:ce7:beec:a50b:8367%en0&apos;, os.name: &apos;Mac OS X&apos;, os.arch: &apos;x86_64&apos;, os.version: &apos;10.16&apos;, java.version: &apos;1.8.0_201&apos;&#10;Driver info: org.openqa.selenium.chrome.ChromeDriver&#10;Command: [94eecd69e645c6e256f9f894ff68e5e8, findElement {using=xpath, value=//h2[@class=&apos;swal2-title&apos;]}]&#10;Capabilities {acceptInsecureCerts: false, browserName: chrome, browserVersion: 110.0.5481.100, chrome: {chromedriverVersion: 110.0.5481.77 (65ed616c6e8e..., userDataDir: /var/folders/00/xzw63_pj58g...}, goog:chromeOptions: {debuggerAddress: localhost:50963}, javascriptEnabled: true, networkConnectionEnabled: false, pageLoadStrategy: normal, platform: MAC, platformName: MAC, proxy: Proxy(), se:cdp: ws://localhost:50963/devtoo..., se:cdpVersion: 110.0.5481.100, setWindowRect: true, strictFileInteractability: false, timeouts: {implicit: 0, pageLoad: 300000, script: 30000}, unhandledPromptBehavior: dismiss and notify, webauthn:extension:credBlob: true, webauthn:extension:largeBlob: true, webauthn:virtualAuthenticators: true}&#10;Session ID: 94eecd69e645c6e256f9f894ff68e5e8" type="org.openqa.selenium.UnhandledAlertException"><![CDATA[org.openqa.selenium.UnhandledAlertException: 
unexpected alert open: {Alert text : data not found}
  (Session info: chrome=110.0.5481.100): data not found
Build info: version: '4.1.2', revision: '9a5a329c5a'
System info: host: 'nsystem-mbp', ip: 'fe80:0:0:0:ce7:beec:a50b:8367%en0', os.name: 'Mac OS X', os.arch: 'x86_64', os.version: '10.16', java.version: '1.8.0_201'
Driver info: org.openqa.selenium.chrome.ChromeDriver
Command: [94eecd69e645c6e256f9f894ff68e5e8, findElement {using=xpath, value=//h2[@class='swal2-title']}]
Capabilities {acceptInsecureCerts: false, browserName: chrome, browserVersion: 110.0.5481.100, chrome: {chromedriverVersion: 110.0.5481.77 (65ed616c6e8e..., userDataDir: /var/folders/00/xzw63_pj58g...}, goog:chromeOptions: {debuggerAddress: localhost:50963}, javascriptEnabled: true, networkConnectionEnabled: false, pageLoadStrategy: normal, platform: MAC, platformName: MAC, proxy: Proxy(), se:cdp: ws://localhost:50963/devtoo..., se:cdpVersion: 110.0.5481.100, setWindowRect: true, strictFileInteractability: false, timeouts: {implicit: 0, pageLoad: 300000, script: 30000}, unhandledPromptBehavior: dismiss and notify, webauthn:extension:credBlob: true, webauthn:extension:largeBlob: true, webauthn:virtualAuthenticators: true}
Session ID: 94eecd69e645c6e256f9f894ff68e5e8
]]></error>
  </testcase>
  <testcase name="And User move to edit profile" classname="Scenario: Verify &apos;Spesialis Mata Pelajaran&apos; option is enabled" time="0">
    <skipped/>
  </testcase>
  <testcase name="Given Teacher already on Edit Profile page" classname="Scenario: Verify &apos;Spesialis Mata Pelajaran&apos; option is enabled" time="0">
    <skipped/>
    <system-out><![CDATA[
  Background:                                                                   &amp#27;[90m# features/UpdateTeacher.feature:4&amp#27;[0m
    &amp#27;[32mGiven &amp#27;[0m&amp#27;[32mUser open the website GuruMu&amp#27;[0m                                          &amp#27;[90m# LoginSteps.userOpenTheWebsiteGuruMu()&amp#27;[0m
    &amp#27;[32mWhen &amp#27;[0m&amp#27;[32mUser click avatar navigation&amp#27;[0m                                           &amp#27;[90m# LoginSteps.userClickAvatarNavigation()&amp#27;[0m
    &amp#27;[32mAnd &amp#27;[0m&amp#27;[32mUser click menu Masuk&amp#27;[0m                                                   &amp#27;[90m# LoginSteps.userClickMenuMasuk()&amp#27;[0m
    &amp#27;[32mAnd &amp#27;[0m&amp#27;[32mUser input "&amp#27;[0m&amp#27;[32m&amp#27;[1mzulfeekei@gmail.com&amp#27;[0m&amp#27;[32m" as email and input "&amp#27;[0m&amp#27;[32m&amp#27;[1mbe123&amp#27;[0m&amp#27;[32m" as password&amp#27;[0m &amp#27;[90m# LoginSteps.inputCredential(String,String)&amp#27;[0m
    &amp#27;[32mAnd &amp#27;[0m&amp#27;[32mUser clicked masuk button&amp#27;[0m                                               &amp#27;[90m# LoginSteps.userClickMasukButton()&amp#27;[0m
    &amp#27;[31mWhen &amp#27;[0m&amp#27;[31mUser move to Profile Page&amp#27;[0m                                              &amp#27;[90m# PenilaianUlasanSteps.userMoveToProfilePage()&amp#27;[0m
      &amp#27;[31morg.openqa.selenium.UnhandledAlertException: unexpected alert open: {Alert text : data not found}
        (Session info: chrome=110.0.5481.100): data not found
      Build info: version: '4.1.2', revision: '9a5a329c5a'
      System info: host: 'nsystem-mbp', ip: 'fe80:0:0:0:ce7:beec:a50b:8367%en0', os.name: 'Mac OS X', os.arch: 'x86_64', os.version: '10.16', java.version: '1.8.0_201'
      Driver info: org.openqa.selenium.chrome.ChromeDriver
      Command: [94eecd69e645c6e256f9f894ff68e5e8, findElement {using=xpath, value=//h2[@class='swal2-title']}]
      Capabilities {acceptInsecureCerts: false, browserName: chrome, browserVersion: 110.0.5481.100, chrome: {chromedriverVersion: 110.0.5481.77 (65ed616c6e8e..., userDataDir: /var/folders/00/xzw63_pj58g...}, goog:chromeOptions: {debuggerAddress: localhost:50963}, javascriptEnabled: true, networkConnectionEnabled: false, pageLoadStrategy: normal, platform: MAC, platformName: MAC, proxy: Proxy(), se:cdp: ws://localhost:50963/devtoo..., se:cdpVersion: 110.0.5481.100, setWindowRect: true, strictFileInteractability: false, timeouts: {implicit: 0, pageLoad: 300000, script: 30000}, unhandledPromptBehavior: dismiss and notify, webauthn:extension:credBlob: true, webauthn:extension:largeBlob: true, webauthn:virtualAuthenticators: true}
      Session ID: 94eecd69e645c6e256f9f894ff68e5e8
      	at org.openqa.selenium.remote.codec.w3c.W3CHttpResponseCodec.decode(W3CHttpResponseCodec.java:131)
      	at org.openqa.selenium.remote.codec.w3c.W3CHttpResponseCodec.decode(W3CHttpResponseCodec.java:53)
      	at org.openqa.selenium.remote.HttpCommandExecutor.execute(HttpCommandExecutor.java:184)
      	at org.openqa.selenium.remote.service.DriverCommandExecutor.invokeExecute(DriverCommandExecutor.java:167)
      	at org.openqa.selenium.remote.service.DriverCommandExecutor.execute(DriverCommandExecutor.java:142)
      	at org.openqa.selenium.remote.RemoteWebDriver.execute(RemoteWebDriver.java:558)
      	at org.openqa.selenium.remote.ElementLocation$ElementFinder$2.findElement(ElementLocation.java:162)
      	at org.openqa.selenium.remote.ElementLocation.findElement(ElementLocation.java:60)
      	at org.openqa.selenium.remote.RemoteWebDriver.findElement(RemoteWebDriver.java:382)
      	at org.openqa.selenium.remote.RemoteWebDriver.findElement(RemoteWebDriver.java:374)
      	at org.openqa.selenium.support.pagefactory.DefaultElementLocator.findElement(DefaultElementLocator.java:70)
      	at org.openqa.selenium.support.pagefactory.internal.LocatingElementHandler.invoke(LocatingElementHandler.java:39)
      	at com.sun.proxy.$Proxy21.isDisplayed(Unknown Source)
      	at org.example.pageObject.BerandaPage.successMessageIsDisplayed(BerandaPage.java:169)
      	at step_definitions.PenilaianUlasanSteps.userMoveToProfilePage(PenilaianUlasanSteps.java:163)
      	at ✽.When User move to Profile Page(features/UpdateTeacher.feature:10)
      &amp#27;[0m
    &amp#27;[36mAnd &amp#27;[0m&amp#27;[36mUser move to edit profile&amp#27;[0m                                               &amp#27;[90m# UpdateTeacherSteps.userMoveToEditProfile()&amp#27;[0m
]]></system-out>
  </testcase>
  <testcase name="When Teacher click &apos;Spesialis Mata Pelajaran&apos; field" classname="Scenario: Verify &apos;Spesialis Mata Pelajaran&apos; option is enabled" time="0">
    <skipped/>
  </testcase>
  <testcase name="Then &apos;Spesialis Mata Pelajaran&apos; field is enabled" classname="Scenario: Verify &apos;Spesialis Mata Pelajaran&apos; option is enabled" time="0">
    <skipped/>
  </testcase>
  <testcase name="And Show Dropdown list" classname="Scenario: Verify &apos;Spesialis Mata Pelajaran&apos; option is enabled" time="0">
    <skipped/>
  </testcase>
  <testcase name="Then Option from &apos;Spesialis Mata Pelajaran&apos; Can be Clicked" classname="Scenario: Verify &apos;Spesialis Mata Pelajaran&apos; option is enabled" time="0">
    <skipped/>
  </testcase>
  <testcase name="Given User open the website GuruMu" classname="Scenario: Verify &apos;Jenjang Pendidikan&apos; field is enabled" time="0">
    <system-out><![CDATA[
  Scenario: Verify 'Spesialis Mata Pelajaran' option is enabled &amp#27;[90m# features/UpdateTeacher.feature:72&amp#27;[0m
    &amp#27;[36mGiven &amp#27;[0m&amp#27;[36mTeacher already on Edit Profile page&amp#27;[0m                  &amp#27;[90m# UpdateTeacherSteps.teacherAlreadyOnEditProfilePage()&amp#27;[0m
    &amp#27;[36mWhen &amp#27;[0m&amp#27;[36mTeacher click 'Spesialis Mata Pelajaran' field&amp#27;[0m         &amp#27;[90m# UpdateTeacherSteps.teacherClickSpesialisMataPelajaranField()&amp#27;[0m
    &amp#27;[36mThen &amp#27;[0m&amp#27;[36m'Spesialis Mata Pelajaran' field is enabled&amp#27;[0m            &amp#27;[90m# UpdateTeacherSteps.spesialisMataPelajaranFieldIsEnabled()&amp#27;[0m
    &amp#27;[36mAnd &amp#27;[0m&amp#27;[36mShow Dropdown list&amp#27;[0m                                      &amp#27;[90m# UpdateTeacherSteps.showDropdownList()&amp#27;[0m
    &amp#27;[36mThen &amp#27;[0m&amp#27;[36mOption from 'Spesialis Mata Pelajaran' Can be Clicked&amp#27;[0m  &amp#27;[90m# UpdateTeacherSteps.optionFromSpesialisMataPelajaranCanBeClicked()&amp#27;[0m
]]></system-out>
    <system-err><![CDATA[Starting ChromeDriver 110.0.5481.77 (65ed616c6e8ee3fe0ad64fe83796c020644d42af-refs/branch-heads/5481@{#839}) on port 62410
Only local connections are allowed.
Please see https://chromedriver.chromium.org/security-considerations for suggestions on keeping ChromeDriver safe.
ChromeDriver was started successfully.
[1676554521.843][WARNING]: virtual void DevToolsClientImpl::AddListener(DevToolsEventListener *) subscribing a listener to the already connected DevToolsClient. Connection notification will not arrive.
Feb 16, 2023 8:35:22 PM org.openqa.selenium.remote.ProtocolHandshake createSession
INFO: Detected dialect: W3C
Feb 16, 2023 8:35:22 PM org.openqa.selenium.devtools.CdpVersionFinder findNearestMatch
WARNING: Unable to find an exact match for CDP version 110, so returning the closest version found: a no-op implementation
Feb 16, 2023 8:35:22 PM org.openqa.selenium.devtools.CdpVersionFinder findNearestMatch
INFO: Unable to find CDP implementation matching 110.
Feb 16, 2023 8:35:22 PM org.openqa.selenium.chromium.ChromiumDriver lambda$new$3
WARNING: Unable to find version of CDP to use for . You may need to include a dependency on a specific version of the CDP using something similar to `org.seleniumhq.selenium:selenium-devtools-v86:4.1.2` where the version ("v86") matches the version of the chromium-based browser you're using and the version number of the artifact is the same as Selenium's.
]]></system-err>
  </testcase>
  <testcase name="When User click avatar navigation" classname="Scenario: Verify &apos;Jenjang Pendidikan&apos; field is enabled" time="0"/>
  <testcase name="And User click menu Masuk" classname="Scenario: Verify &apos;Jenjang Pendidikan&apos; field is enabled" time="0"/>
  <testcase name="And User input &quot;zulfeekei@gmail.com&quot; as email and input &quot;be123&quot; as password" classname="Scenario: Verify &apos;Jenjang Pendidikan&apos; field is enabled" time="0"/>
  <testcase name="And User clicked masuk button" classname="Scenario: Verify &apos;Jenjang Pendidikan&apos; field is enabled" time="0"/>
  <testcase name="When User move to Profile Page" classname="Scenario: Verify &apos;Jenjang Pendidikan&apos; field is enabled" time="0.002">
    <error message="unexpected alert open: {Alert text : data not found}&#10;  (Session info: chrome=110.0.5481.100): data not found&#10;Build info: version: &apos;4.1.2&apos;, revision: &apos;9a5a329c5a&apos;&#10;System info: host: &apos;nsystem-mbp&apos;, ip: &apos;fe80:0:0:0:ce7:beec:a50b:8367%en0&apos;, os.name: &apos;Mac OS X&apos;, os.arch: &apos;x86_64&apos;, os.version: &apos;10.16&apos;, java.version: &apos;1.8.0_201&apos;&#10;Driver info: org.openqa.selenium.chrome.ChromeDriver&#10;Command: [c11f9dd1583849896e4604d1dc94e109, findElement {using=xpath, value=//h2[@class=&apos;swal2-title&apos;]}]&#10;Capabilities {acceptInsecureCerts: false, browserName: chrome, browserVersion: 110.0.5481.100, chrome: {chromedriverVersion: 110.0.5481.77 (65ed616c6e8e..., userDataDir: /var/folders/00/xzw63_pj58g...}, goog:chromeOptions: {debuggerAddress: localhost:50986}, javascriptEnabled: true, networkConnectionEnabled: false, pageLoadStrategy: normal, platform: MAC, platformName: MAC, proxy: Proxy(), se:cdp: ws://localhost:50986/devtoo..., se:cdpVersion: 110.0.5481.100, setWindowRect: true, strictFileInteractability: false, timeouts: {implicit: 0, pageLoad: 300000, script: 30000}, unhandledPromptBehavior: dismiss and notify, webauthn:extension:credBlob: true, webauthn:extension:largeBlob: true, webauthn:virtualAuthenticators: true}&#10;Session ID: c11f9dd1583849896e4604d1dc94e109" type="org.openqa.selenium.UnhandledAlertException"><![CDATA[org.openqa.selenium.UnhandledAlertException: 
unexpected alert open: {Alert text : data not found}
  (Session info: chrome=110.0.5481.100): data not found
Build info: version: '4.1.2', revision: '9a5a329c5a'
System info: host: 'nsystem-mbp', ip: 'fe80:0:0:0:ce7:beec:a50b:8367%en0', os.name: 'Mac OS X', os.arch: 'x86_64', os.version: '10.16', java.version: '1.8.0_201'
Driver info: org.openqa.selenium.chrome.ChromeDriver
Command: [c11f9dd1583849896e4604d1dc94e109, findElement {using=xpath, value=//h2[@class='swal2-title']}]
Capabilities {acceptInsecureCerts: false, browserName: chrome, browserVersion: 110.0.5481.100, chrome: {chromedriverVersion: 110.0.5481.77 (65ed616c6e8e..., userDataDir: /var/folders/00/xzw63_pj58g...}, goog:chromeOptions: {debuggerAddress: localhost:50986}, javascriptEnabled: true, networkConnectionEnabled: false, pageLoadStrategy: normal, platform: MAC, platformName: MAC, proxy: Proxy(), se:cdp: ws://localhost:50986/devtoo..., se:cdpVersion: 110.0.5481.100, setWindowRect: true, strictFileInteractability: false, timeouts: {implicit: 0, pageLoad: 300000, script: 30000}, unhandledPromptBehavior: dismiss and notify, webauthn:extension:credBlob: true, webauthn:extension:largeBlob: true, webauthn:virtualAuthenticators: true}
Session ID: c11f9dd1583849896e4604d1dc94e109
]]></error>
  </testcase>
  <testcase name="" classname="Scenario: Verify &apos;Jenjang Pendidikan&apos; field is enabled" time="0.003">
    <error message="unexpected alert open: {Alert text : data not found}&#10;  (Session info: chrome=110.0.5481.100): data not found&#10;Build info: version: &apos;4.1.2&apos;, revision: &apos;9a5a329c5a&apos;&#10;System info: host: &apos;nsystem-mbp&apos;, ip: &apos;fe80:0:0:0:ce7:beec:a50b:8367%en0&apos;, os.name: &apos;Mac OS X&apos;, os.arch: &apos;x86_64&apos;, os.version: &apos;10.16&apos;, java.version: &apos;1.8.0_201&apos;&#10;Driver info: org.openqa.selenium.chrome.ChromeDriver&#10;Command: [c11f9dd1583849896e4604d1dc94e109, findElement {using=xpath, value=//h2[@class=&apos;swal2-title&apos;]}]&#10;Capabilities {acceptInsecureCerts: false, browserName: chrome, browserVersion: 110.0.5481.100, chrome: {chromedriverVersion: 110.0.5481.77 (65ed616c6e8e..., userDataDir: /var/folders/00/xzw63_pj58g...}, goog:chromeOptions: {debuggerAddress: localhost:50986}, javascriptEnabled: true, networkConnectionEnabled: false, pageLoadStrategy: normal, platform: MAC, platformName: MAC, proxy: Proxy(), se:cdp: ws://localhost:50986/devtoo..., se:cdpVersion: 110.0.5481.100, setWindowRect: true, strictFileInteractability: false, timeouts: {implicit: 0, pageLoad: 300000, script: 30000}, unhandledPromptBehavior: dismiss and notify, webauthn:extension:credBlob: true, webauthn:extension:largeBlob: true, webauthn:virtualAuthenticators: true}&#10;Session ID: c11f9dd1583849896e4604d1dc94e109" type="org.openqa.selenium.UnhandledAlertException"><![CDATA[org.openqa.selenium.UnhandledAlertException: 
unexpected alert open: {Alert text : data not found}
  (Session info: chrome=110.0.5481.100): data not found
Build info: version: '4.1.2', revision: '9a5a329c5a'
System info: host: 'nsystem-mbp', ip: 'fe80:0:0:0:ce7:beec:a50b:8367%en0', os.name: 'Mac OS X', os.arch: 'x86_64', os.version: '10.16', java.version: '1.8.0_201'
Driver info: org.openqa.selenium.chrome.ChromeDriver
Command: [c11f9dd1583849896e4604d1dc94e109, findElement {using=xpath, value=//h2[@class='swal2-title']}]
Capabilities {acceptInsecureCerts: false, browserName: chrome, browserVersion: 110.0.5481.100, chrome: {chromedriverVersion: 110.0.5481.77 (65ed616c6e8e..., userDataDir: /var/folders/00/xzw63_pj58g...}, goog:chromeOptions: {debuggerAddress: localhost:50986}, javascriptEnabled: true, networkConnectionEnabled: false, pageLoadStrategy: normal, platform: MAC, platformName: MAC, proxy: Proxy(), se:cdp: ws://localhost:50986/devtoo..., se:cdpVersion: 110.0.5481.100, setWindowRect: true, strictFileInteractability: false, timeouts: {implicit: 0, pageLoad: 300000, script: 30000}, unhandledPromptBehavior: dismiss and notify, webauthn:extension:credBlob: true, webauthn:extension:largeBlob: true, webauthn:virtualAuthenticators: true}
Session ID: c11f9dd1583849896e4604d1dc94e109
]]></error>
  </testcase>
  <testcase name="And User move to edit profile" classname="Scenario: Verify &apos;Jenjang Pendidikan&apos; field is enabled" time="0">
    <skipped/>
  </testcase>
  <testcase name="Given Teacher already on Edit Profile page" classname="Scenario: Verify &apos;Jenjang Pendidikan&apos; field is enabled" time="0">
    <skipped/>
    <system-out><![CDATA[
  Background:                                                                   &amp#27;[90m# features/UpdateTeacher.feature:4&amp#27;[0m
    &amp#27;[32mGiven &amp#27;[0m&amp#27;[32mUser open the website GuruMu&amp#27;[0m                                          &amp#27;[90m# LoginSteps.userOpenTheWebsiteGuruMu()&amp#27;[0m
    &amp#27;[32mWhen &amp#27;[0m&amp#27;[32mUser click avatar navigation&amp#27;[0m                                           &amp#27;[90m# LoginSteps.userClickAvatarNavigation()&amp#27;[0m
    &amp#27;[32mAnd &amp#27;[0m&amp#27;[32mUser click menu Masuk&amp#27;[0m                                                   &amp#27;[90m# LoginSteps.userClickMenuMasuk()&amp#27;[0m
    &amp#27;[32mAnd &amp#27;[0m&amp#27;[32mUser input "&amp#27;[0m&amp#27;[32m&amp#27;[1mzulfeekei@gmail.com&amp#27;[0m&amp#27;[32m" as email and input "&amp#27;[0m&amp#27;[32m&amp#27;[1mbe123&amp#27;[0m&amp#27;[32m" as password&amp#27;[0m &amp#27;[90m# LoginSteps.inputCredential(String,String)&amp#27;[0m
    &amp#27;[32mAnd &amp#27;[0m&amp#27;[32mUser clicked masuk button&amp#27;[0m                                               &amp#27;[90m# LoginSteps.userClickMasukButton()&amp#27;[0m
    &amp#27;[31mWhen &amp#27;[0m&amp#27;[31mUser move to Profile Page&amp#27;[0m                                              &amp#27;[90m# PenilaianUlasanSteps.userMoveToProfilePage()&amp#27;[0m
      &amp#27;[31morg.openqa.selenium.UnhandledAlertException: unexpected alert open: {Alert text : data not found}
        (Session info: chrome=110.0.5481.100): data not found
      Build info: version: '4.1.2', revision: '9a5a329c5a'
      System info: host: 'nsystem-mbp', ip: 'fe80:0:0:0:ce7:beec:a50b:8367%en0', os.name: 'Mac OS X', os.arch: 'x86_64', os.version: '10.16', java.version: '1.8.0_201'
      Driver info: org.openqa.selenium.chrome.ChromeDriver
      Command: [c11f9dd1583849896e4604d1dc94e109, findElement {using=xpath, value=//h2[@class='swal2-title']}]
      Capabilities {acceptInsecureCerts: false, browserName: chrome, browserVersion: 110.0.5481.100, chrome: {chromedriverVersion: 110.0.5481.77 (65ed616c6e8e..., userDataDir: /var/folders/00/xzw63_pj58g...}, goog:chromeOptions: {debuggerAddress: localhost:50986}, javascriptEnabled: true, networkConnectionEnabled: false, pageLoadStrategy: normal, platform: MAC, platformName: MAC, proxy: Proxy(), se:cdp: ws://localhost:50986/devtoo..., se:cdpVersion: 110.0.5481.100, setWindowRect: true, strictFileInteractability: false, timeouts: {implicit: 0, pageLoad: 300000, script: 30000}, unhandledPromptBehavior: dismiss and notify, webauthn:extension:credBlob: true, webauthn:extension:largeBlob: true, webauthn:virtualAuthenticators: true}
      Session ID: c11f9dd1583849896e4604d1dc94e109
      	at org.openqa.selenium.remote.codec.w3c.W3CHttpResponseCodec.decode(W3CHttpResponseCodec.java:131)
      	at org.openqa.selenium.remote.codec.w3c.W3CHttpResponseCodec.decode(W3CHttpResponseCodec.java:53)
      	at org.openqa.selenium.remote.HttpCommandExecutor.execute(HttpCommandExecutor.java:184)
      	at org.openqa.selenium.remote.service.DriverCommandExecutor.invokeExecute(DriverCommandExecutor.java:167)
      	at org.openqa.selenium.remote.service.DriverCommandExecutor.execute(DriverCommandExecutor.java:142)
      	at org.openqa.selenium.remote.RemoteWebDriver.execute(RemoteWebDriver.java:558)
      	at org.openqa.selenium.remote.ElementLocation$ElementFinder$2.findElement(ElementLocation.java:162)
      	at org.openqa.selenium.remote.ElementLocation.findElement(ElementLocation.java:60)
      	at org.openqa.selenium.remote.RemoteWebDriver.findElement(RemoteWebDriver.java:382)
      	at org.openqa.selenium.remote.RemoteWebDriver.findElement(RemoteWebDriver.java:374)
      	at org.openqa.selenium.support.pagefactory.DefaultElementLocator.findElement(DefaultElementLocator.java:70)
      	at org.openqa.selenium.support.pagefactory.internal.LocatingElementHandler.invoke(LocatingElementHandler.java:39)
      	at com.sun.proxy.$Proxy21.isDisplayed(Unknown Source)
      	at org.example.pageObject.BerandaPage.successMessageIsDisplayed(BerandaPage.java:169)
      	at step_definitions.PenilaianUlasanSteps.userMoveToProfilePage(PenilaianUlasanSteps.java:163)
      	at ✽.When User move to Profile Page(features/UpdateTeacher.feature:10)
      &amp#27;[0m
    &amp#27;[36mAnd &amp#27;[0m&amp#27;[36mUser move to edit profile&amp#27;[0m                                               &amp#27;[90m# UpdateTeacherSteps.userMoveToEditProfile()&amp#27;[0m
]]></system-out>
  </testcase>
  <testcase name="When Teacher click &apos;Jenjang Pendidikan&apos; field" classname="Scenario: Verify &apos;Jenjang Pendidikan&apos; field is enabled" time="0">
    <skipped/>
  </testcase>
  <testcase name="Then &apos;Jenjang Pendidikan&apos; field is enabled" classname="Scenario: Verify &apos;Jenjang Pendidikan&apos; field is enabled" time="0">
    <skipped/>
  </testcase>
  <testcase name="And Show Dropdown list" classname="Scenario: Verify &apos;Jenjang Pendidikan&apos; field is enabled" time="0">
    <skipped/>
  </testcase>
  <testcase name="Given User open the website GuruMu" classname="Scenario: Verify &apos;Jenjang Pendidikan&apos; option is enabled" time="0.001">
    <system-out><![CDATA[
  Scenario: Verify 'Jenjang Pendidikan' field is enabled &amp#27;[90m# features/UpdateTeacher.feature:79&amp#27;[0m
    &amp#27;[36mGiven &amp#27;[0m&amp#27;[36mTeacher already on Edit Profile page&amp#27;[0m           &amp#27;[90m# UpdateTeacherSteps.teacherAlreadyOnEditProfilePage()&amp#27;[0m
    &amp#27;[36mWhen &amp#27;[0m&amp#27;[36mTeacher click 'Jenjang Pendidikan' field&amp#27;[0m        &amp#27;[90m# UpdateTeacherSteps.teacherClickJenjangPendidikanField()&amp#27;[0m
    &amp#27;[36mThen &amp#27;[0m&amp#27;[36m'Jenjang Pendidikan' field is enabled&amp#27;[0m           &amp#27;[90m# UpdateTeacherSteps.jenjangPendidikanFieldIsEnabled()&amp#27;[0m
    &amp#27;[36mAnd &amp#27;[0m&amp#27;[36mShow Dropdown list&amp#27;[0m                               &amp#27;[90m# UpdateTeacherSteps.showDropdownList()&amp#27;[0m
]]></system-out>
    <system-err><![CDATA[Starting ChromeDriver 110.0.5481.77 (65ed616c6e8ee3fe0ad64fe83796c020644d42af-refs/branch-heads/5481@{#839}) on port 62736
Only local connections are allowed.
Please see https://chromedriver.chromium.org/security-considerations for suggestions on keeping ChromeDriver safe.
ChromeDriver was started successfully.
[1676554549.913][WARNING]: virtual void DevToolsClientImpl::AddListener(DevToolsEventListener *) subscribing a listener to the already connected DevToolsClient. Connection notification will not arrive.
Feb 16, 2023 8:35:50 PM org.openqa.selenium.remote.ProtocolHandshake createSession
INFO: Detected dialect: W3C
Feb 16, 2023 8:35:50 PM org.openqa.selenium.devtools.CdpVersionFinder findNearestMatch
WARNING: Unable to find an exact match for CDP version 110, so returning the closest version found: a no-op implementation
Feb 16, 2023 8:35:50 PM org.openqa.selenium.devtools.CdpVersionFinder findNearestMatch
INFO: Unable to find CDP implementation matching 110.
Feb 16, 2023 8:35:50 PM org.openqa.selenium.chromium.ChromiumDriver lambda$new$3
WARNING: Unable to find version of CDP to use for . You may need to include a dependency on a specific version of the CDP using something similar to `org.seleniumhq.selenium:selenium-devtools-v86:4.1.2` where the version ("v86") matches the version of the chromium-based browser you're using and the version number of the artifact is the same as Selenium's.
]]></system-err>
  </testcase>
  <testcase name="When User click avatar navigation" classname="Scenario: Verify &apos;Jenjang Pendidikan&apos; option is enabled" time="0"/>
  <testcase name="And User click menu Masuk" classname="Scenario: Verify &apos;Jenjang Pendidikan&apos; option is enabled" time="0"/>
  <testcase name="And User input &quot;zulfeekei@gmail.com&quot; as email and input &quot;be123&quot; as password" classname="Scenario: Verify &apos;Jenjang Pendidikan&apos; option is enabled" time="0"/>
  <testcase name="And User clicked masuk button" classname="Scenario: Verify &apos;Jenjang Pendidikan&apos; option is enabled" time="0"/>
  <testcase name="When User move to Profile Page" classname="Scenario: Verify &apos;Jenjang Pendidikan&apos; option is enabled" time="0"/>
  <testcase name="And User move to edit profile" classname="Scenario: Verify &apos;Jenjang Pendidikan&apos; option is enabled" time="0.004">
    <error message="no such element: Unable to locate element: {&quot;method&quot;:&quot;xpath&quot;,&quot;selector&quot;:&quot;//div[@class=&apos;bp4-tab pl-12 pr-12 pb-2 font-bold text-xl lg:ml-60 mx-auto&apos;]&quot;}&#10;  (Session info: chrome=110.0.5481.100)&#10;For documentation on this error, please visit: https://selenium.dev/exceptions/#no_such_element&#10;Build info: version: &apos;4.1.2&apos;, revision: &apos;9a5a329c5a&apos;&#10;System info: host: &apos;nsystem-mbp&apos;, ip: &apos;fe80:0:0:0:ce7:beec:a50b:8367%en0&apos;, os.name: &apos;Mac OS X&apos;, os.arch: &apos;x86_64&apos;, os.version: &apos;10.16&apos;, java.version: &apos;1.8.0_201&apos;&#10;Driver info: org.openqa.selenium.chrome.ChromeDriver&#10;Command: [2e615e6d4e5b724771aa832480de6bf9, findElement {using=xpath, value=//div[@class=&apos;bp4-tab pl-12 pr-12 pb-2 font-bold text-xl lg:ml-60 mx-auto&apos;]}]&#10;Capabilities {acceptInsecureCerts: false, browserName: chrome, browserVersion: 110.0.5481.100, chrome: {chromedriverVersion: 110.0.5481.77 (65ed616c6e8e..., userDataDir: /var/folders/00/xzw63_pj58g...}, goog:chromeOptions: {debuggerAddress: localhost:51010}, javascriptEnabled: true, networkConnectionEnabled: false, pageLoadStrategy: normal, platform: MAC, platformName: MAC, proxy: Proxy(), se:cdp: ws://localhost:51010/devtoo..., se:cdpVersion: 110.0.5481.100, setWindowRect: true, strictFileInteractability: false, timeouts: {implicit: 0, pageLoad: 300000, script: 30000}, unhandledPromptBehavior: dismiss and notify, webauthn:extension:credBlob: true, webauthn:extension:largeBlob: true, webauthn:virtualAuthenticators: true}&#10;Session ID: 2e615e6d4e5b724771aa832480de6bf9" type="org.openqa.selenium.NoSuchElementException"><![CDATA[org.openqa.selenium.NoSuchElementException: 
no such element: Unable to locate element: {"method":"xpath","selector":"//div[@class='bp4-tab pl-12 pr-12 pb-2 font-bold text-xl lg:ml-60 mx-auto']"}
  (Session info: chrome=110.0.5481.100)
For documentation on this error, please visit: https://selenium.dev/exceptions/#no_such_element
Build info: version: '4.1.2', revision: '9a5a329c5a'
System info: host: 'nsystem-mbp', ip: 'fe80:0:0:0:ce7:beec:a50b:8367%en0', os.name: 'Mac OS X', os.arch: 'x86_64', os.version: '10.16', java.version: '1.8.0_201'
Driver info: org.openqa.selenium.chrome.ChromeDriver
Command: [2e615e6d4e5b724771aa832480de6bf9, findElement {using=xpath, value=//div[@class='bp4-tab pl-12 pr-12 pb-2 font-bold text-xl lg:ml-60 mx-auto']}]
Capabilities {acceptInsecureCerts: false, browserName: chrome, browserVersion: 110.0.5481.100, chrome: {chromedriverVersion: 110.0.5481.77 (65ed616c6e8e..., userDataDir: /var/folders/00/xzw63_pj58g...}, goog:chromeOptions: {debuggerAddress: localhost:51010}, javascriptEnabled: true, networkConnectionEnabled: false, pageLoadStrategy: normal, platform: MAC, platformName: MAC, proxy: Proxy(), se:cdp: ws://localhost:51010/devtoo..., se:cdpVersion: 110.0.5481.100, setWindowRect: true, strictFileInteractability: false, timeouts: {implicit: 0, pageLoad: 300000, script: 30000}, unhandledPromptBehavior: dismiss and notify, webauthn:extension:credBlob: true, webauthn:extension:largeBlob: true, webauthn:virtualAuthenticators: true}
Session ID: 2e615e6d4e5b724771aa832480de6bf9
]]></error>
  </testcase>
  <testcase name="" classname="Scenario: Verify &apos;Jenjang Pendidikan&apos; option is enabled" time="0.005">
    <error message="no such element: Unable to locate element: {&quot;method&quot;:&quot;xpath&quot;,&quot;selector&quot;:&quot;//div[@class=&apos;bp4-tab pl-12 pr-12 pb-2 font-bold text-xl lg:ml-60 mx-auto&apos;]&quot;}&#10;  (Session info: chrome=110.0.5481.100)&#10;For documentation on this error, please visit: https://selenium.dev/exceptions/#no_such_element&#10;Build info: version: &apos;4.1.2&apos;, revision: &apos;9a5a329c5a&apos;&#10;System info: host: &apos;nsystem-mbp&apos;, ip: &apos;fe80:0:0:0:ce7:beec:a50b:8367%en0&apos;, os.name: &apos;Mac OS X&apos;, os.arch: &apos;x86_64&apos;, os.version: &apos;10.16&apos;, java.version: &apos;1.8.0_201&apos;&#10;Driver info: org.openqa.selenium.chrome.ChromeDriver&#10;Command: [2e615e6d4e5b724771aa832480de6bf9, findElement {using=xpath, value=//div[@class=&apos;bp4-tab pl-12 pr-12 pb-2 font-bold text-xl lg:ml-60 mx-auto&apos;]}]&#10;Capabilities {acceptInsecureCerts: false, browserName: chrome, browserVersion: 110.0.5481.100, chrome: {chromedriverVersion: 110.0.5481.77 (65ed616c6e8e..., userDataDir: /var/folders/00/xzw63_pj58g...}, goog:chromeOptions: {debuggerAddress: localhost:51010}, javascriptEnabled: true, networkConnectionEnabled: false, pageLoadStrategy: normal, platform: MAC, platformName: MAC, proxy: Proxy(), se:cdp: ws://localhost:51010/devtoo..., se:cdpVersion: 110.0.5481.100, setWindowRect: true, strictFileInteractability: false, timeouts: {implicit: 0, pageLoad: 300000, script: 30000}, unhandledPromptBehavior: dismiss and notify, webauthn:extension:credBlob: true, webauthn:extension:largeBlob: true, webauthn:virtualAuthenticators: true}&#10;Session ID: 2e615e6d4e5b724771aa832480de6bf9" type="org.openqa.selenium.NoSuchElementException"><![CDATA[org.openqa.selenium.NoSuchElementException: 
no such element: Unable to locate element: {"method":"xpath","selector":"//div[@class='bp4-tab pl-12 pr-12 pb-2 font-bold text-xl lg:ml-60 mx-auto']"}
  (Session info: chrome=110.0.5481.100)
For documentation on this error, please visit: https://selenium.dev/exceptions/#no_such_element
Build info: version: '4.1.2', revision: '9a5a329c5a'
System info: host: 'nsystem-mbp', ip: 'fe80:0:0:0:ce7:beec:a50b:8367%en0', os.name: 'Mac OS X', os.arch: 'x86_64', os.version: '10.16', java.version: '1.8.0_201'
Driver info: org.openqa.selenium.chrome.ChromeDriver
Command: [2e615e6d4e5b724771aa832480de6bf9, findElement {using=xpath, value=//div[@class='bp4-tab pl-12 pr-12 pb-2 font-bold text-xl lg:ml-60 mx-auto']}]
Capabilities {acceptInsecureCerts: false, browserName: chrome, browserVersion: 110.0.5481.100, chrome: {chromedriverVersion: 110.0.5481.77 (65ed616c6e8e..., userDataDir: /var/folders/00/xzw63_pj58g...}, goog:chromeOptions: {debuggerAddress: localhost:51010}, javascriptEnabled: true, networkConnectionEnabled: false, pageLoadStrategy: normal, platform: MAC, platformName: MAC, proxy: Proxy(), se:cdp: ws://localhost:51010/devtoo..., se:cdpVersion: 110.0.5481.100, setWindowRect: true, strictFileInteractability: false, timeouts: {implicit: 0, pageLoad: 300000, script: 30000}, unhandledPromptBehavior: dismiss and notify, webauthn:extension:credBlob: true, webauthn:extension:largeBlob: true, webauthn:virtualAuthenticators: true}
Session ID: 2e615e6d4e5b724771aa832480de6bf9
]]></error>
  </testcase>
  <testcase name="Given Teacher already on Edit Profile page" classname="Scenario: Verify &apos;Jenjang Pendidikan&apos; option is enabled" time="0">
    <skipped/>
    <system-out><![CDATA[
  Background:                                                                   &amp#27;[90m# features/UpdateTeacher.feature:4&amp#27;[0m
    &amp#27;[32mGiven &amp#27;[0m&amp#27;[32mUser open the website GuruMu&amp#27;[0m                                          &amp#27;[90m# LoginSteps.userOpenTheWebsiteGuruMu()&amp#27;[0m
    &amp#27;[32mWhen &amp#27;[0m&amp#27;[32mUser click avatar navigation&amp#27;[0m                                           &amp#27;[90m# LoginSteps.userClickAvatarNavigation()&amp#27;[0m
    &amp#27;[32mAnd &amp#27;[0m&amp#27;[32mUser click menu Masuk&amp#27;[0m                                                   &amp#27;[90m# LoginSteps.userClickMenuMasuk()&amp#27;[0m
    &amp#27;[32mAnd &amp#27;[0m&amp#27;[32mUser input "&amp#27;[0m&amp#27;[32m&amp#27;[1mzulfeekei@gmail.com&amp#27;[0m&amp#27;[32m" as email and input "&amp#27;[0m&amp#27;[32m&amp#27;[1mbe123&amp#27;[0m&amp#27;[32m" as password&amp#27;[0m &amp#27;[90m# LoginSteps.inputCredential(String,String)&amp#27;[0m
    &amp#27;[32mAnd &amp#27;[0m&amp#27;[32mUser clicked masuk button&amp#27;[0m                                               &amp#27;[90m# LoginSteps.userClickMasukButton()&amp#27;[0m
    &amp#27;[32mWhen &amp#27;[0m&amp#27;[32mUser move to Profile Page&amp#27;[0m                                              &amp#27;[90m# PenilaianUlasanSteps.userMoveToProfilePage()&amp#27;[0m
    &amp#27;[31mAnd &amp#27;[0m&amp#27;[31mUser move to edit profile&amp#27;[0m                                               &amp#27;[90m# UpdateTeacherSteps.userMoveToEditProfile()&amp#27;[0m
      &amp#27;[31morg.openqa.selenium.NoSuchElementException: no such element: Unable to locate element: {"method":"xpath","selector":"//div[@class='bp4-tab pl-12 pr-12 pb-2 font-bold text-xl lg:ml-60 mx-auto']"}
        (Session info: chrome=110.0.5481.100)
      For documentation on this error, please visit: https://selenium.dev/exceptions/#no_such_element
      Build info: version: '4.1.2', revision: '9a5a329c5a'
      System info: host: 'nsystem-mbp', ip: 'fe80:0:0:0:ce7:beec:a50b:8367%en0', os.name: 'Mac OS X', os.arch: 'x86_64', os.version: '10.16', java.version: '1.8.0_201'
      Driver info: org.openqa.selenium.chrome.ChromeDriver
      Command: [2e615e6d4e5b724771aa832480de6bf9, findElement {using=xpath, value=//div[@class='bp4-tab pl-12 pr-12 pb-2 font-bold text-xl lg:ml-60 mx-auto']}]
      Capabilities {acceptInsecureCerts: false, browserName: chrome, browserVersion: 110.0.5481.100, chrome: {chromedriverVersion: 110.0.5481.77 (65ed616c6e8e..., userDataDir: /var/folders/00/xzw63_pj58g...}, goog:chromeOptions: {debuggerAddress: localhost:51010}, javascriptEnabled: true, networkConnectionEnabled: false, pageLoadStrategy: normal, platform: MAC, platformName: MAC, proxy: Proxy(), se:cdp: ws://localhost:51010/devtoo..., se:cdpVersion: 110.0.5481.100, setWindowRect: true, strictFileInteractability: false, timeouts: {implicit: 0, pageLoad: 300000, script: 30000}, unhandledPromptBehavior: dismiss and notify, webauthn:extension:credBlob: true, webauthn:extension:largeBlob: true, webauthn:virtualAuthenticators: true}
      Session ID: 2e615e6d4e5b724771aa832480de6bf9
      	at sun.reflect.GeneratedConstructorAccessor38.newInstance(Unknown Source)
      	at sun.reflect.DelegatingConstructorAccessorImpl.newInstance(DelegatingConstructorAccessorImpl.java:45)
      	at java.lang.reflect.Constructor.newInstance(Constructor.java:423)
      	at org.openqa.selenium.remote.codec.w3c.W3CHttpResponseCodec.createException(W3CHttpResponseCodec.java:200)
      	at org.openqa.selenium.remote.codec.w3c.W3CHttpResponseCodec.decode(W3CHttpResponseCodec.java:133)
      	at org.openqa.selenium.remote.codec.w3c.W3CHttpResponseCodec.decode(W3CHttpResponseCodec.java:53)
      	at org.openqa.selenium.remote.HttpCommandExecutor.execute(HttpCommandExecutor.java:184)
      	at org.openqa.selenium.remote.service.DriverCommandExecutor.invokeExecute(DriverCommandExecutor.java:167)
      	at org.openqa.selenium.remote.service.DriverCommandExecutor.execute(DriverCommandExecutor.java:142)
      	at org.openqa.selenium.remote.RemoteWebDriver.execute(RemoteWebDriver.java:558)
      	at org.openqa.selenium.remote.ElementLocation$ElementFinder$2.findElement(ElementLocation.java:162)
      	at org.openqa.selenium.remote.ElementLocation.findElement(ElementLocation.java:60)
      	at org.openqa.selenium.remote.RemoteWebDriver.findElement(RemoteWebDriver.java:382)
      	at org.openqa.selenium.remote.RemoteWebDriver.findElement(RemoteWebDriver.java:374)
      	at org.openqa.selenium.support.pagefactory.DefaultElementLocator.findElement(DefaultElementLocator.java:70)
      	at org.openqa.selenium.support.pagefactory.internal.LocatingElementHandler.invoke(LocatingElementHandler.java:39)
      	at com.sun.proxy.$Proxy21.click(Unknown Source)
      	at org.example.pageObject.UpdateTeacherPage.toEditProfile(UpdateTeacherPage.java:327)
      	at step_definitions.UpdateTeacherSteps.userMoveToEditProfile(UpdateTeacherSteps.java:1195)
      	at ✽.And User move to edit profile(features/UpdateTeacher.feature:11)
      &amp#27;[0m
]]></system-out>
  </testcase>
  <testcase name="When Teacher click &apos;Jenjang Pendidikan&apos; field" classname="Scenario: Verify &apos;Jenjang Pendidikan&apos; option is enabled" time="0">
    <skipped/>
  </testcase>
  <testcase name="Then &apos;Jenjang Pendidikan&apos; field is enabled" classname="Scenario: Verify &apos;Jenjang Pendidikan&apos; option is enabled" time="0">
    <skipped/>
  </testcase>
  <testcase name="And Show Dropdown list" classname="Scenario: Verify &apos;Jenjang Pendidikan&apos; option is enabled" time="0">
    <skipped/>
  </testcase>
  <testcase name="Then Option from &apos;Jenjang Pendidikan&apos; Can be Clicked" classname="Scenario: Verify &apos;Jenjang Pendidikan&apos; option is enabled" time="0">
    <skipped/>
  </testcase>
  <testcase name="Given User open the website GuruMu" classname="Scenario: Verify &apos;Unggah Ijazah&apos; field is enabled" time="0">
    <system-out><![CDATA[
  Scenario: Verify 'Jenjang Pendidikan' option is enabled &amp#27;[90m# features/UpdateTeacher.feature:85&amp#27;[0m
    &amp#27;[36mGiven &amp#27;[0m&amp#27;[36mTeacher already on Edit Profile page&amp#27;[0m            &amp#27;[90m# UpdateTeacherSteps.teacherAlreadyOnEditProfilePage()&amp#27;[0m
    &amp#27;[36mWhen &amp#27;[0m&amp#27;[36mTeacher click 'Jenjang Pendidikan' field&amp#27;[0m         &amp#27;[90m# UpdateTeacherSteps.teacherClickJenjangPendidikanField()&amp#27;[0m
    &amp#27;[36mThen &amp#27;[0m&amp#27;[36m'Jenjang Pendidikan' field is enabled&amp#27;[0m            &amp#27;[90m# UpdateTeacherSteps.jenjangPendidikanFieldIsEnabled()&amp#27;[0m
    &amp#27;[36mAnd &amp#27;[0m&amp#27;[36mShow Dropdown list&amp#27;[0m                                &amp#27;[90m# UpdateTeacherSteps.showDropdownList()&amp#27;[0m
    &amp#27;[36mThen &amp#27;[0m&amp#27;[36mOption from 'Jenjang Pendidikan' Can be Clicked&amp#27;[0m  &amp#27;[90m# UpdateTeacherSteps.optionFromJenjangPendidikanCanBeClicked()&amp#27;[0m
]]></system-out>
    <system-err><![CDATA[Starting ChromeDriver 110.0.5481.77 (65ed616c6e8ee3fe0ad64fe83796c020644d42af-refs/branch-heads/5481@{#839}) on port 59187
Only local connections are allowed.
Please see https://chromedriver.chromium.org/security-considerations for suggestions on keeping ChromeDriver safe.
ChromeDriver was started successfully.
[1676554584.616][WARNING]: virtual void DevToolsClientImpl::AddListener(DevToolsEventListener *) subscribing a listener to the already connected DevToolsClient. Connection notification will not arrive.
Feb 16, 2023 8:36:24 PM org.openqa.selenium.remote.ProtocolHandshake createSession
INFO: Detected dialect: W3C
Feb 16, 2023 8:36:24 PM org.openqa.selenium.devtools.CdpVersionFinder findNearestMatch
WARNING: Unable to find an exact match for CDP version 110, so returning the closest version found: a no-op implementation
Feb 16, 2023 8:36:24 PM org.openqa.selenium.devtools.CdpVersionFinder findNearestMatch
INFO: Unable to find CDP implementation matching 110.
Feb 16, 2023 8:36:24 PM org.openqa.selenium.chromium.ChromiumDriver lambda$new$3
WARNING: Unable to find version of CDP to use for . You may need to include a dependency on a specific version of the CDP using something similar to `org.seleniumhq.selenium:selenium-devtools-v86:4.1.2` where the version ("v86") matches the version of the chromium-based browser you're using and the version number of the artifact is the same as Selenium's.
]]></system-err>
  </testcase>
  <testcase name="Given User open the website GuruMu" classname="Scenario: Verify &apos;Unggah Ijazah&apos; field is enabled" time="0">
    <system-out><![CDATA[
  @TestUpdateTeacher @Test
  Scenario Outline: Verify 'Unggah Ijazah' with over 400 x 400 pixels                  &amp#27;[90m# features/UpdateTeacher.feature:119&amp#27;[0m
    &amp#27;[36mGiven &amp#27;[0m&amp#27;[36mTeacher already on Edit Profile page&amp#27;[0m                                         &amp#27;[90m# UpdateTeacherSteps.teacherAlreadyOnEditProfilePage()&amp#27;[0m
    &amp#27;[36mWhen &amp#27;[0m&amp#27;[36mTeacher click 'Unggah Ijazah' field&amp#27;[0m                                           &amp#27;[90m# UpdateTeacherSteps.teacherClickUnggahIjazahField()&amp#27;[0m
    &amp#27;[36mThen &amp#27;[0m&amp#27;[36mTeacher Upload "&amp#27;[0m&amp#27;[36m&amp#27;[1muyuy.png&amp#27;[0m&amp#27;[36m" with over &amp#27;[0m&amp#27;[36m&amp#27;[1m400&amp#27;[0m&amp#27;[36m x &amp#27;[0m&amp#27;[36m&amp#27;[1m400&amp#27;[0m&amp#27;[36m pixels in 'Unggah Ijazah' field&amp#27;[0m &amp#27;[90m# UpdateTeacherSteps.teacherUploadWithOverXPixelsInUnggahIjazahField(String,int,int)&amp#27;[0m
]]></system-out>
    <system-err><![CDATA[Starting ChromeDriver 110.0.5481.77 (65ed616c6e8ee3fe0ad64fe83796c020644d42af-refs/branch-heads/5481@{#839}) on port 53670
Only local connections are allowed.
Please see https://chromedriver.chromium.org/security-considerations for suggestions on keeping ChromeDriver safe.
ChromeDriver was started successfully.
[1676554702.848][WARNING]: virtual void DevToolsClientImpl::AddListener(DevToolsEventListener *) subscribing a listener to the already connected DevToolsClient. Connection notification will not arrive.
Feb 16, 2023 8:38:23 PM org.openqa.selenium.remote.ProtocolHandshake createSession
INFO: Detected dialect: W3C
Feb 16, 2023 8:38:23 PM org.openqa.selenium.devtools.CdpVersionFinder findNearestMatch
WARNING: Unable to find an exact match for CDP version 110, so returning the closest version found: a no-op implementation
Feb 16, 2023 8:38:23 PM org.openqa.selenium.devtools.CdpVersionFinder findNearestMatch
INFO: Unable to find CDP implementation matching 110.
Feb 16, 2023 8:38:23 PM org.openqa.selenium.chromium.ChromiumDriver lambda$new$3
WARNING: Unable to find version of CDP to use for . You may need to include a dependency on a specific version of the CDP using something similar to `org.seleniumhq.selenium:selenium-devtools-v86:4.1.2` where the version ("v86") matches the version of the chromium-based browser you're using and the version number of the artifact is the same as Selenium's.
]]></system-err>
  </testcase>
  <testcase name="When User click avatar navigation" classname="Scenario: Verify &apos;Unggah Ijazah&apos; field is enabled" time="0"/>
  <testcase name="When User click avatar navigation" classname="Scenario: Verify &apos;Unggah Ijazah&apos; field is enabled" time="0"/>
  <testcase name="And User click menu Masuk" classname="Scenario: Verify &apos;Unggah Ijazah&apos; field is enabled" time="0"/>
  <testcase name="And User click menu Masuk" classname="Scenario: Verify &apos;Unggah Ijazah&apos; field is enabled" time="0"/>
  <testcase name="And User input &quot;zulfeekei@gmail.com&quot; as email and input &quot;be123&quot; as password" classname="Scenario: Verify &apos;Unggah Ijazah&apos; field is enabled" time="0"/>
  <testcase name="And User input &quot;zulfeekei@gmail.com&quot; as email and input &quot;be123&quot; as password" classname="Scenario: Verify &apos;Unggah Ijazah&apos; field is enabled" time="0"/>
  <testcase name="And User clicked masuk button" classname="Scenario: Verify &apos;Unggah Ijazah&apos; field is enabled" time="0"/>
  <testcase name="And User clicked masuk button" classname="Scenario: Verify &apos;Unggah Ijazah&apos; field is enabled" time="0"/>
  <testcase name="When User move to Profile Page" classname="Scenario: Verify &apos;Unggah Ijazah&apos; field is enabled" time="0.001">
    <error message="no such element: Unable to locate element: {&quot;method&quot;:&quot;xpath&quot;,&quot;selector&quot;:&quot;//h2[@class=&apos;swal2-title&apos;]&quot;}&#10;  (Session info: chrome=110.0.5481.100)&#10;For documentation on this error, please visit: https://selenium.dev/exceptions/#no_such_element&#10;Build info: version: &apos;4.1.2&apos;, revision: &apos;9a5a329c5a&apos;&#10;System info: host: &apos;nsystem-mbp&apos;, ip: &apos;fe80:0:0:0:ce7:beec:a50b:8367%en0&apos;, os.name: &apos;Mac OS X&apos;, os.arch: &apos;x86_64&apos;, os.version: &apos;10.16&apos;, java.version: &apos;1.8.0_201&apos;&#10;Driver info: org.openqa.selenium.chrome.ChromeDriver&#10;Command: [5d48c44ac63d36fbace57bfc9fbd5ede, findElement {using=xpath, value=//h2[@class=&apos;swal2-title&apos;]}]&#10;Capabilities {acceptInsecureCerts: false, browserName: chrome, browserVersion: 110.0.5481.100, chrome: {chromedriverVersion: 110.0.5481.77 (65ed616c6e8e..., userDataDir: /var/folders/00/xzw63_pj58g...}, goog:chromeOptions: {debuggerAddress: localhost:51037}, javascriptEnabled: true, networkConnectionEnabled: false, pageLoadStrategy: normal, platform: MAC, platformName: MAC, proxy: Proxy(), se:cdp: ws://localhost:51037/devtoo..., se:cdpVersion: 110.0.5481.100, setWindowRect: true, strictFileInteractability: false, timeouts: {implicit: 0, pageLoad: 300000, script: 30000}, unhandledPromptBehavior: dismiss and notify, webauthn:extension:credBlob: true, webauthn:extension:largeBlob: true, webauthn:virtualAuthenticators: true}&#10;Session ID: 5d48c44ac63d36fbace57bfc9fbd5ede" type="org.openqa.selenium.NoSuchElementException"><![CDATA[org.openqa.selenium.NoSuchElementException: 
no such element: Unable to locate element: {"method":"xpath","selector":"//h2[@class='swal2-title']"}
  (Session info: chrome=110.0.5481.100)
For documentation on this error, please visit: https://selenium.dev/exceptions/#no_such_element
Build info: version: '4.1.2', revision: '9a5a329c5a'
System info: host: 'nsystem-mbp', ip: 'fe80:0:0:0:ce7:beec:a50b:8367%en0', os.name: 'Mac OS X', os.arch: 'x86_64', os.version: '10.16', java.version: '1.8.0_201'
Driver info: org.openqa.selenium.chrome.ChromeDriver
Command: [5d48c44ac63d36fbace57bfc9fbd5ede, findElement {using=xpath, value=//h2[@class='swal2-title']}]
Capabilities {acceptInsecureCerts: false, browserName: chrome, browserVersion: 110.0.5481.100, chrome: {chromedriverVersion: 110.0.5481.77 (65ed616c6e8e..., userDataDir: /var/folders/00/xzw63_pj58g...}, goog:chromeOptions: {debuggerAddress: localhost:51037}, javascriptEnabled: true, networkConnectionEnabled: false, pageLoadStrategy: normal, platform: MAC, platformName: MAC, proxy: Proxy(), se:cdp: ws://localhost:51037/devtoo..., se:cdpVersion: 110.0.5481.100, setWindowRect: true, strictFileInteractability: false, timeouts: {implicit: 0, pageLoad: 300000, script: 30000}, unhandledPromptBehavior: dismiss and notify, webauthn:extension:credBlob: true, webauthn:extension:largeBlob: true, webauthn:virtualAuthenticators: true}
Session ID: 5d48c44ac63d36fbace57bfc9fbd5ede
]]></error>
  </testcase>
  <testcase name="When User move to Profile Page" classname="Scenario: Verify &apos;Unggah Ijazah&apos; field is enabled" time="0.001"/>
  <testcase name="" classname="Scenario: Verify &apos;Unggah Ijazah&apos; field is enabled" time="0.002">
    <error message="no such element: Unable to locate element: {&quot;method&quot;:&quot;xpath&quot;,&quot;selector&quot;:&quot;//h2[@class=&apos;swal2-title&apos;]&quot;}&#10;  (Session info: chrome=110.0.5481.100)&#10;For documentation on this error, please visit: https://selenium.dev/exceptions/#no_such_element&#10;Build info: version: &apos;4.1.2&apos;, revision: &apos;9a5a329c5a&apos;&#10;System info: host: &apos;nsystem-mbp&apos;, ip: &apos;fe80:0:0:0:ce7:beec:a50b:8367%en0&apos;, os.name: &apos;Mac OS X&apos;, os.arch: &apos;x86_64&apos;, os.version: &apos;10.16&apos;, java.version: &apos;1.8.0_201&apos;&#10;Driver info: org.openqa.selenium.chrome.ChromeDriver&#10;Command: [5d48c44ac63d36fbace57bfc9fbd5ede, findElement {using=xpath, value=//h2[@class=&apos;swal2-title&apos;]}]&#10;Capabilities {acceptInsecureCerts: false, browserName: chrome, browserVersion: 110.0.5481.100, chrome: {chromedriverVersion: 110.0.5481.77 (65ed616c6e8e..., userDataDir: /var/folders/00/xzw63_pj58g...}, goog:chromeOptions: {debuggerAddress: localhost:51037}, javascriptEnabled: true, networkConnectionEnabled: false, pageLoadStrategy: normal, platform: MAC, platformName: MAC, proxy: Proxy(), se:cdp: ws://localhost:51037/devtoo..., se:cdpVersion: 110.0.5481.100, setWindowRect: true, strictFileInteractability: false, timeouts: {implicit: 0, pageLoad: 300000, script: 30000}, unhandledPromptBehavior: dismiss and notify, webauthn:extension:credBlob: true, webauthn:extension:largeBlob: true, webauthn:virtualAuthenticators: true}&#10;Session ID: 5d48c44ac63d36fbace57bfc9fbd5ede" type="org.openqa.selenium.NoSuchElementException"><![CDATA[org.openqa.selenium.NoSuchElementException: 
no such element: Unable to locate element: {"method":"xpath","selector":"//h2[@class='swal2-title']"}
  (Session info: chrome=110.0.5481.100)
For documentation on this error, please visit: https://selenium.dev/exceptions/#no_such_element
Build info: version: '4.1.2', revision: '9a5a329c5a'
System info: host: 'nsystem-mbp', ip: 'fe80:0:0:0:ce7:beec:a50b:8367%en0', os.name: 'Mac OS X', os.arch: 'x86_64', os.version: '10.16', java.version: '1.8.0_201'
Driver info: org.openqa.selenium.chrome.ChromeDriver
Command: [5d48c44ac63d36fbace57bfc9fbd5ede, findElement {using=xpath, value=//h2[@class='swal2-title']}]
Capabilities {acceptInsecureCerts: false, browserName: chrome, browserVersion: 110.0.5481.100, chrome: {chromedriverVersion: 110.0.5481.77 (65ed616c6e8e..., userDataDir: /var/folders/00/xzw63_pj58g...}, goog:chromeOptions: {debuggerAddress: localhost:51037}, javascriptEnabled: true, networkConnectionEnabled: false, pageLoadStrategy: normal, platform: MAC, platformName: MAC, proxy: Proxy(), se:cdp: ws://localhost:51037/devtoo..., se:cdpVersion: 110.0.5481.100, setWindowRect: true, strictFileInteractability: false, timeouts: {implicit: 0, pageLoad: 300000, script: 30000}, unhandledPromptBehavior: dismiss and notify, webauthn:extension:credBlob: true, webauthn:extension:largeBlob: true, webauthn:virtualAuthenticators: true}
Session ID: 5d48c44ac63d36fbace57bfc9fbd5ede
]]></error>
  </testcase>
  <testcase name="" classname="Scenario: Verify &apos;Unggah Ijazah&apos; field is enabled" time="0.006">
    <error message="no such element: Unable to locate element: {&quot;method&quot;:&quot;xpath&quot;,&quot;selector&quot;:&quot;//div[@class=&apos;bp4-tab pl-12 pr-12 pb-2 font-bold text-xl lg:ml-60 mx-auto&apos;]&quot;}&#10;  (Session info: chrome=110.0.5481.100)&#10;For documentation on this error, please visit: https://selenium.dev/exceptions/#no_such_element&#10;Build info: version: &apos;4.1.2&apos;, revision: &apos;9a5a329c5a&apos;&#10;System info: host: &apos;nsystem-mbp&apos;, ip: &apos;fe80:0:0:0:ce7:beec:a50b:8367%en0&apos;, os.name: &apos;Mac OS X&apos;, os.arch: &apos;x86_64&apos;, os.version: &apos;10.16&apos;, java.version: &apos;1.8.0_201&apos;&#10;Driver info: org.openqa.selenium.chrome.ChromeDriver&#10;Command: [eb9340e69931382e470a4352b8056e2c, findElement {using=xpath, value=//div[@class=&apos;bp4-tab pl-12 pr-12 pb-2 font-bold text-xl lg:ml-60 mx-auto&apos;]}]&#10;Capabilities {acceptInsecureCerts: false, browserName: chrome, browserVersion: 110.0.5481.100, chrome: {chromedriverVersion: 110.0.5481.77 (65ed616c6e8e..., userDataDir: /var/folders/00/xzw63_pj58g...}, goog:chromeOptions: {debuggerAddress: localhost:51131}, javascriptEnabled: true, networkConnectionEnabled: false, pageLoadStrategy: normal, platform: MAC, platformName: MAC, proxy: Proxy(), se:cdp: ws://localhost:51131/devtoo..., se:cdpVersion: 110.0.5481.100, setWindowRect: true, strictFileInteractability: false, timeouts: {implicit: 0, pageLoad: 300000, script: 30000}, unhandledPromptBehavior: dismiss and notify, webauthn:extension:credBlob: true, webauthn:extension:largeBlob: true, webauthn:virtualAuthenticators: true}&#10;Session ID: eb9340e69931382e470a4352b8056e2c" type="org.openqa.selenium.NoSuchElementException"><![CDATA[org.openqa.selenium.NoSuchElementException: 
no such element: Unable to locate element: {"method":"xpath","selector":"//div[@class='bp4-tab pl-12 pr-12 pb-2 font-bold text-xl lg:ml-60 mx-auto']"}
  (Session info: chrome=110.0.5481.100)
For documentation on this error, please visit: https://selenium.dev/exceptions/#no_such_element
Build info: version: '4.1.2', revision: '9a5a329c5a'
System info: host: 'nsystem-mbp', ip: 'fe80:0:0:0:ce7:beec:a50b:8367%en0', os.name: 'Mac OS X', os.arch: 'x86_64', os.version: '10.16', java.version: '1.8.0_201'
Driver info: org.openqa.selenium.chrome.ChromeDriver
Command: [eb9340e69931382e470a4352b8056e2c, findElement {using=xpath, value=//div[@class='bp4-tab pl-12 pr-12 pb-2 font-bold text-xl lg:ml-60 mx-auto']}]
Capabilities {acceptInsecureCerts: false, browserName: chrome, browserVersion: 110.0.5481.100, chrome: {chromedriverVersion: 110.0.5481.77 (65ed616c6e8e..., userDataDir: /var/folders/00/xzw63_pj58g...}, goog:chromeOptions: {debuggerAddress: localhost:51131}, javascriptEnabled: true, networkConnectionEnabled: false, pageLoadStrategy: normal, platform: MAC, platformName: MAC, proxy: Proxy(), se:cdp: ws://localhost:51131/devtoo..., se:cdpVersion: 110.0.5481.100, setWindowRect: true, strictFileInteractability: false, timeouts: {implicit: 0, pageLoad: 300000, script: 30000}, unhandledPromptBehavior: dismiss and notify, webauthn:extension:credBlob: true, webauthn:extension:largeBlob: true, webauthn:virtualAuthenticators: true}
Session ID: eb9340e69931382e470a4352b8056e2c
]]></error>
  </testcase>
  <testcase name="And User move to edit profile" classname="Scenario: Verify &apos;Unggah Ijazah&apos; field is enabled" time="0">
    <skipped/>
  </testcase>
  <testcase name="And User move to edit profile" classname="Scenario: Verify &apos;Unggah Ijazah&apos; field is enabled" time="0.005">
    <error message="no such element: Unable to locate element: {&quot;method&quot;:&quot;xpath&quot;,&quot;selector&quot;:&quot;//div[@class=&apos;bp4-tab pl-12 pr-12 pb-2 font-bold text-xl lg:ml-60 mx-auto&apos;]&quot;}&#10;  (Session info: chrome=110.0.5481.100)&#10;For documentation on this error, please visit: https://selenium.dev/exceptions/#no_such_element&#10;Build info: version: &apos;4.1.2&apos;, revision: &apos;9a5a329c5a&apos;&#10;System info: host: &apos;nsystem-mbp&apos;, ip: &apos;fe80:0:0:0:ce7:beec:a50b:8367%en0&apos;, os.name: &apos;Mac OS X&apos;, os.arch: &apos;x86_64&apos;, os.version: &apos;10.16&apos;, java.version: &apos;1.8.0_201&apos;&#10;Driver info: org.openqa.selenium.chrome.ChromeDriver&#10;Command: [eb9340e69931382e470a4352b8056e2c, findElement {using=xpath, value=//div[@class=&apos;bp4-tab pl-12 pr-12 pb-2 font-bold text-xl lg:ml-60 mx-auto&apos;]}]&#10;Capabilities {acceptInsecureCerts: false, browserName: chrome, browserVersion: 110.0.5481.100, chrome: {chromedriverVersion: 110.0.5481.77 (65ed616c6e8e..., userDataDir: /var/folders/00/xzw63_pj58g...}, goog:chromeOptions: {debuggerAddress: localhost:51131}, javascriptEnabled: true, networkConnectionEnabled: false, pageLoadStrategy: normal, platform: MAC, platformName: MAC, proxy: Proxy(), se:cdp: ws://localhost:51131/devtoo..., se:cdpVersion: 110.0.5481.100, setWindowRect: true, strictFileInteractability: false, timeouts: {implicit: 0, pageLoad: 300000, script: 30000}, unhandledPromptBehavior: dismiss and notify, webauthn:extension:credBlob: true, webauthn:extension:largeBlob: true, webauthn:virtualAuthenticators: true}&#10;Session ID: eb9340e69931382e470a4352b8056e2c" type="org.openqa.selenium.NoSuchElementException"><![CDATA[org.openqa.selenium.NoSuchElementException: 
no such element: Unable to locate element: {"method":"xpath","selector":"//div[@class='bp4-tab pl-12 pr-12 pb-2 font-bold text-xl lg:ml-60 mx-auto']"}
  (Session info: chrome=110.0.5481.100)
For documentation on this error, please visit: https://selenium.dev/exceptions/#no_such_element
Build info: version: '4.1.2', revision: '9a5a329c5a'
System info: host: 'nsystem-mbp', ip: 'fe80:0:0:0:ce7:beec:a50b:8367%en0', os.name: 'Mac OS X', os.arch: 'x86_64', os.version: '10.16', java.version: '1.8.0_201'
Driver info: org.openqa.selenium.chrome.ChromeDriver
Command: [eb9340e69931382e470a4352b8056e2c, findElement {using=xpath, value=//div[@class='bp4-tab pl-12 pr-12 pb-2 font-bold text-xl lg:ml-60 mx-auto']}]
Capabilities {acceptInsecureCerts: false, browserName: chrome, browserVersion: 110.0.5481.100, chrome: {chromedriverVersion: 110.0.5481.77 (65ed616c6e8e..., userDataDir: /var/folders/00/xzw63_pj58g...}, goog:chromeOptions: {debuggerAddress: localhost:51131}, javascriptEnabled: true, networkConnectionEnabled: false, pageLoadStrategy: normal, platform: MAC, platformName: MAC, proxy: Proxy(), se:cdp: ws://localhost:51131/devtoo..., se:cdpVersion: 110.0.5481.100, setWindowRect: true, strictFileInteractability: false, timeouts: {implicit: 0, pageLoad: 300000, script: 30000}, unhandledPromptBehavior: dismiss and notify, webauthn:extension:credBlob: true, webauthn:extension:largeBlob: true, webauthn:virtualAuthenticators: true}
Session ID: eb9340e69931382e470a4352b8056e2c
]]></error>
  </testcase>
  <testcase name="Given Teacher already on Edit Profile page" classname="Scenario: Verify &apos;Unggah Ijazah&apos; field is enabled" time="0">
    <skipped/>
    <system-out><![CDATA[
  Background:                                                                   &amp#27;[90m# features/UpdateTeacher.feature:4&amp#27;[0m
    &amp#27;[32mGiven &amp#27;[0m&amp#27;[32mUser open the website GuruMu&amp#27;[0m                                          &amp#27;[90m# LoginSteps.userOpenTheWebsiteGuruMu()&amp#27;[0m
    &amp#27;[32mWhen &amp#27;[0m&amp#27;[32mUser click avatar navigation&amp#27;[0m                                           &amp#27;[90m# LoginSteps.userClickAvatarNavigation()&amp#27;[0m
    &amp#27;[32mAnd &amp#27;[0m&amp#27;[32mUser click menu Masuk&amp#27;[0m                                                   &amp#27;[90m# LoginSteps.userClickMenuMasuk()&amp#27;[0m
    &amp#27;[32mAnd &amp#27;[0m&amp#27;[32mUser input "&amp#27;[0m&amp#27;[32m&amp#27;[1mzulfeekei@gmail.com&amp#27;[0m&amp#27;[32m" as email and input "&amp#27;[0m&amp#27;[32m&amp#27;[1mbe123&amp#27;[0m&amp#27;[32m" as password&amp#27;[0m &amp#27;[90m# LoginSteps.inputCredential(String,String)&amp#27;[0m
    &amp#27;[32mAnd &amp#27;[0m&amp#27;[32mUser clicked masuk button&amp#27;[0m                                               &amp#27;[90m# LoginSteps.userClickMasukButton()&amp#27;[0m
    &amp#27;[31mWhen &amp#27;[0m&amp#27;[31mUser move to Profile Page&amp#27;[0m                                              &amp#27;[90m# PenilaianUlasanSteps.userMoveToProfilePage()&amp#27;[0m
      &amp#27;[31morg.openqa.selenium.NoSuchElementException: no such element: Unable to locate element: {"method":"xpath","selector":"//h2[@class='swal2-title']"}
        (Session info: chrome=110.0.5481.100)
      For documentation on this error, please visit: https://selenium.dev/exceptions/#no_such_element
      Build info: version: '4.1.2', revision: '9a5a329c5a'
      System info: host: 'nsystem-mbp', ip: 'fe80:0:0:0:ce7:beec:a50b:8367%en0', os.name: 'Mac OS X', os.arch: 'x86_64', os.version: '10.16', java.version: '1.8.0_201'
      Driver info: org.openqa.selenium.chrome.ChromeDriver
      Command: [5d48c44ac63d36fbace57bfc9fbd5ede, findElement {using=xpath, value=//h2[@class='swal2-title']}]
      Capabilities {acceptInsecureCerts: false, browserName: chrome, browserVersion: 110.0.5481.100, chrome: {chromedriverVersion: 110.0.5481.77 (65ed616c6e8e..., userDataDir: /var/folders/00/xzw63_pj58g...}, goog:chromeOptions: {debuggerAddress: localhost:51037}, javascriptEnabled: true, networkConnectionEnabled: false, pageLoadStrategy: normal, platform: MAC, platformName: MAC, proxy: Proxy(), se:cdp: ws://localhost:51037/devtoo..., se:cdpVersion: 110.0.5481.100, setWindowRect: true, strictFileInteractability: false, timeouts: {implicit: 0, pageLoad: 300000, script: 30000}, unhandledPromptBehavior: dismiss and notify, webauthn:extension:credBlob: true, webauthn:extension:largeBlob: true, webauthn:virtualAuthenticators: true}
      Session ID: 5d48c44ac63d36fbace57bfc9fbd5ede
      	at sun.reflect.GeneratedConstructorAccessor38.newInstance(Unknown Source)
      	at sun.reflect.DelegatingConstructorAccessorImpl.newInstance(DelegatingConstructorAccessorImpl.java:45)
      	at java.lang.reflect.Constructor.newInstance(Constructor.java:423)
      	at org.openqa.selenium.remote.codec.w3c.W3CHttpResponseCodec.createException(W3CHttpResponseCodec.java:200)
      	at org.openqa.selenium.remote.codec.w3c.W3CHttpResponseCodec.decode(W3CHttpResponseCodec.java:133)
      	at org.openqa.selenium.remote.codec.w3c.W3CHttpResponseCodec.decode(W3CHttpResponseCodec.java:53)
      	at org.openqa.selenium.remote.HttpCommandExecutor.execute(HttpCommandExecutor.java:184)
      	at org.openqa.selenium.remote.service.DriverCommandExecutor.invokeExecute(DriverCommandExecutor.java:167)
      	at org.openqa.selenium.remote.service.DriverCommandExecutor.execute(DriverCommandExecutor.java:142)
      	at org.openqa.selenium.remote.RemoteWebDriver.execute(RemoteWebDriver.java:558)
      	at org.openqa.selenium.remote.ElementLocation$ElementFinder$2.findElement(ElementLocation.java:162)
      	at org.openqa.selenium.remote.ElementLocation.findElement(ElementLocation.java:60)
      	at org.openqa.selenium.remote.RemoteWebDriver.findElement(RemoteWebDriver.java:382)
      	at org.openqa.selenium.remote.RemoteWebDriver.findElement(RemoteWebDriver.java:374)
      	at org.openqa.selenium.support.pagefactory.DefaultElementLocator.findElement(DefaultElementLocator.java:70)
      	at org.openqa.selenium.support.pagefactory.internal.LocatingElementHandler.invoke(LocatingElementHandler.java:39)
      	at com.sun.proxy.$Proxy21.isDisplayed(Unknown Source)
      	at org.example.pageObject.BerandaPage.successMessageIsDisplayed(BerandaPage.java:169)
      	at step_definitions.PenilaianUlasanSteps.userMoveToProfilePage(PenilaianUlasanSteps.java:163)
      	at ✽.When User move to Profile Page(features/UpdateTeacher.feature:10)
      &amp#27;[0m
    &amp#27;[36mAnd &amp#27;[0m&amp#27;[36mUser move to edit profile&amp#27;[0m                                               &amp#27;[90m# UpdateTeacherSteps.userMoveToEditProfile()&amp#27;[0m
]]></system-out>
  </testcase>
  <testcase name="Given Teacher already on Edit Profile page" classname="Scenario: Verify &apos;Unggah Ijazah&apos; field is enabled" time="0">
    <skipped/>
    <system-out><![CDATA[
  Background:                                                                   &amp#27;[90m# features/UpdateTeacher.feature:4&amp#27;[0m
    &amp#27;[32mGiven &amp#27;[0m&amp#27;[32mUser open the website GuruMu&amp#27;[0m                                          &amp#27;[90m# LoginSteps.userOpenTheWebsiteGuruMu()&amp#27;[0m
    &amp#27;[32mWhen &amp#27;[0m&amp#27;[32mUser click avatar navigation&amp#27;[0m                                           &amp#27;[90m# LoginSteps.userClickAvatarNavigation()&amp#27;[0m
    &amp#27;[32mAnd &amp#27;[0m&amp#27;[32mUser click menu Masuk&amp#27;[0m                                                   &amp#27;[90m# LoginSteps.userClickMenuMasuk()&amp#27;[0m
    &amp#27;[32mAnd &amp#27;[0m&amp#27;[32mUser input "&amp#27;[0m&amp#27;[32m&amp#27;[1mzulfeekei@gmail.com&amp#27;[0m&amp#27;[32m" as email and input "&amp#27;[0m&amp#27;[32m&amp#27;[1mbe123&amp#27;[0m&amp#27;[32m" as password&amp#27;[0m &amp#27;[90m# LoginSteps.inputCredential(String,String)&amp#27;[0m
    &amp#27;[32mAnd &amp#27;[0m&amp#27;[32mUser clicked masuk button&amp#27;[0m                                               &amp#27;[90m# LoginSteps.userClickMasukButton()&amp#27;[0m
    &amp#27;[32mWhen &amp#27;[0m&amp#27;[32mUser move to Profile Page&amp#27;[0m                                              &amp#27;[90m# PenilaianUlasanSteps.userMoveToProfilePage()&amp#27;[0m
    &amp#27;[31mAnd &amp#27;[0m&amp#27;[31mUser move to edit profile&amp#27;[0m                                               &amp#27;[90m# UpdateTeacherSteps.userMoveToEditProfile()&amp#27;[0m
      &amp#27;[31morg.openqa.selenium.NoSuchElementException: no such element: Unable to locate element: {"method":"xpath","selector":"//div[@class='bp4-tab pl-12 pr-12 pb-2 font-bold text-xl lg:ml-60 mx-auto']"}
        (Session info: chrome=110.0.5481.100)
      For documentation on this error, please visit: https://selenium.dev/exceptions/#no_such_element
      Build info: version: '4.1.2', revision: '9a5a329c5a'
      System info: host: 'nsystem-mbp', ip: 'fe80:0:0:0:ce7:beec:a50b:8367%en0', os.name: 'Mac OS X', os.arch: 'x86_64', os.version: '10.16', java.version: '1.8.0_201'
      Driver info: org.openqa.selenium.chrome.ChromeDriver
      Command: [eb9340e69931382e470a4352b8056e2c, findElement {using=xpath, value=//div[@class='bp4-tab pl-12 pr-12 pb-2 font-bold text-xl lg:ml-60 mx-auto']}]
      Capabilities {acceptInsecureCerts: false, browserName: chrome, browserVersion: 110.0.5481.100, chrome: {chromedriverVersion: 110.0.5481.77 (65ed616c6e8e..., userDataDir: /var/folders/00/xzw63_pj58g...}, goog:chromeOptions: {debuggerAddress: localhost:51131}, javascriptEnabled: true, networkConnectionEnabled: false, pageLoadStrategy: normal, platform: MAC, platformName: MAC, proxy: Proxy(), se:cdp: ws://localhost:51131/devtoo..., se:cdpVersion: 110.0.5481.100, setWindowRect: true, strictFileInteractability: false, timeouts: {implicit: 0, pageLoad: 300000, script: 30000}, unhandledPromptBehavior: dismiss and notify, webauthn:extension:credBlob: true, webauthn:extension:largeBlob: true, webauthn:virtualAuthenticators: true}
      Session ID: eb9340e69931382e470a4352b8056e2c
      	at sun.reflect.GeneratedConstructorAccessor38.newInstance(Unknown Source)
      	at sun.reflect.DelegatingConstructorAccessorImpl.newInstance(DelegatingConstructorAccessorImpl.java:45)
      	at java.lang.reflect.Constructor.newInstance(Constructor.java:423)
      	at org.openqa.selenium.remote.codec.w3c.W3CHttpResponseCodec.createException(W3CHttpResponseCodec.java:200)
      	at org.openqa.selenium.remote.codec.w3c.W3CHttpResponseCodec.decode(W3CHttpResponseCodec.java:133)
      	at org.openqa.selenium.remote.codec.w3c.W3CHttpResponseCodec.decode(W3CHttpResponseCodec.java:53)
      	at org.openqa.selenium.remote.HttpCommandExecutor.execute(HttpCommandExecutor.java:184)
      	at org.openqa.selenium.remote.service.DriverCommandExecutor.invokeExecute(DriverCommandExecutor.java:167)
      	at org.openqa.selenium.remote.service.DriverCommandExecutor.execute(DriverCommandExecutor.java:142)
      	at org.openqa.selenium.remote.RemoteWebDriver.execute(RemoteWebDriver.java:558)
      	at org.openqa.selenium.remote.ElementLocation$ElementFinder$2.findElement(ElementLocation.java:162)
      	at org.openqa.selenium.remote.ElementLocation.findElement(ElementLocation.java:60)
      	at org.openqa.selenium.remote.RemoteWebDriver.findElement(RemoteWebDriver.java:382)
      	at org.openqa.selenium.remote.RemoteWebDriver.findElement(RemoteWebDriver.java:374)
      	at org.openqa.selenium.support.pagefactory.DefaultElementLocator.findElement(DefaultElementLocator.java:70)
      	at org.openqa.selenium.support.pagefactory.internal.LocatingElementHandler.invoke(LocatingElementHandler.java:39)
      	at com.sun.proxy.$Proxy21.click(Unknown Source)
      	at org.example.pageObject.UpdateTeacherPage.toEditProfile(UpdateTeacherPage.java:327)
      	at step_definitions.UpdateTeacherSteps.userMoveToEditProfile(UpdateTeacherSteps.java:1195)
      	at ✽.And User move to edit profile(features/UpdateTeacher.feature:11)
      &amp#27;[0m
]]></system-out>
  </testcase>
  <testcase name="When Teacher click &apos;Unggah Ijazah&apos; field" classname="Scenario: Verify &apos;Unggah Ijazah&apos; field is enabled" time="0">
    <skipped/>
  </testcase>
  <testcase name="When Teacher click &apos;Unggah Ijazah&apos; field" classname="Scenario: Verify &apos;Unggah Ijazah&apos; field is enabled" time="0">
    <skipped/>
  </testcase>
  <testcase name="Then &apos;Unggah Ijazah&apos; field is enabled" classname="Scenario: Verify &apos;Unggah Ijazah&apos; field is enabled" time="0">
    <skipped/>
  </testcase>
  <testcase name="Then &apos;Unggah Ijazah&apos; field is enabled" classname="Scenario: Verify &apos;Unggah Ijazah&apos; field is enabled" time="0">
    <skipped/>
  </testcase>
  <testcase name="Given User open the website GuruMu" classname="Scenario: Verify &apos;Date&apos; field in Atur Waktu Mengajar is enabled" time="0">
    <system-out><![CDATA[
  @TestUpdateTeacher @Test
  Scenario Outline: Verify 'Unggah Foto' with over 400 x 400 pixels                  &amp#27;[90m# features/UpdateTeacher.feature:148&amp#27;[0m
    &amp#27;[36mGiven &amp#27;[0m&amp#27;[36mTeacher already on Edit Profile page&amp#27;[0m                                       &amp#27;[90m# UpdateTeacherSteps.teacherAlreadyOnEditProfilePage()&amp#27;[0m
    &amp#27;[36mWhen &amp#27;[0m&amp#27;[36mTeacher click 'Unggah Foto' field&amp#27;[0m                                           &amp#27;[90m# UpdateTeacherSteps.teacherClickUnggahFotoField()&amp#27;[0m
    &amp#27;[36mThen &amp#27;[0m&amp#27;[36mTeacher Upload "&amp#27;[0m&amp#27;[36m&amp#27;[1muyuy.png&amp#27;[0m&amp#27;[36m" with over &amp#27;[0m&amp#27;[36m&amp#27;[1m400&amp#27;[0m&amp#27;[36m x &amp#27;[0m&amp#27;[36m&amp#27;[1m400&amp#27;[0m&amp#27;[36m pixels in 'Unggah Foto' field&amp#27;[0m &amp#27;[90m# UpdateTeacherSteps.teacherUploadWithOverXPixelsInUnggahFotoField(String,int,int)&amp#27;[0m
]]></system-out>
    <system-err><![CDATA[Starting ChromeDriver 110.0.5481.77 (65ed616c6e8ee3fe0ad64fe83796c020644d42af-refs/branch-heads/5481@{#839}) on port 50875
Only local connections are allowed.
Please see https://chromedriver.chromium.org/security-considerations for suggestions on keeping ChromeDriver safe.
ChromeDriver was started successfully.
[1676554821.581][WARNING]: virtual void DevToolsClientImpl::AddListener(DevToolsEventListener *) subscribing a listener to the already connected DevToolsClient. Connection notification will not arrive.
Feb 16, 2023 8:40:21 PM org.openqa.selenium.remote.ProtocolHandshake createSession
INFO: Detected dialect: W3C
Feb 16, 2023 8:40:21 PM org.openqa.selenium.devtools.CdpVersionFinder findNearestMatch
WARNING: Unable to find an exact match for CDP version 110, so returning the closest version found: a no-op implementation
Feb 16, 2023 8:40:21 PM org.openqa.selenium.devtools.CdpVersionFinder findNearestMatch
INFO: Unable to find CDP implementation matching 110.
Feb 16, 2023 8:40:21 PM org.openqa.selenium.chromium.ChromiumDriver lambda$new$3
WARNING: Unable to find version of CDP to use for . You may need to include a dependency on a specific version of the CDP using something similar to `org.seleniumhq.selenium:selenium-devtools-v86:4.1.2` where the version ("v86") matches the version of the chromium-based browser you're using and the version number of the artifact is the same as Selenium's.
]]></system-err>
  </testcase>
  <testcase name="When User click avatar navigation" classname="Scenario: Verify &apos;Date&apos; field in Atur Waktu Mengajar is enabled" time="0"/>
  <testcase name="And User click menu Masuk" classname="Scenario: Verify &apos;Date&apos; field in Atur Waktu Mengajar is enabled" time="0"/>
  <testcase name="And User input &quot;zulfeekei@gmail.com&quot; as email and input &quot;be123&quot; as password" classname="Scenario: Verify &apos;Date&apos; field in Atur Waktu Mengajar is enabled" time="0"/>
  <testcase name="And User clicked masuk button" classname="Scenario: Verify &apos;Date&apos; field in Atur Waktu Mengajar is enabled" time="0"/>
  <testcase name="When User move to Profile Page" classname="Scenario: Verify &apos;Date&apos; field in Atur Waktu Mengajar is enabled" time="0"/>
  <testcase name="And User move to edit profile" classname="Scenario: Verify &apos;Date&apos; field in Atur Waktu Mengajar is enabled" time="0.004">
    <error message="no such element: Unable to locate element: {&quot;method&quot;:&quot;xpath&quot;,&quot;selector&quot;:&quot;//div[@class=&apos;bp4-tab pl-12 pr-12 pb-2 font-bold text-xl lg:ml-60 mx-auto&apos;]&quot;}&#10;  (Session info: chrome=110.0.5481.100)&#10;For documentation on this error, please visit: https://selenium.dev/exceptions/#no_such_element&#10;Build info: version: &apos;4.1.2&apos;, revision: &apos;9a5a329c5a&apos;&#10;System info: host: &apos;nsystem-mbp&apos;, ip: &apos;fe80:0:0:0:ce7:beec:a50b:8367%en0&apos;, os.name: &apos;Mac OS X&apos;, os.arch: &apos;x86_64&apos;, os.version: &apos;10.16&apos;, java.version: &apos;1.8.0_201&apos;&#10;Driver info: org.openqa.selenium.chrome.ChromeDriver&#10;Command: [db36516d45337fbce6a42eb0834b0daf, findElement {using=xpath, value=//div[@class=&apos;bp4-tab pl-12 pr-12 pb-2 font-bold text-xl lg:ml-60 mx-auto&apos;]}]&#10;Capabilities {acceptInsecureCerts: false, browserName: chrome, browserVersion: 110.0.5481.100, chrome: {chromedriverVersion: 110.0.5481.77 (65ed616c6e8e..., userDataDir: /var/folders/00/xzw63_pj58g...}, goog:chromeOptions: {debuggerAddress: localhost:51230}, javascriptEnabled: true, networkConnectionEnabled: false, pageLoadStrategy: normal, platform: MAC, platformName: MAC, proxy: Proxy(), se:cdp: ws://localhost:51230/devtoo..., se:cdpVersion: 110.0.5481.100, setWindowRect: true, strictFileInteractability: false, timeouts: {implicit: 0, pageLoad: 300000, script: 30000}, unhandledPromptBehavior: dismiss and notify, webauthn:extension:credBlob: true, webauthn:extension:largeBlob: true, webauthn:virtualAuthenticators: true}&#10;Session ID: db36516d45337fbce6a42eb0834b0daf" type="org.openqa.selenium.NoSuchElementException"><![CDATA[org.openqa.selenium.NoSuchElementException: 
no such element: Unable to locate element: {"method":"xpath","selector":"//div[@class='bp4-tab pl-12 pr-12 pb-2 font-bold text-xl lg:ml-60 mx-auto']"}
  (Session info: chrome=110.0.5481.100)
For documentation on this error, please visit: https://selenium.dev/exceptions/#no_such_element
Build info: version: '4.1.2', revision: '9a5a329c5a'
System info: host: 'nsystem-mbp', ip: 'fe80:0:0:0:ce7:beec:a50b:8367%en0', os.name: 'Mac OS X', os.arch: 'x86_64', os.version: '10.16', java.version: '1.8.0_201'
Driver info: org.openqa.selenium.chrome.ChromeDriver
Command: [db36516d45337fbce6a42eb0834b0daf, findElement {using=xpath, value=//div[@class='bp4-tab pl-12 pr-12 pb-2 font-bold text-xl lg:ml-60 mx-auto']}]
Capabilities {acceptInsecureCerts: false, browserName: chrome, browserVersion: 110.0.5481.100, chrome: {chromedriverVersion: 110.0.5481.77 (65ed616c6e8e..., userDataDir: /var/folders/00/xzw63_pj58g...}, goog:chromeOptions: {debuggerAddress: localhost:51230}, javascriptEnabled: true, networkConnectionEnabled: false, pageLoadStrategy: normal, platform: MAC, platformName: MAC, proxy: Proxy(), se:cdp: ws://localhost:51230/devtoo..., se:cdpVersion: 110.0.5481.100, setWindowRect: true, strictFileInteractability: false, timeouts: {implicit: 0, pageLoad: 300000, script: 30000}, unhandledPromptBehavior: dismiss and notify, webauthn:extension:credBlob: true, webauthn:extension:largeBlob: true, webauthn:virtualAuthenticators: true}
Session ID: db36516d45337fbce6a42eb0834b0daf
]]></error>
  </testcase>
  <testcase name="" classname="Scenario: Verify &apos;Date&apos; field in Atur Waktu Mengajar is enabled" time="0.005">
    <error message="no such element: Unable to locate element: {&quot;method&quot;:&quot;xpath&quot;,&quot;selector&quot;:&quot;//div[@class=&apos;bp4-tab pl-12 pr-12 pb-2 font-bold text-xl lg:ml-60 mx-auto&apos;]&quot;}&#10;  (Session info: chrome=110.0.5481.100)&#10;For documentation on this error, please visit: https://selenium.dev/exceptions/#no_such_element&#10;Build info: version: &apos;4.1.2&apos;, revision: &apos;9a5a329c5a&apos;&#10;System info: host: &apos;nsystem-mbp&apos;, ip: &apos;fe80:0:0:0:ce7:beec:a50b:8367%en0&apos;, os.name: &apos;Mac OS X&apos;, os.arch: &apos;x86_64&apos;, os.version: &apos;10.16&apos;, java.version: &apos;1.8.0_201&apos;&#10;Driver info: org.openqa.selenium.chrome.ChromeDriver&#10;Command: [db36516d45337fbce6a42eb0834b0daf, findElement {using=xpath, value=//div[@class=&apos;bp4-tab pl-12 pr-12 pb-2 font-bold text-xl lg:ml-60 mx-auto&apos;]}]&#10;Capabilities {acceptInsecureCerts: false, browserName: chrome, browserVersion: 110.0.5481.100, chrome: {chromedriverVersion: 110.0.5481.77 (65ed616c6e8e..., userDataDir: /var/folders/00/xzw63_pj58g...}, goog:chromeOptions: {debuggerAddress: localhost:51230}, javascriptEnabled: true, networkConnectionEnabled: false, pageLoadStrategy: normal, platform: MAC, platformName: MAC, proxy: Proxy(), se:cdp: ws://localhost:51230/devtoo..., se:cdpVersion: 110.0.5481.100, setWindowRect: true, strictFileInteractability: false, timeouts: {implicit: 0, pageLoad: 300000, script: 30000}, unhandledPromptBehavior: dismiss and notify, webauthn:extension:credBlob: true, webauthn:extension:largeBlob: true, webauthn:virtualAuthenticators: true}&#10;Session ID: db36516d45337fbce6a42eb0834b0daf" type="org.openqa.selenium.NoSuchElementException"><![CDATA[org.openqa.selenium.NoSuchElementException: 
no such element: Unable to locate element: {"method":"xpath","selector":"//div[@class='bp4-tab pl-12 pr-12 pb-2 font-bold text-xl lg:ml-60 mx-auto']"}
  (Session info: chrome=110.0.5481.100)
For documentation on this error, please visit: https://selenium.dev/exceptions/#no_such_element
Build info: version: '4.1.2', revision: '9a5a329c5a'
System info: host: 'nsystem-mbp', ip: 'fe80:0:0:0:ce7:beec:a50b:8367%en0', os.name: 'Mac OS X', os.arch: 'x86_64', os.version: '10.16', java.version: '1.8.0_201'
Driver info: org.openqa.selenium.chrome.ChromeDriver
Command: [db36516d45337fbce6a42eb0834b0daf, findElement {using=xpath, value=//div[@class='bp4-tab pl-12 pr-12 pb-2 font-bold text-xl lg:ml-60 mx-auto']}]
Capabilities {acceptInsecureCerts: false, browserName: chrome, browserVersion: 110.0.5481.100, chrome: {chromedriverVersion: 110.0.5481.77 (65ed616c6e8e..., userDataDir: /var/folders/00/xzw63_pj58g...}, goog:chromeOptions: {debuggerAddress: localhost:51230}, javascriptEnabled: true, networkConnectionEnabled: false, pageLoadStrategy: normal, platform: MAC, platformName: MAC, proxy: Proxy(), se:cdp: ws://localhost:51230/devtoo..., se:cdpVersion: 110.0.5481.100, setWindowRect: true, strictFileInteractability: false, timeouts: {implicit: 0, pageLoad: 300000, script: 30000}, unhandledPromptBehavior: dismiss and notify, webauthn:extension:credBlob: true, webauthn:extension:largeBlob: true, webauthn:virtualAuthenticators: true}
Session ID: db36516d45337fbce6a42eb0834b0daf
]]></error>
  </testcase>
  <testcase name="Given Teacher already on Edit Profile page" classname="Scenario: Verify &apos;Date&apos; field in Atur Waktu Mengajar is enabled" time="0">
    <skipped/>
    <system-out><![CDATA[
  Background:                                                                   &amp#27;[90m# features/UpdateTeacher.feature:4&amp#27;[0m
    &amp#27;[32mGiven &amp#27;[0m&amp#27;[32mUser open the website GuruMu&amp#27;[0m                                          &amp#27;[90m# LoginSteps.userOpenTheWebsiteGuruMu()&amp#27;[0m
    &amp#27;[32mWhen &amp#27;[0m&amp#27;[32mUser click avatar navigation&amp#27;[0m                                           &amp#27;[90m# LoginSteps.userClickAvatarNavigation()&amp#27;[0m
    &amp#27;[32mAnd &amp#27;[0m&amp#27;[32mUser click menu Masuk&amp#27;[0m                                                   &amp#27;[90m# LoginSteps.userClickMenuMasuk()&amp#27;[0m
    &amp#27;[32mAnd &amp#27;[0m&amp#27;[32mUser input "&amp#27;[0m&amp#27;[32m&amp#27;[1mzulfeekei@gmail.com&amp#27;[0m&amp#27;[32m" as email and input "&amp#27;[0m&amp#27;[32m&amp#27;[1mbe123&amp#27;[0m&amp#27;[32m" as password&amp#27;[0m &amp#27;[90m# LoginSteps.inputCredential(String,String)&amp#27;[0m
    &amp#27;[32mAnd &amp#27;[0m&amp#27;[32mUser clicked masuk button&amp#27;[0m                                               &amp#27;[90m# LoginSteps.userClickMasukButton()&amp#27;[0m
    &amp#27;[32mWhen &amp#27;[0m&amp#27;[32mUser move to Profile Page&amp#27;[0m                                              &amp#27;[90m# PenilaianUlasanSteps.userMoveToProfilePage()&amp#27;[0m
    &amp#27;[31mAnd &amp#27;[0m&amp#27;[31mUser move to edit profile&amp#27;[0m                                               &amp#27;[90m# UpdateTeacherSteps.userMoveToEditProfile()&amp#27;[0m
      &amp#27;[31morg.openqa.selenium.NoSuchElementException: no such element: Unable to locate element: {"method":"xpath","selector":"//div[@class='bp4-tab pl-12 pr-12 pb-2 font-bold text-xl lg:ml-60 mx-auto']"}
        (Session info: chrome=110.0.5481.100)
      For documentation on this error, please visit: https://selenium.dev/exceptions/#no_such_element
      Build info: version: '4.1.2', revision: '9a5a329c5a'
      System info: host: 'nsystem-mbp', ip: 'fe80:0:0:0:ce7:beec:a50b:8367%en0', os.name: 'Mac OS X', os.arch: 'x86_64', os.version: '10.16', java.version: '1.8.0_201'
      Driver info: org.openqa.selenium.chrome.ChromeDriver
      Command: [db36516d45337fbce6a42eb0834b0daf, findElement {using=xpath, value=//div[@class='bp4-tab pl-12 pr-12 pb-2 font-bold text-xl lg:ml-60 mx-auto']}]
      Capabilities {acceptInsecureCerts: false, browserName: chrome, browserVersion: 110.0.5481.100, chrome: {chromedriverVersion: 110.0.5481.77 (65ed616c6e8e..., userDataDir: /var/folders/00/xzw63_pj58g...}, goog:chromeOptions: {debuggerAddress: localhost:51230}, javascriptEnabled: true, networkConnectionEnabled: false, pageLoadStrategy: normal, platform: MAC, platformName: MAC, proxy: Proxy(), se:cdp: ws://localhost:51230/devtoo..., se:cdpVersion: 110.0.5481.100, setWindowRect: true, strictFileInteractability: false, timeouts: {implicit: 0, pageLoad: 300000, script: 30000}, unhandledPromptBehavior: dismiss and notify, webauthn:extension:credBlob: true, webauthn:extension:largeBlob: true, webauthn:virtualAuthenticators: true}
      Session ID: db36516d45337fbce6a42eb0834b0daf
      	at sun.reflect.GeneratedConstructorAccessor38.newInstance(Unknown Source)
      	at sun.reflect.DelegatingConstructorAccessorImpl.newInstance(DelegatingConstructorAccessorImpl.java:45)
      	at java.lang.reflect.Constructor.newInstance(Constructor.java:423)
      	at org.openqa.selenium.remote.codec.w3c.W3CHttpResponseCodec.createException(W3CHttpResponseCodec.java:200)
      	at org.openqa.selenium.remote.codec.w3c.W3CHttpResponseCodec.decode(W3CHttpResponseCodec.java:133)
      	at org.openqa.selenium.remote.codec.w3c.W3CHttpResponseCodec.decode(W3CHttpResponseCodec.java:53)
      	at org.openqa.selenium.remote.HttpCommandExecutor.execute(HttpCommandExecutor.java:184)
      	at org.openqa.selenium.remote.service.DriverCommandExecutor.invokeExecute(DriverCommandExecutor.java:167)
      	at org.openqa.selenium.remote.service.DriverCommandExecutor.execute(DriverCommandExecutor.java:142)
      	at org.openqa.selenium.remote.RemoteWebDriver.execute(RemoteWebDriver.java:558)
      	at org.openqa.selenium.remote.ElementLocation$ElementFinder$2.findElement(ElementLocation.java:162)
      	at org.openqa.selenium.remote.ElementLocation.findElement(ElementLocation.java:60)
      	at org.openqa.selenium.remote.RemoteWebDriver.findElement(RemoteWebDriver.java:382)
      	at org.openqa.selenium.remote.RemoteWebDriver.findElement(RemoteWebDriver.java:374)
      	at org.openqa.selenium.support.pagefactory.DefaultElementLocator.findElement(DefaultElementLocator.java:70)
      	at org.openqa.selenium.support.pagefactory.internal.LocatingElementHandler.invoke(LocatingElementHandler.java:39)
      	at com.sun.proxy.$Proxy21.click(Unknown Source)
      	at org.example.pageObject.UpdateTeacherPage.toEditProfile(UpdateTeacherPage.java:327)
      	at step_definitions.UpdateTeacherSteps.userMoveToEditProfile(UpdateTeacherSteps.java:1195)
      	at ✽.And User move to edit profile(features/UpdateTeacher.feature:11)
      &amp#27;[0m
]]></system-out>
  </testcase>
  <testcase name="When Teacher click &apos;Date&apos; field" classname="Scenario: Verify &apos;Date&apos; field in Atur Waktu Mengajar is enabled" time="0">
    <skipped/>
  </testcase>
  <testcase name="Then &apos;Date&apos; field is enabled" classname="Scenario: Verify &apos;Date&apos; field in Atur Waktu Mengajar is enabled" time="0">
    <skipped/>
  </testcase>
  <testcase name="Given User open the website GuruMu" classname="Scenario: Input with Date in &apos;Date&apos; field from Atur Waktu Mengajar" time="0">
    <system-out><![CDATA[
  Scenario: Verify 'Date' field in Atur Waktu Mengajar is enabled &amp#27;[90m# features/UpdateTeacher.feature:150&amp#27;[0m
    &amp#27;[36mGiven &amp#27;[0m&amp#27;[36mTeacher already on Edit Profile page&amp#27;[0m                    &amp#27;[90m# UpdateTeacherSteps.teacherAlreadyOnEditProfilePage()&amp#27;[0m
    &amp#27;[33mWhen &amp#27;[0m&amp#27;[33mTeacher click 'Date' field&amp#27;[0m
    &amp#27;[36mThen &amp#27;[0m&amp#27;[36m'Date' field is enabled&amp#27;[0m                                  &amp#27;[90m# UpdateTeacherSteps.dateFieldIsEnabled()&amp#27;[0m
]]></system-out>
    <system-err><![CDATA[Starting ChromeDriver 110.0.5481.77 (65ed616c6e8ee3fe0ad64fe83796c020644d42af-refs/branch-heads/5481@{#839}) on port 49334
Only local connections are allowed.
Please see https://chromedriver.chromium.org/security-considerations for suggestions on keeping ChromeDriver safe.
ChromeDriver was started successfully.
[1676554857.155][WARNING]: virtual void DevToolsClientImpl::AddListener(DevToolsEventListener *) subscribing a listener to the already connected DevToolsClient. Connection notification will not arrive.
Feb 16, 2023 8:40:57 PM org.openqa.selenium.remote.ProtocolHandshake createSession
INFO: Detected dialect: W3C
Feb 16, 2023 8:40:57 PM org.openqa.selenium.devtools.CdpVersionFinder findNearestMatch
WARNING: Unable to find an exact match for CDP version 110, so returning the closest version found: a no-op implementation
Feb 16, 2023 8:40:57 PM org.openqa.selenium.devtools.CdpVersionFinder findNearestMatch
INFO: Unable to find CDP implementation matching 110.
Feb 16, 2023 8:40:57 PM org.openqa.selenium.chromium.ChromiumDriver lambda$new$3
WARNING: Unable to find version of CDP to use for . You may need to include a dependency on a specific version of the CDP using something similar to `org.seleniumhq.selenium:selenium-devtools-v86:4.1.2` where the version ("v86") matches the version of the chromium-based browser you're using and the version number of the artifact is the same as Selenium's.
]]></system-err>
  </testcase>
  <testcase name="Given User open the website GuruMu" classname="Scenario: Input with Date in &apos;Date&apos; field from Atur Waktu Mengajar" time="0">
    <system-out><![CDATA[
  Scenario: Input with Date in 'Date' field from Atur Waktu Mengajar &amp#27;[90m# features/UpdateTeacher.feature:155&amp#27;[0m
    &amp#27;[36mGiven &amp#27;[0m&amp#27;[36mTeacher already on Edit Profile page&amp#27;[0m                       &amp#27;[90m# UpdateTeacherSteps.teacherAlreadyOnEditProfilePage()&amp#27;[0m
    &amp#27;[36mWhen &amp#27;[0m&amp#27;[36mTeacher Click 'Date' field&amp#27;[0m                                  &amp#27;[90m# UpdateTeacherSteps.teacherClickDateField()&amp#27;[0m
    &amp#27;[36mThen &amp#27;[0m&amp#27;[36m'Date' field can be Clicked&amp#27;[0m                                 &amp#27;[90m# UpdateTeacherSteps.dateFieldCanBeClicked()&amp#27;[0m
    &amp#27;[36mAnd &amp#27;[0m&amp#27;[36mShow Date Picker&amp#27;[0m                                             &amp#27;[90m# UpdateTeacherSteps.showDatePicker()&amp#27;[0m
    &amp#27;[36mThen &amp#27;[0m&amp#27;[36mTeacher Click Date in 'Date' Picker&amp#27;[0m                         &amp#27;[90m# UpdateTeacherSteps.teacherClickDateInDatePicker()&amp#27;[0m
    &amp#27;[36mAnd &amp#27;[0m&amp#27;[36mDate Picker can be Clicked&amp#27;[0m                                   &amp#27;[90m# UpdateTeacherSteps.datePickerCanBeClicked()&amp#27;[0m
]]></system-out>
    <system-err><![CDATA[Starting ChromeDriver 110.0.5481.77 (65ed616c6e8ee3fe0ad64fe83796c020644d42af-refs/branch-heads/5481@{#839}) on port 51591
Only local connections are allowed.
Please see https://chromedriver.chromium.org/security-considerations for suggestions on keeping ChromeDriver safe.
ChromeDriver was started successfully.
[1676554886.989][WARNING]: virtual void DevToolsClientImpl::AddListener(DevToolsEventListener *) subscribing a listener to the already connected DevToolsClient. Connection notification will not arrive.
Feb 16, 2023 8:41:27 PM org.openqa.selenium.remote.ProtocolHandshake createSession
INFO: Detected dialect: W3C
Feb 16, 2023 8:41:27 PM org.openqa.selenium.devtools.CdpVersionFinder findNearestMatch
WARNING: Unable to find an exact match for CDP version 110, so returning the closest version found: a no-op implementation
Feb 16, 2023 8:41:27 PM org.openqa.selenium.devtools.CdpVersionFinder findNearestMatch
INFO: Unable to find CDP implementation matching 110.
Feb 16, 2023 8:41:27 PM org.openqa.selenium.chromium.ChromiumDriver lambda$new$3
WARNING: Unable to find version of CDP to use for . You may need to include a dependency on a specific version of the CDP using something similar to `org.seleniumhq.selenium:selenium-devtools-v86:4.1.2` where the version ("v86") matches the version of the chromium-based browser you're using and the version number of the artifact is the same as Selenium's.
]]></system-err>
  </testcase>
  <testcase name="When User click avatar navigation" classname="Scenario: Input with Date in &apos;Date&apos; field from Atur Waktu Mengajar" time="0"/>
  <testcase name="When User click avatar navigation" classname="Scenario: Input with Date in &apos;Date&apos; field from Atur Waktu Mengajar" time="0"/>
  <testcase name="And User click menu Masuk" classname="Scenario: Input with Date in &apos;Date&apos; field from Atur Waktu Mengajar" time="0"/>
  <testcase name="And User click menu Masuk" classname="Scenario: Input with Date in &apos;Date&apos; field from Atur Waktu Mengajar" time="0"/>
  <testcase name="And User input &quot;zulfeekei@gmail.com&quot; as email and input &quot;be123&quot; as password" classname="Scenario: Input with Date in &apos;Date&apos; field from Atur Waktu Mengajar" time="0"/>
  <testcase name="And User input &quot;zulfeekei@gmail.com&quot; as email and input &quot;be123&quot; as password" classname="Scenario: Input with Date in &apos;Date&apos; field from Atur Waktu Mengajar" time="0"/>
  <testcase name="And User clicked masuk button" classname="Scenario: Input with Date in &apos;Date&apos; field from Atur Waktu Mengajar" time="0"/>
  <testcase name="And User clicked masuk button" classname="Scenario: Input with Date in &apos;Date&apos; field from Atur Waktu Mengajar" time="0"/>
  <testcase name="When User move to Profile Page" classname="Scenario: Input with Date in &apos;Date&apos; field from Atur Waktu Mengajar" time="0"/>
  <testcase name="When User move to Profile Page" classname="Scenario: Input with Date in &apos;Date&apos; field from Atur Waktu Mengajar" time="0"/>
  <testcase name="And User move to edit profile" classname="Scenario: Input with Date in &apos;Date&apos; field from Atur Waktu Mengajar" time="0.004">
    <error message="no such element: Unable to locate element: {&quot;method&quot;:&quot;xpath&quot;,&quot;selector&quot;:&quot;//div[@class=&apos;bp4-tab pl-12 pr-12 pb-2 font-bold text-xl lg:ml-60 mx-auto&apos;]&quot;}&#10;  (Session info: chrome=110.0.5481.100)&#10;For documentation on this error, please visit: https://selenium.dev/exceptions/#no_such_element&#10;Build info: version: &apos;4.1.2&apos;, revision: &apos;9a5a329c5a&apos;&#10;System info: host: &apos;nsystem-mbp&apos;, ip: &apos;fe80:0:0:0:ce7:beec:a50b:8367%en0&apos;, os.name: &apos;Mac OS X&apos;, os.arch: &apos;x86_64&apos;, os.version: &apos;10.16&apos;, java.version: &apos;1.8.0_201&apos;&#10;Driver info: org.openqa.selenium.chrome.ChromeDriver&#10;Command: [a9347fb06a1a6331183c71c8d4eae782, findElement {using=xpath, value=//div[@class=&apos;bp4-tab pl-12 pr-12 pb-2 font-bold text-xl lg:ml-60 mx-auto&apos;]}]&#10;Capabilities {acceptInsecureCerts: false, browserName: chrome, browserVersion: 110.0.5481.100, chrome: {chromedriverVersion: 110.0.5481.77 (65ed616c6e8e..., userDataDir: /var/folders/00/xzw63_pj58g...}, goog:chromeOptions: {debuggerAddress: localhost:51258}, javascriptEnabled: true, networkConnectionEnabled: false, pageLoadStrategy: normal, platform: MAC, platformName: MAC, proxy: Proxy(), se:cdp: ws://localhost:51258/devtoo..., se:cdpVersion: 110.0.5481.100, setWindowRect: true, strictFileInteractability: false, timeouts: {implicit: 0, pageLoad: 300000, script: 30000}, unhandledPromptBehavior: dismiss and notify, webauthn:extension:credBlob: true, webauthn:extension:largeBlob: true, webauthn:virtualAuthenticators: true}&#10;Session ID: a9347fb06a1a6331183c71c8d4eae782" type="org.openqa.selenium.NoSuchElementException"><![CDATA[org.openqa.selenium.NoSuchElementException: 
no such element: Unable to locate element: {"method":"xpath","selector":"//div[@class='bp4-tab pl-12 pr-12 pb-2 font-bold text-xl lg:ml-60 mx-auto']"}
  (Session info: chrome=110.0.5481.100)
For documentation on this error, please visit: https://selenium.dev/exceptions/#no_such_element
Build info: version: '4.1.2', revision: '9a5a329c5a'
System info: host: 'nsystem-mbp', ip: 'fe80:0:0:0:ce7:beec:a50b:8367%en0', os.name: 'Mac OS X', os.arch: 'x86_64', os.version: '10.16', java.version: '1.8.0_201'
Driver info: org.openqa.selenium.chrome.ChromeDriver
Command: [a9347fb06a1a6331183c71c8d4eae782, findElement {using=xpath, value=//div[@class='bp4-tab pl-12 pr-12 pb-2 font-bold text-xl lg:ml-60 mx-auto']}]
Capabilities {acceptInsecureCerts: false, browserName: chrome, browserVersion: 110.0.5481.100, chrome: {chromedriverVersion: 110.0.5481.77 (65ed616c6e8e..., userDataDir: /var/folders/00/xzw63_pj58g...}, goog:chromeOptions: {debuggerAddress: localhost:51258}, javascriptEnabled: true, networkConnectionEnabled: false, pageLoadStrategy: normal, platform: MAC, platformName: MAC, proxy: Proxy(), se:cdp: ws://localhost:51258/devtoo..., se:cdpVersion: 110.0.5481.100, setWindowRect: true, strictFileInteractability: false, timeouts: {implicit: 0, pageLoad: 300000, script: 30000}, unhandledPromptBehavior: dismiss and notify, webauthn:extension:credBlob: true, webauthn:extension:largeBlob: true, webauthn:virtualAuthenticators: true}
Session ID: a9347fb06a1a6331183c71c8d4eae782
]]></error>
  </testcase>
  <testcase name="And User move to edit profile" classname="Scenario: Input with Date in &apos;Date&apos; field from Atur Waktu Mengajar" time="0.004">
    <error message="no such element: Unable to locate element: {&quot;method&quot;:&quot;xpath&quot;,&quot;selector&quot;:&quot;//div[@class=&apos;bp4-tab pl-12 pr-12 pb-2 font-bold text-xl lg:ml-60 mx-auto&apos;]&quot;}&#10;  (Session info: chrome=110.0.5481.100)&#10;For documentation on this error, please visit: https://selenium.dev/exceptions/#no_such_element&#10;Build info: version: &apos;4.1.2&apos;, revision: &apos;9a5a329c5a&apos;&#10;System info: host: &apos;nsystem-mbp&apos;, ip: &apos;fe80:0:0:0:ce7:beec:a50b:8367%en0&apos;, os.name: &apos;Mac OS X&apos;, os.arch: &apos;x86_64&apos;, os.version: &apos;10.16&apos;, java.version: &apos;1.8.0_201&apos;&#10;Driver info: org.openqa.selenium.chrome.ChromeDriver&#10;Command: [a0b1d4c3331701fff5dfc7daf6307253, findElement {using=xpath, value=//div[@class=&apos;bp4-tab pl-12 pr-12 pb-2 font-bold text-xl lg:ml-60 mx-auto&apos;]}]&#10;Capabilities {acceptInsecureCerts: false, browserName: chrome, browserVersion: 110.0.5481.100, chrome: {chromedriverVersion: 110.0.5481.77 (65ed616c6e8e..., userDataDir: /var/folders/00/xzw63_pj58g...}, goog:chromeOptions: {debuggerAddress: localhost:51282}, javascriptEnabled: true, networkConnectionEnabled: false, pageLoadStrategy: normal, platform: MAC, platformName: MAC, proxy: Proxy(), se:cdp: ws://localhost:51282/devtoo..., se:cdpVersion: 110.0.5481.100, setWindowRect: true, strictFileInteractability: false, timeouts: {implicit: 0, pageLoad: 300000, script: 30000}, unhandledPromptBehavior: dismiss and notify, webauthn:extension:credBlob: true, webauthn:extension:largeBlob: true, webauthn:virtualAuthenticators: true}&#10;Session ID: a0b1d4c3331701fff5dfc7daf6307253" type="org.openqa.selenium.NoSuchElementException"><![CDATA[org.openqa.selenium.NoSuchElementException: 
no such element: Unable to locate element: {"method":"xpath","selector":"//div[@class='bp4-tab pl-12 pr-12 pb-2 font-bold text-xl lg:ml-60 mx-auto']"}
  (Session info: chrome=110.0.5481.100)
For documentation on this error, please visit: https://selenium.dev/exceptions/#no_such_element
Build info: version: '4.1.2', revision: '9a5a329c5a'
System info: host: 'nsystem-mbp', ip: 'fe80:0:0:0:ce7:beec:a50b:8367%en0', os.name: 'Mac OS X', os.arch: 'x86_64', os.version: '10.16', java.version: '1.8.0_201'
Driver info: org.openqa.selenium.chrome.ChromeDriver
Command: [a0b1d4c3331701fff5dfc7daf6307253, findElement {using=xpath, value=//div[@class='bp4-tab pl-12 pr-12 pb-2 font-bold text-xl lg:ml-60 mx-auto']}]
Capabilities {acceptInsecureCerts: false, browserName: chrome, browserVersion: 110.0.5481.100, chrome: {chromedriverVersion: 110.0.5481.77 (65ed616c6e8e..., userDataDir: /var/folders/00/xzw63_pj58g...}, goog:chromeOptions: {debuggerAddress: localhost:51282}, javascriptEnabled: true, networkConnectionEnabled: false, pageLoadStrategy: normal, platform: MAC, platformName: MAC, proxy: Proxy(), se:cdp: ws://localhost:51282/devtoo..., se:cdpVersion: 110.0.5481.100, setWindowRect: true, strictFileInteractability: false, timeouts: {implicit: 0, pageLoad: 300000, script: 30000}, unhandledPromptBehavior: dismiss and notify, webauthn:extension:credBlob: true, webauthn:extension:largeBlob: true, webauthn:virtualAuthenticators: true}
Session ID: a0b1d4c3331701fff5dfc7daf6307253
]]></error>
  </testcase>
  <testcase name="" classname="Scenario: Input with Date in &apos;Date&apos; field from Atur Waktu Mengajar" time="0.005">
    <error message="no such element: Unable to locate element: {&quot;method&quot;:&quot;xpath&quot;,&quot;selector&quot;:&quot;//div[@class=&apos;bp4-tab pl-12 pr-12 pb-2 font-bold text-xl lg:ml-60 mx-auto&apos;]&quot;}&#10;  (Session info: chrome=110.0.5481.100)&#10;For documentation on this error, please visit: https://selenium.dev/exceptions/#no_such_element&#10;Build info: version: &apos;4.1.2&apos;, revision: &apos;9a5a329c5a&apos;&#10;System info: host: &apos;nsystem-mbp&apos;, ip: &apos;fe80:0:0:0:ce7:beec:a50b:8367%en0&apos;, os.name: &apos;Mac OS X&apos;, os.arch: &apos;x86_64&apos;, os.version: &apos;10.16&apos;, java.version: &apos;1.8.0_201&apos;&#10;Driver info: org.openqa.selenium.chrome.ChromeDriver&#10;Command: [a9347fb06a1a6331183c71c8d4eae782, findElement {using=xpath, value=//div[@class=&apos;bp4-tab pl-12 pr-12 pb-2 font-bold text-xl lg:ml-60 mx-auto&apos;]}]&#10;Capabilities {acceptInsecureCerts: false, browserName: chrome, browserVersion: 110.0.5481.100, chrome: {chromedriverVersion: 110.0.5481.77 (65ed616c6e8e..., userDataDir: /var/folders/00/xzw63_pj58g...}, goog:chromeOptions: {debuggerAddress: localhost:51258}, javascriptEnabled: true, networkConnectionEnabled: false, pageLoadStrategy: normal, platform: MAC, platformName: MAC, proxy: Proxy(), se:cdp: ws://localhost:51258/devtoo..., se:cdpVersion: 110.0.5481.100, setWindowRect: true, strictFileInteractability: false, timeouts: {implicit: 0, pageLoad: 300000, script: 30000}, unhandledPromptBehavior: dismiss and notify, webauthn:extension:credBlob: true, webauthn:extension:largeBlob: true, webauthn:virtualAuthenticators: true}&#10;Session ID: a9347fb06a1a6331183c71c8d4eae782" type="org.openqa.selenium.NoSuchElementException"><![CDATA[org.openqa.selenium.NoSuchElementException: 
no such element: Unable to locate element: {"method":"xpath","selector":"//div[@class='bp4-tab pl-12 pr-12 pb-2 font-bold text-xl lg:ml-60 mx-auto']"}
  (Session info: chrome=110.0.5481.100)
For documentation on this error, please visit: https://selenium.dev/exceptions/#no_such_element
Build info: version: '4.1.2', revision: '9a5a329c5a'
System info: host: 'nsystem-mbp', ip: 'fe80:0:0:0:ce7:beec:a50b:8367%en0', os.name: 'Mac OS X', os.arch: 'x86_64', os.version: '10.16', java.version: '1.8.0_201'
Driver info: org.openqa.selenium.chrome.ChromeDriver
Command: [a9347fb06a1a6331183c71c8d4eae782, findElement {using=xpath, value=//div[@class='bp4-tab pl-12 pr-12 pb-2 font-bold text-xl lg:ml-60 mx-auto']}]
Capabilities {acceptInsecureCerts: false, browserName: chrome, browserVersion: 110.0.5481.100, chrome: {chromedriverVersion: 110.0.5481.77 (65ed616c6e8e..., userDataDir: /var/folders/00/xzw63_pj58g...}, goog:chromeOptions: {debuggerAddress: localhost:51258}, javascriptEnabled: true, networkConnectionEnabled: false, pageLoadStrategy: normal, platform: MAC, platformName: MAC, proxy: Proxy(), se:cdp: ws://localhost:51258/devtoo..., se:cdpVersion: 110.0.5481.100, setWindowRect: true, strictFileInteractability: false, timeouts: {implicit: 0, pageLoad: 300000, script: 30000}, unhandledPromptBehavior: dismiss and notify, webauthn:extension:credBlob: true, webauthn:extension:largeBlob: true, webauthn:virtualAuthenticators: true}
Session ID: a9347fb06a1a6331183c71c8d4eae782
]]></error>
  </testcase>
  <testcase name="" classname="Scenario: Input with Date in &apos;Date&apos; field from Atur Waktu Mengajar" time="0.004">
    <error message="no such element: Unable to locate element: {&quot;method&quot;:&quot;xpath&quot;,&quot;selector&quot;:&quot;//div[@class=&apos;bp4-tab pl-12 pr-12 pb-2 font-bold text-xl lg:ml-60 mx-auto&apos;]&quot;}&#10;  (Session info: chrome=110.0.5481.100)&#10;For documentation on this error, please visit: https://selenium.dev/exceptions/#no_such_element&#10;Build info: version: &apos;4.1.2&apos;, revision: &apos;9a5a329c5a&apos;&#10;System info: host: &apos;nsystem-mbp&apos;, ip: &apos;fe80:0:0:0:ce7:beec:a50b:8367%en0&apos;, os.name: &apos;Mac OS X&apos;, os.arch: &apos;x86_64&apos;, os.version: &apos;10.16&apos;, java.version: &apos;1.8.0_201&apos;&#10;Driver info: org.openqa.selenium.chrome.ChromeDriver&#10;Command: [a0b1d4c3331701fff5dfc7daf6307253, findElement {using=xpath, value=//div[@class=&apos;bp4-tab pl-12 pr-12 pb-2 font-bold text-xl lg:ml-60 mx-auto&apos;]}]&#10;Capabilities {acceptInsecureCerts: false, browserName: chrome, browserVersion: 110.0.5481.100, chrome: {chromedriverVersion: 110.0.5481.77 (65ed616c6e8e..., userDataDir: /var/folders/00/xzw63_pj58g...}, goog:chromeOptions: {debuggerAddress: localhost:51282}, javascriptEnabled: true, networkConnectionEnabled: false, pageLoadStrategy: normal, platform: MAC, platformName: MAC, proxy: Proxy(), se:cdp: ws://localhost:51282/devtoo..., se:cdpVersion: 110.0.5481.100, setWindowRect: true, strictFileInteractability: false, timeouts: {implicit: 0, pageLoad: 300000, script: 30000}, unhandledPromptBehavior: dismiss and notify, webauthn:extension:credBlob: true, webauthn:extension:largeBlob: true, webauthn:virtualAuthenticators: true}&#10;Session ID: a0b1d4c3331701fff5dfc7daf6307253" type="org.openqa.selenium.NoSuchElementException"><![CDATA[org.openqa.selenium.NoSuchElementException: 
no such element: Unable to locate element: {"method":"xpath","selector":"//div[@class='bp4-tab pl-12 pr-12 pb-2 font-bold text-xl lg:ml-60 mx-auto']"}
  (Session info: chrome=110.0.5481.100)
For documentation on this error, please visit: https://selenium.dev/exceptions/#no_such_element
Build info: version: '4.1.2', revision: '9a5a329c5a'
System info: host: 'nsystem-mbp', ip: 'fe80:0:0:0:ce7:beec:a50b:8367%en0', os.name: 'Mac OS X', os.arch: 'x86_64', os.version: '10.16', java.version: '1.8.0_201'
Driver info: org.openqa.selenium.chrome.ChromeDriver
Command: [a0b1d4c3331701fff5dfc7daf6307253, findElement {using=xpath, value=//div[@class='bp4-tab pl-12 pr-12 pb-2 font-bold text-xl lg:ml-60 mx-auto']}]
Capabilities {acceptInsecureCerts: false, browserName: chrome, browserVersion: 110.0.5481.100, chrome: {chromedriverVersion: 110.0.5481.77 (65ed616c6e8e..., userDataDir: /var/folders/00/xzw63_pj58g...}, goog:chromeOptions: {debuggerAddress: localhost:51282}, javascriptEnabled: true, networkConnectionEnabled: false, pageLoadStrategy: normal, platform: MAC, platformName: MAC, proxy: Proxy(), se:cdp: ws://localhost:51282/devtoo..., se:cdpVersion: 110.0.5481.100, setWindowRect: true, strictFileInteractability: false, timeouts: {implicit: 0, pageLoad: 300000, script: 30000}, unhandledPromptBehavior: dismiss and notify, webauthn:extension:credBlob: true, webauthn:extension:largeBlob: true, webauthn:virtualAuthenticators: true}
Session ID: a0b1d4c3331701fff5dfc7daf6307253
]]></error>
  </testcase>
  <testcase name="Given Teacher already on Edit Profile page" classname="Scenario: Input with Date in &apos;Date&apos; field from Atur Waktu Mengajar" time="0">
    <skipped/>
    <system-out><![CDATA[
  Background:                                                                   &amp#27;[90m# features/UpdateTeacher.feature:4&amp#27;[0m
    &amp#27;[32mGiven &amp#27;[0m&amp#27;[32mUser open the website GuruMu&amp#27;[0m                                          &amp#27;[90m# LoginSteps.userOpenTheWebsiteGuruMu()&amp#27;[0m
    &amp#27;[32mWhen &amp#27;[0m&amp#27;[32mUser click avatar navigation&amp#27;[0m                                           &amp#27;[90m# LoginSteps.userClickAvatarNavigation()&amp#27;[0m
    &amp#27;[32mAnd &amp#27;[0m&amp#27;[32mUser click menu Masuk&amp#27;[0m                                                   &amp#27;[90m# LoginSteps.userClickMenuMasuk()&amp#27;[0m
    &amp#27;[32mAnd &amp#27;[0m&amp#27;[32mUser input "&amp#27;[0m&amp#27;[32m&amp#27;[1mzulfeekei@gmail.com&amp#27;[0m&amp#27;[32m" as email and input "&amp#27;[0m&amp#27;[32m&amp#27;[1mbe123&amp#27;[0m&amp#27;[32m" as password&amp#27;[0m &amp#27;[90m# LoginSteps.inputCredential(String,String)&amp#27;[0m
    &amp#27;[32mAnd &amp#27;[0m&amp#27;[32mUser clicked masuk button&amp#27;[0m                                               &amp#27;[90m# LoginSteps.userClickMasukButton()&amp#27;[0m
    &amp#27;[32mWhen &amp#27;[0m&amp#27;[32mUser move to Profile Page&amp#27;[0m                                              &amp#27;[90m# PenilaianUlasanSteps.userMoveToProfilePage()&amp#27;[0m
    &amp#27;[31mAnd &amp#27;[0m&amp#27;[31mUser move to edit profile&amp#27;[0m                                               &amp#27;[90m# UpdateTeacherSteps.userMoveToEditProfile()&amp#27;[0m
      &amp#27;[31morg.openqa.selenium.NoSuchElementException: no such element: Unable to locate element: {"method":"xpath","selector":"//div[@class='bp4-tab pl-12 pr-12 pb-2 font-bold text-xl lg:ml-60 mx-auto']"}
        (Session info: chrome=110.0.5481.100)
      For documentation on this error, please visit: https://selenium.dev/exceptions/#no_such_element
      Build info: version: '4.1.2', revision: '9a5a329c5a'
      System info: host: 'nsystem-mbp', ip: 'fe80:0:0:0:ce7:beec:a50b:8367%en0', os.name: 'Mac OS X', os.arch: 'x86_64', os.version: '10.16', java.version: '1.8.0_201'
      Driver info: org.openqa.selenium.chrome.ChromeDriver
      Command: [a9347fb06a1a6331183c71c8d4eae782, findElement {using=xpath, value=//div[@class='bp4-tab pl-12 pr-12 pb-2 font-bold text-xl lg:ml-60 mx-auto']}]
      Capabilities {acceptInsecureCerts: false, browserName: chrome, browserVersion: 110.0.5481.100, chrome: {chromedriverVersion: 110.0.5481.77 (65ed616c6e8e..., userDataDir: /var/folders/00/xzw63_pj58g...}, goog:chromeOptions: {debuggerAddress: localhost:51258}, javascriptEnabled: true, networkConnectionEnabled: false, pageLoadStrategy: normal, platform: MAC, platformName: MAC, proxy: Proxy(), se:cdp: ws://localhost:51258/devtoo..., se:cdpVersion: 110.0.5481.100, setWindowRect: true, strictFileInteractability: false, timeouts: {implicit: 0, pageLoad: 300000, script: 30000}, unhandledPromptBehavior: dismiss and notify, webauthn:extension:credBlob: true, webauthn:extension:largeBlob: true, webauthn:virtualAuthenticators: true}
      Session ID: a9347fb06a1a6331183c71c8d4eae782
      	at sun.reflect.GeneratedConstructorAccessor38.newInstance(Unknown Source)
      	at sun.reflect.DelegatingConstructorAccessorImpl.newInstance(DelegatingConstructorAccessorImpl.java:45)
      	at java.lang.reflect.Constructor.newInstance(Constructor.java:423)
      	at org.openqa.selenium.remote.codec.w3c.W3CHttpResponseCodec.createException(W3CHttpResponseCodec.java:200)
      	at org.openqa.selenium.remote.codec.w3c.W3CHttpResponseCodec.decode(W3CHttpResponseCodec.java:133)
      	at org.openqa.selenium.remote.codec.w3c.W3CHttpResponseCodec.decode(W3CHttpResponseCodec.java:53)
      	at org.openqa.selenium.remote.HttpCommandExecutor.execute(HttpCommandExecutor.java:184)
      	at org.openqa.selenium.remote.service.DriverCommandExecutor.invokeExecute(DriverCommandExecutor.java:167)
      	at org.openqa.selenium.remote.service.DriverCommandExecutor.execute(DriverCommandExecutor.java:142)
      	at org.openqa.selenium.remote.RemoteWebDriver.execute(RemoteWebDriver.java:558)
      	at org.openqa.selenium.remote.ElementLocation$ElementFinder$2.findElement(ElementLocation.java:162)
      	at org.openqa.selenium.remote.ElementLocation.findElement(ElementLocation.java:60)
      	at org.openqa.selenium.remote.RemoteWebDriver.findElement(RemoteWebDriver.java:382)
      	at org.openqa.selenium.remote.RemoteWebDriver.findElement(RemoteWebDriver.java:374)
      	at org.openqa.selenium.support.pagefactory.DefaultElementLocator.findElement(DefaultElementLocator.java:70)
      	at org.openqa.selenium.support.pagefactory.internal.LocatingElementHandler.invoke(LocatingElementHandler.java:39)
      	at com.sun.proxy.$Proxy21.click(Unknown Source)
      	at org.example.pageObject.UpdateTeacherPage.toEditProfile(UpdateTeacherPage.java:327)
      	at step_definitions.UpdateTeacherSteps.userMoveToEditProfile(UpdateTeacherSteps.java:1195)
      	at ✽.And User move to edit profile(features/UpdateTeacher.feature:11)
      &amp#27;[0m
]]></system-out>
  </testcase>
  <testcase name="Given Teacher already on Edit Profile page" classname="Scenario: Input with Date in &apos;Date&apos; field from Atur Waktu Mengajar" time="0">
    <skipped/>
    <system-out><![CDATA[
  Background:                                                                   &amp#27;[90m# features/UpdateTeacher.feature:4&amp#27;[0m
    &amp#27;[32mGiven &amp#27;[0m&amp#27;[32mUser open the website GuruMu&amp#27;[0m                                          &amp#27;[90m# LoginSteps.userOpenTheWebsiteGuruMu()&amp#27;[0m
    &amp#27;[32mWhen &amp#27;[0m&amp#27;[32mUser click avatar navigation&amp#27;[0m                                           &amp#27;[90m# LoginSteps.userClickAvatarNavigation()&amp#27;[0m
    &amp#27;[32mAnd &amp#27;[0m&amp#27;[32mUser click menu Masuk&amp#27;[0m                                                   &amp#27;[90m# LoginSteps.userClickMenuMasuk()&amp#27;[0m
    &amp#27;[32mAnd &amp#27;[0m&amp#27;[32mUser input "&amp#27;[0m&amp#27;[32m&amp#27;[1mzulfeekei@gmail.com&amp#27;[0m&amp#27;[32m" as email and input "&amp#27;[0m&amp#27;[32m&amp#27;[1mbe123&amp#27;[0m&amp#27;[32m" as password&amp#27;[0m &amp#27;[90m# LoginSteps.inputCredential(String,String)&amp#27;[0m
    &amp#27;[32mAnd &amp#27;[0m&amp#27;[32mUser clicked masuk button&amp#27;[0m                                               &amp#27;[90m# LoginSteps.userClickMasukButton()&amp#27;[0m
    &amp#27;[32mWhen &amp#27;[0m&amp#27;[32mUser move to Profile Page&amp#27;[0m                                              &amp#27;[90m# PenilaianUlasanSteps.userMoveToProfilePage()&amp#27;[0m
    &amp#27;[31mAnd &amp#27;[0m&amp#27;[31mUser move to edit profile&amp#27;[0m                                               &amp#27;[90m# UpdateTeacherSteps.userMoveToEditProfile()&amp#27;[0m
      &amp#27;[31morg.openqa.selenium.NoSuchElementException: no such element: Unable to locate element: {"method":"xpath","selector":"//div[@class='bp4-tab pl-12 pr-12 pb-2 font-bold text-xl lg:ml-60 mx-auto']"}
        (Session info: chrome=110.0.5481.100)
      For documentation on this error, please visit: https://selenium.dev/exceptions/#no_such_element
      Build info: version: '4.1.2', revision: '9a5a329c5a'
      System info: host: 'nsystem-mbp', ip: 'fe80:0:0:0:ce7:beec:a50b:8367%en0', os.name: 'Mac OS X', os.arch: 'x86_64', os.version: '10.16', java.version: '1.8.0_201'
      Driver info: org.openqa.selenium.chrome.ChromeDriver
      Command: [a0b1d4c3331701fff5dfc7daf6307253, findElement {using=xpath, value=//div[@class='bp4-tab pl-12 pr-12 pb-2 font-bold text-xl lg:ml-60 mx-auto']}]
      Capabilities {acceptInsecureCerts: false, browserName: chrome, browserVersion: 110.0.5481.100, chrome: {chromedriverVersion: 110.0.5481.77 (65ed616c6e8e..., userDataDir: /var/folders/00/xzw63_pj58g...}, goog:chromeOptions: {debuggerAddress: localhost:51282}, javascriptEnabled: true, networkConnectionEnabled: false, pageLoadStrategy: normal, platform: MAC, platformName: MAC, proxy: Proxy(), se:cdp: ws://localhost:51282/devtoo..., se:cdpVersion: 110.0.5481.100, setWindowRect: true, strictFileInteractability: false, timeouts: {implicit: 0, pageLoad: 300000, script: 30000}, unhandledPromptBehavior: dismiss and notify, webauthn:extension:credBlob: true, webauthn:extension:largeBlob: true, webauthn:virtualAuthenticators: true}
      Session ID: a0b1d4c3331701fff5dfc7daf6307253
      	at sun.reflect.GeneratedConstructorAccessor38.newInstance(Unknown Source)
      	at sun.reflect.DelegatingConstructorAccessorImpl.newInstance(DelegatingConstructorAccessorImpl.java:45)
      	at java.lang.reflect.Constructor.newInstance(Constructor.java:423)
      	at org.openqa.selenium.remote.codec.w3c.W3CHttpResponseCodec.createException(W3CHttpResponseCodec.java:200)
      	at org.openqa.selenium.remote.codec.w3c.W3CHttpResponseCodec.decode(W3CHttpResponseCodec.java:133)
      	at org.openqa.selenium.remote.codec.w3c.W3CHttpResponseCodec.decode(W3CHttpResponseCodec.java:53)
      	at org.openqa.selenium.remote.HttpCommandExecutor.execute(HttpCommandExecutor.java:184)
      	at org.openqa.selenium.remote.service.DriverCommandExecutor.invokeExecute(DriverCommandExecutor.java:167)
      	at org.openqa.selenium.remote.service.DriverCommandExecutor.execute(DriverCommandExecutor.java:142)
      	at org.openqa.selenium.remote.RemoteWebDriver.execute(RemoteWebDriver.java:558)
      	at org.openqa.selenium.remote.ElementLocation$ElementFinder$2.findElement(ElementLocation.java:162)
      	at org.openqa.selenium.remote.ElementLocation.findElement(ElementLocation.java:60)
      	at org.openqa.selenium.remote.RemoteWebDriver.findElement(RemoteWebDriver.java:382)
      	at org.openqa.selenium.remote.RemoteWebDriver.findElement(RemoteWebDriver.java:374)
      	at org.openqa.selenium.support.pagefactory.DefaultElementLocator.findElement(DefaultElementLocator.java:70)
      	at org.openqa.selenium.support.pagefactory.internal.LocatingElementHandler.invoke(LocatingElementHandler.java:39)
      	at com.sun.proxy.$Proxy21.click(Unknown Source)
      	at org.example.pageObject.UpdateTeacherPage.toEditProfile(UpdateTeacherPage.java:327)
      	at step_definitions.UpdateTeacherSteps.userMoveToEditProfile(UpdateTeacherSteps.java:1195)
      	at ✽.And User move to edit profile(features/UpdateTeacher.feature:11)
      &amp#27;[0m
]]></system-out>
  </testcase>
  <testcase name="When Teacher Click &apos;Date&apos; field" classname="Scenario: Input with Date in &apos;Date&apos; field from Atur Waktu Mengajar" time="0">
    <skipped/>
  </testcase>
  <testcase name="When Teacher Click &apos;Date&apos; field" classname="Scenario: Input with Date in &apos;Date&apos; field from Atur Waktu Mengajar" time="0">
    <skipped/>
  </testcase>
  <testcase name="Then &apos;Date&apos; field can be Clicked" classname="Scenario: Input with Date in &apos;Date&apos; field from Atur Waktu Mengajar" time="0">
    <skipped/>
  </testcase>
  <testcase name="Then &apos;Date&apos; field can be Clicked" classname="Scenario: Input with Date in &apos;Date&apos; field from Atur Waktu Mengajar" time="0">
    <skipped/>
  </testcase>
  <testcase name="And Show Date Picker" classname="Scenario: Input with Date in &apos;Date&apos; field from Atur Waktu Mengajar" time="0">
    <skipped/>
  </testcase>
  <testcase name="And Show Date Picker" classname="Scenario: Input with Date in &apos;Date&apos; field from Atur Waktu Mengajar" time="0">
    <skipped/>
  </testcase>
  <testcase name="Then Teacher Click Date in &apos;Date&apos; Picker" classname="Scenario: Input with Date in &apos;Date&apos; field from Atur Waktu Mengajar" time="0">
    <skipped/>
  </testcase>
  <testcase name="And Date Picker can be Clicked" classname="Scenario: Input with Date in &apos;Date&apos; field from Atur Waktu Mengajar" time="0">
    <skipped/>
  </testcase>
  <testcase name="Then Teacher Click Back Date in &apos;Date&apos; Picker" classname="Scenario: Input with Date in &apos;Date&apos; field from Atur Waktu Mengajar" time="0">
    <skipped/>
  </testcase>
  <testcase name="And Date Picker cannot be Clicked" classname="Scenario: Input with Date in &apos;Date&apos; field from Atur Waktu Mengajar" time="0">
    <skipped/>
  </testcase>
  <testcase name="Given User open the website GuruMu" classname="Scenario: Input with Back Month in &apos;Date&apos; field from Atur Waktu Mengajar" time="0">
    <system-out><![CDATA[
  Scenario: Input with Date in 'Date' field from Atur Waktu Mengajar &amp#27;[90m# features/UpdateTeacher.feature:163&amp#27;[0m
    &amp#27;[36mGiven &amp#27;[0m&amp#27;[36mTeacher already on Edit Profile page&amp#27;[0m                       &amp#27;[90m# UpdateTeacherSteps.teacherAlreadyOnEditProfilePage()&amp#27;[0m
    &amp#27;[36mWhen &amp#27;[0m&amp#27;[36mTeacher Click 'Date' field&amp#27;[0m                                  &amp#27;[90m# UpdateTeacherSteps.teacherClickDateField()&amp#27;[0m
    &amp#27;[36mThen &amp#27;[0m&amp#27;[36m'Date' field can be Clicked&amp#27;[0m                                 &amp#27;[90m# UpdateTeacherSteps.dateFieldCanBeClicked()&amp#27;[0m
    &amp#27;[36mAnd &amp#27;[0m&amp#27;[36mShow Date Picker&amp#27;[0m                                             &amp#27;[90m# UpdateTeacherSteps.showDatePicker()&amp#27;[0m
    &amp#27;[36mThen &amp#27;[0m&amp#27;[36mTeacher Click Back Date in 'Date' Picker&amp#27;[0m                    &amp#27;[90m# UpdateTeacherSteps.teacherClickBackDateInDatePicker()&amp#27;[0m
    &amp#27;[36mAnd &amp#27;[0m&amp#27;[36mDate Picker cannot be Clicked&amp#27;[0m                                &amp#27;[90m# UpdateTeacherSteps.datePickerCannotBeClicked()&amp#27;[0m
]]></system-out>
    <system-err><![CDATA[Starting ChromeDriver 110.0.5481.77 (65ed616c6e8ee3fe0ad64fe83796c020644d42af-refs/branch-heads/5481@{#839}) on port 51698
Only local connections are allowed.
Please see https://chromedriver.chromium.org/security-considerations for suggestions on keeping ChromeDriver safe.
ChromeDriver was started successfully.
[1676554920.996][WARNING]: virtual void DevToolsClientImpl::AddListener(DevToolsEventListener *) subscribing a listener to the already connected DevToolsClient. Connection notification will not arrive.
Feb 16, 2023 8:42:01 PM org.openqa.selenium.remote.ProtocolHandshake createSession
INFO: Detected dialect: W3C
Feb 16, 2023 8:42:01 PM org.openqa.selenium.devtools.CdpVersionFinder findNearestMatch
WARNING: Unable to find an exact match for CDP version 110, so returning the closest version found: a no-op implementation
Feb 16, 2023 8:42:01 PM org.openqa.selenium.devtools.CdpVersionFinder findNearestMatch
INFO: Unable to find CDP implementation matching 110.
Feb 16, 2023 8:42:01 PM org.openqa.selenium.chromium.ChromiumDriver lambda$new$3
WARNING: Unable to find version of CDP to use for . You may need to include a dependency on a specific version of the CDP using something similar to `org.seleniumhq.selenium:selenium-devtools-v86:4.1.2` where the version ("v86") matches the version of the chromium-based browser you're using and the version number of the artifact is the same as Selenium's.
]]></system-err>
  </testcase>
  <testcase name="When User click avatar navigation" classname="Scenario: Input with Back Month in &apos;Date&apos; field from Atur Waktu Mengajar" time="0"/>
  <testcase name="And User click menu Masuk" classname="Scenario: Input with Back Month in &apos;Date&apos; field from Atur Waktu Mengajar" time="0"/>
  <testcase name="And User input &quot;zulfeekei@gmail.com&quot; as email and input &quot;be123&quot; as password" classname="Scenario: Input with Back Month in &apos;Date&apos; field from Atur Waktu Mengajar" time="0"/>
  <testcase name="And User clicked masuk button" classname="Scenario: Input with Back Month in &apos;Date&apos; field from Atur Waktu Mengajar" time="0"/>
  <testcase name="When User move to Profile Page" classname="Scenario: Input with Back Month in &apos;Date&apos; field from Atur Waktu Mengajar" time="0.003">
    <error message="no such element: Unable to locate element: {&quot;method&quot;:&quot;xpath&quot;,&quot;selector&quot;:&quot;//h2[@class=&apos;swal2-title&apos;]&quot;}&#10;  (Session info: chrome=110.0.5481.100)&#10;For documentation on this error, please visit: https://selenium.dev/exceptions/#no_such_element&#10;Build info: version: &apos;4.1.2&apos;, revision: &apos;9a5a329c5a&apos;&#10;System info: host: &apos;nsystem-mbp&apos;, ip: &apos;fe80:0:0:0:ce7:beec:a50b:8367%en0&apos;, os.name: &apos;Mac OS X&apos;, os.arch: &apos;x86_64&apos;, os.version: &apos;10.16&apos;, java.version: &apos;1.8.0_201&apos;&#10;Driver info: org.openqa.selenium.chrome.ChromeDriver&#10;Command: [690120284b6bef05b12bd2bc667e05f9, findElement {using=xpath, value=//h2[@class=&apos;swal2-title&apos;]}]&#10;Capabilities {acceptInsecureCerts: false, browserName: chrome, browserVersion: 110.0.5481.100, chrome: {chromedriverVersion: 110.0.5481.77 (65ed616c6e8e..., userDataDir: /var/folders/00/xzw63_pj58g...}, goog:chromeOptions: {debuggerAddress: localhost:51305}, javascriptEnabled: true, networkConnectionEnabled: false, pageLoadStrategy: normal, platform: MAC, platformName: MAC, proxy: Proxy(), se:cdp: ws://localhost:51305/devtoo..., se:cdpVersion: 110.0.5481.100, setWindowRect: true, strictFileInteractability: false, timeouts: {implicit: 0, pageLoad: 300000, script: 30000}, unhandledPromptBehavior: dismiss and notify, webauthn:extension:credBlob: true, webauthn:extension:largeBlob: true, webauthn:virtualAuthenticators: true}&#10;Session ID: 690120284b6bef05b12bd2bc667e05f9" type="org.openqa.selenium.NoSuchElementException"><![CDATA[org.openqa.selenium.NoSuchElementException: 
no such element: Unable to locate element: {"method":"xpath","selector":"//h2[@class='swal2-title']"}
  (Session info: chrome=110.0.5481.100)
For documentation on this error, please visit: https://selenium.dev/exceptions/#no_such_element
Build info: version: '4.1.2', revision: '9a5a329c5a'
System info: host: 'nsystem-mbp', ip: 'fe80:0:0:0:ce7:beec:a50b:8367%en0', os.name: 'Mac OS X', os.arch: 'x86_64', os.version: '10.16', java.version: '1.8.0_201'
Driver info: org.openqa.selenium.chrome.ChromeDriver
Command: [690120284b6bef05b12bd2bc667e05f9, findElement {using=xpath, value=//h2[@class='swal2-title']}]
Capabilities {acceptInsecureCerts: false, browserName: chrome, browserVersion: 110.0.5481.100, chrome: {chromedriverVersion: 110.0.5481.77 (65ed616c6e8e..., userDataDir: /var/folders/00/xzw63_pj58g...}, goog:chromeOptions: {debuggerAddress: localhost:51305}, javascriptEnabled: true, networkConnectionEnabled: false, pageLoadStrategy: normal, platform: MAC, platformName: MAC, proxy: Proxy(), se:cdp: ws://localhost:51305/devtoo..., se:cdpVersion: 110.0.5481.100, setWindowRect: true, strictFileInteractability: false, timeouts: {implicit: 0, pageLoad: 300000, script: 30000}, unhandledPromptBehavior: dismiss and notify, webauthn:extension:credBlob: true, webauthn:extension:largeBlob: true, webauthn:virtualAuthenticators: true}
Session ID: 690120284b6bef05b12bd2bc667e05f9
]]></error>
  </testcase>
  <testcase name="" classname="Scenario: Input with Back Month in &apos;Date&apos; field from Atur Waktu Mengajar" time="0.004">
    <error message="no such element: Unable to locate element: {&quot;method&quot;:&quot;xpath&quot;,&quot;selector&quot;:&quot;//h2[@class=&apos;swal2-title&apos;]&quot;}&#10;  (Session info: chrome=110.0.5481.100)&#10;For documentation on this error, please visit: https://selenium.dev/exceptions/#no_such_element&#10;Build info: version: &apos;4.1.2&apos;, revision: &apos;9a5a329c5a&apos;&#10;System info: host: &apos;nsystem-mbp&apos;, ip: &apos;fe80:0:0:0:ce7:beec:a50b:8367%en0&apos;, os.name: &apos;Mac OS X&apos;, os.arch: &apos;x86_64&apos;, os.version: &apos;10.16&apos;, java.version: &apos;1.8.0_201&apos;&#10;Driver info: org.openqa.selenium.chrome.ChromeDriver&#10;Command: [690120284b6bef05b12bd2bc667e05f9, findElement {using=xpath, value=//h2[@class=&apos;swal2-title&apos;]}]&#10;Capabilities {acceptInsecureCerts: false, browserName: chrome, browserVersion: 110.0.5481.100, chrome: {chromedriverVersion: 110.0.5481.77 (65ed616c6e8e..., userDataDir: /var/folders/00/xzw63_pj58g...}, goog:chromeOptions: {debuggerAddress: localhost:51305}, javascriptEnabled: true, networkConnectionEnabled: false, pageLoadStrategy: normal, platform: MAC, platformName: MAC, proxy: Proxy(), se:cdp: ws://localhost:51305/devtoo..., se:cdpVersion: 110.0.5481.100, setWindowRect: true, strictFileInteractability: false, timeouts: {implicit: 0, pageLoad: 300000, script: 30000}, unhandledPromptBehavior: dismiss and notify, webauthn:extension:credBlob: true, webauthn:extension:largeBlob: true, webauthn:virtualAuthenticators: true}&#10;Session ID: 690120284b6bef05b12bd2bc667e05f9" type="org.openqa.selenium.NoSuchElementException"><![CDATA[org.openqa.selenium.NoSuchElementException: 
no such element: Unable to locate element: {"method":"xpath","selector":"//h2[@class='swal2-title']"}
  (Session info: chrome=110.0.5481.100)
For documentation on this error, please visit: https://selenium.dev/exceptions/#no_such_element
Build info: version: '4.1.2', revision: '9a5a329c5a'
System info: host: 'nsystem-mbp', ip: 'fe80:0:0:0:ce7:beec:a50b:8367%en0', os.name: 'Mac OS X', os.arch: 'x86_64', os.version: '10.16', java.version: '1.8.0_201'
Driver info: org.openqa.selenium.chrome.ChromeDriver
Command: [690120284b6bef05b12bd2bc667e05f9, findElement {using=xpath, value=//h2[@class='swal2-title']}]
Capabilities {acceptInsecureCerts: false, browserName: chrome, browserVersion: 110.0.5481.100, chrome: {chromedriverVersion: 110.0.5481.77 (65ed616c6e8e..., userDataDir: /var/folders/00/xzw63_pj58g...}, goog:chromeOptions: {debuggerAddress: localhost:51305}, javascriptEnabled: true, networkConnectionEnabled: false, pageLoadStrategy: normal, platform: MAC, platformName: MAC, proxy: Proxy(), se:cdp: ws://localhost:51305/devtoo..., se:cdpVersion: 110.0.5481.100, setWindowRect: true, strictFileInteractability: false, timeouts: {implicit: 0, pageLoad: 300000, script: 30000}, unhandledPromptBehavior: dismiss and notify, webauthn:extension:credBlob: true, webauthn:extension:largeBlob: true, webauthn:virtualAuthenticators: true}
Session ID: 690120284b6bef05b12bd2bc667e05f9
]]></error>
  </testcase>
  <testcase name="And User move to edit profile" classname="Scenario: Input with Back Month in &apos;Date&apos; field from Atur Waktu Mengajar" time="0">
    <skipped/>
  </testcase>
  <testcase name="Given Teacher already on Edit Profile page" classname="Scenario: Input with Back Month in &apos;Date&apos; field from Atur Waktu Mengajar" time="0">
    <skipped/>
    <system-out><![CDATA[
  Background:                                                                   &amp#27;[90m# features/UpdateTeacher.feature:4&amp#27;[0m
    &amp#27;[32mGiven &amp#27;[0m&amp#27;[32mUser open the website GuruMu&amp#27;[0m                                          &amp#27;[90m# LoginSteps.userOpenTheWebsiteGuruMu()&amp#27;[0m
    &amp#27;[32mWhen &amp#27;[0m&amp#27;[32mUser click avatar navigation&amp#27;[0m                                           &amp#27;[90m# LoginSteps.userClickAvatarNavigation()&amp#27;[0m
    &amp#27;[32mAnd &amp#27;[0m&amp#27;[32mUser click menu Masuk&amp#27;[0m                                                   &amp#27;[90m# LoginSteps.userClickMenuMasuk()&amp#27;[0m
    &amp#27;[32mAnd &amp#27;[0m&amp#27;[32mUser input "&amp#27;[0m&amp#27;[32m&amp#27;[1mzulfeekei@gmail.com&amp#27;[0m&amp#27;[32m" as email and input "&amp#27;[0m&amp#27;[32m&amp#27;[1mbe123&amp#27;[0m&amp#27;[32m" as password&amp#27;[0m &amp#27;[90m# LoginSteps.inputCredential(String,String)&amp#27;[0m
    &amp#27;[32mAnd &amp#27;[0m&amp#27;[32mUser clicked masuk button&amp#27;[0m                                               &amp#27;[90m# LoginSteps.userClickMasukButton()&amp#27;[0m
    &amp#27;[31mWhen &amp#27;[0m&amp#27;[31mUser move to Profile Page&amp#27;[0m                                              &amp#27;[90m# PenilaianUlasanSteps.userMoveToProfilePage()&amp#27;[0m
      &amp#27;[31morg.openqa.selenium.NoSuchElementException: no such element: Unable to locate element: {"method":"xpath","selector":"//h2[@class='swal2-title']"}
        (Session info: chrome=110.0.5481.100)
      For documentation on this error, please visit: https://selenium.dev/exceptions/#no_such_element
      Build info: version: '4.1.2', revision: '9a5a329c5a'
      System info: host: 'nsystem-mbp', ip: 'fe80:0:0:0:ce7:beec:a50b:8367%en0', os.name: 'Mac OS X', os.arch: 'x86_64', os.version: '10.16', java.version: '1.8.0_201'
      Driver info: org.openqa.selenium.chrome.ChromeDriver
      Command: [690120284b6bef05b12bd2bc667e05f9, findElement {using=xpath, value=//h2[@class='swal2-title']}]
      Capabilities {acceptInsecureCerts: false, browserName: chrome, browserVersion: 110.0.5481.100, chrome: {chromedriverVersion: 110.0.5481.77 (65ed616c6e8e..., userDataDir: /var/folders/00/xzw63_pj58g...}, goog:chromeOptions: {debuggerAddress: localhost:51305}, javascriptEnabled: true, networkConnectionEnabled: false, pageLoadStrategy: normal, platform: MAC, platformName: MAC, proxy: Proxy(), se:cdp: ws://localhost:51305/devtoo..., se:cdpVersion: 110.0.5481.100, setWindowRect: true, strictFileInteractability: false, timeouts: {implicit: 0, pageLoad: 300000, script: 30000}, unhandledPromptBehavior: dismiss and notify, webauthn:extension:credBlob: true, webauthn:extension:largeBlob: true, webauthn:virtualAuthenticators: true}
      Session ID: 690120284b6bef05b12bd2bc667e05f9
      	at sun.reflect.GeneratedConstructorAccessor38.newInstance(Unknown Source)
      	at sun.reflect.DelegatingConstructorAccessorImpl.newInstance(DelegatingConstructorAccessorImpl.java:45)
      	at java.lang.reflect.Constructor.newInstance(Constructor.java:423)
      	at org.openqa.selenium.remote.codec.w3c.W3CHttpResponseCodec.createException(W3CHttpResponseCodec.java:200)
      	at org.openqa.selenium.remote.codec.w3c.W3CHttpResponseCodec.decode(W3CHttpResponseCodec.java:133)
      	at org.openqa.selenium.remote.codec.w3c.W3CHttpResponseCodec.decode(W3CHttpResponseCodec.java:53)
      	at org.openqa.selenium.remote.HttpCommandExecutor.execute(HttpCommandExecutor.java:184)
      	at org.openqa.selenium.remote.service.DriverCommandExecutor.invokeExecute(DriverCommandExecutor.java:167)
      	at org.openqa.selenium.remote.service.DriverCommandExecutor.execute(DriverCommandExecutor.java:142)
      	at org.openqa.selenium.remote.RemoteWebDriver.execute(RemoteWebDriver.java:558)
      	at org.openqa.selenium.remote.ElementLocation$ElementFinder$2.findElement(ElementLocation.java:162)
      	at org.openqa.selenium.remote.ElementLocation.findElement(ElementLocation.java:60)
      	at org.openqa.selenium.remote.RemoteWebDriver.findElement(RemoteWebDriver.java:382)
      	at org.openqa.selenium.remote.RemoteWebDriver.findElement(RemoteWebDriver.java:374)
      	at org.openqa.selenium.support.pagefactory.DefaultElementLocator.findElement(DefaultElementLocator.java:70)
      	at org.openqa.selenium.support.pagefactory.internal.LocatingElementHandler.invoke(LocatingElementHandler.java:39)
      	at com.sun.proxy.$Proxy21.isDisplayed(Unknown Source)
      	at org.example.pageObject.BerandaPage.successMessageIsDisplayed(BerandaPage.java:169)
      	at step_definitions.PenilaianUlasanSteps.userMoveToProfilePage(PenilaianUlasanSteps.java:163)
      	at ✽.When User move to Profile Page(features/UpdateTeacher.feature:10)
      &amp#27;[0m
    &amp#27;[36mAnd &amp#27;[0m&amp#27;[36mUser move to edit profile&amp#27;[0m                                               &amp#27;[90m# UpdateTeacherSteps.userMoveToEditProfile()&amp#27;[0m
]]></system-out>
  </testcase>
  <testcase name="When Teacher Click &apos;Date&apos; field" classname="Scenario: Input with Back Month in &apos;Date&apos; field from Atur Waktu Mengajar" time="0">
    <skipped/>
  </testcase>
  <testcase name="Then &apos;Date&apos; field can be Clicked" classname="Scenario: Input with Back Month in &apos;Date&apos; field from Atur Waktu Mengajar" time="0">
    <skipped/>
  </testcase>
  <testcase name="And Show Date Picker" classname="Scenario: Input with Back Month in &apos;Date&apos; field from Atur Waktu Mengajar" time="0">
    <skipped/>
  </testcase>
  <testcase name="Then Teacher Click Previous &apos;Month&apos; in Date Picker" classname="Scenario: Input with Back Month in &apos;Date&apos; field from Atur Waktu Mengajar" time="0">
    <skipped/>
  </testcase>
  <testcase name="And Teacher Click Date in &apos;Date&apos; Picker" classname="Scenario: Input with Back Month in &apos;Date&apos; field from Atur Waktu Mengajar" time="0">
    <skipped/>
  </testcase>
  <testcase name="Given User open the website GuruMu" classname="Scenario: Input with Next Month in &apos;Date&apos; field from Atur Waktu Mengajar" time="0">
    <system-out><![CDATA[
  Scenario: Input with Back Month in 'Date' field from Atur Waktu Mengajar &amp#27;[90m# features/UpdateTeacher.feature:171&amp#27;[0m
    &amp#27;[36mGiven &amp#27;[0m&amp#27;[36mTeacher already on Edit Profile page&amp#27;[0m                             &amp#27;[90m# UpdateTeacherSteps.teacherAlreadyOnEditProfilePage()&amp#27;[0m
    &amp#27;[36mWhen &amp#27;[0m&amp#27;[36mTeacher Click 'Date' field&amp#27;[0m                                        &amp#27;[90m# UpdateTeacherSteps.teacherClickDateField()&amp#27;[0m
    &amp#27;[36mThen &amp#27;[0m&amp#27;[36m'Date' field can be Clicked&amp#27;[0m                                       &amp#27;[90m# UpdateTeacherSteps.dateFieldCanBeClicked()&amp#27;[0m
    &amp#27;[36mAnd &amp#27;[0m&amp#27;[36mShow Date Picker&amp#27;[0m                                                   &amp#27;[90m# UpdateTeacherSteps.showDatePicker()&amp#27;[0m
    &amp#27;[36mThen &amp#27;[0m&amp#27;[36mTeacher Click Previous 'Month' in Date Picker&amp#27;[0m                     &amp#27;[90m# UpdateTeacherSteps.teacherClickPreviousMonthInDatePicker()&amp#27;[0m
    &amp#27;[36mAnd &amp#27;[0m&amp#27;[36mTeacher Click Date in 'Date' Picker&amp#27;[0m                                &amp#27;[90m# UpdateTeacherSteps.teacherClickDateInDatePicker()&amp#27;[0m
]]></system-out>
    <system-err><![CDATA[Starting ChromeDriver 110.0.5481.77 (65ed616c6e8ee3fe0ad64fe83796c020644d42af-refs/branch-heads/5481@{#839}) on port 60010
Only local connections are allowed.
Please see https://chromedriver.chromium.org/security-considerations for suggestions on keeping ChromeDriver safe.
ChromeDriver was started successfully.
[1676554949.622][WARNING]: virtual void DevToolsClientImpl::AddListener(DevToolsEventListener *) subscribing a listener to the already connected DevToolsClient. Connection notification will not arrive.
Feb 16, 2023 8:42:29 PM org.openqa.selenium.remote.ProtocolHandshake createSession
INFO: Detected dialect: W3C
Feb 16, 2023 8:42:29 PM org.openqa.selenium.devtools.CdpVersionFinder findNearestMatch
WARNING: Unable to find an exact match for CDP version 110, so returning the closest version found: a no-op implementation
Feb 16, 2023 8:42:29 PM org.openqa.selenium.devtools.CdpVersionFinder findNearestMatch
INFO: Unable to find CDP implementation matching 110.
Feb 16, 2023 8:42:29 PM org.openqa.selenium.chromium.ChromiumDriver lambda$new$3
WARNING: Unable to find version of CDP to use for . You may need to include a dependency on a specific version of the CDP using something similar to `org.seleniumhq.selenium:selenium-devtools-v86:4.1.2` where the version ("v86") matches the version of the chromium-based browser you're using and the version number of the artifact is the same as Selenium's.
]]></system-err>
  </testcase>
  <testcase name="When User click avatar navigation" classname="Scenario: Input with Next Month in &apos;Date&apos; field from Atur Waktu Mengajar" time="0"/>
  <testcase name="And User click menu Masuk" classname="Scenario: Input with Next Month in &apos;Date&apos; field from Atur Waktu Mengajar" time="0"/>
  <testcase name="And User input &quot;zulfeekei@gmail.com&quot; as email and input &quot;be123&quot; as password" classname="Scenario: Input with Next Month in &apos;Date&apos; field from Atur Waktu Mengajar" time="0"/>
  <testcase name="And User clicked masuk button" classname="Scenario: Input with Next Month in &apos;Date&apos; field from Atur Waktu Mengajar" time="0"/>
  <testcase name="When User move to Profile Page" classname="Scenario: Input with Next Month in &apos;Date&apos; field from Atur Waktu Mengajar" time="0"/>
  <testcase name="And User move to edit profile" classname="Scenario: Input with Next Month in &apos;Date&apos; field from Atur Waktu Mengajar" time="0.006">
    <error message="no such element: Unable to locate element: {&quot;method&quot;:&quot;xpath&quot;,&quot;selector&quot;:&quot;//div[@class=&apos;bp4-tab pl-12 pr-12 pb-2 font-bold text-xl lg:ml-60 mx-auto&apos;]&quot;}&#10;  (Session info: chrome=110.0.5481.100)&#10;For documentation on this error, please visit: https://selenium.dev/exceptions/#no_such_element&#10;Build info: version: &apos;4.1.2&apos;, revision: &apos;9a5a329c5a&apos;&#10;System info: host: &apos;nsystem-mbp&apos;, ip: &apos;fe80:0:0:0:ce7:beec:a50b:8367%en0&apos;, os.name: &apos;Mac OS X&apos;, os.arch: &apos;x86_64&apos;, os.version: &apos;10.16&apos;, java.version: &apos;1.8.0_201&apos;&#10;Driver info: org.openqa.selenium.chrome.ChromeDriver&#10;Command: [4d30ad8203a3247cb7f3a724e672b277, findElement {using=xpath, value=//div[@class=&apos;bp4-tab pl-12 pr-12 pb-2 font-bold text-xl lg:ml-60 mx-auto&apos;]}]&#10;Capabilities {acceptInsecureCerts: false, browserName: chrome, browserVersion: 110.0.5481.100, chrome: {chromedriverVersion: 110.0.5481.77 (65ed616c6e8e..., userDataDir: /var/folders/00/xzw63_pj58g...}, goog:chromeOptions: {debuggerAddress: localhost:51328}, javascriptEnabled: true, networkConnectionEnabled: false, pageLoadStrategy: normal, platform: MAC, platformName: MAC, proxy: Proxy(), se:cdp: ws://localhost:51328/devtoo..., se:cdpVersion: 110.0.5481.100, setWindowRect: true, strictFileInteractability: false, timeouts: {implicit: 0, pageLoad: 300000, script: 30000}, unhandledPromptBehavior: dismiss and notify, webauthn:extension:credBlob: true, webauthn:extension:largeBlob: true, webauthn:virtualAuthenticators: true}&#10;Session ID: 4d30ad8203a3247cb7f3a724e672b277" type="org.openqa.selenium.NoSuchElementException"><![CDATA[org.openqa.selenium.NoSuchElementException: 
no such element: Unable to locate element: {"method":"xpath","selector":"//div[@class='bp4-tab pl-12 pr-12 pb-2 font-bold text-xl lg:ml-60 mx-auto']"}
  (Session info: chrome=110.0.5481.100)
For documentation on this error, please visit: https://selenium.dev/exceptions/#no_such_element
Build info: version: '4.1.2', revision: '9a5a329c5a'
System info: host: 'nsystem-mbp', ip: 'fe80:0:0:0:ce7:beec:a50b:8367%en0', os.name: 'Mac OS X', os.arch: 'x86_64', os.version: '10.16', java.version: '1.8.0_201'
Driver info: org.openqa.selenium.chrome.ChromeDriver
Command: [4d30ad8203a3247cb7f3a724e672b277, findElement {using=xpath, value=//div[@class='bp4-tab pl-12 pr-12 pb-2 font-bold text-xl lg:ml-60 mx-auto']}]
Capabilities {acceptInsecureCerts: false, browserName: chrome, browserVersion: 110.0.5481.100, chrome: {chromedriverVersion: 110.0.5481.77 (65ed616c6e8e..., userDataDir: /var/folders/00/xzw63_pj58g...}, goog:chromeOptions: {debuggerAddress: localhost:51328}, javascriptEnabled: true, networkConnectionEnabled: false, pageLoadStrategy: normal, platform: MAC, platformName: MAC, proxy: Proxy(), se:cdp: ws://localhost:51328/devtoo..., se:cdpVersion: 110.0.5481.100, setWindowRect: true, strictFileInteractability: false, timeouts: {implicit: 0, pageLoad: 300000, script: 30000}, unhandledPromptBehavior: dismiss and notify, webauthn:extension:credBlob: true, webauthn:extension:largeBlob: true, webauthn:virtualAuthenticators: true}
Session ID: 4d30ad8203a3247cb7f3a724e672b277
]]></error>
  </testcase>
  <testcase name="" classname="Scenario: Input with Next Month in &apos;Date&apos; field from Atur Waktu Mengajar" time="0.007">
    <error message="no such element: Unable to locate element: {&quot;method&quot;:&quot;xpath&quot;,&quot;selector&quot;:&quot;//div[@class=&apos;bp4-tab pl-12 pr-12 pb-2 font-bold text-xl lg:ml-60 mx-auto&apos;]&quot;}&#10;  (Session info: chrome=110.0.5481.100)&#10;For documentation on this error, please visit: https://selenium.dev/exceptions/#no_such_element&#10;Build info: version: &apos;4.1.2&apos;, revision: &apos;9a5a329c5a&apos;&#10;System info: host: &apos;nsystem-mbp&apos;, ip: &apos;fe80:0:0:0:ce7:beec:a50b:8367%en0&apos;, os.name: &apos;Mac OS X&apos;, os.arch: &apos;x86_64&apos;, os.version: &apos;10.16&apos;, java.version: &apos;1.8.0_201&apos;&#10;Driver info: org.openqa.selenium.chrome.ChromeDriver&#10;Command: [4d30ad8203a3247cb7f3a724e672b277, findElement {using=xpath, value=//div[@class=&apos;bp4-tab pl-12 pr-12 pb-2 font-bold text-xl lg:ml-60 mx-auto&apos;]}]&#10;Capabilities {acceptInsecureCerts: false, browserName: chrome, browserVersion: 110.0.5481.100, chrome: {chromedriverVersion: 110.0.5481.77 (65ed616c6e8e..., userDataDir: /var/folders/00/xzw63_pj58g...}, goog:chromeOptions: {debuggerAddress: localhost:51328}, javascriptEnabled: true, networkConnectionEnabled: false, pageLoadStrategy: normal, platform: MAC, platformName: MAC, proxy: Proxy(), se:cdp: ws://localhost:51328/devtoo..., se:cdpVersion: 110.0.5481.100, setWindowRect: true, strictFileInteractability: false, timeouts: {implicit: 0, pageLoad: 300000, script: 30000}, unhandledPromptBehavior: dismiss and notify, webauthn:extension:credBlob: true, webauthn:extension:largeBlob: true, webauthn:virtualAuthenticators: true}&#10;Session ID: 4d30ad8203a3247cb7f3a724e672b277" type="org.openqa.selenium.NoSuchElementException"><![CDATA[org.openqa.selenium.NoSuchElementException: 
no such element: Unable to locate element: {"method":"xpath","selector":"//div[@class='bp4-tab pl-12 pr-12 pb-2 font-bold text-xl lg:ml-60 mx-auto']"}
  (Session info: chrome=110.0.5481.100)
For documentation on this error, please visit: https://selenium.dev/exceptions/#no_such_element
Build info: version: '4.1.2', revision: '9a5a329c5a'
System info: host: 'nsystem-mbp', ip: 'fe80:0:0:0:ce7:beec:a50b:8367%en0', os.name: 'Mac OS X', os.arch: 'x86_64', os.version: '10.16', java.version: '1.8.0_201'
Driver info: org.openqa.selenium.chrome.ChromeDriver
Command: [4d30ad8203a3247cb7f3a724e672b277, findElement {using=xpath, value=//div[@class='bp4-tab pl-12 pr-12 pb-2 font-bold text-xl lg:ml-60 mx-auto']}]
Capabilities {acceptInsecureCerts: false, browserName: chrome, browserVersion: 110.0.5481.100, chrome: {chromedriverVersion: 110.0.5481.77 (65ed616c6e8e..., userDataDir: /var/folders/00/xzw63_pj58g...}, goog:chromeOptions: {debuggerAddress: localhost:51328}, javascriptEnabled: true, networkConnectionEnabled: false, pageLoadStrategy: normal, platform: MAC, platformName: MAC, proxy: Proxy(), se:cdp: ws://localhost:51328/devtoo..., se:cdpVersion: 110.0.5481.100, setWindowRect: true, strictFileInteractability: false, timeouts: {implicit: 0, pageLoad: 300000, script: 30000}, unhandledPromptBehavior: dismiss and notify, webauthn:extension:credBlob: true, webauthn:extension:largeBlob: true, webauthn:virtualAuthenticators: true}
Session ID: 4d30ad8203a3247cb7f3a724e672b277
]]></error>
  </testcase>
  <testcase name="Given Teacher already on Edit Profile page" classname="Scenario: Input with Next Month in &apos;Date&apos; field from Atur Waktu Mengajar" time="0">
    <skipped/>
    <system-out><![CDATA[
  Background:                                                                   &amp#27;[90m# features/UpdateTeacher.feature:4&amp#27;[0m
    &amp#27;[32mGiven &amp#27;[0m&amp#27;[32mUser open the website GuruMu&amp#27;[0m                                          &amp#27;[90m# LoginSteps.userOpenTheWebsiteGuruMu()&amp#27;[0m
    &amp#27;[32mWhen &amp#27;[0m&amp#27;[32mUser click avatar navigation&amp#27;[0m                                           &amp#27;[90m# LoginSteps.userClickAvatarNavigation()&amp#27;[0m
    &amp#27;[32mAnd &amp#27;[0m&amp#27;[32mUser click menu Masuk&amp#27;[0m                                                   &amp#27;[90m# LoginSteps.userClickMenuMasuk()&amp#27;[0m
    &amp#27;[32mAnd &amp#27;[0m&amp#27;[32mUser input "&amp#27;[0m&amp#27;[32m&amp#27;[1mzulfeekei@gmail.com&amp#27;[0m&amp#27;[32m" as email and input "&amp#27;[0m&amp#27;[32m&amp#27;[1mbe123&amp#27;[0m&amp#27;[32m" as password&amp#27;[0m &amp#27;[90m# LoginSteps.inputCredential(String,String)&amp#27;[0m
    &amp#27;[32mAnd &amp#27;[0m&amp#27;[32mUser clicked masuk button&amp#27;[0m                                               &amp#27;[90m# LoginSteps.userClickMasukButton()&amp#27;[0m
    &amp#27;[32mWhen &amp#27;[0m&amp#27;[32mUser move to Profile Page&amp#27;[0m                                              &amp#27;[90m# PenilaianUlasanSteps.userMoveToProfilePage()&amp#27;[0m
    &amp#27;[31mAnd &amp#27;[0m&amp#27;[31mUser move to edit profile&amp#27;[0m                                               &amp#27;[90m# UpdateTeacherSteps.userMoveToEditProfile()&amp#27;[0m
      &amp#27;[31morg.openqa.selenium.NoSuchElementException: no such element: Unable to locate element: {"method":"xpath","selector":"//div[@class='bp4-tab pl-12 pr-12 pb-2 font-bold text-xl lg:ml-60 mx-auto']"}
        (Session info: chrome=110.0.5481.100)
      For documentation on this error, please visit: https://selenium.dev/exceptions/#no_such_element
      Build info: version: '4.1.2', revision: '9a5a329c5a'
      System info: host: 'nsystem-mbp', ip: 'fe80:0:0:0:ce7:beec:a50b:8367%en0', os.name: 'Mac OS X', os.arch: 'x86_64', os.version: '10.16', java.version: '1.8.0_201'
      Driver info: org.openqa.selenium.chrome.ChromeDriver
      Command: [4d30ad8203a3247cb7f3a724e672b277, findElement {using=xpath, value=//div[@class='bp4-tab pl-12 pr-12 pb-2 font-bold text-xl lg:ml-60 mx-auto']}]
      Capabilities {acceptInsecureCerts: false, browserName: chrome, browserVersion: 110.0.5481.100, chrome: {chromedriverVersion: 110.0.5481.77 (65ed616c6e8e..., userDataDir: /var/folders/00/xzw63_pj58g...}, goog:chromeOptions: {debuggerAddress: localhost:51328}, javascriptEnabled: true, networkConnectionEnabled: false, pageLoadStrategy: normal, platform: MAC, platformName: MAC, proxy: Proxy(), se:cdp: ws://localhost:51328/devtoo..., se:cdpVersion: 110.0.5481.100, setWindowRect: true, strictFileInteractability: false, timeouts: {implicit: 0, pageLoad: 300000, script: 30000}, unhandledPromptBehavior: dismiss and notify, webauthn:extension:credBlob: true, webauthn:extension:largeBlob: true, webauthn:virtualAuthenticators: true}
      Session ID: 4d30ad8203a3247cb7f3a724e672b277
      	at sun.reflect.GeneratedConstructorAccessor38.newInstance(Unknown Source)
      	at sun.reflect.DelegatingConstructorAccessorImpl.newInstance(DelegatingConstructorAccessorImpl.java:45)
      	at java.lang.reflect.Constructor.newInstance(Constructor.java:423)
      	at org.openqa.selenium.remote.codec.w3c.W3CHttpResponseCodec.createException(W3CHttpResponseCodec.java:200)
      	at org.openqa.selenium.remote.codec.w3c.W3CHttpResponseCodec.decode(W3CHttpResponseCodec.java:133)
      	at org.openqa.selenium.remote.codec.w3c.W3CHttpResponseCodec.decode(W3CHttpResponseCodec.java:53)
      	at org.openqa.selenium.remote.HttpCommandExecutor.execute(HttpCommandExecutor.java:184)
      	at org.openqa.selenium.remote.service.DriverCommandExecutor.invokeExecute(DriverCommandExecutor.java:167)
      	at org.openqa.selenium.remote.service.DriverCommandExecutor.execute(DriverCommandExecutor.java:142)
      	at org.openqa.selenium.remote.RemoteWebDriver.execute(RemoteWebDriver.java:558)
      	at org.openqa.selenium.remote.ElementLocation$ElementFinder$2.findElement(ElementLocation.java:162)
      	at org.openqa.selenium.remote.ElementLocation.findElement(ElementLocation.java:60)
      	at org.openqa.selenium.remote.RemoteWebDriver.findElement(RemoteWebDriver.java:382)
      	at org.openqa.selenium.remote.RemoteWebDriver.findElement(RemoteWebDriver.java:374)
      	at org.openqa.selenium.support.pagefactory.DefaultElementLocator.findElement(DefaultElementLocator.java:70)
      	at org.openqa.selenium.support.pagefactory.internal.LocatingElementHandler.invoke(LocatingElementHandler.java:39)
      	at com.sun.proxy.$Proxy21.click(Unknown Source)
      	at org.example.pageObject.UpdateTeacherPage.toEditProfile(UpdateTeacherPage.java:327)
      	at step_definitions.UpdateTeacherSteps.userMoveToEditProfile(UpdateTeacherSteps.java:1195)
      	at ✽.And User move to edit profile(features/UpdateTeacher.feature:11)
      &amp#27;[0m
]]></system-out>
  </testcase>
  <testcase name="When Teacher Click &apos;Date&apos; field" classname="Scenario: Input with Next Month in &apos;Date&apos; field from Atur Waktu Mengajar" time="0">
    <skipped/>
  </testcase>
  <testcase name="Then &apos;Date&apos; field can be Clicked" classname="Scenario: Input with Next Month in &apos;Date&apos; field from Atur Waktu Mengajar" time="0">
    <skipped/>
  </testcase>
  <testcase name="And Show Date Picker" classname="Scenario: Input with Next Month in &apos;Date&apos; field from Atur Waktu Mengajar" time="0">
    <skipped/>
  </testcase>
  <testcase name="Then Teacher Click Next &apos;Month&apos; in Date Picker" classname="Scenario: Input with Next Month in &apos;Date&apos; field from Atur Waktu Mengajar" time="0">
    <skipped/>
  </testcase>
  <testcase name="And Teacher Click Date in &apos;Date&apos; Picker" classname="Scenario: Input with Next Month in &apos;Date&apos; field from Atur Waktu Mengajar" time="0">
    <skipped/>
  </testcase>
  <testcase name="Given User open the website GuruMu" classname="Scenario: Verify &apos;Time&apos; field in Atur Waktu Mengajar is enabled" time="0">
    <system-out><![CDATA[
  Scenario: Input with Next Month in 'Date' field from Atur Waktu Mengajar &amp#27;[90m# features/UpdateTeacher.feature:179&amp#27;[0m
    &amp#27;[36mGiven &amp#27;[0m&amp#27;[36mTeacher already on Edit Profile page&amp#27;[0m                             &amp#27;[90m# UpdateTeacherSteps.teacherAlreadyOnEditProfilePage()&amp#27;[0m
    &amp#27;[36mWhen &amp#27;[0m&amp#27;[36mTeacher Click 'Date' field&amp#27;[0m                                        &amp#27;[90m# UpdateTeacherSteps.teacherClickDateField()&amp#27;[0m
    &amp#27;[36mThen &amp#27;[0m&amp#27;[36m'Date' field can be Clicked&amp#27;[0m                                       &amp#27;[90m# UpdateTeacherSteps.dateFieldCanBeClicked()&amp#27;[0m
    &amp#27;[36mAnd &amp#27;[0m&amp#27;[36mShow Date Picker&amp#27;[0m                                                   &amp#27;[90m# UpdateTeacherSteps.showDatePicker()&amp#27;[0m
    &amp#27;[36mThen &amp#27;[0m&amp#27;[36mTeacher Click Next 'Month' in Date Picker&amp#27;[0m                         &amp#27;[90m# UpdateTeacherSteps.teacherClickNextMonthInDatePicker()&amp#27;[0m
    &amp#27;[36mAnd &amp#27;[0m&amp#27;[36mTeacher Click Date in 'Date' Picker&amp#27;[0m                                &amp#27;[90m# UpdateTeacherSteps.teacherClickDateInDatePicker()&amp#27;[0m
]]></system-out>
    <system-err><![CDATA[Starting ChromeDriver 110.0.5481.77 (65ed616c6e8ee3fe0ad64fe83796c020644d42af-refs/branch-heads/5481@{#839}) on port 62659
Only local connections are allowed.
Please see https://chromedriver.chromium.org/security-considerations for suggestions on keeping ChromeDriver safe.
ChromeDriver was started successfully.
[1676554986.042][WARNING]: virtual void DevToolsClientImpl::AddListener(DevToolsEventListener *) subscribing a listener to the already connected DevToolsClient. Connection notification will not arrive.
Feb 16, 2023 8:43:06 PM org.openqa.selenium.remote.ProtocolHandshake createSession
INFO: Detected dialect: W3C
Feb 16, 2023 8:43:06 PM org.openqa.selenium.devtools.CdpVersionFinder findNearestMatch
WARNING: Unable to find an exact match for CDP version 110, so returning the closest version found: a no-op implementation
Feb 16, 2023 8:43:06 PM org.openqa.selenium.devtools.CdpVersionFinder findNearestMatch
INFO: Unable to find CDP implementation matching 110.
Feb 16, 2023 8:43:06 PM org.openqa.selenium.chromium.ChromiumDriver lambda$new$3
WARNING: Unable to find version of CDP to use for . You may need to include a dependency on a specific version of the CDP using something similar to `org.seleniumhq.selenium:selenium-devtools-v86:4.1.2` where the version ("v86") matches the version of the chromium-based browser you're using and the version number of the artifact is the same as Selenium's.
]]></system-err>
  </testcase>
  <testcase name="Given User open the website GuruMu" classname="Scenario: Verify &apos;Time&apos; field in Atur Waktu Mengajar is enabled" time="0">
    <system-out><![CDATA[
  Scenario: Verify 'Time' field in Atur Waktu Mengajar is enabled &amp#27;[90m# features/UpdateTeacher.feature:187&amp#27;[0m
    &amp#27;[36mGiven &amp#27;[0m&amp#27;[36mTeacher already on Edit Profile page&amp#27;[0m                    &amp#27;[90m# UpdateTeacherSteps.teacherAlreadyOnEditProfilePage()&amp#27;[0m
    &amp#27;[36mWhen &amp#27;[0m&amp#27;[36mTeacher click 'Time' field&amp#27;[0m                               &amp#27;[90m# UpdateTeacherSteps.teacherClickTimeField()&amp#27;[0m
    &amp#27;[36mThen &amp#27;[0m&amp#27;[36m'Time' field is enabled&amp#27;[0m                                  &amp#27;[90m# UpdateTeacherSteps.timeFieldIsEnabled()&amp#27;[0m
]]></system-out>
    <system-err><![CDATA[Starting ChromeDriver 110.0.5481.77 (65ed616c6e8ee3fe0ad64fe83796c020644d42af-refs/branch-heads/5481@{#839}) on port 51448
Only local connections are allowed.
Please see https://chromedriver.chromium.org/security-considerations for suggestions on keeping ChromeDriver safe.
ChromeDriver was started successfully.
[1676555021.660][WARNING]: virtual void DevToolsClientImpl::AddListener(DevToolsEventListener *) subscribing a listener to the already connected DevToolsClient. Connection notification will not arrive.
Feb 16, 2023 8:43:41 PM org.openqa.selenium.remote.ProtocolHandshake createSession
INFO: Detected dialect: W3C
Feb 16, 2023 8:43:41 PM org.openqa.selenium.devtools.CdpVersionFinder findNearestMatch
WARNING: Unable to find an exact match for CDP version 110, so returning the closest version found: a no-op implementation
Feb 16, 2023 8:43:41 PM org.openqa.selenium.devtools.CdpVersionFinder findNearestMatch
INFO: Unable to find CDP implementation matching 110.
Feb 16, 2023 8:43:41 PM org.openqa.selenium.chromium.ChromiumDriver lambda$new$3
WARNING: Unable to find version of CDP to use for . You may need to include a dependency on a specific version of the CDP using something similar to `org.seleniumhq.selenium:selenium-devtools-v86:4.1.2` where the version ("v86") matches the version of the chromium-based browser you're using and the version number of the artifact is the same as Selenium's.
]]></system-err>
  </testcase>
  <testcase name="When User click avatar navigation" classname="Scenario: Verify &apos;Time&apos; field in Atur Waktu Mengajar is enabled" time="0"/>
  <testcase name="When User click avatar navigation" classname="Scenario: Verify &apos;Time&apos; field in Atur Waktu Mengajar is enabled" time="0"/>
  <testcase name="And User click menu Masuk" classname="Scenario: Verify &apos;Time&apos; field in Atur Waktu Mengajar is enabled" time="0"/>
  <testcase name="And User click menu Masuk" classname="Scenario: Verify &apos;Time&apos; field in Atur Waktu Mengajar is enabled" time="0"/>
  <testcase name="And User input &quot;zulfeekei@gmail.com&quot; as email and input &quot;be123&quot; as password" classname="Scenario: Verify &apos;Time&apos; field in Atur Waktu Mengajar is enabled" time="0"/>
  <testcase name="And User input &quot;zulfeekei@gmail.com&quot; as email and input &quot;be123&quot; as password" classname="Scenario: Verify &apos;Time&apos; field in Atur Waktu Mengajar is enabled" time="0"/>
  <testcase name="And User clicked masuk button" classname="Scenario: Verify &apos;Time&apos; field in Atur Waktu Mengajar is enabled" time="0"/>
  <testcase name="And User clicked masuk button" classname="Scenario: Verify &apos;Time&apos; field in Atur Waktu Mengajar is enabled" time="0"/>
  <testcase name="When User move to Profile Page" classname="Scenario: Verify &apos;Time&apos; field in Atur Waktu Mengajar is enabled" time="0.002"/>
  <testcase name="When User move to Profile Page" classname="Scenario: Verify &apos;Time&apos; field in Atur Waktu Mengajar is enabled" time="0"/>
  <testcase name="And User move to edit profile" classname="Scenario: Verify &apos;Time&apos; field in Atur Waktu Mengajar is enabled" time="0.006">
    <error message="no such element: Unable to locate element: {&quot;method&quot;:&quot;xpath&quot;,&quot;selector&quot;:&quot;//div[@class=&apos;bp4-tab pl-12 pr-12 pb-2 font-bold text-xl lg:ml-60 mx-auto&apos;]&quot;}&#10;  (Session info: chrome=110.0.5481.100)&#10;For documentation on this error, please visit: https://selenium.dev/exceptions/#no_such_element&#10;Build info: version: &apos;4.1.2&apos;, revision: &apos;9a5a329c5a&apos;&#10;System info: host: &apos;nsystem-mbp&apos;, ip: &apos;fe80:0:0:0:ce7:beec:a50b:8367%en0&apos;, os.name: &apos;Mac OS X&apos;, os.arch: &apos;x86_64&apos;, os.version: &apos;10.16&apos;, java.version: &apos;1.8.0_201&apos;&#10;Driver info: org.openqa.selenium.chrome.ChromeDriver&#10;Command: [4cafd89f5354aae218cae9aa3185173e, findElement {using=xpath, value=//div[@class=&apos;bp4-tab pl-12 pr-12 pb-2 font-bold text-xl lg:ml-60 mx-auto&apos;]}]&#10;Capabilities {acceptInsecureCerts: false, browserName: chrome, browserVersion: 110.0.5481.100, chrome: {chromedriverVersion: 110.0.5481.77 (65ed616c6e8e..., userDataDir: /var/folders/00/xzw63_pj58g...}, goog:chromeOptions: {debuggerAddress: localhost:51352}, javascriptEnabled: true, networkConnectionEnabled: false, pageLoadStrategy: normal, platform: MAC, platformName: MAC, proxy: Proxy(), se:cdp: ws://localhost:51352/devtoo..., se:cdpVersion: 110.0.5481.100, setWindowRect: true, strictFileInteractability: false, timeouts: {implicit: 0, pageLoad: 300000, script: 30000}, unhandledPromptBehavior: dismiss and notify, webauthn:extension:credBlob: true, webauthn:extension:largeBlob: true, webauthn:virtualAuthenticators: true}&#10;Session ID: 4cafd89f5354aae218cae9aa3185173e" type="org.openqa.selenium.NoSuchElementException"><![CDATA[org.openqa.selenium.NoSuchElementException: 
no such element: Unable to locate element: {"method":"xpath","selector":"//div[@class='bp4-tab pl-12 pr-12 pb-2 font-bold text-xl lg:ml-60 mx-auto']"}
  (Session info: chrome=110.0.5481.100)
For documentation on this error, please visit: https://selenium.dev/exceptions/#no_such_element
Build info: version: '4.1.2', revision: '9a5a329c5a'
System info: host: 'nsystem-mbp', ip: 'fe80:0:0:0:ce7:beec:a50b:8367%en0', os.name: 'Mac OS X', os.arch: 'x86_64', os.version: '10.16', java.version: '1.8.0_201'
Driver info: org.openqa.selenium.chrome.ChromeDriver
Command: [4cafd89f5354aae218cae9aa3185173e, findElement {using=xpath, value=//div[@class='bp4-tab pl-12 pr-12 pb-2 font-bold text-xl lg:ml-60 mx-auto']}]
Capabilities {acceptInsecureCerts: false, browserName: chrome, browserVersion: 110.0.5481.100, chrome: {chromedriverVersion: 110.0.5481.77 (65ed616c6e8e..., userDataDir: /var/folders/00/xzw63_pj58g...}, goog:chromeOptions: {debuggerAddress: localhost:51352}, javascriptEnabled: true, networkConnectionEnabled: false, pageLoadStrategy: normal, platform: MAC, platformName: MAC, proxy: Proxy(), se:cdp: ws://localhost:51352/devtoo..., se:cdpVersion: 110.0.5481.100, setWindowRect: true, strictFileInteractability: false, timeouts: {implicit: 0, pageLoad: 300000, script: 30000}, unhandledPromptBehavior: dismiss and notify, webauthn:extension:credBlob: true, webauthn:extension:largeBlob: true, webauthn:virtualAuthenticators: true}
Session ID: 4cafd89f5354aae218cae9aa3185173e
]]></error>
  </testcase>
  <testcase name="And User move to edit profile" classname="Scenario: Verify &apos;Time&apos; field in Atur Waktu Mengajar is enabled" time="0.004">
    <error message="no such element: Unable to locate element: {&quot;method&quot;:&quot;xpath&quot;,&quot;selector&quot;:&quot;//div[@class=&apos;bp4-tab pl-12 pr-12 pb-2 font-bold text-xl lg:ml-60 mx-auto&apos;]&quot;}&#10;  (Session info: chrome=110.0.5481.100)&#10;For documentation on this error, please visit: https://selenium.dev/exceptions/#no_such_element&#10;Build info: version: &apos;4.1.2&apos;, revision: &apos;9a5a329c5a&apos;&#10;System info: host: &apos;nsystem-mbp&apos;, ip: &apos;fe80:0:0:0:ce7:beec:a50b:8367%en0&apos;, os.name: &apos;Mac OS X&apos;, os.arch: &apos;x86_64&apos;, os.version: &apos;10.16&apos;, java.version: &apos;1.8.0_201&apos;&#10;Driver info: org.openqa.selenium.chrome.ChromeDriver&#10;Command: [a5e7ba76293159a519255467eee0cedb, findElement {using=xpath, value=//div[@class=&apos;bp4-tab pl-12 pr-12 pb-2 font-bold text-xl lg:ml-60 mx-auto&apos;]}]&#10;Capabilities {acceptInsecureCerts: false, browserName: chrome, browserVersion: 110.0.5481.100, chrome: {chromedriverVersion: 110.0.5481.77 (65ed616c6e8e..., userDataDir: /var/folders/00/xzw63_pj58g...}, goog:chromeOptions: {debuggerAddress: localhost:51377}, javascriptEnabled: true, networkConnectionEnabled: false, pageLoadStrategy: normal, platform: MAC, platformName: MAC, proxy: Proxy(), se:cdp: ws://localhost:51377/devtoo..., se:cdpVersion: 110.0.5481.100, setWindowRect: true, strictFileInteractability: false, timeouts: {implicit: 0, pageLoad: 300000, script: 30000}, unhandledPromptBehavior: dismiss and notify, webauthn:extension:credBlob: true, webauthn:extension:largeBlob: true, webauthn:virtualAuthenticators: true}&#10;Session ID: a5e7ba76293159a519255467eee0cedb" type="org.openqa.selenium.NoSuchElementException"><![CDATA[org.openqa.selenium.NoSuchElementException: 
no such element: Unable to locate element: {"method":"xpath","selector":"//div[@class='bp4-tab pl-12 pr-12 pb-2 font-bold text-xl lg:ml-60 mx-auto']"}
  (Session info: chrome=110.0.5481.100)
For documentation on this error, please visit: https://selenium.dev/exceptions/#no_such_element
Build info: version: '4.1.2', revision: '9a5a329c5a'
System info: host: 'nsystem-mbp', ip: 'fe80:0:0:0:ce7:beec:a50b:8367%en0', os.name: 'Mac OS X', os.arch: 'x86_64', os.version: '10.16', java.version: '1.8.0_201'
Driver info: org.openqa.selenium.chrome.ChromeDriver
Command: [a5e7ba76293159a519255467eee0cedb, findElement {using=xpath, value=//div[@class='bp4-tab pl-12 pr-12 pb-2 font-bold text-xl lg:ml-60 mx-auto']}]
Capabilities {acceptInsecureCerts: false, browserName: chrome, browserVersion: 110.0.5481.100, chrome: {chromedriverVersion: 110.0.5481.77 (65ed616c6e8e..., userDataDir: /var/folders/00/xzw63_pj58g...}, goog:chromeOptions: {debuggerAddress: localhost:51377}, javascriptEnabled: true, networkConnectionEnabled: false, pageLoadStrategy: normal, platform: MAC, platformName: MAC, proxy: Proxy(), se:cdp: ws://localhost:51377/devtoo..., se:cdpVersion: 110.0.5481.100, setWindowRect: true, strictFileInteractability: false, timeouts: {implicit: 0, pageLoad: 300000, script: 30000}, unhandledPromptBehavior: dismiss and notify, webauthn:extension:credBlob: true, webauthn:extension:largeBlob: true, webauthn:virtualAuthenticators: true}
Session ID: a5e7ba76293159a519255467eee0cedb
]]></error>
  </testcase>
  <testcase name="" classname="Scenario: Verify &apos;Time&apos; field in Atur Waktu Mengajar is enabled" time="0.007">
    <error message="no such element: Unable to locate element: {&quot;method&quot;:&quot;xpath&quot;,&quot;selector&quot;:&quot;//div[@class=&apos;bp4-tab pl-12 pr-12 pb-2 font-bold text-xl lg:ml-60 mx-auto&apos;]&quot;}&#10;  (Session info: chrome=110.0.5481.100)&#10;For documentation on this error, please visit: https://selenium.dev/exceptions/#no_such_element&#10;Build info: version: &apos;4.1.2&apos;, revision: &apos;9a5a329c5a&apos;&#10;System info: host: &apos;nsystem-mbp&apos;, ip: &apos;fe80:0:0:0:ce7:beec:a50b:8367%en0&apos;, os.name: &apos;Mac OS X&apos;, os.arch: &apos;x86_64&apos;, os.version: &apos;10.16&apos;, java.version: &apos;1.8.0_201&apos;&#10;Driver info: org.openqa.selenium.chrome.ChromeDriver&#10;Command: [4cafd89f5354aae218cae9aa3185173e, findElement {using=xpath, value=//div[@class=&apos;bp4-tab pl-12 pr-12 pb-2 font-bold text-xl lg:ml-60 mx-auto&apos;]}]&#10;Capabilities {acceptInsecureCerts: false, browserName: chrome, browserVersion: 110.0.5481.100, chrome: {chromedriverVersion: 110.0.5481.77 (65ed616c6e8e..., userDataDir: /var/folders/00/xzw63_pj58g...}, goog:chromeOptions: {debuggerAddress: localhost:51352}, javascriptEnabled: true, networkConnectionEnabled: false, pageLoadStrategy: normal, platform: MAC, platformName: MAC, proxy: Proxy(), se:cdp: ws://localhost:51352/devtoo..., se:cdpVersion: 110.0.5481.100, setWindowRect: true, strictFileInteractability: false, timeouts: {implicit: 0, pageLoad: 300000, script: 30000}, unhandledPromptBehavior: dismiss and notify, webauthn:extension:credBlob: true, webauthn:extension:largeBlob: true, webauthn:virtualAuthenticators: true}&#10;Session ID: 4cafd89f5354aae218cae9aa3185173e" type="org.openqa.selenium.NoSuchElementException"><![CDATA[org.openqa.selenium.NoSuchElementException: 
no such element: Unable to locate element: {"method":"xpath","selector":"//div[@class='bp4-tab pl-12 pr-12 pb-2 font-bold text-xl lg:ml-60 mx-auto']"}
  (Session info: chrome=110.0.5481.100)
For documentation on this error, please visit: https://selenium.dev/exceptions/#no_such_element
Build info: version: '4.1.2', revision: '9a5a329c5a'
System info: host: 'nsystem-mbp', ip: 'fe80:0:0:0:ce7:beec:a50b:8367%en0', os.name: 'Mac OS X', os.arch: 'x86_64', os.version: '10.16', java.version: '1.8.0_201'
Driver info: org.openqa.selenium.chrome.ChromeDriver
Command: [4cafd89f5354aae218cae9aa3185173e, findElement {using=xpath, value=//div[@class='bp4-tab pl-12 pr-12 pb-2 font-bold text-xl lg:ml-60 mx-auto']}]
Capabilities {acceptInsecureCerts: false, browserName: chrome, browserVersion: 110.0.5481.100, chrome: {chromedriverVersion: 110.0.5481.77 (65ed616c6e8e..., userDataDir: /var/folders/00/xzw63_pj58g...}, goog:chromeOptions: {debuggerAddress: localhost:51352}, javascriptEnabled: true, networkConnectionEnabled: false, pageLoadStrategy: normal, platform: MAC, platformName: MAC, proxy: Proxy(), se:cdp: ws://localhost:51352/devtoo..., se:cdpVersion: 110.0.5481.100, setWindowRect: true, strictFileInteractability: false, timeouts: {implicit: 0, pageLoad: 300000, script: 30000}, unhandledPromptBehavior: dismiss and notify, webauthn:extension:credBlob: true, webauthn:extension:largeBlob: true, webauthn:virtualAuthenticators: true}
Session ID: 4cafd89f5354aae218cae9aa3185173e
]]></error>
  </testcase>
  <testcase name="" classname="Scenario: Verify &apos;Time&apos; field in Atur Waktu Mengajar is enabled" time="0.004">
    <error message="no such element: Unable to locate element: {&quot;method&quot;:&quot;xpath&quot;,&quot;selector&quot;:&quot;//div[@class=&apos;bp4-tab pl-12 pr-12 pb-2 font-bold text-xl lg:ml-60 mx-auto&apos;]&quot;}&#10;  (Session info: chrome=110.0.5481.100)&#10;For documentation on this error, please visit: https://selenium.dev/exceptions/#no_such_element&#10;Build info: version: &apos;4.1.2&apos;, revision: &apos;9a5a329c5a&apos;&#10;System info: host: &apos;nsystem-mbp&apos;, ip: &apos;fe80:0:0:0:ce7:beec:a50b:8367%en0&apos;, os.name: &apos;Mac OS X&apos;, os.arch: &apos;x86_64&apos;, os.version: &apos;10.16&apos;, java.version: &apos;1.8.0_201&apos;&#10;Driver info: org.openqa.selenium.chrome.ChromeDriver&#10;Command: [a5e7ba76293159a519255467eee0cedb, findElement {using=xpath, value=//div[@class=&apos;bp4-tab pl-12 pr-12 pb-2 font-bold text-xl lg:ml-60 mx-auto&apos;]}]&#10;Capabilities {acceptInsecureCerts: false, browserName: chrome, browserVersion: 110.0.5481.100, chrome: {chromedriverVersion: 110.0.5481.77 (65ed616c6e8e..., userDataDir: /var/folders/00/xzw63_pj58g...}, goog:chromeOptions: {debuggerAddress: localhost:51377}, javascriptEnabled: true, networkConnectionEnabled: false, pageLoadStrategy: normal, platform: MAC, platformName: MAC, proxy: Proxy(), se:cdp: ws://localhost:51377/devtoo..., se:cdpVersion: 110.0.5481.100, setWindowRect: true, strictFileInteractability: false, timeouts: {implicit: 0, pageLoad: 300000, script: 30000}, unhandledPromptBehavior: dismiss and notify, webauthn:extension:credBlob: true, webauthn:extension:largeBlob: true, webauthn:virtualAuthenticators: true}&#10;Session ID: a5e7ba76293159a519255467eee0cedb" type="org.openqa.selenium.NoSuchElementException"><![CDATA[org.openqa.selenium.NoSuchElementException: 
no such element: Unable to locate element: {"method":"xpath","selector":"//div[@class='bp4-tab pl-12 pr-12 pb-2 font-bold text-xl lg:ml-60 mx-auto']"}
  (Session info: chrome=110.0.5481.100)
For documentation on this error, please visit: https://selenium.dev/exceptions/#no_such_element
Build info: version: '4.1.2', revision: '9a5a329c5a'
System info: host: 'nsystem-mbp', ip: 'fe80:0:0:0:ce7:beec:a50b:8367%en0', os.name: 'Mac OS X', os.arch: 'x86_64', os.version: '10.16', java.version: '1.8.0_201'
Driver info: org.openqa.selenium.chrome.ChromeDriver
Command: [a5e7ba76293159a519255467eee0cedb, findElement {using=xpath, value=//div[@class='bp4-tab pl-12 pr-12 pb-2 font-bold text-xl lg:ml-60 mx-auto']}]
Capabilities {acceptInsecureCerts: false, browserName: chrome, browserVersion: 110.0.5481.100, chrome: {chromedriverVersion: 110.0.5481.77 (65ed616c6e8e..., userDataDir: /var/folders/00/xzw63_pj58g...}, goog:chromeOptions: {debuggerAddress: localhost:51377}, javascriptEnabled: true, networkConnectionEnabled: false, pageLoadStrategy: normal, platform: MAC, platformName: MAC, proxy: Proxy(), se:cdp: ws://localhost:51377/devtoo..., se:cdpVersion: 110.0.5481.100, setWindowRect: true, strictFileInteractability: false, timeouts: {implicit: 0, pageLoad: 300000, script: 30000}, unhandledPromptBehavior: dismiss and notify, webauthn:extension:credBlob: true, webauthn:extension:largeBlob: true, webauthn:virtualAuthenticators: true}
Session ID: a5e7ba76293159a519255467eee0cedb
]]></error>
  </testcase>
  <testcase name="Given Teacher already on Edit Profile page" classname="Scenario: Verify &apos;Time&apos; field in Atur Waktu Mengajar is enabled" time="0">
    <skipped/>
    <system-out><![CDATA[
  Background:                                                                   &amp#27;[90m# features/UpdateTeacher.feature:4&amp#27;[0m
    &amp#27;[32mGiven &amp#27;[0m&amp#27;[32mUser open the website GuruMu&amp#27;[0m                                          &amp#27;[90m# LoginSteps.userOpenTheWebsiteGuruMu()&amp#27;[0m
    &amp#27;[32mWhen &amp#27;[0m&amp#27;[32mUser click avatar navigation&amp#27;[0m                                           &amp#27;[90m# LoginSteps.userClickAvatarNavigation()&amp#27;[0m
    &amp#27;[32mAnd &amp#27;[0m&amp#27;[32mUser click menu Masuk&amp#27;[0m                                                   &amp#27;[90m# LoginSteps.userClickMenuMasuk()&amp#27;[0m
    &amp#27;[32mAnd &amp#27;[0m&amp#27;[32mUser input "&amp#27;[0m&amp#27;[32m&amp#27;[1mzulfeekei@gmail.com&amp#27;[0m&amp#27;[32m" as email and input "&amp#27;[0m&amp#27;[32m&amp#27;[1mbe123&amp#27;[0m&amp#27;[32m" as password&amp#27;[0m &amp#27;[90m# LoginSteps.inputCredential(String,String)&amp#27;[0m
    &amp#27;[32mAnd &amp#27;[0m&amp#27;[32mUser clicked masuk button&amp#27;[0m                                               &amp#27;[90m# LoginSteps.userClickMasukButton()&amp#27;[0m
    &amp#27;[32mWhen &amp#27;[0m&amp#27;[32mUser move to Profile Page&amp#27;[0m                                              &amp#27;[90m# PenilaianUlasanSteps.userMoveToProfilePage()&amp#27;[0m
    &amp#27;[31mAnd &amp#27;[0m&amp#27;[31mUser move to edit profile&amp#27;[0m                                               &amp#27;[90m# UpdateTeacherSteps.userMoveToEditProfile()&amp#27;[0m
      &amp#27;[31morg.openqa.selenium.NoSuchElementException: no such element: Unable to locate element: {"method":"xpath","selector":"//div[@class='bp4-tab pl-12 pr-12 pb-2 font-bold text-xl lg:ml-60 mx-auto']"}
        (Session info: chrome=110.0.5481.100)
      For documentation on this error, please visit: https://selenium.dev/exceptions/#no_such_element
      Build info: version: '4.1.2', revision: '9a5a329c5a'
      System info: host: 'nsystem-mbp', ip: 'fe80:0:0:0:ce7:beec:a50b:8367%en0', os.name: 'Mac OS X', os.arch: 'x86_64', os.version: '10.16', java.version: '1.8.0_201'
      Driver info: org.openqa.selenium.chrome.ChromeDriver
      Command: [4cafd89f5354aae218cae9aa3185173e, findElement {using=xpath, value=//div[@class='bp4-tab pl-12 pr-12 pb-2 font-bold text-xl lg:ml-60 mx-auto']}]
      Capabilities {acceptInsecureCerts: false, browserName: chrome, browserVersion: 110.0.5481.100, chrome: {chromedriverVersion: 110.0.5481.77 (65ed616c6e8e..., userDataDir: /var/folders/00/xzw63_pj58g...}, goog:chromeOptions: {debuggerAddress: localhost:51352}, javascriptEnabled: true, networkConnectionEnabled: false, pageLoadStrategy: normal, platform: MAC, platformName: MAC, proxy: Proxy(), se:cdp: ws://localhost:51352/devtoo..., se:cdpVersion: 110.0.5481.100, setWindowRect: true, strictFileInteractability: false, timeouts: {implicit: 0, pageLoad: 300000, script: 30000}, unhandledPromptBehavior: dismiss and notify, webauthn:extension:credBlob: true, webauthn:extension:largeBlob: true, webauthn:virtualAuthenticators: true}
      Session ID: 4cafd89f5354aae218cae9aa3185173e
      	at sun.reflect.GeneratedConstructorAccessor38.newInstance(Unknown Source)
      	at sun.reflect.DelegatingConstructorAccessorImpl.newInstance(DelegatingConstructorAccessorImpl.java:45)
      	at java.lang.reflect.Constructor.newInstance(Constructor.java:423)
      	at org.openqa.selenium.remote.codec.w3c.W3CHttpResponseCodec.createException(W3CHttpResponseCodec.java:200)
      	at org.openqa.selenium.remote.codec.w3c.W3CHttpResponseCodec.decode(W3CHttpResponseCodec.java:133)
      	at org.openqa.selenium.remote.codec.w3c.W3CHttpResponseCodec.decode(W3CHttpResponseCodec.java:53)
      	at org.openqa.selenium.remote.HttpCommandExecutor.execute(HttpCommandExecutor.java:184)
      	at org.openqa.selenium.remote.service.DriverCommandExecutor.invokeExecute(DriverCommandExecutor.java:167)
      	at org.openqa.selenium.remote.service.DriverCommandExecutor.execute(DriverCommandExecutor.java:142)
      	at org.openqa.selenium.remote.RemoteWebDriver.execute(RemoteWebDriver.java:558)
      	at org.openqa.selenium.remote.ElementLocation$ElementFinder$2.findElement(ElementLocation.java:162)
      	at org.openqa.selenium.remote.ElementLocation.findElement(ElementLocation.java:60)
      	at org.openqa.selenium.remote.RemoteWebDriver.findElement(RemoteWebDriver.java:382)
      	at org.openqa.selenium.remote.RemoteWebDriver.findElement(RemoteWebDriver.java:374)
      	at org.openqa.selenium.support.pagefactory.DefaultElementLocator.findElement(DefaultElementLocator.java:70)
      	at org.openqa.selenium.support.pagefactory.internal.LocatingElementHandler.invoke(LocatingElementHandler.java:39)
      	at com.sun.proxy.$Proxy21.click(Unknown Source)
      	at org.example.pageObject.UpdateTeacherPage.toEditProfile(UpdateTeacherPage.java:327)
      	at step_definitions.UpdateTeacherSteps.userMoveToEditProfile(UpdateTeacherSteps.java:1195)
      	at ✽.And User move to edit profile(features/UpdateTeacher.feature:11)
      &amp#27;[0m
]]></system-out>
  </testcase>
  <testcase name="Given Teacher already on Edit Profile page" classname="Scenario: Verify &apos;Time&apos; field in Atur Waktu Mengajar is enabled" time="0">
    <skipped/>
    <system-out><![CDATA[
  Background:                                                                   &amp#27;[90m# features/UpdateTeacher.feature:4&amp#27;[0m
    &amp#27;[32mGiven &amp#27;[0m&amp#27;[32mUser open the website GuruMu&amp#27;[0m                                          &amp#27;[90m# LoginSteps.userOpenTheWebsiteGuruMu()&amp#27;[0m
    &amp#27;[32mWhen &amp#27;[0m&amp#27;[32mUser click avatar navigation&amp#27;[0m                                           &amp#27;[90m# LoginSteps.userClickAvatarNavigation()&amp#27;[0m
    &amp#27;[32mAnd &amp#27;[0m&amp#27;[32mUser click menu Masuk&amp#27;[0m                                                   &amp#27;[90m# LoginSteps.userClickMenuMasuk()&amp#27;[0m
    &amp#27;[32mAnd &amp#27;[0m&amp#27;[32mUser input "&amp#27;[0m&amp#27;[32m&amp#27;[1mzulfeekei@gmail.com&amp#27;[0m&amp#27;[32m" as email and input "&amp#27;[0m&amp#27;[32m&amp#27;[1mbe123&amp#27;[0m&amp#27;[32m" as password&amp#27;[0m &amp#27;[90m# LoginSteps.inputCredential(String,String)&amp#27;[0m
    &amp#27;[32mAnd &amp#27;[0m&amp#27;[32mUser clicked masuk button&amp#27;[0m                                               &amp#27;[90m# LoginSteps.userClickMasukButton()&amp#27;[0m
    &amp#27;[32mWhen &amp#27;[0m&amp#27;[32mUser move to Profile Page&amp#27;[0m                                              &amp#27;[90m# PenilaianUlasanSteps.userMoveToProfilePage()&amp#27;[0m
    &amp#27;[31mAnd &amp#27;[0m&amp#27;[31mUser move to edit profile&amp#27;[0m                                               &amp#27;[90m# UpdateTeacherSteps.userMoveToEditProfile()&amp#27;[0m
      &amp#27;[31morg.openqa.selenium.NoSuchElementException: no such element: Unable to locate element: {"method":"xpath","selector":"//div[@class='bp4-tab pl-12 pr-12 pb-2 font-bold text-xl lg:ml-60 mx-auto']"}
        (Session info: chrome=110.0.5481.100)
      For documentation on this error, please visit: https://selenium.dev/exceptions/#no_such_element
      Build info: version: '4.1.2', revision: '9a5a329c5a'
      System info: host: 'nsystem-mbp', ip: 'fe80:0:0:0:ce7:beec:a50b:8367%en0', os.name: 'Mac OS X', os.arch: 'x86_64', os.version: '10.16', java.version: '1.8.0_201'
      Driver info: org.openqa.selenium.chrome.ChromeDriver
      Command: [a5e7ba76293159a519255467eee0cedb, findElement {using=xpath, value=//div[@class='bp4-tab pl-12 pr-12 pb-2 font-bold text-xl lg:ml-60 mx-auto']}]
      Capabilities {acceptInsecureCerts: false, browserName: chrome, browserVersion: 110.0.5481.100, chrome: {chromedriverVersion: 110.0.5481.77 (65ed616c6e8e..., userDataDir: /var/folders/00/xzw63_pj58g...}, goog:chromeOptions: {debuggerAddress: localhost:51377}, javascriptEnabled: true, networkConnectionEnabled: false, pageLoadStrategy: normal, platform: MAC, platformName: MAC, proxy: Proxy(), se:cdp: ws://localhost:51377/devtoo..., se:cdpVersion: 110.0.5481.100, setWindowRect: true, strictFileInteractability: false, timeouts: {implicit: 0, pageLoad: 300000, script: 30000}, unhandledPromptBehavior: dismiss and notify, webauthn:extension:credBlob: true, webauthn:extension:largeBlob: true, webauthn:virtualAuthenticators: true}
      Session ID: a5e7ba76293159a519255467eee0cedb
      	at sun.reflect.GeneratedConstructorAccessor38.newInstance(Unknown Source)
      	at sun.reflect.DelegatingConstructorAccessorImpl.newInstance(DelegatingConstructorAccessorImpl.java:45)
      	at java.lang.reflect.Constructor.newInstance(Constructor.java:423)
      	at org.openqa.selenium.remote.codec.w3c.W3CHttpResponseCodec.createException(W3CHttpResponseCodec.java:200)
      	at org.openqa.selenium.remote.codec.w3c.W3CHttpResponseCodec.decode(W3CHttpResponseCodec.java:133)
      	at org.openqa.selenium.remote.codec.w3c.W3CHttpResponseCodec.decode(W3CHttpResponseCodec.java:53)
      	at org.openqa.selenium.remote.HttpCommandExecutor.execute(HttpCommandExecutor.java:184)
      	at org.openqa.selenium.remote.service.DriverCommandExecutor.invokeExecute(DriverCommandExecutor.java:167)
      	at org.openqa.selenium.remote.service.DriverCommandExecutor.execute(DriverCommandExecutor.java:142)
      	at org.openqa.selenium.remote.RemoteWebDriver.execute(RemoteWebDriver.java:558)
      	at org.openqa.selenium.remote.ElementLocation$ElementFinder$2.findElement(ElementLocation.java:162)
      	at org.openqa.selenium.remote.ElementLocation.findElement(ElementLocation.java:60)
      	at org.openqa.selenium.remote.RemoteWebDriver.findElement(RemoteWebDriver.java:382)
      	at org.openqa.selenium.remote.RemoteWebDriver.findElement(RemoteWebDriver.java:374)
      	at org.openqa.selenium.support.pagefactory.DefaultElementLocator.findElement(DefaultElementLocator.java:70)
      	at org.openqa.selenium.support.pagefactory.internal.LocatingElementHandler.invoke(LocatingElementHandler.java:39)
      	at com.sun.proxy.$Proxy21.click(Unknown Source)
      	at org.example.pageObject.UpdateTeacherPage.toEditProfile(UpdateTeacherPage.java:327)
      	at step_definitions.UpdateTeacherSteps.userMoveToEditProfile(UpdateTeacherSteps.java:1195)
      	at ✽.And User move to edit profile(features/UpdateTeacher.feature:11)
      &amp#27;[0m
]]></system-out>
  </testcase>
  <testcase name="When Teacher click &apos;Time&apos; field" classname="Scenario: Verify &apos;Time&apos; field in Atur Waktu Mengajar is enabled" time="0">
    <skipped/>
  </testcase>
  <testcase name="Then &apos;Time&apos; field is enabled" classname="Scenario: Verify &apos;Time&apos; field in Atur Waktu Mengajar is enabled" time="0">
    <skipped/>
  </testcase>
  <testcase name="When Teacher Click &apos;Time&apos; field in &apos;Atur Waktu Mengajar&apos;" classname="Scenario: Verify &apos;Time&apos; field in Atur Waktu Mengajar is enabled" time="0">
    <skipped/>
  </testcase>
  <testcase name="Then &apos;Time&apos; field in &apos;Atur Waktu Mengajar&apos; can be Clicked" classname="Scenario: Verify &apos;Time&apos; field in Atur Waktu Mengajar is enabled" time="0">
    <skipped/>
  </testcase>
  <testcase name="And Show Time Picker" classname="Scenario: Verify &apos;Time&apos; field in Atur Waktu Mengajar is enabled" time="0">
    <skipped/>
  </testcase>
  <testcase name="Then Teacher Click &apos;Time&apos; in Time Picker" classname="Scenario: Verify &apos;Time&apos; field in Atur Waktu Mengajar is enabled" time="0">
    <skipped/>
  </testcase>
  <testcase name="And Time Picker can be Clicked" classname="Scenario: Verify &apos;Time&apos; field in Atur Waktu Mengajar is enabled" time="0">
    <skipped/>
  </testcase>
  <testcase name="Given User open the website GuruMu" classname="Scenario: Verify &apos;Gelar&apos; field is enabled" time="0">
    <system-out><![CDATA[
  Scenario: Verify 'Time' field in Atur Waktu Mengajar is enabled &amp#27;[90m# features/UpdateTeacher.feature:192&amp#27;[0m
    &amp#27;[36mGiven &amp#27;[0m&amp#27;[36mTeacher already on Edit Profile page&amp#27;[0m                    &amp#27;[90m# UpdateTeacherSteps.teacherAlreadyOnEditProfilePage()&amp#27;[0m
    &amp#27;[36mWhen &amp#27;[0m&amp#27;[36mTeacher Click 'Time' field in 'Atur Waktu Mengajar'&amp#27;[0m      &amp#27;[90m# UpdateTeacherSteps.teacherClickTimeFieldInAturWaktuMengajar()&amp#27;[0m
    &amp#27;[36mThen &amp#27;[0m&amp#27;[36m'Time' field in 'Atur Waktu Mengajar' can be Clicked&amp#27;[0m     &amp#27;[90m# UpdateTeacherSteps.timeFieldInAturWaktuMengajarCanBeClicked()&amp#27;[0m
    &amp#27;[36mAnd &amp#27;[0m&amp#27;[36mShow Time Picker&amp#27;[0m                                          &amp#27;[90m# UpdateTeacherSteps.showTimePicker()&amp#27;[0m
    &amp#27;[36mThen &amp#27;[0m&amp#27;[36mTeacher Click 'Time' in Time Picker&amp#27;[0m                      &amp#27;[90m# UpdateTeacherSteps.teacherClickTimeInTimePicker()&amp#27;[0m
    &amp#27;[36mAnd &amp#27;[0m&amp#27;[36mTime Picker can be Clicked&amp#27;[0m                                &amp#27;[90m# UpdateTeacherSteps.timePickerCanBeClicked()&amp#27;[0m
]]></system-out>
    <system-err><![CDATA[Starting ChromeDriver 110.0.5481.77 (65ed616c6e8ee3fe0ad64fe83796c020644d42af-refs/branch-heads/5481@{#839}) on port 56121
Only local connections are allowed.
Please see https://chromedriver.chromium.org/security-considerations for suggestions on keeping ChromeDriver safe.
ChromeDriver was started successfully.
[1676555052.883][WARNING]: virtual void DevToolsClientImpl::AddListener(DevToolsEventListener *) subscribing a listener to the already connected DevToolsClient. Connection notification will not arrive.
Feb 16, 2023 8:44:13 PM org.openqa.selenium.remote.ProtocolHandshake createSession
INFO: Detected dialect: W3C
Feb 16, 2023 8:44:13 PM org.openqa.selenium.devtools.CdpVersionFinder findNearestMatch
WARNING: Unable to find an exact match for CDP version 110, so returning the closest version found: a no-op implementation
Feb 16, 2023 8:44:13 PM org.openqa.selenium.devtools.CdpVersionFinder findNearestMatch
INFO: Unable to find CDP implementation matching 110.
Feb 16, 2023 8:44:13 PM org.openqa.selenium.chromium.ChromiumDriver lambda$new$3
WARNING: Unable to find version of CDP to use for . You may need to include a dependency on a specific version of the CDP using something similar to `org.seleniumhq.selenium:selenium-devtools-v86:4.1.2` where the version ("v86") matches the version of the chromium-based browser you're using and the version number of the artifact is the same as Selenium's.
]]></system-err>
  </testcase>
  <testcase name="When User click avatar navigation" classname="Scenario: Verify &apos;Gelar&apos; field is enabled" time="0"/>
  <testcase name="And User click menu Masuk" classname="Scenario: Verify &apos;Gelar&apos; field is enabled" time="0"/>
  <testcase name="And User input &quot;zulfeekei@gmail.com&quot; as email and input &quot;be123&quot; as password" classname="Scenario: Verify &apos;Gelar&apos; field is enabled" time="0"/>
  <testcase name="And User clicked masuk button" classname="Scenario: Verify &apos;Gelar&apos; field is enabled" time="0"/>
  <testcase name="When User move to Profile Page" classname="Scenario: Verify &apos;Gelar&apos; field is enabled" time="0.002"/>
  <testcase name="And User move to edit profile" classname="Scenario: Verify &apos;Gelar&apos; field is enabled" time="0.005">
    <error message="no such element: Unable to locate element: {&quot;method&quot;:&quot;xpath&quot;,&quot;selector&quot;:&quot;//div[@class=&apos;bp4-tab pl-12 pr-12 pb-2 font-bold text-xl lg:ml-60 mx-auto&apos;]&quot;}&#10;  (Session info: chrome=110.0.5481.100)&#10;For documentation on this error, please visit: https://selenium.dev/exceptions/#no_such_element&#10;Build info: version: &apos;4.1.2&apos;, revision: &apos;9a5a329c5a&apos;&#10;System info: host: &apos;nsystem-mbp&apos;, ip: &apos;fe80:0:0:0:ce7:beec:a50b:8367%en0&apos;, os.name: &apos;Mac OS X&apos;, os.arch: &apos;x86_64&apos;, os.version: &apos;10.16&apos;, java.version: &apos;1.8.0_201&apos;&#10;Driver info: org.openqa.selenium.chrome.ChromeDriver&#10;Command: [2c7bf07bea1dfcf74b644dc2866c4589, findElement {using=xpath, value=//div[@class=&apos;bp4-tab pl-12 pr-12 pb-2 font-bold text-xl lg:ml-60 mx-auto&apos;]}]&#10;Capabilities {acceptInsecureCerts: false, browserName: chrome, browserVersion: 110.0.5481.100, chrome: {chromedriverVersion: 110.0.5481.77 (65ed616c6e8e..., userDataDir: /var/folders/00/xzw63_pj58g...}, goog:chromeOptions: {debuggerAddress: localhost:51401}, javascriptEnabled: true, networkConnectionEnabled: false, pageLoadStrategy: normal, platform: MAC, platformName: MAC, proxy: Proxy(), se:cdp: ws://localhost:51401/devtoo..., se:cdpVersion: 110.0.5481.100, setWindowRect: true, strictFileInteractability: false, timeouts: {implicit: 0, pageLoad: 300000, script: 30000}, unhandledPromptBehavior: dismiss and notify, webauthn:extension:credBlob: true, webauthn:extension:largeBlob: true, webauthn:virtualAuthenticators: true}&#10;Session ID: 2c7bf07bea1dfcf74b644dc2866c4589" type="org.openqa.selenium.NoSuchElementException"><![CDATA[org.openqa.selenium.NoSuchElementException: 
no such element: Unable to locate element: {"method":"xpath","selector":"//div[@class='bp4-tab pl-12 pr-12 pb-2 font-bold text-xl lg:ml-60 mx-auto']"}
  (Session info: chrome=110.0.5481.100)
For documentation on this error, please visit: https://selenium.dev/exceptions/#no_such_element
Build info: version: '4.1.2', revision: '9a5a329c5a'
System info: host: 'nsystem-mbp', ip: 'fe80:0:0:0:ce7:beec:a50b:8367%en0', os.name: 'Mac OS X', os.arch: 'x86_64', os.version: '10.16', java.version: '1.8.0_201'
Driver info: org.openqa.selenium.chrome.ChromeDriver
Command: [2c7bf07bea1dfcf74b644dc2866c4589, findElement {using=xpath, value=//div[@class='bp4-tab pl-12 pr-12 pb-2 font-bold text-xl lg:ml-60 mx-auto']}]
Capabilities {acceptInsecureCerts: false, browserName: chrome, browserVersion: 110.0.5481.100, chrome: {chromedriverVersion: 110.0.5481.77 (65ed616c6e8e..., userDataDir: /var/folders/00/xzw63_pj58g...}, goog:chromeOptions: {debuggerAddress: localhost:51401}, javascriptEnabled: true, networkConnectionEnabled: false, pageLoadStrategy: normal, platform: MAC, platformName: MAC, proxy: Proxy(), se:cdp: ws://localhost:51401/devtoo..., se:cdpVersion: 110.0.5481.100, setWindowRect: true, strictFileInteractability: false, timeouts: {implicit: 0, pageLoad: 300000, script: 30000}, unhandledPromptBehavior: dismiss and notify, webauthn:extension:credBlob: true, webauthn:extension:largeBlob: true, webauthn:virtualAuthenticators: true}
Session ID: 2c7bf07bea1dfcf74b644dc2866c4589
]]></error>
  </testcase>
  <testcase name="" classname="Scenario: Verify &apos;Gelar&apos; field is enabled" time="0.006">
    <error message="no such element: Unable to locate element: {&quot;method&quot;:&quot;xpath&quot;,&quot;selector&quot;:&quot;//div[@class=&apos;bp4-tab pl-12 pr-12 pb-2 font-bold text-xl lg:ml-60 mx-auto&apos;]&quot;}&#10;  (Session info: chrome=110.0.5481.100)&#10;For documentation on this error, please visit: https://selenium.dev/exceptions/#no_such_element&#10;Build info: version: &apos;4.1.2&apos;, revision: &apos;9a5a329c5a&apos;&#10;System info: host: &apos;nsystem-mbp&apos;, ip: &apos;fe80:0:0:0:ce7:beec:a50b:8367%en0&apos;, os.name: &apos;Mac OS X&apos;, os.arch: &apos;x86_64&apos;, os.version: &apos;10.16&apos;, java.version: &apos;1.8.0_201&apos;&#10;Driver info: org.openqa.selenium.chrome.ChromeDriver&#10;Command: [2c7bf07bea1dfcf74b644dc2866c4589, findElement {using=xpath, value=//div[@class=&apos;bp4-tab pl-12 pr-12 pb-2 font-bold text-xl lg:ml-60 mx-auto&apos;]}]&#10;Capabilities {acceptInsecureCerts: false, browserName: chrome, browserVersion: 110.0.5481.100, chrome: {chromedriverVersion: 110.0.5481.77 (65ed616c6e8e..., userDataDir: /var/folders/00/xzw63_pj58g...}, goog:chromeOptions: {debuggerAddress: localhost:51401}, javascriptEnabled: true, networkConnectionEnabled: false, pageLoadStrategy: normal, platform: MAC, platformName: MAC, proxy: Proxy(), se:cdp: ws://localhost:51401/devtoo..., se:cdpVersion: 110.0.5481.100, setWindowRect: true, strictFileInteractability: false, timeouts: {implicit: 0, pageLoad: 300000, script: 30000}, unhandledPromptBehavior: dismiss and notify, webauthn:extension:credBlob: true, webauthn:extension:largeBlob: true, webauthn:virtualAuthenticators: true}&#10;Session ID: 2c7bf07bea1dfcf74b644dc2866c4589" type="org.openqa.selenium.NoSuchElementException"><![CDATA[org.openqa.selenium.NoSuchElementException: 
no such element: Unable to locate element: {"method":"xpath","selector":"//div[@class='bp4-tab pl-12 pr-12 pb-2 font-bold text-xl lg:ml-60 mx-auto']"}
  (Session info: chrome=110.0.5481.100)
For documentation on this error, please visit: https://selenium.dev/exceptions/#no_such_element
Build info: version: '4.1.2', revision: '9a5a329c5a'
System info: host: 'nsystem-mbp', ip: 'fe80:0:0:0:ce7:beec:a50b:8367%en0', os.name: 'Mac OS X', os.arch: 'x86_64', os.version: '10.16', java.version: '1.8.0_201'
Driver info: org.openqa.selenium.chrome.ChromeDriver
Command: [2c7bf07bea1dfcf74b644dc2866c4589, findElement {using=xpath, value=//div[@class='bp4-tab pl-12 pr-12 pb-2 font-bold text-xl lg:ml-60 mx-auto']}]
Capabilities {acceptInsecureCerts: false, browserName: chrome, browserVersion: 110.0.5481.100, chrome: {chromedriverVersion: 110.0.5481.77 (65ed616c6e8e..., userDataDir: /var/folders/00/xzw63_pj58g...}, goog:chromeOptions: {debuggerAddress: localhost:51401}, javascriptEnabled: true, networkConnectionEnabled: false, pageLoadStrategy: normal, platform: MAC, platformName: MAC, proxy: Proxy(), se:cdp: ws://localhost:51401/devtoo..., se:cdpVersion: 110.0.5481.100, setWindowRect: true, strictFileInteractability: false, timeouts: {implicit: 0, pageLoad: 300000, script: 30000}, unhandledPromptBehavior: dismiss and notify, webauthn:extension:credBlob: true, webauthn:extension:largeBlob: true, webauthn:virtualAuthenticators: true}
Session ID: 2c7bf07bea1dfcf74b644dc2866c4589
]]></error>
  </testcase>
  <testcase name="Given Teacher already on Edit Profile page" classname="Scenario: Verify &apos;Gelar&apos; field is enabled" time="0">
    <skipped/>
    <system-out><![CDATA[
  Background:                                                                   &amp#27;[90m# features/UpdateTeacher.feature:4&amp#27;[0m
    &amp#27;[32mGiven &amp#27;[0m&amp#27;[32mUser open the website GuruMu&amp#27;[0m                                          &amp#27;[90m# LoginSteps.userOpenTheWebsiteGuruMu()&amp#27;[0m
    &amp#27;[32mWhen &amp#27;[0m&amp#27;[32mUser click avatar navigation&amp#27;[0m                                           &amp#27;[90m# LoginSteps.userClickAvatarNavigation()&amp#27;[0m
    &amp#27;[32mAnd &amp#27;[0m&amp#27;[32mUser click menu Masuk&amp#27;[0m                                                   &amp#27;[90m# LoginSteps.userClickMenuMasuk()&amp#27;[0m
    &amp#27;[32mAnd &amp#27;[0m&amp#27;[32mUser input "&amp#27;[0m&amp#27;[32m&amp#27;[1mzulfeekei@gmail.com&amp#27;[0m&amp#27;[32m" as email and input "&amp#27;[0m&amp#27;[32m&amp#27;[1mbe123&amp#27;[0m&amp#27;[32m" as password&amp#27;[0m &amp#27;[90m# LoginSteps.inputCredential(String,String)&amp#27;[0m
    &amp#27;[32mAnd &amp#27;[0m&amp#27;[32mUser clicked masuk button&amp#27;[0m                                               &amp#27;[90m# LoginSteps.userClickMasukButton()&amp#27;[0m
    &amp#27;[32mWhen &amp#27;[0m&amp#27;[32mUser move to Profile Page&amp#27;[0m                                              &amp#27;[90m# PenilaianUlasanSteps.userMoveToProfilePage()&amp#27;[0m
    &amp#27;[31mAnd &amp#27;[0m&amp#27;[31mUser move to edit profile&amp#27;[0m                                               &amp#27;[90m# UpdateTeacherSteps.userMoveToEditProfile()&amp#27;[0m
      &amp#27;[31morg.openqa.selenium.NoSuchElementException: no such element: Unable to locate element: {"method":"xpath","selector":"//div[@class='bp4-tab pl-12 pr-12 pb-2 font-bold text-xl lg:ml-60 mx-auto']"}
        (Session info: chrome=110.0.5481.100)
      For documentation on this error, please visit: https://selenium.dev/exceptions/#no_such_element
      Build info: version: '4.1.2', revision: '9a5a329c5a'
      System info: host: 'nsystem-mbp', ip: 'fe80:0:0:0:ce7:beec:a50b:8367%en0', os.name: 'Mac OS X', os.arch: 'x86_64', os.version: '10.16', java.version: '1.8.0_201'
      Driver info: org.openqa.selenium.chrome.ChromeDriver
      Command: [2c7bf07bea1dfcf74b644dc2866c4589, findElement {using=xpath, value=//div[@class='bp4-tab pl-12 pr-12 pb-2 font-bold text-xl lg:ml-60 mx-auto']}]
      Capabilities {acceptInsecureCerts: false, browserName: chrome, browserVersion: 110.0.5481.100, chrome: {chromedriverVersion: 110.0.5481.77 (65ed616c6e8e..., userDataDir: /var/folders/00/xzw63_pj58g...}, goog:chromeOptions: {debuggerAddress: localhost:51401}, javascriptEnabled: true, networkConnectionEnabled: false, pageLoadStrategy: normal, platform: MAC, platformName: MAC, proxy: Proxy(), se:cdp: ws://localhost:51401/devtoo..., se:cdpVersion: 110.0.5481.100, setWindowRect: true, strictFileInteractability: false, timeouts: {implicit: 0, pageLoad: 300000, script: 30000}, unhandledPromptBehavior: dismiss and notify, webauthn:extension:credBlob: true, webauthn:extension:largeBlob: true, webauthn:virtualAuthenticators: true}
      Session ID: 2c7bf07bea1dfcf74b644dc2866c4589
      	at sun.reflect.GeneratedConstructorAccessor38.newInstance(Unknown Source)
      	at sun.reflect.DelegatingConstructorAccessorImpl.newInstance(DelegatingConstructorAccessorImpl.java:45)
      	at java.lang.reflect.Constructor.newInstance(Constructor.java:423)
      	at org.openqa.selenium.remote.codec.w3c.W3CHttpResponseCodec.createException(W3CHttpResponseCodec.java:200)
      	at org.openqa.selenium.remote.codec.w3c.W3CHttpResponseCodec.decode(W3CHttpResponseCodec.java:133)
      	at org.openqa.selenium.remote.codec.w3c.W3CHttpResponseCodec.decode(W3CHttpResponseCodec.java:53)
      	at org.openqa.selenium.remote.HttpCommandExecutor.execute(HttpCommandExecutor.java:184)
      	at org.openqa.selenium.remote.service.DriverCommandExecutor.invokeExecute(DriverCommandExecutor.java:167)
      	at org.openqa.selenium.remote.service.DriverCommandExecutor.execute(DriverCommandExecutor.java:142)
      	at org.openqa.selenium.remote.RemoteWebDriver.execute(RemoteWebDriver.java:558)
      	at org.openqa.selenium.remote.ElementLocation$ElementFinder$2.findElement(ElementLocation.java:162)
      	at org.openqa.selenium.remote.ElementLocation.findElement(ElementLocation.java:60)
      	at org.openqa.selenium.remote.RemoteWebDriver.findElement(RemoteWebDriver.java:382)
      	at org.openqa.selenium.remote.RemoteWebDriver.findElement(RemoteWebDriver.java:374)
      	at org.openqa.selenium.support.pagefactory.DefaultElementLocator.findElement(DefaultElementLocator.java:70)
      	at org.openqa.selenium.support.pagefactory.internal.LocatingElementHandler.invoke(LocatingElementHandler.java:39)
      	at com.sun.proxy.$Proxy21.click(Unknown Source)
      	at org.example.pageObject.UpdateTeacherPage.toEditProfile(UpdateTeacherPage.java:327)
      	at step_definitions.UpdateTeacherSteps.userMoveToEditProfile(UpdateTeacherSteps.java:1195)
      	at ✽.And User move to edit profile(features/UpdateTeacher.feature:11)
      &amp#27;[0m
]]></system-out>
  </testcase>
  <testcase name="When Teacher click &apos;Gelar&apos; field" classname="Scenario: Verify &apos;Gelar&apos; field is enabled" time="0">
    <skipped/>
  </testcase>
  <testcase name="Then &apos;Gelar&apos; field is enabled" classname="Scenario: Verify &apos;Gelar&apos; field is enabled" time="0">
    <skipped/>
  </testcase>
  <testcase name="Given User open the website GuruMu" classname="| Nurul Khalifatu Sadiyah Amd Kom |" time="0">
    <system-out><![CDATA[
  Scenario: Verify 'Gelar' field is enabled    &amp#27;[90m# features/UpdateTeacher.feature:200&amp#27;[0m
    &amp#27;[36mGiven &amp#27;[0m&amp#27;[36mTeacher already on Edit Profile page&amp#27;[0m &amp#27;[90m# UpdateTeacherSteps.teacherAlreadyOnEditProfilePage()&amp#27;[0m
    &amp#27;[36mWhen &amp#27;[0m&amp#27;[36mTeacher click 'Gelar' field&amp#27;[0m           &amp#27;[90m# UpdateTeacherSteps.teacherClickGelarField()&amp#27;[0m
    &amp#27;[36mThen &amp#27;[0m&amp#27;[36m'Gelar' field is enabled&amp#27;[0m              &amp#27;[90m# UpdateTeacherSteps.gelarFieldIsEnabled()&amp#27;[0m

  Scenario Outline: Input Field with Character in 'Gelar' field         &amp#27;[90m# features/UpdateTeacher.feature:205&amp#27;[0m
    &amp#27;[36mGiven &amp#27;[0m&amp#27;[36mTeacher already on Edit Profile page&amp#27;[0m
    &amp#27;[36mWhen &amp#27;[0m&amp#27;[36mTeacher click 'Gelar' field&amp#27;[0m
    &amp#27;[36mThen &amp#27;[0m&amp#27;[36mTeacher input with Character like "<aboutme>" in 'Gelar' field&amp#27;[0m

    Examples: 
]]></system-out>
    <system-err><![CDATA[Starting ChromeDriver 110.0.5481.77 (65ed616c6e8ee3fe0ad64fe83796c020644d42af-refs/branch-heads/5481@{#839}) on port 49227
Only local connections are allowed.
Please see https://chromedriver.chromium.org/security-considerations for suggestions on keeping ChromeDriver safe.
ChromeDriver was started successfully.
[1676555086.807][WARNING]: virtual void DevToolsClientImpl::AddListener(DevToolsEventListener *) subscribing a listener to the already connected DevToolsClient. Connection notification will not arrive.
Feb 16, 2023 8:44:46 PM org.openqa.selenium.remote.ProtocolHandshake createSession
INFO: Detected dialect: W3C
Feb 16, 2023 8:44:47 PM org.openqa.selenium.devtools.CdpVersionFinder findNearestMatch
WARNING: Unable to find an exact match for CDP version 110, so returning the closest version found: a no-op implementation
Feb 16, 2023 8:44:47 PM org.openqa.selenium.devtools.CdpVersionFinder findNearestMatch
INFO: Unable to find CDP implementation matching 110.
Feb 16, 2023 8:44:47 PM org.openqa.selenium.chromium.ChromiumDriver lambda$new$3
WARNING: Unable to find version of CDP to use for . You may need to include a dependency on a specific version of the CDP using something similar to `org.seleniumhq.selenium:selenium-devtools-v86:4.1.2` where the version ("v86") matches the version of the chromium-based browser you're using and the version number of the artifact is the same as Selenium's.
]]></system-err>
  </testcase>
  <testcase name="When User click avatar navigation" classname="| Nurul Khalifatu Sadiyah Amd Kom |" time="0"/>
  <testcase name="And User click menu Masuk" classname="| Nurul Khalifatu Sadiyah Amd Kom |" time="0"/>
  <testcase name="And User input &quot;zulfeekei@gmail.com&quot; as email and input &quot;be123&quot; as password" classname="| Nurul Khalifatu Sadiyah Amd Kom |" time="0"/>
  <testcase name="And User clicked masuk button" classname="| Nurul Khalifatu Sadiyah Amd Kom |" time="0"/>
  <testcase name="When User move to Profile Page" classname="| Nurul Khalifatu Sadiyah Amd Kom |" time="0.001"/>
  <testcase name="And User move to edit profile" classname="| Nurul Khalifatu Sadiyah Amd Kom |" time="0.004">
    <error message="no such element: Unable to locate element: {&quot;method&quot;:&quot;xpath&quot;,&quot;selector&quot;:&quot;//div[@class=&apos;bp4-tab pl-12 pr-12 pb-2 font-bold text-xl lg:ml-60 mx-auto&apos;]&quot;}&#10;  (Session info: chrome=110.0.5481.100)&#10;For documentation on this error, please visit: https://selenium.dev/exceptions/#no_such_element&#10;Build info: version: &apos;4.1.2&apos;, revision: &apos;9a5a329c5a&apos;&#10;System info: host: &apos;nsystem-mbp&apos;, ip: &apos;fe80:0:0:0:ce7:beec:a50b:8367%en0&apos;, os.name: &apos;Mac OS X&apos;, os.arch: &apos;x86_64&apos;, os.version: &apos;10.16&apos;, java.version: &apos;1.8.0_201&apos;&#10;Driver info: org.openqa.selenium.chrome.ChromeDriver&#10;Command: [fea0fee5ab18268b3be75104f8a47197, findElement {using=xpath, value=//div[@class=&apos;bp4-tab pl-12 pr-12 pb-2 font-bold text-xl lg:ml-60 mx-auto&apos;]}]&#10;Capabilities {acceptInsecureCerts: false, browserName: chrome, browserVersion: 110.0.5481.100, chrome: {chromedriverVersion: 110.0.5481.77 (65ed616c6e8e..., userDataDir: /var/folders/00/xzw63_pj58g...}, goog:chromeOptions: {debuggerAddress: localhost:51429}, javascriptEnabled: true, networkConnectionEnabled: false, pageLoadStrategy: normal, platform: MAC, platformName: MAC, proxy: Proxy(), se:cdp: ws://localhost:51429/devtoo..., se:cdpVersion: 110.0.5481.100, setWindowRect: true, strictFileInteractability: false, timeouts: {implicit: 0, pageLoad: 300000, script: 30000}, unhandledPromptBehavior: dismiss and notify, webauthn:extension:credBlob: true, webauthn:extension:largeBlob: true, webauthn:virtualAuthenticators: true}&#10;Session ID: fea0fee5ab18268b3be75104f8a47197" type="org.openqa.selenium.NoSuchElementException"><![CDATA[org.openqa.selenium.NoSuchElementException: 
no such element: Unable to locate element: {"method":"xpath","selector":"//div[@class='bp4-tab pl-12 pr-12 pb-2 font-bold text-xl lg:ml-60 mx-auto']"}
  (Session info: chrome=110.0.5481.100)
For documentation on this error, please visit: https://selenium.dev/exceptions/#no_such_element
Build info: version: '4.1.2', revision: '9a5a329c5a'
System info: host: 'nsystem-mbp', ip: 'fe80:0:0:0:ce7:beec:a50b:8367%en0', os.name: 'Mac OS X', os.arch: 'x86_64', os.version: '10.16', java.version: '1.8.0_201'
Driver info: org.openqa.selenium.chrome.ChromeDriver
Command: [fea0fee5ab18268b3be75104f8a47197, findElement {using=xpath, value=//div[@class='bp4-tab pl-12 pr-12 pb-2 font-bold text-xl lg:ml-60 mx-auto']}]
Capabilities {acceptInsecureCerts: false, browserName: chrome, browserVersion: 110.0.5481.100, chrome: {chromedriverVersion: 110.0.5481.77 (65ed616c6e8e..., userDataDir: /var/folders/00/xzw63_pj58g...}, goog:chromeOptions: {debuggerAddress: localhost:51429}, javascriptEnabled: true, networkConnectionEnabled: false, pageLoadStrategy: normal, platform: MAC, platformName: MAC, proxy: Proxy(), se:cdp: ws://localhost:51429/devtoo..., se:cdpVersion: 110.0.5481.100, setWindowRect: true, strictFileInteractability: false, timeouts: {implicit: 0, pageLoad: 300000, script: 30000}, unhandledPromptBehavior: dismiss and notify, webauthn:extension:credBlob: true, webauthn:extension:largeBlob: true, webauthn:virtualAuthenticators: true}
Session ID: fea0fee5ab18268b3be75104f8a47197
]]></error>
  </testcase>
  <testcase name="" classname="| Nurul Khalifatu Sadiyah Amd Kom |" time="0.005">
    <error message="no such element: Unable to locate element: {&quot;method&quot;:&quot;xpath&quot;,&quot;selector&quot;:&quot;//div[@class=&apos;bp4-tab pl-12 pr-12 pb-2 font-bold text-xl lg:ml-60 mx-auto&apos;]&quot;}&#10;  (Session info: chrome=110.0.5481.100)&#10;For documentation on this error, please visit: https://selenium.dev/exceptions/#no_such_element&#10;Build info: version: &apos;4.1.2&apos;, revision: &apos;9a5a329c5a&apos;&#10;System info: host: &apos;nsystem-mbp&apos;, ip: &apos;fe80:0:0:0:ce7:beec:a50b:8367%en0&apos;, os.name: &apos;Mac OS X&apos;, os.arch: &apos;x86_64&apos;, os.version: &apos;10.16&apos;, java.version: &apos;1.8.0_201&apos;&#10;Driver info: org.openqa.selenium.chrome.ChromeDriver&#10;Command: [fea0fee5ab18268b3be75104f8a47197, findElement {using=xpath, value=//div[@class=&apos;bp4-tab pl-12 pr-12 pb-2 font-bold text-xl lg:ml-60 mx-auto&apos;]}]&#10;Capabilities {acceptInsecureCerts: false, browserName: chrome, browserVersion: 110.0.5481.100, chrome: {chromedriverVersion: 110.0.5481.77 (65ed616c6e8e..., userDataDir: /var/folders/00/xzw63_pj58g...}, goog:chromeOptions: {debuggerAddress: localhost:51429}, javascriptEnabled: true, networkConnectionEnabled: false, pageLoadStrategy: normal, platform: MAC, platformName: MAC, proxy: Proxy(), se:cdp: ws://localhost:51429/devtoo..., se:cdpVersion: 110.0.5481.100, setWindowRect: true, strictFileInteractability: false, timeouts: {implicit: 0, pageLoad: 300000, script: 30000}, unhandledPromptBehavior: dismiss and notify, webauthn:extension:credBlob: true, webauthn:extension:largeBlob: true, webauthn:virtualAuthenticators: true}&#10;Session ID: fea0fee5ab18268b3be75104f8a47197" type="org.openqa.selenium.NoSuchElementException"><![CDATA[org.openqa.selenium.NoSuchElementException: 
no such element: Unable to locate element: {"method":"xpath","selector":"//div[@class='bp4-tab pl-12 pr-12 pb-2 font-bold text-xl lg:ml-60 mx-auto']"}
  (Session info: chrome=110.0.5481.100)
For documentation on this error, please visit: https://selenium.dev/exceptions/#no_such_element
Build info: version: '4.1.2', revision: '9a5a329c5a'
System info: host: 'nsystem-mbp', ip: 'fe80:0:0:0:ce7:beec:a50b:8367%en0', os.name: 'Mac OS X', os.arch: 'x86_64', os.version: '10.16', java.version: '1.8.0_201'
Driver info: org.openqa.selenium.chrome.ChromeDriver
Command: [fea0fee5ab18268b3be75104f8a47197, findElement {using=xpath, value=//div[@class='bp4-tab pl-12 pr-12 pb-2 font-bold text-xl lg:ml-60 mx-auto']}]
Capabilities {acceptInsecureCerts: false, browserName: chrome, browserVersion: 110.0.5481.100, chrome: {chromedriverVersion: 110.0.5481.77 (65ed616c6e8e..., userDataDir: /var/folders/00/xzw63_pj58g...}, goog:chromeOptions: {debuggerAddress: localhost:51429}, javascriptEnabled: true, networkConnectionEnabled: false, pageLoadStrategy: normal, platform: MAC, platformName: MAC, proxy: Proxy(), se:cdp: ws://localhost:51429/devtoo..., se:cdpVersion: 110.0.5481.100, setWindowRect: true, strictFileInteractability: false, timeouts: {implicit: 0, pageLoad: 300000, script: 30000}, unhandledPromptBehavior: dismiss and notify, webauthn:extension:credBlob: true, webauthn:extension:largeBlob: true, webauthn:virtualAuthenticators: true}
Session ID: fea0fee5ab18268b3be75104f8a47197
]]></error>
  </testcase>
  <testcase name="Given Teacher already on Edit Profile page" classname="| Nurul Khalifatu Sadiyah Amd Kom |" time="0">
    <skipped/>
    <system-out><![CDATA[
  Background:                                                                   &amp#27;[90m# features/UpdateTeacher.feature:4&amp#27;[0m
    &amp#27;[32mGiven &amp#27;[0m&amp#27;[32mUser open the website GuruMu&amp#27;[0m                                          &amp#27;[90m# LoginSteps.userOpenTheWebsiteGuruMu()&amp#27;[0m
    &amp#27;[32mWhen &amp#27;[0m&amp#27;[32mUser click avatar navigation&amp#27;[0m                                           &amp#27;[90m# LoginSteps.userClickAvatarNavigation()&amp#27;[0m
    &amp#27;[32mAnd &amp#27;[0m&amp#27;[32mUser click menu Masuk&amp#27;[0m                                                   &amp#27;[90m# LoginSteps.userClickMenuMasuk()&amp#27;[0m
    &amp#27;[32mAnd &amp#27;[0m&amp#27;[32mUser input "&amp#27;[0m&amp#27;[32m&amp#27;[1mzulfeekei@gmail.com&amp#27;[0m&amp#27;[32m" as email and input "&amp#27;[0m&amp#27;[32m&amp#27;[1mbe123&amp#27;[0m&amp#27;[32m" as password&amp#27;[0m &amp#27;[90m# LoginSteps.inputCredential(String,String)&amp#27;[0m
    &amp#27;[32mAnd &amp#27;[0m&amp#27;[32mUser clicked masuk button&amp#27;[0m                                               &amp#27;[90m# LoginSteps.userClickMasukButton()&amp#27;[0m
    &amp#27;[32mWhen &amp#27;[0m&amp#27;[32mUser move to Profile Page&amp#27;[0m                                              &amp#27;[90m# PenilaianUlasanSteps.userMoveToProfilePage()&amp#27;[0m
    &amp#27;[31mAnd &amp#27;[0m&amp#27;[31mUser move to edit profile&amp#27;[0m                                               &amp#27;[90m# UpdateTeacherSteps.userMoveToEditProfile()&amp#27;[0m
      &amp#27;[31morg.openqa.selenium.NoSuchElementException: no such element: Unable to locate element: {"method":"xpath","selector":"//div[@class='bp4-tab pl-12 pr-12 pb-2 font-bold text-xl lg:ml-60 mx-auto']"}
        (Session info: chrome=110.0.5481.100)
      For documentation on this error, please visit: https://selenium.dev/exceptions/#no_such_element
      Build info: version: '4.1.2', revision: '9a5a329c5a'
      System info: host: 'nsystem-mbp', ip: 'fe80:0:0:0:ce7:beec:a50b:8367%en0', os.name: 'Mac OS X', os.arch: 'x86_64', os.version: '10.16', java.version: '1.8.0_201'
      Driver info: org.openqa.selenium.chrome.ChromeDriver
      Command: [fea0fee5ab18268b3be75104f8a47197, findElement {using=xpath, value=//div[@class='bp4-tab pl-12 pr-12 pb-2 font-bold text-xl lg:ml-60 mx-auto']}]
      Capabilities {acceptInsecureCerts: false, browserName: chrome, browserVersion: 110.0.5481.100, chrome: {chromedriverVersion: 110.0.5481.77 (65ed616c6e8e..., userDataDir: /var/folders/00/xzw63_pj58g...}, goog:chromeOptions: {debuggerAddress: localhost:51429}, javascriptEnabled: true, networkConnectionEnabled: false, pageLoadStrategy: normal, platform: MAC, platformName: MAC, proxy: Proxy(), se:cdp: ws://localhost:51429/devtoo..., se:cdpVersion: 110.0.5481.100, setWindowRect: true, strictFileInteractability: false, timeouts: {implicit: 0, pageLoad: 300000, script: 30000}, unhandledPromptBehavior: dismiss and notify, webauthn:extension:credBlob: true, webauthn:extension:largeBlob: true, webauthn:virtualAuthenticators: true}
      Session ID: fea0fee5ab18268b3be75104f8a47197
      	at sun.reflect.GeneratedConstructorAccessor38.newInstance(Unknown Source)
      	at sun.reflect.DelegatingConstructorAccessorImpl.newInstance(DelegatingConstructorAccessorImpl.java:45)
      	at java.lang.reflect.Constructor.newInstance(Constructor.java:423)
      	at org.openqa.selenium.remote.codec.w3c.W3CHttpResponseCodec.createException(W3CHttpResponseCodec.java:200)
      	at org.openqa.selenium.remote.codec.w3c.W3CHttpResponseCodec.decode(W3CHttpResponseCodec.java:133)
      	at org.openqa.selenium.remote.codec.w3c.W3CHttpResponseCodec.decode(W3CHttpResponseCodec.java:53)
      	at org.openqa.selenium.remote.HttpCommandExecutor.execute(HttpCommandExecutor.java:184)
      	at org.openqa.selenium.remote.service.DriverCommandExecutor.invokeExecute(DriverCommandExecutor.java:167)
      	at org.openqa.selenium.remote.service.DriverCommandExecutor.execute(DriverCommandExecutor.java:142)
      	at org.openqa.selenium.remote.RemoteWebDriver.execute(RemoteWebDriver.java:558)
      	at org.openqa.selenium.remote.ElementLocation$ElementFinder$2.findElement(ElementLocation.java:162)
      	at org.openqa.selenium.remote.ElementLocation.findElement(ElementLocation.java:60)
      	at org.openqa.selenium.remote.RemoteWebDriver.findElement(RemoteWebDriver.java:382)
      	at org.openqa.selenium.remote.RemoteWebDriver.findElement(RemoteWebDriver.java:374)
      	at org.openqa.selenium.support.pagefactory.DefaultElementLocator.findElement(DefaultElementLocator.java:70)
      	at org.openqa.selenium.support.pagefactory.internal.LocatingElementHandler.invoke(LocatingElementHandler.java:39)
      	at com.sun.proxy.$Proxy21.click(Unknown Source)
      	at org.example.pageObject.UpdateTeacherPage.toEditProfile(UpdateTeacherPage.java:327)
      	at step_definitions.UpdateTeacherSteps.userMoveToEditProfile(UpdateTeacherSteps.java:1195)
      	at ✽.And User move to edit profile(features/UpdateTeacher.feature:11)
      &amp#27;[0m
]]></system-out>
  </testcase>
  <testcase name="When Teacher click &apos;Gelar&apos; field" classname="| Nurul Khalifatu Sadiyah Amd Kom |" time="0">
    <skipped/>
  </testcase>
  <testcase name="Then Teacher input with Character like &quot;Nurul Khalifatu Sadiyah Amd Kom&quot; in &apos;Gelar&apos; field" classname="| Nurul Khalifatu Sadiyah Amd Kom |" time="0">
    <skipped/>
  </testcase>
  <testcase name="Given User open the website GuruMu" classname="| Nurul Khalifatu Sadiyah Amd Kom 2017 |" time="0">
    <system-out><![CDATA[
  @TestUpdateTeacher @Test
  Scenario Outline: Input Field with Character in 'Gelar' field                               &amp#27;[90m# features/UpdateTeacher.feature:211&amp#27;[0m
    &amp#27;[36mGiven &amp#27;[0m&amp#27;[36mTeacher already on Edit Profile page&amp#27;[0m                                                &amp#27;[90m# UpdateTeacherSteps.teacherAlreadyOnEditProfilePage()&amp#27;[0m
    &amp#27;[36mWhen &amp#27;[0m&amp#27;[36mTeacher click 'Gelar' field&amp#27;[0m                                                          &amp#27;[90m# UpdateTeacherSteps.teacherClickGelarField()&amp#27;[0m
    &amp#27;[36mThen &amp#27;[0m&amp#27;[36mTeacher input with Character like "&amp#27;[0m&amp#27;[36m&amp#27;[1mNurul Khalifatu Sadiyah Amd Kom&amp#27;[0m&amp#27;[36m" in 'Gelar' field&amp#27;[0m &amp#27;[90m# UpdateTeacherSteps.teacherInputWithCharacterLikeInGelarField(String)&amp#27;[0m

  Scenario Outline: Input Field with Character and Number in 'Gelar' field         &amp#27;[90m# features/UpdateTeacher.feature:213&amp#27;[0m
    &amp#27;[36mGiven &amp#27;[0m&amp#27;[36mTeacher already on Edit Profile page&amp#27;[0m
    &amp#27;[36mWhen &amp#27;[0m&amp#27;[36mTeacher click 'Gelar' field&amp#27;[0m
    &amp#27;[36mThen &amp#27;[0m&amp#27;[36mTeacher input with Character and Number like "<aboutme>" in 'Gelar' field&amp#27;[0m

    Examples: 
]]></system-out>
    <system-err><![CDATA[Starting ChromeDriver 110.0.5481.77 (65ed616c6e8ee3fe0ad64fe83796c020644d42af-refs/branch-heads/5481@{#839}) on port 57299
Only local connections are allowed.
Please see https://chromedriver.chromium.org/security-considerations for suggestions on keeping ChromeDriver safe.
ChromeDriver was started successfully.
[1676555118.891][WARNING]: virtual void DevToolsClientImpl::AddListener(DevToolsEventListener *) subscribing a listener to the already connected DevToolsClient. Connection notification will not arrive.
Feb 16, 2023 8:45:19 PM org.openqa.selenium.remote.ProtocolHandshake createSession
INFO: Detected dialect: W3C
Feb 16, 2023 8:45:19 PM org.openqa.selenium.devtools.CdpVersionFinder findNearestMatch
WARNING: Unable to find an exact match for CDP version 110, so returning the closest version found: a no-op implementation
Feb 16, 2023 8:45:19 PM org.openqa.selenium.devtools.CdpVersionFinder findNearestMatch
INFO: Unable to find CDP implementation matching 110.
Feb 16, 2023 8:45:19 PM org.openqa.selenium.chromium.ChromiumDriver lambda$new$3
WARNING: Unable to find version of CDP to use for . You may need to include a dependency on a specific version of the CDP using something similar to `org.seleniumhq.selenium:selenium-devtools-v86:4.1.2` where the version ("v86") matches the version of the chromium-based browser you're using and the version number of the artifact is the same as Selenium's.
]]></system-err>
  </testcase>
  <testcase name="When User click avatar navigation" classname="| Nurul Khalifatu Sadiyah Amd Kom 2017 |" time="0"/>
  <testcase name="And User click menu Masuk" classname="| Nurul Khalifatu Sadiyah Amd Kom 2017 |" time="0"/>
  <testcase name="And User input &quot;zulfeekei@gmail.com&quot; as email and input &quot;be123&quot; as password" classname="| Nurul Khalifatu Sadiyah Amd Kom 2017 |" time="0"/>
  <testcase name="And User clicked masuk button" classname="| Nurul Khalifatu Sadiyah Amd Kom 2017 |" time="0.001"/>
  <testcase name="When User move to Profile Page" classname="| Nurul Khalifatu Sadiyah Amd Kom 2017 |" time="0.001">
    <error message="no such element: Unable to locate element: {&quot;method&quot;:&quot;xpath&quot;,&quot;selector&quot;:&quot;//h2[@class=&apos;swal2-title&apos;]&quot;}&#10;  (Session info: chrome=110.0.5481.100)&#10;For documentation on this error, please visit: https://selenium.dev/exceptions/#no_such_element&#10;Build info: version: &apos;4.1.2&apos;, revision: &apos;9a5a329c5a&apos;&#10;System info: host: &apos;nsystem-mbp&apos;, ip: &apos;fe80:0:0:0:ce7:beec:a50b:8367%en0&apos;, os.name: &apos;Mac OS X&apos;, os.arch: &apos;x86_64&apos;, os.version: &apos;10.16&apos;, java.version: &apos;1.8.0_201&apos;&#10;Driver info: org.openqa.selenium.chrome.ChromeDriver&#10;Command: [449f54c7fcaef37df199e3b811a768b3, findElement {using=xpath, value=//h2[@class=&apos;swal2-title&apos;]}]&#10;Capabilities {acceptInsecureCerts: false, browserName: chrome, browserVersion: 110.0.5481.100, chrome: {chromedriverVersion: 110.0.5481.77 (65ed616c6e8e..., userDataDir: /var/folders/00/xzw63_pj58g...}, goog:chromeOptions: {debuggerAddress: localhost:51454}, javascriptEnabled: true, networkConnectionEnabled: false, pageLoadStrategy: normal, platform: MAC, platformName: MAC, proxy: Proxy(), se:cdp: ws://localhost:51454/devtoo..., se:cdpVersion: 110.0.5481.100, setWindowRect: true, strictFileInteractability: false, timeouts: {implicit: 0, pageLoad: 300000, script: 30000}, unhandledPromptBehavior: dismiss and notify, webauthn:extension:credBlob: true, webauthn:extension:largeBlob: true, webauthn:virtualAuthenticators: true}&#10;Session ID: 449f54c7fcaef37df199e3b811a768b3" type="org.openqa.selenium.NoSuchElementException"><![CDATA[org.openqa.selenium.NoSuchElementException: 
no such element: Unable to locate element: {"method":"xpath","selector":"//h2[@class='swal2-title']"}
  (Session info: chrome=110.0.5481.100)
For documentation on this error, please visit: https://selenium.dev/exceptions/#no_such_element
Build info: version: '4.1.2', revision: '9a5a329c5a'
System info: host: 'nsystem-mbp', ip: 'fe80:0:0:0:ce7:beec:a50b:8367%en0', os.name: 'Mac OS X', os.arch: 'x86_64', os.version: '10.16', java.version: '1.8.0_201'
Driver info: org.openqa.selenium.chrome.ChromeDriver
Command: [449f54c7fcaef37df199e3b811a768b3, findElement {using=xpath, value=//h2[@class='swal2-title']}]
Capabilities {acceptInsecureCerts: false, browserName: chrome, browserVersion: 110.0.5481.100, chrome: {chromedriverVersion: 110.0.5481.77 (65ed616c6e8e..., userDataDir: /var/folders/00/xzw63_pj58g...}, goog:chromeOptions: {debuggerAddress: localhost:51454}, javascriptEnabled: true, networkConnectionEnabled: false, pageLoadStrategy: normal, platform: MAC, platformName: MAC, proxy: Proxy(), se:cdp: ws://localhost:51454/devtoo..., se:cdpVersion: 110.0.5481.100, setWindowRect: true, strictFileInteractability: false, timeouts: {implicit: 0, pageLoad: 300000, script: 30000}, unhandledPromptBehavior: dismiss and notify, webauthn:extension:credBlob: true, webauthn:extension:largeBlob: true, webauthn:virtualAuthenticators: true}
Session ID: 449f54c7fcaef37df199e3b811a768b3
]]></error>
  </testcase>
  <testcase name="" classname="| Nurul Khalifatu Sadiyah Amd Kom 2017 |" time="0.001">
    <error message="no such element: Unable to locate element: {&quot;method&quot;:&quot;xpath&quot;,&quot;selector&quot;:&quot;//h2[@class=&apos;swal2-title&apos;]&quot;}&#10;  (Session info: chrome=110.0.5481.100)&#10;For documentation on this error, please visit: https://selenium.dev/exceptions/#no_such_element&#10;Build info: version: &apos;4.1.2&apos;, revision: &apos;9a5a329c5a&apos;&#10;System info: host: &apos;nsystem-mbp&apos;, ip: &apos;fe80:0:0:0:ce7:beec:a50b:8367%en0&apos;, os.name: &apos;Mac OS X&apos;, os.arch: &apos;x86_64&apos;, os.version: &apos;10.16&apos;, java.version: &apos;1.8.0_201&apos;&#10;Driver info: org.openqa.selenium.chrome.ChromeDriver&#10;Command: [449f54c7fcaef37df199e3b811a768b3, findElement {using=xpath, value=//h2[@class=&apos;swal2-title&apos;]}]&#10;Capabilities {acceptInsecureCerts: false, browserName: chrome, browserVersion: 110.0.5481.100, chrome: {chromedriverVersion: 110.0.5481.77 (65ed616c6e8e..., userDataDir: /var/folders/00/xzw63_pj58g...}, goog:chromeOptions: {debuggerAddress: localhost:51454}, javascriptEnabled: true, networkConnectionEnabled: false, pageLoadStrategy: normal, platform: MAC, platformName: MAC, proxy: Proxy(), se:cdp: ws://localhost:51454/devtoo..., se:cdpVersion: 110.0.5481.100, setWindowRect: true, strictFileInteractability: false, timeouts: {implicit: 0, pageLoad: 300000, script: 30000}, unhandledPromptBehavior: dismiss and notify, webauthn:extension:credBlob: true, webauthn:extension:largeBlob: true, webauthn:virtualAuthenticators: true}&#10;Session ID: 449f54c7fcaef37df199e3b811a768b3" type="org.openqa.selenium.NoSuchElementException"><![CDATA[org.openqa.selenium.NoSuchElementException: 
no such element: Unable to locate element: {"method":"xpath","selector":"//h2[@class='swal2-title']"}
  (Session info: chrome=110.0.5481.100)
For documentation on this error, please visit: https://selenium.dev/exceptions/#no_such_element
Build info: version: '4.1.2', revision: '9a5a329c5a'
System info: host: 'nsystem-mbp', ip: 'fe80:0:0:0:ce7:beec:a50b:8367%en0', os.name: 'Mac OS X', os.arch: 'x86_64', os.version: '10.16', java.version: '1.8.0_201'
Driver info: org.openqa.selenium.chrome.ChromeDriver
Command: [449f54c7fcaef37df199e3b811a768b3, findElement {using=xpath, value=//h2[@class='swal2-title']}]
Capabilities {acceptInsecureCerts: false, browserName: chrome, browserVersion: 110.0.5481.100, chrome: {chromedriverVersion: 110.0.5481.77 (65ed616c6e8e..., userDataDir: /var/folders/00/xzw63_pj58g...}, goog:chromeOptions: {debuggerAddress: localhost:51454}, javascriptEnabled: true, networkConnectionEnabled: false, pageLoadStrategy: normal, platform: MAC, platformName: MAC, proxy: Proxy(), se:cdp: ws://localhost:51454/devtoo..., se:cdpVersion: 110.0.5481.100, setWindowRect: true, strictFileInteractability: false, timeouts: {implicit: 0, pageLoad: 300000, script: 30000}, unhandledPromptBehavior: dismiss and notify, webauthn:extension:credBlob: true, webauthn:extension:largeBlob: true, webauthn:virtualAuthenticators: true}
Session ID: 449f54c7fcaef37df199e3b811a768b3
]]></error>
  </testcase>
  <testcase name="And User move to edit profile" classname="| Nurul Khalifatu Sadiyah Amd Kom 2017 |" time="0">
    <skipped/>
  </testcase>
  <testcase name="Given Teacher already on Edit Profile page" classname="| Nurul Khalifatu Sadiyah Amd Kom 2017 |" time="0">
    <skipped/>
    <system-out><![CDATA[
  Background:                                                                   &amp#27;[90m# features/UpdateTeacher.feature:4&amp#27;[0m
    &amp#27;[32mGiven &amp#27;[0m&amp#27;[32mUser open the website GuruMu&amp#27;[0m                                          &amp#27;[90m# LoginSteps.userOpenTheWebsiteGuruMu()&amp#27;[0m
    &amp#27;[32mWhen &amp#27;[0m&amp#27;[32mUser click avatar navigation&amp#27;[0m                                           &amp#27;[90m# LoginSteps.userClickAvatarNavigation()&amp#27;[0m
    &amp#27;[32mAnd &amp#27;[0m&amp#27;[32mUser click menu Masuk&amp#27;[0m                                                   &amp#27;[90m# LoginSteps.userClickMenuMasuk()&amp#27;[0m
    &amp#27;[32mAnd &amp#27;[0m&amp#27;[32mUser input "&amp#27;[0m&amp#27;[32m&amp#27;[1mzulfeekei@gmail.com&amp#27;[0m&amp#27;[32m" as email and input "&amp#27;[0m&amp#27;[32m&amp#27;[1mbe123&amp#27;[0m&amp#27;[32m" as password&amp#27;[0m &amp#27;[90m# LoginSteps.inputCredential(String,String)&amp#27;[0m
    &amp#27;[32mAnd &amp#27;[0m&amp#27;[32mUser clicked masuk button&amp#27;[0m                                               &amp#27;[90m# LoginSteps.userClickMasukButton()&amp#27;[0m
    &amp#27;[31mWhen &amp#27;[0m&amp#27;[31mUser move to Profile Page&amp#27;[0m                                              &amp#27;[90m# PenilaianUlasanSteps.userMoveToProfilePage()&amp#27;[0m
      &amp#27;[31morg.openqa.selenium.NoSuchElementException: no such element: Unable to locate element: {"method":"xpath","selector":"//h2[@class='swal2-title']"}
        (Session info: chrome=110.0.5481.100)
      For documentation on this error, please visit: https://selenium.dev/exceptions/#no_such_element
      Build info: version: '4.1.2', revision: '9a5a329c5a'
      System info: host: 'nsystem-mbp', ip: 'fe80:0:0:0:ce7:beec:a50b:8367%en0', os.name: 'Mac OS X', os.arch: 'x86_64', os.version: '10.16', java.version: '1.8.0_201'
      Driver info: org.openqa.selenium.chrome.ChromeDriver
      Command: [449f54c7fcaef37df199e3b811a768b3, findElement {using=xpath, value=//h2[@class='swal2-title']}]
      Capabilities {acceptInsecureCerts: false, browserName: chrome, browserVersion: 110.0.5481.100, chrome: {chromedriverVersion: 110.0.5481.77 (65ed616c6e8e..., userDataDir: /var/folders/00/xzw63_pj58g...}, goog:chromeOptions: {debuggerAddress: localhost:51454}, javascriptEnabled: true, networkConnectionEnabled: false, pageLoadStrategy: normal, platform: MAC, platformName: MAC, proxy: Proxy(), se:cdp: ws://localhost:51454/devtoo..., se:cdpVersion: 110.0.5481.100, setWindowRect: true, strictFileInteractability: false, timeouts: {implicit: 0, pageLoad: 300000, script: 30000}, unhandledPromptBehavior: dismiss and notify, webauthn:extension:credBlob: true, webauthn:extension:largeBlob: true, webauthn:virtualAuthenticators: true}
      Session ID: 449f54c7fcaef37df199e3b811a768b3
      	at sun.reflect.GeneratedConstructorAccessor38.newInstance(Unknown Source)
      	at sun.reflect.DelegatingConstructorAccessorImpl.newInstance(DelegatingConstructorAccessorImpl.java:45)
      	at java.lang.reflect.Constructor.newInstance(Constructor.java:423)
      	at org.openqa.selenium.remote.codec.w3c.W3CHttpResponseCodec.createException(W3CHttpResponseCodec.java:200)
      	at org.openqa.selenium.remote.codec.w3c.W3CHttpResponseCodec.decode(W3CHttpResponseCodec.java:133)
      	at org.openqa.selenium.remote.codec.w3c.W3CHttpResponseCodec.decode(W3CHttpResponseCodec.java:53)
      	at org.openqa.selenium.remote.HttpCommandExecutor.execute(HttpCommandExecutor.java:184)
      	at org.openqa.selenium.remote.service.DriverCommandExecutor.invokeExecute(DriverCommandExecutor.java:167)
      	at org.openqa.selenium.remote.service.DriverCommandExecutor.execute(DriverCommandExecutor.java:142)
      	at org.openqa.selenium.remote.RemoteWebDriver.execute(RemoteWebDriver.java:558)
      	at org.openqa.selenium.remote.ElementLocation$ElementFinder$2.findElement(ElementLocation.java:162)
      	at org.openqa.selenium.remote.ElementLocation.findElement(ElementLocation.java:60)
      	at org.openqa.selenium.remote.RemoteWebDriver.findElement(RemoteWebDriver.java:382)
      	at org.openqa.selenium.remote.RemoteWebDriver.findElement(RemoteWebDriver.java:374)
      	at org.openqa.selenium.support.pagefactory.DefaultElementLocator.findElement(DefaultElementLocator.java:70)
      	at org.openqa.selenium.support.pagefactory.internal.LocatingElementHandler.invoke(LocatingElementHandler.java:39)
      	at com.sun.proxy.$Proxy21.isDisplayed(Unknown Source)
      	at org.example.pageObject.BerandaPage.successMessageIsDisplayed(BerandaPage.java:169)
      	at step_definitions.PenilaianUlasanSteps.userMoveToProfilePage(PenilaianUlasanSteps.java:163)
      	at ✽.When User move to Profile Page(features/UpdateTeacher.feature:10)
      &amp#27;[0m
    &amp#27;[36mAnd &amp#27;[0m&amp#27;[36mUser move to edit profile&amp#27;[0m                                               &amp#27;[90m# UpdateTeacherSteps.userMoveToEditProfile()&amp#27;[0m
]]></system-out>
  </testcase>
  <testcase name="When Teacher click &apos;Gelar&apos; field" classname="| Nurul Khalifatu Sadiyah Amd Kom 2017 |" time="0">
    <skipped/>
  </testcase>
  <testcase name="Then Teacher input with Character and Number like &quot;Nurul Khalifatu Sadiyah Amd Kom 2017&quot; in &apos;Gelar&apos; field" classname="| Nurul Khalifatu Sadiyah Amd Kom 2017 |" time="0">
    <skipped/>
  </testcase>
  <testcase name="Given User open the website GuruMu" classname="| $%^$%^%&amp; |" time="0">
    <system-out><![CDATA[
  @TestUpdateTeacher @Test
  Scenario Outline: Input Field with Character and Number in 'Gelar' field                                    &amp#27;[90m# features/UpdateTeacher.feature:219&amp#27;[0m
    &amp#27;[36mGiven &amp#27;[0m&amp#27;[36mTeacher already on Edit Profile page&amp#27;[0m                                                                &amp#27;[90m# UpdateTeacherSteps.teacherAlreadyOnEditProfilePage()&amp#27;[0m
    &amp#27;[36mWhen &amp#27;[0m&amp#27;[36mTeacher click 'Gelar' field&amp#27;[0m                                                                          &amp#27;[90m# UpdateTeacherSteps.teacherClickGelarField()&amp#27;[0m
    &amp#27;[36mThen &amp#27;[0m&amp#27;[36mTeacher input with Character and Number like "&amp#27;[0m&amp#27;[36m&amp#27;[1mNurul Khalifatu Sadiyah Amd Kom 2017&amp#27;[0m&amp#27;[36m" in 'Gelar' field&amp#27;[0m &amp#27;[90m# UpdateTeacherSteps.teacherInputWithCharacterAndNumberLikeInGelarField(String)&amp#27;[0m

  Scenario Outline: Input Field with Special Character in 'Gelar' field         &amp#27;[90m# features/UpdateTeacher.feature:221&amp#27;[0m
    &amp#27;[36mGiven &amp#27;[0m&amp#27;[36mTeacher already on Edit Profile page&amp#27;[0m
    &amp#27;[36mWhen &amp#27;[0m&amp#27;[36mTeacher click 'Gelar' field&amp#27;[0m
    &amp#27;[36mThen &amp#27;[0m&amp#27;[36mTeacher input with Special Character like "<aboutme>" in 'Gelar' field&amp#27;[0m

    Examples: 
]]></system-out>
    <system-err><![CDATA[Starting ChromeDriver 110.0.5481.77 (65ed616c6e8ee3fe0ad64fe83796c020644d42af-refs/branch-heads/5481@{#839}) on port 64368
Only local connections are allowed.
Please see https://chromedriver.chromium.org/security-considerations for suggestions on keeping ChromeDriver safe.
ChromeDriver was started successfully.
[1676555148.134][WARNING]: virtual void DevToolsClientImpl::AddListener(DevToolsEventListener *) subscribing a listener to the already connected DevToolsClient. Connection notification will not arrive.
Feb 16, 2023 8:45:48 PM org.openqa.selenium.remote.ProtocolHandshake createSession
INFO: Detected dialect: W3C
Feb 16, 2023 8:45:48 PM org.openqa.selenium.devtools.CdpVersionFinder findNearestMatch
WARNING: Unable to find an exact match for CDP version 110, so returning the closest version found: a no-op implementation
Feb 16, 2023 8:45:48 PM org.openqa.selenium.devtools.CdpVersionFinder findNearestMatch
INFO: Unable to find CDP implementation matching 110.
Feb 16, 2023 8:45:48 PM org.openqa.selenium.chromium.ChromiumDriver lambda$new$3
WARNING: Unable to find version of CDP to use for . You may need to include a dependency on a specific version of the CDP using something similar to `org.seleniumhq.selenium:selenium-devtools-v86:4.1.2` where the version ("v86") matches the version of the chromium-based browser you're using and the version number of the artifact is the same as Selenium's.
]]></system-err>
  </testcase>
  <testcase name="When User click avatar navigation" classname="| $%^$%^%&amp; |" time="0"/>
  <testcase name="And User click menu Masuk" classname="| $%^$%^%&amp; |" time="0"/>
  <testcase name="And User input &quot;zulfeekei@gmail.com&quot; as email and input &quot;be123&quot; as password" classname="| $%^$%^%&amp; |" time="0"/>
  <testcase name="And User clicked masuk button" classname="| $%^$%^%&amp; |" time="0"/>
  <testcase name="When User move to Profile Page" classname="| $%^$%^%&amp; |" time="0"/>
  <testcase name="And User move to edit profile" classname="| $%^$%^%&amp; |" time="0.008">
    <error message="no such element: Unable to locate element: {&quot;method&quot;:&quot;xpath&quot;,&quot;selector&quot;:&quot;//div[@class=&apos;bp4-tab pl-12 pr-12 pb-2 font-bold text-xl lg:ml-60 mx-auto&apos;]&quot;}&#10;  (Session info: chrome=110.0.5481.100)&#10;For documentation on this error, please visit: https://selenium.dev/exceptions/#no_such_element&#10;Build info: version: &apos;4.1.2&apos;, revision: &apos;9a5a329c5a&apos;&#10;System info: host: &apos;nsystem-mbp&apos;, ip: &apos;fe80:0:0:0:ce7:beec:a50b:8367%en0&apos;, os.name: &apos;Mac OS X&apos;, os.arch: &apos;x86_64&apos;, os.version: &apos;10.16&apos;, java.version: &apos;1.8.0_201&apos;&#10;Driver info: org.openqa.selenium.chrome.ChromeDriver&#10;Command: [c65a294d893fa32d875d930022b0dbb7, findElement {using=xpath, value=//div[@class=&apos;bp4-tab pl-12 pr-12 pb-2 font-bold text-xl lg:ml-60 mx-auto&apos;]}]&#10;Capabilities {acceptInsecureCerts: false, browserName: chrome, browserVersion: 110.0.5481.100, chrome: {chromedriverVersion: 110.0.5481.77 (65ed616c6e8e..., userDataDir: /var/folders/00/xzw63_pj58g...}, goog:chromeOptions: {debuggerAddress: localhost:51475}, javascriptEnabled: true, networkConnectionEnabled: false, pageLoadStrategy: normal, platform: MAC, platformName: MAC, proxy: Proxy(), se:cdp: ws://localhost:51475/devtoo..., se:cdpVersion: 110.0.5481.100, setWindowRect: true, strictFileInteractability: false, timeouts: {implicit: 0, pageLoad: 300000, script: 30000}, unhandledPromptBehavior: dismiss and notify, webauthn:extension:credBlob: true, webauthn:extension:largeBlob: true, webauthn:virtualAuthenticators: true}&#10;Session ID: c65a294d893fa32d875d930022b0dbb7" type="org.openqa.selenium.NoSuchElementException"><![CDATA[org.openqa.selenium.NoSuchElementException: 
no such element: Unable to locate element: {"method":"xpath","selector":"//div[@class='bp4-tab pl-12 pr-12 pb-2 font-bold text-xl lg:ml-60 mx-auto']"}
  (Session info: chrome=110.0.5481.100)
For documentation on this error, please visit: https://selenium.dev/exceptions/#no_such_element
Build info: version: '4.1.2', revision: '9a5a329c5a'
System info: host: 'nsystem-mbp', ip: 'fe80:0:0:0:ce7:beec:a50b:8367%en0', os.name: 'Mac OS X', os.arch: 'x86_64', os.version: '10.16', java.version: '1.8.0_201'
Driver info: org.openqa.selenium.chrome.ChromeDriver
Command: [c65a294d893fa32d875d930022b0dbb7, findElement {using=xpath, value=//div[@class='bp4-tab pl-12 pr-12 pb-2 font-bold text-xl lg:ml-60 mx-auto']}]
Capabilities {acceptInsecureCerts: false, browserName: chrome, browserVersion: 110.0.5481.100, chrome: {chromedriverVersion: 110.0.5481.77 (65ed616c6e8e..., userDataDir: /var/folders/00/xzw63_pj58g...}, goog:chromeOptions: {debuggerAddress: localhost:51475}, javascriptEnabled: true, networkConnectionEnabled: false, pageLoadStrategy: normal, platform: MAC, platformName: MAC, proxy: Proxy(), se:cdp: ws://localhost:51475/devtoo..., se:cdpVersion: 110.0.5481.100, setWindowRect: true, strictFileInteractability: false, timeouts: {implicit: 0, pageLoad: 300000, script: 30000}, unhandledPromptBehavior: dismiss and notify, webauthn:extension:credBlob: true, webauthn:extension:largeBlob: true, webauthn:virtualAuthenticators: true}
Session ID: c65a294d893fa32d875d930022b0dbb7
]]></error>
  </testcase>
  <testcase name="" classname="| $%^$%^%&amp; |" time="0.008">
    <error message="no such element: Unable to locate element: {&quot;method&quot;:&quot;xpath&quot;,&quot;selector&quot;:&quot;//div[@class=&apos;bp4-tab pl-12 pr-12 pb-2 font-bold text-xl lg:ml-60 mx-auto&apos;]&quot;}&#10;  (Session info: chrome=110.0.5481.100)&#10;For documentation on this error, please visit: https://selenium.dev/exceptions/#no_such_element&#10;Build info: version: &apos;4.1.2&apos;, revision: &apos;9a5a329c5a&apos;&#10;System info: host: &apos;nsystem-mbp&apos;, ip: &apos;fe80:0:0:0:ce7:beec:a50b:8367%en0&apos;, os.name: &apos;Mac OS X&apos;, os.arch: &apos;x86_64&apos;, os.version: &apos;10.16&apos;, java.version: &apos;1.8.0_201&apos;&#10;Driver info: org.openqa.selenium.chrome.ChromeDriver&#10;Command: [c65a294d893fa32d875d930022b0dbb7, findElement {using=xpath, value=//div[@class=&apos;bp4-tab pl-12 pr-12 pb-2 font-bold text-xl lg:ml-60 mx-auto&apos;]}]&#10;Capabilities {acceptInsecureCerts: false, browserName: chrome, browserVersion: 110.0.5481.100, chrome: {chromedriverVersion: 110.0.5481.77 (65ed616c6e8e..., userDataDir: /var/folders/00/xzw63_pj58g...}, goog:chromeOptions: {debuggerAddress: localhost:51475}, javascriptEnabled: true, networkConnectionEnabled: false, pageLoadStrategy: normal, platform: MAC, platformName: MAC, proxy: Proxy(), se:cdp: ws://localhost:51475/devtoo..., se:cdpVersion: 110.0.5481.100, setWindowRect: true, strictFileInteractability: false, timeouts: {implicit: 0, pageLoad: 300000, script: 30000}, unhandledPromptBehavior: dismiss and notify, webauthn:extension:credBlob: true, webauthn:extension:largeBlob: true, webauthn:virtualAuthenticators: true}&#10;Session ID: c65a294d893fa32d875d930022b0dbb7" type="org.openqa.selenium.NoSuchElementException"><![CDATA[org.openqa.selenium.NoSuchElementException: 
no such element: Unable to locate element: {"method":"xpath","selector":"//div[@class='bp4-tab pl-12 pr-12 pb-2 font-bold text-xl lg:ml-60 mx-auto']"}
  (Session info: chrome=110.0.5481.100)
For documentation on this error, please visit: https://selenium.dev/exceptions/#no_such_element
Build info: version: '4.1.2', revision: '9a5a329c5a'
System info: host: 'nsystem-mbp', ip: 'fe80:0:0:0:ce7:beec:a50b:8367%en0', os.name: 'Mac OS X', os.arch: 'x86_64', os.version: '10.16', java.version: '1.8.0_201'
Driver info: org.openqa.selenium.chrome.ChromeDriver
Command: [c65a294d893fa32d875d930022b0dbb7, findElement {using=xpath, value=//div[@class='bp4-tab pl-12 pr-12 pb-2 font-bold text-xl lg:ml-60 mx-auto']}]
Capabilities {acceptInsecureCerts: false, browserName: chrome, browserVersion: 110.0.5481.100, chrome: {chromedriverVersion: 110.0.5481.77 (65ed616c6e8e..., userDataDir: /var/folders/00/xzw63_pj58g...}, goog:chromeOptions: {debuggerAddress: localhost:51475}, javascriptEnabled: true, networkConnectionEnabled: false, pageLoadStrategy: normal, platform: MAC, platformName: MAC, proxy: Proxy(), se:cdp: ws://localhost:51475/devtoo..., se:cdpVersion: 110.0.5481.100, setWindowRect: true, strictFileInteractability: false, timeouts: {implicit: 0, pageLoad: 300000, script: 30000}, unhandledPromptBehavior: dismiss and notify, webauthn:extension:credBlob: true, webauthn:extension:largeBlob: true, webauthn:virtualAuthenticators: true}
Session ID: c65a294d893fa32d875d930022b0dbb7
]]></error>
  </testcase>
  <testcase name="Given Teacher already on Edit Profile page" classname="| $%^$%^%&amp; |" time="0">
    <skipped/>
    <system-out><![CDATA[
  Background:                                                                   &amp#27;[90m# features/UpdateTeacher.feature:4&amp#27;[0m
    &amp#27;[32mGiven &amp#27;[0m&amp#27;[32mUser open the website GuruMu&amp#27;[0m                                          &amp#27;[90m# LoginSteps.userOpenTheWebsiteGuruMu()&amp#27;[0m
    &amp#27;[32mWhen &amp#27;[0m&amp#27;[32mUser click avatar navigation&amp#27;[0m                                           &amp#27;[90m# LoginSteps.userClickAvatarNavigation()&amp#27;[0m
    &amp#27;[32mAnd &amp#27;[0m&amp#27;[32mUser click menu Masuk&amp#27;[0m                                                   &amp#27;[90m# LoginSteps.userClickMenuMasuk()&amp#27;[0m
    &amp#27;[32mAnd &amp#27;[0m&amp#27;[32mUser input "&amp#27;[0m&amp#27;[32m&amp#27;[1mzulfeekei@gmail.com&amp#27;[0m&amp#27;[32m" as email and input "&amp#27;[0m&amp#27;[32m&amp#27;[1mbe123&amp#27;[0m&amp#27;[32m" as password&amp#27;[0m &amp#27;[90m# LoginSteps.inputCredential(String,String)&amp#27;[0m
    &amp#27;[32mAnd &amp#27;[0m&amp#27;[32mUser clicked masuk button&amp#27;[0m                                               &amp#27;[90m# LoginSteps.userClickMasukButton()&amp#27;[0m
    &amp#27;[32mWhen &amp#27;[0m&amp#27;[32mUser move to Profile Page&amp#27;[0m                                              &amp#27;[90m# PenilaianUlasanSteps.userMoveToProfilePage()&amp#27;[0m
    &amp#27;[31mAnd &amp#27;[0m&amp#27;[31mUser move to edit profile&amp#27;[0m                                               &amp#27;[90m# UpdateTeacherSteps.userMoveToEditProfile()&amp#27;[0m
      &amp#27;[31morg.openqa.selenium.NoSuchElementException: no such element: Unable to locate element: {"method":"xpath","selector":"//div[@class='bp4-tab pl-12 pr-12 pb-2 font-bold text-xl lg:ml-60 mx-auto']"}
        (Session info: chrome=110.0.5481.100)
      For documentation on this error, please visit: https://selenium.dev/exceptions/#no_such_element
      Build info: version: '4.1.2', revision: '9a5a329c5a'
      System info: host: 'nsystem-mbp', ip: 'fe80:0:0:0:ce7:beec:a50b:8367%en0', os.name: 'Mac OS X', os.arch: 'x86_64', os.version: '10.16', java.version: '1.8.0_201'
      Driver info: org.openqa.selenium.chrome.ChromeDriver
      Command: [c65a294d893fa32d875d930022b0dbb7, findElement {using=xpath, value=//div[@class='bp4-tab pl-12 pr-12 pb-2 font-bold text-xl lg:ml-60 mx-auto']}]
      Capabilities {acceptInsecureCerts: false, browserName: chrome, browserVersion: 110.0.5481.100, chrome: {chromedriverVersion: 110.0.5481.77 (65ed616c6e8e..., userDataDir: /var/folders/00/xzw63_pj58g...}, goog:chromeOptions: {debuggerAddress: localhost:51475}, javascriptEnabled: true, networkConnectionEnabled: false, pageLoadStrategy: normal, platform: MAC, platformName: MAC, proxy: Proxy(), se:cdp: ws://localhost:51475/devtoo..., se:cdpVersion: 110.0.5481.100, setWindowRect: true, strictFileInteractability: false, timeouts: {implicit: 0, pageLoad: 300000, script: 30000}, unhandledPromptBehavior: dismiss and notify, webauthn:extension:credBlob: true, webauthn:extension:largeBlob: true, webauthn:virtualAuthenticators: true}
      Session ID: c65a294d893fa32d875d930022b0dbb7
      	at sun.reflect.GeneratedConstructorAccessor38.newInstance(Unknown Source)
      	at sun.reflect.DelegatingConstructorAccessorImpl.newInstance(DelegatingConstructorAccessorImpl.java:45)
      	at java.lang.reflect.Constructor.newInstance(Constructor.java:423)
      	at org.openqa.selenium.remote.codec.w3c.W3CHttpResponseCodec.createException(W3CHttpResponseCodec.java:200)
      	at org.openqa.selenium.remote.codec.w3c.W3CHttpResponseCodec.decode(W3CHttpResponseCodec.java:133)
      	at org.openqa.selenium.remote.codec.w3c.W3CHttpResponseCodec.decode(W3CHttpResponseCodec.java:53)
      	at org.openqa.selenium.remote.HttpCommandExecutor.execute(HttpCommandExecutor.java:184)
      	at org.openqa.selenium.remote.service.DriverCommandExecutor.invokeExecute(DriverCommandExecutor.java:167)
      	at org.openqa.selenium.remote.service.DriverCommandExecutor.execute(DriverCommandExecutor.java:142)
      	at org.openqa.selenium.remote.RemoteWebDriver.execute(RemoteWebDriver.java:558)
      	at org.openqa.selenium.remote.ElementLocation$ElementFinder$2.findElement(ElementLocation.java:162)
      	at org.openqa.selenium.remote.ElementLocation.findElement(ElementLocation.java:60)
      	at org.openqa.selenium.remote.RemoteWebDriver.findElement(RemoteWebDriver.java:382)
      	at org.openqa.selenium.remote.RemoteWebDriver.findElement(RemoteWebDriver.java:374)
      	at org.openqa.selenium.support.pagefactory.DefaultElementLocator.findElement(DefaultElementLocator.java:70)
      	at org.openqa.selenium.support.pagefactory.internal.LocatingElementHandler.invoke(LocatingElementHandler.java:39)
      	at com.sun.proxy.$Proxy21.click(Unknown Source)
      	at org.example.pageObject.UpdateTeacherPage.toEditProfile(UpdateTeacherPage.java:327)
      	at step_definitions.UpdateTeacherSteps.userMoveToEditProfile(UpdateTeacherSteps.java:1195)
      	at ✽.And User move to edit profile(features/UpdateTeacher.feature:11)
      &amp#27;[0m
]]></system-out>
  </testcase>
  <testcase name="When Teacher click &apos;Gelar&apos; field" classname="| $%^$%^%&amp; |" time="0">
    <skipped/>
  </testcase>
  <testcase name="Then Teacher input with Special Character like &quot;$%^$%^%&amp;&quot; in &apos;Gelar&apos; field" classname="| $%^$%^%&amp; |" time="0">
    <skipped/>
  </testcase>
  <testcase name="Given User open the website GuruMu" classname="| Nurul Khalifatu Sadiyah Amd.Kom |" time="0.003">
    <system-out><![CDATA[
  @TestUpdateTeacher @Test
  Scenario Outline: Input Field with Special Character in 'Gelar' field        &amp#27;[90m# features/UpdateTeacher.feature:227&amp#27;[0m
    &amp#27;[36mGiven &amp#27;[0m&amp#27;[36mTeacher already on Edit Profile page&amp#27;[0m                                 &amp#27;[90m# UpdateTeacherSteps.teacherAlreadyOnEditProfilePage()&amp#27;[0m
    &amp#27;[36mWhen &amp#27;[0m&amp#27;[36mTeacher click 'Gelar' field&amp#27;[0m                                           &amp#27;[90m# UpdateTeacherSteps.teacherClickGelarField()&amp#27;[0m
    &amp#27;[36mThen &amp#27;[0m&amp#27;[36mTeacher input with Special Character like "&amp#27;[0m&amp#27;[36m&amp#27;[1m$%^$%^%&&amp#27;[0m&amp#27;[36m" in 'Gelar' field&amp#27;[0m &amp#27;[90m# UpdateTeacherSteps.teacherInputWithSpecialCharacterLikeInGelarField(String)&amp#27;[0m

  Scenario Outline: Input Field with Character and Special Character in 'Gelar' field         &amp#27;[90m# features/UpdateTeacher.feature:229&amp#27;[0m
    &amp#27;[36mGiven &amp#27;[0m&amp#27;[36mTeacher already on Edit Profile page&amp#27;[0m
    &amp#27;[36mWhen &amp#27;[0m&amp#27;[36mTeacher click 'Gelar' field&amp#27;[0m
    &amp#27;[36mThen &amp#27;[0m&amp#27;[36mTeacher input with Character and Special Character like "<aboutme>" in 'Gelar' field&amp#27;[0m

    Examples: 
]]></system-out>
    <system-err><![CDATA[Starting ChromeDriver 110.0.5481.77 (65ed616c6e8ee3fe0ad64fe83796c020644d42af-refs/branch-heads/5481@{#839}) on port 59716
Only local connections are allowed.
Please see https://chromedriver.chromium.org/security-considerations for suggestions on keeping ChromeDriver safe.
ChromeDriver was started successfully.
[1676555187.249][WARNING]: virtual void DevToolsClientImpl::AddListener(DevToolsEventListener *) subscribing a listener to the already connected DevToolsClient. Connection notification will not arrive.
Feb 16, 2023 8:46:27 PM org.openqa.selenium.remote.ProtocolHandshake createSession
INFO: Detected dialect: W3C
Feb 16, 2023 8:46:27 PM org.openqa.selenium.devtools.CdpVersionFinder findNearestMatch
WARNING: Unable to find an exact match for CDP version 110, so returning the closest version found: a no-op implementation
Feb 16, 2023 8:46:27 PM org.openqa.selenium.devtools.CdpVersionFinder findNearestMatch
INFO: Unable to find CDP implementation matching 110.
Feb 16, 2023 8:46:27 PM org.openqa.selenium.chromium.ChromiumDriver lambda$new$3
WARNING: Unable to find version of CDP to use for . You may need to include a dependency on a specific version of the CDP using something similar to `org.seleniumhq.selenium:selenium-devtools-v86:4.1.2` where the version ("v86") matches the version of the chromium-based browser you're using and the version number of the artifact is the same as Selenium's.
]]></system-err>
  </testcase>
  <testcase name="When User click avatar navigation" classname="| Nurul Khalifatu Sadiyah Amd.Kom |" time="0"/>
  <testcase name="And User click menu Masuk" classname="| Nurul Khalifatu Sadiyah Amd.Kom |" time="0"/>
  <testcase name="And User input &quot;zulfeekei@gmail.com&quot; as email and input &quot;be123&quot; as password" classname="| Nurul Khalifatu Sadiyah Amd.Kom |" time="0"/>
  <testcase name="And User clicked masuk button" classname="| Nurul Khalifatu Sadiyah Amd.Kom |" time="0"/>
  <testcase name="When User move to Profile Page" classname="| Nurul Khalifatu Sadiyah Amd.Kom |" time="0.001"/>
  <testcase name="And User move to edit profile" classname="| Nurul Khalifatu Sadiyah Amd.Kom |" time="0.003">
    <error message="no such element: Unable to locate element: {&quot;method&quot;:&quot;xpath&quot;,&quot;selector&quot;:&quot;//div[@class=&apos;bp4-tab pl-12 pr-12 pb-2 font-bold text-xl lg:ml-60 mx-auto&apos;]&quot;}&#10;  (Session info: chrome=110.0.5481.100)&#10;For documentation on this error, please visit: https://selenium.dev/exceptions/#no_such_element&#10;Build info: version: &apos;4.1.2&apos;, revision: &apos;9a5a329c5a&apos;&#10;System info: host: &apos;nsystem-mbp&apos;, ip: &apos;fe80:0:0:0:ce7:beec:a50b:8367%en0&apos;, os.name: &apos;Mac OS X&apos;, os.arch: &apos;x86_64&apos;, os.version: &apos;10.16&apos;, java.version: &apos;1.8.0_201&apos;&#10;Driver info: org.openqa.selenium.chrome.ChromeDriver&#10;Command: [d67c0de3383f23e88571f881514343d1, findElement {using=xpath, value=//div[@class=&apos;bp4-tab pl-12 pr-12 pb-2 font-bold text-xl lg:ml-60 mx-auto&apos;]}]&#10;Capabilities {acceptInsecureCerts: false, browserName: chrome, browserVersion: 110.0.5481.100, chrome: {chromedriverVersion: 110.0.5481.77 (65ed616c6e8e..., userDataDir: /var/folders/00/xzw63_pj58g...}, goog:chromeOptions: {debuggerAddress: localhost:51504}, javascriptEnabled: true, networkConnectionEnabled: false, pageLoadStrategy: normal, platform: MAC, platformName: MAC, proxy: Proxy(), se:cdp: ws://localhost:51504/devtoo..., se:cdpVersion: 110.0.5481.100, setWindowRect: true, strictFileInteractability: false, timeouts: {implicit: 0, pageLoad: 300000, script: 30000}, unhandledPromptBehavior: dismiss and notify, webauthn:extension:credBlob: true, webauthn:extension:largeBlob: true, webauthn:virtualAuthenticators: true}&#10;Session ID: d67c0de3383f23e88571f881514343d1" type="org.openqa.selenium.NoSuchElementException"><![CDATA[org.openqa.selenium.NoSuchElementException: 
no such element: Unable to locate element: {"method":"xpath","selector":"//div[@class='bp4-tab pl-12 pr-12 pb-2 font-bold text-xl lg:ml-60 mx-auto']"}
  (Session info: chrome=110.0.5481.100)
For documentation on this error, please visit: https://selenium.dev/exceptions/#no_such_element
Build info: version: '4.1.2', revision: '9a5a329c5a'
System info: host: 'nsystem-mbp', ip: 'fe80:0:0:0:ce7:beec:a50b:8367%en0', os.name: 'Mac OS X', os.arch: 'x86_64', os.version: '10.16', java.version: '1.8.0_201'
Driver info: org.openqa.selenium.chrome.ChromeDriver
Command: [d67c0de3383f23e88571f881514343d1, findElement {using=xpath, value=//div[@class='bp4-tab pl-12 pr-12 pb-2 font-bold text-xl lg:ml-60 mx-auto']}]
Capabilities {acceptInsecureCerts: false, browserName: chrome, browserVersion: 110.0.5481.100, chrome: {chromedriverVersion: 110.0.5481.77 (65ed616c6e8e..., userDataDir: /var/folders/00/xzw63_pj58g...}, goog:chromeOptions: {debuggerAddress: localhost:51504}, javascriptEnabled: true, networkConnectionEnabled: false, pageLoadStrategy: normal, platform: MAC, platformName: MAC, proxy: Proxy(), se:cdp: ws://localhost:51504/devtoo..., se:cdpVersion: 110.0.5481.100, setWindowRect: true, strictFileInteractability: false, timeouts: {implicit: 0, pageLoad: 300000, script: 30000}, unhandledPromptBehavior: dismiss and notify, webauthn:extension:credBlob: true, webauthn:extension:largeBlob: true, webauthn:virtualAuthenticators: true}
Session ID: d67c0de3383f23e88571f881514343d1
]]></error>
  </testcase>
  <testcase name="" classname="| Nurul Khalifatu Sadiyah Amd.Kom |" time="0.004">
    <error message="no such element: Unable to locate element: {&quot;method&quot;:&quot;xpath&quot;,&quot;selector&quot;:&quot;//div[@class=&apos;bp4-tab pl-12 pr-12 pb-2 font-bold text-xl lg:ml-60 mx-auto&apos;]&quot;}&#10;  (Session info: chrome=110.0.5481.100)&#10;For documentation on this error, please visit: https://selenium.dev/exceptions/#no_such_element&#10;Build info: version: &apos;4.1.2&apos;, revision: &apos;9a5a329c5a&apos;&#10;System info: host: &apos;nsystem-mbp&apos;, ip: &apos;fe80:0:0:0:ce7:beec:a50b:8367%en0&apos;, os.name: &apos;Mac OS X&apos;, os.arch: &apos;x86_64&apos;, os.version: &apos;10.16&apos;, java.version: &apos;1.8.0_201&apos;&#10;Driver info: org.openqa.selenium.chrome.ChromeDriver&#10;Command: [d67c0de3383f23e88571f881514343d1, findElement {using=xpath, value=//div[@class=&apos;bp4-tab pl-12 pr-12 pb-2 font-bold text-xl lg:ml-60 mx-auto&apos;]}]&#10;Capabilities {acceptInsecureCerts: false, browserName: chrome, browserVersion: 110.0.5481.100, chrome: {chromedriverVersion: 110.0.5481.77 (65ed616c6e8e..., userDataDir: /var/folders/00/xzw63_pj58g...}, goog:chromeOptions: {debuggerAddress: localhost:51504}, javascriptEnabled: true, networkConnectionEnabled: false, pageLoadStrategy: normal, platform: MAC, platformName: MAC, proxy: Proxy(), se:cdp: ws://localhost:51504/devtoo..., se:cdpVersion: 110.0.5481.100, setWindowRect: true, strictFileInteractability: false, timeouts: {implicit: 0, pageLoad: 300000, script: 30000}, unhandledPromptBehavior: dismiss and notify, webauthn:extension:credBlob: true, webauthn:extension:largeBlob: true, webauthn:virtualAuthenticators: true}&#10;Session ID: d67c0de3383f23e88571f881514343d1" type="org.openqa.selenium.NoSuchElementException"><![CDATA[org.openqa.selenium.NoSuchElementException: 
no such element: Unable to locate element: {"method":"xpath","selector":"//div[@class='bp4-tab pl-12 pr-12 pb-2 font-bold text-xl lg:ml-60 mx-auto']"}
  (Session info: chrome=110.0.5481.100)
For documentation on this error, please visit: https://selenium.dev/exceptions/#no_such_element
Build info: version: '4.1.2', revision: '9a5a329c5a'
System info: host: 'nsystem-mbp', ip: 'fe80:0:0:0:ce7:beec:a50b:8367%en0', os.name: 'Mac OS X', os.arch: 'x86_64', os.version: '10.16', java.version: '1.8.0_201'
Driver info: org.openqa.selenium.chrome.ChromeDriver
Command: [d67c0de3383f23e88571f881514343d1, findElement {using=xpath, value=//div[@class='bp4-tab pl-12 pr-12 pb-2 font-bold text-xl lg:ml-60 mx-auto']}]
Capabilities {acceptInsecureCerts: false, browserName: chrome, browserVersion: 110.0.5481.100, chrome: {chromedriverVersion: 110.0.5481.77 (65ed616c6e8e..., userDataDir: /var/folders/00/xzw63_pj58g...}, goog:chromeOptions: {debuggerAddress: localhost:51504}, javascriptEnabled: true, networkConnectionEnabled: false, pageLoadStrategy: normal, platform: MAC, platformName: MAC, proxy: Proxy(), se:cdp: ws://localhost:51504/devtoo..., se:cdpVersion: 110.0.5481.100, setWindowRect: true, strictFileInteractability: false, timeouts: {implicit: 0, pageLoad: 300000, script: 30000}, unhandledPromptBehavior: dismiss and notify, webauthn:extension:credBlob: true, webauthn:extension:largeBlob: true, webauthn:virtualAuthenticators: true}
Session ID: d67c0de3383f23e88571f881514343d1
]]></error>
  </testcase>
  <testcase name="Given Teacher already on Edit Profile page" classname="| Nurul Khalifatu Sadiyah Amd.Kom |" time="0">
    <skipped/>
    <system-out><![CDATA[
  Background:                                                                   &amp#27;[90m# features/UpdateTeacher.feature:4&amp#27;[0m
    &amp#27;[32mGiven &amp#27;[0m&amp#27;[32mUser open the website GuruMu&amp#27;[0m                                          &amp#27;[90m# LoginSteps.userOpenTheWebsiteGuruMu()&amp#27;[0m
    &amp#27;[32mWhen &amp#27;[0m&amp#27;[32mUser click avatar navigation&amp#27;[0m                                           &amp#27;[90m# LoginSteps.userClickAvatarNavigation()&amp#27;[0m
    &amp#27;[32mAnd &amp#27;[0m&amp#27;[32mUser click menu Masuk&amp#27;[0m                                                   &amp#27;[90m# LoginSteps.userClickMenuMasuk()&amp#27;[0m
    &amp#27;[32mAnd &amp#27;[0m&amp#27;[32mUser input "&amp#27;[0m&amp#27;[32m&amp#27;[1mzulfeekei@gmail.com&amp#27;[0m&amp#27;[32m" as email and input "&amp#27;[0m&amp#27;[32m&amp#27;[1mbe123&amp#27;[0m&amp#27;[32m" as password&amp#27;[0m &amp#27;[90m# LoginSteps.inputCredential(String,String)&amp#27;[0m
    &amp#27;[32mAnd &amp#27;[0m&amp#27;[32mUser clicked masuk button&amp#27;[0m                                               &amp#27;[90m# LoginSteps.userClickMasukButton()&amp#27;[0m
    &amp#27;[32mWhen &amp#27;[0m&amp#27;[32mUser move to Profile Page&amp#27;[0m                                              &amp#27;[90m# PenilaianUlasanSteps.userMoveToProfilePage()&amp#27;[0m
    &amp#27;[31mAnd &amp#27;[0m&amp#27;[31mUser move to edit profile&amp#27;[0m                                               &amp#27;[90m# UpdateTeacherSteps.userMoveToEditProfile()&amp#27;[0m
      &amp#27;[31morg.openqa.selenium.NoSuchElementException: no such element: Unable to locate element: {"method":"xpath","selector":"//div[@class='bp4-tab pl-12 pr-12 pb-2 font-bold text-xl lg:ml-60 mx-auto']"}
        (Session info: chrome=110.0.5481.100)
      For documentation on this error, please visit: https://selenium.dev/exceptions/#no_such_element
      Build info: version: '4.1.2', revision: '9a5a329c5a'
      System info: host: 'nsystem-mbp', ip: 'fe80:0:0:0:ce7:beec:a50b:8367%en0', os.name: 'Mac OS X', os.arch: 'x86_64', os.version: '10.16', java.version: '1.8.0_201'
      Driver info: org.openqa.selenium.chrome.ChromeDriver
      Command: [d67c0de3383f23e88571f881514343d1, findElement {using=xpath, value=//div[@class='bp4-tab pl-12 pr-12 pb-2 font-bold text-xl lg:ml-60 mx-auto']}]
      Capabilities {acceptInsecureCerts: false, browserName: chrome, browserVersion: 110.0.5481.100, chrome: {chromedriverVersion: 110.0.5481.77 (65ed616c6e8e..., userDataDir: /var/folders/00/xzw63_pj58g...}, goog:chromeOptions: {debuggerAddress: localhost:51504}, javascriptEnabled: true, networkConnectionEnabled: false, pageLoadStrategy: normal, platform: MAC, platformName: MAC, proxy: Proxy(), se:cdp: ws://localhost:51504/devtoo..., se:cdpVersion: 110.0.5481.100, setWindowRect: true, strictFileInteractability: false, timeouts: {implicit: 0, pageLoad: 300000, script: 30000}, unhandledPromptBehavior: dismiss and notify, webauthn:extension:credBlob: true, webauthn:extension:largeBlob: true, webauthn:virtualAuthenticators: true}
      Session ID: d67c0de3383f23e88571f881514343d1
      	at sun.reflect.GeneratedConstructorAccessor38.newInstance(Unknown Source)
      	at sun.reflect.DelegatingConstructorAccessorImpl.newInstance(DelegatingConstructorAccessorImpl.java:45)
      	at java.lang.reflect.Constructor.newInstance(Constructor.java:423)
      	at org.openqa.selenium.remote.codec.w3c.W3CHttpResponseCodec.createException(W3CHttpResponseCodec.java:200)
      	at org.openqa.selenium.remote.codec.w3c.W3CHttpResponseCodec.decode(W3CHttpResponseCodec.java:133)
      	at org.openqa.selenium.remote.codec.w3c.W3CHttpResponseCodec.decode(W3CHttpResponseCodec.java:53)
      	at org.openqa.selenium.remote.HttpCommandExecutor.execute(HttpCommandExecutor.java:184)
      	at org.openqa.selenium.remote.service.DriverCommandExecutor.invokeExecute(DriverCommandExecutor.java:167)
      	at org.openqa.selenium.remote.service.DriverCommandExecutor.execute(DriverCommandExecutor.java:142)
      	at org.openqa.selenium.remote.RemoteWebDriver.execute(RemoteWebDriver.java:558)
      	at org.openqa.selenium.remote.ElementLocation$ElementFinder$2.findElement(ElementLocation.java:162)
      	at org.openqa.selenium.remote.ElementLocation.findElement(ElementLocation.java:60)
      	at org.openqa.selenium.remote.RemoteWebDriver.findElement(RemoteWebDriver.java:382)
      	at org.openqa.selenium.remote.RemoteWebDriver.findElement(RemoteWebDriver.java:374)
      	at org.openqa.selenium.support.pagefactory.DefaultElementLocator.findElement(DefaultElementLocator.java:70)
      	at org.openqa.selenium.support.pagefactory.internal.LocatingElementHandler.invoke(LocatingElementHandler.java:39)
      	at com.sun.proxy.$Proxy21.click(Unknown Source)
      	at org.example.pageObject.UpdateTeacherPage.toEditProfile(UpdateTeacherPage.java:327)
      	at step_definitions.UpdateTeacherSteps.userMoveToEditProfile(UpdateTeacherSteps.java:1195)
      	at ✽.And User move to edit profile(features/UpdateTeacher.feature:11)
      &amp#27;[0m
]]></system-out>
  </testcase>
  <testcase name="When Teacher click &apos;Gelar&apos; field" classname="| Nurul Khalifatu Sadiyah Amd.Kom |" time="0">
    <skipped/>
  </testcase>
  <testcase name="Then Teacher input with Character and Special Character like &quot;Nurul Khalifatu Sadiyah Amd.Kom&quot; in &apos;Gelar&apos; field" classname="| Nurul Khalifatu Sadiyah Amd.Kom |" time="0">
    <skipped/>
  </testcase>
  <testcase name="Given User open the website GuruMu" classname="Scenario: Verify &apos;Pengalaman&apos; field is enabled" time="0">
    <system-out><![CDATA[
  @TestUpdateTeacher @Test
  Scenario Outline: Input Field with Character and Special Character in 'Gelar' field                               &amp#27;[90m# features/UpdateTeacher.feature:235&amp#27;[0m
    &amp#27;[36mGiven &amp#27;[0m&amp#27;[36mTeacher already on Edit Profile page&amp#27;[0m                                                                      &amp#27;[90m# UpdateTeacherSteps.teacherAlreadyOnEditProfilePage()&amp#27;[0m
    &amp#27;[36mWhen &amp#27;[0m&amp#27;[36mTeacher click 'Gelar' field&amp#27;[0m                                                                                &amp#27;[90m# UpdateTeacherSteps.teacherClickGelarField()&amp#27;[0m
    &amp#27;[36mThen &amp#27;[0m&amp#27;[36mTeacher input with Character and Special Character like "&amp#27;[0m&amp#27;[36m&amp#27;[1mNurul Khalifatu Sadiyah Amd.Kom&amp#27;[0m&amp#27;[36m" in 'Gelar' field&amp#27;[0m &amp#27;[90m# UpdateTeacherSteps.teacherInputWithCharacterAndSpecialCharacterLikeInGelarField(String)&amp#27;[0m
]]></system-out>
    <system-err><![CDATA[Starting ChromeDriver 110.0.5481.77 (65ed616c6e8ee3fe0ad64fe83796c020644d42af-refs/branch-heads/5481@{#839}) on port 51492
Only local connections are allowed.
Please see https://chromedriver.chromium.org/security-considerations for suggestions on keeping ChromeDriver safe.
ChromeDriver was started successfully.
[1676555223.906][WARNING]: virtual void DevToolsClientImpl::AddListener(DevToolsEventListener *) subscribing a listener to the already connected DevToolsClient. Connection notification will not arrive.
Feb 16, 2023 8:47:04 PM org.openqa.selenium.remote.ProtocolHandshake createSession
INFO: Detected dialect: W3C
Feb 16, 2023 8:47:04 PM org.openqa.selenium.devtools.CdpVersionFinder findNearestMatch
WARNING: Unable to find an exact match for CDP version 110, so returning the closest version found: a no-op implementation
Feb 16, 2023 8:47:04 PM org.openqa.selenium.devtools.CdpVersionFinder findNearestMatch
INFO: Unable to find CDP implementation matching 110.
Feb 16, 2023 8:47:04 PM org.openqa.selenium.chromium.ChromiumDriver lambda$new$3
WARNING: Unable to find version of CDP to use for . You may need to include a dependency on a specific version of the CDP using something similar to `org.seleniumhq.selenium:selenium-devtools-v86:4.1.2` where the version ("v86") matches the version of the chromium-based browser you're using and the version number of the artifact is the same as Selenium's.
]]></system-err>
  </testcase>
  <testcase name="When User click avatar navigation" classname="Scenario: Verify &apos;Pengalaman&apos; field is enabled" time="0"/>
  <testcase name="And User click menu Masuk" classname="Scenario: Verify &apos;Pengalaman&apos; field is enabled" time="0"/>
  <testcase name="And User input &quot;zulfeekei@gmail.com&quot; as email and input &quot;be123&quot; as password" classname="Scenario: Verify &apos;Pengalaman&apos; field is enabled" time="0"/>
  <testcase name="And User clicked masuk button" classname="Scenario: Verify &apos;Pengalaman&apos; field is enabled" time="0"/>
  <testcase name="When User move to Profile Page" classname="Scenario: Verify &apos;Pengalaman&apos; field is enabled" time="0"/>
  <testcase name="And User move to edit profile" classname="Scenario: Verify &apos;Pengalaman&apos; field is enabled" time="0.004">
    <error message="no such element: Unable to locate element: {&quot;method&quot;:&quot;xpath&quot;,&quot;selector&quot;:&quot;//div[@class=&apos;bp4-tab pl-12 pr-12 pb-2 font-bold text-xl lg:ml-60 mx-auto&apos;]&quot;}&#10;  (Session info: chrome=110.0.5481.100)&#10;For documentation on this error, please visit: https://selenium.dev/exceptions/#no_such_element&#10;Build info: version: &apos;4.1.2&apos;, revision: &apos;9a5a329c5a&apos;&#10;System info: host: &apos;nsystem-mbp&apos;, ip: &apos;fe80:0:0:0:ce7:beec:a50b:8367%en0&apos;, os.name: &apos;Mac OS X&apos;, os.arch: &apos;x86_64&apos;, os.version: &apos;10.16&apos;, java.version: &apos;1.8.0_201&apos;&#10;Driver info: org.openqa.selenium.chrome.ChromeDriver&#10;Command: [efdf658411e18614e4834b552767d03e, findElement {using=xpath, value=//div[@class=&apos;bp4-tab pl-12 pr-12 pb-2 font-bold text-xl lg:ml-60 mx-auto&apos;]}]&#10;Capabilities {acceptInsecureCerts: false, browserName: chrome, browserVersion: 110.0.5481.100, chrome: {chromedriverVersion: 110.0.5481.77 (65ed616c6e8e..., userDataDir: /var/folders/00/xzw63_pj58g...}, goog:chromeOptions: {debuggerAddress: localhost:51532}, javascriptEnabled: true, networkConnectionEnabled: false, pageLoadStrategy: normal, platform: MAC, platformName: MAC, proxy: Proxy(), se:cdp: ws://localhost:51532/devtoo..., se:cdpVersion: 110.0.5481.100, setWindowRect: true, strictFileInteractability: false, timeouts: {implicit: 0, pageLoad: 300000, script: 30000}, unhandledPromptBehavior: dismiss and notify, webauthn:extension:credBlob: true, webauthn:extension:largeBlob: true, webauthn:virtualAuthenticators: true}&#10;Session ID: efdf658411e18614e4834b552767d03e" type="org.openqa.selenium.NoSuchElementException"><![CDATA[org.openqa.selenium.NoSuchElementException: 
no such element: Unable to locate element: {"method":"xpath","selector":"//div[@class='bp4-tab pl-12 pr-12 pb-2 font-bold text-xl lg:ml-60 mx-auto']"}
  (Session info: chrome=110.0.5481.100)
For documentation on this error, please visit: https://selenium.dev/exceptions/#no_such_element
Build info: version: '4.1.2', revision: '9a5a329c5a'
System info: host: 'nsystem-mbp', ip: 'fe80:0:0:0:ce7:beec:a50b:8367%en0', os.name: 'Mac OS X', os.arch: 'x86_64', os.version: '10.16', java.version: '1.8.0_201'
Driver info: org.openqa.selenium.chrome.ChromeDriver
Command: [efdf658411e18614e4834b552767d03e, findElement {using=xpath, value=//div[@class='bp4-tab pl-12 pr-12 pb-2 font-bold text-xl lg:ml-60 mx-auto']}]
Capabilities {acceptInsecureCerts: false, browserName: chrome, browserVersion: 110.0.5481.100, chrome: {chromedriverVersion: 110.0.5481.77 (65ed616c6e8e..., userDataDir: /var/folders/00/xzw63_pj58g...}, goog:chromeOptions: {debuggerAddress: localhost:51532}, javascriptEnabled: true, networkConnectionEnabled: false, pageLoadStrategy: normal, platform: MAC, platformName: MAC, proxy: Proxy(), se:cdp: ws://localhost:51532/devtoo..., se:cdpVersion: 110.0.5481.100, setWindowRect: true, strictFileInteractability: false, timeouts: {implicit: 0, pageLoad: 300000, script: 30000}, unhandledPromptBehavior: dismiss and notify, webauthn:extension:credBlob: true, webauthn:extension:largeBlob: true, webauthn:virtualAuthenticators: true}
Session ID: efdf658411e18614e4834b552767d03e
]]></error>
  </testcase>
  <testcase name="" classname="Scenario: Verify &apos;Pengalaman&apos; field is enabled" time="0.004">
    <error message="no such element: Unable to locate element: {&quot;method&quot;:&quot;xpath&quot;,&quot;selector&quot;:&quot;//div[@class=&apos;bp4-tab pl-12 pr-12 pb-2 font-bold text-xl lg:ml-60 mx-auto&apos;]&quot;}&#10;  (Session info: chrome=110.0.5481.100)&#10;For documentation on this error, please visit: https://selenium.dev/exceptions/#no_such_element&#10;Build info: version: &apos;4.1.2&apos;, revision: &apos;9a5a329c5a&apos;&#10;System info: host: &apos;nsystem-mbp&apos;, ip: &apos;fe80:0:0:0:ce7:beec:a50b:8367%en0&apos;, os.name: &apos;Mac OS X&apos;, os.arch: &apos;x86_64&apos;, os.version: &apos;10.16&apos;, java.version: &apos;1.8.0_201&apos;&#10;Driver info: org.openqa.selenium.chrome.ChromeDriver&#10;Command: [efdf658411e18614e4834b552767d03e, findElement {using=xpath, value=//div[@class=&apos;bp4-tab pl-12 pr-12 pb-2 font-bold text-xl lg:ml-60 mx-auto&apos;]}]&#10;Capabilities {acceptInsecureCerts: false, browserName: chrome, browserVersion: 110.0.5481.100, chrome: {chromedriverVersion: 110.0.5481.77 (65ed616c6e8e..., userDataDir: /var/folders/00/xzw63_pj58g...}, goog:chromeOptions: {debuggerAddress: localhost:51532}, javascriptEnabled: true, networkConnectionEnabled: false, pageLoadStrategy: normal, platform: MAC, platformName: MAC, proxy: Proxy(), se:cdp: ws://localhost:51532/devtoo..., se:cdpVersion: 110.0.5481.100, setWindowRect: true, strictFileInteractability: false, timeouts: {implicit: 0, pageLoad: 300000, script: 30000}, unhandledPromptBehavior: dismiss and notify, webauthn:extension:credBlob: true, webauthn:extension:largeBlob: true, webauthn:virtualAuthenticators: true}&#10;Session ID: efdf658411e18614e4834b552767d03e" type="org.openqa.selenium.NoSuchElementException"><![CDATA[org.openqa.selenium.NoSuchElementException: 
no such element: Unable to locate element: {"method":"xpath","selector":"//div[@class='bp4-tab pl-12 pr-12 pb-2 font-bold text-xl lg:ml-60 mx-auto']"}
  (Session info: chrome=110.0.5481.100)
For documentation on this error, please visit: https://selenium.dev/exceptions/#no_such_element
Build info: version: '4.1.2', revision: '9a5a329c5a'
System info: host: 'nsystem-mbp', ip: 'fe80:0:0:0:ce7:beec:a50b:8367%en0', os.name: 'Mac OS X', os.arch: 'x86_64', os.version: '10.16', java.version: '1.8.0_201'
Driver info: org.openqa.selenium.chrome.ChromeDriver
Command: [efdf658411e18614e4834b552767d03e, findElement {using=xpath, value=//div[@class='bp4-tab pl-12 pr-12 pb-2 font-bold text-xl lg:ml-60 mx-auto']}]
Capabilities {acceptInsecureCerts: false, browserName: chrome, browserVersion: 110.0.5481.100, chrome: {chromedriverVersion: 110.0.5481.77 (65ed616c6e8e..., userDataDir: /var/folders/00/xzw63_pj58g...}, goog:chromeOptions: {debuggerAddress: localhost:51532}, javascriptEnabled: true, networkConnectionEnabled: false, pageLoadStrategy: normal, platform: MAC, platformName: MAC, proxy: Proxy(), se:cdp: ws://localhost:51532/devtoo..., se:cdpVersion: 110.0.5481.100, setWindowRect: true, strictFileInteractability: false, timeouts: {implicit: 0, pageLoad: 300000, script: 30000}, unhandledPromptBehavior: dismiss and notify, webauthn:extension:credBlob: true, webauthn:extension:largeBlob: true, webauthn:virtualAuthenticators: true}
Session ID: efdf658411e18614e4834b552767d03e
]]></error>
  </testcase>
  <testcase name="Given Teacher already on Edit Profile page" classname="Scenario: Verify &apos;Pengalaman&apos; field is enabled" time="0">
    <skipped/>
    <system-out><![CDATA[
  Background:                                                                   &amp#27;[90m# features/UpdateTeacher.feature:4&amp#27;[0m
    &amp#27;[32mGiven &amp#27;[0m&amp#27;[32mUser open the website GuruMu&amp#27;[0m                                          &amp#27;[90m# LoginSteps.userOpenTheWebsiteGuruMu()&amp#27;[0m
    &amp#27;[32mWhen &amp#27;[0m&amp#27;[32mUser click avatar navigation&amp#27;[0m                                           &amp#27;[90m# LoginSteps.userClickAvatarNavigation()&amp#27;[0m
    &amp#27;[32mAnd &amp#27;[0m&amp#27;[32mUser click menu Masuk&amp#27;[0m                                                   &amp#27;[90m# LoginSteps.userClickMenuMasuk()&amp#27;[0m
    &amp#27;[32mAnd &amp#27;[0m&amp#27;[32mUser input "&amp#27;[0m&amp#27;[32m&amp#27;[1mzulfeekei@gmail.com&amp#27;[0m&amp#27;[32m" as email and input "&amp#27;[0m&amp#27;[32m&amp#27;[1mbe123&amp#27;[0m&amp#27;[32m" as password&amp#27;[0m &amp#27;[90m# LoginSteps.inputCredential(String,String)&amp#27;[0m
    &amp#27;[32mAnd &amp#27;[0m&amp#27;[32mUser clicked masuk button&amp#27;[0m                                               &amp#27;[90m# LoginSteps.userClickMasukButton()&amp#27;[0m
    &amp#27;[32mWhen &amp#27;[0m&amp#27;[32mUser move to Profile Page&amp#27;[0m                                              &amp#27;[90m# PenilaianUlasanSteps.userMoveToProfilePage()&amp#27;[0m
    &amp#27;[31mAnd &amp#27;[0m&amp#27;[31mUser move to edit profile&amp#27;[0m                                               &amp#27;[90m# UpdateTeacherSteps.userMoveToEditProfile()&amp#27;[0m
      &amp#27;[31morg.openqa.selenium.NoSuchElementException: no such element: Unable to locate element: {"method":"xpath","selector":"//div[@class='bp4-tab pl-12 pr-12 pb-2 font-bold text-xl lg:ml-60 mx-auto']"}
        (Session info: chrome=110.0.5481.100)
      For documentation on this error, please visit: https://selenium.dev/exceptions/#no_such_element
      Build info: version: '4.1.2', revision: '9a5a329c5a'
      System info: host: 'nsystem-mbp', ip: 'fe80:0:0:0:ce7:beec:a50b:8367%en0', os.name: 'Mac OS X', os.arch: 'x86_64', os.version: '10.16', java.version: '1.8.0_201'
      Driver info: org.openqa.selenium.chrome.ChromeDriver
      Command: [efdf658411e18614e4834b552767d03e, findElement {using=xpath, value=//div[@class='bp4-tab pl-12 pr-12 pb-2 font-bold text-xl lg:ml-60 mx-auto']}]
      Capabilities {acceptInsecureCerts: false, browserName: chrome, browserVersion: 110.0.5481.100, chrome: {chromedriverVersion: 110.0.5481.77 (65ed616c6e8e..., userDataDir: /var/folders/00/xzw63_pj58g...}, goog:chromeOptions: {debuggerAddress: localhost:51532}, javascriptEnabled: true, networkConnectionEnabled: false, pageLoadStrategy: normal, platform: MAC, platformName: MAC, proxy: Proxy(), se:cdp: ws://localhost:51532/devtoo..., se:cdpVersion: 110.0.5481.100, setWindowRect: true, strictFileInteractability: false, timeouts: {implicit: 0, pageLoad: 300000, script: 30000}, unhandledPromptBehavior: dismiss and notify, webauthn:extension:credBlob: true, webauthn:extension:largeBlob: true, webauthn:virtualAuthenticators: true}
      Session ID: efdf658411e18614e4834b552767d03e
      	at sun.reflect.GeneratedConstructorAccessor38.newInstance(Unknown Source)
      	at sun.reflect.DelegatingConstructorAccessorImpl.newInstance(DelegatingConstructorAccessorImpl.java:45)
      	at java.lang.reflect.Constructor.newInstance(Constructor.java:423)
      	at org.openqa.selenium.remote.codec.w3c.W3CHttpResponseCodec.createException(W3CHttpResponseCodec.java:200)
      	at org.openqa.selenium.remote.codec.w3c.W3CHttpResponseCodec.decode(W3CHttpResponseCodec.java:133)
      	at org.openqa.selenium.remote.codec.w3c.W3CHttpResponseCodec.decode(W3CHttpResponseCodec.java:53)
      	at org.openqa.selenium.remote.HttpCommandExecutor.execute(HttpCommandExecutor.java:184)
      	at org.openqa.selenium.remote.service.DriverCommandExecutor.invokeExecute(DriverCommandExecutor.java:167)
      	at org.openqa.selenium.remote.service.DriverCommandExecutor.execute(DriverCommandExecutor.java:142)
      	at org.openqa.selenium.remote.RemoteWebDriver.execute(RemoteWebDriver.java:558)
      	at org.openqa.selenium.remote.ElementLocation$ElementFinder$2.findElement(ElementLocation.java:162)
      	at org.openqa.selenium.remote.ElementLocation.findElement(ElementLocation.java:60)
      	at org.openqa.selenium.remote.RemoteWebDriver.findElement(RemoteWebDriver.java:382)
      	at org.openqa.selenium.remote.RemoteWebDriver.findElement(RemoteWebDriver.java:374)
      	at org.openqa.selenium.support.pagefactory.DefaultElementLocator.findElement(DefaultElementLocator.java:70)
      	at org.openqa.selenium.support.pagefactory.internal.LocatingElementHandler.invoke(LocatingElementHandler.java:39)
      	at com.sun.proxy.$Proxy21.click(Unknown Source)
      	at org.example.pageObject.UpdateTeacherPage.toEditProfile(UpdateTeacherPage.java:327)
      	at step_definitions.UpdateTeacherSteps.userMoveToEditProfile(UpdateTeacherSteps.java:1195)
      	at ✽.And User move to edit profile(features/UpdateTeacher.feature:11)
      &amp#27;[0m
]]></system-out>
  </testcase>
  <testcase name="When Teacher click &apos;Pengalaman&apos; field" classname="Scenario: Verify &apos;Pengalaman&apos; field is enabled" time="0">
    <skipped/>
  </testcase>
  <testcase name="Then &apos;Pengalaman&apos; field is enabled" classname="Scenario: Verify &apos;Pengalaman&apos; field is enabled" time="0">
    <skipped/>
  </testcase>
  <testcase name="Given User open the website GuruMu" classname="| Fullstack Web Developer |" time="0">
    <system-out><![CDATA[
  Scenario: Verify 'Pengalaman' field is enabled &amp#27;[90m# features/UpdateTeacher.feature:237&amp#27;[0m
    &amp#27;[36mGiven &amp#27;[0m&amp#27;[36mTeacher already on Edit Profile page&amp#27;[0m   &amp#27;[90m# UpdateTeacherSteps.teacherAlreadyOnEditProfilePage()&amp#27;[0m
    &amp#27;[36mWhen &amp#27;[0m&amp#27;[36mTeacher click 'Pengalaman' field&amp#27;[0m        &amp#27;[90m# UpdateTeacherSteps.teacherClickPengalamanField()&amp#27;[0m
    &amp#27;[36mThen &amp#27;[0m&amp#27;[36m'Pengalaman' field is enabled&amp#27;[0m           &amp#27;[90m# UpdateTeacherSteps.pengalamanFieldIsEnabled()&amp#27;[0m

  Scenario Outline: Input Field with Character in 'Pengalaman' field       &amp#27;[90m# features/UpdateTeacher.feature:242&amp#27;[0m
    &amp#27;[36mGiven &amp#27;[0m&amp#27;[36mTeacher already on Edit Profile page&amp#27;[0m
    &amp#27;[36mWhen &amp#27;[0m&amp#27;[36mTeacher click 'Pengalaman' field&amp#27;[0m
    &amp#27;[36mThen &amp#27;[0m&amp#27;[36mTeacher input with Character like "<experience>" in 'Gelar' field&amp#27;[0m

    Examples: 
]]></system-out>
    <system-err><![CDATA[Starting ChromeDriver 110.0.5481.77 (65ed616c6e8ee3fe0ad64fe83796c020644d42af-refs/branch-heads/5481@{#839}) on port 60360
Only local connections are allowed.
Please see https://chromedriver.chromium.org/security-considerations for suggestions on keeping ChromeDriver safe.
ChromeDriver was started successfully.
[1676555255.032][WARNING]: virtual void DevToolsClientImpl::AddListener(DevToolsEventListener *) subscribing a listener to the already connected DevToolsClient. Connection notification will not arrive.
Feb 16, 2023 8:47:35 PM org.openqa.selenium.remote.ProtocolHandshake createSession
INFO: Detected dialect: W3C
Feb 16, 2023 8:47:35 PM org.openqa.selenium.devtools.CdpVersionFinder findNearestMatch
WARNING: Unable to find an exact match for CDP version 110, so returning the closest version found: a no-op implementation
Feb 16, 2023 8:47:35 PM org.openqa.selenium.devtools.CdpVersionFinder findNearestMatch
INFO: Unable to find CDP implementation matching 110.
Feb 16, 2023 8:47:35 PM org.openqa.selenium.chromium.ChromiumDriver lambda$new$3
WARNING: Unable to find version of CDP to use for . You may need to include a dependency on a specific version of the CDP using something similar to `org.seleniumhq.selenium:selenium-devtools-v86:4.1.2` where the version ("v86") matches the version of the chromium-based browser you're using and the version number of the artifact is the same as Selenium's.
]]></system-err>
  </testcase>
  <testcase name="When User click avatar navigation" classname="| Fullstack Web Developer |" time="0"/>
  <testcase name="And User click menu Masuk" classname="| Fullstack Web Developer |" time="0"/>
  <testcase name="And User input &quot;zulfeekei@gmail.com&quot; as email and input &quot;be123&quot; as password" classname="| Fullstack Web Developer |" time="0"/>
  <testcase name="And User clicked masuk button" classname="| Fullstack Web Developer |" time="0"/>
  <testcase name="When User move to Profile Page" classname="| Fullstack Web Developer |" time="0"/>
  <testcase name="And User move to edit profile" classname="| Fullstack Web Developer |" time="0.003">
    <error message="no such element: Unable to locate element: {&quot;method&quot;:&quot;xpath&quot;,&quot;selector&quot;:&quot;//div[@class=&apos;bp4-tab pl-12 pr-12 pb-2 font-bold text-xl lg:ml-60 mx-auto&apos;]&quot;}&#10;  (Session info: chrome=110.0.5481.100)&#10;For documentation on this error, please visit: https://selenium.dev/exceptions/#no_such_element&#10;Build info: version: &apos;4.1.2&apos;, revision: &apos;9a5a329c5a&apos;&#10;System info: host: &apos;nsystem-mbp&apos;, ip: &apos;fe80:0:0:0:ce7:beec:a50b:8367%en0&apos;, os.name: &apos;Mac OS X&apos;, os.arch: &apos;x86_64&apos;, os.version: &apos;10.16&apos;, java.version: &apos;1.8.0_201&apos;&#10;Driver info: org.openqa.selenium.chrome.ChromeDriver&#10;Command: [cbe932d3c68d19581e21a95a7e34ea05, findElement {using=xpath, value=//div[@class=&apos;bp4-tab pl-12 pr-12 pb-2 font-bold text-xl lg:ml-60 mx-auto&apos;]}]&#10;Capabilities {acceptInsecureCerts: false, browserName: chrome, browserVersion: 110.0.5481.100, chrome: {chromedriverVersion: 110.0.5481.77 (65ed616c6e8e..., userDataDir: /var/folders/00/xzw63_pj58g...}, goog:chromeOptions: {debuggerAddress: localhost:51559}, javascriptEnabled: true, networkConnectionEnabled: false, pageLoadStrategy: normal, platform: MAC, platformName: MAC, proxy: Proxy(), se:cdp: ws://localhost:51559/devtoo..., se:cdpVersion: 110.0.5481.100, setWindowRect: true, strictFileInteractability: false, timeouts: {implicit: 0, pageLoad: 300000, script: 30000}, unhandledPromptBehavior: dismiss and notify, webauthn:extension:credBlob: true, webauthn:extension:largeBlob: true, webauthn:virtualAuthenticators: true}&#10;Session ID: cbe932d3c68d19581e21a95a7e34ea05" type="org.openqa.selenium.NoSuchElementException"><![CDATA[org.openqa.selenium.NoSuchElementException: 
no such element: Unable to locate element: {"method":"xpath","selector":"//div[@class='bp4-tab pl-12 pr-12 pb-2 font-bold text-xl lg:ml-60 mx-auto']"}
  (Session info: chrome=110.0.5481.100)
For documentation on this error, please visit: https://selenium.dev/exceptions/#no_such_element
Build info: version: '4.1.2', revision: '9a5a329c5a'
System info: host: 'nsystem-mbp', ip: 'fe80:0:0:0:ce7:beec:a50b:8367%en0', os.name: 'Mac OS X', os.arch: 'x86_64', os.version: '10.16', java.version: '1.8.0_201'
Driver info: org.openqa.selenium.chrome.ChromeDriver
Command: [cbe932d3c68d19581e21a95a7e34ea05, findElement {using=xpath, value=//div[@class='bp4-tab pl-12 pr-12 pb-2 font-bold text-xl lg:ml-60 mx-auto']}]
Capabilities {acceptInsecureCerts: false, browserName: chrome, browserVersion: 110.0.5481.100, chrome: {chromedriverVersion: 110.0.5481.77 (65ed616c6e8e..., userDataDir: /var/folders/00/xzw63_pj58g...}, goog:chromeOptions: {debuggerAddress: localhost:51559}, javascriptEnabled: true, networkConnectionEnabled: false, pageLoadStrategy: normal, platform: MAC, platformName: MAC, proxy: Proxy(), se:cdp: ws://localhost:51559/devtoo..., se:cdpVersion: 110.0.5481.100, setWindowRect: true, strictFileInteractability: false, timeouts: {implicit: 0, pageLoad: 300000, script: 30000}, unhandledPromptBehavior: dismiss and notify, webauthn:extension:credBlob: true, webauthn:extension:largeBlob: true, webauthn:virtualAuthenticators: true}
Session ID: cbe932d3c68d19581e21a95a7e34ea05
]]></error>
  </testcase>
  <testcase name="" classname="| Fullstack Web Developer |" time="0.004">
    <error message="no such element: Unable to locate element: {&quot;method&quot;:&quot;xpath&quot;,&quot;selector&quot;:&quot;//div[@class=&apos;bp4-tab pl-12 pr-12 pb-2 font-bold text-xl lg:ml-60 mx-auto&apos;]&quot;}&#10;  (Session info: chrome=110.0.5481.100)&#10;For documentation on this error, please visit: https://selenium.dev/exceptions/#no_such_element&#10;Build info: version: &apos;4.1.2&apos;, revision: &apos;9a5a329c5a&apos;&#10;System info: host: &apos;nsystem-mbp&apos;, ip: &apos;fe80:0:0:0:ce7:beec:a50b:8367%en0&apos;, os.name: &apos;Mac OS X&apos;, os.arch: &apos;x86_64&apos;, os.version: &apos;10.16&apos;, java.version: &apos;1.8.0_201&apos;&#10;Driver info: org.openqa.selenium.chrome.ChromeDriver&#10;Command: [cbe932d3c68d19581e21a95a7e34ea05, findElement {using=xpath, value=//div[@class=&apos;bp4-tab pl-12 pr-12 pb-2 font-bold text-xl lg:ml-60 mx-auto&apos;]}]&#10;Capabilities {acceptInsecureCerts: false, browserName: chrome, browserVersion: 110.0.5481.100, chrome: {chromedriverVersion: 110.0.5481.77 (65ed616c6e8e..., userDataDir: /var/folders/00/xzw63_pj58g...}, goog:chromeOptions: {debuggerAddress: localhost:51559}, javascriptEnabled: true, networkConnectionEnabled: false, pageLoadStrategy: normal, platform: MAC, platformName: MAC, proxy: Proxy(), se:cdp: ws://localhost:51559/devtoo..., se:cdpVersion: 110.0.5481.100, setWindowRect: true, strictFileInteractability: false, timeouts: {implicit: 0, pageLoad: 300000, script: 30000}, unhandledPromptBehavior: dismiss and notify, webauthn:extension:credBlob: true, webauthn:extension:largeBlob: true, webauthn:virtualAuthenticators: true}&#10;Session ID: cbe932d3c68d19581e21a95a7e34ea05" type="org.openqa.selenium.NoSuchElementException"><![CDATA[org.openqa.selenium.NoSuchElementException: 
no such element: Unable to locate element: {"method":"xpath","selector":"//div[@class='bp4-tab pl-12 pr-12 pb-2 font-bold text-xl lg:ml-60 mx-auto']"}
  (Session info: chrome=110.0.5481.100)
For documentation on this error, please visit: https://selenium.dev/exceptions/#no_such_element
Build info: version: '4.1.2', revision: '9a5a329c5a'
System info: host: 'nsystem-mbp', ip: 'fe80:0:0:0:ce7:beec:a50b:8367%en0', os.name: 'Mac OS X', os.arch: 'x86_64', os.version: '10.16', java.version: '1.8.0_201'
Driver info: org.openqa.selenium.chrome.ChromeDriver
Command: [cbe932d3c68d19581e21a95a7e34ea05, findElement {using=xpath, value=//div[@class='bp4-tab pl-12 pr-12 pb-2 font-bold text-xl lg:ml-60 mx-auto']}]
Capabilities {acceptInsecureCerts: false, browserName: chrome, browserVersion: 110.0.5481.100, chrome: {chromedriverVersion: 110.0.5481.77 (65ed616c6e8e..., userDataDir: /var/folders/00/xzw63_pj58g...}, goog:chromeOptions: {debuggerAddress: localhost:51559}, javascriptEnabled: true, networkConnectionEnabled: false, pageLoadStrategy: normal, platform: MAC, platformName: MAC, proxy: Proxy(), se:cdp: ws://localhost:51559/devtoo..., se:cdpVersion: 110.0.5481.100, setWindowRect: true, strictFileInteractability: false, timeouts: {implicit: 0, pageLoad: 300000, script: 30000}, unhandledPromptBehavior: dismiss and notify, webauthn:extension:credBlob: true, webauthn:extension:largeBlob: true, webauthn:virtualAuthenticators: true}
Session ID: cbe932d3c68d19581e21a95a7e34ea05
]]></error>
  </testcase>
  <testcase name="Given Teacher already on Edit Profile page" classname="| Fullstack Web Developer |" time="0">
    <skipped/>
    <system-out><![CDATA[
  Background:                                                                   &amp#27;[90m# features/UpdateTeacher.feature:4&amp#27;[0m
    &amp#27;[32mGiven &amp#27;[0m&amp#27;[32mUser open the website GuruMu&amp#27;[0m                                          &amp#27;[90m# LoginSteps.userOpenTheWebsiteGuruMu()&amp#27;[0m
    &amp#27;[32mWhen &amp#27;[0m&amp#27;[32mUser click avatar navigation&amp#27;[0m                                           &amp#27;[90m# LoginSteps.userClickAvatarNavigation()&amp#27;[0m
    &amp#27;[32mAnd &amp#27;[0m&amp#27;[32mUser click menu Masuk&amp#27;[0m                                                   &amp#27;[90m# LoginSteps.userClickMenuMasuk()&amp#27;[0m
    &amp#27;[32mAnd &amp#27;[0m&amp#27;[32mUser input "&amp#27;[0m&amp#27;[32m&amp#27;[1mzulfeekei@gmail.com&amp#27;[0m&amp#27;[32m" as email and input "&amp#27;[0m&amp#27;[32m&amp#27;[1mbe123&amp#27;[0m&amp#27;[32m" as password&amp#27;[0m &amp#27;[90m# LoginSteps.inputCredential(String,String)&amp#27;[0m
    &amp#27;[32mAnd &amp#27;[0m&amp#27;[32mUser clicked masuk button&amp#27;[0m                                               &amp#27;[90m# LoginSteps.userClickMasukButton()&amp#27;[0m
    &amp#27;[32mWhen &amp#27;[0m&amp#27;[32mUser move to Profile Page&amp#27;[0m                                              &amp#27;[90m# PenilaianUlasanSteps.userMoveToProfilePage()&amp#27;[0m
    &amp#27;[31mAnd &amp#27;[0m&amp#27;[31mUser move to edit profile&amp#27;[0m                                               &amp#27;[90m# UpdateTeacherSteps.userMoveToEditProfile()&amp#27;[0m
      &amp#27;[31morg.openqa.selenium.NoSuchElementException: no such element: Unable to locate element: {"method":"xpath","selector":"//div[@class='bp4-tab pl-12 pr-12 pb-2 font-bold text-xl lg:ml-60 mx-auto']"}
        (Session info: chrome=110.0.5481.100)
      For documentation on this error, please visit: https://selenium.dev/exceptions/#no_such_element
      Build info: version: '4.1.2', revision: '9a5a329c5a'
      System info: host: 'nsystem-mbp', ip: 'fe80:0:0:0:ce7:beec:a50b:8367%en0', os.name: 'Mac OS X', os.arch: 'x86_64', os.version: '10.16', java.version: '1.8.0_201'
      Driver info: org.openqa.selenium.chrome.ChromeDriver
      Command: [cbe932d3c68d19581e21a95a7e34ea05, findElement {using=xpath, value=//div[@class='bp4-tab pl-12 pr-12 pb-2 font-bold text-xl lg:ml-60 mx-auto']}]
      Capabilities {acceptInsecureCerts: false, browserName: chrome, browserVersion: 110.0.5481.100, chrome: {chromedriverVersion: 110.0.5481.77 (65ed616c6e8e..., userDataDir: /var/folders/00/xzw63_pj58g...}, goog:chromeOptions: {debuggerAddress: localhost:51559}, javascriptEnabled: true, networkConnectionEnabled: false, pageLoadStrategy: normal, platform: MAC, platformName: MAC, proxy: Proxy(), se:cdp: ws://localhost:51559/devtoo..., se:cdpVersion: 110.0.5481.100, setWindowRect: true, strictFileInteractability: false, timeouts: {implicit: 0, pageLoad: 300000, script: 30000}, unhandledPromptBehavior: dismiss and notify, webauthn:extension:credBlob: true, webauthn:extension:largeBlob: true, webauthn:virtualAuthenticators: true}
      Session ID: cbe932d3c68d19581e21a95a7e34ea05
      	at sun.reflect.GeneratedConstructorAccessor38.newInstance(Unknown Source)
      	at sun.reflect.DelegatingConstructorAccessorImpl.newInstance(DelegatingConstructorAccessorImpl.java:45)
      	at java.lang.reflect.Constructor.newInstance(Constructor.java:423)
      	at org.openqa.selenium.remote.codec.w3c.W3CHttpResponseCodec.createException(W3CHttpResponseCodec.java:200)
      	at org.openqa.selenium.remote.codec.w3c.W3CHttpResponseCodec.decode(W3CHttpResponseCodec.java:133)
      	at org.openqa.selenium.remote.codec.w3c.W3CHttpResponseCodec.decode(W3CHttpResponseCodec.java:53)
      	at org.openqa.selenium.remote.HttpCommandExecutor.execute(HttpCommandExecutor.java:184)
      	at org.openqa.selenium.remote.service.DriverCommandExecutor.invokeExecute(DriverCommandExecutor.java:167)
      	at org.openqa.selenium.remote.service.DriverCommandExecutor.execute(DriverCommandExecutor.java:142)
      	at org.openqa.selenium.remote.RemoteWebDriver.execute(RemoteWebDriver.java:558)
      	at org.openqa.selenium.remote.ElementLocation$ElementFinder$2.findElement(ElementLocation.java:162)
      	at org.openqa.selenium.remote.ElementLocation.findElement(ElementLocation.java:60)
      	at org.openqa.selenium.remote.RemoteWebDriver.findElement(RemoteWebDriver.java:382)
      	at org.openqa.selenium.remote.RemoteWebDriver.findElement(RemoteWebDriver.java:374)
      	at org.openqa.selenium.support.pagefactory.DefaultElementLocator.findElement(DefaultElementLocator.java:70)
      	at org.openqa.selenium.support.pagefactory.internal.LocatingElementHandler.invoke(LocatingElementHandler.java:39)
      	at com.sun.proxy.$Proxy21.click(Unknown Source)
      	at org.example.pageObject.UpdateTeacherPage.toEditProfile(UpdateTeacherPage.java:327)
      	at step_definitions.UpdateTeacherSteps.userMoveToEditProfile(UpdateTeacherSteps.java:1195)
      	at ✽.And User move to edit profile(features/UpdateTeacher.feature:11)
      &amp#27;[0m
]]></system-out>
  </testcase>
  <testcase name="When Teacher click &apos;Pengalaman&apos; field" classname="| Fullstack Web Developer |" time="0">
    <skipped/>
  </testcase>
  <testcase name="Then Teacher input with Character like &quot;Fullstack Web Developer&quot; in &apos;Gelar&apos; field" classname="| Fullstack Web Developer |" time="0">
    <skipped/>
  </testcase>
  <testcase name="Given User open the website GuruMu" classname="| Fullstack Web Developer 2022 |" time="0">
    <system-out><![CDATA[
  @TestUpdateTeacher @Test
  Scenario Outline: Input Field with Character in 'Pengalaman' field                  &amp#27;[90m# features/UpdateTeacher.feature:248&amp#27;[0m
    &amp#27;[36mGiven &amp#27;[0m&amp#27;[36mTeacher already on Edit Profile page&amp#27;[0m                                        &amp#27;[90m# UpdateTeacherSteps.teacherAlreadyOnEditProfilePage()&amp#27;[0m
    &amp#27;[36mWhen &amp#27;[0m&amp#27;[36mTeacher click 'Pengalaman' field&amp#27;[0m                                             &amp#27;[90m# UpdateTeacherSteps.teacherClickPengalamanField()&amp#27;[0m
    &amp#27;[36mThen &amp#27;[0m&amp#27;[36mTeacher input with Character like "&amp#27;[0m&amp#27;[36m&amp#27;[1mFullstack Web Developer&amp#27;[0m&amp#27;[36m" in 'Gelar' field&amp#27;[0m &amp#27;[90m# UpdateTeacherSteps.teacherInputWithCharacterLikeInGelarField(String)&amp#27;[0m

  Scenario Outline: Input Field with Character and Number in 'Pengalaman' field       &amp#27;[90m# features/UpdateTeacher.feature:250&amp#27;[0m
    &amp#27;[36mGiven &amp#27;[0m&amp#27;[36mTeacher already on Edit Profile page&amp#27;[0m
    &amp#27;[36mWhen &amp#27;[0m&amp#27;[36mTeacher click 'Pengalaman' field&amp#27;[0m
    &amp#27;[36mThen &amp#27;[0m&amp#27;[36mTeacher input with Character and Number like "<experience>" in 'Gelar' field&amp#27;[0m

    Examples: 
]]></system-out>
    <system-err><![CDATA[Starting ChromeDriver 110.0.5481.77 (65ed616c6e8ee3fe0ad64fe83796c020644d42af-refs/branch-heads/5481@{#839}) on port 58091
Only local connections are allowed.
Please see https://chromedriver.chromium.org/security-considerations for suggestions on keeping ChromeDriver safe.
ChromeDriver was started successfully.
[1676555287.494][WARNING]: virtual void DevToolsClientImpl::AddListener(DevToolsEventListener *) subscribing a listener to the already connected DevToolsClient. Connection notification will not arrive.
Feb 16, 2023 8:48:07 PM org.openqa.selenium.remote.ProtocolHandshake createSession
INFO: Detected dialect: W3C
Feb 16, 2023 8:48:07 PM org.openqa.selenium.devtools.CdpVersionFinder findNearestMatch
WARNING: Unable to find an exact match for CDP version 110, so returning the closest version found: a no-op implementation
Feb 16, 2023 8:48:07 PM org.openqa.selenium.devtools.CdpVersionFinder findNearestMatch
INFO: Unable to find CDP implementation matching 110.
Feb 16, 2023 8:48:07 PM org.openqa.selenium.chromium.ChromiumDriver lambda$new$3
WARNING: Unable to find version of CDP to use for . You may need to include a dependency on a specific version of the CDP using something similar to `org.seleniumhq.selenium:selenium-devtools-v86:4.1.2` where the version ("v86") matches the version of the chromium-based browser you're using and the version number of the artifact is the same as Selenium's.
]]></system-err>
  </testcase>
  <testcase name="When User click avatar navigation" classname="| Fullstack Web Developer 2022 |" time="0"/>
  <testcase name="And User click menu Masuk" classname="| Fullstack Web Developer 2022 |" time="0"/>
  <testcase name="And User input &quot;zulfeekei@gmail.com&quot; as email and input &quot;be123&quot; as password" classname="| Fullstack Web Developer 2022 |" time="0"/>
  <testcase name="And User clicked masuk button" classname="| Fullstack Web Developer 2022 |" time="0"/>
  <testcase name="When User move to Profile Page" classname="| Fullstack Web Developer 2022 |" time="0"/>
  <testcase name="And User move to edit profile" classname="| Fullstack Web Developer 2022 |" time="0.002">
    <error message="no such element: Unable to locate element: {&quot;method&quot;:&quot;xpath&quot;,&quot;selector&quot;:&quot;//div[@class=&apos;bp4-tab pl-12 pr-12 pb-2 font-bold text-xl lg:ml-60 mx-auto&apos;]&quot;}&#10;  (Session info: chrome=110.0.5481.100)&#10;For documentation on this error, please visit: https://selenium.dev/exceptions/#no_such_element&#10;Build info: version: &apos;4.1.2&apos;, revision: &apos;9a5a329c5a&apos;&#10;System info: host: &apos;nsystem-mbp&apos;, ip: &apos;fe80:0:0:0:ce7:beec:a50b:8367%en0&apos;, os.name: &apos;Mac OS X&apos;, os.arch: &apos;x86_64&apos;, os.version: &apos;10.16&apos;, java.version: &apos;1.8.0_201&apos;&#10;Driver info: org.openqa.selenium.chrome.ChromeDriver&#10;Command: [f3cbafb891cdeb67fe29751922a4f6ff, findElement {using=xpath, value=//div[@class=&apos;bp4-tab pl-12 pr-12 pb-2 font-bold text-xl lg:ml-60 mx-auto&apos;]}]&#10;Capabilities {acceptInsecureCerts: false, browserName: chrome, browserVersion: 110.0.5481.100, chrome: {chromedriverVersion: 110.0.5481.77 (65ed616c6e8e..., userDataDir: /var/folders/00/xzw63_pj58g...}, goog:chromeOptions: {debuggerAddress: localhost:51585}, javascriptEnabled: true, networkConnectionEnabled: false, pageLoadStrategy: normal, platform: MAC, platformName: MAC, proxy: Proxy(), se:cdp: ws://localhost:51585/devtoo..., se:cdpVersion: 110.0.5481.100, setWindowRect: true, strictFileInteractability: false, timeouts: {implicit: 0, pageLoad: 300000, script: 30000}, unhandledPromptBehavior: dismiss and notify, webauthn:extension:credBlob: true, webauthn:extension:largeBlob: true, webauthn:virtualAuthenticators: true}&#10;Session ID: f3cbafb891cdeb67fe29751922a4f6ff" type="org.openqa.selenium.NoSuchElementException"><![CDATA[org.openqa.selenium.NoSuchElementException: 
no such element: Unable to locate element: {"method":"xpath","selector":"//div[@class='bp4-tab pl-12 pr-12 pb-2 font-bold text-xl lg:ml-60 mx-auto']"}
  (Session info: chrome=110.0.5481.100)
For documentation on this error, please visit: https://selenium.dev/exceptions/#no_such_element
Build info: version: '4.1.2', revision: '9a5a329c5a'
System info: host: 'nsystem-mbp', ip: 'fe80:0:0:0:ce7:beec:a50b:8367%en0', os.name: 'Mac OS X', os.arch: 'x86_64', os.version: '10.16', java.version: '1.8.0_201'
Driver info: org.openqa.selenium.chrome.ChromeDriver
Command: [f3cbafb891cdeb67fe29751922a4f6ff, findElement {using=xpath, value=//div[@class='bp4-tab pl-12 pr-12 pb-2 font-bold text-xl lg:ml-60 mx-auto']}]
Capabilities {acceptInsecureCerts: false, browserName: chrome, browserVersion: 110.0.5481.100, chrome: {chromedriverVersion: 110.0.5481.77 (65ed616c6e8e..., userDataDir: /var/folders/00/xzw63_pj58g...}, goog:chromeOptions: {debuggerAddress: localhost:51585}, javascriptEnabled: true, networkConnectionEnabled: false, pageLoadStrategy: normal, platform: MAC, platformName: MAC, proxy: Proxy(), se:cdp: ws://localhost:51585/devtoo..., se:cdpVersion: 110.0.5481.100, setWindowRect: true, strictFileInteractability: false, timeouts: {implicit: 0, pageLoad: 300000, script: 30000}, unhandledPromptBehavior: dismiss and notify, webauthn:extension:credBlob: true, webauthn:extension:largeBlob: true, webauthn:virtualAuthenticators: true}
Session ID: f3cbafb891cdeb67fe29751922a4f6ff
]]></error>
  </testcase>
  <testcase name="" classname="| Fullstack Web Developer 2022 |" time="0.003">
    <error message="no such element: Unable to locate element: {&quot;method&quot;:&quot;xpath&quot;,&quot;selector&quot;:&quot;//div[@class=&apos;bp4-tab pl-12 pr-12 pb-2 font-bold text-xl lg:ml-60 mx-auto&apos;]&quot;}&#10;  (Session info: chrome=110.0.5481.100)&#10;For documentation on this error, please visit: https://selenium.dev/exceptions/#no_such_element&#10;Build info: version: &apos;4.1.2&apos;, revision: &apos;9a5a329c5a&apos;&#10;System info: host: &apos;nsystem-mbp&apos;, ip: &apos;fe80:0:0:0:ce7:beec:a50b:8367%en0&apos;, os.name: &apos;Mac OS X&apos;, os.arch: &apos;x86_64&apos;, os.version: &apos;10.16&apos;, java.version: &apos;1.8.0_201&apos;&#10;Driver info: org.openqa.selenium.chrome.ChromeDriver&#10;Command: [f3cbafb891cdeb67fe29751922a4f6ff, findElement {using=xpath, value=//div[@class=&apos;bp4-tab pl-12 pr-12 pb-2 font-bold text-xl lg:ml-60 mx-auto&apos;]}]&#10;Capabilities {acceptInsecureCerts: false, browserName: chrome, browserVersion: 110.0.5481.100, chrome: {chromedriverVersion: 110.0.5481.77 (65ed616c6e8e..., userDataDir: /var/folders/00/xzw63_pj58g...}, goog:chromeOptions: {debuggerAddress: localhost:51585}, javascriptEnabled: true, networkConnectionEnabled: false, pageLoadStrategy: normal, platform: MAC, platformName: MAC, proxy: Proxy(), se:cdp: ws://localhost:51585/devtoo..., se:cdpVersion: 110.0.5481.100, setWindowRect: true, strictFileInteractability: false, timeouts: {implicit: 0, pageLoad: 300000, script: 30000}, unhandledPromptBehavior: dismiss and notify, webauthn:extension:credBlob: true, webauthn:extension:largeBlob: true, webauthn:virtualAuthenticators: true}&#10;Session ID: f3cbafb891cdeb67fe29751922a4f6ff" type="org.openqa.selenium.NoSuchElementException"><![CDATA[org.openqa.selenium.NoSuchElementException: 
no such element: Unable to locate element: {"method":"xpath","selector":"//div[@class='bp4-tab pl-12 pr-12 pb-2 font-bold text-xl lg:ml-60 mx-auto']"}
  (Session info: chrome=110.0.5481.100)
For documentation on this error, please visit: https://selenium.dev/exceptions/#no_such_element
Build info: version: '4.1.2', revision: '9a5a329c5a'
System info: host: 'nsystem-mbp', ip: 'fe80:0:0:0:ce7:beec:a50b:8367%en0', os.name: 'Mac OS X', os.arch: 'x86_64', os.version: '10.16', java.version: '1.8.0_201'
Driver info: org.openqa.selenium.chrome.ChromeDriver
Command: [f3cbafb891cdeb67fe29751922a4f6ff, findElement {using=xpath, value=//div[@class='bp4-tab pl-12 pr-12 pb-2 font-bold text-xl lg:ml-60 mx-auto']}]
Capabilities {acceptInsecureCerts: false, browserName: chrome, browserVersion: 110.0.5481.100, chrome: {chromedriverVersion: 110.0.5481.77 (65ed616c6e8e..., userDataDir: /var/folders/00/xzw63_pj58g...}, goog:chromeOptions: {debuggerAddress: localhost:51585}, javascriptEnabled: true, networkConnectionEnabled: false, pageLoadStrategy: normal, platform: MAC, platformName: MAC, proxy: Proxy(), se:cdp: ws://localhost:51585/devtoo..., se:cdpVersion: 110.0.5481.100, setWindowRect: true, strictFileInteractability: false, timeouts: {implicit: 0, pageLoad: 300000, script: 30000}, unhandledPromptBehavior: dismiss and notify, webauthn:extension:credBlob: true, webauthn:extension:largeBlob: true, webauthn:virtualAuthenticators: true}
Session ID: f3cbafb891cdeb67fe29751922a4f6ff
]]></error>
  </testcase>
  <testcase name="Given Teacher already on Edit Profile page" classname="| Fullstack Web Developer 2022 |" time="0">
    <skipped/>
    <system-out><![CDATA[
  Background:                                                                   &amp#27;[90m# features/UpdateTeacher.feature:4&amp#27;[0m
    &amp#27;[32mGiven &amp#27;[0m&amp#27;[32mUser open the website GuruMu&amp#27;[0m                                          &amp#27;[90m# LoginSteps.userOpenTheWebsiteGuruMu()&amp#27;[0m
    &amp#27;[32mWhen &amp#27;[0m&amp#27;[32mUser click avatar navigation&amp#27;[0m                                           &amp#27;[90m# LoginSteps.userClickAvatarNavigation()&amp#27;[0m
    &amp#27;[32mAnd &amp#27;[0m&amp#27;[32mUser click menu Masuk&amp#27;[0m                                                   &amp#27;[90m# LoginSteps.userClickMenuMasuk()&amp#27;[0m
    &amp#27;[32mAnd &amp#27;[0m&amp#27;[32mUser input "&amp#27;[0m&amp#27;[32m&amp#27;[1mzulfeekei@gmail.com&amp#27;[0m&amp#27;[32m" as email and input "&amp#27;[0m&amp#27;[32m&amp#27;[1mbe123&amp#27;[0m&amp#27;[32m" as password&amp#27;[0m &amp#27;[90m# LoginSteps.inputCredential(String,String)&amp#27;[0m
    &amp#27;[32mAnd &amp#27;[0m&amp#27;[32mUser clicked masuk button&amp#27;[0m                                               &amp#27;[90m# LoginSteps.userClickMasukButton()&amp#27;[0m
    &amp#27;[32mWhen &amp#27;[0m&amp#27;[32mUser move to Profile Page&amp#27;[0m                                              &amp#27;[90m# PenilaianUlasanSteps.userMoveToProfilePage()&amp#27;[0m
    &amp#27;[31mAnd &amp#27;[0m&amp#27;[31mUser move to edit profile&amp#27;[0m                                               &amp#27;[90m# UpdateTeacherSteps.userMoveToEditProfile()&amp#27;[0m
      &amp#27;[31morg.openqa.selenium.NoSuchElementException: no such element: Unable to locate element: {"method":"xpath","selector":"//div[@class='bp4-tab pl-12 pr-12 pb-2 font-bold text-xl lg:ml-60 mx-auto']"}
        (Session info: chrome=110.0.5481.100)
      For documentation on this error, please visit: https://selenium.dev/exceptions/#no_such_element
      Build info: version: '4.1.2', revision: '9a5a329c5a'
      System info: host: 'nsystem-mbp', ip: 'fe80:0:0:0:ce7:beec:a50b:8367%en0', os.name: 'Mac OS X', os.arch: 'x86_64', os.version: '10.16', java.version: '1.8.0_201'
      Driver info: org.openqa.selenium.chrome.ChromeDriver
      Command: [f3cbafb891cdeb67fe29751922a4f6ff, findElement {using=xpath, value=//div[@class='bp4-tab pl-12 pr-12 pb-2 font-bold text-xl lg:ml-60 mx-auto']}]
      Capabilities {acceptInsecureCerts: false, browserName: chrome, browserVersion: 110.0.5481.100, chrome: {chromedriverVersion: 110.0.5481.77 (65ed616c6e8e..., userDataDir: /var/folders/00/xzw63_pj58g...}, goog:chromeOptions: {debuggerAddress: localhost:51585}, javascriptEnabled: true, networkConnectionEnabled: false, pageLoadStrategy: normal, platform: MAC, platformName: MAC, proxy: Proxy(), se:cdp: ws://localhost:51585/devtoo..., se:cdpVersion: 110.0.5481.100, setWindowRect: true, strictFileInteractability: false, timeouts: {implicit: 0, pageLoad: 300000, script: 30000}, unhandledPromptBehavior: dismiss and notify, webauthn:extension:credBlob: true, webauthn:extension:largeBlob: true, webauthn:virtualAuthenticators: true}
      Session ID: f3cbafb891cdeb67fe29751922a4f6ff
      	at sun.reflect.GeneratedConstructorAccessor38.newInstance(Unknown Source)
      	at sun.reflect.DelegatingConstructorAccessorImpl.newInstance(DelegatingConstructorAccessorImpl.java:45)
      	at java.lang.reflect.Constructor.newInstance(Constructor.java:423)
      	at org.openqa.selenium.remote.codec.w3c.W3CHttpResponseCodec.createException(W3CHttpResponseCodec.java:200)
      	at org.openqa.selenium.remote.codec.w3c.W3CHttpResponseCodec.decode(W3CHttpResponseCodec.java:133)
      	at org.openqa.selenium.remote.codec.w3c.W3CHttpResponseCodec.decode(W3CHttpResponseCodec.java:53)
      	at org.openqa.selenium.remote.HttpCommandExecutor.execute(HttpCommandExecutor.java:184)
      	at org.openqa.selenium.remote.service.DriverCommandExecutor.invokeExecute(DriverCommandExecutor.java:167)
      	at org.openqa.selenium.remote.service.DriverCommandExecutor.execute(DriverCommandExecutor.java:142)
      	at org.openqa.selenium.remote.RemoteWebDriver.execute(RemoteWebDriver.java:558)
      	at org.openqa.selenium.remote.ElementLocation$ElementFinder$2.findElement(ElementLocation.java:162)
      	at org.openqa.selenium.remote.ElementLocation.findElement(ElementLocation.java:60)
      	at org.openqa.selenium.remote.RemoteWebDriver.findElement(RemoteWebDriver.java:382)
      	at org.openqa.selenium.remote.RemoteWebDriver.findElement(RemoteWebDriver.java:374)
      	at org.openqa.selenium.support.pagefactory.DefaultElementLocator.findElement(DefaultElementLocator.java:70)
      	at org.openqa.selenium.support.pagefactory.internal.LocatingElementHandler.invoke(LocatingElementHandler.java:39)
      	at com.sun.proxy.$Proxy21.click(Unknown Source)
      	at org.example.pageObject.UpdateTeacherPage.toEditProfile(UpdateTeacherPage.java:327)
      	at step_definitions.UpdateTeacherSteps.userMoveToEditProfile(UpdateTeacherSteps.java:1195)
      	at ✽.And User move to edit profile(features/UpdateTeacher.feature:11)
      &amp#27;[0m
]]></system-out>
  </testcase>
  <testcase name="When Teacher click &apos;Pengalaman&apos; field" classname="| Fullstack Web Developer 2022 |" time="0">
    <skipped/>
  </testcase>
  <testcase name="Then Teacher input with Character and Number like &quot;Fullstack Web Developer 2022&quot; in &apos;Gelar&apos; field" classname="| Fullstack Web Developer 2022 |" time="0">
    <skipped/>
  </testcase>
  <testcase name="Given User open the website GuruMu(| $%^$%&amp;&amp;*&amp;" classname=" |" time="0">
    <system-out><![CDATA[
  @TestUpdateTeacher @Test
  Scenario Outline: Input Field with Character and Number in 'Pengalaman' field                       &amp#27;[90m# features/UpdateTeacher.feature:256&amp#27;[0m
    &amp#27;[36mGiven &amp#27;[0m&amp#27;[36mTeacher already on Edit Profile page&amp#27;[0m                                                        &amp#27;[90m# UpdateTeacherSteps.teacherAlreadyOnEditProfilePage()&amp#27;[0m
    &amp#27;[36mWhen &amp#27;[0m&amp#27;[36mTeacher click 'Pengalaman' field&amp#27;[0m                                                             &amp#27;[90m# UpdateTeacherSteps.teacherClickPengalamanField()&amp#27;[0m
    &amp#27;[36mThen &amp#27;[0m&amp#27;[36mTeacher input with Character and Number like "&amp#27;[0m&amp#27;[36m&amp#27;[1mFullstack Web Developer 2022&amp#27;[0m&amp#27;[36m" in 'Gelar' field&amp#27;[0m &amp#27;[90m# UpdateTeacherSteps.teacherInputWithCharacterAndNumberLikeInGelarField(String)&amp#27;[0m

  Scenario Outline: Input Field with Special Character in 'Pengalaman' field       &amp#27;[90m# features/UpdateTeacher.feature:258&amp#27;[0m
    &amp#27;[36mGiven &amp#27;[0m&amp#27;[36mTeacher already on Edit Profile page&amp#27;[0m
    &amp#27;[36mWhen &amp#27;[0m&amp#27;[36mTeacher click 'Pengalaman' field&amp#27;[0m
    &amp#27;[36mThen &amp#27;[0m&amp#27;[36mTeacher input with Special Character like "<experience>" in 'Gelar' field&amp#27;[0m

    Examples: 
]]></system-out>
    <system-err><![CDATA[Starting ChromeDriver 110.0.5481.77 (65ed616c6e8ee3fe0ad64fe83796c020644d42af-refs/branch-heads/5481@{#839}) on port 61044
Only local connections are allowed.
Please see https://chromedriver.chromium.org/security-considerations for suggestions on keeping ChromeDriver safe.
ChromeDriver was started successfully.
[1676555317.462][WARNING]: virtual void DevToolsClientImpl::AddListener(DevToolsEventListener *) subscribing a listener to the already connected DevToolsClient. Connection notification will not arrive.
Feb 16, 2023 8:48:37 PM org.openqa.selenium.remote.ProtocolHandshake createSession
INFO: Detected dialect: W3C
Feb 16, 2023 8:48:37 PM org.openqa.selenium.devtools.CdpVersionFinder findNearestMatch
WARNING: Unable to find an exact match for CDP version 110, so returning the closest version found: a no-op implementation
Feb 16, 2023 8:48:37 PM org.openqa.selenium.devtools.CdpVersionFinder findNearestMatch
INFO: Unable to find CDP implementation matching 110.
Feb 16, 2023 8:48:37 PM org.openqa.selenium.chromium.ChromiumDriver lambda$new$3
WARNING: Unable to find version of CDP to use for . You may need to include a dependency on a specific version of the CDP using something similar to `org.seleniumhq.selenium:selenium-devtools-v86:4.1.2` where the version ("v86") matches the version of the chromium-based browser you're using and the version number of the artifact is the same as Selenium's.
]]></system-err>
  </testcase>
  <testcase name="When User click avatar navigation(| $%^$%&amp;&amp;*&amp;" classname=" |" time="0"/>
  <testcase name="And User click menu Masuk(| $%^$%&amp;&amp;*&amp;" classname=" |" time="0"/>
  <testcase name="And User input &quot;zulfeekei@gmail.com&quot; as email and input &quot;be123&quot; as password(| $%^$%&amp;&amp;*&amp;" classname=" |" time="0"/>
  <testcase name="And User clicked masuk button(| $%^$%&amp;&amp;*&amp;" classname=" |" time="0"/>
  <testcase name="When User move to Profile Page(| $%^$%&amp;&amp;*&amp;" classname=" |" time="0"/>
  <testcase name="And User move to edit profile(| $%^$%&amp;&amp;*&amp;" classname=" |" time="0.003">
    <error message="no such element: Unable to locate element: {&quot;method&quot;:&quot;xpath&quot;,&quot;selector&quot;:&quot;//div[@class=&apos;bp4-tab pl-12 pr-12 pb-2 font-bold text-xl lg:ml-60 mx-auto&apos;]&quot;}&#10;  (Session info: chrome=110.0.5481.100)&#10;For documentation on this error, please visit: https://selenium.dev/exceptions/#no_such_element&#10;Build info: version: &apos;4.1.2&apos;, revision: &apos;9a5a329c5a&apos;&#10;System info: host: &apos;nsystem-mbp&apos;, ip: &apos;fe80:0:0:0:ce7:beec:a50b:8367%en0&apos;, os.name: &apos;Mac OS X&apos;, os.arch: &apos;x86_64&apos;, os.version: &apos;10.16&apos;, java.version: &apos;1.8.0_201&apos;&#10;Driver info: org.openqa.selenium.chrome.ChromeDriver&#10;Command: [0ce46271e317748a8ab44f2e0ab996a3, findElement {using=xpath, value=//div[@class=&apos;bp4-tab pl-12 pr-12 pb-2 font-bold text-xl lg:ml-60 mx-auto&apos;]}]&#10;Capabilities {acceptInsecureCerts: false, browserName: chrome, browserVersion: 110.0.5481.100, chrome: {chromedriverVersion: 110.0.5481.77 (65ed616c6e8e..., userDataDir: /var/folders/00/xzw63_pj58g...}, goog:chromeOptions: {debuggerAddress: localhost:51609}, javascriptEnabled: true, networkConnectionEnabled: false, pageLoadStrategy: normal, platform: MAC, platformName: MAC, proxy: Proxy(), se:cdp: ws://localhost:51609/devtoo..., se:cdpVersion: 110.0.5481.100, setWindowRect: true, strictFileInteractability: false, timeouts: {implicit: 0, pageLoad: 300000, script: 30000}, unhandledPromptBehavior: dismiss and notify, webauthn:extension:credBlob: true, webauthn:extension:largeBlob: true, webauthn:virtualAuthenticators: true}&#10;Session ID: 0ce46271e317748a8ab44f2e0ab996a3" type="org.openqa.selenium.NoSuchElementException"><![CDATA[org.openqa.selenium.NoSuchElementException: 
no such element: Unable to locate element: {"method":"xpath","selector":"//div[@class='bp4-tab pl-12 pr-12 pb-2 font-bold text-xl lg:ml-60 mx-auto']"}
  (Session info: chrome=110.0.5481.100)
For documentation on this error, please visit: https://selenium.dev/exceptions/#no_such_element
Build info: version: '4.1.2', revision: '9a5a329c5a'
System info: host: 'nsystem-mbp', ip: 'fe80:0:0:0:ce7:beec:a50b:8367%en0', os.name: 'Mac OS X', os.arch: 'x86_64', os.version: '10.16', java.version: '1.8.0_201'
Driver info: org.openqa.selenium.chrome.ChromeDriver
Command: [0ce46271e317748a8ab44f2e0ab996a3, findElement {using=xpath, value=//div[@class='bp4-tab pl-12 pr-12 pb-2 font-bold text-xl lg:ml-60 mx-auto']}]
Capabilities {acceptInsecureCerts: false, browserName: chrome, browserVersion: 110.0.5481.100, chrome: {chromedriverVersion: 110.0.5481.77 (65ed616c6e8e..., userDataDir: /var/folders/00/xzw63_pj58g...}, goog:chromeOptions: {debuggerAddress: localhost:51609}, javascriptEnabled: true, networkConnectionEnabled: false, pageLoadStrategy: normal, platform: MAC, platformName: MAC, proxy: Proxy(), se:cdp: ws://localhost:51609/devtoo..., se:cdpVersion: 110.0.5481.100, setWindowRect: true, strictFileInteractability: false, timeouts: {implicit: 0, pageLoad: 300000, script: 30000}, unhandledPromptBehavior: dismiss and notify, webauthn:extension:credBlob: true, webauthn:extension:largeBlob: true, webauthn:virtualAuthenticators: true}
Session ID: 0ce46271e317748a8ab44f2e0ab996a3
]]></error>
  </testcase>
  <testcase name="Given Teacher already on Edit Profile page(| $%^$%&amp;&amp;*&amp;" classname=" |" time="0">
    <skipped/>
    <system-out><![CDATA[
  Background:                                                                   &amp#27;[90m# features/UpdateTeacher.feature:4&amp#27;[0m
    &amp#27;[32mGiven &amp#27;[0m&amp#27;[32mUser open the website GuruMu&amp#27;[0m                                          &amp#27;[90m# LoginSteps.userOpenTheWebsiteGuruMu()&amp#27;[0m
    &amp#27;[32mWhen &amp#27;[0m&amp#27;[32mUser click avatar navigation&amp#27;[0m                                           &amp#27;[90m# LoginSteps.userClickAvatarNavigation()&amp#27;[0m
    &amp#27;[32mAnd &amp#27;[0m&amp#27;[32mUser click menu Masuk&amp#27;[0m                                                   &amp#27;[90m# LoginSteps.userClickMenuMasuk()&amp#27;[0m
    &amp#27;[32mAnd &amp#27;[0m&amp#27;[32mUser input "&amp#27;[0m&amp#27;[32m&amp#27;[1mzulfeekei@gmail.com&amp#27;[0m&amp#27;[32m" as email and input "&amp#27;[0m&amp#27;[32m&amp#27;[1mbe123&amp#27;[0m&amp#27;[32m" as password&amp#27;[0m &amp#27;[90m# LoginSteps.inputCredential(String,String)&amp#27;[0m
    &amp#27;[32mAnd &amp#27;[0m&amp#27;[32mUser clicked masuk button&amp#27;[0m                                               &amp#27;[90m# LoginSteps.userClickMasukButton()&amp#27;[0m
    &amp#27;[32mWhen &amp#27;[0m&amp#27;[32mUser move to Profile Page&amp#27;[0m                                              &amp#27;[90m# PenilaianUlasanSteps.userMoveToProfilePage()&amp#27;[0m
    &amp#27;[31mAnd &amp#27;[0m&amp#27;[31mUser move to edit profile&amp#27;[0m                                               &amp#27;[90m# UpdateTeacherSteps.userMoveToEditProfile()&amp#27;[0m
      &amp#27;[31morg.openqa.selenium.NoSuchElementException: no such element: Unable to locate element: {"method":"xpath","selector":"//div[@class='bp4-tab pl-12 pr-12 pb-2 font-bold text-xl lg:ml-60 mx-auto']"}
        (Session info: chrome=110.0.5481.100)
      For documentation on this error, please visit: https://selenium.dev/exceptions/#no_such_element
      Build info: version: '4.1.2', revision: '9a5a329c5a'
      System info: host: 'nsystem-mbp', ip: 'fe80:0:0:0:ce7:beec:a50b:8367%en0', os.name: 'Mac OS X', os.arch: 'x86_64', os.version: '10.16', java.version: '1.8.0_201'
      Driver info: org.openqa.selenium.chrome.ChromeDriver
      Command: [0ce46271e317748a8ab44f2e0ab996a3, findElement {using=xpath, value=//div[@class='bp4-tab pl-12 pr-12 pb-2 font-bold text-xl lg:ml-60 mx-auto']}]
      Capabilities {acceptInsecureCerts: false, browserName: chrome, browserVersion: 110.0.5481.100, chrome: {chromedriverVersion: 110.0.5481.77 (65ed616c6e8e..., userDataDir: /var/folders/00/xzw63_pj58g...}, goog:chromeOptions: {debuggerAddress: localhost:51609}, javascriptEnabled: true, networkConnectionEnabled: false, pageLoadStrategy: normal, platform: MAC, platformName: MAC, proxy: Proxy(), se:cdp: ws://localhost:51609/devtoo..., se:cdpVersion: 110.0.5481.100, setWindowRect: true, strictFileInteractability: false, timeouts: {implicit: 0, pageLoad: 300000, script: 30000}, unhandledPromptBehavior: dismiss and notify, webauthn:extension:credBlob: true, webauthn:extension:largeBlob: true, webauthn:virtualAuthenticators: true}
      Session ID: 0ce46271e317748a8ab44f2e0ab996a3
      	at sun.reflect.GeneratedConstructorAccessor38.newInstance(Unknown Source)
      	at sun.reflect.DelegatingConstructorAccessorImpl.newInstance(DelegatingConstructorAccessorImpl.java:45)
      	at java.lang.reflect.Constructor.newInstance(Constructor.java:423)
      	at org.openqa.selenium.remote.codec.w3c.W3CHttpResponseCodec.createException(W3CHttpResponseCodec.java:200)
      	at org.openqa.selenium.remote.codec.w3c.W3CHttpResponseCodec.decode(W3CHttpResponseCodec.java:133)
      	at org.openqa.selenium.remote.codec.w3c.W3CHttpResponseCodec.decode(W3CHttpResponseCodec.java:53)
      	at org.openqa.selenium.remote.HttpCommandExecutor.execute(HttpCommandExecutor.java:184)
      	at org.openqa.selenium.remote.service.DriverCommandExecutor.invokeExecute(DriverCommandExecutor.java:167)
      	at org.openqa.selenium.remote.service.DriverCommandExecutor.execute(DriverCommandExecutor.java:142)
      	at org.openqa.selenium.remote.RemoteWebDriver.execute(RemoteWebDriver.java:558)
      	at org.openqa.selenium.remote.ElementLocation$ElementFinder$2.findElement(ElementLocation.java:162)
      	at org.openqa.selenium.remote.ElementLocation.findElement(ElementLocation.java:60)
      	at org.openqa.selenium.remote.RemoteWebDriver.findElement(RemoteWebDriver.java:382)
      	at org.openqa.selenium.remote.RemoteWebDriver.findElement(RemoteWebDriver.java:374)
      	at org.openqa.selenium.support.pagefactory.DefaultElementLocator.findElement(DefaultElementLocator.java:70)
      	at org.openqa.selenium.support.pagefactory.internal.LocatingElementHandler.invoke(LocatingElementHandler.java:39)
      	at com.sun.proxy.$Proxy21.click(Unknown Source)
      	at org.example.pageObject.UpdateTeacherPage.toEditProfile(UpdateTeacherPage.java:327)
      	at step_definitions.UpdateTeacherSteps.userMoveToEditProfile(UpdateTeacherSteps.java:1195)
      	at ✽.And User move to edit profile(features/UpdateTeacher.feature:11)
      &amp#27;[0m
]]></system-out>
  </testcase>
  <testcase name="When Teacher click &apos;Pengalaman&apos; field(| $%^$%&amp;&amp;*&amp;" classname=" |" time="0">
    <skipped/>
  </testcase>
  <testcase name="Then Teacher input with Special Character like &quot;$%^$%&amp;&amp;*&amp;(&quot; in &apos;Gelar&apos; field(| $%^$%&amp;&amp;*&amp;" classname=" |" time="0">
    <skipped/>
  </testcase>
  <testcase name="| $%^$%&amp;&amp;*&amp;" classname="| $%^$%&amp;&amp;*&amp;( |" time="0.004">
    <error message="no such element: Unable to locate element: {&quot;method&quot;:&quot;xpath&quot;,&quot;selector&quot;:&quot;//div[@class=&apos;bp4-tab pl-12 pr-12 pb-2 font-bold text-xl lg:ml-60 mx-auto&apos;]&quot;}&#10;  (Session info: chrome=110.0.5481.100)&#10;For documentation on this error, please visit: https://selenium.dev/exceptions/#no_such_element&#10;Build info: version: &apos;4.1.2&apos;, revision: &apos;9a5a329c5a&apos;&#10;System info: host: &apos;nsystem-mbp&apos;, ip: &apos;fe80:0:0:0:ce7:beec:a50b:8367%en0&apos;, os.name: &apos;Mac OS X&apos;, os.arch: &apos;x86_64&apos;, os.version: &apos;10.16&apos;, java.version: &apos;1.8.0_201&apos;&#10;Driver info: org.openqa.selenium.chrome.ChromeDriver&#10;Command: [0ce46271e317748a8ab44f2e0ab996a3, findElement {using=xpath, value=//div[@class=&apos;bp4-tab pl-12 pr-12 pb-2 font-bold text-xl lg:ml-60 mx-auto&apos;]}]&#10;Capabilities {acceptInsecureCerts: false, browserName: chrome, browserVersion: 110.0.5481.100, chrome: {chromedriverVersion: 110.0.5481.77 (65ed616c6e8e..., userDataDir: /var/folders/00/xzw63_pj58g...}, goog:chromeOptions: {debuggerAddress: localhost:51609}, javascriptEnabled: true, networkConnectionEnabled: false, pageLoadStrategy: normal, platform: MAC, platformName: MAC, proxy: Proxy(), se:cdp: ws://localhost:51609/devtoo..., se:cdpVersion: 110.0.5481.100, setWindowRect: true, strictFileInteractability: false, timeouts: {implicit: 0, pageLoad: 300000, script: 30000}, unhandledPromptBehavior: dismiss and notify, webauthn:extension:credBlob: true, webauthn:extension:largeBlob: true, webauthn:virtualAuthenticators: true}&#10;Session ID: 0ce46271e317748a8ab44f2e0ab996a3" type="org.openqa.selenium.NoSuchElementException"><![CDATA[org.openqa.selenium.NoSuchElementException: 
no such element: Unable to locate element: {"method":"xpath","selector":"//div[@class='bp4-tab pl-12 pr-12 pb-2 font-bold text-xl lg:ml-60 mx-auto']"}
  (Session info: chrome=110.0.5481.100)
For documentation on this error, please visit: https://selenium.dev/exceptions/#no_such_element
Build info: version: '4.1.2', revision: '9a5a329c5a'
System info: host: 'nsystem-mbp', ip: 'fe80:0:0:0:ce7:beec:a50b:8367%en0', os.name: 'Mac OS X', os.arch: 'x86_64', os.version: '10.16', java.version: '1.8.0_201'
Driver info: org.openqa.selenium.chrome.ChromeDriver
Command: [0ce46271e317748a8ab44f2e0ab996a3, findElement {using=xpath, value=//div[@class='bp4-tab pl-12 pr-12 pb-2 font-bold text-xl lg:ml-60 mx-auto']}]
Capabilities {acceptInsecureCerts: false, browserName: chrome, browserVersion: 110.0.5481.100, chrome: {chromedriverVersion: 110.0.5481.77 (65ed616c6e8e..., userDataDir: /var/folders/00/xzw63_pj58g...}, goog:chromeOptions: {debuggerAddress: localhost:51609}, javascriptEnabled: true, networkConnectionEnabled: false, pageLoadStrategy: normal, platform: MAC, platformName: MAC, proxy: Proxy(), se:cdp: ws://localhost:51609/devtoo..., se:cdpVersion: 110.0.5481.100, setWindowRect: true, strictFileInteractability: false, timeouts: {implicit: 0, pageLoad: 300000, script: 30000}, unhandledPromptBehavior: dismiss and notify, webauthn:extension:credBlob: true, webauthn:extension:largeBlob: true, webauthn:virtualAuthenticators: true}
Session ID: 0ce46271e317748a8ab44f2e0ab996a3
]]></error>
  </testcase>
  <testcase name="Given User open the website GuruMu" classname="| Fullstack Web Developer : 2022 |" time="0">
    <system-out><![CDATA[
  @TestUpdateTeacher @Test
  Scenario Outline: Input Field with Special Character in 'Pengalaman' field     &amp#27;[90m# features/UpdateTeacher.feature:264&amp#27;[0m
    &amp#27;[36mGiven &amp#27;[0m&amp#27;[36mTeacher already on Edit Profile page&amp#27;[0m                                   &amp#27;[90m# UpdateTeacherSteps.teacherAlreadyOnEditProfilePage()&amp#27;[0m
    &amp#27;[36mWhen &amp#27;[0m&amp#27;[36mTeacher click 'Pengalaman' field&amp#27;[0m                                        &amp#27;[90m# UpdateTeacherSteps.teacherClickPengalamanField()&amp#27;[0m
    &amp#27;[36mThen &amp#27;[0m&amp#27;[36mTeacher input with Special Character like "&amp#27;[0m&amp#27;[36m&amp#27;[1m$%^$%&&*&(&amp#27;[0m&amp#27;[36m" in 'Gelar' field&amp#27;[0m &amp#27;[90m# UpdateTeacherSteps.teacherInputWithSpecialCharacterLikeInGelarField(String)&amp#27;[0m

  Scenario Outline: Input Field with Character and Special Character in 'Pengalaman' field       &amp#27;[90m# features/UpdateTeacher.feature:266&amp#27;[0m
    &amp#27;[36mGiven &amp#27;[0m&amp#27;[36mTeacher already on Edit Profile page&amp#27;[0m
    &amp#27;[36mWhen &amp#27;[0m&amp#27;[36mTeacher click 'Pengalaman' field&amp#27;[0m
    &amp#27;[36mThen &amp#27;[0m&amp#27;[36mTeacher input with Character and Special Character like "<experience>" in 'Gelar' field&amp#27;[0m

    Examples: 
]]></system-out>
    <system-err><![CDATA[Starting ChromeDriver 110.0.5481.77 (65ed616c6e8ee3fe0ad64fe83796c020644d42af-refs/branch-heads/5481@{#839}) on port 55601
Only local connections are allowed.
Please see https://chromedriver.chromium.org/security-considerations for suggestions on keeping ChromeDriver safe.
ChromeDriver was started successfully.
[1676555349.516][WARNING]: virtual void DevToolsClientImpl::AddListener(DevToolsEventListener *) subscribing a listener to the already connected DevToolsClient. Connection notification will not arrive.
Feb 16, 2023 8:49:09 PM org.openqa.selenium.remote.ProtocolHandshake createSession
INFO: Detected dialect: W3C
Feb 16, 2023 8:49:09 PM org.openqa.selenium.devtools.CdpVersionFinder findNearestMatch
WARNING: Unable to find an exact match for CDP version 110, so returning the closest version found: a no-op implementation
Feb 16, 2023 8:49:09 PM org.openqa.selenium.devtools.CdpVersionFinder findNearestMatch
INFO: Unable to find CDP implementation matching 110.
Feb 16, 2023 8:49:09 PM org.openqa.selenium.chromium.ChromiumDriver lambda$new$3
WARNING: Unable to find version of CDP to use for . You may need to include a dependency on a specific version of the CDP using something similar to `org.seleniumhq.selenium:selenium-devtools-v86:4.1.2` where the version ("v86") matches the version of the chromium-based browser you're using and the version number of the artifact is the same as Selenium's.
]]></system-err>
  </testcase>
  <testcase name="When User click avatar navigation" classname="| Fullstack Web Developer : 2022 |" time="0"/>
  <testcase name="And User click menu Masuk" classname="| Fullstack Web Developer : 2022 |" time="0"/>
  <testcase name="And User input &quot;zulfeekei@gmail.com&quot; as email and input &quot;be123&quot; as password" classname="| Fullstack Web Developer : 2022 |" time="0"/>
  <testcase name="And User clicked masuk button" classname="| Fullstack Web Developer : 2022 |" time="0"/>
  <testcase name="When User move to Profile Page" classname="| Fullstack Web Developer : 2022 |" time="0"/>
  <testcase name="And User move to edit profile" classname="| Fullstack Web Developer : 2022 |" time="0.003">
    <error message="no such element: Unable to locate element: {&quot;method&quot;:&quot;xpath&quot;,&quot;selector&quot;:&quot;//div[@class=&apos;bp4-tab pl-12 pr-12 pb-2 font-bold text-xl lg:ml-60 mx-auto&apos;]&quot;}&#10;  (Session info: chrome=110.0.5481.100)&#10;For documentation on this error, please visit: https://selenium.dev/exceptions/#no_such_element&#10;Build info: version: &apos;4.1.2&apos;, revision: &apos;9a5a329c5a&apos;&#10;System info: host: &apos;nsystem-mbp&apos;, ip: &apos;fe80:0:0:0:ce7:beec:a50b:8367%en0&apos;, os.name: &apos;Mac OS X&apos;, os.arch: &apos;x86_64&apos;, os.version: &apos;10.16&apos;, java.version: &apos;1.8.0_201&apos;&#10;Driver info: org.openqa.selenium.chrome.ChromeDriver&#10;Command: [46888763d3b9921f889f7622b102eb5c, findElement {using=xpath, value=//div[@class=&apos;bp4-tab pl-12 pr-12 pb-2 font-bold text-xl lg:ml-60 mx-auto&apos;]}]&#10;Capabilities {acceptInsecureCerts: false, browserName: chrome, browserVersion: 110.0.5481.100, chrome: {chromedriverVersion: 110.0.5481.77 (65ed616c6e8e..., userDataDir: /var/folders/00/xzw63_pj58g...}, goog:chromeOptions: {debuggerAddress: localhost:51635}, javascriptEnabled: true, networkConnectionEnabled: false, pageLoadStrategy: normal, platform: MAC, platformName: MAC, proxy: Proxy(), se:cdp: ws://localhost:51635/devtoo..., se:cdpVersion: 110.0.5481.100, setWindowRect: true, strictFileInteractability: false, timeouts: {implicit: 0, pageLoad: 300000, script: 30000}, unhandledPromptBehavior: dismiss and notify, webauthn:extension:credBlob: true, webauthn:extension:largeBlob: true, webauthn:virtualAuthenticators: true}&#10;Session ID: 46888763d3b9921f889f7622b102eb5c" type="org.openqa.selenium.NoSuchElementException"><![CDATA[org.openqa.selenium.NoSuchElementException: 
no such element: Unable to locate element: {"method":"xpath","selector":"//div[@class='bp4-tab pl-12 pr-12 pb-2 font-bold text-xl lg:ml-60 mx-auto']"}
  (Session info: chrome=110.0.5481.100)
For documentation on this error, please visit: https://selenium.dev/exceptions/#no_such_element
Build info: version: '4.1.2', revision: '9a5a329c5a'
System info: host: 'nsystem-mbp', ip: 'fe80:0:0:0:ce7:beec:a50b:8367%en0', os.name: 'Mac OS X', os.arch: 'x86_64', os.version: '10.16', java.version: '1.8.0_201'
Driver info: org.openqa.selenium.chrome.ChromeDriver
Command: [46888763d3b9921f889f7622b102eb5c, findElement {using=xpath, value=//div[@class='bp4-tab pl-12 pr-12 pb-2 font-bold text-xl lg:ml-60 mx-auto']}]
Capabilities {acceptInsecureCerts: false, browserName: chrome, browserVersion: 110.0.5481.100, chrome: {chromedriverVersion: 110.0.5481.77 (65ed616c6e8e..., userDataDir: /var/folders/00/xzw63_pj58g...}, goog:chromeOptions: {debuggerAddress: localhost:51635}, javascriptEnabled: true, networkConnectionEnabled: false, pageLoadStrategy: normal, platform: MAC, platformName: MAC, proxy: Proxy(), se:cdp: ws://localhost:51635/devtoo..., se:cdpVersion: 110.0.5481.100, setWindowRect: true, strictFileInteractability: false, timeouts: {implicit: 0, pageLoad: 300000, script: 30000}, unhandledPromptBehavior: dismiss and notify, webauthn:extension:credBlob: true, webauthn:extension:largeBlob: true, webauthn:virtualAuthenticators: true}
Session ID: 46888763d3b9921f889f7622b102eb5c
]]></error>
  </testcase>
  <testcase name="" classname="| Fullstack Web Developer : 2022 |" time="0.004">
    <error message="no such element: Unable to locate element: {&quot;method&quot;:&quot;xpath&quot;,&quot;selector&quot;:&quot;//div[@class=&apos;bp4-tab pl-12 pr-12 pb-2 font-bold text-xl lg:ml-60 mx-auto&apos;]&quot;}&#10;  (Session info: chrome=110.0.5481.100)&#10;For documentation on this error, please visit: https://selenium.dev/exceptions/#no_such_element&#10;Build info: version: &apos;4.1.2&apos;, revision: &apos;9a5a329c5a&apos;&#10;System info: host: &apos;nsystem-mbp&apos;, ip: &apos;fe80:0:0:0:ce7:beec:a50b:8367%en0&apos;, os.name: &apos;Mac OS X&apos;, os.arch: &apos;x86_64&apos;, os.version: &apos;10.16&apos;, java.version: &apos;1.8.0_201&apos;&#10;Driver info: org.openqa.selenium.chrome.ChromeDriver&#10;Command: [46888763d3b9921f889f7622b102eb5c, findElement {using=xpath, value=//div[@class=&apos;bp4-tab pl-12 pr-12 pb-2 font-bold text-xl lg:ml-60 mx-auto&apos;]}]&#10;Capabilities {acceptInsecureCerts: false, browserName: chrome, browserVersion: 110.0.5481.100, chrome: {chromedriverVersion: 110.0.5481.77 (65ed616c6e8e..., userDataDir: /var/folders/00/xzw63_pj58g...}, goog:chromeOptions: {debuggerAddress: localhost:51635}, javascriptEnabled: true, networkConnectionEnabled: false, pageLoadStrategy: normal, platform: MAC, platformName: MAC, proxy: Proxy(), se:cdp: ws://localhost:51635/devtoo..., se:cdpVersion: 110.0.5481.100, setWindowRect: true, strictFileInteractability: false, timeouts: {implicit: 0, pageLoad: 300000, script: 30000}, unhandledPromptBehavior: dismiss and notify, webauthn:extension:credBlob: true, webauthn:extension:largeBlob: true, webauthn:virtualAuthenticators: true}&#10;Session ID: 46888763d3b9921f889f7622b102eb5c" type="org.openqa.selenium.NoSuchElementException"><![CDATA[org.openqa.selenium.NoSuchElementException: 
no such element: Unable to locate element: {"method":"xpath","selector":"//div[@class='bp4-tab pl-12 pr-12 pb-2 font-bold text-xl lg:ml-60 mx-auto']"}
  (Session info: chrome=110.0.5481.100)
For documentation on this error, please visit: https://selenium.dev/exceptions/#no_such_element
Build info: version: '4.1.2', revision: '9a5a329c5a'
System info: host: 'nsystem-mbp', ip: 'fe80:0:0:0:ce7:beec:a50b:8367%en0', os.name: 'Mac OS X', os.arch: 'x86_64', os.version: '10.16', java.version: '1.8.0_201'
Driver info: org.openqa.selenium.chrome.ChromeDriver
Command: [46888763d3b9921f889f7622b102eb5c, findElement {using=xpath, value=//div[@class='bp4-tab pl-12 pr-12 pb-2 font-bold text-xl lg:ml-60 mx-auto']}]
Capabilities {acceptInsecureCerts: false, browserName: chrome, browserVersion: 110.0.5481.100, chrome: {chromedriverVersion: 110.0.5481.77 (65ed616c6e8e..., userDataDir: /var/folders/00/xzw63_pj58g...}, goog:chromeOptions: {debuggerAddress: localhost:51635}, javascriptEnabled: true, networkConnectionEnabled: false, pageLoadStrategy: normal, platform: MAC, platformName: MAC, proxy: Proxy(), se:cdp: ws://localhost:51635/devtoo..., se:cdpVersion: 110.0.5481.100, setWindowRect: true, strictFileInteractability: false, timeouts: {implicit: 0, pageLoad: 300000, script: 30000}, unhandledPromptBehavior: dismiss and notify, webauthn:extension:credBlob: true, webauthn:extension:largeBlob: true, webauthn:virtualAuthenticators: true}
Session ID: 46888763d3b9921f889f7622b102eb5c
]]></error>
  </testcase>
  <testcase name="Given Teacher already on Edit Profile page" classname="| Fullstack Web Developer : 2022 |" time="0">
    <skipped/>
    <system-out><![CDATA[
  Background:                                                                   &amp#27;[90m# features/UpdateTeacher.feature:4&amp#27;[0m
    &amp#27;[32mGiven &amp#27;[0m&amp#27;[32mUser open the website GuruMu&amp#27;[0m                                          &amp#27;[90m# LoginSteps.userOpenTheWebsiteGuruMu()&amp#27;[0m
    &amp#27;[32mWhen &amp#27;[0m&amp#27;[32mUser click avatar navigation&amp#27;[0m                                           &amp#27;[90m# LoginSteps.userClickAvatarNavigation()&amp#27;[0m
    &amp#27;[32mAnd &amp#27;[0m&amp#27;[32mUser click menu Masuk&amp#27;[0m                                                   &amp#27;[90m# LoginSteps.userClickMenuMasuk()&amp#27;[0m
    &amp#27;[32mAnd &amp#27;[0m&amp#27;[32mUser input "&amp#27;[0m&amp#27;[32m&amp#27;[1mzulfeekei@gmail.com&amp#27;[0m&amp#27;[32m" as email and input "&amp#27;[0m&amp#27;[32m&amp#27;[1mbe123&amp#27;[0m&amp#27;[32m" as password&amp#27;[0m &amp#27;[90m# LoginSteps.inputCredential(String,String)&amp#27;[0m
    &amp#27;[32mAnd &amp#27;[0m&amp#27;[32mUser clicked masuk button&amp#27;[0m                                               &amp#27;[90m# LoginSteps.userClickMasukButton()&amp#27;[0m
    &amp#27;[32mWhen &amp#27;[0m&amp#27;[32mUser move to Profile Page&amp#27;[0m                                              &amp#27;[90m# PenilaianUlasanSteps.userMoveToProfilePage()&amp#27;[0m
    &amp#27;[31mAnd &amp#27;[0m&amp#27;[31mUser move to edit profile&amp#27;[0m                                               &amp#27;[90m# UpdateTeacherSteps.userMoveToEditProfile()&amp#27;[0m
      &amp#27;[31morg.openqa.selenium.NoSuchElementException: no such element: Unable to locate element: {"method":"xpath","selector":"//div[@class='bp4-tab pl-12 pr-12 pb-2 font-bold text-xl lg:ml-60 mx-auto']"}
        (Session info: chrome=110.0.5481.100)
      For documentation on this error, please visit: https://selenium.dev/exceptions/#no_such_element
      Build info: version: '4.1.2', revision: '9a5a329c5a'
      System info: host: 'nsystem-mbp', ip: 'fe80:0:0:0:ce7:beec:a50b:8367%en0', os.name: 'Mac OS X', os.arch: 'x86_64', os.version: '10.16', java.version: '1.8.0_201'
      Driver info: org.openqa.selenium.chrome.ChromeDriver
      Command: [46888763d3b9921f889f7622b102eb5c, findElement {using=xpath, value=//div[@class='bp4-tab pl-12 pr-12 pb-2 font-bold text-xl lg:ml-60 mx-auto']}]
      Capabilities {acceptInsecureCerts: false, browserName: chrome, browserVersion: 110.0.5481.100, chrome: {chromedriverVersion: 110.0.5481.77 (65ed616c6e8e..., userDataDir: /var/folders/00/xzw63_pj58g...}, goog:chromeOptions: {debuggerAddress: localhost:51635}, javascriptEnabled: true, networkConnectionEnabled: false, pageLoadStrategy: normal, platform: MAC, platformName: MAC, proxy: Proxy(), se:cdp: ws://localhost:51635/devtoo..., se:cdpVersion: 110.0.5481.100, setWindowRect: true, strictFileInteractability: false, timeouts: {implicit: 0, pageLoad: 300000, script: 30000}, unhandledPromptBehavior: dismiss and notify, webauthn:extension:credBlob: true, webauthn:extension:largeBlob: true, webauthn:virtualAuthenticators: true}
      Session ID: 46888763d3b9921f889f7622b102eb5c
      	at sun.reflect.GeneratedConstructorAccessor38.newInstance(Unknown Source)
      	at sun.reflect.DelegatingConstructorAccessorImpl.newInstance(DelegatingConstructorAccessorImpl.java:45)
      	at java.lang.reflect.Constructor.newInstance(Constructor.java:423)
      	at org.openqa.selenium.remote.codec.w3c.W3CHttpResponseCodec.createException(W3CHttpResponseCodec.java:200)
      	at org.openqa.selenium.remote.codec.w3c.W3CHttpResponseCodec.decode(W3CHttpResponseCodec.java:133)
      	at org.openqa.selenium.remote.codec.w3c.W3CHttpResponseCodec.decode(W3CHttpResponseCodec.java:53)
      	at org.openqa.selenium.remote.HttpCommandExecutor.execute(HttpCommandExecutor.java:184)
      	at org.openqa.selenium.remote.service.DriverCommandExecutor.invokeExecute(DriverCommandExecutor.java:167)
      	at org.openqa.selenium.remote.service.DriverCommandExecutor.execute(DriverCommandExecutor.java:142)
      	at org.openqa.selenium.remote.RemoteWebDriver.execute(RemoteWebDriver.java:558)
      	at org.openqa.selenium.remote.ElementLocation$ElementFinder$2.findElement(ElementLocation.java:162)
      	at org.openqa.selenium.remote.ElementLocation.findElement(ElementLocation.java:60)
      	at org.openqa.selenium.remote.RemoteWebDriver.findElement(RemoteWebDriver.java:382)
      	at org.openqa.selenium.remote.RemoteWebDriver.findElement(RemoteWebDriver.java:374)
      	at org.openqa.selenium.support.pagefactory.DefaultElementLocator.findElement(DefaultElementLocator.java:70)
      	at org.openqa.selenium.support.pagefactory.internal.LocatingElementHandler.invoke(LocatingElementHandler.java:39)
      	at com.sun.proxy.$Proxy21.click(Unknown Source)
      	at org.example.pageObject.UpdateTeacherPage.toEditProfile(UpdateTeacherPage.java:327)
      	at step_definitions.UpdateTeacherSteps.userMoveToEditProfile(UpdateTeacherSteps.java:1195)
      	at ✽.And User move to edit profile(features/UpdateTeacher.feature:11)
      &amp#27;[0m
]]></system-out>
  </testcase>
  <testcase name="When Teacher click &apos;Pengalaman&apos; field" classname="| Fullstack Web Developer : 2022 |" time="0">
    <skipped/>
  </testcase>
  <testcase name="Then Teacher input with Character and Special Character like &quot;Fullstack Web Developer : 2022&quot; in &apos;Gelar&apos; field" classname="| Fullstack Web Developer : 2022 |" time="0">
    <skipped/>
  </testcase>
  <testcase name="Given User open the website GuruMu" classname="Scenario: Verify &apos;Lokasi Asal&apos; field is enabled" time="0">
    <system-out><![CDATA[
  @TestUpdateTeacher @Test
  Scenario Outline: Input Field with Character and Special Character in 'Pengalaman' field                         &amp#27;[90m# features/UpdateTeacher.feature:272&amp#27;[0m
    &amp#27;[36mGiven &amp#27;[0m&amp#27;[36mTeacher already on Edit Profile page&amp#27;[0m                                                                     &amp#27;[90m# UpdateTeacherSteps.teacherAlreadyOnEditProfilePage()&amp#27;[0m
    &amp#27;[36mWhen &amp#27;[0m&amp#27;[36mTeacher click 'Pengalaman' field&amp#27;[0m                                                                          &amp#27;[90m# UpdateTeacherSteps.teacherClickPengalamanField()&amp#27;[0m
    &amp#27;[36mThen &amp#27;[0m&amp#27;[36mTeacher input with Character and Special Character like "&amp#27;[0m&amp#27;[36m&amp#27;[1mFullstack Web Developer : 2022&amp#27;[0m&amp#27;[36m" in 'Gelar' field&amp#27;[0m &amp#27;[90m# UpdateTeacherSteps.teacherInputWithCharacterAndSpecialCharacterLikeInGelarField(String)&amp#27;[0m
]]></system-out>
    <system-err><![CDATA[Starting ChromeDriver 110.0.5481.77 (65ed616c6e8ee3fe0ad64fe83796c020644d42af-refs/branch-heads/5481@{#839}) on port 52172
Only local connections are allowed.
Please see https://chromedriver.chromium.org/security-considerations for suggestions on keeping ChromeDriver safe.
ChromeDriver was started successfully.
[1676555381.154][WARNING]: virtual void DevToolsClientImpl::AddListener(DevToolsEventListener *) subscribing a listener to the already connected DevToolsClient. Connection notification will not arrive.
Feb 16, 2023 8:49:41 PM org.openqa.selenium.remote.ProtocolHandshake createSession
INFO: Detected dialect: W3C
Feb 16, 2023 8:49:41 PM org.openqa.selenium.devtools.CdpVersionFinder findNearestMatch
WARNING: Unable to find an exact match for CDP version 110, so returning the closest version found: a no-op implementation
Feb 16, 2023 8:49:41 PM org.openqa.selenium.devtools.CdpVersionFinder findNearestMatch
INFO: Unable to find CDP implementation matching 110.
Feb 16, 2023 8:49:41 PM org.openqa.selenium.chromium.ChromiumDriver lambda$new$3
WARNING: Unable to find version of CDP to use for . You may need to include a dependency on a specific version of the CDP using something similar to `org.seleniumhq.selenium:selenium-devtools-v86:4.1.2` where the version ("v86") matches the version of the chromium-based browser you're using and the version number of the artifact is the same as Selenium's.
]]></system-err>
  </testcase>
  <testcase name="When User click avatar navigation" classname="Scenario: Verify &apos;Lokasi Asal&apos; field is enabled" time="0"/>
  <testcase name="And User click menu Masuk" classname="Scenario: Verify &apos;Lokasi Asal&apos; field is enabled" time="0"/>
  <testcase name="And User input &quot;zulfeekei@gmail.com&quot; as email and input &quot;be123&quot; as password" classname="Scenario: Verify &apos;Lokasi Asal&apos; field is enabled" time="0"/>
  <testcase name="And User clicked masuk button" classname="Scenario: Verify &apos;Lokasi Asal&apos; field is enabled" time="0"/>
  <testcase name="When User move to Profile Page" classname="Scenario: Verify &apos;Lokasi Asal&apos; field is enabled" time="0.002"/>
  <testcase name="And User move to edit profile" classname="Scenario: Verify &apos;Lokasi Asal&apos; field is enabled" time="0.007">
    <error message="no such element: Unable to locate element: {&quot;method&quot;:&quot;xpath&quot;,&quot;selector&quot;:&quot;//div[@class=&apos;bp4-tab pl-12 pr-12 pb-2 font-bold text-xl lg:ml-60 mx-auto&apos;]&quot;}&#10;  (Session info: chrome=110.0.5481.100)&#10;For documentation on this error, please visit: https://selenium.dev/exceptions/#no_such_element&#10;Build info: version: &apos;4.1.2&apos;, revision: &apos;9a5a329c5a&apos;&#10;System info: host: &apos;nsystem-mbp&apos;, ip: &apos;fe80:0:0:0:ce7:beec:a50b:8367%en0&apos;, os.name: &apos;Mac OS X&apos;, os.arch: &apos;x86_64&apos;, os.version: &apos;10.16&apos;, java.version: &apos;1.8.0_201&apos;&#10;Driver info: org.openqa.selenium.chrome.ChromeDriver&#10;Command: [3d768f6b54679589d9e48a68bddc075e, findElement {using=xpath, value=//div[@class=&apos;bp4-tab pl-12 pr-12 pb-2 font-bold text-xl lg:ml-60 mx-auto&apos;]}]&#10;Capabilities {acceptInsecureCerts: false, browserName: chrome, browserVersion: 110.0.5481.100, chrome: {chromedriverVersion: 110.0.5481.77 (65ed616c6e8e..., userDataDir: /var/folders/00/xzw63_pj58g...}, goog:chromeOptions: {debuggerAddress: localhost:51660}, javascriptEnabled: true, networkConnectionEnabled: false, pageLoadStrategy: normal, platform: MAC, platformName: MAC, proxy: Proxy(), se:cdp: ws://localhost:51660/devtoo..., se:cdpVersion: 110.0.5481.100, setWindowRect: true, strictFileInteractability: false, timeouts: {implicit: 0, pageLoad: 300000, script: 30000}, unhandledPromptBehavior: dismiss and notify, webauthn:extension:credBlob: true, webauthn:extension:largeBlob: true, webauthn:virtualAuthenticators: true}&#10;Session ID: 3d768f6b54679589d9e48a68bddc075e" type="org.openqa.selenium.NoSuchElementException"><![CDATA[org.openqa.selenium.NoSuchElementException: 
no such element: Unable to locate element: {"method":"xpath","selector":"//div[@class='bp4-tab pl-12 pr-12 pb-2 font-bold text-xl lg:ml-60 mx-auto']"}
  (Session info: chrome=110.0.5481.100)
For documentation on this error, please visit: https://selenium.dev/exceptions/#no_such_element
Build info: version: '4.1.2', revision: '9a5a329c5a'
System info: host: 'nsystem-mbp', ip: 'fe80:0:0:0:ce7:beec:a50b:8367%en0', os.name: 'Mac OS X', os.arch: 'x86_64', os.version: '10.16', java.version: '1.8.0_201'
Driver info: org.openqa.selenium.chrome.ChromeDriver
Command: [3d768f6b54679589d9e48a68bddc075e, findElement {using=xpath, value=//div[@class='bp4-tab pl-12 pr-12 pb-2 font-bold text-xl lg:ml-60 mx-auto']}]
Capabilities {acceptInsecureCerts: false, browserName: chrome, browserVersion: 110.0.5481.100, chrome: {chromedriverVersion: 110.0.5481.77 (65ed616c6e8e..., userDataDir: /var/folders/00/xzw63_pj58g...}, goog:chromeOptions: {debuggerAddress: localhost:51660}, javascriptEnabled: true, networkConnectionEnabled: false, pageLoadStrategy: normal, platform: MAC, platformName: MAC, proxy: Proxy(), se:cdp: ws://localhost:51660/devtoo..., se:cdpVersion: 110.0.5481.100, setWindowRect: true, strictFileInteractability: false, timeouts: {implicit: 0, pageLoad: 300000, script: 30000}, unhandledPromptBehavior: dismiss and notify, webauthn:extension:credBlob: true, webauthn:extension:largeBlob: true, webauthn:virtualAuthenticators: true}
Session ID: 3d768f6b54679589d9e48a68bddc075e
]]></error>
  </testcase>
  <testcase name="" classname="Scenario: Verify &apos;Lokasi Asal&apos; field is enabled" time="0.008">
    <error message="no such element: Unable to locate element: {&quot;method&quot;:&quot;xpath&quot;,&quot;selector&quot;:&quot;//div[@class=&apos;bp4-tab pl-12 pr-12 pb-2 font-bold text-xl lg:ml-60 mx-auto&apos;]&quot;}&#10;  (Session info: chrome=110.0.5481.100)&#10;For documentation on this error, please visit: https://selenium.dev/exceptions/#no_such_element&#10;Build info: version: &apos;4.1.2&apos;, revision: &apos;9a5a329c5a&apos;&#10;System info: host: &apos;nsystem-mbp&apos;, ip: &apos;fe80:0:0:0:ce7:beec:a50b:8367%en0&apos;, os.name: &apos;Mac OS X&apos;, os.arch: &apos;x86_64&apos;, os.version: &apos;10.16&apos;, java.version: &apos;1.8.0_201&apos;&#10;Driver info: org.openqa.selenium.chrome.ChromeDriver&#10;Command: [3d768f6b54679589d9e48a68bddc075e, findElement {using=xpath, value=//div[@class=&apos;bp4-tab pl-12 pr-12 pb-2 font-bold text-xl lg:ml-60 mx-auto&apos;]}]&#10;Capabilities {acceptInsecureCerts: false, browserName: chrome, browserVersion: 110.0.5481.100, chrome: {chromedriverVersion: 110.0.5481.77 (65ed616c6e8e..., userDataDir: /var/folders/00/xzw63_pj58g...}, goog:chromeOptions: {debuggerAddress: localhost:51660}, javascriptEnabled: true, networkConnectionEnabled: false, pageLoadStrategy: normal, platform: MAC, platformName: MAC, proxy: Proxy(), se:cdp: ws://localhost:51660/devtoo..., se:cdpVersion: 110.0.5481.100, setWindowRect: true, strictFileInteractability: false, timeouts: {implicit: 0, pageLoad: 300000, script: 30000}, unhandledPromptBehavior: dismiss and notify, webauthn:extension:credBlob: true, webauthn:extension:largeBlob: true, webauthn:virtualAuthenticators: true}&#10;Session ID: 3d768f6b54679589d9e48a68bddc075e" type="org.openqa.selenium.NoSuchElementException"><![CDATA[org.openqa.selenium.NoSuchElementException: 
no such element: Unable to locate element: {"method":"xpath","selector":"//div[@class='bp4-tab pl-12 pr-12 pb-2 font-bold text-xl lg:ml-60 mx-auto']"}
  (Session info: chrome=110.0.5481.100)
For documentation on this error, please visit: https://selenium.dev/exceptions/#no_such_element
Build info: version: '4.1.2', revision: '9a5a329c5a'
System info: host: 'nsystem-mbp', ip: 'fe80:0:0:0:ce7:beec:a50b:8367%en0', os.name: 'Mac OS X', os.arch: 'x86_64', os.version: '10.16', java.version: '1.8.0_201'
Driver info: org.openqa.selenium.chrome.ChromeDriver
Command: [3d768f6b54679589d9e48a68bddc075e, findElement {using=xpath, value=//div[@class='bp4-tab pl-12 pr-12 pb-2 font-bold text-xl lg:ml-60 mx-auto']}]
Capabilities {acceptInsecureCerts: false, browserName: chrome, browserVersion: 110.0.5481.100, chrome: {chromedriverVersion: 110.0.5481.77 (65ed616c6e8e..., userDataDir: /var/folders/00/xzw63_pj58g...}, goog:chromeOptions: {debuggerAddress: localhost:51660}, javascriptEnabled: true, networkConnectionEnabled: false, pageLoadStrategy: normal, platform: MAC, platformName: MAC, proxy: Proxy(), se:cdp: ws://localhost:51660/devtoo..., se:cdpVersion: 110.0.5481.100, setWindowRect: true, strictFileInteractability: false, timeouts: {implicit: 0, pageLoad: 300000, script: 30000}, unhandledPromptBehavior: dismiss and notify, webauthn:extension:credBlob: true, webauthn:extension:largeBlob: true, webauthn:virtualAuthenticators: true}
Session ID: 3d768f6b54679589d9e48a68bddc075e
]]></error>
  </testcase>
  <testcase name="Given Teacher already on Edit Profile page" classname="Scenario: Verify &apos;Lokasi Asal&apos; field is enabled" time="0">
    <skipped/>
    <system-out><![CDATA[
  Background:                                                                   &amp#27;[90m# features/UpdateTeacher.feature:4&amp#27;[0m
    &amp#27;[32mGiven &amp#27;[0m&amp#27;[32mUser open the website GuruMu&amp#27;[0m                                          &amp#27;[90m# LoginSteps.userOpenTheWebsiteGuruMu()&amp#27;[0m
    &amp#27;[32mWhen &amp#27;[0m&amp#27;[32mUser click avatar navigation&amp#27;[0m                                           &amp#27;[90m# LoginSteps.userClickAvatarNavigation()&amp#27;[0m
    &amp#27;[32mAnd &amp#27;[0m&amp#27;[32mUser click menu Masuk&amp#27;[0m                                                   &amp#27;[90m# LoginSteps.userClickMenuMasuk()&amp#27;[0m
    &amp#27;[32mAnd &amp#27;[0m&amp#27;[32mUser input "&amp#27;[0m&amp#27;[32m&amp#27;[1mzulfeekei@gmail.com&amp#27;[0m&amp#27;[32m" as email and input "&amp#27;[0m&amp#27;[32m&amp#27;[1mbe123&amp#27;[0m&amp#27;[32m" as password&amp#27;[0m &amp#27;[90m# LoginSteps.inputCredential(String,String)&amp#27;[0m
    &amp#27;[32mAnd &amp#27;[0m&amp#27;[32mUser clicked masuk button&amp#27;[0m                                               &amp#27;[90m# LoginSteps.userClickMasukButton()&amp#27;[0m
    &amp#27;[32mWhen &amp#27;[0m&amp#27;[32mUser move to Profile Page&amp#27;[0m                                              &amp#27;[90m# PenilaianUlasanSteps.userMoveToProfilePage()&amp#27;[0m
    &amp#27;[31mAnd &amp#27;[0m&amp#27;[31mUser move to edit profile&amp#27;[0m                                               &amp#27;[90m# UpdateTeacherSteps.userMoveToEditProfile()&amp#27;[0m
      &amp#27;[31morg.openqa.selenium.NoSuchElementException: no such element: Unable to locate element: {"method":"xpath","selector":"//div[@class='bp4-tab pl-12 pr-12 pb-2 font-bold text-xl lg:ml-60 mx-auto']"}
        (Session info: chrome=110.0.5481.100)
      For documentation on this error, please visit: https://selenium.dev/exceptions/#no_such_element
      Build info: version: '4.1.2', revision: '9a5a329c5a'
      System info: host: 'nsystem-mbp', ip: 'fe80:0:0:0:ce7:beec:a50b:8367%en0', os.name: 'Mac OS X', os.arch: 'x86_64', os.version: '10.16', java.version: '1.8.0_201'
      Driver info: org.openqa.selenium.chrome.ChromeDriver
      Command: [3d768f6b54679589d9e48a68bddc075e, findElement {using=xpath, value=//div[@class='bp4-tab pl-12 pr-12 pb-2 font-bold text-xl lg:ml-60 mx-auto']}]
      Capabilities {acceptInsecureCerts: false, browserName: chrome, browserVersion: 110.0.5481.100, chrome: {chromedriverVersion: 110.0.5481.77 (65ed616c6e8e..., userDataDir: /var/folders/00/xzw63_pj58g...}, goog:chromeOptions: {debuggerAddress: localhost:51660}, javascriptEnabled: true, networkConnectionEnabled: false, pageLoadStrategy: normal, platform: MAC, platformName: MAC, proxy: Proxy(), se:cdp: ws://localhost:51660/devtoo..., se:cdpVersion: 110.0.5481.100, setWindowRect: true, strictFileInteractability: false, timeouts: {implicit: 0, pageLoad: 300000, script: 30000}, unhandledPromptBehavior: dismiss and notify, webauthn:extension:credBlob: true, webauthn:extension:largeBlob: true, webauthn:virtualAuthenticators: true}
      Session ID: 3d768f6b54679589d9e48a68bddc075e
      	at sun.reflect.GeneratedConstructorAccessor38.newInstance(Unknown Source)
      	at sun.reflect.DelegatingConstructorAccessorImpl.newInstance(DelegatingConstructorAccessorImpl.java:45)
      	at java.lang.reflect.Constructor.newInstance(Constructor.java:423)
      	at org.openqa.selenium.remote.codec.w3c.W3CHttpResponseCodec.createException(W3CHttpResponseCodec.java:200)
      	at org.openqa.selenium.remote.codec.w3c.W3CHttpResponseCodec.decode(W3CHttpResponseCodec.java:133)
      	at org.openqa.selenium.remote.codec.w3c.W3CHttpResponseCodec.decode(W3CHttpResponseCodec.java:53)
      	at org.openqa.selenium.remote.HttpCommandExecutor.execute(HttpCommandExecutor.java:184)
      	at org.openqa.selenium.remote.service.DriverCommandExecutor.invokeExecute(DriverCommandExecutor.java:167)
      	at org.openqa.selenium.remote.service.DriverCommandExecutor.execute(DriverCommandExecutor.java:142)
      	at org.openqa.selenium.remote.RemoteWebDriver.execute(RemoteWebDriver.java:558)
      	at org.openqa.selenium.remote.ElementLocation$ElementFinder$2.findElement(ElementLocation.java:162)
      	at org.openqa.selenium.remote.ElementLocation.findElement(ElementLocation.java:60)
      	at org.openqa.selenium.remote.RemoteWebDriver.findElement(RemoteWebDriver.java:382)
      	at org.openqa.selenium.remote.RemoteWebDriver.findElement(RemoteWebDriver.java:374)
      	at org.openqa.selenium.support.pagefactory.DefaultElementLocator.findElement(DefaultElementLocator.java:70)
      	at org.openqa.selenium.support.pagefactory.internal.LocatingElementHandler.invoke(LocatingElementHandler.java:39)
      	at com.sun.proxy.$Proxy21.click(Unknown Source)
      	at org.example.pageObject.UpdateTeacherPage.toEditProfile(UpdateTeacherPage.java:327)
      	at step_definitions.UpdateTeacherSteps.userMoveToEditProfile(UpdateTeacherSteps.java:1195)
      	at ✽.And User move to edit profile(features/UpdateTeacher.feature:11)
      &amp#27;[0m
]]></system-out>
  </testcase>
  <testcase name="When Teacher click &apos;Lokasi Asal&apos; field" classname="Scenario: Verify &apos;Lokasi Asal&apos; field is enabled" time="0">
    <skipped/>
  </testcase>
  <testcase name="Then &apos;Lokasi Asal&apos; field is enabled" classname="Scenario: Verify &apos;Lokasi Asal&apos; field is enabled" time="0">
    <skipped/>
  </testcase>
  <testcase name="And Show Dropdown list" classname="Scenario: Verify &apos;Lokasi Asal&apos; field is enabled" time="0">
    <skipped/>
  </testcase>
  <testcase name="Given User open the website GuruMu" classname="Scenario: Verify &apos;Lokasi Asal&apos; option is enabled" time="0">
    <system-out><![CDATA[
  Scenario: Verify 'Lokasi Asal' field is enabled &amp#27;[90m# features/UpdateTeacher.feature:274&amp#27;[0m
    &amp#27;[36mGiven &amp#27;[0m&amp#27;[36mTeacher already on Edit Profile page&amp#27;[0m    &amp#27;[90m# UpdateTeacherSteps.teacherAlreadyOnEditProfilePage()&amp#27;[0m
    &amp#27;[36mWhen &amp#27;[0m&amp#27;[36mTeacher click 'Lokasi Asal' field&amp#27;[0m        &amp#27;[90m# UpdateTeacherSteps.teacherClickLokasiAsalField()&amp#27;[0m
    &amp#27;[36mThen &amp#27;[0m&amp#27;[36m'Lokasi Asal' field is enabled&amp#27;[0m           &amp#27;[90m# UpdateTeacherSteps.lokasiAsalFieldIsEnabled()&amp#27;[0m
    &amp#27;[36mAnd &amp#27;[0m&amp#27;[36mShow Dropdown list&amp#27;[0m                        &amp#27;[90m# UpdateTeacherSteps.showDropdownList()&amp#27;[0m
]]></system-out>
    <system-err><![CDATA[Starting ChromeDriver 110.0.5481.77 (65ed616c6e8ee3fe0ad64fe83796c020644d42af-refs/branch-heads/5481@{#839}) on port 62058
Only local connections are allowed.
Please see https://chromedriver.chromium.org/security-considerations for suggestions on keeping ChromeDriver safe.
ChromeDriver was started successfully.
[1676555419.289][WARNING]: virtual void DevToolsClientImpl::AddListener(DevToolsEventListener *) subscribing a listener to the already connected DevToolsClient. Connection notification will not arrive.
Feb 16, 2023 8:50:19 PM org.openqa.selenium.remote.ProtocolHandshake createSession
INFO: Detected dialect: W3C
Feb 16, 2023 8:50:19 PM org.openqa.selenium.devtools.CdpVersionFinder findNearestMatch
WARNING: Unable to find an exact match for CDP version 110, so returning the closest version found: a no-op implementation
Feb 16, 2023 8:50:19 PM org.openqa.selenium.devtools.CdpVersionFinder findNearestMatch
INFO: Unable to find CDP implementation matching 110.
Feb 16, 2023 8:50:19 PM org.openqa.selenium.chromium.ChromiumDriver lambda$new$3
WARNING: Unable to find version of CDP to use for . You may need to include a dependency on a specific version of the CDP using something similar to `org.seleniumhq.selenium:selenium-devtools-v86:4.1.2` where the version ("v86") matches the version of the chromium-based browser you're using and the version number of the artifact is the same as Selenium's.
]]></system-err>
  </testcase>
  <testcase name="When User click avatar navigation" classname="Scenario: Verify &apos;Lokasi Asal&apos; option is enabled" time="0"/>
  <testcase name="And User click menu Masuk" classname="Scenario: Verify &apos;Lokasi Asal&apos; option is enabled" time="0"/>
  <testcase name="And User input &quot;zulfeekei@gmail.com&quot; as email and input &quot;be123&quot; as password" classname="Scenario: Verify &apos;Lokasi Asal&apos; option is enabled" time="0"/>
  <testcase name="And User clicked masuk button" classname="Scenario: Verify &apos;Lokasi Asal&apos; option is enabled" time="0"/>
  <testcase name="When User move to Profile Page" classname="Scenario: Verify &apos;Lokasi Asal&apos; option is enabled" time="0.004">
    <error message="no such element: Unable to locate element: {&quot;method&quot;:&quot;xpath&quot;,&quot;selector&quot;:&quot;//h2[@class=&apos;swal2-title&apos;]&quot;}&#10;  (Session info: chrome=110.0.5481.100)&#10;For documentation on this error, please visit: https://selenium.dev/exceptions/#no_such_element&#10;Build info: version: &apos;4.1.2&apos;, revision: &apos;9a5a329c5a&apos;&#10;System info: host: &apos;nsystem-mbp&apos;, ip: &apos;fe80:0:0:0:ce7:beec:a50b:8367%en0&apos;, os.name: &apos;Mac OS X&apos;, os.arch: &apos;x86_64&apos;, os.version: &apos;10.16&apos;, java.version: &apos;1.8.0_201&apos;&#10;Driver info: org.openqa.selenium.chrome.ChromeDriver&#10;Command: [514e1b9fe5272d4a0704ddfa2763ae66, findElement {using=xpath, value=//h2[@class=&apos;swal2-title&apos;]}]&#10;Capabilities {acceptInsecureCerts: false, browserName: chrome, browserVersion: 110.0.5481.100, chrome: {chromedriverVersion: 110.0.5481.77 (65ed616c6e8e..., userDataDir: /var/folders/00/xzw63_pj58g...}, goog:chromeOptions: {debuggerAddress: localhost:51683}, javascriptEnabled: true, networkConnectionEnabled: false, pageLoadStrategy: normal, platform: MAC, platformName: MAC, proxy: Proxy(), se:cdp: ws://localhost:51683/devtoo..., se:cdpVersion: 110.0.5481.100, setWindowRect: true, strictFileInteractability: false, timeouts: {implicit: 0, pageLoad: 300000, script: 30000}, unhandledPromptBehavior: dismiss and notify, webauthn:extension:credBlob: true, webauthn:extension:largeBlob: true, webauthn:virtualAuthenticators: true}&#10;Session ID: 514e1b9fe5272d4a0704ddfa2763ae66" type="org.openqa.selenium.NoSuchElementException"><![CDATA[org.openqa.selenium.NoSuchElementException: 
no such element: Unable to locate element: {"method":"xpath","selector":"//h2[@class='swal2-title']"}
  (Session info: chrome=110.0.5481.100)
For documentation on this error, please visit: https://selenium.dev/exceptions/#no_such_element
Build info: version: '4.1.2', revision: '9a5a329c5a'
System info: host: 'nsystem-mbp', ip: 'fe80:0:0:0:ce7:beec:a50b:8367%en0', os.name: 'Mac OS X', os.arch: 'x86_64', os.version: '10.16', java.version: '1.8.0_201'
Driver info: org.openqa.selenium.chrome.ChromeDriver
Command: [514e1b9fe5272d4a0704ddfa2763ae66, findElement {using=xpath, value=//h2[@class='swal2-title']}]
Capabilities {acceptInsecureCerts: false, browserName: chrome, browserVersion: 110.0.5481.100, chrome: {chromedriverVersion: 110.0.5481.77 (65ed616c6e8e..., userDataDir: /var/folders/00/xzw63_pj58g...}, goog:chromeOptions: {debuggerAddress: localhost:51683}, javascriptEnabled: true, networkConnectionEnabled: false, pageLoadStrategy: normal, platform: MAC, platformName: MAC, proxy: Proxy(), se:cdp: ws://localhost:51683/devtoo..., se:cdpVersion: 110.0.5481.100, setWindowRect: true, strictFileInteractability: false, timeouts: {implicit: 0, pageLoad: 300000, script: 30000}, unhandledPromptBehavior: dismiss and notify, webauthn:extension:credBlob: true, webauthn:extension:largeBlob: true, webauthn:virtualAuthenticators: true}
Session ID: 514e1b9fe5272d4a0704ddfa2763ae66
]]></error>
  </testcase>
  <testcase name="" classname="Scenario: Verify &apos;Lokasi Asal&apos; option is enabled" time="0.005">
    <error message="no such element: Unable to locate element: {&quot;method&quot;:&quot;xpath&quot;,&quot;selector&quot;:&quot;//h2[@class=&apos;swal2-title&apos;]&quot;}&#10;  (Session info: chrome=110.0.5481.100)&#10;For documentation on this error, please visit: https://selenium.dev/exceptions/#no_such_element&#10;Build info: version: &apos;4.1.2&apos;, revision: &apos;9a5a329c5a&apos;&#10;System info: host: &apos;nsystem-mbp&apos;, ip: &apos;fe80:0:0:0:ce7:beec:a50b:8367%en0&apos;, os.name: &apos;Mac OS X&apos;, os.arch: &apos;x86_64&apos;, os.version: &apos;10.16&apos;, java.version: &apos;1.8.0_201&apos;&#10;Driver info: org.openqa.selenium.chrome.ChromeDriver&#10;Command: [514e1b9fe5272d4a0704ddfa2763ae66, findElement {using=xpath, value=//h2[@class=&apos;swal2-title&apos;]}]&#10;Capabilities {acceptInsecureCerts: false, browserName: chrome, browserVersion: 110.0.5481.100, chrome: {chromedriverVersion: 110.0.5481.77 (65ed616c6e8e..., userDataDir: /var/folders/00/xzw63_pj58g...}, goog:chromeOptions: {debuggerAddress: localhost:51683}, javascriptEnabled: true, networkConnectionEnabled: false, pageLoadStrategy: normal, platform: MAC, platformName: MAC, proxy: Proxy(), se:cdp: ws://localhost:51683/devtoo..., se:cdpVersion: 110.0.5481.100, setWindowRect: true, strictFileInteractability: false, timeouts: {implicit: 0, pageLoad: 300000, script: 30000}, unhandledPromptBehavior: dismiss and notify, webauthn:extension:credBlob: true, webauthn:extension:largeBlob: true, webauthn:virtualAuthenticators: true}&#10;Session ID: 514e1b9fe5272d4a0704ddfa2763ae66" type="org.openqa.selenium.NoSuchElementException"><![CDATA[org.openqa.selenium.NoSuchElementException: 
no such element: Unable to locate element: {"method":"xpath","selector":"//h2[@class='swal2-title']"}
  (Session info: chrome=110.0.5481.100)
For documentation on this error, please visit: https://selenium.dev/exceptions/#no_such_element
Build info: version: '4.1.2', revision: '9a5a329c5a'
System info: host: 'nsystem-mbp', ip: 'fe80:0:0:0:ce7:beec:a50b:8367%en0', os.name: 'Mac OS X', os.arch: 'x86_64', os.version: '10.16', java.version: '1.8.0_201'
Driver info: org.openqa.selenium.chrome.ChromeDriver
Command: [514e1b9fe5272d4a0704ddfa2763ae66, findElement {using=xpath, value=//h2[@class='swal2-title']}]
Capabilities {acceptInsecureCerts: false, browserName: chrome, browserVersion: 110.0.5481.100, chrome: {chromedriverVersion: 110.0.5481.77 (65ed616c6e8e..., userDataDir: /var/folders/00/xzw63_pj58g...}, goog:chromeOptions: {debuggerAddress: localhost:51683}, javascriptEnabled: true, networkConnectionEnabled: false, pageLoadStrategy: normal, platform: MAC, platformName: MAC, proxy: Proxy(), se:cdp: ws://localhost:51683/devtoo..., se:cdpVersion: 110.0.5481.100, setWindowRect: true, strictFileInteractability: false, timeouts: {implicit: 0, pageLoad: 300000, script: 30000}, unhandledPromptBehavior: dismiss and notify, webauthn:extension:credBlob: true, webauthn:extension:largeBlob: true, webauthn:virtualAuthenticators: true}
Session ID: 514e1b9fe5272d4a0704ddfa2763ae66
]]></error>
  </testcase>
  <testcase name="And User move to edit profile" classname="Scenario: Verify &apos;Lokasi Asal&apos; option is enabled" time="0">
    <skipped/>
  </testcase>
  <testcase name="Given Teacher already on Edit Profile page" classname="Scenario: Verify &apos;Lokasi Asal&apos; option is enabled" time="0">
    <skipped/>
    <system-out><![CDATA[
  Background:                                                                   &amp#27;[90m# features/UpdateTeacher.feature:4&amp#27;[0m
    &amp#27;[32mGiven &amp#27;[0m&amp#27;[32mUser open the website GuruMu&amp#27;[0m                                          &amp#27;[90m# LoginSteps.userOpenTheWebsiteGuruMu()&amp#27;[0m
    &amp#27;[32mWhen &amp#27;[0m&amp#27;[32mUser click avatar navigation&amp#27;[0m                                           &amp#27;[90m# LoginSteps.userClickAvatarNavigation()&amp#27;[0m
    &amp#27;[32mAnd &amp#27;[0m&amp#27;[32mUser click menu Masuk&amp#27;[0m                                                   &amp#27;[90m# LoginSteps.userClickMenuMasuk()&amp#27;[0m
    &amp#27;[32mAnd &amp#27;[0m&amp#27;[32mUser input "&amp#27;[0m&amp#27;[32m&amp#27;[1mzulfeekei@gmail.com&amp#27;[0m&amp#27;[32m" as email and input "&amp#27;[0m&amp#27;[32m&amp#27;[1mbe123&amp#27;[0m&amp#27;[32m" as password&amp#27;[0m &amp#27;[90m# LoginSteps.inputCredential(String,String)&amp#27;[0m
    &amp#27;[32mAnd &amp#27;[0m&amp#27;[32mUser clicked masuk button&amp#27;[0m                                               &amp#27;[90m# LoginSteps.userClickMasukButton()&amp#27;[0m
    &amp#27;[31mWhen &amp#27;[0m&amp#27;[31mUser move to Profile Page&amp#27;[0m                                              &amp#27;[90m# PenilaianUlasanSteps.userMoveToProfilePage()&amp#27;[0m
      &amp#27;[31morg.openqa.selenium.NoSuchElementException: no such element: Unable to locate element: {"method":"xpath","selector":"//h2[@class='swal2-title']"}
        (Session info: chrome=110.0.5481.100)
      For documentation on this error, please visit: https://selenium.dev/exceptions/#no_such_element
      Build info: version: '4.1.2', revision: '9a5a329c5a'
      System info: host: 'nsystem-mbp', ip: 'fe80:0:0:0:ce7:beec:a50b:8367%en0', os.name: 'Mac OS X', os.arch: 'x86_64', os.version: '10.16', java.version: '1.8.0_201'
      Driver info: org.openqa.selenium.chrome.ChromeDriver
      Command: [514e1b9fe5272d4a0704ddfa2763ae66, findElement {using=xpath, value=//h2[@class='swal2-title']}]
      Capabilities {acceptInsecureCerts: false, browserName: chrome, browserVersion: 110.0.5481.100, chrome: {chromedriverVersion: 110.0.5481.77 (65ed616c6e8e..., userDataDir: /var/folders/00/xzw63_pj58g...}, goog:chromeOptions: {debuggerAddress: localhost:51683}, javascriptEnabled: true, networkConnectionEnabled: false, pageLoadStrategy: normal, platform: MAC, platformName: MAC, proxy: Proxy(), se:cdp: ws://localhost:51683/devtoo..., se:cdpVersion: 110.0.5481.100, setWindowRect: true, strictFileInteractability: false, timeouts: {implicit: 0, pageLoad: 300000, script: 30000}, unhandledPromptBehavior: dismiss and notify, webauthn:extension:credBlob: true, webauthn:extension:largeBlob: true, webauthn:virtualAuthenticators: true}
      Session ID: 514e1b9fe5272d4a0704ddfa2763ae66
      	at sun.reflect.GeneratedConstructorAccessor38.newInstance(Unknown Source)
      	at sun.reflect.DelegatingConstructorAccessorImpl.newInstance(DelegatingConstructorAccessorImpl.java:45)
      	at java.lang.reflect.Constructor.newInstance(Constructor.java:423)
      	at org.openqa.selenium.remote.codec.w3c.W3CHttpResponseCodec.createException(W3CHttpResponseCodec.java:200)
      	at org.openqa.selenium.remote.codec.w3c.W3CHttpResponseCodec.decode(W3CHttpResponseCodec.java:133)
      	at org.openqa.selenium.remote.codec.w3c.W3CHttpResponseCodec.decode(W3CHttpResponseCodec.java:53)
      	at org.openqa.selenium.remote.HttpCommandExecutor.execute(HttpCommandExecutor.java:184)
      	at org.openqa.selenium.remote.service.DriverCommandExecutor.invokeExecute(DriverCommandExecutor.java:167)
      	at org.openqa.selenium.remote.service.DriverCommandExecutor.execute(DriverCommandExecutor.java:142)
      	at org.openqa.selenium.remote.RemoteWebDriver.execute(RemoteWebDriver.java:558)
      	at org.openqa.selenium.remote.ElementLocation$ElementFinder$2.findElement(ElementLocation.java:162)
      	at org.openqa.selenium.remote.ElementLocation.findElement(ElementLocation.java:60)
      	at org.openqa.selenium.remote.RemoteWebDriver.findElement(RemoteWebDriver.java:382)
      	at org.openqa.selenium.remote.RemoteWebDriver.findElement(RemoteWebDriver.java:374)
      	at org.openqa.selenium.support.pagefactory.DefaultElementLocator.findElement(DefaultElementLocator.java:70)
      	at org.openqa.selenium.support.pagefactory.internal.LocatingElementHandler.invoke(LocatingElementHandler.java:39)
      	at com.sun.proxy.$Proxy21.isDisplayed(Unknown Source)
      	at org.example.pageObject.BerandaPage.successMessageIsDisplayed(BerandaPage.java:169)
      	at step_definitions.PenilaianUlasanSteps.userMoveToProfilePage(PenilaianUlasanSteps.java:163)
      	at ✽.When User move to Profile Page(features/UpdateTeacher.feature:10)
      &amp#27;[0m
    &amp#27;[36mAnd &amp#27;[0m&amp#27;[36mUser move to edit profile&amp#27;[0m                                               &amp#27;[90m# UpdateTeacherSteps.userMoveToEditProfile()&amp#27;[0m
]]></system-out>
  </testcase>
  <testcase name="When Teacher click &apos;Lokasi Asal&apos; field" classname="Scenario: Verify &apos;Lokasi Asal&apos; option is enabled" time="0">
    <skipped/>
  </testcase>
  <testcase name="Then &apos;Lokasi Asal&apos; field is enabled" classname="Scenario: Verify &apos;Lokasi Asal&apos; option is enabled" time="0">
    <skipped/>
  </testcase>
  <testcase name="And Show Dropdown list" classname="Scenario: Verify &apos;Lokasi Asal&apos; option is enabled" time="0">
    <skipped/>
  </testcase>
  <testcase name="Then Option from &apos;Lokasi Asal&apos; Can be Clicked" classname="Scenario: Verify &apos;Lokasi Asal&apos; option is enabled" time="0">
    <skipped/>
  </testcase>
  <testcase name="Given User open the website GuruMu" classname="Scenario: Verify &apos;Offline&apos; checkbox in Ketersediaan field is enabled" time="0">
    <system-out><![CDATA[
  Scenario: Verify 'Lokasi Asal' option is enabled &amp#27;[90m# features/UpdateTeacher.feature:280&amp#27;[0m
    &amp#27;[36mGiven &amp#27;[0m&amp#27;[36mTeacher already on Edit Profile page&amp#27;[0m     &amp#27;[90m# UpdateTeacherSteps.teacherAlreadyOnEditProfilePage()&amp#27;[0m
    &amp#27;[36mWhen &amp#27;[0m&amp#27;[36mTeacher click 'Lokasi Asal' field&amp#27;[0m         &amp#27;[90m# UpdateTeacherSteps.teacherClickLokasiAsalField()&amp#27;[0m
    &amp#27;[36mThen &amp#27;[0m&amp#27;[36m'Lokasi Asal' field is enabled&amp#27;[0m            &amp#27;[90m# UpdateTeacherSteps.lokasiAsalFieldIsEnabled()&amp#27;[0m
    &amp#27;[36mAnd &amp#27;[0m&amp#27;[36mShow Dropdown list&amp#27;[0m                         &amp#27;[90m# UpdateTeacherSteps.showDropdownList()&amp#27;[0m
    &amp#27;[36mThen &amp#27;[0m&amp#27;[36mOption from 'Lokasi Asal' Can be Clicked&amp#27;[0m  &amp#27;[90m# UpdateTeacherSteps.optionFromLokasiAsalCanBeClicked()&amp#27;[0m
]]></system-out>
    <system-err><![CDATA[Starting ChromeDriver 110.0.5481.77 (65ed616c6e8ee3fe0ad64fe83796c020644d42af-refs/branch-heads/5481@{#839}) on port 62593
Only local connections are allowed.
Please see https://chromedriver.chromium.org/security-considerations for suggestions on keeping ChromeDriver safe.
ChromeDriver was started successfully.
[1676555446.584][WARNING]: virtual void DevToolsClientImpl::AddListener(DevToolsEventListener *) subscribing a listener to the already connected DevToolsClient. Connection notification will not arrive.
Feb 16, 2023 8:50:46 PM org.openqa.selenium.remote.ProtocolHandshake createSession
INFO: Detected dialect: W3C
Feb 16, 2023 8:50:46 PM org.openqa.selenium.devtools.CdpVersionFinder findNearestMatch
WARNING: Unable to find an exact match for CDP version 110, so returning the closest version found: a no-op implementation
Feb 16, 2023 8:50:46 PM org.openqa.selenium.devtools.CdpVersionFinder findNearestMatch
INFO: Unable to find CDP implementation matching 110.
Feb 16, 2023 8:50:46 PM org.openqa.selenium.chromium.ChromiumDriver lambda$new$3
WARNING: Unable to find version of CDP to use for . You may need to include a dependency on a specific version of the CDP using something similar to `org.seleniumhq.selenium:selenium-devtools-v86:4.1.2` where the version ("v86") matches the version of the chromium-based browser you're using and the version number of the artifact is the same as Selenium's.
]]></system-err>
  </testcase>
  <testcase name="When User click avatar navigation" classname="Scenario: Verify &apos;Offline&apos; checkbox in Ketersediaan field is enabled" time="0"/>
  <testcase name="And User click menu Masuk" classname="Scenario: Verify &apos;Offline&apos; checkbox in Ketersediaan field is enabled" time="0"/>
  <testcase name="And User input &quot;zulfeekei@gmail.com&quot; as email and input &quot;be123&quot; as password" classname="Scenario: Verify &apos;Offline&apos; checkbox in Ketersediaan field is enabled" time="0"/>
  <testcase name="And User clicked masuk button" classname="Scenario: Verify &apos;Offline&apos; checkbox in Ketersediaan field is enabled" time="0"/>
  <testcase name="When User move to Profile Page" classname="Scenario: Verify &apos;Offline&apos; checkbox in Ketersediaan field is enabled" time="0"/>
  <testcase name="And User move to edit profile" classname="Scenario: Verify &apos;Offline&apos; checkbox in Ketersediaan field is enabled" time="0.012">
    <error message="no such element: Unable to locate element: {&quot;method&quot;:&quot;xpath&quot;,&quot;selector&quot;:&quot;//div[@class=&apos;bp4-tab pl-12 pr-12 pb-2 font-bold text-xl lg:ml-60 mx-auto&apos;]&quot;}&#10;  (Session info: chrome=110.0.5481.100)&#10;For documentation on this error, please visit: https://selenium.dev/exceptions/#no_such_element&#10;Build info: version: &apos;4.1.2&apos;, revision: &apos;9a5a329c5a&apos;&#10;System info: host: &apos;nsystem-mbp&apos;, ip: &apos;fe80:0:0:0:ce7:beec:a50b:8367%en0&apos;, os.name: &apos;Mac OS X&apos;, os.arch: &apos;x86_64&apos;, os.version: &apos;10.16&apos;, java.version: &apos;1.8.0_201&apos;&#10;Driver info: org.openqa.selenium.chrome.ChromeDriver&#10;Command: [fe97e4878db3b0fafbf148f0d62ac462, findElement {using=xpath, value=//div[@class=&apos;bp4-tab pl-12 pr-12 pb-2 font-bold text-xl lg:ml-60 mx-auto&apos;]}]&#10;Capabilities {acceptInsecureCerts: false, browserName: chrome, browserVersion: 110.0.5481.100, chrome: {chromedriverVersion: 110.0.5481.77 (65ed616c6e8e..., userDataDir: /var/folders/00/xzw63_pj58g...}, goog:chromeOptions: {debuggerAddress: localhost:51706}, javascriptEnabled: true, networkConnectionEnabled: false, pageLoadStrategy: normal, platform: MAC, platformName: MAC, proxy: Proxy(), se:cdp: ws://localhost:51706/devtoo..., se:cdpVersion: 110.0.5481.100, setWindowRect: true, strictFileInteractability: false, timeouts: {implicit: 0, pageLoad: 300000, script: 30000}, unhandledPromptBehavior: dismiss and notify, webauthn:extension:credBlob: true, webauthn:extension:largeBlob: true, webauthn:virtualAuthenticators: true}&#10;Session ID: fe97e4878db3b0fafbf148f0d62ac462" type="org.openqa.selenium.NoSuchElementException"><![CDATA[org.openqa.selenium.NoSuchElementException: 
no such element: Unable to locate element: {"method":"xpath","selector":"//div[@class='bp4-tab pl-12 pr-12 pb-2 font-bold text-xl lg:ml-60 mx-auto']"}
  (Session info: chrome=110.0.5481.100)
For documentation on this error, please visit: https://selenium.dev/exceptions/#no_such_element
Build info: version: '4.1.2', revision: '9a5a329c5a'
System info: host: 'nsystem-mbp', ip: 'fe80:0:0:0:ce7:beec:a50b:8367%en0', os.name: 'Mac OS X', os.arch: 'x86_64', os.version: '10.16', java.version: '1.8.0_201'
Driver info: org.openqa.selenium.chrome.ChromeDriver
Command: [fe97e4878db3b0fafbf148f0d62ac462, findElement {using=xpath, value=//div[@class='bp4-tab pl-12 pr-12 pb-2 font-bold text-xl lg:ml-60 mx-auto']}]
Capabilities {acceptInsecureCerts: false, browserName: chrome, browserVersion: 110.0.5481.100, chrome: {chromedriverVersion: 110.0.5481.77 (65ed616c6e8e..., userDataDir: /var/folders/00/xzw63_pj58g...}, goog:chromeOptions: {debuggerAddress: localhost:51706}, javascriptEnabled: true, networkConnectionEnabled: false, pageLoadStrategy: normal, platform: MAC, platformName: MAC, proxy: Proxy(), se:cdp: ws://localhost:51706/devtoo..., se:cdpVersion: 110.0.5481.100, setWindowRect: true, strictFileInteractability: false, timeouts: {implicit: 0, pageLoad: 300000, script: 30000}, unhandledPromptBehavior: dismiss and notify, webauthn:extension:credBlob: true, webauthn:extension:largeBlob: true, webauthn:virtualAuthenticators: true}
Session ID: fe97e4878db3b0fafbf148f0d62ac462
]]></error>
  </testcase>
  <testcase name="" classname="Scenario: Verify &apos;Offline&apos; checkbox in Ketersediaan field is enabled" time="0.012">
    <error message="no such element: Unable to locate element: {&quot;method&quot;:&quot;xpath&quot;,&quot;selector&quot;:&quot;//div[@class=&apos;bp4-tab pl-12 pr-12 pb-2 font-bold text-xl lg:ml-60 mx-auto&apos;]&quot;}&#10;  (Session info: chrome=110.0.5481.100)&#10;For documentation on this error, please visit: https://selenium.dev/exceptions/#no_such_element&#10;Build info: version: &apos;4.1.2&apos;, revision: &apos;9a5a329c5a&apos;&#10;System info: host: &apos;nsystem-mbp&apos;, ip: &apos;fe80:0:0:0:ce7:beec:a50b:8367%en0&apos;, os.name: &apos;Mac OS X&apos;, os.arch: &apos;x86_64&apos;, os.version: &apos;10.16&apos;, java.version: &apos;1.8.0_201&apos;&#10;Driver info: org.openqa.selenium.chrome.ChromeDriver&#10;Command: [fe97e4878db3b0fafbf148f0d62ac462, findElement {using=xpath, value=//div[@class=&apos;bp4-tab pl-12 pr-12 pb-2 font-bold text-xl lg:ml-60 mx-auto&apos;]}]&#10;Capabilities {acceptInsecureCerts: false, browserName: chrome, browserVersion: 110.0.5481.100, chrome: {chromedriverVersion: 110.0.5481.77 (65ed616c6e8e..., userDataDir: /var/folders/00/xzw63_pj58g...}, goog:chromeOptions: {debuggerAddress: localhost:51706}, javascriptEnabled: true, networkConnectionEnabled: false, pageLoadStrategy: normal, platform: MAC, platformName: MAC, proxy: Proxy(), se:cdp: ws://localhost:51706/devtoo..., se:cdpVersion: 110.0.5481.100, setWindowRect: true, strictFileInteractability: false, timeouts: {implicit: 0, pageLoad: 300000, script: 30000}, unhandledPromptBehavior: dismiss and notify, webauthn:extension:credBlob: true, webauthn:extension:largeBlob: true, webauthn:virtualAuthenticators: true}&#10;Session ID: fe97e4878db3b0fafbf148f0d62ac462" type="org.openqa.selenium.NoSuchElementException"><![CDATA[org.openqa.selenium.NoSuchElementException: 
no such element: Unable to locate element: {"method":"xpath","selector":"//div[@class='bp4-tab pl-12 pr-12 pb-2 font-bold text-xl lg:ml-60 mx-auto']"}
  (Session info: chrome=110.0.5481.100)
For documentation on this error, please visit: https://selenium.dev/exceptions/#no_such_element
Build info: version: '4.1.2', revision: '9a5a329c5a'
System info: host: 'nsystem-mbp', ip: 'fe80:0:0:0:ce7:beec:a50b:8367%en0', os.name: 'Mac OS X', os.arch: 'x86_64', os.version: '10.16', java.version: '1.8.0_201'
Driver info: org.openqa.selenium.chrome.ChromeDriver
Command: [fe97e4878db3b0fafbf148f0d62ac462, findElement {using=xpath, value=//div[@class='bp4-tab pl-12 pr-12 pb-2 font-bold text-xl lg:ml-60 mx-auto']}]
Capabilities {acceptInsecureCerts: false, browserName: chrome, browserVersion: 110.0.5481.100, chrome: {chromedriverVersion: 110.0.5481.77 (65ed616c6e8e..., userDataDir: /var/folders/00/xzw63_pj58g...}, goog:chromeOptions: {debuggerAddress: localhost:51706}, javascriptEnabled: true, networkConnectionEnabled: false, pageLoadStrategy: normal, platform: MAC, platformName: MAC, proxy: Proxy(), se:cdp: ws://localhost:51706/devtoo..., se:cdpVersion: 110.0.5481.100, setWindowRect: true, strictFileInteractability: false, timeouts: {implicit: 0, pageLoad: 300000, script: 30000}, unhandledPromptBehavior: dismiss and notify, webauthn:extension:credBlob: true, webauthn:extension:largeBlob: true, webauthn:virtualAuthenticators: true}
Session ID: fe97e4878db3b0fafbf148f0d62ac462
]]></error>
  </testcase>
  <testcase name="Given Teacher already on Edit Profile page" classname="Scenario: Verify &apos;Offline&apos; checkbox in Ketersediaan field is enabled" time="0">
    <skipped/>
    <system-out><![CDATA[
  Background:                                                                   &amp#27;[90m# features/UpdateTeacher.feature:4&amp#27;[0m
    &amp#27;[32mGiven &amp#27;[0m&amp#27;[32mUser open the website GuruMu&amp#27;[0m                                          &amp#27;[90m# LoginSteps.userOpenTheWebsiteGuruMu()&amp#27;[0m
    &amp#27;[32mWhen &amp#27;[0m&amp#27;[32mUser click avatar navigation&amp#27;[0m                                           &amp#27;[90m# LoginSteps.userClickAvatarNavigation()&amp#27;[0m
    &amp#27;[32mAnd &amp#27;[0m&amp#27;[32mUser click menu Masuk&amp#27;[0m                                                   &amp#27;[90m# LoginSteps.userClickMenuMasuk()&amp#27;[0m
    &amp#27;[32mAnd &amp#27;[0m&amp#27;[32mUser input "&amp#27;[0m&amp#27;[32m&amp#27;[1mzulfeekei@gmail.com&amp#27;[0m&amp#27;[32m" as email and input "&amp#27;[0m&amp#27;[32m&amp#27;[1mbe123&amp#27;[0m&amp#27;[32m" as password&amp#27;[0m &amp#27;[90m# LoginSteps.inputCredential(String,String)&amp#27;[0m
    &amp#27;[32mAnd &amp#27;[0m&amp#27;[32mUser clicked masuk button&amp#27;[0m                                               &amp#27;[90m# LoginSteps.userClickMasukButton()&amp#27;[0m
    &amp#27;[32mWhen &amp#27;[0m&amp#27;[32mUser move to Profile Page&amp#27;[0m                                              &amp#27;[90m# PenilaianUlasanSteps.userMoveToProfilePage()&amp#27;[0m
    &amp#27;[31mAnd &amp#27;[0m&amp#27;[31mUser move to edit profile&amp#27;[0m                                               &amp#27;[90m# UpdateTeacherSteps.userMoveToEditProfile()&amp#27;[0m
      &amp#27;[31morg.openqa.selenium.NoSuchElementException: no such element: Unable to locate element: {"method":"xpath","selector":"//div[@class='bp4-tab pl-12 pr-12 pb-2 font-bold text-xl lg:ml-60 mx-auto']"}
        (Session info: chrome=110.0.5481.100)
      For documentation on this error, please visit: https://selenium.dev/exceptions/#no_such_element
      Build info: version: '4.1.2', revision: '9a5a329c5a'
      System info: host: 'nsystem-mbp', ip: 'fe80:0:0:0:ce7:beec:a50b:8367%en0', os.name: 'Mac OS X', os.arch: 'x86_64', os.version: '10.16', java.version: '1.8.0_201'
      Driver info: org.openqa.selenium.chrome.ChromeDriver
      Command: [fe97e4878db3b0fafbf148f0d62ac462, findElement {using=xpath, value=//div[@class='bp4-tab pl-12 pr-12 pb-2 font-bold text-xl lg:ml-60 mx-auto']}]
      Capabilities {acceptInsecureCerts: false, browserName: chrome, browserVersion: 110.0.5481.100, chrome: {chromedriverVersion: 110.0.5481.77 (65ed616c6e8e..., userDataDir: /var/folders/00/xzw63_pj58g...}, goog:chromeOptions: {debuggerAddress: localhost:51706}, javascriptEnabled: true, networkConnectionEnabled: false, pageLoadStrategy: normal, platform: MAC, platformName: MAC, proxy: Proxy(), se:cdp: ws://localhost:51706/devtoo..., se:cdpVersion: 110.0.5481.100, setWindowRect: true, strictFileInteractability: false, timeouts: {implicit: 0, pageLoad: 300000, script: 30000}, unhandledPromptBehavior: dismiss and notify, webauthn:extension:credBlob: true, webauthn:extension:largeBlob: true, webauthn:virtualAuthenticators: true}
      Session ID: fe97e4878db3b0fafbf148f0d62ac462
      	at sun.reflect.GeneratedConstructorAccessor38.newInstance(Unknown Source)
      	at sun.reflect.DelegatingConstructorAccessorImpl.newInstance(DelegatingConstructorAccessorImpl.java:45)
      	at java.lang.reflect.Constructor.newInstance(Constructor.java:423)
      	at org.openqa.selenium.remote.codec.w3c.W3CHttpResponseCodec.createException(W3CHttpResponseCodec.java:200)
      	at org.openqa.selenium.remote.codec.w3c.W3CHttpResponseCodec.decode(W3CHttpResponseCodec.java:133)
      	at org.openqa.selenium.remote.codec.w3c.W3CHttpResponseCodec.decode(W3CHttpResponseCodec.java:53)
      	at org.openqa.selenium.remote.HttpCommandExecutor.execute(HttpCommandExecutor.java:184)
      	at org.openqa.selenium.remote.service.DriverCommandExecutor.invokeExecute(DriverCommandExecutor.java:167)
      	at org.openqa.selenium.remote.service.DriverCommandExecutor.execute(DriverCommandExecutor.java:142)
      	at org.openqa.selenium.remote.RemoteWebDriver.execute(RemoteWebDriver.java:558)
      	at org.openqa.selenium.remote.ElementLocation$ElementFinder$2.findElement(ElementLocation.java:162)
      	at org.openqa.selenium.remote.ElementLocation.findElement(ElementLocation.java:60)
      	at org.openqa.selenium.remote.RemoteWebDriver.findElement(RemoteWebDriver.java:382)
      	at org.openqa.selenium.remote.RemoteWebDriver.findElement(RemoteWebDriver.java:374)
      	at org.openqa.selenium.support.pagefactory.DefaultElementLocator.findElement(DefaultElementLocator.java:70)
      	at org.openqa.selenium.support.pagefactory.internal.LocatingElementHandler.invoke(LocatingElementHandler.java:39)
      	at com.sun.proxy.$Proxy21.click(Unknown Source)
      	at org.example.pageObject.UpdateTeacherPage.toEditProfile(UpdateTeacherPage.java:327)
      	at step_definitions.UpdateTeacherSteps.userMoveToEditProfile(UpdateTeacherSteps.java:1195)
      	at ✽.And User move to edit profile(features/UpdateTeacher.feature:11)
      &amp#27;[0m
]]></system-out>
  </testcase>
  <testcase name="When Teacher Click &apos;Offline&apos; Checkbox Ketersediaan field" classname="Scenario: Verify &apos;Offline&apos; checkbox in Ketersediaan field is enabled" time="0">
    <skipped/>
  </testcase>
  <testcase name="Then Offline Checkbox can be Clicked" classname="Scenario: Verify &apos;Offline&apos; checkbox in Ketersediaan field is enabled" time="0">
    <skipped/>
  </testcase>
  <testcase name="Given User open the website GuruMu" classname="Scenario: Verify &apos;Online&apos; checkbox in Ketersediaan field is enabled" time="0">
    <system-out><![CDATA[
  Scenario: Verify 'Offline' checkbox in Ketersediaan field is enabled &amp#27;[90m# features/UpdateTeacher.feature:287&amp#27;[0m
    &amp#27;[36mGiven &amp#27;[0m&amp#27;[36mTeacher already on Edit Profile page&amp#27;[0m                         &amp#27;[90m# UpdateTeacherSteps.teacherAlreadyOnEditProfilePage()&amp#27;[0m
    &amp#27;[36mWhen &amp#27;[0m&amp#27;[36mTeacher Click 'Offline' Checkbox Ketersediaan field&amp#27;[0m           &amp#27;[90m# UpdateTeacherSteps.teacherClickOfflineCheckboxKetersediaanField()&amp#27;[0m
    &amp#27;[36mThen &amp#27;[0m&amp#27;[36mOffline Checkbox can be Clicked&amp#27;[0m                               &amp#27;[90m# UpdateTeacherSteps.offlineCheckboxCanBeClicked()&amp#27;[0m
]]></system-out>
    <system-err><![CDATA[Starting ChromeDriver 110.0.5481.77 (65ed616c6e8ee3fe0ad64fe83796c020644d42af-refs/branch-heads/5481@{#839}) on port 50631
Only local connections are allowed.
Please see https://chromedriver.chromium.org/security-considerations for suggestions on keeping ChromeDriver safe.
ChromeDriver was started successfully.
[1676555489.054][WARNING]: virtual void DevToolsClientImpl::AddListener(DevToolsEventListener *) subscribing a listener to the already connected DevToolsClient. Connection notification will not arrive.
Feb 16, 2023 8:51:29 PM org.openqa.selenium.remote.ProtocolHandshake createSession
INFO: Detected dialect: W3C
Feb 16, 2023 8:51:29 PM org.openqa.selenium.devtools.CdpVersionFinder findNearestMatch
WARNING: Unable to find an exact match for CDP version 110, so returning the closest version found: a no-op implementation
Feb 16, 2023 8:51:29 PM org.openqa.selenium.devtools.CdpVersionFinder findNearestMatch
INFO: Unable to find CDP implementation matching 110.
Feb 16, 2023 8:51:29 PM org.openqa.selenium.chromium.ChromiumDriver lambda$new$3
WARNING: Unable to find version of CDP to use for . You may need to include a dependency on a specific version of the CDP using something similar to `org.seleniumhq.selenium:selenium-devtools-v86:4.1.2` where the version ("v86") matches the version of the chromium-based browser you're using and the version number of the artifact is the same as Selenium's.
]]></system-err>
  </testcase>
  <testcase name="When User click avatar navigation" classname="Scenario: Verify &apos;Online&apos; checkbox in Ketersediaan field is enabled" time="0"/>
  <testcase name="And User click menu Masuk" classname="Scenario: Verify &apos;Online&apos; checkbox in Ketersediaan field is enabled" time="0"/>
  <testcase name="And User input &quot;zulfeekei@gmail.com&quot; as email and input &quot;be123&quot; as password" classname="Scenario: Verify &apos;Online&apos; checkbox in Ketersediaan field is enabled" time="0"/>
  <testcase name="And User clicked masuk button" classname="Scenario: Verify &apos;Online&apos; checkbox in Ketersediaan field is enabled" time="0"/>
  <testcase name="When User move to Profile Page" classname="Scenario: Verify &apos;Online&apos; checkbox in Ketersediaan field is enabled" time="0.002">
    <error message="no such element: Unable to locate element: {&quot;method&quot;:&quot;xpath&quot;,&quot;selector&quot;:&quot;//h2[@class=&apos;swal2-title&apos;]&quot;}&#10;  (Session info: chrome=110.0.5481.100)&#10;For documentation on this error, please visit: https://selenium.dev/exceptions/#no_such_element&#10;Build info: version: &apos;4.1.2&apos;, revision: &apos;9a5a329c5a&apos;&#10;System info: host: &apos;nsystem-mbp&apos;, ip: &apos;fe80:0:0:0:ce7:beec:a50b:8367%en0&apos;, os.name: &apos;Mac OS X&apos;, os.arch: &apos;x86_64&apos;, os.version: &apos;10.16&apos;, java.version: &apos;1.8.0_201&apos;&#10;Driver info: org.openqa.selenium.chrome.ChromeDriver&#10;Command: [32d3af770a5ff5d0ebb53c9c7ca653b9, findElement {using=xpath, value=//h2[@class=&apos;swal2-title&apos;]}]&#10;Capabilities {acceptInsecureCerts: false, browserName: chrome, browserVersion: 110.0.5481.100, chrome: {chromedriverVersion: 110.0.5481.77 (65ed616c6e8e..., userDataDir: /var/folders/00/xzw63_pj58g...}, goog:chromeOptions: {debuggerAddress: localhost:51734}, javascriptEnabled: true, networkConnectionEnabled: false, pageLoadStrategy: normal, platform: MAC, platformName: MAC, proxy: Proxy(), se:cdp: ws://localhost:51734/devtoo..., se:cdpVersion: 110.0.5481.100, setWindowRect: true, strictFileInteractability: false, timeouts: {implicit: 0, pageLoad: 300000, script: 30000}, unhandledPromptBehavior: dismiss and notify, webauthn:extension:credBlob: true, webauthn:extension:largeBlob: true, webauthn:virtualAuthenticators: true}&#10;Session ID: 32d3af770a5ff5d0ebb53c9c7ca653b9" type="org.openqa.selenium.NoSuchElementException"><![CDATA[org.openqa.selenium.NoSuchElementException: 
no such element: Unable to locate element: {"method":"xpath","selector":"//h2[@class='swal2-title']"}
  (Session info: chrome=110.0.5481.100)
For documentation on this error, please visit: https://selenium.dev/exceptions/#no_such_element
Build info: version: '4.1.2', revision: '9a5a329c5a'
System info: host: 'nsystem-mbp', ip: 'fe80:0:0:0:ce7:beec:a50b:8367%en0', os.name: 'Mac OS X', os.arch: 'x86_64', os.version: '10.16', java.version: '1.8.0_201'
Driver info: org.openqa.selenium.chrome.ChromeDriver
Command: [32d3af770a5ff5d0ebb53c9c7ca653b9, findElement {using=xpath, value=//h2[@class='swal2-title']}]
Capabilities {acceptInsecureCerts: false, browserName: chrome, browserVersion: 110.0.5481.100, chrome: {chromedriverVersion: 110.0.5481.77 (65ed616c6e8e..., userDataDir: /var/folders/00/xzw63_pj58g...}, goog:chromeOptions: {debuggerAddress: localhost:51734}, javascriptEnabled: true, networkConnectionEnabled: false, pageLoadStrategy: normal, platform: MAC, platformName: MAC, proxy: Proxy(), se:cdp: ws://localhost:51734/devtoo..., se:cdpVersion: 110.0.5481.100, setWindowRect: true, strictFileInteractability: false, timeouts: {implicit: 0, pageLoad: 300000, script: 30000}, unhandledPromptBehavior: dismiss and notify, webauthn:extension:credBlob: true, webauthn:extension:largeBlob: true, webauthn:virtualAuthenticators: true}
Session ID: 32d3af770a5ff5d0ebb53c9c7ca653b9
]]></error>
  </testcase>
  <testcase name="" classname="Scenario: Verify &apos;Online&apos; checkbox in Ketersediaan field is enabled" time="0.003">
    <error message="no such element: Unable to locate element: {&quot;method&quot;:&quot;xpath&quot;,&quot;selector&quot;:&quot;//h2[@class=&apos;swal2-title&apos;]&quot;}&#10;  (Session info: chrome=110.0.5481.100)&#10;For documentation on this error, please visit: https://selenium.dev/exceptions/#no_such_element&#10;Build info: version: &apos;4.1.2&apos;, revision: &apos;9a5a329c5a&apos;&#10;System info: host: &apos;nsystem-mbp&apos;, ip: &apos;fe80:0:0:0:ce7:beec:a50b:8367%en0&apos;, os.name: &apos;Mac OS X&apos;, os.arch: &apos;x86_64&apos;, os.version: &apos;10.16&apos;, java.version: &apos;1.8.0_201&apos;&#10;Driver info: org.openqa.selenium.chrome.ChromeDriver&#10;Command: [32d3af770a5ff5d0ebb53c9c7ca653b9, findElement {using=xpath, value=//h2[@class=&apos;swal2-title&apos;]}]&#10;Capabilities {acceptInsecureCerts: false, browserName: chrome, browserVersion: 110.0.5481.100, chrome: {chromedriverVersion: 110.0.5481.77 (65ed616c6e8e..., userDataDir: /var/folders/00/xzw63_pj58g...}, goog:chromeOptions: {debuggerAddress: localhost:51734}, javascriptEnabled: true, networkConnectionEnabled: false, pageLoadStrategy: normal, platform: MAC, platformName: MAC, proxy: Proxy(), se:cdp: ws://localhost:51734/devtoo..., se:cdpVersion: 110.0.5481.100, setWindowRect: true, strictFileInteractability: false, timeouts: {implicit: 0, pageLoad: 300000, script: 30000}, unhandledPromptBehavior: dismiss and notify, webauthn:extension:credBlob: true, webauthn:extension:largeBlob: true, webauthn:virtualAuthenticators: true}&#10;Session ID: 32d3af770a5ff5d0ebb53c9c7ca653b9" type="org.openqa.selenium.NoSuchElementException"><![CDATA[org.openqa.selenium.NoSuchElementException: 
no such element: Unable to locate element: {"method":"xpath","selector":"//h2[@class='swal2-title']"}
  (Session info: chrome=110.0.5481.100)
For documentation on this error, please visit: https://selenium.dev/exceptions/#no_such_element
Build info: version: '4.1.2', revision: '9a5a329c5a'
System info: host: 'nsystem-mbp', ip: 'fe80:0:0:0:ce7:beec:a50b:8367%en0', os.name: 'Mac OS X', os.arch: 'x86_64', os.version: '10.16', java.version: '1.8.0_201'
Driver info: org.openqa.selenium.chrome.ChromeDriver
Command: [32d3af770a5ff5d0ebb53c9c7ca653b9, findElement {using=xpath, value=//h2[@class='swal2-title']}]
Capabilities {acceptInsecureCerts: false, browserName: chrome, browserVersion: 110.0.5481.100, chrome: {chromedriverVersion: 110.0.5481.77 (65ed616c6e8e..., userDataDir: /var/folders/00/xzw63_pj58g...}, goog:chromeOptions: {debuggerAddress: localhost:51734}, javascriptEnabled: true, networkConnectionEnabled: false, pageLoadStrategy: normal, platform: MAC, platformName: MAC, proxy: Proxy(), se:cdp: ws://localhost:51734/devtoo..., se:cdpVersion: 110.0.5481.100, setWindowRect: true, strictFileInteractability: false, timeouts: {implicit: 0, pageLoad: 300000, script: 30000}, unhandledPromptBehavior: dismiss and notify, webauthn:extension:credBlob: true, webauthn:extension:largeBlob: true, webauthn:virtualAuthenticators: true}
Session ID: 32d3af770a5ff5d0ebb53c9c7ca653b9
]]></error>
  </testcase>
  <testcase name="And User move to edit profile" classname="Scenario: Verify &apos;Online&apos; checkbox in Ketersediaan field is enabled" time="0">
    <skipped/>
  </testcase>
  <testcase name="Given Teacher already on Edit Profile page" classname="Scenario: Verify &apos;Online&apos; checkbox in Ketersediaan field is enabled" time="0">
    <skipped/>
    <system-out><![CDATA[
  Background:                                                                   &amp#27;[90m# features/UpdateTeacher.feature:4&amp#27;[0m
    &amp#27;[32mGiven &amp#27;[0m&amp#27;[32mUser open the website GuruMu&amp#27;[0m                                          &amp#27;[90m# LoginSteps.userOpenTheWebsiteGuruMu()&amp#27;[0m
    &amp#27;[32mWhen &amp#27;[0m&amp#27;[32mUser click avatar navigation&amp#27;[0m                                           &amp#27;[90m# LoginSteps.userClickAvatarNavigation()&amp#27;[0m
    &amp#27;[32mAnd &amp#27;[0m&amp#27;[32mUser click menu Masuk&amp#27;[0m                                                   &amp#27;[90m# LoginSteps.userClickMenuMasuk()&amp#27;[0m
    &amp#27;[32mAnd &amp#27;[0m&amp#27;[32mUser input "&amp#27;[0m&amp#27;[32m&amp#27;[1mzulfeekei@gmail.com&amp#27;[0m&amp#27;[32m" as email and input "&amp#27;[0m&amp#27;[32m&amp#27;[1mbe123&amp#27;[0m&amp#27;[32m" as password&amp#27;[0m &amp#27;[90m# LoginSteps.inputCredential(String,String)&amp#27;[0m
    &amp#27;[32mAnd &amp#27;[0m&amp#27;[32mUser clicked masuk button&amp#27;[0m                                               &amp#27;[90m# LoginSteps.userClickMasukButton()&amp#27;[0m
    &amp#27;[31mWhen &amp#27;[0m&amp#27;[31mUser move to Profile Page&amp#27;[0m                                              &amp#27;[90m# PenilaianUlasanSteps.userMoveToProfilePage()&amp#27;[0m
      &amp#27;[31morg.openqa.selenium.NoSuchElementException: no such element: Unable to locate element: {"method":"xpath","selector":"//h2[@class='swal2-title']"}
        (Session info: chrome=110.0.5481.100)
      For documentation on this error, please visit: https://selenium.dev/exceptions/#no_such_element
      Build info: version: '4.1.2', revision: '9a5a329c5a'
      System info: host: 'nsystem-mbp', ip: 'fe80:0:0:0:ce7:beec:a50b:8367%en0', os.name: 'Mac OS X', os.arch: 'x86_64', os.version: '10.16', java.version: '1.8.0_201'
      Driver info: org.openqa.selenium.chrome.ChromeDriver
      Command: [32d3af770a5ff5d0ebb53c9c7ca653b9, findElement {using=xpath, value=//h2[@class='swal2-title']}]
      Capabilities {acceptInsecureCerts: false, browserName: chrome, browserVersion: 110.0.5481.100, chrome: {chromedriverVersion: 110.0.5481.77 (65ed616c6e8e..., userDataDir: /var/folders/00/xzw63_pj58g...}, goog:chromeOptions: {debuggerAddress: localhost:51734}, javascriptEnabled: true, networkConnectionEnabled: false, pageLoadStrategy: normal, platform: MAC, platformName: MAC, proxy: Proxy(), se:cdp: ws://localhost:51734/devtoo..., se:cdpVersion: 110.0.5481.100, setWindowRect: true, strictFileInteractability: false, timeouts: {implicit: 0, pageLoad: 300000, script: 30000}, unhandledPromptBehavior: dismiss and notify, webauthn:extension:credBlob: true, webauthn:extension:largeBlob: true, webauthn:virtualAuthenticators: true}
      Session ID: 32d3af770a5ff5d0ebb53c9c7ca653b9
      	at sun.reflect.GeneratedConstructorAccessor38.newInstance(Unknown Source)
      	at sun.reflect.DelegatingConstructorAccessorImpl.newInstance(DelegatingConstructorAccessorImpl.java:45)
      	at java.lang.reflect.Constructor.newInstance(Constructor.java:423)
      	at org.openqa.selenium.remote.codec.w3c.W3CHttpResponseCodec.createException(W3CHttpResponseCodec.java:200)
      	at org.openqa.selenium.remote.codec.w3c.W3CHttpResponseCodec.decode(W3CHttpResponseCodec.java:133)
      	at org.openqa.selenium.remote.codec.w3c.W3CHttpResponseCodec.decode(W3CHttpResponseCodec.java:53)
      	at org.openqa.selenium.remote.HttpCommandExecutor.execute(HttpCommandExecutor.java:184)
      	at org.openqa.selenium.remote.service.DriverCommandExecutor.invokeExecute(DriverCommandExecutor.java:167)
      	at org.openqa.selenium.remote.service.DriverCommandExecutor.execute(DriverCommandExecutor.java:142)
      	at org.openqa.selenium.remote.RemoteWebDriver.execute(RemoteWebDriver.java:558)
      	at org.openqa.selenium.remote.ElementLocation$ElementFinder$2.findElement(ElementLocation.java:162)
      	at org.openqa.selenium.remote.ElementLocation.findElement(ElementLocation.java:60)
      	at org.openqa.selenium.remote.RemoteWebDriver.findElement(RemoteWebDriver.java:382)
      	at org.openqa.selenium.remote.RemoteWebDriver.findElement(RemoteWebDriver.java:374)
      	at org.openqa.selenium.support.pagefactory.DefaultElementLocator.findElement(DefaultElementLocator.java:70)
      	at org.openqa.selenium.support.pagefactory.internal.LocatingElementHandler.invoke(LocatingElementHandler.java:39)
      	at com.sun.proxy.$Proxy21.isDisplayed(Unknown Source)
      	at org.example.pageObject.BerandaPage.successMessageIsDisplayed(BerandaPage.java:169)
      	at step_definitions.PenilaianUlasanSteps.userMoveToProfilePage(PenilaianUlasanSteps.java:163)
      	at ✽.When User move to Profile Page(features/UpdateTeacher.feature:10)
      &amp#27;[0m
    &amp#27;[36mAnd &amp#27;[0m&amp#27;[36mUser move to edit profile&amp#27;[0m                                               &amp#27;[90m# UpdateTeacherSteps.userMoveToEditProfile()&amp#27;[0m
]]></system-out>
  </testcase>
  <testcase name="When Teacher Click &apos;Online&apos; Checkbox Ketersediaan field" classname="Scenario: Verify &apos;Online&apos; checkbox in Ketersediaan field is enabled" time="0">
    <skipped/>
  </testcase>
  <testcase name="Then Offline Checkbox can be Clicked" classname="Scenario: Verify &apos;Online&apos; checkbox in Ketersediaan field is enabled" time="0">
    <skipped/>
  </testcase>
  <testcase name="Given User open the website GuruMu" classname="Scenario: Verify &apos;Handphone&apos; field is enabled" time="0">
    <system-out><![CDATA[
  Scenario: Verify 'Online' checkbox in Ketersediaan field is enabled &amp#27;[90m# features/UpdateTeacher.feature:292&amp#27;[0m
    &amp#27;[36mGiven &amp#27;[0m&amp#27;[36mTeacher already on Edit Profile page&amp#27;[0m                        &amp#27;[90m# UpdateTeacherSteps.teacherAlreadyOnEditProfilePage()&amp#27;[0m
    &amp#27;[36mWhen &amp#27;[0m&amp#27;[36mTeacher Click 'Online' Checkbox Ketersediaan field&amp#27;[0m           &amp#27;[90m# UpdateTeacherSteps.teacherClickOnlineCheckboxKetersediaanField()&amp#27;[0m
    &amp#27;[36mThen &amp#27;[0m&amp#27;[36mOffline Checkbox can be Clicked&amp#27;[0m                              &amp#27;[90m# UpdateTeacherSteps.offlineCheckboxCanBeClicked()&amp#27;[0m
]]></system-out>
    <system-err><![CDATA[Starting ChromeDriver 110.0.5481.77 (65ed616c6e8ee3fe0ad64fe83796c020644d42af-refs/branch-heads/5481@{#839}) on port 61411
Only local connections are allowed.
Please see https://chromedriver.chromium.org/security-considerations for suggestions on keeping ChromeDriver safe.
ChromeDriver was started successfully.
[1676555514.467][WARNING]: virtual void DevToolsClientImpl::AddListener(DevToolsEventListener *) subscribing a listener to the already connected DevToolsClient. Connection notification will not arrive.
Feb 16, 2023 8:51:54 PM org.openqa.selenium.remote.ProtocolHandshake createSession
INFO: Detected dialect: W3C
Feb 16, 2023 8:51:54 PM org.openqa.selenium.devtools.CdpVersionFinder findNearestMatch
WARNING: Unable to find an exact match for CDP version 110, so returning the closest version found: a no-op implementation
Feb 16, 2023 8:51:54 PM org.openqa.selenium.devtools.CdpVersionFinder findNearestMatch
INFO: Unable to find CDP implementation matching 110.
Feb 16, 2023 8:51:54 PM org.openqa.selenium.chromium.ChromiumDriver lambda$new$3
WARNING: Unable to find version of CDP to use for . You may need to include a dependency on a specific version of the CDP using something similar to `org.seleniumhq.selenium:selenium-devtools-v86:4.1.2` where the version ("v86") matches the version of the chromium-based browser you're using and the version number of the artifact is the same as Selenium's.
]]></system-err>
  </testcase>
  <testcase name="When User click avatar navigation" classname="Scenario: Verify &apos;Handphone&apos; field is enabled" time="0"/>
  <testcase name="And User click menu Masuk" classname="Scenario: Verify &apos;Handphone&apos; field is enabled" time="0"/>
  <testcase name="And User input &quot;zulfeekei@gmail.com&quot; as email and input &quot;be123&quot; as password" classname="Scenario: Verify &apos;Handphone&apos; field is enabled" time="0"/>
  <testcase name="And User clicked masuk button" classname="Scenario: Verify &apos;Handphone&apos; field is enabled" time="0"/>
  <testcase name="When User move to Profile Page" classname="Scenario: Verify &apos;Handphone&apos; field is enabled" time="0"/>
  <testcase name="And User move to edit profile" classname="Scenario: Verify &apos;Handphone&apos; field is enabled" time="0.007">
    <error message="no such element: Unable to locate element: {&quot;method&quot;:&quot;xpath&quot;,&quot;selector&quot;:&quot;//div[@class=&apos;bp4-tab pl-12 pr-12 pb-2 font-bold text-xl lg:ml-60 mx-auto&apos;]&quot;}&#10;  (Session info: chrome=110.0.5481.100)&#10;For documentation on this error, please visit: https://selenium.dev/exceptions/#no_such_element&#10;Build info: version: &apos;4.1.2&apos;, revision: &apos;9a5a329c5a&apos;&#10;System info: host: &apos;nsystem-mbp&apos;, ip: &apos;fe80:0:0:0:ce7:beec:a50b:8367%en0&apos;, os.name: &apos;Mac OS X&apos;, os.arch: &apos;x86_64&apos;, os.version: &apos;10.16&apos;, java.version: &apos;1.8.0_201&apos;&#10;Driver info: org.openqa.selenium.chrome.ChromeDriver&#10;Command: [3dffcabee71cdfa452e3441cb9516327, findElement {using=xpath, value=//div[@class=&apos;bp4-tab pl-12 pr-12 pb-2 font-bold text-xl lg:ml-60 mx-auto&apos;]}]&#10;Capabilities {acceptInsecureCerts: false, browserName: chrome, browserVersion: 110.0.5481.100, chrome: {chromedriverVersion: 110.0.5481.77 (65ed616c6e8e..., userDataDir: /var/folders/00/xzw63_pj58g...}, goog:chromeOptions: {debuggerAddress: localhost:51755}, javascriptEnabled: true, networkConnectionEnabled: false, pageLoadStrategy: normal, platform: MAC, platformName: MAC, proxy: Proxy(), se:cdp: ws://localhost:51755/devtoo..., se:cdpVersion: 110.0.5481.100, setWindowRect: true, strictFileInteractability: false, timeouts: {implicit: 0, pageLoad: 300000, script: 30000}, unhandledPromptBehavior: dismiss and notify, webauthn:extension:credBlob: true, webauthn:extension:largeBlob: true, webauthn:virtualAuthenticators: true}&#10;Session ID: 3dffcabee71cdfa452e3441cb9516327" type="org.openqa.selenium.NoSuchElementException"><![CDATA[org.openqa.selenium.NoSuchElementException: 
no such element: Unable to locate element: {"method":"xpath","selector":"//div[@class='bp4-tab pl-12 pr-12 pb-2 font-bold text-xl lg:ml-60 mx-auto']"}
  (Session info: chrome=110.0.5481.100)
For documentation on this error, please visit: https://selenium.dev/exceptions/#no_such_element
Build info: version: '4.1.2', revision: '9a5a329c5a'
System info: host: 'nsystem-mbp', ip: 'fe80:0:0:0:ce7:beec:a50b:8367%en0', os.name: 'Mac OS X', os.arch: 'x86_64', os.version: '10.16', java.version: '1.8.0_201'
Driver info: org.openqa.selenium.chrome.ChromeDriver
Command: [3dffcabee71cdfa452e3441cb9516327, findElement {using=xpath, value=//div[@class='bp4-tab pl-12 pr-12 pb-2 font-bold text-xl lg:ml-60 mx-auto']}]
Capabilities {acceptInsecureCerts: false, browserName: chrome, browserVersion: 110.0.5481.100, chrome: {chromedriverVersion: 110.0.5481.77 (65ed616c6e8e..., userDataDir: /var/folders/00/xzw63_pj58g...}, goog:chromeOptions: {debuggerAddress: localhost:51755}, javascriptEnabled: true, networkConnectionEnabled: false, pageLoadStrategy: normal, platform: MAC, platformName: MAC, proxy: Proxy(), se:cdp: ws://localhost:51755/devtoo..., se:cdpVersion: 110.0.5481.100, setWindowRect: true, strictFileInteractability: false, timeouts: {implicit: 0, pageLoad: 300000, script: 30000}, unhandledPromptBehavior: dismiss and notify, webauthn:extension:credBlob: true, webauthn:extension:largeBlob: true, webauthn:virtualAuthenticators: true}
Session ID: 3dffcabee71cdfa452e3441cb9516327
]]></error>
  </testcase>
  <testcase name="" classname="Scenario: Verify &apos;Handphone&apos; field is enabled" time="0.008">
    <error message="no such element: Unable to locate element: {&quot;method&quot;:&quot;xpath&quot;,&quot;selector&quot;:&quot;//div[@class=&apos;bp4-tab pl-12 pr-12 pb-2 font-bold text-xl lg:ml-60 mx-auto&apos;]&quot;}&#10;  (Session info: chrome=110.0.5481.100)&#10;For documentation on this error, please visit: https://selenium.dev/exceptions/#no_such_element&#10;Build info: version: &apos;4.1.2&apos;, revision: &apos;9a5a329c5a&apos;&#10;System info: host: &apos;nsystem-mbp&apos;, ip: &apos;fe80:0:0:0:ce7:beec:a50b:8367%en0&apos;, os.name: &apos;Mac OS X&apos;, os.arch: &apos;x86_64&apos;, os.version: &apos;10.16&apos;, java.version: &apos;1.8.0_201&apos;&#10;Driver info: org.openqa.selenium.chrome.ChromeDriver&#10;Command: [3dffcabee71cdfa452e3441cb9516327, findElement {using=xpath, value=//div[@class=&apos;bp4-tab pl-12 pr-12 pb-2 font-bold text-xl lg:ml-60 mx-auto&apos;]}]&#10;Capabilities {acceptInsecureCerts: false, browserName: chrome, browserVersion: 110.0.5481.100, chrome: {chromedriverVersion: 110.0.5481.77 (65ed616c6e8e..., userDataDir: /var/folders/00/xzw63_pj58g...}, goog:chromeOptions: {debuggerAddress: localhost:51755}, javascriptEnabled: true, networkConnectionEnabled: false, pageLoadStrategy: normal, platform: MAC, platformName: MAC, proxy: Proxy(), se:cdp: ws://localhost:51755/devtoo..., se:cdpVersion: 110.0.5481.100, setWindowRect: true, strictFileInteractability: false, timeouts: {implicit: 0, pageLoad: 300000, script: 30000}, unhandledPromptBehavior: dismiss and notify, webauthn:extension:credBlob: true, webauthn:extension:largeBlob: true, webauthn:virtualAuthenticators: true}&#10;Session ID: 3dffcabee71cdfa452e3441cb9516327" type="org.openqa.selenium.NoSuchElementException"><![CDATA[org.openqa.selenium.NoSuchElementException: 
no such element: Unable to locate element: {"method":"xpath","selector":"//div[@class='bp4-tab pl-12 pr-12 pb-2 font-bold text-xl lg:ml-60 mx-auto']"}
  (Session info: chrome=110.0.5481.100)
For documentation on this error, please visit: https://selenium.dev/exceptions/#no_such_element
Build info: version: '4.1.2', revision: '9a5a329c5a'
System info: host: 'nsystem-mbp', ip: 'fe80:0:0:0:ce7:beec:a50b:8367%en0', os.name: 'Mac OS X', os.arch: 'x86_64', os.version: '10.16', java.version: '1.8.0_201'
Driver info: org.openqa.selenium.chrome.ChromeDriver
Command: [3dffcabee71cdfa452e3441cb9516327, findElement {using=xpath, value=//div[@class='bp4-tab pl-12 pr-12 pb-2 font-bold text-xl lg:ml-60 mx-auto']}]
Capabilities {acceptInsecureCerts: false, browserName: chrome, browserVersion: 110.0.5481.100, chrome: {chromedriverVersion: 110.0.5481.77 (65ed616c6e8e..., userDataDir: /var/folders/00/xzw63_pj58g...}, goog:chromeOptions: {debuggerAddress: localhost:51755}, javascriptEnabled: true, networkConnectionEnabled: false, pageLoadStrategy: normal, platform: MAC, platformName: MAC, proxy: Proxy(), se:cdp: ws://localhost:51755/devtoo..., se:cdpVersion: 110.0.5481.100, setWindowRect: true, strictFileInteractability: false, timeouts: {implicit: 0, pageLoad: 300000, script: 30000}, unhandledPromptBehavior: dismiss and notify, webauthn:extension:credBlob: true, webauthn:extension:largeBlob: true, webauthn:virtualAuthenticators: true}
Session ID: 3dffcabee71cdfa452e3441cb9516327
]]></error>
  </testcase>
  <testcase name="Given Teacher already on Edit Profile page" classname="Scenario: Verify &apos;Handphone&apos; field is enabled" time="0">
    <skipped/>
    <system-out><![CDATA[
  Background:                                                                   &amp#27;[90m# features/UpdateTeacher.feature:4&amp#27;[0m
    &amp#27;[32mGiven &amp#27;[0m&amp#27;[32mUser open the website GuruMu&amp#27;[0m                                          &amp#27;[90m# LoginSteps.userOpenTheWebsiteGuruMu()&amp#27;[0m
    &amp#27;[32mWhen &amp#27;[0m&amp#27;[32mUser click avatar navigation&amp#27;[0m                                           &amp#27;[90m# LoginSteps.userClickAvatarNavigation()&amp#27;[0m
    &amp#27;[32mAnd &amp#27;[0m&amp#27;[32mUser click menu Masuk&amp#27;[0m                                                   &amp#27;[90m# LoginSteps.userClickMenuMasuk()&amp#27;[0m
    &amp#27;[32mAnd &amp#27;[0m&amp#27;[32mUser input "&amp#27;[0m&amp#27;[32m&amp#27;[1mzulfeekei@gmail.com&amp#27;[0m&amp#27;[32m" as email and input "&amp#27;[0m&amp#27;[32m&amp#27;[1mbe123&amp#27;[0m&amp#27;[32m" as password&amp#27;[0m &amp#27;[90m# LoginSteps.inputCredential(String,String)&amp#27;[0m
    &amp#27;[32mAnd &amp#27;[0m&amp#27;[32mUser clicked masuk button&amp#27;[0m                                               &amp#27;[90m# LoginSteps.userClickMasukButton()&amp#27;[0m
    &amp#27;[32mWhen &amp#27;[0m&amp#27;[32mUser move to Profile Page&amp#27;[0m                                              &amp#27;[90m# PenilaianUlasanSteps.userMoveToProfilePage()&amp#27;[0m
    &amp#27;[31mAnd &amp#27;[0m&amp#27;[31mUser move to edit profile&amp#27;[0m                                               &amp#27;[90m# UpdateTeacherSteps.userMoveToEditProfile()&amp#27;[0m
      &amp#27;[31morg.openqa.selenium.NoSuchElementException: no such element: Unable to locate element: {"method":"xpath","selector":"//div[@class='bp4-tab pl-12 pr-12 pb-2 font-bold text-xl lg:ml-60 mx-auto']"}
        (Session info: chrome=110.0.5481.100)
      For documentation on this error, please visit: https://selenium.dev/exceptions/#no_such_element
      Build info: version: '4.1.2', revision: '9a5a329c5a'
      System info: host: 'nsystem-mbp', ip: 'fe80:0:0:0:ce7:beec:a50b:8367%en0', os.name: 'Mac OS X', os.arch: 'x86_64', os.version: '10.16', java.version: '1.8.0_201'
      Driver info: org.openqa.selenium.chrome.ChromeDriver
      Command: [3dffcabee71cdfa452e3441cb9516327, findElement {using=xpath, value=//div[@class='bp4-tab pl-12 pr-12 pb-2 font-bold text-xl lg:ml-60 mx-auto']}]
      Capabilities {acceptInsecureCerts: false, browserName: chrome, browserVersion: 110.0.5481.100, chrome: {chromedriverVersion: 110.0.5481.77 (65ed616c6e8e..., userDataDir: /var/folders/00/xzw63_pj58g...}, goog:chromeOptions: {debuggerAddress: localhost:51755}, javascriptEnabled: true, networkConnectionEnabled: false, pageLoadStrategy: normal, platform: MAC, platformName: MAC, proxy: Proxy(), se:cdp: ws://localhost:51755/devtoo..., se:cdpVersion: 110.0.5481.100, setWindowRect: true, strictFileInteractability: false, timeouts: {implicit: 0, pageLoad: 300000, script: 30000}, unhandledPromptBehavior: dismiss and notify, webauthn:extension:credBlob: true, webauthn:extension:largeBlob: true, webauthn:virtualAuthenticators: true}
      Session ID: 3dffcabee71cdfa452e3441cb9516327
      	at sun.reflect.GeneratedConstructorAccessor38.newInstance(Unknown Source)
      	at sun.reflect.DelegatingConstructorAccessorImpl.newInstance(DelegatingConstructorAccessorImpl.java:45)
      	at java.lang.reflect.Constructor.newInstance(Constructor.java:423)
      	at org.openqa.selenium.remote.codec.w3c.W3CHttpResponseCodec.createException(W3CHttpResponseCodec.java:200)
      	at org.openqa.selenium.remote.codec.w3c.W3CHttpResponseCodec.decode(W3CHttpResponseCodec.java:133)
      	at org.openqa.selenium.remote.codec.w3c.W3CHttpResponseCodec.decode(W3CHttpResponseCodec.java:53)
      	at org.openqa.selenium.remote.HttpCommandExecutor.execute(HttpCommandExecutor.java:184)
      	at org.openqa.selenium.remote.service.DriverCommandExecutor.invokeExecute(DriverCommandExecutor.java:167)
      	at org.openqa.selenium.remote.service.DriverCommandExecutor.execute(DriverCommandExecutor.java:142)
      	at org.openqa.selenium.remote.RemoteWebDriver.execute(RemoteWebDriver.java:558)
      	at org.openqa.selenium.remote.ElementLocation$ElementFinder$2.findElement(ElementLocation.java:162)
      	at org.openqa.selenium.remote.ElementLocation.findElement(ElementLocation.java:60)
      	at org.openqa.selenium.remote.RemoteWebDriver.findElement(RemoteWebDriver.java:382)
      	at org.openqa.selenium.remote.RemoteWebDriver.findElement(RemoteWebDriver.java:374)
      	at org.openqa.selenium.support.pagefactory.DefaultElementLocator.findElement(DefaultElementLocator.java:70)
      	at org.openqa.selenium.support.pagefactory.internal.LocatingElementHandler.invoke(LocatingElementHandler.java:39)
      	at com.sun.proxy.$Proxy21.click(Unknown Source)
      	at org.example.pageObject.UpdateTeacherPage.toEditProfile(UpdateTeacherPage.java:327)
      	at step_definitions.UpdateTeacherSteps.userMoveToEditProfile(UpdateTeacherSteps.java:1195)
      	at ✽.And User move to edit profile(features/UpdateTeacher.feature:11)
      &amp#27;[0m
]]></system-out>
  </testcase>
  <testcase name="When Teacher click &apos;Handphone&apos; field" classname="Scenario: Verify &apos;Handphone&apos; field is enabled" time="0">
    <skipped/>
  </testcase>
  <testcase name="Then &apos;Handphone&apos; field is enabled" classname="Scenario: Verify &apos;Handphone&apos; field is enabled" time="0">
    <skipped/>
  </testcase>
  <testcase name="Given User open the website GuruMu" classname="Scenario: Verify &apos;Email&apos; field is enabled" time="0">
    <system-out><![CDATA[
  @TestUpdateTeacher @Test
  Scenario Outline: Input Field with Number and Special Character in 'Handphone' field &amp#27;[90m# features/UpdateTeacher.feature:348&amp#27;[0m
    &amp#27;[36mGiven &amp#27;[0m&amp#27;[36mTeacher already on Edit Profile page&amp#27;[0m                                         &amp#27;[90m# UpdateTeacherSteps.teacherAlreadyOnEditProfilePage()&amp#27;[0m
    &amp#27;[36mWhen &amp#27;[0m&amp#27;[36mTeacher click 'Handphone' field&amp#27;[0m                                               &amp#27;[90m# UpdateTeacherSteps.teacherClickHandphoneField()&amp#27;[0m
    &amp#27;[36mThen &amp#27;[0m&amp#27;[36mTeacher input with special character like "&amp#27;[0m&amp#27;[36m&amp#27;[1m089943$*%^*$&amp#27;[0m&amp#27;[36m" in 'Handphone' field&amp#27;[0m &amp#27;[90m# UpdateTeacherSteps.teacherInputWithSpecialCharacterLikeInHandphoneField(String)&amp#27;[0m
]]></system-out>
    <system-err><![CDATA[Starting ChromeDriver 110.0.5481.77 (65ed616c6e8ee3fe0ad64fe83796c020644d42af-refs/branch-heads/5481@{#839}) on port 53105
Only local connections are allowed.
Please see https://chromedriver.chromium.org/security-considerations for suggestions on keeping ChromeDriver safe.
ChromeDriver was started successfully.
[1676555726.176][WARNING]: virtual void DevToolsClientImpl::AddListener(DevToolsEventListener *) subscribing a listener to the already connected DevToolsClient. Connection notification will not arrive.
Feb 16, 2023 8:55:26 PM org.openqa.selenium.remote.ProtocolHandshake createSession
INFO: Detected dialect: W3C
Feb 16, 2023 8:55:26 PM org.openqa.selenium.devtools.CdpVersionFinder findNearestMatch
WARNING: Unable to find an exact match for CDP version 110, so returning the closest version found: a no-op implementation
Feb 16, 2023 8:55:26 PM org.openqa.selenium.devtools.CdpVersionFinder findNearestMatch
INFO: Unable to find CDP implementation matching 110.
Feb 16, 2023 8:55:26 PM org.openqa.selenium.chromium.ChromiumDriver lambda$new$3
WARNING: Unable to find version of CDP to use for . You may need to include a dependency on a specific version of the CDP using something similar to `org.seleniumhq.selenium:selenium-devtools-v86:4.1.2` where the version ("v86") matches the version of the chromium-based browser you're using and the version number of the artifact is the same as Selenium's.
]]></system-err>
  </testcase>
  <testcase name="When User click avatar navigation" classname="Scenario: Verify &apos;Email&apos; field is enabled" time="0"/>
  <testcase name="And User click menu Masuk" classname="Scenario: Verify &apos;Email&apos; field is enabled" time="0"/>
  <testcase name="And User input &quot;zulfeekei@gmail.com&quot; as email and input &quot;be123&quot; as password" classname="Scenario: Verify &apos;Email&apos; field is enabled" time="0"/>
  <testcase name="And User clicked masuk button" classname="Scenario: Verify &apos;Email&apos; field is enabled" time="0"/>
  <testcase name="When User move to Profile Page" classname="Scenario: Verify &apos;Email&apos; field is enabled" time="0"/>
  <testcase name="And User move to edit profile" classname="Scenario: Verify &apos;Email&apos; field is enabled" time="0.005">
    <error message="no such element: Unable to locate element: {&quot;method&quot;:&quot;xpath&quot;,&quot;selector&quot;:&quot;//div[@class=&apos;bp4-tab pl-12 pr-12 pb-2 font-bold text-xl lg:ml-60 mx-auto&apos;]&quot;}&#10;  (Session info: chrome=110.0.5481.100)&#10;For documentation on this error, please visit: https://selenium.dev/exceptions/#no_such_element&#10;Build info: version: &apos;4.1.2&apos;, revision: &apos;9a5a329c5a&apos;&#10;System info: host: &apos;nsystem-mbp&apos;, ip: &apos;fe80:0:0:0:ce7:beec:a50b:8367%en0&apos;, os.name: &apos;Mac OS X&apos;, os.arch: &apos;x86_64&apos;, os.version: &apos;10.16&apos;, java.version: &apos;1.8.0_201&apos;&#10;Driver info: org.openqa.selenium.chrome.ChromeDriver&#10;Command: [3303b9be951621a0d6d8774fb7e9a08e, findElement {using=xpath, value=//div[@class=&apos;bp4-tab pl-12 pr-12 pb-2 font-bold text-xl lg:ml-60 mx-auto&apos;]}]&#10;Capabilities {acceptInsecureCerts: false, browserName: chrome, browserVersion: 110.0.5481.100, chrome: {chromedriverVersion: 110.0.5481.77 (65ed616c6e8e..., userDataDir: /var/folders/00/xzw63_pj58g...}, goog:chromeOptions: {debuggerAddress: localhost:51928}, javascriptEnabled: true, networkConnectionEnabled: false, pageLoadStrategy: normal, platform: MAC, platformName: MAC, proxy: Proxy(), se:cdp: ws://localhost:51928/devtoo..., se:cdpVersion: 110.0.5481.100, setWindowRect: true, strictFileInteractability: false, timeouts: {implicit: 0, pageLoad: 300000, script: 30000}, unhandledPromptBehavior: dismiss and notify, webauthn:extension:credBlob: true, webauthn:extension:largeBlob: true, webauthn:virtualAuthenticators: true}&#10;Session ID: 3303b9be951621a0d6d8774fb7e9a08e" type="org.openqa.selenium.NoSuchElementException"><![CDATA[org.openqa.selenium.NoSuchElementException: 
no such element: Unable to locate element: {"method":"xpath","selector":"//div[@class='bp4-tab pl-12 pr-12 pb-2 font-bold text-xl lg:ml-60 mx-auto']"}
  (Session info: chrome=110.0.5481.100)
For documentation on this error, please visit: https://selenium.dev/exceptions/#no_such_element
Build info: version: '4.1.2', revision: '9a5a329c5a'
System info: host: 'nsystem-mbp', ip: 'fe80:0:0:0:ce7:beec:a50b:8367%en0', os.name: 'Mac OS X', os.arch: 'x86_64', os.version: '10.16', java.version: '1.8.0_201'
Driver info: org.openqa.selenium.chrome.ChromeDriver
Command: [3303b9be951621a0d6d8774fb7e9a08e, findElement {using=xpath, value=//div[@class='bp4-tab pl-12 pr-12 pb-2 font-bold text-xl lg:ml-60 mx-auto']}]
Capabilities {acceptInsecureCerts: false, browserName: chrome, browserVersion: 110.0.5481.100, chrome: {chromedriverVersion: 110.0.5481.77 (65ed616c6e8e..., userDataDir: /var/folders/00/xzw63_pj58g...}, goog:chromeOptions: {debuggerAddress: localhost:51928}, javascriptEnabled: true, networkConnectionEnabled: false, pageLoadStrategy: normal, platform: MAC, platformName: MAC, proxy: Proxy(), se:cdp: ws://localhost:51928/devtoo..., se:cdpVersion: 110.0.5481.100, setWindowRect: true, strictFileInteractability: false, timeouts: {implicit: 0, pageLoad: 300000, script: 30000}, unhandledPromptBehavior: dismiss and notify, webauthn:extension:credBlob: true, webauthn:extension:largeBlob: true, webauthn:virtualAuthenticators: true}
Session ID: 3303b9be951621a0d6d8774fb7e9a08e
]]></error>
  </testcase>
  <testcase name="" classname="Scenario: Verify &apos;Email&apos; field is enabled" time="0.005">
    <error message="no such element: Unable to locate element: {&quot;method&quot;:&quot;xpath&quot;,&quot;selector&quot;:&quot;//div[@class=&apos;bp4-tab pl-12 pr-12 pb-2 font-bold text-xl lg:ml-60 mx-auto&apos;]&quot;}&#10;  (Session info: chrome=110.0.5481.100)&#10;For documentation on this error, please visit: https://selenium.dev/exceptions/#no_such_element&#10;Build info: version: &apos;4.1.2&apos;, revision: &apos;9a5a329c5a&apos;&#10;System info: host: &apos;nsystem-mbp&apos;, ip: &apos;fe80:0:0:0:ce7:beec:a50b:8367%en0&apos;, os.name: &apos;Mac OS X&apos;, os.arch: &apos;x86_64&apos;, os.version: &apos;10.16&apos;, java.version: &apos;1.8.0_201&apos;&#10;Driver info: org.openqa.selenium.chrome.ChromeDriver&#10;Command: [3303b9be951621a0d6d8774fb7e9a08e, findElement {using=xpath, value=//div[@class=&apos;bp4-tab pl-12 pr-12 pb-2 font-bold text-xl lg:ml-60 mx-auto&apos;]}]&#10;Capabilities {acceptInsecureCerts: false, browserName: chrome, browserVersion: 110.0.5481.100, chrome: {chromedriverVersion: 110.0.5481.77 (65ed616c6e8e..., userDataDir: /var/folders/00/xzw63_pj58g...}, goog:chromeOptions: {debuggerAddress: localhost:51928}, javascriptEnabled: true, networkConnectionEnabled: false, pageLoadStrategy: normal, platform: MAC, platformName: MAC, proxy: Proxy(), se:cdp: ws://localhost:51928/devtoo..., se:cdpVersion: 110.0.5481.100, setWindowRect: true, strictFileInteractability: false, timeouts: {implicit: 0, pageLoad: 300000, script: 30000}, unhandledPromptBehavior: dismiss and notify, webauthn:extension:credBlob: true, webauthn:extension:largeBlob: true, webauthn:virtualAuthenticators: true}&#10;Session ID: 3303b9be951621a0d6d8774fb7e9a08e" type="org.openqa.selenium.NoSuchElementException"><![CDATA[org.openqa.selenium.NoSuchElementException: 
no such element: Unable to locate element: {"method":"xpath","selector":"//div[@class='bp4-tab pl-12 pr-12 pb-2 font-bold text-xl lg:ml-60 mx-auto']"}
  (Session info: chrome=110.0.5481.100)
For documentation on this error, please visit: https://selenium.dev/exceptions/#no_such_element
Build info: version: '4.1.2', revision: '9a5a329c5a'
System info: host: 'nsystem-mbp', ip: 'fe80:0:0:0:ce7:beec:a50b:8367%en0', os.name: 'Mac OS X', os.arch: 'x86_64', os.version: '10.16', java.version: '1.8.0_201'
Driver info: org.openqa.selenium.chrome.ChromeDriver
Command: [3303b9be951621a0d6d8774fb7e9a08e, findElement {using=xpath, value=//div[@class='bp4-tab pl-12 pr-12 pb-2 font-bold text-xl lg:ml-60 mx-auto']}]
Capabilities {acceptInsecureCerts: false, browserName: chrome, browserVersion: 110.0.5481.100, chrome: {chromedriverVersion: 110.0.5481.77 (65ed616c6e8e..., userDataDir: /var/folders/00/xzw63_pj58g...}, goog:chromeOptions: {debuggerAddress: localhost:51928}, javascriptEnabled: true, networkConnectionEnabled: false, pageLoadStrategy: normal, platform: MAC, platformName: MAC, proxy: Proxy(), se:cdp: ws://localhost:51928/devtoo..., se:cdpVersion: 110.0.5481.100, setWindowRect: true, strictFileInteractability: false, timeouts: {implicit: 0, pageLoad: 300000, script: 30000}, unhandledPromptBehavior: dismiss and notify, webauthn:extension:credBlob: true, webauthn:extension:largeBlob: true, webauthn:virtualAuthenticators: true}
Session ID: 3303b9be951621a0d6d8774fb7e9a08e
]]></error>
  </testcase>
  <testcase name="Given Teacher already on Edit Profile page" classname="Scenario: Verify &apos;Email&apos; field is enabled" time="0">
    <skipped/>
    <system-out><![CDATA[
  Background:                                                                   &amp#27;[90m# features/UpdateTeacher.feature:4&amp#27;[0m
    &amp#27;[32mGiven &amp#27;[0m&amp#27;[32mUser open the website GuruMu&amp#27;[0m                                          &amp#27;[90m# LoginSteps.userOpenTheWebsiteGuruMu()&amp#27;[0m
    &amp#27;[32mWhen &amp#27;[0m&amp#27;[32mUser click avatar navigation&amp#27;[0m                                           &amp#27;[90m# LoginSteps.userClickAvatarNavigation()&amp#27;[0m
    &amp#27;[32mAnd &amp#27;[0m&amp#27;[32mUser click menu Masuk&amp#27;[0m                                                   &amp#27;[90m# LoginSteps.userClickMenuMasuk()&amp#27;[0m
    &amp#27;[32mAnd &amp#27;[0m&amp#27;[32mUser input "&amp#27;[0m&amp#27;[32m&amp#27;[1mzulfeekei@gmail.com&amp#27;[0m&amp#27;[32m" as email and input "&amp#27;[0m&amp#27;[32m&amp#27;[1mbe123&amp#27;[0m&amp#27;[32m" as password&amp#27;[0m &amp#27;[90m# LoginSteps.inputCredential(String,String)&amp#27;[0m
    &amp#27;[32mAnd &amp#27;[0m&amp#27;[32mUser clicked masuk button&amp#27;[0m                                               &amp#27;[90m# LoginSteps.userClickMasukButton()&amp#27;[0m
    &amp#27;[32mWhen &amp#27;[0m&amp#27;[32mUser move to Profile Page&amp#27;[0m                                              &amp#27;[90m# PenilaianUlasanSteps.userMoveToProfilePage()&amp#27;[0m
    &amp#27;[31mAnd &amp#27;[0m&amp#27;[31mUser move to edit profile&amp#27;[0m                                               &amp#27;[90m# UpdateTeacherSteps.userMoveToEditProfile()&amp#27;[0m
      &amp#27;[31morg.openqa.selenium.NoSuchElementException: no such element: Unable to locate element: {"method":"xpath","selector":"//div[@class='bp4-tab pl-12 pr-12 pb-2 font-bold text-xl lg:ml-60 mx-auto']"}
        (Session info: chrome=110.0.5481.100)
      For documentation on this error, please visit: https://selenium.dev/exceptions/#no_such_element
      Build info: version: '4.1.2', revision: '9a5a329c5a'
      System info: host: 'nsystem-mbp', ip: 'fe80:0:0:0:ce7:beec:a50b:8367%en0', os.name: 'Mac OS X', os.arch: 'x86_64', os.version: '10.16', java.version: '1.8.0_201'
      Driver info: org.openqa.selenium.chrome.ChromeDriver
      Command: [3303b9be951621a0d6d8774fb7e9a08e, findElement {using=xpath, value=//div[@class='bp4-tab pl-12 pr-12 pb-2 font-bold text-xl lg:ml-60 mx-auto']}]
      Capabilities {acceptInsecureCerts: false, browserName: chrome, browserVersion: 110.0.5481.100, chrome: {chromedriverVersion: 110.0.5481.77 (65ed616c6e8e..., userDataDir: /var/folders/00/xzw63_pj58g...}, goog:chromeOptions: {debuggerAddress: localhost:51928}, javascriptEnabled: true, networkConnectionEnabled: false, pageLoadStrategy: normal, platform: MAC, platformName: MAC, proxy: Proxy(), se:cdp: ws://localhost:51928/devtoo..., se:cdpVersion: 110.0.5481.100, setWindowRect: true, strictFileInteractability: false, timeouts: {implicit: 0, pageLoad: 300000, script: 30000}, unhandledPromptBehavior: dismiss and notify, webauthn:extension:credBlob: true, webauthn:extension:largeBlob: true, webauthn:virtualAuthenticators: true}
      Session ID: 3303b9be951621a0d6d8774fb7e9a08e
      	at sun.reflect.GeneratedConstructorAccessor38.newInstance(Unknown Source)
      	at sun.reflect.DelegatingConstructorAccessorImpl.newInstance(DelegatingConstructorAccessorImpl.java:45)
      	at java.lang.reflect.Constructor.newInstance(Constructor.java:423)
      	at org.openqa.selenium.remote.codec.w3c.W3CHttpResponseCodec.createException(W3CHttpResponseCodec.java:200)
      	at org.openqa.selenium.remote.codec.w3c.W3CHttpResponseCodec.decode(W3CHttpResponseCodec.java:133)
      	at org.openqa.selenium.remote.codec.w3c.W3CHttpResponseCodec.decode(W3CHttpResponseCodec.java:53)
      	at org.openqa.selenium.remote.HttpCommandExecutor.execute(HttpCommandExecutor.java:184)
      	at org.openqa.selenium.remote.service.DriverCommandExecutor.invokeExecute(DriverCommandExecutor.java:167)
      	at org.openqa.selenium.remote.service.DriverCommandExecutor.execute(DriverCommandExecutor.java:142)
      	at org.openqa.selenium.remote.RemoteWebDriver.execute(RemoteWebDriver.java:558)
      	at org.openqa.selenium.remote.ElementLocation$ElementFinder$2.findElement(ElementLocation.java:162)
      	at org.openqa.selenium.remote.ElementLocation.findElement(ElementLocation.java:60)
      	at org.openqa.selenium.remote.RemoteWebDriver.findElement(RemoteWebDriver.java:382)
      	at org.openqa.selenium.remote.RemoteWebDriver.findElement(RemoteWebDriver.java:374)
      	at org.openqa.selenium.support.pagefactory.DefaultElementLocator.findElement(DefaultElementLocator.java:70)
      	at org.openqa.selenium.support.pagefactory.internal.LocatingElementHandler.invoke(LocatingElementHandler.java:39)
      	at com.sun.proxy.$Proxy21.click(Unknown Source)
      	at org.example.pageObject.UpdateTeacherPage.toEditProfile(UpdateTeacherPage.java:327)
      	at step_definitions.UpdateTeacherSteps.userMoveToEditProfile(UpdateTeacherSteps.java:1195)
      	at ✽.And User move to edit profile(features/UpdateTeacher.feature:11)
      &amp#27;[0m
]]></system-out>
  </testcase>
  <testcase name="When Teacher click &apos;Email&apos; field" classname="Scenario: Verify &apos;Email&apos; field is enabled" time="0">
    <skipped/>
  </testcase>
  <testcase name="Then &apos;Email&apos; field is enabled" classname="Scenario: Verify &apos;Email&apos; field is enabled" time="0">
    <skipped/>
  </testcase>
  <testcase name="Given User open the website GuruMu" classname="Scenario: Verify &apos;LinkedIn&apos; field is enabled" time="0">
    <system-out><![CDATA[
  @TestUpdateTeacher @Test
  Scenario Outline: Input Field with Special Character in 'Email' field                        &amp#27;[90m# features/UpdateTeacher.feature:393&amp#27;[0m
    &amp#27;[36mGiven &amp#27;[0m&amp#27;[36mTeacher already on Edit Profile page&amp#27;[0m                                                 &amp#27;[90m# UpdateTeacherSteps.teacherAlreadyOnEditProfilePage()&amp#27;[0m
    &amp#27;[36mWhen &amp#27;[0m&amp#27;[36mTeacher click 'Email' field&amp#27;[0m                                                           &amp#27;[90m# UpdateTeacherSteps.teacherClickEmailField()&amp#27;[0m
    &amp#27;[36mThen &amp#27;[0m&amp#27;[36mTeacher input with special character like "&amp#27;[0m&amp#27;[36m&amp#27;[1m#$^$%&^%*&^*^&*$#$#@%$%^&amp#27;[0m&amp#27;[36m" in 'Email' field&amp#27;[0m &amp#27;[90m# UpdateTeacherSteps.teacherInputWithSpecialCharacterLikeInEmailField(String)&amp#27;[0m
]]></system-out>
    <system-err><![CDATA[Starting ChromeDriver 110.0.5481.77 (65ed616c6e8ee3fe0ad64fe83796c020644d42af-refs/branch-heads/5481@{#839}) on port 51285
Only local connections are allowed.
Please see https://chromedriver.chromium.org/security-considerations for suggestions on keeping ChromeDriver safe.
ChromeDriver was started successfully.
[1676555916.050][WARNING]: virtual void DevToolsClientImpl::AddListener(DevToolsEventListener *) subscribing a listener to the already connected DevToolsClient. Connection notification will not arrive.
Feb 16, 2023 8:58:36 PM org.openqa.selenium.remote.ProtocolHandshake createSession
INFO: Detected dialect: W3C
Feb 16, 2023 8:58:36 PM org.openqa.selenium.devtools.CdpVersionFinder findNearestMatch
WARNING: Unable to find an exact match for CDP version 110, so returning the closest version found: a no-op implementation
Feb 16, 2023 8:58:36 PM org.openqa.selenium.devtools.CdpVersionFinder findNearestMatch
INFO: Unable to find CDP implementation matching 110.
Feb 16, 2023 8:58:36 PM org.openqa.selenium.chromium.ChromiumDriver lambda$new$3
WARNING: Unable to find version of CDP to use for . You may need to include a dependency on a specific version of the CDP using something similar to `org.seleniumhq.selenium:selenium-devtools-v86:4.1.2` where the version ("v86") matches the version of the chromium-based browser you're using and the version number of the artifact is the same as Selenium's.
]]></system-err>
  </testcase>
  <testcase name="When User click avatar navigation" classname="Scenario: Verify &apos;LinkedIn&apos; field is enabled" time="0"/>
  <testcase name="And User click menu Masuk" classname="Scenario: Verify &apos;LinkedIn&apos; field is enabled" time="0"/>
  <testcase name="And User input &quot;zulfeekei@gmail.com&quot; as email and input &quot;be123&quot; as password" classname="Scenario: Verify &apos;LinkedIn&apos; field is enabled" time="0"/>
  <testcase name="And User clicked masuk button" classname="Scenario: Verify &apos;LinkedIn&apos; field is enabled" time="0"/>
  <testcase name="When User move to Profile Page" classname="Scenario: Verify &apos;LinkedIn&apos; field is enabled" time="0"/>
  <testcase name="And User move to edit profile" classname="Scenario: Verify &apos;LinkedIn&apos; field is enabled" time="0.003">
    <error message="no such element: Unable to locate element: {&quot;method&quot;:&quot;xpath&quot;,&quot;selector&quot;:&quot;//div[@class=&apos;bp4-tab pl-12 pr-12 pb-2 font-bold text-xl lg:ml-60 mx-auto&apos;]&quot;}&#10;  (Session info: chrome=110.0.5481.100)&#10;For documentation on this error, please visit: https://selenium.dev/exceptions/#no_such_element&#10;Build info: version: &apos;4.1.2&apos;, revision: &apos;9a5a329c5a&apos;&#10;System info: host: &apos;nsystem-mbp&apos;, ip: &apos;fe80:0:0:0:ce7:beec:a50b:8367%en0&apos;, os.name: &apos;Mac OS X&apos;, os.arch: &apos;x86_64&apos;, os.version: &apos;10.16&apos;, java.version: &apos;1.8.0_201&apos;&#10;Driver info: org.openqa.selenium.chrome.ChromeDriver&#10;Command: [19035852055354eaa2dbd3859a084855, findElement {using=xpath, value=//div[@class=&apos;bp4-tab pl-12 pr-12 pb-2 font-bold text-xl lg:ml-60 mx-auto&apos;]}]&#10;Capabilities {acceptInsecureCerts: false, browserName: chrome, browserVersion: 110.0.5481.100, chrome: {chromedriverVersion: 110.0.5481.77 (65ed616c6e8e..., userDataDir: /var/folders/00/xzw63_pj58g...}, goog:chromeOptions: {debuggerAddress: localhost:52075}, javascriptEnabled: true, networkConnectionEnabled: false, pageLoadStrategy: normal, platform: MAC, platformName: MAC, proxy: Proxy(), se:cdp: ws://localhost:52075/devtoo..., se:cdpVersion: 110.0.5481.100, setWindowRect: true, strictFileInteractability: false, timeouts: {implicit: 0, pageLoad: 300000, script: 30000}, unhandledPromptBehavior: dismiss and notify, webauthn:extension:credBlob: true, webauthn:extension:largeBlob: true, webauthn:virtualAuthenticators: true}&#10;Session ID: 19035852055354eaa2dbd3859a084855" type="org.openqa.selenium.NoSuchElementException"><![CDATA[org.openqa.selenium.NoSuchElementException: 
no such element: Unable to locate element: {"method":"xpath","selector":"//div[@class='bp4-tab pl-12 pr-12 pb-2 font-bold text-xl lg:ml-60 mx-auto']"}
  (Session info: chrome=110.0.5481.100)
For documentation on this error, please visit: https://selenium.dev/exceptions/#no_such_element
Build info: version: '4.1.2', revision: '9a5a329c5a'
System info: host: 'nsystem-mbp', ip: 'fe80:0:0:0:ce7:beec:a50b:8367%en0', os.name: 'Mac OS X', os.arch: 'x86_64', os.version: '10.16', java.version: '1.8.0_201'
Driver info: org.openqa.selenium.chrome.ChromeDriver
Command: [19035852055354eaa2dbd3859a084855, findElement {using=xpath, value=//div[@class='bp4-tab pl-12 pr-12 pb-2 font-bold text-xl lg:ml-60 mx-auto']}]
Capabilities {acceptInsecureCerts: false, browserName: chrome, browserVersion: 110.0.5481.100, chrome: {chromedriverVersion: 110.0.5481.77 (65ed616c6e8e..., userDataDir: /var/folders/00/xzw63_pj58g...}, goog:chromeOptions: {debuggerAddress: localhost:52075}, javascriptEnabled: true, networkConnectionEnabled: false, pageLoadStrategy: normal, platform: MAC, platformName: MAC, proxy: Proxy(), se:cdp: ws://localhost:52075/devtoo..., se:cdpVersion: 110.0.5481.100, setWindowRect: true, strictFileInteractability: false, timeouts: {implicit: 0, pageLoad: 300000, script: 30000}, unhandledPromptBehavior: dismiss and notify, webauthn:extension:credBlob: true, webauthn:extension:largeBlob: true, webauthn:virtualAuthenticators: true}
Session ID: 19035852055354eaa2dbd3859a084855
]]></error>
  </testcase>
  <testcase name="" classname="Scenario: Verify &apos;LinkedIn&apos; field is enabled" time="0.004">
    <error message="no such element: Unable to locate element: {&quot;method&quot;:&quot;xpath&quot;,&quot;selector&quot;:&quot;//div[@class=&apos;bp4-tab pl-12 pr-12 pb-2 font-bold text-xl lg:ml-60 mx-auto&apos;]&quot;}&#10;  (Session info: chrome=110.0.5481.100)&#10;For documentation on this error, please visit: https://selenium.dev/exceptions/#no_such_element&#10;Build info: version: &apos;4.1.2&apos;, revision: &apos;9a5a329c5a&apos;&#10;System info: host: &apos;nsystem-mbp&apos;, ip: &apos;fe80:0:0:0:ce7:beec:a50b:8367%en0&apos;, os.name: &apos;Mac OS X&apos;, os.arch: &apos;x86_64&apos;, os.version: &apos;10.16&apos;, java.version: &apos;1.8.0_201&apos;&#10;Driver info: org.openqa.selenium.chrome.ChromeDriver&#10;Command: [19035852055354eaa2dbd3859a084855, findElement {using=xpath, value=//div[@class=&apos;bp4-tab pl-12 pr-12 pb-2 font-bold text-xl lg:ml-60 mx-auto&apos;]}]&#10;Capabilities {acceptInsecureCerts: false, browserName: chrome, browserVersion: 110.0.5481.100, chrome: {chromedriverVersion: 110.0.5481.77 (65ed616c6e8e..., userDataDir: /var/folders/00/xzw63_pj58g...}, goog:chromeOptions: {debuggerAddress: localhost:52075}, javascriptEnabled: true, networkConnectionEnabled: false, pageLoadStrategy: normal, platform: MAC, platformName: MAC, proxy: Proxy(), se:cdp: ws://localhost:52075/devtoo..., se:cdpVersion: 110.0.5481.100, setWindowRect: true, strictFileInteractability: false, timeouts: {implicit: 0, pageLoad: 300000, script: 30000}, unhandledPromptBehavior: dismiss and notify, webauthn:extension:credBlob: true, webauthn:extension:largeBlob: true, webauthn:virtualAuthenticators: true}&#10;Session ID: 19035852055354eaa2dbd3859a084855" type="org.openqa.selenium.NoSuchElementException"><![CDATA[org.openqa.selenium.NoSuchElementException: 
no such element: Unable to locate element: {"method":"xpath","selector":"//div[@class='bp4-tab pl-12 pr-12 pb-2 font-bold text-xl lg:ml-60 mx-auto']"}
  (Session info: chrome=110.0.5481.100)
For documentation on this error, please visit: https://selenium.dev/exceptions/#no_such_element
Build info: version: '4.1.2', revision: '9a5a329c5a'
System info: host: 'nsystem-mbp', ip: 'fe80:0:0:0:ce7:beec:a50b:8367%en0', os.name: 'Mac OS X', os.arch: 'x86_64', os.version: '10.16', java.version: '1.8.0_201'
Driver info: org.openqa.selenium.chrome.ChromeDriver
Command: [19035852055354eaa2dbd3859a084855, findElement {using=xpath, value=//div[@class='bp4-tab pl-12 pr-12 pb-2 font-bold text-xl lg:ml-60 mx-auto']}]
Capabilities {acceptInsecureCerts: false, browserName: chrome, browserVersion: 110.0.5481.100, chrome: {chromedriverVersion: 110.0.5481.77 (65ed616c6e8e..., userDataDir: /var/folders/00/xzw63_pj58g...}, goog:chromeOptions: {debuggerAddress: localhost:52075}, javascriptEnabled: true, networkConnectionEnabled: false, pageLoadStrategy: normal, platform: MAC, platformName: MAC, proxy: Proxy(), se:cdp: ws://localhost:52075/devtoo..., se:cdpVersion: 110.0.5481.100, setWindowRect: true, strictFileInteractability: false, timeouts: {implicit: 0, pageLoad: 300000, script: 30000}, unhandledPromptBehavior: dismiss and notify, webauthn:extension:credBlob: true, webauthn:extension:largeBlob: true, webauthn:virtualAuthenticators: true}
Session ID: 19035852055354eaa2dbd3859a084855
]]></error>
  </testcase>
  <testcase name="Given Teacher already on Edit Profile page" classname="Scenario: Verify &apos;LinkedIn&apos; field is enabled" time="0">
    <skipped/>
    <system-out><![CDATA[
  Background:                                                                   &amp#27;[90m# features/UpdateTeacher.feature:4&amp#27;[0m
    &amp#27;[32mGiven &amp#27;[0m&amp#27;[32mUser open the website GuruMu&amp#27;[0m                                          &amp#27;[90m# LoginSteps.userOpenTheWebsiteGuruMu()&amp#27;[0m
    &amp#27;[32mWhen &amp#27;[0m&amp#27;[32mUser click avatar navigation&amp#27;[0m                                           &amp#27;[90m# LoginSteps.userClickAvatarNavigation()&amp#27;[0m
    &amp#27;[32mAnd &amp#27;[0m&amp#27;[32mUser click menu Masuk&amp#27;[0m                                                   &amp#27;[90m# LoginSteps.userClickMenuMasuk()&amp#27;[0m
    &amp#27;[32mAnd &amp#27;[0m&amp#27;[32mUser input "&amp#27;[0m&amp#27;[32m&amp#27;[1mzulfeekei@gmail.com&amp#27;[0m&amp#27;[32m" as email and input "&amp#27;[0m&amp#27;[32m&amp#27;[1mbe123&amp#27;[0m&amp#27;[32m" as password&amp#27;[0m &amp#27;[90m# LoginSteps.inputCredential(String,String)&amp#27;[0m
    &amp#27;[32mAnd &amp#27;[0m&amp#27;[32mUser clicked masuk button&amp#27;[0m                                               &amp#27;[90m# LoginSteps.userClickMasukButton()&amp#27;[0m
    &amp#27;[32mWhen &amp#27;[0m&amp#27;[32mUser move to Profile Page&amp#27;[0m                                              &amp#27;[90m# PenilaianUlasanSteps.userMoveToProfilePage()&amp#27;[0m
    &amp#27;[31mAnd &amp#27;[0m&amp#27;[31mUser move to edit profile&amp#27;[0m                                               &amp#27;[90m# UpdateTeacherSteps.userMoveToEditProfile()&amp#27;[0m
      &amp#27;[31morg.openqa.selenium.NoSuchElementException: no such element: Unable to locate element: {"method":"xpath","selector":"//div[@class='bp4-tab pl-12 pr-12 pb-2 font-bold text-xl lg:ml-60 mx-auto']"}
        (Session info: chrome=110.0.5481.100)
      For documentation on this error, please visit: https://selenium.dev/exceptions/#no_such_element
      Build info: version: '4.1.2', revision: '9a5a329c5a'
      System info: host: 'nsystem-mbp', ip: 'fe80:0:0:0:ce7:beec:a50b:8367%en0', os.name: 'Mac OS X', os.arch: 'x86_64', os.version: '10.16', java.version: '1.8.0_201'
      Driver info: org.openqa.selenium.chrome.ChromeDriver
      Command: [19035852055354eaa2dbd3859a084855, findElement {using=xpath, value=//div[@class='bp4-tab pl-12 pr-12 pb-2 font-bold text-xl lg:ml-60 mx-auto']}]
      Capabilities {acceptInsecureCerts: false, browserName: chrome, browserVersion: 110.0.5481.100, chrome: {chromedriverVersion: 110.0.5481.77 (65ed616c6e8e..., userDataDir: /var/folders/00/xzw63_pj58g...}, goog:chromeOptions: {debuggerAddress: localhost:52075}, javascriptEnabled: true, networkConnectionEnabled: false, pageLoadStrategy: normal, platform: MAC, platformName: MAC, proxy: Proxy(), se:cdp: ws://localhost:52075/devtoo..., se:cdpVersion: 110.0.5481.100, setWindowRect: true, strictFileInteractability: false, timeouts: {implicit: 0, pageLoad: 300000, script: 30000}, unhandledPromptBehavior: dismiss and notify, webauthn:extension:credBlob: true, webauthn:extension:largeBlob: true, webauthn:virtualAuthenticators: true}
      Session ID: 19035852055354eaa2dbd3859a084855
      	at sun.reflect.GeneratedConstructorAccessor38.newInstance(Unknown Source)
      	at sun.reflect.DelegatingConstructorAccessorImpl.newInstance(DelegatingConstructorAccessorImpl.java:45)
      	at java.lang.reflect.Constructor.newInstance(Constructor.java:423)
      	at org.openqa.selenium.remote.codec.w3c.W3CHttpResponseCodec.createException(W3CHttpResponseCodec.java:200)
      	at org.openqa.selenium.remote.codec.w3c.W3CHttpResponseCodec.decode(W3CHttpResponseCodec.java:133)
      	at org.openqa.selenium.remote.codec.w3c.W3CHttpResponseCodec.decode(W3CHttpResponseCodec.java:53)
      	at org.openqa.selenium.remote.HttpCommandExecutor.execute(HttpCommandExecutor.java:184)
      	at org.openqa.selenium.remote.service.DriverCommandExecutor.invokeExecute(DriverCommandExecutor.java:167)
      	at org.openqa.selenium.remote.service.DriverCommandExecutor.execute(DriverCommandExecutor.java:142)
      	at org.openqa.selenium.remote.RemoteWebDriver.execute(RemoteWebDriver.java:558)
      	at org.openqa.selenium.remote.ElementLocation$ElementFinder$2.findElement(ElementLocation.java:162)
      	at org.openqa.selenium.remote.ElementLocation.findElement(ElementLocation.java:60)
      	at org.openqa.selenium.remote.RemoteWebDriver.findElement(RemoteWebDriver.java:382)
      	at org.openqa.selenium.remote.RemoteWebDriver.findElement(RemoteWebDriver.java:374)
      	at org.openqa.selenium.support.pagefactory.DefaultElementLocator.findElement(DefaultElementLocator.java:70)
      	at org.openqa.selenium.support.pagefactory.internal.LocatingElementHandler.invoke(LocatingElementHandler.java:39)
      	at com.sun.proxy.$Proxy21.click(Unknown Source)
      	at org.example.pageObject.UpdateTeacherPage.toEditProfile(UpdateTeacherPage.java:327)
      	at step_definitions.UpdateTeacherSteps.userMoveToEditProfile(UpdateTeacherSteps.java:1195)
      	at ✽.And User move to edit profile(features/UpdateTeacher.feature:11)
      &amp#27;[0m
]]></system-out>
  </testcase>
  <testcase name="When Teacher click &apos;LinkedIn&apos; field" classname="Scenario: Verify &apos;LinkedIn&apos; field is enabled" time="0">
    <skipped/>
  </testcase>
  <testcase name="Then &apos;LinkedIn&apos; field is enabled" classname="Scenario: Verify &apos;LinkedIn&apos; field is enabled" time="0">
    <skipped/>
  </testcase>
  <testcase name="Given User open the website GuruMu" classname="| uyuyks |" time="0">
    <system-out><![CDATA[
  Scenario: Verify 'LinkedIn' field is enabled &amp#27;[90m# features/UpdateTeacher.feature:395&amp#27;[0m
    &amp#27;[36mGiven &amp#27;[0m&amp#27;[36mTeacher already on Edit Profile page&amp#27;[0m &amp#27;[90m# UpdateTeacherSteps.teacherAlreadyOnEditProfilePage()&amp#27;[0m
    &amp#27;[36mWhen &amp#27;[0m&amp#27;[36mTeacher click 'LinkedIn' field&amp#27;[0m        &amp#27;[90m# UpdateTeacherSteps.teacherClickLinkedInField()&amp#27;[0m
    &amp#27;[36mThen &amp#27;[0m&amp#27;[36m'LinkedIn' field is enabled&amp#27;[0m           &amp#27;[90m# UpdateTeacherSteps.linkedinFieldIsEnabled()&amp#27;[0m

  Scenario Outline: Input Field with Character in 'LinkedIn' field          &amp#27;[90m# features/UpdateTeacher.feature:400&amp#27;[0m
    &amp#27;[36mGiven &amp#27;[0m&amp#27;[36mTeacher already on Edit Profile page&amp#27;[0m
    &amp#27;[36mWhen &amp#27;[0m&amp#27;[36mTeacher click 'LinkedIn' field&amp#27;[0m
    &amp#27;[36mThen &amp#27;[0m&amp#27;[36mTeacher input with character like "<linkedin>" in 'LinkedIn' field&amp#27;[0m

    Examples: 
]]></system-out>
    <system-err><![CDATA[Starting ChromeDriver 110.0.5481.77 (65ed616c6e8ee3fe0ad64fe83796c020644d42af-refs/branch-heads/5481@{#839}) on port 60679
Only local connections are allowed.
Please see https://chromedriver.chromium.org/security-considerations for suggestions on keeping ChromeDriver safe.
ChromeDriver was started successfully.
[1676555948.114][WARNING]: virtual void DevToolsClientImpl::AddListener(DevToolsEventListener *) subscribing a listener to the already connected DevToolsClient. Connection notification will not arrive.
Feb 16, 2023 8:59:08 PM org.openqa.selenium.remote.ProtocolHandshake createSession
INFO: Detected dialect: W3C
Feb 16, 2023 8:59:08 PM org.openqa.selenium.devtools.CdpVersionFinder findNearestMatch
WARNING: Unable to find an exact match for CDP version 110, so returning the closest version found: a no-op implementation
Feb 16, 2023 8:59:08 PM org.openqa.selenium.devtools.CdpVersionFinder findNearestMatch
INFO: Unable to find CDP implementation matching 110.
Feb 16, 2023 8:59:08 PM org.openqa.selenium.chromium.ChromiumDriver lambda$new$3
WARNING: Unable to find version of CDP to use for . You may need to include a dependency on a specific version of the CDP using something similar to `org.seleniumhq.selenium:selenium-devtools-v86:4.1.2` where the version ("v86") matches the version of the chromium-based browser you're using and the version number of the artifact is the same as Selenium's.
]]></system-err>
  </testcase>
  <testcase name="When User click avatar navigation" classname="| uyuyks |" time="0.002"/>
  <testcase name="And User click menu Masuk" classname="| uyuyks |" time="0"/>
  <testcase name="And User input &quot;zulfeekei@gmail.com&quot; as email and input &quot;be123&quot; as password" classname="| uyuyks |" time="0"/>
  <testcase name="And User clicked masuk button" classname="| uyuyks |" time="0"/>
  <testcase name="When User move to Profile Page" classname="| uyuyks |" time="0.001"/>
  <testcase name="And User move to edit profile" classname="| uyuyks |" time="0.004">
    <error message="no such element: Unable to locate element: {&quot;method&quot;:&quot;xpath&quot;,&quot;selector&quot;:&quot;//div[@class=&apos;bp4-tab pl-12 pr-12 pb-2 font-bold text-xl lg:ml-60 mx-auto&apos;]&quot;}&#10;  (Session info: chrome=110.0.5481.100)&#10;For documentation on this error, please visit: https://selenium.dev/exceptions/#no_such_element&#10;Build info: version: &apos;4.1.2&apos;, revision: &apos;9a5a329c5a&apos;&#10;System info: host: &apos;nsystem-mbp&apos;, ip: &apos;fe80:0:0:0:ce7:beec:a50b:8367%en0&apos;, os.name: &apos;Mac OS X&apos;, os.arch: &apos;x86_64&apos;, os.version: &apos;10.16&apos;, java.version: &apos;1.8.0_201&apos;&#10;Driver info: org.openqa.selenium.chrome.ChromeDriver&#10;Command: [760337a98cb408d9c60807c0ddf18fc8, findElement {using=xpath, value=//div[@class=&apos;bp4-tab pl-12 pr-12 pb-2 font-bold text-xl lg:ml-60 mx-auto&apos;]}]&#10;Capabilities {acceptInsecureCerts: false, browserName: chrome, browserVersion: 110.0.5481.100, chrome: {chromedriverVersion: 110.0.5481.77 (65ed616c6e8e..., userDataDir: /var/folders/00/xzw63_pj58g...}, goog:chromeOptions: {debuggerAddress: localhost:52101}, javascriptEnabled: true, networkConnectionEnabled: false, pageLoadStrategy: normal, platform: MAC, platformName: MAC, proxy: Proxy(), se:cdp: ws://localhost:52101/devtoo..., se:cdpVersion: 110.0.5481.100, setWindowRect: true, strictFileInteractability: false, timeouts: {implicit: 0, pageLoad: 300000, script: 30000}, unhandledPromptBehavior: dismiss and notify, webauthn:extension:credBlob: true, webauthn:extension:largeBlob: true, webauthn:virtualAuthenticators: true}&#10;Session ID: 760337a98cb408d9c60807c0ddf18fc8" type="org.openqa.selenium.NoSuchElementException"><![CDATA[org.openqa.selenium.NoSuchElementException: 
no such element: Unable to locate element: {"method":"xpath","selector":"//div[@class='bp4-tab pl-12 pr-12 pb-2 font-bold text-xl lg:ml-60 mx-auto']"}
  (Session info: chrome=110.0.5481.100)
For documentation on this error, please visit: https://selenium.dev/exceptions/#no_such_element
Build info: version: '4.1.2', revision: '9a5a329c5a'
System info: host: 'nsystem-mbp', ip: 'fe80:0:0:0:ce7:beec:a50b:8367%en0', os.name: 'Mac OS X', os.arch: 'x86_64', os.version: '10.16', java.version: '1.8.0_201'
Driver info: org.openqa.selenium.chrome.ChromeDriver
Command: [760337a98cb408d9c60807c0ddf18fc8, findElement {using=xpath, value=//div[@class='bp4-tab pl-12 pr-12 pb-2 font-bold text-xl lg:ml-60 mx-auto']}]
Capabilities {acceptInsecureCerts: false, browserName: chrome, browserVersion: 110.0.5481.100, chrome: {chromedriverVersion: 110.0.5481.77 (65ed616c6e8e..., userDataDir: /var/folders/00/xzw63_pj58g...}, goog:chromeOptions: {debuggerAddress: localhost:52101}, javascriptEnabled: true, networkConnectionEnabled: false, pageLoadStrategy: normal, platform: MAC, platformName: MAC, proxy: Proxy(), se:cdp: ws://localhost:52101/devtoo..., se:cdpVersion: 110.0.5481.100, setWindowRect: true, strictFileInteractability: false, timeouts: {implicit: 0, pageLoad: 300000, script: 30000}, unhandledPromptBehavior: dismiss and notify, webauthn:extension:credBlob: true, webauthn:extension:largeBlob: true, webauthn:virtualAuthenticators: true}
Session ID: 760337a98cb408d9c60807c0ddf18fc8
]]></error>
  </testcase>
  <testcase name="" classname="| uyuyks |" time="0.005">
    <error message="no such element: Unable to locate element: {&quot;method&quot;:&quot;xpath&quot;,&quot;selector&quot;:&quot;//div[@class=&apos;bp4-tab pl-12 pr-12 pb-2 font-bold text-xl lg:ml-60 mx-auto&apos;]&quot;}&#10;  (Session info: chrome=110.0.5481.100)&#10;For documentation on this error, please visit: https://selenium.dev/exceptions/#no_such_element&#10;Build info: version: &apos;4.1.2&apos;, revision: &apos;9a5a329c5a&apos;&#10;System info: host: &apos;nsystem-mbp&apos;, ip: &apos;fe80:0:0:0:ce7:beec:a50b:8367%en0&apos;, os.name: &apos;Mac OS X&apos;, os.arch: &apos;x86_64&apos;, os.version: &apos;10.16&apos;, java.version: &apos;1.8.0_201&apos;&#10;Driver info: org.openqa.selenium.chrome.ChromeDriver&#10;Command: [760337a98cb408d9c60807c0ddf18fc8, findElement {using=xpath, value=//div[@class=&apos;bp4-tab pl-12 pr-12 pb-2 font-bold text-xl lg:ml-60 mx-auto&apos;]}]&#10;Capabilities {acceptInsecureCerts: false, browserName: chrome, browserVersion: 110.0.5481.100, chrome: {chromedriverVersion: 110.0.5481.77 (65ed616c6e8e..., userDataDir: /var/folders/00/xzw63_pj58g...}, goog:chromeOptions: {debuggerAddress: localhost:52101}, javascriptEnabled: true, networkConnectionEnabled: false, pageLoadStrategy: normal, platform: MAC, platformName: MAC, proxy: Proxy(), se:cdp: ws://localhost:52101/devtoo..., se:cdpVersion: 110.0.5481.100, setWindowRect: true, strictFileInteractability: false, timeouts: {implicit: 0, pageLoad: 300000, script: 30000}, unhandledPromptBehavior: dismiss and notify, webauthn:extension:credBlob: true, webauthn:extension:largeBlob: true, webauthn:virtualAuthenticators: true}&#10;Session ID: 760337a98cb408d9c60807c0ddf18fc8" type="org.openqa.selenium.NoSuchElementException"><![CDATA[org.openqa.selenium.NoSuchElementException: 
no such element: Unable to locate element: {"method":"xpath","selector":"//div[@class='bp4-tab pl-12 pr-12 pb-2 font-bold text-xl lg:ml-60 mx-auto']"}
  (Session info: chrome=110.0.5481.100)
For documentation on this error, please visit: https://selenium.dev/exceptions/#no_such_element
Build info: version: '4.1.2', revision: '9a5a329c5a'
System info: host: 'nsystem-mbp', ip: 'fe80:0:0:0:ce7:beec:a50b:8367%en0', os.name: 'Mac OS X', os.arch: 'x86_64', os.version: '10.16', java.version: '1.8.0_201'
Driver info: org.openqa.selenium.chrome.ChromeDriver
Command: [760337a98cb408d9c60807c0ddf18fc8, findElement {using=xpath, value=//div[@class='bp4-tab pl-12 pr-12 pb-2 font-bold text-xl lg:ml-60 mx-auto']}]
Capabilities {acceptInsecureCerts: false, browserName: chrome, browserVersion: 110.0.5481.100, chrome: {chromedriverVersion: 110.0.5481.77 (65ed616c6e8e..., userDataDir: /var/folders/00/xzw63_pj58g...}, goog:chromeOptions: {debuggerAddress: localhost:52101}, javascriptEnabled: true, networkConnectionEnabled: false, pageLoadStrategy: normal, platform: MAC, platformName: MAC, proxy: Proxy(), se:cdp: ws://localhost:52101/devtoo..., se:cdpVersion: 110.0.5481.100, setWindowRect: true, strictFileInteractability: false, timeouts: {implicit: 0, pageLoad: 300000, script: 30000}, unhandledPromptBehavior: dismiss and notify, webauthn:extension:credBlob: true, webauthn:extension:largeBlob: true, webauthn:virtualAuthenticators: true}
Session ID: 760337a98cb408d9c60807c0ddf18fc8
]]></error>
  </testcase>
  <testcase name="Given Teacher already on Edit Profile page" classname="| uyuyks |" time="0">
    <skipped/>
    <system-out><![CDATA[
  Background:                                                                   &amp#27;[90m# features/UpdateTeacher.feature:4&amp#27;[0m
    &amp#27;[32mGiven &amp#27;[0m&amp#27;[32mUser open the website GuruMu&amp#27;[0m                                          &amp#27;[90m# LoginSteps.userOpenTheWebsiteGuruMu()&amp#27;[0m
    &amp#27;[32mWhen &amp#27;[0m&amp#27;[32mUser click avatar navigation&amp#27;[0m                                           &amp#27;[90m# LoginSteps.userClickAvatarNavigation()&amp#27;[0m
    &amp#27;[32mAnd &amp#27;[0m&amp#27;[32mUser click menu Masuk&amp#27;[0m                                                   &amp#27;[90m# LoginSteps.userClickMenuMasuk()&amp#27;[0m
    &amp#27;[32mAnd &amp#27;[0m&amp#27;[32mUser input "&amp#27;[0m&amp#27;[32m&amp#27;[1mzulfeekei@gmail.com&amp#27;[0m&amp#27;[32m" as email and input "&amp#27;[0m&amp#27;[32m&amp#27;[1mbe123&amp#27;[0m&amp#27;[32m" as password&amp#27;[0m &amp#27;[90m# LoginSteps.inputCredential(String,String)&amp#27;[0m
    &amp#27;[32mAnd &amp#27;[0m&amp#27;[32mUser clicked masuk button&amp#27;[0m                                               &amp#27;[90m# LoginSteps.userClickMasukButton()&amp#27;[0m
    &amp#27;[32mWhen &amp#27;[0m&amp#27;[32mUser move to Profile Page&amp#27;[0m                                              &amp#27;[90m# PenilaianUlasanSteps.userMoveToProfilePage()&amp#27;[0m
    &amp#27;[31mAnd &amp#27;[0m&amp#27;[31mUser move to edit profile&amp#27;[0m                                               &amp#27;[90m# UpdateTeacherSteps.userMoveToEditProfile()&amp#27;[0m
      &amp#27;[31morg.openqa.selenium.NoSuchElementException: no such element: Unable to locate element: {"method":"xpath","selector":"//div[@class='bp4-tab pl-12 pr-12 pb-2 font-bold text-xl lg:ml-60 mx-auto']"}
        (Session info: chrome=110.0.5481.100)
      For documentation on this error, please visit: https://selenium.dev/exceptions/#no_such_element
      Build info: version: '4.1.2', revision: '9a5a329c5a'
      System info: host: 'nsystem-mbp', ip: 'fe80:0:0:0:ce7:beec:a50b:8367%en0', os.name: 'Mac OS X', os.arch: 'x86_64', os.version: '10.16', java.version: '1.8.0_201'
      Driver info: org.openqa.selenium.chrome.ChromeDriver
      Command: [760337a98cb408d9c60807c0ddf18fc8, findElement {using=xpath, value=//div[@class='bp4-tab pl-12 pr-12 pb-2 font-bold text-xl lg:ml-60 mx-auto']}]
      Capabilities {acceptInsecureCerts: false, browserName: chrome, browserVersion: 110.0.5481.100, chrome: {chromedriverVersion: 110.0.5481.77 (65ed616c6e8e..., userDataDir: /var/folders/00/xzw63_pj58g...}, goog:chromeOptions: {debuggerAddress: localhost:52101}, javascriptEnabled: true, networkConnectionEnabled: false, pageLoadStrategy: normal, platform: MAC, platformName: MAC, proxy: Proxy(), se:cdp: ws://localhost:52101/devtoo..., se:cdpVersion: 110.0.5481.100, setWindowRect: true, strictFileInteractability: false, timeouts: {implicit: 0, pageLoad: 300000, script: 30000}, unhandledPromptBehavior: dismiss and notify, webauthn:extension:credBlob: true, webauthn:extension:largeBlob: true, webauthn:virtualAuthenticators: true}
      Session ID: 760337a98cb408d9c60807c0ddf18fc8
      	at sun.reflect.GeneratedConstructorAccessor38.newInstance(Unknown Source)
      	at sun.reflect.DelegatingConstructorAccessorImpl.newInstance(DelegatingConstructorAccessorImpl.java:45)
      	at java.lang.reflect.Constructor.newInstance(Constructor.java:423)
      	at org.openqa.selenium.remote.codec.w3c.W3CHttpResponseCodec.createException(W3CHttpResponseCodec.java:200)
      	at org.openqa.selenium.remote.codec.w3c.W3CHttpResponseCodec.decode(W3CHttpResponseCodec.java:133)
      	at org.openqa.selenium.remote.codec.w3c.W3CHttpResponseCodec.decode(W3CHttpResponseCodec.java:53)
      	at org.openqa.selenium.remote.HttpCommandExecutor.execute(HttpCommandExecutor.java:184)
      	at org.openqa.selenium.remote.service.DriverCommandExecutor.invokeExecute(DriverCommandExecutor.java:167)
      	at org.openqa.selenium.remote.service.DriverCommandExecutor.execute(DriverCommandExecutor.java:142)
      	at org.openqa.selenium.remote.RemoteWebDriver.execute(RemoteWebDriver.java:558)
      	at org.openqa.selenium.remote.ElementLocation$ElementFinder$2.findElement(ElementLocation.java:162)
      	at org.openqa.selenium.remote.ElementLocation.findElement(ElementLocation.java:60)
      	at org.openqa.selenium.remote.RemoteWebDriver.findElement(RemoteWebDriver.java:382)
      	at org.openqa.selenium.remote.RemoteWebDriver.findElement(RemoteWebDriver.java:374)
      	at org.openqa.selenium.support.pagefactory.DefaultElementLocator.findElement(DefaultElementLocator.java:70)
      	at org.openqa.selenium.support.pagefactory.internal.LocatingElementHandler.invoke(LocatingElementHandler.java:39)
      	at com.sun.proxy.$Proxy21.click(Unknown Source)
      	at org.example.pageObject.UpdateTeacherPage.toEditProfile(UpdateTeacherPage.java:327)
      	at step_definitions.UpdateTeacherSteps.userMoveToEditProfile(UpdateTeacherSteps.java:1195)
      	at ✽.And User move to edit profile(features/UpdateTeacher.feature:11)
      &amp#27;[0m
]]></system-out>
  </testcase>
  <testcase name="When Teacher click &apos;LinkedIn&apos; field" classname="| uyuyks |" time="0">
    <skipped/>
  </testcase>
  <testcase name="Then Teacher input with character like &quot;uyuyks&quot; in &apos;LinkedIn&apos; field" classname="| uyuyks |" time="0">
    <skipped/>
  </testcase>
  <testcase name="Given User open the website GuruMu" classname="| 123235346 |" time="0">
    <system-out><![CDATA[
  @TestUpdateTeacher @Test
  Scenario Outline: Input Field with Character in 'LinkedIn' field      &amp#27;[90m# features/UpdateTeacher.feature:406&amp#27;[0m
    &amp#27;[36mGiven &amp#27;[0m&amp#27;[36mTeacher already on Edit Profile page&amp#27;[0m                          &amp#27;[90m# UpdateTeacherSteps.teacherAlreadyOnEditProfilePage()&amp#27;[0m
    &amp#27;[36mWhen &amp#27;[0m&amp#27;[36mTeacher click 'LinkedIn' field&amp#27;[0m                                 &amp#27;[90m# UpdateTeacherSteps.teacherClickLinkedInField()&amp#27;[0m
    &amp#27;[36mThen &amp#27;[0m&amp#27;[36mTeacher input with character like "&amp#27;[0m&amp#27;[36m&amp#27;[1muyuyks&amp#27;[0m&amp#27;[36m" in 'LinkedIn' field&amp#27;[0m &amp#27;[90m# UpdateTeacherSteps.teacherInputWithCharacterLikeInLinkedInField(String)&amp#27;[0m

  Scenario Outline: Input Field with Number in 'LinkedIn' field          &amp#27;[90m# features/UpdateTeacher.feature:408&amp#27;[0m
    &amp#27;[36mGiven &amp#27;[0m&amp#27;[36mTeacher already on Edit Profile page&amp#27;[0m
    &amp#27;[36mWhen &amp#27;[0m&amp#27;[36mTeacher click 'LinkedIn' field&amp#27;[0m
    &amp#27;[36mThen &amp#27;[0m&amp#27;[36mTeacher input with number like "<linkedin>" in 'LinkedIn' field&amp#27;[0m

    Examples: 
]]></system-out>
    <system-err><![CDATA[Starting ChromeDriver 110.0.5481.77 (65ed616c6e8ee3fe0ad64fe83796c020644d42af-refs/branch-heads/5481@{#839}) on port 53809
Only local connections are allowed.
Please see https://chromedriver.chromium.org/security-considerations for suggestions on keeping ChromeDriver safe.
ChromeDriver was started successfully.
[1676555984.980][WARNING]: virtual void DevToolsClientImpl::AddListener(DevToolsEventListener *) subscribing a listener to the already connected DevToolsClient. Connection notification will not arrive.
Feb 16, 2023 8:59:45 PM org.openqa.selenium.remote.ProtocolHandshake createSession
INFO: Detected dialect: W3C
Feb 16, 2023 8:59:45 PM org.openqa.selenium.devtools.CdpVersionFinder findNearestMatch
WARNING: Unable to find an exact match for CDP version 110, so returning the closest version found: a no-op implementation
Feb 16, 2023 8:59:45 PM org.openqa.selenium.devtools.CdpVersionFinder findNearestMatch
INFO: Unable to find CDP implementation matching 110.
Feb 16, 2023 8:59:45 PM org.openqa.selenium.chromium.ChromiumDriver lambda$new$3
WARNING: Unable to find version of CDP to use for . You may need to include a dependency on a specific version of the CDP using something similar to `org.seleniumhq.selenium:selenium-devtools-v86:4.1.2` where the version ("v86") matches the version of the chromium-based browser you're using and the version number of the artifact is the same as Selenium's.
]]></system-err>
  </testcase>
  <testcase name="When User click avatar navigation" classname="| 123235346 |" time="0"/>
  <testcase name="And User click menu Masuk" classname="| 123235346 |" time="0"/>
  <testcase name="And User input &quot;zulfeekei@gmail.com&quot; as email and input &quot;be123&quot; as password" classname="| 123235346 |" time="0"/>
  <testcase name="And User clicked masuk button" classname="| 123235346 |" time="0"/>
  <testcase name="When User move to Profile Page" classname="| 123235346 |" time="0"/>
  <testcase name="And User move to edit profile" classname="| 123235346 |" time="0.005">
    <error message="no such element: Unable to locate element: {&quot;method&quot;:&quot;xpath&quot;,&quot;selector&quot;:&quot;//div[@class=&apos;bp4-tab pl-12 pr-12 pb-2 font-bold text-xl lg:ml-60 mx-auto&apos;]&quot;}&#10;  (Session info: chrome=110.0.5481.100)&#10;For documentation on this error, please visit: https://selenium.dev/exceptions/#no_such_element&#10;Build info: version: &apos;4.1.2&apos;, revision: &apos;9a5a329c5a&apos;&#10;System info: host: &apos;nsystem-mbp&apos;, ip: &apos;fe80:0:0:0:ce7:beec:a50b:8367%en0&apos;, os.name: &apos;Mac OS X&apos;, os.arch: &apos;x86_64&apos;, os.version: &apos;10.16&apos;, java.version: &apos;1.8.0_201&apos;&#10;Driver info: org.openqa.selenium.chrome.ChromeDriver&#10;Command: [b995e4309e8291f9d6f26ddb0a8c4da4, findElement {using=xpath, value=//div[@class=&apos;bp4-tab pl-12 pr-12 pb-2 font-bold text-xl lg:ml-60 mx-auto&apos;]}]&#10;Capabilities {acceptInsecureCerts: false, browserName: chrome, browserVersion: 110.0.5481.100, chrome: {chromedriverVersion: 110.0.5481.77 (65ed616c6e8e..., userDataDir: /var/folders/00/xzw63_pj58g...}, goog:chromeOptions: {debuggerAddress: localhost:52127}, javascriptEnabled: true, networkConnectionEnabled: false, pageLoadStrategy: normal, platform: MAC, platformName: MAC, proxy: Proxy(), se:cdp: ws://localhost:52127/devtoo..., se:cdpVersion: 110.0.5481.100, setWindowRect: true, strictFileInteractability: false, timeouts: {implicit: 0, pageLoad: 300000, script: 30000}, unhandledPromptBehavior: dismiss and notify, webauthn:extension:credBlob: true, webauthn:extension:largeBlob: true, webauthn:virtualAuthenticators: true}&#10;Session ID: b995e4309e8291f9d6f26ddb0a8c4da4" type="org.openqa.selenium.NoSuchElementException"><![CDATA[org.openqa.selenium.NoSuchElementException: 
no such element: Unable to locate element: {"method":"xpath","selector":"//div[@class='bp4-tab pl-12 pr-12 pb-2 font-bold text-xl lg:ml-60 mx-auto']"}
  (Session info: chrome=110.0.5481.100)
For documentation on this error, please visit: https://selenium.dev/exceptions/#no_such_element
Build info: version: '4.1.2', revision: '9a5a329c5a'
System info: host: 'nsystem-mbp', ip: 'fe80:0:0:0:ce7:beec:a50b:8367%en0', os.name: 'Mac OS X', os.arch: 'x86_64', os.version: '10.16', java.version: '1.8.0_201'
Driver info: org.openqa.selenium.chrome.ChromeDriver
Command: [b995e4309e8291f9d6f26ddb0a8c4da4, findElement {using=xpath, value=//div[@class='bp4-tab pl-12 pr-12 pb-2 font-bold text-xl lg:ml-60 mx-auto']}]
Capabilities {acceptInsecureCerts: false, browserName: chrome, browserVersion: 110.0.5481.100, chrome: {chromedriverVersion: 110.0.5481.77 (65ed616c6e8e..., userDataDir: /var/folders/00/xzw63_pj58g...}, goog:chromeOptions: {debuggerAddress: localhost:52127}, javascriptEnabled: true, networkConnectionEnabled: false, pageLoadStrategy: normal, platform: MAC, platformName: MAC, proxy: Proxy(), se:cdp: ws://localhost:52127/devtoo..., se:cdpVersion: 110.0.5481.100, setWindowRect: true, strictFileInteractability: false, timeouts: {implicit: 0, pageLoad: 300000, script: 30000}, unhandledPromptBehavior: dismiss and notify, webauthn:extension:credBlob: true, webauthn:extension:largeBlob: true, webauthn:virtualAuthenticators: true}
Session ID: b995e4309e8291f9d6f26ddb0a8c4da4
]]></error>
  </testcase>
  <testcase name="" classname="| 123235346 |" time="0.007">
    <error message="no such element: Unable to locate element: {&quot;method&quot;:&quot;xpath&quot;,&quot;selector&quot;:&quot;//div[@class=&apos;bp4-tab pl-12 pr-12 pb-2 font-bold text-xl lg:ml-60 mx-auto&apos;]&quot;}&#10;  (Session info: chrome=110.0.5481.100)&#10;For documentation on this error, please visit: https://selenium.dev/exceptions/#no_such_element&#10;Build info: version: &apos;4.1.2&apos;, revision: &apos;9a5a329c5a&apos;&#10;System info: host: &apos;nsystem-mbp&apos;, ip: &apos;fe80:0:0:0:ce7:beec:a50b:8367%en0&apos;, os.name: &apos;Mac OS X&apos;, os.arch: &apos;x86_64&apos;, os.version: &apos;10.16&apos;, java.version: &apos;1.8.0_201&apos;&#10;Driver info: org.openqa.selenium.chrome.ChromeDriver&#10;Command: [b995e4309e8291f9d6f26ddb0a8c4da4, findElement {using=xpath, value=//div[@class=&apos;bp4-tab pl-12 pr-12 pb-2 font-bold text-xl lg:ml-60 mx-auto&apos;]}]&#10;Capabilities {acceptInsecureCerts: false, browserName: chrome, browserVersion: 110.0.5481.100, chrome: {chromedriverVersion: 110.0.5481.77 (65ed616c6e8e..., userDataDir: /var/folders/00/xzw63_pj58g...}, goog:chromeOptions: {debuggerAddress: localhost:52127}, javascriptEnabled: true, networkConnectionEnabled: false, pageLoadStrategy: normal, platform: MAC, platformName: MAC, proxy: Proxy(), se:cdp: ws://localhost:52127/devtoo..., se:cdpVersion: 110.0.5481.100, setWindowRect: true, strictFileInteractability: false, timeouts: {implicit: 0, pageLoad: 300000, script: 30000}, unhandledPromptBehavior: dismiss and notify, webauthn:extension:credBlob: true, webauthn:extension:largeBlob: true, webauthn:virtualAuthenticators: true}&#10;Session ID: b995e4309e8291f9d6f26ddb0a8c4da4" type="org.openqa.selenium.NoSuchElementException"><![CDATA[org.openqa.selenium.NoSuchElementException: 
no such element: Unable to locate element: {"method":"xpath","selector":"//div[@class='bp4-tab pl-12 pr-12 pb-2 font-bold text-xl lg:ml-60 mx-auto']"}
  (Session info: chrome=110.0.5481.100)
For documentation on this error, please visit: https://selenium.dev/exceptions/#no_such_element
Build info: version: '4.1.2', revision: '9a5a329c5a'
System info: host: 'nsystem-mbp', ip: 'fe80:0:0:0:ce7:beec:a50b:8367%en0', os.name: 'Mac OS X', os.arch: 'x86_64', os.version: '10.16', java.version: '1.8.0_201'
Driver info: org.openqa.selenium.chrome.ChromeDriver
Command: [b995e4309e8291f9d6f26ddb0a8c4da4, findElement {using=xpath, value=//div[@class='bp4-tab pl-12 pr-12 pb-2 font-bold text-xl lg:ml-60 mx-auto']}]
Capabilities {acceptInsecureCerts: false, browserName: chrome, browserVersion: 110.0.5481.100, chrome: {chromedriverVersion: 110.0.5481.77 (65ed616c6e8e..., userDataDir: /var/folders/00/xzw63_pj58g...}, goog:chromeOptions: {debuggerAddress: localhost:52127}, javascriptEnabled: true, networkConnectionEnabled: false, pageLoadStrategy: normal, platform: MAC, platformName: MAC, proxy: Proxy(), se:cdp: ws://localhost:52127/devtoo..., se:cdpVersion: 110.0.5481.100, setWindowRect: true, strictFileInteractability: false, timeouts: {implicit: 0, pageLoad: 300000, script: 30000}, unhandledPromptBehavior: dismiss and notify, webauthn:extension:credBlob: true, webauthn:extension:largeBlob: true, webauthn:virtualAuthenticators: true}
Session ID: b995e4309e8291f9d6f26ddb0a8c4da4
]]></error>
  </testcase>
  <testcase name="Given Teacher already on Edit Profile page" classname="| 123235346 |" time="0">
    <skipped/>
    <system-out><![CDATA[
  Background:                                                                   &amp#27;[90m# features/UpdateTeacher.feature:4&amp#27;[0m
    &amp#27;[32mGiven &amp#27;[0m&amp#27;[32mUser open the website GuruMu&amp#27;[0m                                          &amp#27;[90m# LoginSteps.userOpenTheWebsiteGuruMu()&amp#27;[0m
    &amp#27;[32mWhen &amp#27;[0m&amp#27;[32mUser click avatar navigation&amp#27;[0m                                           &amp#27;[90m# LoginSteps.userClickAvatarNavigation()&amp#27;[0m
    &amp#27;[32mAnd &amp#27;[0m&amp#27;[32mUser click menu Masuk&amp#27;[0m                                                   &amp#27;[90m# LoginSteps.userClickMenuMasuk()&amp#27;[0m
    &amp#27;[32mAnd &amp#27;[0m&amp#27;[32mUser input "&amp#27;[0m&amp#27;[32m&amp#27;[1mzulfeekei@gmail.com&amp#27;[0m&amp#27;[32m" as email and input "&amp#27;[0m&amp#27;[32m&amp#27;[1mbe123&amp#27;[0m&amp#27;[32m" as password&amp#27;[0m &amp#27;[90m# LoginSteps.inputCredential(String,String)&amp#27;[0m
    &amp#27;[32mAnd &amp#27;[0m&amp#27;[32mUser clicked masuk button&amp#27;[0m                                               &amp#27;[90m# LoginSteps.userClickMasukButton()&amp#27;[0m
    &amp#27;[32mWhen &amp#27;[0m&amp#27;[32mUser move to Profile Page&amp#27;[0m                                              &amp#27;[90m# PenilaianUlasanSteps.userMoveToProfilePage()&amp#27;[0m
    &amp#27;[31mAnd &amp#27;[0m&amp#27;[31mUser move to edit profile&amp#27;[0m                                               &amp#27;[90m# UpdateTeacherSteps.userMoveToEditProfile()&amp#27;[0m
      &amp#27;[31morg.openqa.selenium.NoSuchElementException: no such element: Unable to locate element: {"method":"xpath","selector":"//div[@class='bp4-tab pl-12 pr-12 pb-2 font-bold text-xl lg:ml-60 mx-auto']"}
        (Session info: chrome=110.0.5481.100)
      For documentation on this error, please visit: https://selenium.dev/exceptions/#no_such_element
      Build info: version: '4.1.2', revision: '9a5a329c5a'
      System info: host: 'nsystem-mbp', ip: 'fe80:0:0:0:ce7:beec:a50b:8367%en0', os.name: 'Mac OS X', os.arch: 'x86_64', os.version: '10.16', java.version: '1.8.0_201'
      Driver info: org.openqa.selenium.chrome.ChromeDriver
      Command: [b995e4309e8291f9d6f26ddb0a8c4da4, findElement {using=xpath, value=//div[@class='bp4-tab pl-12 pr-12 pb-2 font-bold text-xl lg:ml-60 mx-auto']}]
      Capabilities {acceptInsecureCerts: false, browserName: chrome, browserVersion: 110.0.5481.100, chrome: {chromedriverVersion: 110.0.5481.77 (65ed616c6e8e..., userDataDir: /var/folders/00/xzw63_pj58g...}, goog:chromeOptions: {debuggerAddress: localhost:52127}, javascriptEnabled: true, networkConnectionEnabled: false, pageLoadStrategy: normal, platform: MAC, platformName: MAC, proxy: Proxy(), se:cdp: ws://localhost:52127/devtoo..., se:cdpVersion: 110.0.5481.100, setWindowRect: true, strictFileInteractability: false, timeouts: {implicit: 0, pageLoad: 300000, script: 30000}, unhandledPromptBehavior: dismiss and notify, webauthn:extension:credBlob: true, webauthn:extension:largeBlob: true, webauthn:virtualAuthenticators: true}
      Session ID: b995e4309e8291f9d6f26ddb0a8c4da4
      	at sun.reflect.GeneratedConstructorAccessor38.newInstance(Unknown Source)
      	at sun.reflect.DelegatingConstructorAccessorImpl.newInstance(DelegatingConstructorAccessorImpl.java:45)
      	at java.lang.reflect.Constructor.newInstance(Constructor.java:423)
      	at org.openqa.selenium.remote.codec.w3c.W3CHttpResponseCodec.createException(W3CHttpResponseCodec.java:200)
      	at org.openqa.selenium.remote.codec.w3c.W3CHttpResponseCodec.decode(W3CHttpResponseCodec.java:133)
      	at org.openqa.selenium.remote.codec.w3c.W3CHttpResponseCodec.decode(W3CHttpResponseCodec.java:53)
      	at org.openqa.selenium.remote.HttpCommandExecutor.execute(HttpCommandExecutor.java:184)
      	at org.openqa.selenium.remote.service.DriverCommandExecutor.invokeExecute(DriverCommandExecutor.java:167)
      	at org.openqa.selenium.remote.service.DriverCommandExecutor.execute(DriverCommandExecutor.java:142)
      	at org.openqa.selenium.remote.RemoteWebDriver.execute(RemoteWebDriver.java:558)
      	at org.openqa.selenium.remote.ElementLocation$ElementFinder$2.findElement(ElementLocation.java:162)
      	at org.openqa.selenium.remote.ElementLocation.findElement(ElementLocation.java:60)
      	at org.openqa.selenium.remote.RemoteWebDriver.findElement(RemoteWebDriver.java:382)
      	at org.openqa.selenium.remote.RemoteWebDriver.findElement(RemoteWebDriver.java:374)
      	at org.openqa.selenium.support.pagefactory.DefaultElementLocator.findElement(DefaultElementLocator.java:70)
      	at org.openqa.selenium.support.pagefactory.internal.LocatingElementHandler.invoke(LocatingElementHandler.java:39)
      	at com.sun.proxy.$Proxy21.click(Unknown Source)
      	at org.example.pageObject.UpdateTeacherPage.toEditProfile(UpdateTeacherPage.java:327)
      	at step_definitions.UpdateTeacherSteps.userMoveToEditProfile(UpdateTeacherSteps.java:1195)
      	at ✽.And User move to edit profile(features/UpdateTeacher.feature:11)
      &amp#27;[0m
]]></system-out>
  </testcase>
  <testcase name="When Teacher click &apos;LinkedIn&apos; field" classname="| 123235346 |" time="0">
    <skipped/>
  </testcase>
  <testcase name="Then Teacher input with number like &quot;123235346&quot; in &apos;LinkedIn&apos; field" classname="| 123235346 |" time="0">
    <skipped/>
  </testcase>
  <testcase name="Given User open the website GuruMu" classname="| uyuyks123456 |" time="0">
    <system-out><![CDATA[
  @TestUpdateTeacher @Test
  Scenario Outline: Input Field with Number in 'LinkedIn' field         &amp#27;[90m# features/UpdateTeacher.feature:414&amp#27;[0m
    &amp#27;[36mGiven &amp#27;[0m&amp#27;[36mTeacher already on Edit Profile page&amp#27;[0m                          &amp#27;[90m# UpdateTeacherSteps.teacherAlreadyOnEditProfilePage()&amp#27;[0m
    &amp#27;[36mWhen &amp#27;[0m&amp#27;[36mTeacher click 'LinkedIn' field&amp#27;[0m                                 &amp#27;[90m# UpdateTeacherSteps.teacherClickLinkedInField()&amp#27;[0m
    &amp#27;[36mThen &amp#27;[0m&amp#27;[36mTeacher input with number like "&amp#27;[0m&amp#27;[36m&amp#27;[1m123235346&amp#27;[0m&amp#27;[36m" in 'LinkedIn' field&amp#27;[0m &amp#27;[90m# UpdateTeacherSteps.teacherInputWithNumberLikeInLinkedInField(String)&amp#27;[0m

  Scenario Outline: Input Field with Chacter and Number in 'LinkedIn' field            &amp#27;[90m# features/UpdateTeacher.feature:416&amp#27;[0m
    &amp#27;[36mGiven &amp#27;[0m&amp#27;[36mTeacher already on Edit Profile page&amp#27;[0m
    &amp#27;[36mWhen &amp#27;[0m&amp#27;[36mTeacher click 'LinkedIn' field&amp#27;[0m
    &amp#27;[36mThen &amp#27;[0m&amp#27;[36mTeacher input with character and number like "<linkedin>" in 'LinkedIn' field&amp#27;[0m

    Examples: 
]]></system-out>
    <system-err><![CDATA[Starting ChromeDriver 110.0.5481.77 (65ed616c6e8ee3fe0ad64fe83796c020644d42af-refs/branch-heads/5481@{#839}) on port 61748
Only local connections are allowed.
Please see https://chromedriver.chromium.org/security-considerations for suggestions on keeping ChromeDriver safe.
ChromeDriver was started successfully.
[1676556016.972][WARNING]: virtual void DevToolsClientImpl::AddListener(DevToolsEventListener *) subscribing a listener to the already connected DevToolsClient. Connection notification will not arrive.
Feb 16, 2023 9:00:17 PM org.openqa.selenium.remote.ProtocolHandshake createSession
INFO: Detected dialect: W3C
Feb 16, 2023 9:00:17 PM org.openqa.selenium.devtools.CdpVersionFinder findNearestMatch
WARNING: Unable to find an exact match for CDP version 110, so returning the closest version found: a no-op implementation
Feb 16, 2023 9:00:17 PM org.openqa.selenium.devtools.CdpVersionFinder findNearestMatch
INFO: Unable to find CDP implementation matching 110.
Feb 16, 2023 9:00:17 PM org.openqa.selenium.chromium.ChromiumDriver lambda$new$3
WARNING: Unable to find version of CDP to use for . You may need to include a dependency on a specific version of the CDP using something similar to `org.seleniumhq.selenium:selenium-devtools-v86:4.1.2` where the version ("v86") matches the version of the chromium-based browser you're using and the version number of the artifact is the same as Selenium's.
]]></system-err>
  </testcase>
  <testcase name="When User click avatar navigation" classname="| uyuyks123456 |" time="0"/>
  <testcase name="And User click menu Masuk" classname="| uyuyks123456 |" time="0"/>
  <testcase name="And User input &quot;zulfeekei@gmail.com&quot; as email and input &quot;be123&quot; as password" classname="| uyuyks123456 |" time="0"/>
  <testcase name="And User clicked masuk button" classname="| uyuyks123456 |" time="0"/>
  <testcase name="When User move to Profile Page" classname="| uyuyks123456 |" time="0"/>
  <testcase name="And User move to edit profile" classname="| uyuyks123456 |" time="0.003">
    <error message="no such element: Unable to locate element: {&quot;method&quot;:&quot;xpath&quot;,&quot;selector&quot;:&quot;//div[@class=&apos;bp4-tab pl-12 pr-12 pb-2 font-bold text-xl lg:ml-60 mx-auto&apos;]&quot;}&#10;  (Session info: chrome=110.0.5481.100)&#10;For documentation on this error, please visit: https://selenium.dev/exceptions/#no_such_element&#10;Build info: version: &apos;4.1.2&apos;, revision: &apos;9a5a329c5a&apos;&#10;System info: host: &apos;nsystem-mbp&apos;, ip: &apos;fe80:0:0:0:ce7:beec:a50b:8367%en0&apos;, os.name: &apos;Mac OS X&apos;, os.arch: &apos;x86_64&apos;, os.version: &apos;10.16&apos;, java.version: &apos;1.8.0_201&apos;&#10;Driver info: org.openqa.selenium.chrome.ChromeDriver&#10;Command: [934d574cafa84eeaac0abf86bc509dd0, findElement {using=xpath, value=//div[@class=&apos;bp4-tab pl-12 pr-12 pb-2 font-bold text-xl lg:ml-60 mx-auto&apos;]}]&#10;Capabilities {acceptInsecureCerts: false, browserName: chrome, browserVersion: 110.0.5481.100, chrome: {chromedriverVersion: 110.0.5481.77 (65ed616c6e8e..., userDataDir: /var/folders/00/xzw63_pj58g...}, goog:chromeOptions: {debuggerAddress: localhost:52152}, javascriptEnabled: true, networkConnectionEnabled: false, pageLoadStrategy: normal, platform: MAC, platformName: MAC, proxy: Proxy(), se:cdp: ws://localhost:52152/devtoo..., se:cdpVersion: 110.0.5481.100, setWindowRect: true, strictFileInteractability: false, timeouts: {implicit: 0, pageLoad: 300000, script: 30000}, unhandledPromptBehavior: dismiss and notify, webauthn:extension:credBlob: true, webauthn:extension:largeBlob: true, webauthn:virtualAuthenticators: true}&#10;Session ID: 934d574cafa84eeaac0abf86bc509dd0" type="org.openqa.selenium.NoSuchElementException"><![CDATA[org.openqa.selenium.NoSuchElementException: 
no such element: Unable to locate element: {"method":"xpath","selector":"//div[@class='bp4-tab pl-12 pr-12 pb-2 font-bold text-xl lg:ml-60 mx-auto']"}
  (Session info: chrome=110.0.5481.100)
For documentation on this error, please visit: https://selenium.dev/exceptions/#no_such_element
Build info: version: '4.1.2', revision: '9a5a329c5a'
System info: host: 'nsystem-mbp', ip: 'fe80:0:0:0:ce7:beec:a50b:8367%en0', os.name: 'Mac OS X', os.arch: 'x86_64', os.version: '10.16', java.version: '1.8.0_201'
Driver info: org.openqa.selenium.chrome.ChromeDriver
Command: [934d574cafa84eeaac0abf86bc509dd0, findElement {using=xpath, value=//div[@class='bp4-tab pl-12 pr-12 pb-2 font-bold text-xl lg:ml-60 mx-auto']}]
Capabilities {acceptInsecureCerts: false, browserName: chrome, browserVersion: 110.0.5481.100, chrome: {chromedriverVersion: 110.0.5481.77 (65ed616c6e8e..., userDataDir: /var/folders/00/xzw63_pj58g...}, goog:chromeOptions: {debuggerAddress: localhost:52152}, javascriptEnabled: true, networkConnectionEnabled: false, pageLoadStrategy: normal, platform: MAC, platformName: MAC, proxy: Proxy(), se:cdp: ws://localhost:52152/devtoo..., se:cdpVersion: 110.0.5481.100, setWindowRect: true, strictFileInteractability: false, timeouts: {implicit: 0, pageLoad: 300000, script: 30000}, unhandledPromptBehavior: dismiss and notify, webauthn:extension:credBlob: true, webauthn:extension:largeBlob: true, webauthn:virtualAuthenticators: true}
Session ID: 934d574cafa84eeaac0abf86bc509dd0
]]></error>
  </testcase>
  <testcase name="" classname="| uyuyks123456 |" time="0.003">
    <error message="no such element: Unable to locate element: {&quot;method&quot;:&quot;xpath&quot;,&quot;selector&quot;:&quot;//div[@class=&apos;bp4-tab pl-12 pr-12 pb-2 font-bold text-xl lg:ml-60 mx-auto&apos;]&quot;}&#10;  (Session info: chrome=110.0.5481.100)&#10;For documentation on this error, please visit: https://selenium.dev/exceptions/#no_such_element&#10;Build info: version: &apos;4.1.2&apos;, revision: &apos;9a5a329c5a&apos;&#10;System info: host: &apos;nsystem-mbp&apos;, ip: &apos;fe80:0:0:0:ce7:beec:a50b:8367%en0&apos;, os.name: &apos;Mac OS X&apos;, os.arch: &apos;x86_64&apos;, os.version: &apos;10.16&apos;, java.version: &apos;1.8.0_201&apos;&#10;Driver info: org.openqa.selenium.chrome.ChromeDriver&#10;Command: [934d574cafa84eeaac0abf86bc509dd0, findElement {using=xpath, value=//div[@class=&apos;bp4-tab pl-12 pr-12 pb-2 font-bold text-xl lg:ml-60 mx-auto&apos;]}]&#10;Capabilities {acceptInsecureCerts: false, browserName: chrome, browserVersion: 110.0.5481.100, chrome: {chromedriverVersion: 110.0.5481.77 (65ed616c6e8e..., userDataDir: /var/folders/00/xzw63_pj58g...}, goog:chromeOptions: {debuggerAddress: localhost:52152}, javascriptEnabled: true, networkConnectionEnabled: false, pageLoadStrategy: normal, platform: MAC, platformName: MAC, proxy: Proxy(), se:cdp: ws://localhost:52152/devtoo..., se:cdpVersion: 110.0.5481.100, setWindowRect: true, strictFileInteractability: false, timeouts: {implicit: 0, pageLoad: 300000, script: 30000}, unhandledPromptBehavior: dismiss and notify, webauthn:extension:credBlob: true, webauthn:extension:largeBlob: true, webauthn:virtualAuthenticators: true}&#10;Session ID: 934d574cafa84eeaac0abf86bc509dd0" type="org.openqa.selenium.NoSuchElementException"><![CDATA[org.openqa.selenium.NoSuchElementException: 
no such element: Unable to locate element: {"method":"xpath","selector":"//div[@class='bp4-tab pl-12 pr-12 pb-2 font-bold text-xl lg:ml-60 mx-auto']"}
  (Session info: chrome=110.0.5481.100)
For documentation on this error, please visit: https://selenium.dev/exceptions/#no_such_element
Build info: version: '4.1.2', revision: '9a5a329c5a'
System info: host: 'nsystem-mbp', ip: 'fe80:0:0:0:ce7:beec:a50b:8367%en0', os.name: 'Mac OS X', os.arch: 'x86_64', os.version: '10.16', java.version: '1.8.0_201'
Driver info: org.openqa.selenium.chrome.ChromeDriver
Command: [934d574cafa84eeaac0abf86bc509dd0, findElement {using=xpath, value=//div[@class='bp4-tab pl-12 pr-12 pb-2 font-bold text-xl lg:ml-60 mx-auto']}]
Capabilities {acceptInsecureCerts: false, browserName: chrome, browserVersion: 110.0.5481.100, chrome: {chromedriverVersion: 110.0.5481.77 (65ed616c6e8e..., userDataDir: /var/folders/00/xzw63_pj58g...}, goog:chromeOptions: {debuggerAddress: localhost:52152}, javascriptEnabled: true, networkConnectionEnabled: false, pageLoadStrategy: normal, platform: MAC, platformName: MAC, proxy: Proxy(), se:cdp: ws://localhost:52152/devtoo..., se:cdpVersion: 110.0.5481.100, setWindowRect: true, strictFileInteractability: false, timeouts: {implicit: 0, pageLoad: 300000, script: 30000}, unhandledPromptBehavior: dismiss and notify, webauthn:extension:credBlob: true, webauthn:extension:largeBlob: true, webauthn:virtualAuthenticators: true}
Session ID: 934d574cafa84eeaac0abf86bc509dd0
]]></error>
  </testcase>
  <testcase name="Given Teacher already on Edit Profile page" classname="| uyuyks123456 |" time="0">
    <skipped/>
    <system-out><![CDATA[
  Background:                                                                   &amp#27;[90m# features/UpdateTeacher.feature:4&amp#27;[0m
    &amp#27;[32mGiven &amp#27;[0m&amp#27;[32mUser open the website GuruMu&amp#27;[0m                                          &amp#27;[90m# LoginSteps.userOpenTheWebsiteGuruMu()&amp#27;[0m
    &amp#27;[32mWhen &amp#27;[0m&amp#27;[32mUser click avatar navigation&amp#27;[0m                                           &amp#27;[90m# LoginSteps.userClickAvatarNavigation()&amp#27;[0m
    &amp#27;[32mAnd &amp#27;[0m&amp#27;[32mUser click menu Masuk&amp#27;[0m                                                   &amp#27;[90m# LoginSteps.userClickMenuMasuk()&amp#27;[0m
    &amp#27;[32mAnd &amp#27;[0m&amp#27;[32mUser input "&amp#27;[0m&amp#27;[32m&amp#27;[1mzulfeekei@gmail.com&amp#27;[0m&amp#27;[32m" as email and input "&amp#27;[0m&amp#27;[32m&amp#27;[1mbe123&amp#27;[0m&amp#27;[32m" as password&amp#27;[0m &amp#27;[90m# LoginSteps.inputCredential(String,String)&amp#27;[0m
    &amp#27;[32mAnd &amp#27;[0m&amp#27;[32mUser clicked masuk button&amp#27;[0m                                               &amp#27;[90m# LoginSteps.userClickMasukButton()&amp#27;[0m
    &amp#27;[32mWhen &amp#27;[0m&amp#27;[32mUser move to Profile Page&amp#27;[0m                                              &amp#27;[90m# PenilaianUlasanSteps.userMoveToProfilePage()&amp#27;[0m
    &amp#27;[31mAnd &amp#27;[0m&amp#27;[31mUser move to edit profile&amp#27;[0m                                               &amp#27;[90m# UpdateTeacherSteps.userMoveToEditProfile()&amp#27;[0m
      &amp#27;[31morg.openqa.selenium.NoSuchElementException: no such element: Unable to locate element: {"method":"xpath","selector":"//div[@class='bp4-tab pl-12 pr-12 pb-2 font-bold text-xl lg:ml-60 mx-auto']"}
        (Session info: chrome=110.0.5481.100)
      For documentation on this error, please visit: https://selenium.dev/exceptions/#no_such_element
      Build info: version: '4.1.2', revision: '9a5a329c5a'
      System info: host: 'nsystem-mbp', ip: 'fe80:0:0:0:ce7:beec:a50b:8367%en0', os.name: 'Mac OS X', os.arch: 'x86_64', os.version: '10.16', java.version: '1.8.0_201'
      Driver info: org.openqa.selenium.chrome.ChromeDriver
      Command: [934d574cafa84eeaac0abf86bc509dd0, findElement {using=xpath, value=//div[@class='bp4-tab pl-12 pr-12 pb-2 font-bold text-xl lg:ml-60 mx-auto']}]
      Capabilities {acceptInsecureCerts: false, browserName: chrome, browserVersion: 110.0.5481.100, chrome: {chromedriverVersion: 110.0.5481.77 (65ed616c6e8e..., userDataDir: /var/folders/00/xzw63_pj58g...}, goog:chromeOptions: {debuggerAddress: localhost:52152}, javascriptEnabled: true, networkConnectionEnabled: false, pageLoadStrategy: normal, platform: MAC, platformName: MAC, proxy: Proxy(), se:cdp: ws://localhost:52152/devtoo..., se:cdpVersion: 110.0.5481.100, setWindowRect: true, strictFileInteractability: false, timeouts: {implicit: 0, pageLoad: 300000, script: 30000}, unhandledPromptBehavior: dismiss and notify, webauthn:extension:credBlob: true, webauthn:extension:largeBlob: true, webauthn:virtualAuthenticators: true}
      Session ID: 934d574cafa84eeaac0abf86bc509dd0
      	at sun.reflect.GeneratedConstructorAccessor38.newInstance(Unknown Source)
      	at sun.reflect.DelegatingConstructorAccessorImpl.newInstance(DelegatingConstructorAccessorImpl.java:45)
      	at java.lang.reflect.Constructor.newInstance(Constructor.java:423)
      	at org.openqa.selenium.remote.codec.w3c.W3CHttpResponseCodec.createException(W3CHttpResponseCodec.java:200)
      	at org.openqa.selenium.remote.codec.w3c.W3CHttpResponseCodec.decode(W3CHttpResponseCodec.java:133)
      	at org.openqa.selenium.remote.codec.w3c.W3CHttpResponseCodec.decode(W3CHttpResponseCodec.java:53)
      	at org.openqa.selenium.remote.HttpCommandExecutor.execute(HttpCommandExecutor.java:184)
      	at org.openqa.selenium.remote.service.DriverCommandExecutor.invokeExecute(DriverCommandExecutor.java:167)
      	at org.openqa.selenium.remote.service.DriverCommandExecutor.execute(DriverCommandExecutor.java:142)
      	at org.openqa.selenium.remote.RemoteWebDriver.execute(RemoteWebDriver.java:558)
      	at org.openqa.selenium.remote.ElementLocation$ElementFinder$2.findElement(ElementLocation.java:162)
      	at org.openqa.selenium.remote.ElementLocation.findElement(ElementLocation.java:60)
      	at org.openqa.selenium.remote.RemoteWebDriver.findElement(RemoteWebDriver.java:382)
      	at org.openqa.selenium.remote.RemoteWebDriver.findElement(RemoteWebDriver.java:374)
      	at org.openqa.selenium.support.pagefactory.DefaultElementLocator.findElement(DefaultElementLocator.java:70)
      	at org.openqa.selenium.support.pagefactory.internal.LocatingElementHandler.invoke(LocatingElementHandler.java:39)
      	at com.sun.proxy.$Proxy21.click(Unknown Source)
      	at org.example.pageObject.UpdateTeacherPage.toEditProfile(UpdateTeacherPage.java:327)
      	at step_definitions.UpdateTeacherSteps.userMoveToEditProfile(UpdateTeacherSteps.java:1195)
      	at ✽.And User move to edit profile(features/UpdateTeacher.feature:11)
      &amp#27;[0m
]]></system-out>
  </testcase>
  <testcase name="When Teacher click &apos;LinkedIn&apos; field" classname="| uyuyks123456 |" time="0">
    <skipped/>
  </testcase>
  <testcase name="Then Teacher input with character and number like &quot;uyuyks123456&quot; in &apos;LinkedIn&apos; field" classname="| uyuyks123456 |" time="0">
    <skipped/>
  </testcase>
  <testcase name="Given User open the website GuruMu" classname="| $%^%&amp;^%&amp;*^* |" time="0">
    <system-out><![CDATA[
  @TestUpdateTeacher @Test
  Scenario Outline: Input Field with Chacter and Number in 'LinkedIn' field              &amp#27;[90m# features/UpdateTeacher.feature:422&amp#27;[0m
    &amp#27;[36mGiven &amp#27;[0m&amp#27;[36mTeacher already on Edit Profile page&amp#27;[0m                                           &amp#27;[90m# UpdateTeacherSteps.teacherAlreadyOnEditProfilePage()&amp#27;[0m
    &amp#27;[36mWhen &amp#27;[0m&amp#27;[36mTeacher click 'LinkedIn' field&amp#27;[0m                                                  &amp#27;[90m# UpdateTeacherSteps.teacherClickLinkedInField()&amp#27;[0m
    &amp#27;[36mThen &amp#27;[0m&amp#27;[36mTeacher input with character and number like "&amp#27;[0m&amp#27;[36m&amp#27;[1muyuyks123456&amp#27;[0m&amp#27;[36m" in 'LinkedIn' field&amp#27;[0m &amp#27;[90m# UpdateTeacherSteps.teacherInputWithCharacterAndNumberLikeInLinkedInField(String)&amp#27;[0m

  Scenario Outline: Input Field with Special Character in 'LinkedIn' field          &amp#27;[90m# features/UpdateTeacher.feature:424&amp#27;[0m
    &amp#27;[36mGiven &amp#27;[0m&amp#27;[36mTeacher already on Edit Profile page&amp#27;[0m
    &amp#27;[36mWhen &amp#27;[0m&amp#27;[36mTeacher click 'LinkedIn' field&amp#27;[0m
    &amp#27;[36mThen &amp#27;[0m&amp#27;[36mTeacher input with special character like "<linkedin>" in 'LinkedIn' field&amp#27;[0m

    Examples: 
]]></system-out>
    <system-err><![CDATA[Starting ChromeDriver 110.0.5481.77 (65ed616c6e8ee3fe0ad64fe83796c020644d42af-refs/branch-heads/5481@{#839}) on port 50550
Only local connections are allowed.
Please see https://chromedriver.chromium.org/security-considerations for suggestions on keeping ChromeDriver safe.
ChromeDriver was started successfully.
[1676556047.868][WARNING]: virtual void DevToolsClientImpl::AddListener(DevToolsEventListener *) subscribing a listener to the already connected DevToolsClient. Connection notification will not arrive.
Feb 16, 2023 9:00:48 PM org.openqa.selenium.remote.ProtocolHandshake createSession
INFO: Detected dialect: W3C
Feb 16, 2023 9:00:48 PM org.openqa.selenium.devtools.CdpVersionFinder findNearestMatch
WARNING: Unable to find an exact match for CDP version 110, so returning the closest version found: a no-op implementation
Feb 16, 2023 9:00:48 PM org.openqa.selenium.devtools.CdpVersionFinder findNearestMatch
INFO: Unable to find CDP implementation matching 110.
Feb 16, 2023 9:00:48 PM org.openqa.selenium.chromium.ChromiumDriver lambda$new$3
WARNING: Unable to find version of CDP to use for . You may need to include a dependency on a specific version of the CDP using something similar to `org.seleniumhq.selenium:selenium-devtools-v86:4.1.2` where the version ("v86") matches the version of the chromium-based browser you're using and the version number of the artifact is the same as Selenium's.
]]></system-err>
  </testcase>
  <testcase name="When User click avatar navigation" classname="| $%^%&amp;^%&amp;*^* |" time="0"/>
  <testcase name="And User click menu Masuk" classname="| $%^%&amp;^%&amp;*^* |" time="0"/>
  <testcase name="And User input &quot;zulfeekei@gmail.com&quot; as email and input &quot;be123&quot; as password" classname="| $%^%&amp;^%&amp;*^* |" time="0"/>
  <testcase name="And User clicked masuk button" classname="| $%^%&amp;^%&amp;*^* |" time="0"/>
  <testcase name="When User move to Profile Page" classname="| $%^%&amp;^%&amp;*^* |" time="0"/>
  <testcase name="And User move to edit profile" classname="| $%^%&amp;^%&amp;*^* |" time="0.003">
    <error message="no such element: Unable to locate element: {&quot;method&quot;:&quot;xpath&quot;,&quot;selector&quot;:&quot;//div[@class=&apos;bp4-tab pl-12 pr-12 pb-2 font-bold text-xl lg:ml-60 mx-auto&apos;]&quot;}&#10;  (Session info: chrome=110.0.5481.100)&#10;For documentation on this error, please visit: https://selenium.dev/exceptions/#no_such_element&#10;Build info: version: &apos;4.1.2&apos;, revision: &apos;9a5a329c5a&apos;&#10;System info: host: &apos;nsystem-mbp&apos;, ip: &apos;fe80:0:0:0:ce7:beec:a50b:8367%en0&apos;, os.name: &apos;Mac OS X&apos;, os.arch: &apos;x86_64&apos;, os.version: &apos;10.16&apos;, java.version: &apos;1.8.0_201&apos;&#10;Driver info: org.openqa.selenium.chrome.ChromeDriver&#10;Command: [18a5552b25248ebd46caaa1d1a0b0415, findElement {using=xpath, value=//div[@class=&apos;bp4-tab pl-12 pr-12 pb-2 font-bold text-xl lg:ml-60 mx-auto&apos;]}]&#10;Capabilities {acceptInsecureCerts: false, browserName: chrome, browserVersion: 110.0.5481.100, chrome: {chromedriverVersion: 110.0.5481.77 (65ed616c6e8e..., userDataDir: /var/folders/00/xzw63_pj58g...}, goog:chromeOptions: {debuggerAddress: localhost:52179}, javascriptEnabled: true, networkConnectionEnabled: false, pageLoadStrategy: normal, platform: MAC, platformName: MAC, proxy: Proxy(), se:cdp: ws://localhost:52179/devtoo..., se:cdpVersion: 110.0.5481.100, setWindowRect: true, strictFileInteractability: false, timeouts: {implicit: 0, pageLoad: 300000, script: 30000}, unhandledPromptBehavior: dismiss and notify, webauthn:extension:credBlob: true, webauthn:extension:largeBlob: true, webauthn:virtualAuthenticators: true}&#10;Session ID: 18a5552b25248ebd46caaa1d1a0b0415" type="org.openqa.selenium.NoSuchElementException"><![CDATA[org.openqa.selenium.NoSuchElementException: 
no such element: Unable to locate element: {"method":"xpath","selector":"//div[@class='bp4-tab pl-12 pr-12 pb-2 font-bold text-xl lg:ml-60 mx-auto']"}
  (Session info: chrome=110.0.5481.100)
For documentation on this error, please visit: https://selenium.dev/exceptions/#no_such_element
Build info: version: '4.1.2', revision: '9a5a329c5a'
System info: host: 'nsystem-mbp', ip: 'fe80:0:0:0:ce7:beec:a50b:8367%en0', os.name: 'Mac OS X', os.arch: 'x86_64', os.version: '10.16', java.version: '1.8.0_201'
Driver info: org.openqa.selenium.chrome.ChromeDriver
Command: [18a5552b25248ebd46caaa1d1a0b0415, findElement {using=xpath, value=//div[@class='bp4-tab pl-12 pr-12 pb-2 font-bold text-xl lg:ml-60 mx-auto']}]
Capabilities {acceptInsecureCerts: false, browserName: chrome, browserVersion: 110.0.5481.100, chrome: {chromedriverVersion: 110.0.5481.77 (65ed616c6e8e..., userDataDir: /var/folders/00/xzw63_pj58g...}, goog:chromeOptions: {debuggerAddress: localhost:52179}, javascriptEnabled: true, networkConnectionEnabled: false, pageLoadStrategy: normal, platform: MAC, platformName: MAC, proxy: Proxy(), se:cdp: ws://localhost:52179/devtoo..., se:cdpVersion: 110.0.5481.100, setWindowRect: true, strictFileInteractability: false, timeouts: {implicit: 0, pageLoad: 300000, script: 30000}, unhandledPromptBehavior: dismiss and notify, webauthn:extension:credBlob: true, webauthn:extension:largeBlob: true, webauthn:virtualAuthenticators: true}
Session ID: 18a5552b25248ebd46caaa1d1a0b0415
]]></error>
  </testcase>
  <testcase name="" classname="| $%^%&amp;^%&amp;*^* |" time="0.004">
    <error message="no such element: Unable to locate element: {&quot;method&quot;:&quot;xpath&quot;,&quot;selector&quot;:&quot;//div[@class=&apos;bp4-tab pl-12 pr-12 pb-2 font-bold text-xl lg:ml-60 mx-auto&apos;]&quot;}&#10;  (Session info: chrome=110.0.5481.100)&#10;For documentation on this error, please visit: https://selenium.dev/exceptions/#no_such_element&#10;Build info: version: &apos;4.1.2&apos;, revision: &apos;9a5a329c5a&apos;&#10;System info: host: &apos;nsystem-mbp&apos;, ip: &apos;fe80:0:0:0:ce7:beec:a50b:8367%en0&apos;, os.name: &apos;Mac OS X&apos;, os.arch: &apos;x86_64&apos;, os.version: &apos;10.16&apos;, java.version: &apos;1.8.0_201&apos;&#10;Driver info: org.openqa.selenium.chrome.ChromeDriver&#10;Command: [18a5552b25248ebd46caaa1d1a0b0415, findElement {using=xpath, value=//div[@class=&apos;bp4-tab pl-12 pr-12 pb-2 font-bold text-xl lg:ml-60 mx-auto&apos;]}]&#10;Capabilities {acceptInsecureCerts: false, browserName: chrome, browserVersion: 110.0.5481.100, chrome: {chromedriverVersion: 110.0.5481.77 (65ed616c6e8e..., userDataDir: /var/folders/00/xzw63_pj58g...}, goog:chromeOptions: {debuggerAddress: localhost:52179}, javascriptEnabled: true, networkConnectionEnabled: false, pageLoadStrategy: normal, platform: MAC, platformName: MAC, proxy: Proxy(), se:cdp: ws://localhost:52179/devtoo..., se:cdpVersion: 110.0.5481.100, setWindowRect: true, strictFileInteractability: false, timeouts: {implicit: 0, pageLoad: 300000, script: 30000}, unhandledPromptBehavior: dismiss and notify, webauthn:extension:credBlob: true, webauthn:extension:largeBlob: true, webauthn:virtualAuthenticators: true}&#10;Session ID: 18a5552b25248ebd46caaa1d1a0b0415" type="org.openqa.selenium.NoSuchElementException"><![CDATA[org.openqa.selenium.NoSuchElementException: 
no such element: Unable to locate element: {"method":"xpath","selector":"//div[@class='bp4-tab pl-12 pr-12 pb-2 font-bold text-xl lg:ml-60 mx-auto']"}
  (Session info: chrome=110.0.5481.100)
For documentation on this error, please visit: https://selenium.dev/exceptions/#no_such_element
Build info: version: '4.1.2', revision: '9a5a329c5a'
System info: host: 'nsystem-mbp', ip: 'fe80:0:0:0:ce7:beec:a50b:8367%en0', os.name: 'Mac OS X', os.arch: 'x86_64', os.version: '10.16', java.version: '1.8.0_201'
Driver info: org.openqa.selenium.chrome.ChromeDriver
Command: [18a5552b25248ebd46caaa1d1a0b0415, findElement {using=xpath, value=//div[@class='bp4-tab pl-12 pr-12 pb-2 font-bold text-xl lg:ml-60 mx-auto']}]
Capabilities {acceptInsecureCerts: false, browserName: chrome, browserVersion: 110.0.5481.100, chrome: {chromedriverVersion: 110.0.5481.77 (65ed616c6e8e..., userDataDir: /var/folders/00/xzw63_pj58g...}, goog:chromeOptions: {debuggerAddress: localhost:52179}, javascriptEnabled: true, networkConnectionEnabled: false, pageLoadStrategy: normal, platform: MAC, platformName: MAC, proxy: Proxy(), se:cdp: ws://localhost:52179/devtoo..., se:cdpVersion: 110.0.5481.100, setWindowRect: true, strictFileInteractability: false, timeouts: {implicit: 0, pageLoad: 300000, script: 30000}, unhandledPromptBehavior: dismiss and notify, webauthn:extension:credBlob: true, webauthn:extension:largeBlob: true, webauthn:virtualAuthenticators: true}
Session ID: 18a5552b25248ebd46caaa1d1a0b0415
]]></error>
  </testcase>
  <testcase name="Given Teacher already on Edit Profile page" classname="| $%^%&amp;^%&amp;*^* |" time="0">
    <skipped/>
    <system-out><![CDATA[
  Background:                                                                   &amp#27;[90m# features/UpdateTeacher.feature:4&amp#27;[0m
    &amp#27;[32mGiven &amp#27;[0m&amp#27;[32mUser open the website GuruMu&amp#27;[0m                                          &amp#27;[90m# LoginSteps.userOpenTheWebsiteGuruMu()&amp#27;[0m
    &amp#27;[32mWhen &amp#27;[0m&amp#27;[32mUser click avatar navigation&amp#27;[0m                                           &amp#27;[90m# LoginSteps.userClickAvatarNavigation()&amp#27;[0m
    &amp#27;[32mAnd &amp#27;[0m&amp#27;[32mUser click menu Masuk&amp#27;[0m                                                   &amp#27;[90m# LoginSteps.userClickMenuMasuk()&amp#27;[0m
    &amp#27;[32mAnd &amp#27;[0m&amp#27;[32mUser input "&amp#27;[0m&amp#27;[32m&amp#27;[1mzulfeekei@gmail.com&amp#27;[0m&amp#27;[32m" as email and input "&amp#27;[0m&amp#27;[32m&amp#27;[1mbe123&amp#27;[0m&amp#27;[32m" as password&amp#27;[0m &amp#27;[90m# LoginSteps.inputCredential(String,String)&amp#27;[0m
    &amp#27;[32mAnd &amp#27;[0m&amp#27;[32mUser clicked masuk button&amp#27;[0m                                               &amp#27;[90m# LoginSteps.userClickMasukButton()&amp#27;[0m
    &amp#27;[32mWhen &amp#27;[0m&amp#27;[32mUser move to Profile Page&amp#27;[0m                                              &amp#27;[90m# PenilaianUlasanSteps.userMoveToProfilePage()&amp#27;[0m
    &amp#27;[31mAnd &amp#27;[0m&amp#27;[31mUser move to edit profile&amp#27;[0m                                               &amp#27;[90m# UpdateTeacherSteps.userMoveToEditProfile()&amp#27;[0m
      &amp#27;[31morg.openqa.selenium.NoSuchElementException: no such element: Unable to locate element: {"method":"xpath","selector":"//div[@class='bp4-tab pl-12 pr-12 pb-2 font-bold text-xl lg:ml-60 mx-auto']"}
        (Session info: chrome=110.0.5481.100)
      For documentation on this error, please visit: https://selenium.dev/exceptions/#no_such_element
      Build info: version: '4.1.2', revision: '9a5a329c5a'
      System info: host: 'nsystem-mbp', ip: 'fe80:0:0:0:ce7:beec:a50b:8367%en0', os.name: 'Mac OS X', os.arch: 'x86_64', os.version: '10.16', java.version: '1.8.0_201'
      Driver info: org.openqa.selenium.chrome.ChromeDriver
      Command: [18a5552b25248ebd46caaa1d1a0b0415, findElement {using=xpath, value=//div[@class='bp4-tab pl-12 pr-12 pb-2 font-bold text-xl lg:ml-60 mx-auto']}]
      Capabilities {acceptInsecureCerts: false, browserName: chrome, browserVersion: 110.0.5481.100, chrome: {chromedriverVersion: 110.0.5481.77 (65ed616c6e8e..., userDataDir: /var/folders/00/xzw63_pj58g...}, goog:chromeOptions: {debuggerAddress: localhost:52179}, javascriptEnabled: true, networkConnectionEnabled: false, pageLoadStrategy: normal, platform: MAC, platformName: MAC, proxy: Proxy(), se:cdp: ws://localhost:52179/devtoo..., se:cdpVersion: 110.0.5481.100, setWindowRect: true, strictFileInteractability: false, timeouts: {implicit: 0, pageLoad: 300000, script: 30000}, unhandledPromptBehavior: dismiss and notify, webauthn:extension:credBlob: true, webauthn:extension:largeBlob: true, webauthn:virtualAuthenticators: true}
      Session ID: 18a5552b25248ebd46caaa1d1a0b0415
      	at sun.reflect.GeneratedConstructorAccessor38.newInstance(Unknown Source)
      	at sun.reflect.DelegatingConstructorAccessorImpl.newInstance(DelegatingConstructorAccessorImpl.java:45)
      	at java.lang.reflect.Constructor.newInstance(Constructor.java:423)
      	at org.openqa.selenium.remote.codec.w3c.W3CHttpResponseCodec.createException(W3CHttpResponseCodec.java:200)
      	at org.openqa.selenium.remote.codec.w3c.W3CHttpResponseCodec.decode(W3CHttpResponseCodec.java:133)
      	at org.openqa.selenium.remote.codec.w3c.W3CHttpResponseCodec.decode(W3CHttpResponseCodec.java:53)
      	at org.openqa.selenium.remote.HttpCommandExecutor.execute(HttpCommandExecutor.java:184)
      	at org.openqa.selenium.remote.service.DriverCommandExecutor.invokeExecute(DriverCommandExecutor.java:167)
      	at org.openqa.selenium.remote.service.DriverCommandExecutor.execute(DriverCommandExecutor.java:142)
      	at org.openqa.selenium.remote.RemoteWebDriver.execute(RemoteWebDriver.java:558)
      	at org.openqa.selenium.remote.ElementLocation$ElementFinder$2.findElement(ElementLocation.java:162)
      	at org.openqa.selenium.remote.ElementLocation.findElement(ElementLocation.java:60)
      	at org.openqa.selenium.remote.RemoteWebDriver.findElement(RemoteWebDriver.java:382)
      	at org.openqa.selenium.remote.RemoteWebDriver.findElement(RemoteWebDriver.java:374)
      	at org.openqa.selenium.support.pagefactory.DefaultElementLocator.findElement(DefaultElementLocator.java:70)
      	at org.openqa.selenium.support.pagefactory.internal.LocatingElementHandler.invoke(LocatingElementHandler.java:39)
      	at com.sun.proxy.$Proxy21.click(Unknown Source)
      	at org.example.pageObject.UpdateTeacherPage.toEditProfile(UpdateTeacherPage.java:327)
      	at step_definitions.UpdateTeacherSteps.userMoveToEditProfile(UpdateTeacherSteps.java:1195)
      	at ✽.And User move to edit profile(features/UpdateTeacher.feature:11)
      &amp#27;[0m
]]></system-out>
  </testcase>
  <testcase name="When Teacher click &apos;LinkedIn&apos; field" classname="| $%^%&amp;^%&amp;*^* |" time="0">
    <skipped/>
  </testcase>
  <testcase name="Then Teacher input with special character like &quot;$%^%&amp;^%&amp;*^*&quot; in &apos;LinkedIn&apos; field" classname="| $%^%&amp;^%&amp;*^* |" time="0">
    <skipped/>
  </testcase>
  <testcase name="Given User open the website GuruMu" classname="Scenario: Verify &apos;Atur Tempat Mengajar&apos; button is enabled" time="0">
    <system-out><![CDATA[
  @TestUpdateTeacher @Test
  Scenario Outline: Input Field with Special Character in 'LinkedIn' field           &amp#27;[90m# features/UpdateTeacher.feature:430&amp#27;[0m
    &amp#27;[36mGiven &amp#27;[0m&amp#27;[36mTeacher already on Edit Profile page&amp#27;[0m                                       &amp#27;[90m# UpdateTeacherSteps.teacherAlreadyOnEditProfilePage()&amp#27;[0m
    &amp#27;[36mWhen &amp#27;[0m&amp#27;[36mTeacher click 'LinkedIn' field&amp#27;[0m                                              &amp#27;[90m# UpdateTeacherSteps.teacherClickLinkedInField()&amp#27;[0m
    &amp#27;[36mThen &amp#27;[0m&amp#27;[36mTeacher input with special character like "&amp#27;[0m&amp#27;[36m&amp#27;[1m$%^%&^%&*^*&amp#27;[0m&amp#27;[36m" in 'LinkedIn' field&amp#27;[0m &amp#27;[90m# UpdateTeacherSteps.teacherInputWithSpecialCharacterLikeInLinkedInField(String)&amp#27;[0m
]]></system-out>
    <system-err><![CDATA[Starting ChromeDriver 110.0.5481.77 (65ed616c6e8ee3fe0ad64fe83796c020644d42af-refs/branch-heads/5481@{#839}) on port 59128
Only local connections are allowed.
Please see https://chromedriver.chromium.org/security-considerations for suggestions on keeping ChromeDriver safe.
ChromeDriver was started successfully.
[1676556078.917][WARNING]: virtual void DevToolsClientImpl::AddListener(DevToolsEventListener *) subscribing a listener to the already connected DevToolsClient. Connection notification will not arrive.
Feb 16, 2023 9:01:19 PM org.openqa.selenium.remote.ProtocolHandshake createSession
INFO: Detected dialect: W3C
Feb 16, 2023 9:01:19 PM org.openqa.selenium.devtools.CdpVersionFinder findNearestMatch
WARNING: Unable to find an exact match for CDP version 110, so returning the closest version found: a no-op implementation
Feb 16, 2023 9:01:19 PM org.openqa.selenium.devtools.CdpVersionFinder findNearestMatch
INFO: Unable to find CDP implementation matching 110.
Feb 16, 2023 9:01:19 PM org.openqa.selenium.chromium.ChromiumDriver lambda$new$3
WARNING: Unable to find version of CDP to use for . You may need to include a dependency on a specific version of the CDP using something similar to `org.seleniumhq.selenium:selenium-devtools-v86:4.1.2` where the version ("v86") matches the version of the chromium-based browser you're using and the version number of the artifact is the same as Selenium's.
]]></system-err>
  </testcase>
  <testcase name="When User click avatar navigation" classname="Scenario: Verify &apos;Atur Tempat Mengajar&apos; button is enabled" time="0"/>
  <testcase name="And User click menu Masuk" classname="Scenario: Verify &apos;Atur Tempat Mengajar&apos; button is enabled" time="0"/>
  <testcase name="And User input &quot;zulfeekei@gmail.com&quot; as email and input &quot;be123&quot; as password" classname="Scenario: Verify &apos;Atur Tempat Mengajar&apos; button is enabled" time="0"/>
  <testcase name="And User clicked masuk button" classname="Scenario: Verify &apos;Atur Tempat Mengajar&apos; button is enabled" time="0"/>
  <testcase name="When User move to Profile Page" classname="Scenario: Verify &apos;Atur Tempat Mengajar&apos; button is enabled" time="0"/>
  <testcase name="And User move to edit profile" classname="Scenario: Verify &apos;Atur Tempat Mengajar&apos; button is enabled" time="0.005">
    <error message="no such element: Unable to locate element: {&quot;method&quot;:&quot;xpath&quot;,&quot;selector&quot;:&quot;//div[@class=&apos;bp4-tab pl-12 pr-12 pb-2 font-bold text-xl lg:ml-60 mx-auto&apos;]&quot;}&#10;  (Session info: chrome=110.0.5481.100)&#10;For documentation on this error, please visit: https://selenium.dev/exceptions/#no_such_element&#10;Build info: version: &apos;4.1.2&apos;, revision: &apos;9a5a329c5a&apos;&#10;System info: host: &apos;nsystem-mbp&apos;, ip: &apos;fe80:0:0:0:ce7:beec:a50b:8367%en0&apos;, os.name: &apos;Mac OS X&apos;, os.arch: &apos;x86_64&apos;, os.version: &apos;10.16&apos;, java.version: &apos;1.8.0_201&apos;&#10;Driver info: org.openqa.selenium.chrome.ChromeDriver&#10;Command: [e741d0e44d49b636062127a17bd26c26, findElement {using=xpath, value=//div[@class=&apos;bp4-tab pl-12 pr-12 pb-2 font-bold text-xl lg:ml-60 mx-auto&apos;]}]&#10;Capabilities {acceptInsecureCerts: false, browserName: chrome, browserVersion: 110.0.5481.100, chrome: {chromedriverVersion: 110.0.5481.77 (65ed616c6e8e..., userDataDir: /var/folders/00/xzw63_pj58g...}, goog:chromeOptions: {debuggerAddress: localhost:52207}, javascriptEnabled: true, networkConnectionEnabled: false, pageLoadStrategy: normal, platform: MAC, platformName: MAC, proxy: Proxy(), se:cdp: ws://localhost:52207/devtoo..., se:cdpVersion: 110.0.5481.100, setWindowRect: true, strictFileInteractability: false, timeouts: {implicit: 0, pageLoad: 300000, script: 30000}, unhandledPromptBehavior: dismiss and notify, webauthn:extension:credBlob: true, webauthn:extension:largeBlob: true, webauthn:virtualAuthenticators: true}&#10;Session ID: e741d0e44d49b636062127a17bd26c26" type="org.openqa.selenium.NoSuchElementException"><![CDATA[org.openqa.selenium.NoSuchElementException: 
no such element: Unable to locate element: {"method":"xpath","selector":"//div[@class='bp4-tab pl-12 pr-12 pb-2 font-bold text-xl lg:ml-60 mx-auto']"}
  (Session info: chrome=110.0.5481.100)
For documentation on this error, please visit: https://selenium.dev/exceptions/#no_such_element
Build info: version: '4.1.2', revision: '9a5a329c5a'
System info: host: 'nsystem-mbp', ip: 'fe80:0:0:0:ce7:beec:a50b:8367%en0', os.name: 'Mac OS X', os.arch: 'x86_64', os.version: '10.16', java.version: '1.8.0_201'
Driver info: org.openqa.selenium.chrome.ChromeDriver
Command: [e741d0e44d49b636062127a17bd26c26, findElement {using=xpath, value=//div[@class='bp4-tab pl-12 pr-12 pb-2 font-bold text-xl lg:ml-60 mx-auto']}]
Capabilities {acceptInsecureCerts: false, browserName: chrome, browserVersion: 110.0.5481.100, chrome: {chromedriverVersion: 110.0.5481.77 (65ed616c6e8e..., userDataDir: /var/folders/00/xzw63_pj58g...}, goog:chromeOptions: {debuggerAddress: localhost:52207}, javascriptEnabled: true, networkConnectionEnabled: false, pageLoadStrategy: normal, platform: MAC, platformName: MAC, proxy: Proxy(), se:cdp: ws://localhost:52207/devtoo..., se:cdpVersion: 110.0.5481.100, setWindowRect: true, strictFileInteractability: false, timeouts: {implicit: 0, pageLoad: 300000, script: 30000}, unhandledPromptBehavior: dismiss and notify, webauthn:extension:credBlob: true, webauthn:extension:largeBlob: true, webauthn:virtualAuthenticators: true}
Session ID: e741d0e44d49b636062127a17bd26c26
]]></error>
  </testcase>
  <testcase name="" classname="Scenario: Verify &apos;Atur Tempat Mengajar&apos; button is enabled" time="0.006">
    <error message="no such element: Unable to locate element: {&quot;method&quot;:&quot;xpath&quot;,&quot;selector&quot;:&quot;//div[@class=&apos;bp4-tab pl-12 pr-12 pb-2 font-bold text-xl lg:ml-60 mx-auto&apos;]&quot;}&#10;  (Session info: chrome=110.0.5481.100)&#10;For documentation on this error, please visit: https://selenium.dev/exceptions/#no_such_element&#10;Build info: version: &apos;4.1.2&apos;, revision: &apos;9a5a329c5a&apos;&#10;System info: host: &apos;nsystem-mbp&apos;, ip: &apos;fe80:0:0:0:ce7:beec:a50b:8367%en0&apos;, os.name: &apos;Mac OS X&apos;, os.arch: &apos;x86_64&apos;, os.version: &apos;10.16&apos;, java.version: &apos;1.8.0_201&apos;&#10;Driver info: org.openqa.selenium.chrome.ChromeDriver&#10;Command: [e741d0e44d49b636062127a17bd26c26, findElement {using=xpath, value=//div[@class=&apos;bp4-tab pl-12 pr-12 pb-2 font-bold text-xl lg:ml-60 mx-auto&apos;]}]&#10;Capabilities {acceptInsecureCerts: false, browserName: chrome, browserVersion: 110.0.5481.100, chrome: {chromedriverVersion: 110.0.5481.77 (65ed616c6e8e..., userDataDir: /var/folders/00/xzw63_pj58g...}, goog:chromeOptions: {debuggerAddress: localhost:52207}, javascriptEnabled: true, networkConnectionEnabled: false, pageLoadStrategy: normal, platform: MAC, platformName: MAC, proxy: Proxy(), se:cdp: ws://localhost:52207/devtoo..., se:cdpVersion: 110.0.5481.100, setWindowRect: true, strictFileInteractability: false, timeouts: {implicit: 0, pageLoad: 300000, script: 30000}, unhandledPromptBehavior: dismiss and notify, webauthn:extension:credBlob: true, webauthn:extension:largeBlob: true, webauthn:virtualAuthenticators: true}&#10;Session ID: e741d0e44d49b636062127a17bd26c26" type="org.openqa.selenium.NoSuchElementException"><![CDATA[org.openqa.selenium.NoSuchElementException: 
no such element: Unable to locate element: {"method":"xpath","selector":"//div[@class='bp4-tab pl-12 pr-12 pb-2 font-bold text-xl lg:ml-60 mx-auto']"}
  (Session info: chrome=110.0.5481.100)
For documentation on this error, please visit: https://selenium.dev/exceptions/#no_such_element
Build info: version: '4.1.2', revision: '9a5a329c5a'
System info: host: 'nsystem-mbp', ip: 'fe80:0:0:0:ce7:beec:a50b:8367%en0', os.name: 'Mac OS X', os.arch: 'x86_64', os.version: '10.16', java.version: '1.8.0_201'
Driver info: org.openqa.selenium.chrome.ChromeDriver
Command: [e741d0e44d49b636062127a17bd26c26, findElement {using=xpath, value=//div[@class='bp4-tab pl-12 pr-12 pb-2 font-bold text-xl lg:ml-60 mx-auto']}]
Capabilities {acceptInsecureCerts: false, browserName: chrome, browserVersion: 110.0.5481.100, chrome: {chromedriverVersion: 110.0.5481.77 (65ed616c6e8e..., userDataDir: /var/folders/00/xzw63_pj58g...}, goog:chromeOptions: {debuggerAddress: localhost:52207}, javascriptEnabled: true, networkConnectionEnabled: false, pageLoadStrategy: normal, platform: MAC, platformName: MAC, proxy: Proxy(), se:cdp: ws://localhost:52207/devtoo..., se:cdpVersion: 110.0.5481.100, setWindowRect: true, strictFileInteractability: false, timeouts: {implicit: 0, pageLoad: 300000, script: 30000}, unhandledPromptBehavior: dismiss and notify, webauthn:extension:credBlob: true, webauthn:extension:largeBlob: true, webauthn:virtualAuthenticators: true}
Session ID: e741d0e44d49b636062127a17bd26c26
]]></error>
  </testcase>
  <testcase name="Given Teacher already on Edit Profile page" classname="Scenario: Verify &apos;Atur Tempat Mengajar&apos; button is enabled" time="0">
    <skipped/>
    <system-out><![CDATA[
  Background:                                                                   &amp#27;[90m# features/UpdateTeacher.feature:4&amp#27;[0m
    &amp#27;[32mGiven &amp#27;[0m&amp#27;[32mUser open the website GuruMu&amp#27;[0m                                          &amp#27;[90m# LoginSteps.userOpenTheWebsiteGuruMu()&amp#27;[0m
    &amp#27;[32mWhen &amp#27;[0m&amp#27;[32mUser click avatar navigation&amp#27;[0m                                           &amp#27;[90m# LoginSteps.userClickAvatarNavigation()&amp#27;[0m
    &amp#27;[32mAnd &amp#27;[0m&amp#27;[32mUser click menu Masuk&amp#27;[0m                                                   &amp#27;[90m# LoginSteps.userClickMenuMasuk()&amp#27;[0m
    &amp#27;[32mAnd &amp#27;[0m&amp#27;[32mUser input "&amp#27;[0m&amp#27;[32m&amp#27;[1mzulfeekei@gmail.com&amp#27;[0m&amp#27;[32m" as email and input "&amp#27;[0m&amp#27;[32m&amp#27;[1mbe123&amp#27;[0m&amp#27;[32m" as password&amp#27;[0m &amp#27;[90m# LoginSteps.inputCredential(String,String)&amp#27;[0m
    &amp#27;[32mAnd &amp#27;[0m&amp#27;[32mUser clicked masuk button&amp#27;[0m                                               &amp#27;[90m# LoginSteps.userClickMasukButton()&amp#27;[0m
    &amp#27;[32mWhen &amp#27;[0m&amp#27;[32mUser move to Profile Page&amp#27;[0m                                              &amp#27;[90m# PenilaianUlasanSteps.userMoveToProfilePage()&amp#27;[0m
    &amp#27;[31mAnd &amp#27;[0m&amp#27;[31mUser move to edit profile&amp#27;[0m                                               &amp#27;[90m# UpdateTeacherSteps.userMoveToEditProfile()&amp#27;[0m
      &amp#27;[31morg.openqa.selenium.NoSuchElementException: no such element: Unable to locate element: {"method":"xpath","selector":"//div[@class='bp4-tab pl-12 pr-12 pb-2 font-bold text-xl lg:ml-60 mx-auto']"}
        (Session info: chrome=110.0.5481.100)
      For documentation on this error, please visit: https://selenium.dev/exceptions/#no_such_element
      Build info: version: '4.1.2', revision: '9a5a329c5a'
      System info: host: 'nsystem-mbp', ip: 'fe80:0:0:0:ce7:beec:a50b:8367%en0', os.name: 'Mac OS X', os.arch: 'x86_64', os.version: '10.16', java.version: '1.8.0_201'
      Driver info: org.openqa.selenium.chrome.ChromeDriver
      Command: [e741d0e44d49b636062127a17bd26c26, findElement {using=xpath, value=//div[@class='bp4-tab pl-12 pr-12 pb-2 font-bold text-xl lg:ml-60 mx-auto']}]
      Capabilities {acceptInsecureCerts: false, browserName: chrome, browserVersion: 110.0.5481.100, chrome: {chromedriverVersion: 110.0.5481.77 (65ed616c6e8e..., userDataDir: /var/folders/00/xzw63_pj58g...}, goog:chromeOptions: {debuggerAddress: localhost:52207}, javascriptEnabled: true, networkConnectionEnabled: false, pageLoadStrategy: normal, platform: MAC, platformName: MAC, proxy: Proxy(), se:cdp: ws://localhost:52207/devtoo..., se:cdpVersion: 110.0.5481.100, setWindowRect: true, strictFileInteractability: false, timeouts: {implicit: 0, pageLoad: 300000, script: 30000}, unhandledPromptBehavior: dismiss and notify, webauthn:extension:credBlob: true, webauthn:extension:largeBlob: true, webauthn:virtualAuthenticators: true}
      Session ID: e741d0e44d49b636062127a17bd26c26
      	at sun.reflect.GeneratedConstructorAccessor38.newInstance(Unknown Source)
      	at sun.reflect.DelegatingConstructorAccessorImpl.newInstance(DelegatingConstructorAccessorImpl.java:45)
      	at java.lang.reflect.Constructor.newInstance(Constructor.java:423)
      	at org.openqa.selenium.remote.codec.w3c.W3CHttpResponseCodec.createException(W3CHttpResponseCodec.java:200)
      	at org.openqa.selenium.remote.codec.w3c.W3CHttpResponseCodec.decode(W3CHttpResponseCodec.java:133)
      	at org.openqa.selenium.remote.codec.w3c.W3CHttpResponseCodec.decode(W3CHttpResponseCodec.java:53)
      	at org.openqa.selenium.remote.HttpCommandExecutor.execute(HttpCommandExecutor.java:184)
      	at org.openqa.selenium.remote.service.DriverCommandExecutor.invokeExecute(DriverCommandExecutor.java:167)
      	at org.openqa.selenium.remote.service.DriverCommandExecutor.execute(DriverCommandExecutor.java:142)
      	at org.openqa.selenium.remote.RemoteWebDriver.execute(RemoteWebDriver.java:558)
      	at org.openqa.selenium.remote.ElementLocation$ElementFinder$2.findElement(ElementLocation.java:162)
      	at org.openqa.selenium.remote.ElementLocation.findElement(ElementLocation.java:60)
      	at org.openqa.selenium.remote.RemoteWebDriver.findElement(RemoteWebDriver.java:382)
      	at org.openqa.selenium.remote.RemoteWebDriver.findElement(RemoteWebDriver.java:374)
      	at org.openqa.selenium.support.pagefactory.DefaultElementLocator.findElement(DefaultElementLocator.java:70)
      	at org.openqa.selenium.support.pagefactory.internal.LocatingElementHandler.invoke(LocatingElementHandler.java:39)
      	at com.sun.proxy.$Proxy21.click(Unknown Source)
      	at org.example.pageObject.UpdateTeacherPage.toEditProfile(UpdateTeacherPage.java:327)
      	at step_definitions.UpdateTeacherSteps.userMoveToEditProfile(UpdateTeacherSteps.java:1195)
      	at ✽.And User move to edit profile(features/UpdateTeacher.feature:11)
      &amp#27;[0m
]]></system-out>
  </testcase>
  <testcase name="When Teacher click &apos;Atur Tempat Mengajar&apos; button" classname="Scenario: Verify &apos;Atur Tempat Mengajar&apos; button is enabled" time="0">
    <skipped/>
  </testcase>
  <testcase name="Then &apos;Atur Tempat Mengajar&apos; field can be Clicked" classname="Scenario: Verify &apos;Atur Tempat Mengajar&apos; button is enabled" time="0">
    <skipped/>
  </testcase>
  <testcase name="And Show OpenStreetMap" classname="Scenario: Verify &apos;Atur Tempat Mengajar&apos; button is enabled" time="0">
    <skipped/>
  </testcase>
  <testcase name="Given User open the website GuruMu" classname="Scenario: Teacher &apos;Perbarui&apos; button with all data form has been filled" time="0">
    <system-out><![CDATA[
  Scenario: Verify 'Atur Tempat Mengajar' button is enabled &amp#27;[90m# features/UpdateTeacher.feature:432&amp#27;[0m
    &amp#27;[36mGiven &amp#27;[0m&amp#27;[36mTeacher already on Edit Profile page&amp#27;[0m              &amp#27;[90m# UpdateTeacherSteps.teacherAlreadyOnEditProfilePage()&amp#27;[0m
    &amp#27;[36mWhen &amp#27;[0m&amp#27;[36mTeacher click 'Atur Tempat Mengajar' button&amp#27;[0m        &amp#27;[90m# UpdateTeacherSteps.teacherClickAturTempatMengajarButton()&amp#27;[0m
    &amp#27;[36mThen &amp#27;[0m&amp#27;[36m'Atur Tempat Mengajar' field can be Clicked&amp#27;[0m        &amp#27;[90m# UpdateTeacherSteps.aturTempatMengajarFieldCanBeClicked()&amp#27;[0m
    &amp#27;[36mAnd &amp#27;[0m&amp#27;[36mShow OpenStreetMap&amp#27;[0m                                  &amp#27;[90m# UpdateTeacherSteps.showOpenStreetMap()&amp#27;[0m
]]></system-out>
    <system-err><![CDATA[Starting ChromeDriver 110.0.5481.77 (65ed616c6e8ee3fe0ad64fe83796c020644d42af-refs/branch-heads/5481@{#839}) on port 64224
Only local connections are allowed.
Please see https://chromedriver.chromium.org/security-considerations for suggestions on keeping ChromeDriver safe.
ChromeDriver was started successfully.
[1676556110.545][WARNING]: virtual void DevToolsClientImpl::AddListener(DevToolsEventListener *) subscribing a listener to the already connected DevToolsClient. Connection notification will not arrive.
Feb 16, 2023 9:01:50 PM org.openqa.selenium.remote.ProtocolHandshake createSession
INFO: Detected dialect: W3C
Feb 16, 2023 9:01:50 PM org.openqa.selenium.devtools.CdpVersionFinder findNearestMatch
WARNING: Unable to find an exact match for CDP version 110, so returning the closest version found: a no-op implementation
Feb 16, 2023 9:01:50 PM org.openqa.selenium.devtools.CdpVersionFinder findNearestMatch
INFO: Unable to find CDP implementation matching 110.
Feb 16, 2023 9:01:50 PM org.openqa.selenium.chromium.ChromiumDriver lambda$new$3
WARNING: Unable to find version of CDP to use for . You may need to include a dependency on a specific version of the CDP using something similar to `org.seleniumhq.selenium:selenium-devtools-v86:4.1.2` where the version ("v86") matches the version of the chromium-based browser you're using and the version number of the artifact is the same as Selenium's.
]]></system-err>
  </testcase>
  <testcase name="Given User open the website GuruMu" classname="Scenario: Teacher &apos;Perbarui&apos; button with all data form has been filled" time="0">
    <system-out><![CDATA[
  Scenario: Teacher 'Perbarui' button with all data form has been filled &amp#27;[90m# features/UpdateTeacher.feature:438&amp#27;[0m
    &amp#27;[36mGiven &amp#27;[0m&amp#27;[36mTeacher already on Edit Profile page&amp#27;[0m                           &amp#27;[90m# UpdateTeacherSteps.teacherAlreadyOnEditProfilePage()&amp#27;[0m
    &amp#27;[36mWhen &amp#27;[0m&amp#27;[36mTeacher fill all data form&amp#27;[0m                                      &amp#27;[90m# UpdateTeacherSteps.teacherFillAllDataForm()&amp#27;[0m
    &amp#27;[36mThen &amp#27;[0m&amp#27;[36mTeacher click 'Perbarui' button&amp#27;[0m                                 &amp#27;[90m# UpdateTeacherSteps.teacherClickPerbaruiButton()&amp#27;[0m
]]></system-out>
    <system-err><![CDATA[Starting ChromeDriver 110.0.5481.77 (65ed616c6e8ee3fe0ad64fe83796c020644d42af-refs/branch-heads/5481@{#839}) on port 61842
Only local connections are allowed.
Please see https://chromedriver.chromium.org/security-considerations for suggestions on keeping ChromeDriver safe.
ChromeDriver was started successfully.
[1676556140.863][WARNING]: virtual void DevToolsClientImpl::AddListener(DevToolsEventListener *) subscribing a listener to the already connected DevToolsClient. Connection notification will not arrive.
Feb 16, 2023 9:02:21 PM org.openqa.selenium.remote.ProtocolHandshake createSession
INFO: Detected dialect: W3C
Feb 16, 2023 9:02:21 PM org.openqa.selenium.devtools.CdpVersionFinder findNearestMatch
WARNING: Unable to find an exact match for CDP version 110, so returning the closest version found: a no-op implementation
Feb 16, 2023 9:02:21 PM org.openqa.selenium.devtools.CdpVersionFinder findNearestMatch
INFO: Unable to find CDP implementation matching 110.
Feb 16, 2023 9:02:21 PM org.openqa.selenium.chromium.ChromiumDriver lambda$new$3
WARNING: Unable to find version of CDP to use for . You may need to include a dependency on a specific version of the CDP using something similar to `org.seleniumhq.selenium:selenium-devtools-v86:4.1.2` where the version ("v86") matches the version of the chromium-based browser you're using and the version number of the artifact is the same as Selenium's.
]]></system-err>
  </testcase>
  <testcase name="Given User open the website GuruMu" classname="Scenario: Teacher &apos;Perbarui&apos; button with all data form has been filled" time="0">
    <system-out><![CDATA[
  Scenario: Teacher 'Perbarui' button with all data form has been filled &amp#27;[90m# features/UpdateTeacher.feature:443&amp#27;[0m
    &amp#27;[36mGiven &amp#27;[0m&amp#27;[36mTeacher already on Edit Profile page&amp#27;[0m                           &amp#27;[90m# UpdateTeacherSteps.teacherAlreadyOnEditProfilePage()&amp#27;[0m
    &amp#27;[31mWhen &amp#27;[0m&amp#27;[31mTeacher fill all data form but not on 'Tarif / Jam' field&amp#27;[0m       &amp#27;[90m# UpdateTeacherSteps.teacherFillAllDataForm()&amp#27;[0m
      &amp#27;[31mcucumber.runtime.AmbiguousStepDefinitionsException: ✽.When Teacher fill all data form but not on 'Tarif / Jam' field(features/UpdateTeacher.feature:445) matches more than one step definition:
        Teacher fill all data form in UpdateTeacherSteps.teacherFillAllDataForm()
        Teacher fill all data form but not on 'Tarif / Jam' field in UpdateTeacherSteps.teacherFillAllDataFormButNotOnTarifJamField()
      
      	at cucumber.runtime.RuntimeGlue.stepDefinitionMatch(RuntimeGlue.java:71)
      	at cucumber.runtime.Runtime.runStep(Runtime.java:267)
      	at cucumber.runtime.model.StepContainer.runStep(StepContainer.java:44)
      	at cucumber.runtime.model.StepContainer.runSteps(StepContainer.java:39)
      	at cucumber.runtime.model.CucumberScenario.run(CucumberScenario.java:44)
      	at cucumber.runtime.junit.ExecutionUnitRunner.run(ExecutionUnitRunner.java:102)
      	at cucumber.runtime.junit.FeatureRunner.runChild(FeatureRunner.java:63)
      	at cucumber.runtime.junit.FeatureRunner.runChild(FeatureRunner.java:18)
      	at org.junit.runners.ParentRunner$3.run(ParentRunner.java:238)
      	at org.junit.runners.ParentRunner$1.schedule(ParentRunner.java:63)
      	at org.junit.runners.ParentRunner.runChildren(ParentRunner.java:236)
      	at org.junit.runners.ParentRunner.access$000(ParentRunner.java:53)
      	at org.junit.runners.ParentRunner$2.evaluate(ParentRunner.java:229)
      	at org.junit.runners.ParentRunner.run(ParentRunner.java:309)
      	at cucumber.runtime.junit.FeatureRunner.run(FeatureRunner.java:70)
      	at cucumber.api.junit.Cucumber.runChild(Cucumber.java:95)
      	at cucumber.api.junit.Cucumber.runChild(Cucumber.java:38)
      	at org.junit.runners.ParentRunner$3.run(ParentRunner.java:238)
      	at org.junit.runners.ParentRunner$1.schedule(ParentRunner.java:63)
      	at org.junit.runners.ParentRunner.runChildren(ParentRunner.java:236)
      	at org.junit.runners.ParentRunner.access$000(ParentRunner.java:53)
      	at org.junit.runners.ParentRunner$2.evaluate(ParentRunner.java:229)
      	at org.junit.runners.ParentRunner.run(ParentRunner.java:309)
      	at cucumber.api.junit.Cucumber.run(Cucumber.java:100)
      	at org.apache.maven.surefire.junit4.JUnit4Provider.execute(JUnit4Provider.java:364)
      	at org.apache.maven.surefire.junit4.JUnit4Provider.executeWithRerun(JUnit4Provider.java:272)
      	at org.apache.maven.surefire.junit4.JUnit4Provider.executeTestSet(JUnit4Provider.java:237)
      	at org.apache.maven.surefire.junit4.JUnit4Provider.invoke(JUnit4Provider.java:158)
      	at org.apache.maven.surefire.booter.ForkedBooter.runSuitesInProcess(ForkedBooter.java:428)
      	at org.apache.maven.surefire.booter.ForkedBooter.execute(ForkedBooter.java:162)
      	at org.apache.maven.surefire.booter.ForkedBooter.run(ForkedBooter.java:562)
      	at org.apache.maven.surefire.booter.ForkedBooter.main(ForkedBooter.java:548)
      &amp#27;[0m
    &amp#27;[36mThen &amp#27;[0m&amp#27;[36mTeacher click 'Perbarui' button&amp#27;[0m                                 &amp#27;[90m# UpdateTeacherSteps.teacherClickPerbaruiButton()&amp#27;[0m
]]></system-out>
    <system-err><![CDATA[Starting ChromeDriver 110.0.5481.77 (65ed616c6e8ee3fe0ad64fe83796c020644d42af-refs/branch-heads/5481@{#839}) on port 50941
Only local connections are allowed.
Please see https://chromedriver.chromium.org/security-considerations for suggestions on keeping ChromeDriver safe.
ChromeDriver was started successfully.
[1676556171.263][WARNING]: virtual void DevToolsClientImpl::AddListener(DevToolsEventListener *) subscribing a listener to the already connected DevToolsClient. Connection notification will not arrive.
Feb 16, 2023 9:02:51 PM org.openqa.selenium.remote.ProtocolHandshake createSession
INFO: Detected dialect: W3C
Feb 16, 2023 9:02:51 PM org.openqa.selenium.devtools.CdpVersionFinder findNearestMatch
WARNING: Unable to find an exact match for CDP version 110, so returning the closest version found: a no-op implementation
Feb 16, 2023 9:02:51 PM org.openqa.selenium.devtools.CdpVersionFinder findNearestMatch
INFO: Unable to find CDP implementation matching 110.
Feb 16, 2023 9:02:51 PM org.openqa.selenium.chromium.ChromiumDriver lambda$new$3
WARNING: Unable to find version of CDP to use for . You may need to include a dependency on a specific version of the CDP using something similar to `org.seleniumhq.selenium:selenium-devtools-v86:4.1.2` where the version ("v86") matches the version of the chromium-based browser you're using and the version number of the artifact is the same as Selenium's.
]]></system-err>
  </testcase>
  <testcase name="Given User open the website GuruMu" classname="Scenario: Teacher &apos;Perbarui&apos; button with all data form has been filled" time="0">
    <system-out><![CDATA[
  Scenario: Teacher 'Perbarui' button with all data form has been filled        &amp#27;[90m# features/UpdateTeacher.feature:448&amp#27;[0m
    &amp#27;[36mGiven &amp#27;[0m&amp#27;[36mTeacher already on Edit Profile page&amp#27;[0m                                  &amp#27;[90m# UpdateTeacherSteps.teacherAlreadyOnEditProfilePage()&amp#27;[0m
    &amp#27;[31mWhen &amp#27;[0m&amp#27;[31mTeacher fill all data form but not on 'Specialis Mata Pelajaran' field&amp#27;[0m &amp#27;[90m# UpdateTeacherSteps.teacherFillAllDataForm()&amp#27;[0m
      &amp#27;[31mcucumber.runtime.AmbiguousStepDefinitionsException: ✽.When Teacher fill all data form but not on 'Specialis Mata Pelajaran' field(features/UpdateTeacher.feature:450) matches more than one step definition:
        Teacher fill all data form in UpdateTeacherSteps.teacherFillAllDataForm()
        Teacher fill all data form but not on 'Specialis Mata Pelajaran' field in UpdateTeacherSteps.teacherFillAllDataFormButNotOnSpecialisMataPelajaranField()
      
      	at cucumber.runtime.RuntimeGlue.stepDefinitionMatch(RuntimeGlue.java:71)
      	at cucumber.runtime.Runtime.runStep(Runtime.java:267)
      	at cucumber.runtime.model.StepContainer.runStep(StepContainer.java:44)
      	at cucumber.runtime.model.StepContainer.runSteps(StepContainer.java:39)
      	at cucumber.runtime.model.CucumberScenario.run(CucumberScenario.java:44)
      	at cucumber.runtime.junit.ExecutionUnitRunner.run(ExecutionUnitRunner.java:102)
      	at cucumber.runtime.junit.FeatureRunner.runChild(FeatureRunner.java:63)
      	at cucumber.runtime.junit.FeatureRunner.runChild(FeatureRunner.java:18)
      	at org.junit.runners.ParentRunner$3.run(ParentRunner.java:238)
      	at org.junit.runners.ParentRunner$1.schedule(ParentRunner.java:63)
      	at org.junit.runners.ParentRunner.runChildren(ParentRunner.java:236)
      	at org.junit.runners.ParentRunner.access$000(ParentRunner.java:53)
      	at org.junit.runners.ParentRunner$2.evaluate(ParentRunner.java:229)
      	at org.junit.runners.ParentRunner.run(ParentRunner.java:309)
      	at cucumber.runtime.junit.FeatureRunner.run(FeatureRunner.java:70)
      	at cucumber.api.junit.Cucumber.runChild(Cucumber.java:95)
      	at cucumber.api.junit.Cucumber.runChild(Cucumber.java:38)
      	at org.junit.runners.ParentRunner$3.run(ParentRunner.java:238)
      	at org.junit.runners.ParentRunner$1.schedule(ParentRunner.java:63)
      	at org.junit.runners.ParentRunner.runChildren(ParentRunner.java:236)
      	at org.junit.runners.ParentRunner.access$000(ParentRunner.java:53)
      	at org.junit.runners.ParentRunner$2.evaluate(ParentRunner.java:229)
      	at org.junit.runners.ParentRunner.run(ParentRunner.java:309)
      	at cucumber.api.junit.Cucumber.run(Cucumber.java:100)
      	at org.apache.maven.surefire.junit4.JUnit4Provider.execute(JUnit4Provider.java:364)
      	at org.apache.maven.surefire.junit4.JUnit4Provider.executeWithRerun(JUnit4Provider.java:272)
      	at org.apache.maven.surefire.junit4.JUnit4Provider.executeTestSet(JUnit4Provider.java:237)
      	at org.apache.maven.surefire.junit4.JUnit4Provider.invoke(JUnit4Provider.java:158)
      	at org.apache.maven.surefire.booter.ForkedBooter.runSuitesInProcess(ForkedBooter.java:428)
      	at org.apache.maven.surefire.booter.ForkedBooter.execute(ForkedBooter.java:162)
      	at org.apache.maven.surefire.booter.ForkedBooter.run(ForkedBooter.java:562)
      	at org.apache.maven.surefire.booter.ForkedBooter.main(ForkedBooter.java:548)
      &amp#27;[0m
    &amp#27;[36mThen &amp#27;[0m&amp#27;[36mTeacher click 'Perbarui' button&amp#27;[0m                                        &amp#27;[90m# UpdateTeacherSteps.teacherClickPerbaruiButton()&amp#27;[0m
]]></system-out>
    <system-err><![CDATA[Starting ChromeDriver 110.0.5481.77 (65ed616c6e8ee3fe0ad64fe83796c020644d42af-refs/branch-heads/5481@{#839}) on port 57420
Only local connections are allowed.
Please see https://chromedriver.chromium.org/security-considerations for suggestions on keeping ChromeDriver safe.
ChromeDriver was started successfully.
[1676556203.418][WARNING]: virtual void DevToolsClientImpl::AddListener(DevToolsEventListener *) subscribing a listener to the already connected DevToolsClient. Connection notification will not arrive.
Feb 16, 2023 9:03:23 PM org.openqa.selenium.remote.ProtocolHandshake createSession
INFO: Detected dialect: W3C
Feb 16, 2023 9:03:23 PM org.openqa.selenium.devtools.CdpVersionFinder findNearestMatch
WARNING: Unable to find an exact match for CDP version 110, so returning the closest version found: a no-op implementation
Feb 16, 2023 9:03:23 PM org.openqa.selenium.devtools.CdpVersionFinder findNearestMatch
INFO: Unable to find CDP implementation matching 110.
Feb 16, 2023 9:03:23 PM org.openqa.selenium.chromium.ChromiumDriver lambda$new$3
WARNING: Unable to find version of CDP to use for . You may need to include a dependency on a specific version of the CDP using something similar to `org.seleniumhq.selenium:selenium-devtools-v86:4.1.2` where the version ("v86") matches the version of the chromium-based browser you're using and the version number of the artifact is the same as Selenium's.
]]></system-err>
  </testcase>
  <testcase name="Given User open the website GuruMu" classname="Scenario: Teacher &apos;Perbarui&apos; button with all data form has been filled" time="0">
    <system-out><![CDATA[
  Scenario: Submit 'Perbarui' button with all data form has been filled &amp#27;[90m# features/UpdateTeacher.feature:463&amp#27;[0m
    &amp#27;[36mGiven &amp#27;[0m&amp#27;[36mTeacher already on Edit Profile page&amp#27;[0m                          &amp#27;[90m# UpdateTeacherSteps.teacherAlreadyOnEditProfilePage()&amp#27;[0m
    &amp#27;[31mWhen &amp#27;[0m&amp#27;[31mTeacher fill all data form but not on 'Unggah Foto' field&amp#27;[0m      &amp#27;[90m# UpdateTeacherSteps.teacherFillAllDataForm()&amp#27;[0m
      &amp#27;[31mcucumber.runtime.AmbiguousStepDefinitionsException: ✽.When Teacher fill all data form but not on 'Unggah Foto' field(features/UpdateTeacher.feature:465) matches more than one step definition:
        Teacher fill all data form in UpdateTeacherSteps.teacherFillAllDataForm()
        Teacher fill all data form but not on 'Unggah Foto' field in UpdateTeacherSteps.teacherFillAllDataFormButNotOnUnggahFotoField()
      
      	at cucumber.runtime.RuntimeGlue.stepDefinitionMatch(RuntimeGlue.java:71)
      	at cucumber.runtime.Runtime.runStep(Runtime.java:267)
      	at cucumber.runtime.model.StepContainer.runStep(StepContainer.java:44)
      	at cucumber.runtime.model.StepContainer.runSteps(StepContainer.java:39)
      	at cucumber.runtime.model.CucumberScenario.run(CucumberScenario.java:44)
      	at cucumber.runtime.junit.ExecutionUnitRunner.run(ExecutionUnitRunner.java:102)
      	at cucumber.runtime.junit.FeatureRunner.runChild(FeatureRunner.java:63)
      	at cucumber.runtime.junit.FeatureRunner.runChild(FeatureRunner.java:18)
      	at org.junit.runners.ParentRunner$3.run(ParentRunner.java:238)
      	at org.junit.runners.ParentRunner$1.schedule(ParentRunner.java:63)
      	at org.junit.runners.ParentRunner.runChildren(ParentRunner.java:236)
      	at org.junit.runners.ParentRunner.access$000(ParentRunner.java:53)
      	at org.junit.runners.ParentRunner$2.evaluate(ParentRunner.java:229)
      	at org.junit.runners.ParentRunner.run(ParentRunner.java:309)
      	at cucumber.runtime.junit.FeatureRunner.run(FeatureRunner.java:70)
      	at cucumber.api.junit.Cucumber.runChild(Cucumber.java:95)
      	at cucumber.api.junit.Cucumber.runChild(Cucumber.java:38)
      	at org.junit.runners.ParentRunner$3.run(ParentRunner.java:238)
      	at org.junit.runners.ParentRunner$1.schedule(ParentRunner.java:63)
      	at org.junit.runners.ParentRunner.runChildren(ParentRunner.java:236)
      	at org.junit.runners.ParentRunner.access$000(ParentRunner.java:53)
      	at org.junit.runners.ParentRunner$2.evaluate(ParentRunner.java:229)
      	at org.junit.runners.ParentRunner.run(ParentRunner.java:309)
      	at cucumber.api.junit.Cucumber.run(Cucumber.java:100)
      	at org.apache.maven.surefire.junit4.JUnit4Provider.execute(JUnit4Provider.java:364)
      	at org.apache.maven.surefire.junit4.JUnit4Provider.executeWithRerun(JUnit4Provider.java:272)
      	at org.apache.maven.surefire.junit4.JUnit4Provider.executeTestSet(JUnit4Provider.java:237)
      	at org.apache.maven.surefire.junit4.JUnit4Provider.invoke(JUnit4Provider.java:158)
      	at org.apache.maven.surefire.booter.ForkedBooter.runSuitesInProcess(ForkedBooter.java:428)
      	at org.apache.maven.surefire.booter.ForkedBooter.execute(ForkedBooter.java:162)
      	at org.apache.maven.surefire.booter.ForkedBooter.run(ForkedBooter.java:562)
      	at org.apache.maven.surefire.booter.ForkedBooter.main(ForkedBooter.java:548)
      &amp#27;[0m
    &amp#27;[36mThen &amp#27;[0m&amp#27;[36mTeacher click 'Perbarui' button&amp#27;[0m                                &amp#27;[90m# UpdateTeacherSteps.teacherClickPerbaruiButton()&amp#27;[0m
]]></system-out>
    <system-err><![CDATA[Starting ChromeDriver 110.0.5481.77 (65ed616c6e8ee3fe0ad64fe83796c020644d42af-refs/branch-heads/5481@{#839}) on port 56855
Only local connections are allowed.
Please see https://chromedriver.chromium.org/security-considerations for suggestions on keeping ChromeDriver safe.
ChromeDriver was started successfully.
[1676556302.464][WARNING]: virtual void DevToolsClientImpl::AddListener(DevToolsEventListener *) subscribing a listener to the already connected DevToolsClient. Connection notification will not arrive.
Feb 16, 2023 9:05:02 PM org.openqa.selenium.remote.ProtocolHandshake createSession
INFO: Detected dialect: W3C
Feb 16, 2023 9:05:02 PM org.openqa.selenium.devtools.CdpVersionFinder findNearestMatch
WARNING: Unable to find an exact match for CDP version 110, so returning the closest version found: a no-op implementation
Feb 16, 2023 9:05:02 PM org.openqa.selenium.devtools.CdpVersionFinder findNearestMatch
INFO: Unable to find CDP implementation matching 110.
Feb 16, 2023 9:05:02 PM org.openqa.selenium.chromium.ChromiumDriver lambda$new$3
WARNING: Unable to find version of CDP to use for . You may need to include a dependency on a specific version of the CDP using something similar to `org.seleniumhq.selenium:selenium-devtools-v86:4.1.2` where the version ("v86") matches the version of the chromium-based browser you're using and the version number of the artifact is the same as Selenium's.
]]></system-err>
  </testcase>
  <testcase name="Given User open the website GuruMu" classname="Scenario: Teacher &apos;Perbarui&apos; button with all data form has been filled" time="0">
    <system-out><![CDATA[
  Scenario: Teacher 'Perbarui' button with all data form has been filled &amp#27;[90m# features/UpdateTeacher.feature:468&amp#27;[0m
    &amp#27;[36mGiven &amp#27;[0m&amp#27;[36mTeacher already on Edit Profile page&amp#27;[0m                           &amp#27;[90m# UpdateTeacherSteps.teacherAlreadyOnEditProfilePage()&amp#27;[0m
    &amp#27;[31mWhen &amp#27;[0m&amp#27;[31mTeacher fill all data form but not on 'Gelar' field&amp#27;[0m             &amp#27;[90m# UpdateTeacherSteps.teacherFillAllDataForm()&amp#27;[0m
      &amp#27;[31mcucumber.runtime.AmbiguousStepDefinitionsException: ✽.When Teacher fill all data form but not on 'Gelar' field(features/UpdateTeacher.feature:470) matches more than one step definition:
        Teacher fill all data form in UpdateTeacherSteps.teacherFillAllDataForm()
        Teacher fill all data form but not on 'Gelar' field in UpdateTeacherSteps.teacherFillAllDataFormButNotOnGelarField()
      
      	at cucumber.runtime.RuntimeGlue.stepDefinitionMatch(RuntimeGlue.java:71)
      	at cucumber.runtime.Runtime.runStep(Runtime.java:267)
      	at cucumber.runtime.model.StepContainer.runStep(StepContainer.java:44)
      	at cucumber.runtime.model.StepContainer.runSteps(StepContainer.java:39)
      	at cucumber.runtime.model.CucumberScenario.run(CucumberScenario.java:44)
      	at cucumber.runtime.junit.ExecutionUnitRunner.run(ExecutionUnitRunner.java:102)
      	at cucumber.runtime.junit.FeatureRunner.runChild(FeatureRunner.java:63)
      	at cucumber.runtime.junit.FeatureRunner.runChild(FeatureRunner.java:18)
      	at org.junit.runners.ParentRunner$3.run(ParentRunner.java:238)
      	at org.junit.runners.ParentRunner$1.schedule(ParentRunner.java:63)
      	at org.junit.runners.ParentRunner.runChildren(ParentRunner.java:236)
      	at org.junit.runners.ParentRunner.access$000(ParentRunner.java:53)
      	at org.junit.runners.ParentRunner$2.evaluate(ParentRunner.java:229)
      	at org.junit.runners.ParentRunner.run(ParentRunner.java:309)
      	at cucumber.runtime.junit.FeatureRunner.run(FeatureRunner.java:70)
      	at cucumber.api.junit.Cucumber.runChild(Cucumber.java:95)
      	at cucumber.api.junit.Cucumber.runChild(Cucumber.java:38)
      	at org.junit.runners.ParentRunner$3.run(ParentRunner.java:238)
      	at org.junit.runners.ParentRunner$1.schedule(ParentRunner.java:63)
      	at org.junit.runners.ParentRunner.runChildren(ParentRunner.java:236)
      	at org.junit.runners.ParentRunner.access$000(ParentRunner.java:53)
      	at org.junit.runners.ParentRunner$2.evaluate(ParentRunner.java:229)
      	at org.junit.runners.ParentRunner.run(ParentRunner.java:309)
      	at cucumber.api.junit.Cucumber.run(Cucumber.java:100)
      	at org.apache.maven.surefire.junit4.JUnit4Provider.execute(JUnit4Provider.java:364)
      	at org.apache.maven.surefire.junit4.JUnit4Provider.executeWithRerun(JUnit4Provider.java:272)
      	at org.apache.maven.surefire.junit4.JUnit4Provider.executeTestSet(JUnit4Provider.java:237)
      	at org.apache.maven.surefire.junit4.JUnit4Provider.invoke(JUnit4Provider.java:158)
      	at org.apache.maven.surefire.booter.ForkedBooter.runSuitesInProcess(ForkedBooter.java:428)
      	at org.apache.maven.surefire.booter.ForkedBooter.execute(ForkedBooter.java:162)
      	at org.apache.maven.surefire.booter.ForkedBooter.run(ForkedBooter.java:562)
      	at org.apache.maven.surefire.booter.ForkedBooter.main(ForkedBooter.java:548)
      &amp#27;[0m
    &amp#27;[36mThen &amp#27;[0m&amp#27;[36mTeacher click 'Perbarui' button&amp#27;[0m                                 &amp#27;[90m# UpdateTeacherSteps.teacherClickPerbaruiButton()&amp#27;[0m
]]></system-out>
    <system-err><![CDATA[Starting ChromeDriver 110.0.5481.77 (65ed616c6e8ee3fe0ad64fe83796c020644d42af-refs/branch-heads/5481@{#839}) on port 49897
Only local connections are allowed.
Please see https://chromedriver.chromium.org/security-considerations for suggestions on keeping ChromeDriver safe.
ChromeDriver was started successfully.
[1676556323.630][WARNING]: virtual void DevToolsClientImpl::AddListener(DevToolsEventListener *) subscribing a listener to the already connected DevToolsClient. Connection notification will not arrive.
Feb 16, 2023 9:05:23 PM org.openqa.selenium.remote.ProtocolHandshake createSession
INFO: Detected dialect: W3C
Feb 16, 2023 9:05:23 PM org.openqa.selenium.devtools.CdpVersionFinder findNearestMatch
WARNING: Unable to find an exact match for CDP version 110, so returning the closest version found: a no-op implementation
Feb 16, 2023 9:05:23 PM org.openqa.selenium.devtools.CdpVersionFinder findNearestMatch
INFO: Unable to find CDP implementation matching 110.
Feb 16, 2023 9:05:23 PM org.openqa.selenium.chromium.ChromiumDriver lambda$new$3
WARNING: Unable to find version of CDP to use for . You may need to include a dependency on a specific version of the CDP using something similar to `org.seleniumhq.selenium:selenium-devtools-v86:4.1.2` where the version ("v86") matches the version of the chromium-based browser you're using and the version number of the artifact is the same as Selenium's.
]]></system-err>
  </testcase>
  <testcase name="Given User open the website GuruMu" classname="Scenario: Teacher &apos;Perbarui&apos; button with all data form has been filled" time="0">
    <system-out><![CDATA[
  Scenario: Teacher 'Perbarui' button with all data form has been filled &amp#27;[90m# features/UpdateTeacher.feature:473&amp#27;[0m
    &amp#27;[36mGiven &amp#27;[0m&amp#27;[36mTeacher already on Edit Profile page&amp#27;[0m                           &amp#27;[90m# UpdateTeacherSteps.teacherAlreadyOnEditProfilePage()&amp#27;[0m
    &amp#27;[31mWhen &amp#27;[0m&amp#27;[31mTeacher fill all data form but not on 'Tentang Saya' field&amp#27;[0m      &amp#27;[90m# UpdateTeacherSteps.teacherFillAllDataForm()&amp#27;[0m
      &amp#27;[31mcucumber.runtime.AmbiguousStepDefinitionsException: ✽.When Teacher fill all data form but not on 'Tentang Saya' field(features/UpdateTeacher.feature:475) matches more than one step definition:
        Teacher fill all data form in UpdateTeacherSteps.teacherFillAllDataForm()
        Teacher fill all data form but not on 'Tentang Saya' field in UpdateTeacherSteps.teacherFillAllDataFormButNotOnTentangSayaField()
      
      	at cucumber.runtime.RuntimeGlue.stepDefinitionMatch(RuntimeGlue.java:71)
      	at cucumber.runtime.Runtime.runStep(Runtime.java:267)
      	at cucumber.runtime.model.StepContainer.runStep(StepContainer.java:44)
      	at cucumber.runtime.model.StepContainer.runSteps(StepContainer.java:39)
      	at cucumber.runtime.model.CucumberScenario.run(CucumberScenario.java:44)
      	at cucumber.runtime.junit.ExecutionUnitRunner.run(ExecutionUnitRunner.java:102)
      	at cucumber.runtime.junit.FeatureRunner.runChild(FeatureRunner.java:63)
      	at cucumber.runtime.junit.FeatureRunner.runChild(FeatureRunner.java:18)
      	at org.junit.runners.ParentRunner$3.run(ParentRunner.java:238)
      	at org.junit.runners.ParentRunner$1.schedule(ParentRunner.java:63)
      	at org.junit.runners.ParentRunner.runChildren(ParentRunner.java:236)
      	at org.junit.runners.ParentRunner.access$000(ParentRunner.java:53)
      	at org.junit.runners.ParentRunner$2.evaluate(ParentRunner.java:229)
      	at org.junit.runners.ParentRunner.run(ParentRunner.java:309)
      	at cucumber.runtime.junit.FeatureRunner.run(FeatureRunner.java:70)
      	at cucumber.api.junit.Cucumber.runChild(Cucumber.java:95)
      	at cucumber.api.junit.Cucumber.runChild(Cucumber.java:38)
      	at org.junit.runners.ParentRunner$3.run(ParentRunner.java:238)
      	at org.junit.runners.ParentRunner$1.schedule(ParentRunner.java:63)
      	at org.junit.runners.ParentRunner.runChildren(ParentRunner.java:236)
      	at org.junit.runners.ParentRunner.access$000(ParentRunner.java:53)
      	at org.junit.runners.ParentRunner$2.evaluate(ParentRunner.java:229)
      	at org.junit.runners.ParentRunner.run(ParentRunner.java:309)
      	at cucumber.api.junit.Cucumber.run(Cucumber.java:100)
      	at org.apache.maven.surefire.junit4.JUnit4Provider.execute(JUnit4Provider.java:364)
      	at org.apache.maven.surefire.junit4.JUnit4Provider.executeWithRerun(JUnit4Provider.java:272)
      	at org.apache.maven.surefire.junit4.JUnit4Provider.executeTestSet(JUnit4Provider.java:237)
      	at org.apache.maven.surefire.junit4.JUnit4Provider.invoke(JUnit4Provider.java:158)
      	at org.apache.maven.surefire.booter.ForkedBooter.runSuitesInProcess(ForkedBooter.java:428)
      	at org.apache.maven.surefire.booter.ForkedBooter.execute(ForkedBooter.java:162)
      	at org.apache.maven.surefire.booter.ForkedBooter.run(ForkedBooter.java:562)
      	at org.apache.maven.surefire.booter.ForkedBooter.main(ForkedBooter.java:548)
      &amp#27;[0m
    &amp#27;[36mThen &amp#27;[0m&amp#27;[36mTeacher click 'Perbarui' button&amp#27;[0m                                 &amp#27;[90m# UpdateTeacherSteps.teacherClickPerbaruiButton()&amp#27;[0m
]]></system-out>
    <system-err><![CDATA[Starting ChromeDriver 110.0.5481.77 (65ed616c6e8ee3fe0ad64fe83796c020644d42af-refs/branch-heads/5481@{#839}) on port 53823
Only local connections are allowed.
Please see https://chromedriver.chromium.org/security-considerations for suggestions on keeping ChromeDriver safe.
ChromeDriver was started successfully.
[1676556359.913][WARNING]: virtual void DevToolsClientImpl::AddListener(DevToolsEventListener *) subscribing a listener to the already connected DevToolsClient. Connection notification will not arrive.
Feb 16, 2023 9:06:00 PM org.openqa.selenium.remote.ProtocolHandshake createSession
INFO: Detected dialect: W3C
Feb 16, 2023 9:06:00 PM org.openqa.selenium.devtools.CdpVersionFinder findNearestMatch
WARNING: Unable to find an exact match for CDP version 110, so returning the closest version found: a no-op implementation
Feb 16, 2023 9:06:00 PM org.openqa.selenium.devtools.CdpVersionFinder findNearestMatch
INFO: Unable to find CDP implementation matching 110.
Feb 16, 2023 9:06:00 PM org.openqa.selenium.chromium.ChromiumDriver lambda$new$3
WARNING: Unable to find version of CDP to use for . You may need to include a dependency on a specific version of the CDP using something similar to `org.seleniumhq.selenium:selenium-devtools-v86:4.1.2` where the version ("v86") matches the version of the chromium-based browser you're using and the version number of the artifact is the same as Selenium's.
]]></system-err>
  </testcase>
  <testcase name="Given User open the website GuruMu" classname="Scenario: Teacher &apos;Perbarui&apos; button with all data form has been filled" time="0">
    <system-out><![CDATA[
  Scenario: Teacher 'Perbarui' button with all data form has been filled &amp#27;[90m# features/UpdateTeacher.feature:478&amp#27;[0m
    &amp#27;[36mGiven &amp#27;[0m&amp#27;[36mTeacher already on Edit Profile page&amp#27;[0m                           &amp#27;[90m# UpdateTeacherSteps.teacherAlreadyOnEditProfilePage()&amp#27;[0m
    &amp#27;[31mWhen &amp#27;[0m&amp#27;[31mTeacher fill all data form but not on 'Lokasi Saya' field&amp#27;[0m       &amp#27;[90m# UpdateTeacherSteps.teacherFillAllDataForm()&amp#27;[0m
      &amp#27;[31mcucumber.runtime.AmbiguousStepDefinitionsException: ✽.When Teacher fill all data form but not on 'Lokasi Saya' field(features/UpdateTeacher.feature:480) matches more than one step definition:
        Teacher fill all data form in UpdateTeacherSteps.teacherFillAllDataForm()
        Teacher fill all data form but not on 'Lokasi Saya' field in UpdateTeacherSteps.teacherFillAllDataFormButNotOnLokasiSayaField()
      
      	at cucumber.runtime.RuntimeGlue.stepDefinitionMatch(RuntimeGlue.java:71)
      	at cucumber.runtime.Runtime.runStep(Runtime.java:267)
      	at cucumber.runtime.model.StepContainer.runStep(StepContainer.java:44)
      	at cucumber.runtime.model.StepContainer.runSteps(StepContainer.java:39)
      	at cucumber.runtime.model.CucumberScenario.run(CucumberScenario.java:44)
      	at cucumber.runtime.junit.ExecutionUnitRunner.run(ExecutionUnitRunner.java:102)
      	at cucumber.runtime.junit.FeatureRunner.runChild(FeatureRunner.java:63)
      	at cucumber.runtime.junit.FeatureRunner.runChild(FeatureRunner.java:18)
      	at org.junit.runners.ParentRunner$3.run(ParentRunner.java:238)
      	at org.junit.runners.ParentRunner$1.schedule(ParentRunner.java:63)
      	at org.junit.runners.ParentRunner.runChildren(ParentRunner.java:236)
      	at org.junit.runners.ParentRunner.access$000(ParentRunner.java:53)
      	at org.junit.runners.ParentRunner$2.evaluate(ParentRunner.java:229)
      	at org.junit.runners.ParentRunner.run(ParentRunner.java:309)
      	at cucumber.runtime.junit.FeatureRunner.run(FeatureRunner.java:70)
      	at cucumber.api.junit.Cucumber.runChild(Cucumber.java:95)
      	at cucumber.api.junit.Cucumber.runChild(Cucumber.java:38)
      	at org.junit.runners.ParentRunner$3.run(ParentRunner.java:238)
      	at org.junit.runners.ParentRunner$1.schedule(ParentRunner.java:63)
      	at org.junit.runners.ParentRunner.runChildren(ParentRunner.java:236)
      	at org.junit.runners.ParentRunner.access$000(ParentRunner.java:53)
      	at org.junit.runners.ParentRunner$2.evaluate(ParentRunner.java:229)
      	at org.junit.runners.ParentRunner.run(ParentRunner.java:309)
      	at cucumber.api.junit.Cucumber.run(Cucumber.java:100)
      	at org.apache.maven.surefire.junit4.JUnit4Provider.execute(JUnit4Provider.java:364)
      	at org.apache.maven.surefire.junit4.JUnit4Provider.executeWithRerun(JUnit4Provider.java:272)
      	at org.apache.maven.surefire.junit4.JUnit4Provider.executeTestSet(JUnit4Provider.java:237)
      	at org.apache.maven.surefire.junit4.JUnit4Provider.invoke(JUnit4Provider.java:158)
      	at org.apache.maven.surefire.booter.ForkedBooter.runSuitesInProcess(ForkedBooter.java:428)
      	at org.apache.maven.surefire.booter.ForkedBooter.execute(ForkedBooter.java:162)
      	at org.apache.maven.surefire.booter.ForkedBooter.run(ForkedBooter.java:562)
      	at org.apache.maven.surefire.booter.ForkedBooter.main(ForkedBooter.java:548)
      &amp#27;[0m
    &amp#27;[36mThen &amp#27;[0m&amp#27;[36mTeacher click 'Perbarui' button&amp#27;[0m                                 &amp#27;[90m# UpdateTeacherSteps.teacherClickPerbaruiButton()&amp#27;[0m
]]></system-out>
    <system-err><![CDATA[Starting ChromeDriver 110.0.5481.77 (65ed616c6e8ee3fe0ad64fe83796c020644d42af-refs/branch-heads/5481@{#839}) on port 58787
Only local connections are allowed.
Please see https://chromedriver.chromium.org/security-considerations for suggestions on keeping ChromeDriver safe.
ChromeDriver was started successfully.
[1676556392.011][WARNING]: virtual void DevToolsClientImpl::AddListener(DevToolsEventListener *) subscribing a listener to the already connected DevToolsClient. Connection notification will not arrive.
Feb 16, 2023 9:06:32 PM org.openqa.selenium.remote.ProtocolHandshake createSession
INFO: Detected dialect: W3C
Feb 16, 2023 9:06:32 PM org.openqa.selenium.devtools.CdpVersionFinder findNearestMatch
WARNING: Unable to find an exact match for CDP version 110, so returning the closest version found: a no-op implementation
Feb 16, 2023 9:06:32 PM org.openqa.selenium.devtools.CdpVersionFinder findNearestMatch
INFO: Unable to find CDP implementation matching 110.
Feb 16, 2023 9:06:32 PM org.openqa.selenium.chromium.ChromiumDriver lambda$new$3
WARNING: Unable to find version of CDP to use for . You may need to include a dependency on a specific version of the CDP using something similar to `org.seleniumhq.selenium:selenium-devtools-v86:4.1.2` where the version ("v86") matches the version of the chromium-based browser you're using and the version number of the artifact is the same as Selenium's.
]]></system-err>
  </testcase>
  <testcase name="Given User open the website GuruMu" classname="Scenario: Teacher &apos;Perbarui&apos; button with all data form has been filled" time="0">
    <system-out><![CDATA[
  Scenario: Teacher 'Perbarui' button with all data form has been filled              &amp#27;[90m# features/UpdateTeacher.feature:483&amp#27;[0m
    &amp#27;[36mGiven &amp#27;[0m&amp#27;[36mTeacher already on Edit Profile page&amp#27;[0m                                        &amp#27;[90m# UpdateTeacherSteps.teacherAlreadyOnEditProfilePage()&amp#27;[0m
    &amp#27;[31mWhen &amp#27;[0m&amp#27;[31mTeacher fill all data form but not on 'Offline' button in Ketersediaan field&amp#27;[0m &amp#27;[90m# UpdateTeacherSteps.teacherFillAllDataForm()&amp#27;[0m
      &amp#27;[31mcucumber.runtime.AmbiguousStepDefinitionsException: ✽.When Teacher fill all data form but not on 'Offline' button in Ketersediaan field(features/UpdateTeacher.feature:485) matches more than one step definition:
        Teacher fill all data form in UpdateTeacherSteps.teacherFillAllDataForm()
        Teacher fill all data form but not on 'Offline' button in Ketersediaan field in UpdateTeacherSteps.teacherFillAllDataFormButNotOnOfflineButtonInKetersediaanField()
      
      	at cucumber.runtime.RuntimeGlue.stepDefinitionMatch(RuntimeGlue.java:71)
      	at cucumber.runtime.Runtime.runStep(Runtime.java:267)
      	at cucumber.runtime.model.StepContainer.runStep(StepContainer.java:44)
      	at cucumber.runtime.model.StepContainer.runSteps(StepContainer.java:39)
      	at cucumber.runtime.model.CucumberScenario.run(CucumberScenario.java:44)
      	at cucumber.runtime.junit.ExecutionUnitRunner.run(ExecutionUnitRunner.java:102)
      	at cucumber.runtime.junit.FeatureRunner.runChild(FeatureRunner.java:63)
      	at cucumber.runtime.junit.FeatureRunner.runChild(FeatureRunner.java:18)
      	at org.junit.runners.ParentRunner$3.run(ParentRunner.java:238)
      	at org.junit.runners.ParentRunner$1.schedule(ParentRunner.java:63)
      	at org.junit.runners.ParentRunner.runChildren(ParentRunner.java:236)
      	at org.junit.runners.ParentRunner.access$000(ParentRunner.java:53)
      	at org.junit.runners.ParentRunner$2.evaluate(ParentRunner.java:229)
      	at org.junit.runners.ParentRunner.run(ParentRunner.java:309)
      	at cucumber.runtime.junit.FeatureRunner.run(FeatureRunner.java:70)
      	at cucumber.api.junit.Cucumber.runChild(Cucumber.java:95)
      	at cucumber.api.junit.Cucumber.runChild(Cucumber.java:38)
      	at org.junit.runners.ParentRunner$3.run(ParentRunner.java:238)
      	at org.junit.runners.ParentRunner$1.schedule(ParentRunner.java:63)
      	at org.junit.runners.ParentRunner.runChildren(ParentRunner.java:236)
      	at org.junit.runners.ParentRunner.access$000(ParentRunner.java:53)
      	at org.junit.runners.ParentRunner$2.evaluate(ParentRunner.java:229)
      	at org.junit.runners.ParentRunner.run(ParentRunner.java:309)
      	at cucumber.api.junit.Cucumber.run(Cucumber.java:100)
      	at org.apache.maven.surefire.junit4.JUnit4Provider.execute(JUnit4Provider.java:364)
      	at org.apache.maven.surefire.junit4.JUnit4Provider.executeWithRerun(JUnit4Provider.java:272)
      	at org.apache.maven.surefire.junit4.JUnit4Provider.executeTestSet(JUnit4Provider.java:237)
      	at org.apache.maven.surefire.junit4.JUnit4Provider.invoke(JUnit4Provider.java:158)
      	at org.apache.maven.surefire.booter.ForkedBooter.runSuitesInProcess(ForkedBooter.java:428)
      	at org.apache.maven.surefire.booter.ForkedBooter.execute(ForkedBooter.java:162)
      	at org.apache.maven.surefire.booter.ForkedBooter.run(ForkedBooter.java:562)
      	at org.apache.maven.surefire.booter.ForkedBooter.main(ForkedBooter.java:548)
      &amp#27;[0m
    &amp#27;[36mThen &amp#27;[0m&amp#27;[36mTeacher click 'Perbarui' button&amp#27;[0m                                              &amp#27;[90m# UpdateTeacherSteps.teacherClickPerbaruiButton()&amp#27;[0m
]]></system-out>
    <system-err><![CDATA[Starting ChromeDriver 110.0.5481.77 (65ed616c6e8ee3fe0ad64fe83796c020644d42af-refs/branch-heads/5481@{#839}) on port 53574
Only local connections are allowed.
Please see https://chromedriver.chromium.org/security-considerations for suggestions on keeping ChromeDriver safe.
ChromeDriver was started successfully.
[1676556426.120][WARNING]: virtual void DevToolsClientImpl::AddListener(DevToolsEventListener *) subscribing a listener to the already connected DevToolsClient. Connection notification will not arrive.
Feb 16, 2023 9:07:06 PM org.openqa.selenium.remote.ProtocolHandshake createSession
INFO: Detected dialect: W3C
Feb 16, 2023 9:07:06 PM org.openqa.selenium.devtools.CdpVersionFinder findNearestMatch
WARNING: Unable to find an exact match for CDP version 110, so returning the closest version found: a no-op implementation
Feb 16, 2023 9:07:06 PM org.openqa.selenium.devtools.CdpVersionFinder findNearestMatch
INFO: Unable to find CDP implementation matching 110.
Feb 16, 2023 9:07:06 PM org.openqa.selenium.chromium.ChromiumDriver lambda$new$3
WARNING: Unable to find version of CDP to use for . You may need to include a dependency on a specific version of the CDP using something similar to `org.seleniumhq.selenium:selenium-devtools-v86:4.1.2` where the version ("v86") matches the version of the chromium-based browser you're using and the version number of the artifact is the same as Selenium's.
]]></system-err>
  </testcase>
  <testcase name="Given User open the website GuruMu" classname="Scenario: Teacher &apos;Perbarui&apos; button with all data form has been filled" time="0">
    <system-out><![CDATA[
  Scenario: Teacher 'Perbarui' button with all data form has been filled             &amp#27;[90m# features/UpdateTeacher.feature:488&amp#27;[0m
    &amp#27;[36mGiven &amp#27;[0m&amp#27;[36mTeacher already on Edit Profile page&amp#27;[0m                                       &amp#27;[90m# UpdateTeacherSteps.teacherAlreadyOnEditProfilePage()&amp#27;[0m
    &amp#27;[31mWhen &amp#27;[0m&amp#27;[31mTeacher fill all data form but not on 'Online' button in Ketersediaan field&amp#27;[0m &amp#27;[90m# UpdateTeacherSteps.teacherFillAllDataForm()&amp#27;[0m
      &amp#27;[31mcucumber.runtime.AmbiguousStepDefinitionsException: ✽.When Teacher fill all data form but not on 'Online' button in Ketersediaan field(features/UpdateTeacher.feature:490) matches more than one step definition:
        Teacher fill all data form in UpdateTeacherSteps.teacherFillAllDataForm()
        Teacher fill all data form but not on 'Online' button in Ketersediaan field in UpdateTeacherSteps.teacherFillAllDataFormButNotOnOnlineButtonInKetersediaanField()
      
      	at cucumber.runtime.RuntimeGlue.stepDefinitionMatch(RuntimeGlue.java:71)
      	at cucumber.runtime.Runtime.runStep(Runtime.java:267)
      	at cucumber.runtime.model.StepContainer.runStep(StepContainer.java:44)
      	at cucumber.runtime.model.StepContainer.runSteps(StepContainer.java:39)
      	at cucumber.runtime.model.CucumberScenario.run(CucumberScenario.java:44)
      	at cucumber.runtime.junit.ExecutionUnitRunner.run(ExecutionUnitRunner.java:102)
      	at cucumber.runtime.junit.FeatureRunner.runChild(FeatureRunner.java:63)
      	at cucumber.runtime.junit.FeatureRunner.runChild(FeatureRunner.java:18)
      	at org.junit.runners.ParentRunner$3.run(ParentRunner.java:238)
      	at org.junit.runners.ParentRunner$1.schedule(ParentRunner.java:63)
      	at org.junit.runners.ParentRunner.runChildren(ParentRunner.java:236)
      	at org.junit.runners.ParentRunner.access$000(ParentRunner.java:53)
      	at org.junit.runners.ParentRunner$2.evaluate(ParentRunner.java:229)
      	at org.junit.runners.ParentRunner.run(ParentRunner.java:309)
      	at cucumber.runtime.junit.FeatureRunner.run(FeatureRunner.java:70)
      	at cucumber.api.junit.Cucumber.runChild(Cucumber.java:95)
      	at cucumber.api.junit.Cucumber.runChild(Cucumber.java:38)
      	at org.junit.runners.ParentRunner$3.run(ParentRunner.java:238)
      	at org.junit.runners.ParentRunner$1.schedule(ParentRunner.java:63)
      	at org.junit.runners.ParentRunner.runChildren(ParentRunner.java:236)
      	at org.junit.runners.ParentRunner.access$000(ParentRunner.java:53)
      	at org.junit.runners.ParentRunner$2.evaluate(ParentRunner.java:229)
      	at org.junit.runners.ParentRunner.run(ParentRunner.java:309)
      	at cucumber.api.junit.Cucumber.run(Cucumber.java:100)
      	at org.apache.maven.surefire.junit4.JUnit4Provider.execute(JUnit4Provider.java:364)
      	at org.apache.maven.surefire.junit4.JUnit4Provider.executeWithRerun(JUnit4Provider.java:272)
      	at org.apache.maven.surefire.junit4.JUnit4Provider.executeTestSet(JUnit4Provider.java:237)
      	at org.apache.maven.surefire.junit4.JUnit4Provider.invoke(JUnit4Provider.java:158)
      	at org.apache.maven.surefire.booter.ForkedBooter.runSuitesInProcess(ForkedBooter.java:428)
      	at org.apache.maven.surefire.booter.ForkedBooter.execute(ForkedBooter.java:162)
      	at org.apache.maven.surefire.booter.ForkedBooter.run(ForkedBooter.java:562)
      	at org.apache.maven.surefire.booter.ForkedBooter.main(ForkedBooter.java:548)
      &amp#27;[0m
    &amp#27;[36mThen &amp#27;[0m&amp#27;[36mTeacher click 'Perbarui' button&amp#27;[0m                                             &amp#27;[90m# UpdateTeacherSteps.teacherClickPerbaruiButton()&amp#27;[0m
]]></system-out>
    <system-err><![CDATA[Starting ChromeDriver 110.0.5481.77 (65ed616c6e8ee3fe0ad64fe83796c020644d42af-refs/branch-heads/5481@{#839}) on port 53612
Only local connections are allowed.
Please see https://chromedriver.chromium.org/security-considerations for suggestions on keeping ChromeDriver safe.
ChromeDriver was started successfully.
[1676556470.482][WARNING]: virtual void DevToolsClientImpl::AddListener(DevToolsEventListener *) subscribing a listener to the already connected DevToolsClient. Connection notification will not arrive.
Feb 16, 2023 9:07:50 PM org.openqa.selenium.remote.ProtocolHandshake createSession
INFO: Detected dialect: W3C
Feb 16, 2023 9:07:50 PM org.openqa.selenium.devtools.CdpVersionFinder findNearestMatch
WARNING: Unable to find an exact match for CDP version 110, so returning the closest version found: a no-op implementation
Feb 16, 2023 9:07:50 PM org.openqa.selenium.devtools.CdpVersionFinder findNearestMatch
INFO: Unable to find CDP implementation matching 110.
Feb 16, 2023 9:07:50 PM org.openqa.selenium.chromium.ChromiumDriver lambda$new$3
WARNING: Unable to find version of CDP to use for . You may need to include a dependency on a specific version of the CDP using something similar to `org.seleniumhq.selenium:selenium-devtools-v86:4.1.2` where the version ("v86") matches the version of the chromium-based browser you're using and the version number of the artifact is the same as Selenium's.
]]></system-err>
  </testcase>
  <testcase name="Given User open the website GuruMu" classname="Scenario: Teacher &apos;Perbarui&apos; button with all data form has been filled" time="0">
    <system-out><![CDATA[
  Scenario: Teacher 'Perbarui' button with all data form has been filled &amp#27;[90m# features/UpdateTeacher.feature:493&amp#27;[0m
    &amp#27;[36mGiven &amp#27;[0m&amp#27;[36mTeacher already on Edit Profile page&amp#27;[0m                           &amp#27;[90m# UpdateTeacherSteps.teacherAlreadyOnEditProfilePage()&amp#27;[0m
    &amp#27;[31mWhen &amp#27;[0m&amp#27;[31mTeacher fill all data form but not on 'Handphone' field&amp#27;[0m         &amp#27;[90m# UpdateTeacherSteps.teacherFillAllDataForm()&amp#27;[0m
      &amp#27;[31mcucumber.runtime.AmbiguousStepDefinitionsException: ✽.When Teacher fill all data form but not on 'Handphone' field(features/UpdateTeacher.feature:495) matches more than one step definition:
        Teacher fill all data form in UpdateTeacherSteps.teacherFillAllDataForm()
        Teacher fill all data form but not on 'Handphone' field in UpdateTeacherSteps.teacherFillAllDataFormButNotOnHandphoneField()
      
      	at cucumber.runtime.RuntimeGlue.stepDefinitionMatch(RuntimeGlue.java:71)
      	at cucumber.runtime.Runtime.runStep(Runtime.java:267)
      	at cucumber.runtime.model.StepContainer.runStep(StepContainer.java:44)
      	at cucumber.runtime.model.StepContainer.runSteps(StepContainer.java:39)
      	at cucumber.runtime.model.CucumberScenario.run(CucumberScenario.java:44)
      	at cucumber.runtime.junit.ExecutionUnitRunner.run(ExecutionUnitRunner.java:102)
      	at cucumber.runtime.junit.FeatureRunner.runChild(FeatureRunner.java:63)
      	at cucumber.runtime.junit.FeatureRunner.runChild(FeatureRunner.java:18)
      	at org.junit.runners.ParentRunner$3.run(ParentRunner.java:238)
      	at org.junit.runners.ParentRunner$1.schedule(ParentRunner.java:63)
      	at org.junit.runners.ParentRunner.runChildren(ParentRunner.java:236)
      	at org.junit.runners.ParentRunner.access$000(ParentRunner.java:53)
      	at org.junit.runners.ParentRunner$2.evaluate(ParentRunner.java:229)
      	at org.junit.runners.ParentRunner.run(ParentRunner.java:309)
      	at cucumber.runtime.junit.FeatureRunner.run(FeatureRunner.java:70)
      	at cucumber.api.junit.Cucumber.runChild(Cucumber.java:95)
      	at cucumber.api.junit.Cucumber.runChild(Cucumber.java:38)
      	at org.junit.runners.ParentRunner$3.run(ParentRunner.java:238)
      	at org.junit.runners.ParentRunner$1.schedule(ParentRunner.java:63)
      	at org.junit.runners.ParentRunner.runChildren(ParentRunner.java:236)
      	at org.junit.runners.ParentRunner.access$000(ParentRunner.java:53)
      	at org.junit.runners.ParentRunner$2.evaluate(ParentRunner.java:229)
      	at org.junit.runners.ParentRunner.run(ParentRunner.java:309)
      	at cucumber.api.junit.Cucumber.run(Cucumber.java:100)
      	at org.apache.maven.surefire.junit4.JUnit4Provider.execute(JUnit4Provider.java:364)
      	at org.apache.maven.surefire.junit4.JUnit4Provider.executeWithRerun(JUnit4Provider.java:272)
      	at org.apache.maven.surefire.junit4.JUnit4Provider.executeTestSet(JUnit4Provider.java:237)
      	at org.apache.maven.surefire.junit4.JUnit4Provider.invoke(JUnit4Provider.java:158)
      	at org.apache.maven.surefire.booter.ForkedBooter.runSuitesInProcess(ForkedBooter.java:428)
      	at org.apache.maven.surefire.booter.ForkedBooter.execute(ForkedBooter.java:162)
      	at org.apache.maven.surefire.booter.ForkedBooter.run(ForkedBooter.java:562)
      	at org.apache.maven.surefire.booter.ForkedBooter.main(ForkedBooter.java:548)
      &amp#27;[0m
    &amp#27;[36mThen &amp#27;[0m&amp#27;[36mTeacher click 'Perbarui' button&amp#27;[0m                                 &amp#27;[90m# UpdateTeacherSteps.teacherClickPerbaruiButton()&amp#27;[0m
]]></system-out>
    <system-err><![CDATA[Starting ChromeDriver 110.0.5481.77 (65ed616c6e8ee3fe0ad64fe83796c020644d42af-refs/branch-heads/5481@{#839}) on port 58289
Only local connections are allowed.
Please see https://chromedriver.chromium.org/security-considerations for suggestions on keeping ChromeDriver safe.
ChromeDriver was started successfully.
[1676556502.159][WARNING]: virtual void DevToolsClientImpl::AddListener(DevToolsEventListener *) subscribing a listener to the already connected DevToolsClient. Connection notification will not arrive.
Feb 16, 2023 9:08:22 PM org.openqa.selenium.remote.ProtocolHandshake createSession
INFO: Detected dialect: W3C
Feb 16, 2023 9:08:22 PM org.openqa.selenium.devtools.CdpVersionFinder findNearestMatch
WARNING: Unable to find an exact match for CDP version 110, so returning the closest version found: a no-op implementation
Feb 16, 2023 9:08:22 PM org.openqa.selenium.devtools.CdpVersionFinder findNearestMatch
INFO: Unable to find CDP implementation matching 110.
Feb 16, 2023 9:08:22 PM org.openqa.selenium.chromium.ChromiumDriver lambda$new$3
WARNING: Unable to find version of CDP to use for . You may need to include a dependency on a specific version of the CDP using something similar to `org.seleniumhq.selenium:selenium-devtools-v86:4.1.2` where the version ("v86") matches the version of the chromium-based browser you're using and the version number of the artifact is the same as Selenium's.
]]></system-err>
  </testcase>
  <testcase name="Given User open the website GuruMu" classname="Scenario: Teacher &apos;Perbarui&apos; button with all data form has been filled" time="0">
    <system-out><![CDATA[
  Scenario: Teacher 'Perbarui' button with all data form has been filled &amp#27;[90m# features/UpdateTeacher.feature:498&amp#27;[0m
    &amp#27;[36mGiven &amp#27;[0m&amp#27;[36mTeacher already on Edit Profile page&amp#27;[0m                           &amp#27;[90m# UpdateTeacherSteps.teacherAlreadyOnEditProfilePage()&amp#27;[0m
    &amp#27;[31mWhen &amp#27;[0m&amp#27;[31mTeacher fill all data form but not on 'Email' field&amp#27;[0m             &amp#27;[90m# UpdateTeacherSteps.teacherFillAllDataForm()&amp#27;[0m
      &amp#27;[31mcucumber.runtime.AmbiguousStepDefinitionsException: ✽.When Teacher fill all data form but not on 'Email' field(features/UpdateTeacher.feature:500) matches more than one step definition:
        Teacher fill all data form in UpdateTeacherSteps.teacherFillAllDataForm()
        Teacher fill all data form but not on 'Email' field in UpdateTeacherSteps.teacherFillAllDataFormButNotOnEmailField()
      
      	at cucumber.runtime.RuntimeGlue.stepDefinitionMatch(RuntimeGlue.java:71)
      	at cucumber.runtime.Runtime.runStep(Runtime.java:267)
      	at cucumber.runtime.model.StepContainer.runStep(StepContainer.java:44)
      	at cucumber.runtime.model.StepContainer.runSteps(StepContainer.java:39)
      	at cucumber.runtime.model.CucumberScenario.run(CucumberScenario.java:44)
      	at cucumber.runtime.junit.ExecutionUnitRunner.run(ExecutionUnitRunner.java:102)
      	at cucumber.runtime.junit.FeatureRunner.runChild(FeatureRunner.java:63)
      	at cucumber.runtime.junit.FeatureRunner.runChild(FeatureRunner.java:18)
      	at org.junit.runners.ParentRunner$3.run(ParentRunner.java:238)
      	at org.junit.runners.ParentRunner$1.schedule(ParentRunner.java:63)
      	at org.junit.runners.ParentRunner.runChildren(ParentRunner.java:236)
      	at org.junit.runners.ParentRunner.access$000(ParentRunner.java:53)
      	at org.junit.runners.ParentRunner$2.evaluate(ParentRunner.java:229)
      	at org.junit.runners.ParentRunner.run(ParentRunner.java:309)
      	at cucumber.runtime.junit.FeatureRunner.run(FeatureRunner.java:70)
      	at cucumber.api.junit.Cucumber.runChild(Cucumber.java:95)
      	at cucumber.api.junit.Cucumber.runChild(Cucumber.java:38)
      	at org.junit.runners.ParentRunner$3.run(ParentRunner.java:238)
      	at org.junit.runners.ParentRunner$1.schedule(ParentRunner.java:63)
      	at org.junit.runners.ParentRunner.runChildren(ParentRunner.java:236)
      	at org.junit.runners.ParentRunner.access$000(ParentRunner.java:53)
      	at org.junit.runners.ParentRunner$2.evaluate(ParentRunner.java:229)
      	at org.junit.runners.ParentRunner.run(ParentRunner.java:309)
      	at cucumber.api.junit.Cucumber.run(Cucumber.java:100)
      	at org.apache.maven.surefire.junit4.JUnit4Provider.execute(JUnit4Provider.java:364)
      	at org.apache.maven.surefire.junit4.JUnit4Provider.executeWithRerun(JUnit4Provider.java:272)
      	at org.apache.maven.surefire.junit4.JUnit4Provider.executeTestSet(JUnit4Provider.java:237)
      	at org.apache.maven.surefire.junit4.JUnit4Provider.invoke(JUnit4Provider.java:158)
      	at org.apache.maven.surefire.booter.ForkedBooter.runSuitesInProcess(ForkedBooter.java:428)
      	at org.apache.maven.surefire.booter.ForkedBooter.execute(ForkedBooter.java:162)
      	at org.apache.maven.surefire.booter.ForkedBooter.run(ForkedBooter.java:562)
      	at org.apache.maven.surefire.booter.ForkedBooter.main(ForkedBooter.java:548)
      &amp#27;[0m
    &amp#27;[36mThen &amp#27;[0m&amp#27;[36mTeacher click 'Perbarui' button&amp#27;[0m                                 &amp#27;[90m# UpdateTeacherSteps.teacherClickPerbaruiButton()&amp#27;[0m
]]></system-out>
    <system-err><![CDATA[Starting ChromeDriver 110.0.5481.77 (65ed616c6e8ee3fe0ad64fe83796c020644d42af-refs/branch-heads/5481@{#839}) on port 57879
Only local connections are allowed.
Please see https://chromedriver.chromium.org/security-considerations for suggestions on keeping ChromeDriver safe.
ChromeDriver was started successfully.
[1676556535.107][WARNING]: virtual void DevToolsClientImpl::AddListener(DevToolsEventListener *) subscribing a listener to the already connected DevToolsClient. Connection notification will not arrive.
Feb 16, 2023 9:08:55 PM org.openqa.selenium.remote.ProtocolHandshake createSession
INFO: Detected dialect: W3C
Feb 16, 2023 9:08:55 PM org.openqa.selenium.devtools.CdpVersionFinder findNearestMatch
WARNING: Unable to find an exact match for CDP version 110, so returning the closest version found: a no-op implementation
Feb 16, 2023 9:08:55 PM org.openqa.selenium.devtools.CdpVersionFinder findNearestMatch
INFO: Unable to find CDP implementation matching 110.
Feb 16, 2023 9:08:55 PM org.openqa.selenium.chromium.ChromiumDriver lambda$new$3
WARNING: Unable to find version of CDP to use for . You may need to include a dependency on a specific version of the CDP using something similar to `org.seleniumhq.selenium:selenium-devtools-v86:4.1.2` where the version ("v86") matches the version of the chromium-based browser you're using and the version number of the artifact is the same as Selenium's.
]]></system-err>
  </testcase>
  <testcase name="Given User open the website GuruMu" classname="Scenario: Teacher &apos;Perbarui&apos; button with all data form has been filled" time="0">
    <system-out><![CDATA[
  Scenario: Teacher 'Tambah Jadwal Mengajar' button with all data form has been filled &amp#27;[90m# features/UpdateTeacher.feature:508&amp#27;[0m
    &amp#27;[36mGiven &amp#27;[0m&amp#27;[36mTeacher already on Edit Profile page&amp#27;[0m                                         &amp#27;[90m# UpdateTeacherSteps.teacherAlreadyOnEditProfilePage()&amp#27;[0m
    &amp#27;[36mWhen &amp#27;[0m&amp#27;[36mTeacher fill all data form&amp#27;[0m                                                    &amp#27;[90m# UpdateTeacherSteps.teacherFillAllDataForm()&amp#27;[0m
    &amp#27;[36mThen &amp#27;[0m&amp#27;[36mTeacher click 'Tambah Jadwal Mengajar' button&amp#27;[0m                                 &amp#27;[90m# UpdateTeacherSteps.teacherClickTambahJadwalMengajarButton()&amp#27;[0m
]]></system-out>
    <system-err><![CDATA[Starting ChromeDriver 110.0.5481.77 (65ed616c6e8ee3fe0ad64fe83796c020644d42af-refs/branch-heads/5481@{#839}) on port 64556
Only local connections are allowed.
Please see https://chromedriver.chromium.org/security-considerations for suggestions on keeping ChromeDriver safe.
ChromeDriver was started successfully.
[1676556589.643][WARNING]: virtual void DevToolsClientImpl::AddListener(DevToolsEventListener *) subscribing a listener to the already connected DevToolsClient. Connection notification will not arrive.
Feb 16, 2023 9:09:49 PM org.openqa.selenium.remote.ProtocolHandshake createSession
INFO: Detected dialect: W3C
Feb 16, 2023 9:09:49 PM org.openqa.selenium.devtools.CdpVersionFinder findNearestMatch
WARNING: Unable to find an exact match for CDP version 110, so returning the closest version found: a no-op implementation
Feb 16, 2023 9:09:49 PM org.openqa.selenium.devtools.CdpVersionFinder findNearestMatch
INFO: Unable to find CDP implementation matching 110.
Feb 16, 2023 9:09:49 PM org.openqa.selenium.chromium.ChromiumDriver lambda$new$3
WARNING: Unable to find version of CDP to use for . You may need to include a dependency on a specific version of the CDP using something similar to `org.seleniumhq.selenium:selenium-devtools-v86:4.1.2` where the version ("v86") matches the version of the chromium-based browser you're using and the version number of the artifact is the same as Selenium's.
]]></system-err>
  </testcase>
  <testcase name="Given User open the website GuruMu" classname="Scenario: Teacher &apos;Perbarui&apos; button with all data form has been filled" time="0">
    <system-out><![CDATA[
  Scenario: Teacher 'Perbarui' button with all data form has been filled                                    &amp#27;[90m# features/UpdateTeacher.feature:513&amp#27;[0m
    &amp#27;[36mGiven &amp#27;[0m&amp#27;[36mTeacher already on Edit Profile page&amp#27;[0m                                                              &amp#27;[90m# UpdateTeacherSteps.teacherAlreadyOnEditProfilePage()&amp#27;[0m
    &amp#27;[31mWhen &amp#27;[0m&amp#27;[31mTeacher fill all data form 'Tambah Jadwal Mengajar' but not on Date in 'Atur Waktu Mengajar' field&amp#27;[0m &amp#27;[90m# UpdateTeacherSteps.teacherFillAllDataForm()&amp#27;[0m
      &amp#27;[31mcucumber.runtime.AmbiguousStepDefinitionsException: ✽.When Teacher fill all data form 'Tambah Jadwal Mengajar' but not on Date in 'Atur Waktu Mengajar' field(features/UpdateTeacher.feature:515) matches more than one step definition:
        Teacher fill all data form in UpdateTeacherSteps.teacherFillAllDataForm()
        Teacher fill all data form 'Tambah Jadwal Mengajar' but not on Date in 'Atur Waktu Mengajar' field in UpdateTeacherSteps.teacherFillAllDataFormTambahJadwalMengajarButNotOnDateInAturWaktuMengajarField()
      
      	at cucumber.runtime.RuntimeGlue.stepDefinitionMatch(RuntimeGlue.java:71)
      	at cucumber.runtime.Runtime.runStep(Runtime.java:267)
      	at cucumber.runtime.model.StepContainer.runStep(StepContainer.java:44)
      	at cucumber.runtime.model.StepContainer.runSteps(StepContainer.java:39)
      	at cucumber.runtime.model.CucumberScenario.run(CucumberScenario.java:44)
      	at cucumber.runtime.junit.ExecutionUnitRunner.run(ExecutionUnitRunner.java:102)
      	at cucumber.runtime.junit.FeatureRunner.runChild(FeatureRunner.java:63)
      	at cucumber.runtime.junit.FeatureRunner.runChild(FeatureRunner.java:18)
      	at org.junit.runners.ParentRunner$3.run(ParentRunner.java:238)
      	at org.junit.runners.ParentRunner$1.schedule(ParentRunner.java:63)
      	at org.junit.runners.ParentRunner.runChildren(ParentRunner.java:236)
      	at org.junit.runners.ParentRunner.access$000(ParentRunner.java:53)
      	at org.junit.runners.ParentRunner$2.evaluate(ParentRunner.java:229)
      	at org.junit.runners.ParentRunner.run(ParentRunner.java:309)
      	at cucumber.runtime.junit.FeatureRunner.run(FeatureRunner.java:70)
      	at cucumber.api.junit.Cucumber.runChild(Cucumber.java:95)
      	at cucumber.api.junit.Cucumber.runChild(Cucumber.java:38)
      	at org.junit.runners.ParentRunner$3.run(ParentRunner.java:238)
      	at org.junit.runners.ParentRunner$1.schedule(ParentRunner.java:63)
      	at org.junit.runners.ParentRunner.runChildren(ParentRunner.java:236)
      	at org.junit.runners.ParentRunner.access$000(ParentRunner.java:53)
      	at org.junit.runners.ParentRunner$2.evaluate(ParentRunner.java:229)
      	at org.junit.runners.ParentRunner.run(ParentRunner.java:309)
      	at cucumber.api.junit.Cucumber.run(Cucumber.java:100)
      	at org.apache.maven.surefire.junit4.JUnit4Provider.execute(JUnit4Provider.java:364)
      	at org.apache.maven.surefire.junit4.JUnit4Provider.executeWithRerun(JUnit4Provider.java:272)
      	at org.apache.maven.surefire.junit4.JUnit4Provider.executeTestSet(JUnit4Provider.java:237)
      	at org.apache.maven.surefire.junit4.JUnit4Provider.invoke(JUnit4Provider.java:158)
      	at org.apache.maven.surefire.booter.ForkedBooter.runSuitesInProcess(ForkedBooter.java:428)
      	at org.apache.maven.surefire.booter.ForkedBooter.execute(ForkedBooter.java:162)
      	at org.apache.maven.surefire.booter.ForkedBooter.run(ForkedBooter.java:562)
      	at org.apache.maven.surefire.booter.ForkedBooter.main(ForkedBooter.java:548)
      &amp#27;[0m
    &amp#27;[36mThen &amp#27;[0m&amp#27;[36mTeacher click 'Perbarui' button&amp#27;[0m                                                                    &amp#27;[90m# UpdateTeacherSteps.teacherClickPerbaruiButton()&amp#27;[0m
]]></system-out>
    <system-err><![CDATA[Starting ChromeDriver 110.0.5481.77 (65ed616c6e8ee3fe0ad64fe83796c020644d42af-refs/branch-heads/5481@{#839}) on port 50696
Only local connections are allowed.
Please see https://chromedriver.chromium.org/security-considerations for suggestions on keeping ChromeDriver safe.
ChromeDriver was started successfully.
[1676556623.052][WARNING]: virtual void DevToolsClientImpl::AddListener(DevToolsEventListener *) subscribing a listener to the already connected DevToolsClient. Connection notification will not arrive.
Feb 16, 2023 9:10:23 PM org.openqa.selenium.remote.ProtocolHandshake createSession
INFO: Detected dialect: W3C
Feb 16, 2023 9:10:23 PM org.openqa.selenium.devtools.CdpVersionFinder findNearestMatch
WARNING: Unable to find an exact match for CDP version 110, so returning the closest version found: a no-op implementation
Feb 16, 2023 9:10:23 PM org.openqa.selenium.devtools.CdpVersionFinder findNearestMatch
INFO: Unable to find CDP implementation matching 110.
Feb 16, 2023 9:10:23 PM org.openqa.selenium.chromium.ChromiumDriver lambda$new$3
WARNING: Unable to find version of CDP to use for . You may need to include a dependency on a specific version of the CDP using something similar to `org.seleniumhq.selenium:selenium-devtools-v86:4.1.2` where the version ("v86") matches the version of the chromium-based browser you're using and the version number of the artifact is the same as Selenium's.
]]></system-err>
  </testcase>
  <testcase name="Given User open the website GuruMu" classname="Scenario: Teacher &apos;Perbarui&apos; button with all data form has been filled" time="0">
    <system-out><![CDATA[
  Scenario: Teacher 'Perbarui' button with all data form has been filled                                    &amp#27;[90m# features/UpdateTeacher.feature:518&amp#27;[0m
    &amp#27;[36mGiven &amp#27;[0m&amp#27;[36mTeacher already on Edit Profile page&amp#27;[0m                                                              &amp#27;[90m# UpdateTeacherSteps.teacherAlreadyOnEditProfilePage()&amp#27;[0m
    &amp#27;[31mWhen &amp#27;[0m&amp#27;[31mTeacher fill all data form 'Tambah Jadwal Mengajar' but not on Hour in 'Atur Waktu Mengajar' field&amp#27;[0m &amp#27;[90m# UpdateTeacherSteps.teacherFillAllDataForm()&amp#27;[0m
      &amp#27;[31mcucumber.runtime.AmbiguousStepDefinitionsException: ✽.When Teacher fill all data form 'Tambah Jadwal Mengajar' but not on Hour in 'Atur Waktu Mengajar' field(features/UpdateTeacher.feature:520) matches more than one step definition:
        Teacher fill all data form in UpdateTeacherSteps.teacherFillAllDataForm()
        Teacher fill all data form 'Tambah Jadwal Mengajar' but not on Hour in 'Atur Waktu Mengajar' field in UpdateTeacherSteps.teacherFillAllDataFormTambahJadwalMengajarButNotOnHourInAturWaktuMengajarField()
      
      	at cucumber.runtime.RuntimeGlue.stepDefinitionMatch(RuntimeGlue.java:71)
      	at cucumber.runtime.Runtime.runStep(Runtime.java:267)
      	at cucumber.runtime.model.StepContainer.runStep(StepContainer.java:44)
      	at cucumber.runtime.model.StepContainer.runSteps(StepContainer.java:39)
      	at cucumber.runtime.model.CucumberScenario.run(CucumberScenario.java:44)
      	at cucumber.runtime.junit.ExecutionUnitRunner.run(ExecutionUnitRunner.java:102)
      	at cucumber.runtime.junit.FeatureRunner.runChild(FeatureRunner.java:63)
      	at cucumber.runtime.junit.FeatureRunner.runChild(FeatureRunner.java:18)
      	at org.junit.runners.ParentRunner$3.run(ParentRunner.java:238)
      	at org.junit.runners.ParentRunner$1.schedule(ParentRunner.java:63)
      	at org.junit.runners.ParentRunner.runChildren(ParentRunner.java:236)
      	at org.junit.runners.ParentRunner.access$000(ParentRunner.java:53)
      	at org.junit.runners.ParentRunner$2.evaluate(ParentRunner.java:229)
      	at org.junit.runners.ParentRunner.run(ParentRunner.java:309)
      	at cucumber.runtime.junit.FeatureRunner.run(FeatureRunner.java:70)
      	at cucumber.api.junit.Cucumber.runChild(Cucumber.java:95)
      	at cucumber.api.junit.Cucumber.runChild(Cucumber.java:38)
      	at org.junit.runners.ParentRunner$3.run(ParentRunner.java:238)
      	at org.junit.runners.ParentRunner$1.schedule(ParentRunner.java:63)
      	at org.junit.runners.ParentRunner.runChildren(ParentRunner.java:236)
      	at org.junit.runners.ParentRunner.access$000(ParentRunner.java:53)
      	at org.junit.runners.ParentRunner$2.evaluate(ParentRunner.java:229)
      	at org.junit.runners.ParentRunner.run(ParentRunner.java:309)
      	at cucumber.api.junit.Cucumber.run(Cucumber.java:100)
      	at org.apache.maven.surefire.junit4.JUnit4Provider.execute(JUnit4Provider.java:364)
      	at org.apache.maven.surefire.junit4.JUnit4Provider.executeWithRerun(JUnit4Provider.java:272)
      	at org.apache.maven.surefire.junit4.JUnit4Provider.executeTestSet(JUnit4Provider.java:237)
      	at org.apache.maven.surefire.junit4.JUnit4Provider.invoke(JUnit4Provider.java:158)
      	at org.apache.maven.surefire.booter.ForkedBooter.runSuitesInProcess(ForkedBooter.java:428)
      	at org.apache.maven.surefire.booter.ForkedBooter.execute(ForkedBooter.java:162)
      	at org.apache.maven.surefire.booter.ForkedBooter.run(ForkedBooter.java:562)
      	at org.apache.maven.surefire.booter.ForkedBooter.main(ForkedBooter.java:548)
      &amp#27;[0m
    &amp#27;[36mThen &amp#27;[0m&amp#27;[36mTeacher click 'Perbarui' button&amp#27;[0m                                                                    &amp#27;[90m# UpdateTeacherSteps.teacherClickPerbaruiButton()&amp#27;[0m
]]></system-out>
    <system-err><![CDATA[Starting ChromeDriver 110.0.5481.77 (65ed616c6e8ee3fe0ad64fe83796c020644d42af-refs/branch-heads/5481@{#839}) on port 53013
Only local connections are allowed.
Please see https://chromedriver.chromium.org/security-considerations for suggestions on keeping ChromeDriver safe.
ChromeDriver was started successfully.
[1676556657.336][WARNING]: virtual void DevToolsClientImpl::AddListener(DevToolsEventListener *) subscribing a listener to the already connected DevToolsClient. Connection notification will not arrive.
Feb 16, 2023 9:10:57 PM org.openqa.selenium.remote.ProtocolHandshake createSession
INFO: Detected dialect: W3C
Feb 16, 2023 9:10:57 PM org.openqa.selenium.devtools.CdpVersionFinder findNearestMatch
WARNING: Unable to find an exact match for CDP version 110, so returning the closest version found: a no-op implementation
Feb 16, 2023 9:10:57 PM org.openqa.selenium.devtools.CdpVersionFinder findNearestMatch
INFO: Unable to find CDP implementation matching 110.
Feb 16, 2023 9:10:57 PM org.openqa.selenium.chromium.ChromiumDriver lambda$new$3
WARNING: Unable to find version of CDP to use for . You may need to include a dependency on a specific version of the CDP using something similar to `org.seleniumhq.selenium:selenium-devtools-v86:4.1.2` where the version ("v86") matches the version of the chromium-based browser you're using and the version number of the artifact is the same as Selenium's.
]]></system-err>
  </testcase>
  <testcase name="When User click avatar navigation" classname="Scenario: Teacher &apos;Perbarui&apos; button with all data form has been filled" time="0"/>
  <testcase name="When User click avatar navigation" classname="Scenario: Teacher &apos;Perbarui&apos; button with all data form has been filled" time="0"/>
  <testcase name="When User click avatar navigation" classname="Scenario: Teacher &apos;Perbarui&apos; button with all data form has been filled" time="0"/>
  <testcase name="When User click avatar navigation" classname="Scenario: Teacher &apos;Perbarui&apos; button with all data form has been filled" time="0"/>
  <testcase name="When User click avatar navigation" classname="Scenario: Teacher &apos;Perbarui&apos; button with all data form has been filled" time="0"/>
  <testcase name="When User click avatar navigation" classname="Scenario: Teacher &apos;Perbarui&apos; button with all data form has been filled" time="0"/>
  <testcase name="When User click avatar navigation" classname="Scenario: Teacher &apos;Perbarui&apos; button with all data form has been filled" time="0"/>
  <testcase name="When User click avatar navigation" classname="Scenario: Teacher &apos;Perbarui&apos; button with all data form has been filled" time="0"/>
  <testcase name="When User click avatar navigation" classname="Scenario: Teacher &apos;Perbarui&apos; button with all data form has been filled" time="0"/>
  <testcase name="When User click avatar navigation" classname="Scenario: Teacher &apos;Perbarui&apos; button with all data form has been filled" time="0"/>
  <testcase name="When User click avatar navigation" classname="Scenario: Teacher &apos;Perbarui&apos; button with all data form has been filled" time="0"/>
  <testcase name="When User click avatar navigation" classname="Scenario: Teacher &apos;Perbarui&apos; button with all data form has been filled" time="0"/>
  <testcase name="When User click avatar navigation" classname="Scenario: Teacher &apos;Perbarui&apos; button with all data form has been filled" time="0"/>
  <testcase name="When User click avatar navigation" classname="Scenario: Teacher &apos;Perbarui&apos; button with all data form has been filled" time="0"/>
  <testcase name="When User click avatar navigation" classname="Scenario: Teacher &apos;Perbarui&apos; button with all data form has been filled" time="0"/>
  <testcase name="And User click menu Masuk" classname="Scenario: Teacher &apos;Perbarui&apos; button with all data form has been filled" time="0"/>
  <testcase name="And User click menu Masuk" classname="Scenario: Teacher &apos;Perbarui&apos; button with all data form has been filled" time="0"/>
  <testcase name="And User click menu Masuk" classname="Scenario: Teacher &apos;Perbarui&apos; button with all data form has been filled" time="0"/>
  <testcase name="And User click menu Masuk" classname="Scenario: Teacher &apos;Perbarui&apos; button with all data form has been filled" time="0"/>
  <testcase name="And User click menu Masuk" classname="Scenario: Teacher &apos;Perbarui&apos; button with all data form has been filled" time="0"/>
  <testcase name="And User click menu Masuk" classname="Scenario: Teacher &apos;Perbarui&apos; button with all data form has been filled" time="0"/>
  <testcase name="And User click menu Masuk" classname="Scenario: Teacher &apos;Perbarui&apos; button with all data form has been filled" time="0"/>
  <testcase name="And User click menu Masuk" classname="Scenario: Teacher &apos;Perbarui&apos; button with all data form has been filled" time="0"/>
  <testcase name="And User click menu Masuk" classname="Scenario: Teacher &apos;Perbarui&apos; button with all data form has been filled" time="0"/>
  <testcase name="And User click menu Masuk" classname="Scenario: Teacher &apos;Perbarui&apos; button with all data form has been filled" time="0"/>
  <testcase name="And User click menu Masuk" classname="Scenario: Teacher &apos;Perbarui&apos; button with all data form has been filled" time="0"/>
  <testcase name="And User click menu Masuk" classname="Scenario: Teacher &apos;Perbarui&apos; button with all data form has been filled" time="0"/>
  <testcase name="And User click menu Masuk" classname="Scenario: Teacher &apos;Perbarui&apos; button with all data form has been filled" time="0"/>
  <testcase name="And User click menu Masuk" classname="Scenario: Teacher &apos;Perbarui&apos; button with all data form has been filled" time="0"/>
  <testcase name="And User click menu Masuk" classname="Scenario: Teacher &apos;Perbarui&apos; button with all data form has been filled" time="0"/>
  <testcase name="And User input &quot;zulfeekei@gmail.com&quot; as email and input &quot;be123&quot; as password" classname="Scenario: Teacher &apos;Perbarui&apos; button with all data form has been filled" time="0"/>
  <testcase name="And User input &quot;zulfeekei@gmail.com&quot; as email and input &quot;be123&quot; as password" classname="Scenario: Teacher &apos;Perbarui&apos; button with all data form has been filled" time="0"/>
  <testcase name="And User input &quot;zulfeekei@gmail.com&quot; as email and input &quot;be123&quot; as password" classname="Scenario: Teacher &apos;Perbarui&apos; button with all data form has been filled" time="0"/>
  <testcase name="And User input &quot;zulfeekei@gmail.com&quot; as email and input &quot;be123&quot; as password" classname="Scenario: Teacher &apos;Perbarui&apos; button with all data form has been filled" time="0"/>
  <testcase name="And User input &quot;zulfeekei@gmail.com&quot; as email and input &quot;be123&quot; as password" classname="Scenario: Teacher &apos;Perbarui&apos; button with all data form has been filled" time="0"/>
  <testcase name="And User input &quot;zulfeekei@gmail.com&quot; as email and input &quot;be123&quot; as password" classname="Scenario: Teacher &apos;Perbarui&apos; button with all data form has been filled" time="0"/>
  <testcase name="And User input &quot;zulfeekei@gmail.com&quot; as email and input &quot;be123&quot; as password" classname="Scenario: Teacher &apos;Perbarui&apos; button with all data form has been filled" time="0"/>
  <testcase name="And User input &quot;zulfeekei@gmail.com&quot; as email and input &quot;be123&quot; as password" classname="Scenario: Teacher &apos;Perbarui&apos; button with all data form has been filled" time="0"/>
  <testcase name="And User input &quot;zulfeekei@gmail.com&quot; as email and input &quot;be123&quot; as password" classname="Scenario: Teacher &apos;Perbarui&apos; button with all data form has been filled" time="0"/>
  <testcase name="And User input &quot;zulfeekei@gmail.com&quot; as email and input &quot;be123&quot; as password" classname="Scenario: Teacher &apos;Perbarui&apos; button with all data form has been filled" time="0"/>
  <testcase name="And User input &quot;zulfeekei@gmail.com&quot; as email and input &quot;be123&quot; as password" classname="Scenario: Teacher &apos;Perbarui&apos; button with all data form has been filled" time="0"/>
  <testcase name="And User input &quot;zulfeekei@gmail.com&quot; as email and input &quot;be123&quot; as password" classname="Scenario: Teacher &apos;Perbarui&apos; button with all data form has been filled" time="0"/>
  <testcase name="And User input &quot;zulfeekei@gmail.com&quot; as email and input &quot;be123&quot; as password" classname="Scenario: Teacher &apos;Perbarui&apos; button with all data form has been filled" time="0"/>
  <testcase name="And User input &quot;zulfeekei@gmail.com&quot; as email and input &quot;be123&quot; as password" classname="Scenario: Teacher &apos;Perbarui&apos; button with all data form has been filled" time="0"/>
  <testcase name="And User input &quot;zulfeekei@gmail.com&quot; as email and input &quot;be123&quot; as password" classname="Scenario: Teacher &apos;Perbarui&apos; button with all data form has been filled" time="0"/>
  <testcase name="And User clicked masuk button" classname="Scenario: Teacher &apos;Perbarui&apos; button with all data form has been filled" time="0"/>
  <testcase name="And User clicked masuk button" classname="Scenario: Teacher &apos;Perbarui&apos; button with all data form has been filled" time="0"/>
  <testcase name="And User clicked masuk button" classname="Scenario: Teacher &apos;Perbarui&apos; button with all data form has been filled" time="0"/>
  <testcase name="And User clicked masuk button" classname="Scenario: Teacher &apos;Perbarui&apos; button with all data form has been filled" time="0"/>
  <testcase name="And User clicked masuk button" classname="Scenario: Teacher &apos;Perbarui&apos; button with all data form has been filled" time="0"/>
  <testcase name="And User clicked masuk button" classname="Scenario: Teacher &apos;Perbarui&apos; button with all data form has been filled" time="0"/>
  <testcase name="And User clicked masuk button" classname="Scenario: Teacher &apos;Perbarui&apos; button with all data form has been filled" time="0"/>
  <testcase name="And User clicked masuk button" classname="Scenario: Teacher &apos;Perbarui&apos; button with all data form has been filled" time="0"/>
  <testcase name="And User clicked masuk button" classname="Scenario: Teacher &apos;Perbarui&apos; button with all data form has been filled" time="0"/>
  <testcase name="And User clicked masuk button" classname="Scenario: Teacher &apos;Perbarui&apos; button with all data form has been filled" time="0"/>
  <testcase name="And User clicked masuk button" classname="Scenario: Teacher &apos;Perbarui&apos; button with all data form has been filled" time="0"/>
  <testcase name="And User clicked masuk button" classname="Scenario: Teacher &apos;Perbarui&apos; button with all data form has been filled" time="0"/>
  <testcase name="And User clicked masuk button" classname="Scenario: Teacher &apos;Perbarui&apos; button with all data form has been filled" time="0"/>
  <testcase name="And User clicked masuk button" classname="Scenario: Teacher &apos;Perbarui&apos; button with all data form has been filled" time="0"/>
  <testcase name="And User clicked masuk button" classname="Scenario: Teacher &apos;Perbarui&apos; button with all data form has been filled" time="0"/>
  <testcase name="When User move to Profile Page" classname="Scenario: Teacher &apos;Perbarui&apos; button with all data form has been filled" time="0"/>
  <testcase name="When User move to Profile Page" classname="Scenario: Teacher &apos;Perbarui&apos; button with all data form has been filled" time="0"/>
  <testcase name="When User move to Profile Page" classname="Scenario: Teacher &apos;Perbarui&apos; button with all data form has been filled" time="0"/>
  <testcase name="When User move to Profile Page" classname="Scenario: Teacher &apos;Perbarui&apos; button with all data form has been filled" time="0"/>
  <testcase name="When User move to Profile Page" classname="Scenario: Teacher &apos;Perbarui&apos; button with all data form has been filled" time="0.003">
    <error message="no such element: Unable to locate element: {&quot;method&quot;:&quot;xpath&quot;,&quot;selector&quot;:&quot;//h2[@class=&apos;swal2-title&apos;]&quot;}&#10;  (Session info: chrome=110.0.5481.100)&#10;For documentation on this error, please visit: https://selenium.dev/exceptions/#no_such_element&#10;Build info: version: &apos;4.1.2&apos;, revision: &apos;9a5a329c5a&apos;&#10;System info: host: &apos;nsystem-mbp&apos;, ip: &apos;fe80:0:0:0:ce7:beec:a50b:8367%en0&apos;, os.name: &apos;Mac OS X&apos;, os.arch: &apos;x86_64&apos;, os.version: &apos;10.16&apos;, java.version: &apos;1.8.0_201&apos;&#10;Driver info: org.openqa.selenium.chrome.ChromeDriver&#10;Command: [c58d815c4d8ac2b2e252757dabf55304, findElement {using=xpath, value=//h2[@class=&apos;swal2-title&apos;]}]&#10;Capabilities {acceptInsecureCerts: false, browserName: chrome, browserVersion: 110.0.5481.100, chrome: {chromedriverVersion: 110.0.5481.77 (65ed616c6e8e..., userDataDir: /var/folders/00/xzw63_pj58g...}, goog:chromeOptions: {debuggerAddress: localhost:52387}, javascriptEnabled: true, networkConnectionEnabled: false, pageLoadStrategy: normal, platform: MAC, platformName: MAC, proxy: Proxy(), se:cdp: ws://localhost:52387/devtoo..., se:cdpVersion: 110.0.5481.100, setWindowRect: true, strictFileInteractability: false, timeouts: {implicit: 0, pageLoad: 300000, script: 30000}, unhandledPromptBehavior: dismiss and notify, webauthn:extension:credBlob: true, webauthn:extension:largeBlob: true, webauthn:virtualAuthenticators: true}&#10;Session ID: c58d815c4d8ac2b2e252757dabf55304" type="org.openqa.selenium.NoSuchElementException"><![CDATA[org.openqa.selenium.NoSuchElementException: 
no such element: Unable to locate element: {"method":"xpath","selector":"//h2[@class='swal2-title']"}
  (Session info: chrome=110.0.5481.100)
For documentation on this error, please visit: https://selenium.dev/exceptions/#no_such_element
Build info: version: '4.1.2', revision: '9a5a329c5a'
System info: host: 'nsystem-mbp', ip: 'fe80:0:0:0:ce7:beec:a50b:8367%en0', os.name: 'Mac OS X', os.arch: 'x86_64', os.version: '10.16', java.version: '1.8.0_201'
Driver info: org.openqa.selenium.chrome.ChromeDriver
Command: [c58d815c4d8ac2b2e252757dabf55304, findElement {using=xpath, value=//h2[@class='swal2-title']}]
Capabilities {acceptInsecureCerts: false, browserName: chrome, browserVersion: 110.0.5481.100, chrome: {chromedriverVersion: 110.0.5481.77 (65ed616c6e8e..., userDataDir: /var/folders/00/xzw63_pj58g...}, goog:chromeOptions: {debuggerAddress: localhost:52387}, javascriptEnabled: true, networkConnectionEnabled: false, pageLoadStrategy: normal, platform: MAC, platformName: MAC, proxy: Proxy(), se:cdp: ws://localhost:52387/devtoo..., se:cdpVersion: 110.0.5481.100, setWindowRect: true, strictFileInteractability: false, timeouts: {implicit: 0, pageLoad: 300000, script: 30000}, unhandledPromptBehavior: dismiss and notify, webauthn:extension:credBlob: true, webauthn:extension:largeBlob: true, webauthn:virtualAuthenticators: true}
Session ID: c58d815c4d8ac2b2e252757dabf55304
]]></error>
  </testcase>
  <testcase name="When User move to Profile Page" classname="Scenario: Teacher &apos;Perbarui&apos; button with all data form has been filled" time="0"/>
  <testcase name="When User move to Profile Page" classname="Scenario: Teacher &apos;Perbarui&apos; button with all data form has been filled" time="0"/>
  <testcase name="When User move to Profile Page" classname="Scenario: Teacher &apos;Perbarui&apos; button with all data form has been filled" time="0"/>
  <testcase name="When User move to Profile Page" classname="Scenario: Teacher &apos;Perbarui&apos; button with all data form has been filled" time="0"/>
  <testcase name="When User move to Profile Page" classname="Scenario: Teacher &apos;Perbarui&apos; button with all data form has been filled" time="0"/>
  <testcase name="When User move to Profile Page" classname="Scenario: Teacher &apos;Perbarui&apos; button with all data form has been filled" time="0.002">
    <error message="no such element: Unable to locate element: {&quot;method&quot;:&quot;xpath&quot;,&quot;selector&quot;:&quot;//h2[@class=&apos;swal2-title&apos;]&quot;}&#10;  (Session info: chrome=110.0.5481.100)&#10;For documentation on this error, please visit: https://selenium.dev/exceptions/#no_such_element&#10;Build info: version: &apos;4.1.2&apos;, revision: &apos;9a5a329c5a&apos;&#10;System info: host: &apos;nsystem-mbp&apos;, ip: &apos;fe80:0:0:0:ce7:beec:a50b:8367%en0&apos;, os.name: &apos;Mac OS X&apos;, os.arch: &apos;x86_64&apos;, os.version: &apos;10.16&apos;, java.version: &apos;1.8.0_201&apos;&#10;Driver info: org.openqa.selenium.chrome.ChromeDriver&#10;Command: [b783c044a5f240c760b3eb0befe530a6, findElement {using=xpath, value=//h2[@class=&apos;swal2-title&apos;]}]&#10;Capabilities {acceptInsecureCerts: false, browserName: chrome, browserVersion: 110.0.5481.100, chrome: {chromedriverVersion: 110.0.5481.77 (65ed616c6e8e..., userDataDir: /var/folders/00/xzw63_pj58g...}, goog:chromeOptions: {debuggerAddress: localhost:52539}, javascriptEnabled: true, networkConnectionEnabled: false, pageLoadStrategy: normal, platform: MAC, platformName: MAC, proxy: Proxy(), se:cdp: ws://localhost:52539/devtoo..., se:cdpVersion: 110.0.5481.100, setWindowRect: true, strictFileInteractability: false, timeouts: {implicit: 0, pageLoad: 300000, script: 30000}, unhandledPromptBehavior: dismiss and notify, webauthn:extension:credBlob: true, webauthn:extension:largeBlob: true, webauthn:virtualAuthenticators: true}&#10;Session ID: b783c044a5f240c760b3eb0befe530a6" type="org.openqa.selenium.NoSuchElementException"><![CDATA[org.openqa.selenium.NoSuchElementException: 
no such element: Unable to locate element: {"method":"xpath","selector":"//h2[@class='swal2-title']"}
  (Session info: chrome=110.0.5481.100)
For documentation on this error, please visit: https://selenium.dev/exceptions/#no_such_element
Build info: version: '4.1.2', revision: '9a5a329c5a'
System info: host: 'nsystem-mbp', ip: 'fe80:0:0:0:ce7:beec:a50b:8367%en0', os.name: 'Mac OS X', os.arch: 'x86_64', os.version: '10.16', java.version: '1.8.0_201'
Driver info: org.openqa.selenium.chrome.ChromeDriver
Command: [b783c044a5f240c760b3eb0befe530a6, findElement {using=xpath, value=//h2[@class='swal2-title']}]
Capabilities {acceptInsecureCerts: false, browserName: chrome, browserVersion: 110.0.5481.100, chrome: {chromedriverVersion: 110.0.5481.77 (65ed616c6e8e..., userDataDir: /var/folders/00/xzw63_pj58g...}, goog:chromeOptions: {debuggerAddress: localhost:52539}, javascriptEnabled: true, networkConnectionEnabled: false, pageLoadStrategy: normal, platform: MAC, platformName: MAC, proxy: Proxy(), se:cdp: ws://localhost:52539/devtoo..., se:cdpVersion: 110.0.5481.100, setWindowRect: true, strictFileInteractability: false, timeouts: {implicit: 0, pageLoad: 300000, script: 30000}, unhandledPromptBehavior: dismiss and notify, webauthn:extension:credBlob: true, webauthn:extension:largeBlob: true, webauthn:virtualAuthenticators: true}
Session ID: b783c044a5f240c760b3eb0befe530a6
]]></error>
  </testcase>
  <testcase name="When User move to Profile Page" classname="Scenario: Teacher &apos;Perbarui&apos; button with all data form has been filled" time="0.006">
    <error message="no such element: Unable to locate element: {&quot;method&quot;:&quot;xpath&quot;,&quot;selector&quot;:&quot;//h2[@class=&apos;swal2-title&apos;]&quot;}&#10;  (Session info: chrome=110.0.5481.100)&#10;For documentation on this error, please visit: https://selenium.dev/exceptions/#no_such_element&#10;Build info: version: &apos;4.1.2&apos;, revision: &apos;9a5a329c5a&apos;&#10;System info: host: &apos;nsystem-mbp&apos;, ip: &apos;fe80:0:0:0:ce7:beec:a50b:8367%en0&apos;, os.name: &apos;Mac OS X&apos;, os.arch: &apos;x86_64&apos;, os.version: &apos;10.16&apos;, java.version: &apos;1.8.0_201&apos;&#10;Driver info: org.openqa.selenium.chrome.ChromeDriver&#10;Command: [0ff8dc9f6312eca0332c61b0a09ed2cb, findElement {using=xpath, value=//h2[@class=&apos;swal2-title&apos;]}]&#10;Capabilities {acceptInsecureCerts: false, browserName: chrome, browserVersion: 110.0.5481.100, chrome: {chromedriverVersion: 110.0.5481.77 (65ed616c6e8e..., userDataDir: /var/folders/00/xzw63_pj58g...}, goog:chromeOptions: {debuggerAddress: localhost:52564}, javascriptEnabled: true, networkConnectionEnabled: false, pageLoadStrategy: normal, platform: MAC, platformName: MAC, proxy: Proxy(), se:cdp: ws://localhost:52564/devtoo..., se:cdpVersion: 110.0.5481.100, setWindowRect: true, strictFileInteractability: false, timeouts: {implicit: 0, pageLoad: 300000, script: 30000}, unhandledPromptBehavior: dismiss and notify, webauthn:extension:credBlob: true, webauthn:extension:largeBlob: true, webauthn:virtualAuthenticators: true}&#10;Session ID: 0ff8dc9f6312eca0332c61b0a09ed2cb" type="org.openqa.selenium.NoSuchElementException"><![CDATA[org.openqa.selenium.NoSuchElementException: 
no such element: Unable to locate element: {"method":"xpath","selector":"//h2[@class='swal2-title']"}
  (Session info: chrome=110.0.5481.100)
For documentation on this error, please visit: https://selenium.dev/exceptions/#no_such_element
Build info: version: '4.1.2', revision: '9a5a329c5a'
System info: host: 'nsystem-mbp', ip: 'fe80:0:0:0:ce7:beec:a50b:8367%en0', os.name: 'Mac OS X', os.arch: 'x86_64', os.version: '10.16', java.version: '1.8.0_201'
Driver info: org.openqa.selenium.chrome.ChromeDriver
Command: [0ff8dc9f6312eca0332c61b0a09ed2cb, findElement {using=xpath, value=//h2[@class='swal2-title']}]
Capabilities {acceptInsecureCerts: false, browserName: chrome, browserVersion: 110.0.5481.100, chrome: {chromedriverVersion: 110.0.5481.77 (65ed616c6e8e..., userDataDir: /var/folders/00/xzw63_pj58g...}, goog:chromeOptions: {debuggerAddress: localhost:52564}, javascriptEnabled: true, networkConnectionEnabled: false, pageLoadStrategy: normal, platform: MAC, platformName: MAC, proxy: Proxy(), se:cdp: ws://localhost:52564/devtoo..., se:cdpVersion: 110.0.5481.100, setWindowRect: true, strictFileInteractability: false, timeouts: {implicit: 0, pageLoad: 300000, script: 30000}, unhandledPromptBehavior: dismiss and notify, webauthn:extension:credBlob: true, webauthn:extension:largeBlob: true, webauthn:virtualAuthenticators: true}
Session ID: 0ff8dc9f6312eca0332c61b0a09ed2cb
]]></error>
  </testcase>
  <testcase name="When User move to Profile Page" classname="Scenario: Teacher &apos;Perbarui&apos; button with all data form has been filled" time="0.001"/>
  <testcase name="When User move to Profile Page" classname="Scenario: Teacher &apos;Perbarui&apos; button with all data form has been filled" time="0"/>
  <testcase name="When User move to Profile Page" classname="Scenario: Teacher &apos;Perbarui&apos; button with all data form has been filled" time="0"/>
  <testcase name="And User move to edit profile" classname="Scenario: Teacher &apos;Perbarui&apos; button with all data form has been filled" time="0.004">
    <error message="no such element: Unable to locate element: {&quot;method&quot;:&quot;xpath&quot;,&quot;selector&quot;:&quot;//div[@class=&apos;bp4-tab pl-12 pr-12 pb-2 font-bold text-xl lg:ml-60 mx-auto&apos;]&quot;}&#10;  (Session info: chrome=110.0.5481.100)&#10;For documentation on this error, please visit: https://selenium.dev/exceptions/#no_such_element&#10;Build info: version: &apos;4.1.2&apos;, revision: &apos;9a5a329c5a&apos;&#10;System info: host: &apos;nsystem-mbp&apos;, ip: &apos;fe80:0:0:0:ce7:beec:a50b:8367%en0&apos;, os.name: &apos;Mac OS X&apos;, os.arch: &apos;x86_64&apos;, os.version: &apos;10.16&apos;, java.version: &apos;1.8.0_201&apos;&#10;Driver info: org.openqa.selenium.chrome.ChromeDriver&#10;Command: [ed7df8bbafa0bb54eba3cd9e216d27cf, findElement {using=xpath, value=//div[@class=&apos;bp4-tab pl-12 pr-12 pb-2 font-bold text-xl lg:ml-60 mx-auto&apos;]}]&#10;Capabilities {acceptInsecureCerts: false, browserName: chrome, browserVersion: 110.0.5481.100, chrome: {chromedriverVersion: 110.0.5481.77 (65ed616c6e8e..., userDataDir: /var/folders/00/xzw63_pj58g...}, goog:chromeOptions: {debuggerAddress: localhost:52232}, javascriptEnabled: true, networkConnectionEnabled: false, pageLoadStrategy: normal, platform: MAC, platformName: MAC, proxy: Proxy(), se:cdp: ws://localhost:52232/devtoo..., se:cdpVersion: 110.0.5481.100, setWindowRect: true, strictFileInteractability: false, timeouts: {implicit: 0, pageLoad: 300000, script: 30000}, unhandledPromptBehavior: dismiss and notify, webauthn:extension:credBlob: true, webauthn:extension:largeBlob: true, webauthn:virtualAuthenticators: true}&#10;Session ID: ed7df8bbafa0bb54eba3cd9e216d27cf" type="org.openqa.selenium.NoSuchElementException"><![CDATA[org.openqa.selenium.NoSuchElementException: 
no such element: Unable to locate element: {"method":"xpath","selector":"//div[@class='bp4-tab pl-12 pr-12 pb-2 font-bold text-xl lg:ml-60 mx-auto']"}
  (Session info: chrome=110.0.5481.100)
For documentation on this error, please visit: https://selenium.dev/exceptions/#no_such_element
Build info: version: '4.1.2', revision: '9a5a329c5a'
System info: host: 'nsystem-mbp', ip: 'fe80:0:0:0:ce7:beec:a50b:8367%en0', os.name: 'Mac OS X', os.arch: 'x86_64', os.version: '10.16', java.version: '1.8.0_201'
Driver info: org.openqa.selenium.chrome.ChromeDriver
Command: [ed7df8bbafa0bb54eba3cd9e216d27cf, findElement {using=xpath, value=//div[@class='bp4-tab pl-12 pr-12 pb-2 font-bold text-xl lg:ml-60 mx-auto']}]
Capabilities {acceptInsecureCerts: false, browserName: chrome, browserVersion: 110.0.5481.100, chrome: {chromedriverVersion: 110.0.5481.77 (65ed616c6e8e..., userDataDir: /var/folders/00/xzw63_pj58g...}, goog:chromeOptions: {debuggerAddress: localhost:52232}, javascriptEnabled: true, networkConnectionEnabled: false, pageLoadStrategy: normal, platform: MAC, platformName: MAC, proxy: Proxy(), se:cdp: ws://localhost:52232/devtoo..., se:cdpVersion: 110.0.5481.100, setWindowRect: true, strictFileInteractability: false, timeouts: {implicit: 0, pageLoad: 300000, script: 30000}, unhandledPromptBehavior: dismiss and notify, webauthn:extension:credBlob: true, webauthn:extension:largeBlob: true, webauthn:virtualAuthenticators: true}
Session ID: ed7df8bbafa0bb54eba3cd9e216d27cf
]]></error>
  </testcase>
  <testcase name="And User move to edit profile" classname="Scenario: Teacher &apos;Perbarui&apos; button with all data form has been filled" time="0.005">
    <error message="no such element: Unable to locate element: {&quot;method&quot;:&quot;xpath&quot;,&quot;selector&quot;:&quot;//div[@class=&apos;bp4-tab pl-12 pr-12 pb-2 font-bold text-xl lg:ml-60 mx-auto&apos;]&quot;}&#10;  (Session info: chrome=110.0.5481.100)&#10;For documentation on this error, please visit: https://selenium.dev/exceptions/#no_such_element&#10;Build info: version: &apos;4.1.2&apos;, revision: &apos;9a5a329c5a&apos;&#10;System info: host: &apos;nsystem-mbp&apos;, ip: &apos;fe80:0:0:0:ce7:beec:a50b:8367%en0&apos;, os.name: &apos;Mac OS X&apos;, os.arch: &apos;x86_64&apos;, os.version: &apos;10.16&apos;, java.version: &apos;1.8.0_201&apos;&#10;Driver info: org.openqa.selenium.chrome.ChromeDriver&#10;Command: [3459a39cd14eca53840b627b6973b7a3, findElement {using=xpath, value=//div[@class=&apos;bp4-tab pl-12 pr-12 pb-2 font-bold text-xl lg:ml-60 mx-auto&apos;]}]&#10;Capabilities {acceptInsecureCerts: false, browserName: chrome, browserVersion: 110.0.5481.100, chrome: {chromedriverVersion: 110.0.5481.77 (65ed616c6e8e..., userDataDir: /var/folders/00/xzw63_pj58g...}, goog:chromeOptions: {debuggerAddress: localhost:52258}, javascriptEnabled: true, networkConnectionEnabled: false, pageLoadStrategy: normal, platform: MAC, platformName: MAC, proxy: Proxy(), se:cdp: ws://localhost:52258/devtoo..., se:cdpVersion: 110.0.5481.100, setWindowRect: true, strictFileInteractability: false, timeouts: {implicit: 0, pageLoad: 300000, script: 30000}, unhandledPromptBehavior: dismiss and notify, webauthn:extension:credBlob: true, webauthn:extension:largeBlob: true, webauthn:virtualAuthenticators: true}&#10;Session ID: 3459a39cd14eca53840b627b6973b7a3" type="org.openqa.selenium.NoSuchElementException"><![CDATA[org.openqa.selenium.NoSuchElementException: 
no such element: Unable to locate element: {"method":"xpath","selector":"//div[@class='bp4-tab pl-12 pr-12 pb-2 font-bold text-xl lg:ml-60 mx-auto']"}
  (Session info: chrome=110.0.5481.100)
For documentation on this error, please visit: https://selenium.dev/exceptions/#no_such_element
Build info: version: '4.1.2', revision: '9a5a329c5a'
System info: host: 'nsystem-mbp', ip: 'fe80:0:0:0:ce7:beec:a50b:8367%en0', os.name: 'Mac OS X', os.arch: 'x86_64', os.version: '10.16', java.version: '1.8.0_201'
Driver info: org.openqa.selenium.chrome.ChromeDriver
Command: [3459a39cd14eca53840b627b6973b7a3, findElement {using=xpath, value=//div[@class='bp4-tab pl-12 pr-12 pb-2 font-bold text-xl lg:ml-60 mx-auto']}]
Capabilities {acceptInsecureCerts: false, browserName: chrome, browserVersion: 110.0.5481.100, chrome: {chromedriverVersion: 110.0.5481.77 (65ed616c6e8e..., userDataDir: /var/folders/00/xzw63_pj58g...}, goog:chromeOptions: {debuggerAddress: localhost:52258}, javascriptEnabled: true, networkConnectionEnabled: false, pageLoadStrategy: normal, platform: MAC, platformName: MAC, proxy: Proxy(), se:cdp: ws://localhost:52258/devtoo..., se:cdpVersion: 110.0.5481.100, setWindowRect: true, strictFileInteractability: false, timeouts: {implicit: 0, pageLoad: 300000, script: 30000}, unhandledPromptBehavior: dismiss and notify, webauthn:extension:credBlob: true, webauthn:extension:largeBlob: true, webauthn:virtualAuthenticators: true}
Session ID: 3459a39cd14eca53840b627b6973b7a3
]]></error>
  </testcase>
  <testcase name="And User move to edit profile" classname="Scenario: Teacher &apos;Perbarui&apos; button with all data form has been filled" time="0.004">
    <error message="no such element: Unable to locate element: {&quot;method&quot;:&quot;xpath&quot;,&quot;selector&quot;:&quot;//div[@class=&apos;bp4-tab pl-12 pr-12 pb-2 font-bold text-xl lg:ml-60 mx-auto&apos;]&quot;}&#10;  (Session info: chrome=110.0.5481.100)&#10;For documentation on this error, please visit: https://selenium.dev/exceptions/#no_such_element&#10;Build info: version: &apos;4.1.2&apos;, revision: &apos;9a5a329c5a&apos;&#10;System info: host: &apos;nsystem-mbp&apos;, ip: &apos;fe80:0:0:0:ce7:beec:a50b:8367%en0&apos;, os.name: &apos;Mac OS X&apos;, os.arch: &apos;x86_64&apos;, os.version: &apos;10.16&apos;, java.version: &apos;1.8.0_201&apos;&#10;Driver info: org.openqa.selenium.chrome.ChromeDriver&#10;Command: [8148edcf3dda66c5e33167cbc610a892, findElement {using=xpath, value=//div[@class=&apos;bp4-tab pl-12 pr-12 pb-2 font-bold text-xl lg:ml-60 mx-auto&apos;]}]&#10;Capabilities {acceptInsecureCerts: false, browserName: chrome, browserVersion: 110.0.5481.100, chrome: {chromedriverVersion: 110.0.5481.77 (65ed616c6e8e..., userDataDir: /var/folders/00/xzw63_pj58g...}, goog:chromeOptions: {debuggerAddress: localhost:52285}, javascriptEnabled: true, networkConnectionEnabled: false, pageLoadStrategy: normal, platform: MAC, platformName: MAC, proxy: Proxy(), se:cdp: ws://localhost:52285/devtoo..., se:cdpVersion: 110.0.5481.100, setWindowRect: true, strictFileInteractability: false, timeouts: {implicit: 0, pageLoad: 300000, script: 30000}, unhandledPromptBehavior: dismiss and notify, webauthn:extension:credBlob: true, webauthn:extension:largeBlob: true, webauthn:virtualAuthenticators: true}&#10;Session ID: 8148edcf3dda66c5e33167cbc610a892" type="org.openqa.selenium.NoSuchElementException"><![CDATA[org.openqa.selenium.NoSuchElementException: 
no such element: Unable to locate element: {"method":"xpath","selector":"//div[@class='bp4-tab pl-12 pr-12 pb-2 font-bold text-xl lg:ml-60 mx-auto']"}
  (Session info: chrome=110.0.5481.100)
For documentation on this error, please visit: https://selenium.dev/exceptions/#no_such_element
Build info: version: '4.1.2', revision: '9a5a329c5a'
System info: host: 'nsystem-mbp', ip: 'fe80:0:0:0:ce7:beec:a50b:8367%en0', os.name: 'Mac OS X', os.arch: 'x86_64', os.version: '10.16', java.version: '1.8.0_201'
Driver info: org.openqa.selenium.chrome.ChromeDriver
Command: [8148edcf3dda66c5e33167cbc610a892, findElement {using=xpath, value=//div[@class='bp4-tab pl-12 pr-12 pb-2 font-bold text-xl lg:ml-60 mx-auto']}]
Capabilities {acceptInsecureCerts: false, browserName: chrome, browserVersion: 110.0.5481.100, chrome: {chromedriverVersion: 110.0.5481.77 (65ed616c6e8e..., userDataDir: /var/folders/00/xzw63_pj58g...}, goog:chromeOptions: {debuggerAddress: localhost:52285}, javascriptEnabled: true, networkConnectionEnabled: false, pageLoadStrategy: normal, platform: MAC, platformName: MAC, proxy: Proxy(), se:cdp: ws://localhost:52285/devtoo..., se:cdpVersion: 110.0.5481.100, setWindowRect: true, strictFileInteractability: false, timeouts: {implicit: 0, pageLoad: 300000, script: 30000}, unhandledPromptBehavior: dismiss and notify, webauthn:extension:credBlob: true, webauthn:extension:largeBlob: true, webauthn:virtualAuthenticators: true}
Session ID: 8148edcf3dda66c5e33167cbc610a892
]]></error>
  </testcase>
  <testcase name="And User move to edit profile" classname="Scenario: Teacher &apos;Perbarui&apos; button with all data form has been filled" time="0.003">
    <error message="no such element: Unable to locate element: {&quot;method&quot;:&quot;xpath&quot;,&quot;selector&quot;:&quot;//div[@class=&apos;bp4-tab pl-12 pr-12 pb-2 font-bold text-xl lg:ml-60 mx-auto&apos;]&quot;}&#10;  (Session info: chrome=110.0.5481.100)&#10;For documentation on this error, please visit: https://selenium.dev/exceptions/#no_such_element&#10;Build info: version: &apos;4.1.2&apos;, revision: &apos;9a5a329c5a&apos;&#10;System info: host: &apos;nsystem-mbp&apos;, ip: &apos;fe80:0:0:0:ce7:beec:a50b:8367%en0&apos;, os.name: &apos;Mac OS X&apos;, os.arch: &apos;x86_64&apos;, os.version: &apos;10.16&apos;, java.version: &apos;1.8.0_201&apos;&#10;Driver info: org.openqa.selenium.chrome.ChromeDriver&#10;Command: [35fa1cfedf7a8bb83007e60f24c50d8d, findElement {using=xpath, value=//div[@class=&apos;bp4-tab pl-12 pr-12 pb-2 font-bold text-xl lg:ml-60 mx-auto&apos;]}]&#10;Capabilities {acceptInsecureCerts: false, browserName: chrome, browserVersion: 110.0.5481.100, chrome: {chromedriverVersion: 110.0.5481.77 (65ed616c6e8e..., userDataDir: /var/folders/00/xzw63_pj58g...}, goog:chromeOptions: {debuggerAddress: localhost:52311}, javascriptEnabled: true, networkConnectionEnabled: false, pageLoadStrategy: normal, platform: MAC, platformName: MAC, proxy: Proxy(), se:cdp: ws://localhost:52311/devtoo..., se:cdpVersion: 110.0.5481.100, setWindowRect: true, strictFileInteractability: false, timeouts: {implicit: 0, pageLoad: 300000, script: 30000}, unhandledPromptBehavior: dismiss and notify, webauthn:extension:credBlob: true, webauthn:extension:largeBlob: true, webauthn:virtualAuthenticators: true}&#10;Session ID: 35fa1cfedf7a8bb83007e60f24c50d8d" type="org.openqa.selenium.NoSuchElementException"><![CDATA[org.openqa.selenium.NoSuchElementException: 
no such element: Unable to locate element: {"method":"xpath","selector":"//div[@class='bp4-tab pl-12 pr-12 pb-2 font-bold text-xl lg:ml-60 mx-auto']"}
  (Session info: chrome=110.0.5481.100)
For documentation on this error, please visit: https://selenium.dev/exceptions/#no_such_element
Build info: version: '4.1.2', revision: '9a5a329c5a'
System info: host: 'nsystem-mbp', ip: 'fe80:0:0:0:ce7:beec:a50b:8367%en0', os.name: 'Mac OS X', os.arch: 'x86_64', os.version: '10.16', java.version: '1.8.0_201'
Driver info: org.openqa.selenium.chrome.ChromeDriver
Command: [35fa1cfedf7a8bb83007e60f24c50d8d, findElement {using=xpath, value=//div[@class='bp4-tab pl-12 pr-12 pb-2 font-bold text-xl lg:ml-60 mx-auto']}]
Capabilities {acceptInsecureCerts: false, browserName: chrome, browserVersion: 110.0.5481.100, chrome: {chromedriverVersion: 110.0.5481.77 (65ed616c6e8e..., userDataDir: /var/folders/00/xzw63_pj58g...}, goog:chromeOptions: {debuggerAddress: localhost:52311}, javascriptEnabled: true, networkConnectionEnabled: false, pageLoadStrategy: normal, platform: MAC, platformName: MAC, proxy: Proxy(), se:cdp: ws://localhost:52311/devtoo..., se:cdpVersion: 110.0.5481.100, setWindowRect: true, strictFileInteractability: false, timeouts: {implicit: 0, pageLoad: 300000, script: 30000}, unhandledPromptBehavior: dismiss and notify, webauthn:extension:credBlob: true, webauthn:extension:largeBlob: true, webauthn:virtualAuthenticators: true}
Session ID: 35fa1cfedf7a8bb83007e60f24c50d8d
]]></error>
  </testcase>
  <testcase name="And User move to edit profile" classname="Scenario: Teacher &apos;Perbarui&apos; button with all data form has been filled" time="0">
    <skipped/>
  </testcase>
  <testcase name="And User move to edit profile" classname="Scenario: Teacher &apos;Perbarui&apos; button with all data form has been filled" time="0.003">
    <error message="no such element: Unable to locate element: {&quot;method&quot;:&quot;xpath&quot;,&quot;selector&quot;:&quot;//div[@class=&apos;bp4-tab pl-12 pr-12 pb-2 font-bold text-xl lg:ml-60 mx-auto&apos;]&quot;}&#10;  (Session info: chrome=110.0.5481.100)&#10;For documentation on this error, please visit: https://selenium.dev/exceptions/#no_such_element&#10;Build info: version: &apos;4.1.2&apos;, revision: &apos;9a5a329c5a&apos;&#10;System info: host: &apos;nsystem-mbp&apos;, ip: &apos;fe80:0:0:0:ce7:beec:a50b:8367%en0&apos;, os.name: &apos;Mac OS X&apos;, os.arch: &apos;x86_64&apos;, os.version: &apos;10.16&apos;, java.version: &apos;1.8.0_201&apos;&#10;Driver info: org.openqa.selenium.chrome.ChromeDriver&#10;Command: [ced39227bddc0094f423d7ce4abdcdb8, findElement {using=xpath, value=//div[@class=&apos;bp4-tab pl-12 pr-12 pb-2 font-bold text-xl lg:ml-60 mx-auto&apos;]}]&#10;Capabilities {acceptInsecureCerts: false, browserName: chrome, browserVersion: 110.0.5481.100, chrome: {chromedriverVersion: 110.0.5481.77 (65ed616c6e8e..., userDataDir: /var/folders/00/xzw63_pj58g...}, goog:chromeOptions: {debuggerAddress: localhost:52407}, javascriptEnabled: true, networkConnectionEnabled: false, pageLoadStrategy: normal, platform: MAC, platformName: MAC, proxy: Proxy(), se:cdp: ws://localhost:52407/devtoo..., se:cdpVersion: 110.0.5481.100, setWindowRect: true, strictFileInteractability: false, timeouts: {implicit: 0, pageLoad: 300000, script: 30000}, unhandledPromptBehavior: dismiss and notify, webauthn:extension:credBlob: true, webauthn:extension:largeBlob: true, webauthn:virtualAuthenticators: true}&#10;Session ID: ced39227bddc0094f423d7ce4abdcdb8" type="org.openqa.selenium.NoSuchElementException"><![CDATA[org.openqa.selenium.NoSuchElementException: 
no such element: Unable to locate element: {"method":"xpath","selector":"//div[@class='bp4-tab pl-12 pr-12 pb-2 font-bold text-xl lg:ml-60 mx-auto']"}
  (Session info: chrome=110.0.5481.100)
For documentation on this error, please visit: https://selenium.dev/exceptions/#no_such_element
Build info: version: '4.1.2', revision: '9a5a329c5a'
System info: host: 'nsystem-mbp', ip: 'fe80:0:0:0:ce7:beec:a50b:8367%en0', os.name: 'Mac OS X', os.arch: 'x86_64', os.version: '10.16', java.version: '1.8.0_201'
Driver info: org.openqa.selenium.chrome.ChromeDriver
Command: [ced39227bddc0094f423d7ce4abdcdb8, findElement {using=xpath, value=//div[@class='bp4-tab pl-12 pr-12 pb-2 font-bold text-xl lg:ml-60 mx-auto']}]
Capabilities {acceptInsecureCerts: false, browserName: chrome, browserVersion: 110.0.5481.100, chrome: {chromedriverVersion: 110.0.5481.77 (65ed616c6e8e..., userDataDir: /var/folders/00/xzw63_pj58g...}, goog:chromeOptions: {debuggerAddress: localhost:52407}, javascriptEnabled: true, networkConnectionEnabled: false, pageLoadStrategy: normal, platform: MAC, platformName: MAC, proxy: Proxy(), se:cdp: ws://localhost:52407/devtoo..., se:cdpVersion: 110.0.5481.100, setWindowRect: true, strictFileInteractability: false, timeouts: {implicit: 0, pageLoad: 300000, script: 30000}, unhandledPromptBehavior: dismiss and notify, webauthn:extension:credBlob: true, webauthn:extension:largeBlob: true, webauthn:virtualAuthenticators: true}
Session ID: ced39227bddc0094f423d7ce4abdcdb8
]]></error>
  </testcase>
  <testcase name="And User move to edit profile" classname="Scenario: Teacher &apos;Perbarui&apos; button with all data form has been filled" time="0.01">
    <error message="no such element: Unable to locate element: {&quot;method&quot;:&quot;xpath&quot;,&quot;selector&quot;:&quot;//div[@class=&apos;bp4-tab pl-12 pr-12 pb-2 font-bold text-xl lg:ml-60 mx-auto&apos;]&quot;}&#10;  (Session info: chrome=110.0.5481.100)&#10;For documentation on this error, please visit: https://selenium.dev/exceptions/#no_such_element&#10;Build info: version: &apos;4.1.2&apos;, revision: &apos;9a5a329c5a&apos;&#10;System info: host: &apos;nsystem-mbp&apos;, ip: &apos;fe80:0:0:0:ce7:beec:a50b:8367%en0&apos;, os.name: &apos;Mac OS X&apos;, os.arch: &apos;x86_64&apos;, os.version: &apos;10.16&apos;, java.version: &apos;1.8.0_201&apos;&#10;Driver info: org.openqa.selenium.chrome.ChromeDriver&#10;Command: [e219c1616f7e8e6b92cee705c28afe62, findElement {using=xpath, value=//div[@class=&apos;bp4-tab pl-12 pr-12 pb-2 font-bold text-xl lg:ml-60 mx-auto&apos;]}]&#10;Capabilities {acceptInsecureCerts: false, browserName: chrome, browserVersion: 110.0.5481.100, chrome: {chromedriverVersion: 110.0.5481.77 (65ed616c6e8e..., userDataDir: /var/folders/00/xzw63_pj58g...}, goog:chromeOptions: {debuggerAddress: localhost:52433}, javascriptEnabled: true, networkConnectionEnabled: false, pageLoadStrategy: normal, platform: MAC, platformName: MAC, proxy: Proxy(), se:cdp: ws://localhost:52433/devtoo..., se:cdpVersion: 110.0.5481.100, setWindowRect: true, strictFileInteractability: false, timeouts: {implicit: 0, pageLoad: 300000, script: 30000}, unhandledPromptBehavior: dismiss and notify, webauthn:extension:credBlob: true, webauthn:extension:largeBlob: true, webauthn:virtualAuthenticators: true}&#10;Session ID: e219c1616f7e8e6b92cee705c28afe62" type="org.openqa.selenium.NoSuchElementException"><![CDATA[org.openqa.selenium.NoSuchElementException: 
no such element: Unable to locate element: {"method":"xpath","selector":"//div[@class='bp4-tab pl-12 pr-12 pb-2 font-bold text-xl lg:ml-60 mx-auto']"}
  (Session info: chrome=110.0.5481.100)
For documentation on this error, please visit: https://selenium.dev/exceptions/#no_such_element
Build info: version: '4.1.2', revision: '9a5a329c5a'
System info: host: 'nsystem-mbp', ip: 'fe80:0:0:0:ce7:beec:a50b:8367%en0', os.name: 'Mac OS X', os.arch: 'x86_64', os.version: '10.16', java.version: '1.8.0_201'
Driver info: org.openqa.selenium.chrome.ChromeDriver
Command: [e219c1616f7e8e6b92cee705c28afe62, findElement {using=xpath, value=//div[@class='bp4-tab pl-12 pr-12 pb-2 font-bold text-xl lg:ml-60 mx-auto']}]
Capabilities {acceptInsecureCerts: false, browserName: chrome, browserVersion: 110.0.5481.100, chrome: {chromedriverVersion: 110.0.5481.77 (65ed616c6e8e..., userDataDir: /var/folders/00/xzw63_pj58g...}, goog:chromeOptions: {debuggerAddress: localhost:52433}, javascriptEnabled: true, networkConnectionEnabled: false, pageLoadStrategy: normal, platform: MAC, platformName: MAC, proxy: Proxy(), se:cdp: ws://localhost:52433/devtoo..., se:cdpVersion: 110.0.5481.100, setWindowRect: true, strictFileInteractability: false, timeouts: {implicit: 0, pageLoad: 300000, script: 30000}, unhandledPromptBehavior: dismiss and notify, webauthn:extension:credBlob: true, webauthn:extension:largeBlob: true, webauthn:virtualAuthenticators: true}
Session ID: e219c1616f7e8e6b92cee705c28afe62
]]></error>
  </testcase>
  <testcase name="And User move to edit profile" classname="Scenario: Teacher &apos;Perbarui&apos; button with all data form has been filled" time="0.004">
    <error message="no such element: Unable to locate element: {&quot;method&quot;:&quot;xpath&quot;,&quot;selector&quot;:&quot;//div[@class=&apos;bp4-tab pl-12 pr-12 pb-2 font-bold text-xl lg:ml-60 mx-auto&apos;]&quot;}&#10;  (Session info: chrome=110.0.5481.100)&#10;For documentation on this error, please visit: https://selenium.dev/exceptions/#no_such_element&#10;Build info: version: &apos;4.1.2&apos;, revision: &apos;9a5a329c5a&apos;&#10;System info: host: &apos;nsystem-mbp&apos;, ip: &apos;fe80:0:0:0:ce7:beec:a50b:8367%en0&apos;, os.name: &apos;Mac OS X&apos;, os.arch: &apos;x86_64&apos;, os.version: &apos;10.16&apos;, java.version: &apos;1.8.0_201&apos;&#10;Driver info: org.openqa.selenium.chrome.ChromeDriver&#10;Command: [7809b593663980d6b34ee84598d018a6, findElement {using=xpath, value=//div[@class=&apos;bp4-tab pl-12 pr-12 pb-2 font-bold text-xl lg:ml-60 mx-auto&apos;]}]&#10;Capabilities {acceptInsecureCerts: false, browserName: chrome, browserVersion: 110.0.5481.100, chrome: {chromedriverVersion: 110.0.5481.77 (65ed616c6e8e..., userDataDir: /var/folders/00/xzw63_pj58g...}, goog:chromeOptions: {debuggerAddress: localhost:52461}, javascriptEnabled: true, networkConnectionEnabled: false, pageLoadStrategy: normal, platform: MAC, platformName: MAC, proxy: Proxy(), se:cdp: ws://localhost:52461/devtoo..., se:cdpVersion: 110.0.5481.100, setWindowRect: true, strictFileInteractability: false, timeouts: {implicit: 0, pageLoad: 300000, script: 30000}, unhandledPromptBehavior: dismiss and notify, webauthn:extension:credBlob: true, webauthn:extension:largeBlob: true, webauthn:virtualAuthenticators: true}&#10;Session ID: 7809b593663980d6b34ee84598d018a6" type="org.openqa.selenium.NoSuchElementException"><![CDATA[org.openqa.selenium.NoSuchElementException: 
no such element: Unable to locate element: {"method":"xpath","selector":"//div[@class='bp4-tab pl-12 pr-12 pb-2 font-bold text-xl lg:ml-60 mx-auto']"}
  (Session info: chrome=110.0.5481.100)
For documentation on this error, please visit: https://selenium.dev/exceptions/#no_such_element
Build info: version: '4.1.2', revision: '9a5a329c5a'
System info: host: 'nsystem-mbp', ip: 'fe80:0:0:0:ce7:beec:a50b:8367%en0', os.name: 'Mac OS X', os.arch: 'x86_64', os.version: '10.16', java.version: '1.8.0_201'
Driver info: org.openqa.selenium.chrome.ChromeDriver
Command: [7809b593663980d6b34ee84598d018a6, findElement {using=xpath, value=//div[@class='bp4-tab pl-12 pr-12 pb-2 font-bold text-xl lg:ml-60 mx-auto']}]
Capabilities {acceptInsecureCerts: false, browserName: chrome, browserVersion: 110.0.5481.100, chrome: {chromedriverVersion: 110.0.5481.77 (65ed616c6e8e..., userDataDir: /var/folders/00/xzw63_pj58g...}, goog:chromeOptions: {debuggerAddress: localhost:52461}, javascriptEnabled: true, networkConnectionEnabled: false, pageLoadStrategy: normal, platform: MAC, platformName: MAC, proxy: Proxy(), se:cdp: ws://localhost:52461/devtoo..., se:cdpVersion: 110.0.5481.100, setWindowRect: true, strictFileInteractability: false, timeouts: {implicit: 0, pageLoad: 300000, script: 30000}, unhandledPromptBehavior: dismiss and notify, webauthn:extension:credBlob: true, webauthn:extension:largeBlob: true, webauthn:virtualAuthenticators: true}
Session ID: 7809b593663980d6b34ee84598d018a6
]]></error>
  </testcase>
  <testcase name="And User move to edit profile" classname="Scenario: Teacher &apos;Perbarui&apos; button with all data form has been filled" time="0.004">
    <error message="no such element: Unable to locate element: {&quot;method&quot;:&quot;xpath&quot;,&quot;selector&quot;:&quot;//div[@class=&apos;bp4-tab pl-12 pr-12 pb-2 font-bold text-xl lg:ml-60 mx-auto&apos;]&quot;}&#10;  (Session info: chrome=110.0.5481.100)&#10;For documentation on this error, please visit: https://selenium.dev/exceptions/#no_such_element&#10;Build info: version: &apos;4.1.2&apos;, revision: &apos;9a5a329c5a&apos;&#10;System info: host: &apos;nsystem-mbp&apos;, ip: &apos;fe80:0:0:0:ce7:beec:a50b:8367%en0&apos;, os.name: &apos;Mac OS X&apos;, os.arch: &apos;x86_64&apos;, os.version: &apos;10.16&apos;, java.version: &apos;1.8.0_201&apos;&#10;Driver info: org.openqa.selenium.chrome.ChromeDriver&#10;Command: [51a86b5ffb120ae556a2e7e7d9461671, findElement {using=xpath, value=//div[@class=&apos;bp4-tab pl-12 pr-12 pb-2 font-bold text-xl lg:ml-60 mx-auto&apos;]}]&#10;Capabilities {acceptInsecureCerts: false, browserName: chrome, browserVersion: 110.0.5481.100, chrome: {chromedriverVersion: 110.0.5481.77 (65ed616c6e8e..., userDataDir: /var/folders/00/xzw63_pj58g...}, goog:chromeOptions: {debuggerAddress: localhost:52483}, javascriptEnabled: true, networkConnectionEnabled: false, pageLoadStrategy: normal, platform: MAC, platformName: MAC, proxy: Proxy(), se:cdp: ws://localhost:52483/devtoo..., se:cdpVersion: 110.0.5481.100, setWindowRect: true, strictFileInteractability: false, timeouts: {implicit: 0, pageLoad: 300000, script: 30000}, unhandledPromptBehavior: dismiss and notify, webauthn:extension:credBlob: true, webauthn:extension:largeBlob: true, webauthn:virtualAuthenticators: true}&#10;Session ID: 51a86b5ffb120ae556a2e7e7d9461671" type="org.openqa.selenium.NoSuchElementException"><![CDATA[org.openqa.selenium.NoSuchElementException: 
no such element: Unable to locate element: {"method":"xpath","selector":"//div[@class='bp4-tab pl-12 pr-12 pb-2 font-bold text-xl lg:ml-60 mx-auto']"}
  (Session info: chrome=110.0.5481.100)
For documentation on this error, please visit: https://selenium.dev/exceptions/#no_such_element
Build info: version: '4.1.2', revision: '9a5a329c5a'
System info: host: 'nsystem-mbp', ip: 'fe80:0:0:0:ce7:beec:a50b:8367%en0', os.name: 'Mac OS X', os.arch: 'x86_64', os.version: '10.16', java.version: '1.8.0_201'
Driver info: org.openqa.selenium.chrome.ChromeDriver
Command: [51a86b5ffb120ae556a2e7e7d9461671, findElement {using=xpath, value=//div[@class='bp4-tab pl-12 pr-12 pb-2 font-bold text-xl lg:ml-60 mx-auto']}]
Capabilities {acceptInsecureCerts: false, browserName: chrome, browserVersion: 110.0.5481.100, chrome: {chromedriverVersion: 110.0.5481.77 (65ed616c6e8e..., userDataDir: /var/folders/00/xzw63_pj58g...}, goog:chromeOptions: {debuggerAddress: localhost:52483}, javascriptEnabled: true, networkConnectionEnabled: false, pageLoadStrategy: normal, platform: MAC, platformName: MAC, proxy: Proxy(), se:cdp: ws://localhost:52483/devtoo..., se:cdpVersion: 110.0.5481.100, setWindowRect: true, strictFileInteractability: false, timeouts: {implicit: 0, pageLoad: 300000, script: 30000}, unhandledPromptBehavior: dismiss and notify, webauthn:extension:credBlob: true, webauthn:extension:largeBlob: true, webauthn:virtualAuthenticators: true}
Session ID: 51a86b5ffb120ae556a2e7e7d9461671
]]></error>
  </testcase>
  <testcase name="And User move to edit profile" classname="Scenario: Teacher &apos;Perbarui&apos; button with all data form has been filled" time="0.005">
    <error message="no such element: Unable to locate element: {&quot;method&quot;:&quot;xpath&quot;,&quot;selector&quot;:&quot;//div[@class=&apos;bp4-tab pl-12 pr-12 pb-2 font-bold text-xl lg:ml-60 mx-auto&apos;]&quot;}&#10;  (Session info: chrome=110.0.5481.100)&#10;For documentation on this error, please visit: https://selenium.dev/exceptions/#no_such_element&#10;Build info: version: &apos;4.1.2&apos;, revision: &apos;9a5a329c5a&apos;&#10;System info: host: &apos;nsystem-mbp&apos;, ip: &apos;fe80:0:0:0:ce7:beec:a50b:8367%en0&apos;, os.name: &apos;Mac OS X&apos;, os.arch: &apos;x86_64&apos;, os.version: &apos;10.16&apos;, java.version: &apos;1.8.0_201&apos;&#10;Driver info: org.openqa.selenium.chrome.ChromeDriver&#10;Command: [ce0e580705c8c23f194c431ce546fa75, findElement {using=xpath, value=//div[@class=&apos;bp4-tab pl-12 pr-12 pb-2 font-bold text-xl lg:ml-60 mx-auto&apos;]}]&#10;Capabilities {acceptInsecureCerts: false, browserName: chrome, browserVersion: 110.0.5481.100, chrome: {chromedriverVersion: 110.0.5481.77 (65ed616c6e8e..., userDataDir: /var/folders/00/xzw63_pj58g...}, goog:chromeOptions: {debuggerAddress: localhost:52513}, javascriptEnabled: true, networkConnectionEnabled: false, pageLoadStrategy: normal, platform: MAC, platformName: MAC, proxy: Proxy(), se:cdp: ws://localhost:52513/devtoo..., se:cdpVersion: 110.0.5481.100, setWindowRect: true, strictFileInteractability: false, timeouts: {implicit: 0, pageLoad: 300000, script: 30000}, unhandledPromptBehavior: dismiss and notify, webauthn:extension:credBlob: true, webauthn:extension:largeBlob: true, webauthn:virtualAuthenticators: true}&#10;Session ID: ce0e580705c8c23f194c431ce546fa75" type="org.openqa.selenium.NoSuchElementException"><![CDATA[org.openqa.selenium.NoSuchElementException: 
no such element: Unable to locate element: {"method":"xpath","selector":"//div[@class='bp4-tab pl-12 pr-12 pb-2 font-bold text-xl lg:ml-60 mx-auto']"}
  (Session info: chrome=110.0.5481.100)
For documentation on this error, please visit: https://selenium.dev/exceptions/#no_such_element
Build info: version: '4.1.2', revision: '9a5a329c5a'
System info: host: 'nsystem-mbp', ip: 'fe80:0:0:0:ce7:beec:a50b:8367%en0', os.name: 'Mac OS X', os.arch: 'x86_64', os.version: '10.16', java.version: '1.8.0_201'
Driver info: org.openqa.selenium.chrome.ChromeDriver
Command: [ce0e580705c8c23f194c431ce546fa75, findElement {using=xpath, value=//div[@class='bp4-tab pl-12 pr-12 pb-2 font-bold text-xl lg:ml-60 mx-auto']}]
Capabilities {acceptInsecureCerts: false, browserName: chrome, browserVersion: 110.0.5481.100, chrome: {chromedriverVersion: 110.0.5481.77 (65ed616c6e8e..., userDataDir: /var/folders/00/xzw63_pj58g...}, goog:chromeOptions: {debuggerAddress: localhost:52513}, javascriptEnabled: true, networkConnectionEnabled: false, pageLoadStrategy: normal, platform: MAC, platformName: MAC, proxy: Proxy(), se:cdp: ws://localhost:52513/devtoo..., se:cdpVersion: 110.0.5481.100, setWindowRect: true, strictFileInteractability: false, timeouts: {implicit: 0, pageLoad: 300000, script: 30000}, unhandledPromptBehavior: dismiss and notify, webauthn:extension:credBlob: true, webauthn:extension:largeBlob: true, webauthn:virtualAuthenticators: true}
Session ID: ce0e580705c8c23f194c431ce546fa75
]]></error>
  </testcase>
  <testcase name="And User move to edit profile" classname="Scenario: Teacher &apos;Perbarui&apos; button with all data form has been filled" time="0">
    <skipped/>
  </testcase>
  <testcase name="And User move to edit profile" classname="Scenario: Teacher &apos;Perbarui&apos; button with all data form has been filled" time="0">
    <skipped/>
  </testcase>
  <testcase name="And User move to edit profile" classname="Scenario: Teacher &apos;Perbarui&apos; button with all data form has been filled" time="0.004">
    <error message="no such element: Unable to locate element: {&quot;method&quot;:&quot;xpath&quot;,&quot;selector&quot;:&quot;//div[@class=&apos;bp4-tab pl-12 pr-12 pb-2 font-bold text-xl lg:ml-60 mx-auto&apos;]&quot;}&#10;  (Session info: chrome=110.0.5481.100)&#10;For documentation on this error, please visit: https://selenium.dev/exceptions/#no_such_element&#10;Build info: version: &apos;4.1.2&apos;, revision: &apos;9a5a329c5a&apos;&#10;System info: host: &apos;nsystem-mbp&apos;, ip: &apos;fe80:0:0:0:ce7:beec:a50b:8367%en0&apos;, os.name: &apos;Mac OS X&apos;, os.arch: &apos;x86_64&apos;, os.version: &apos;10.16&apos;, java.version: &apos;1.8.0_201&apos;&#10;Driver info: org.openqa.selenium.chrome.ChromeDriver&#10;Command: [c4571d60d09ca3d20985f75a5bb8563a, findElement {using=xpath, value=//div[@class=&apos;bp4-tab pl-12 pr-12 pb-2 font-bold text-xl lg:ml-60 mx-auto&apos;]}]&#10;Capabilities {acceptInsecureCerts: false, browserName: chrome, browserVersion: 110.0.5481.100, chrome: {chromedriverVersion: 110.0.5481.77 (65ed616c6e8e..., userDataDir: /var/folders/00/xzw63_pj58g...}, goog:chromeOptions: {debuggerAddress: localhost:52608}, javascriptEnabled: true, networkConnectionEnabled: false, pageLoadStrategy: normal, platform: MAC, platformName: MAC, proxy: Proxy(), se:cdp: ws://localhost:52608/devtoo..., se:cdpVersion: 110.0.5481.100, setWindowRect: true, strictFileInteractability: false, timeouts: {implicit: 0, pageLoad: 300000, script: 30000}, unhandledPromptBehavior: dismiss and notify, webauthn:extension:credBlob: true, webauthn:extension:largeBlob: true, webauthn:virtualAuthenticators: true}&#10;Session ID: c4571d60d09ca3d20985f75a5bb8563a" type="org.openqa.selenium.NoSuchElementException"><![CDATA[org.openqa.selenium.NoSuchElementException: 
no such element: Unable to locate element: {"method":"xpath","selector":"//div[@class='bp4-tab pl-12 pr-12 pb-2 font-bold text-xl lg:ml-60 mx-auto']"}
  (Session info: chrome=110.0.5481.100)
For documentation on this error, please visit: https://selenium.dev/exceptions/#no_such_element
Build info: version: '4.1.2', revision: '9a5a329c5a'
System info: host: 'nsystem-mbp', ip: 'fe80:0:0:0:ce7:beec:a50b:8367%en0', os.name: 'Mac OS X', os.arch: 'x86_64', os.version: '10.16', java.version: '1.8.0_201'
Driver info: org.openqa.selenium.chrome.ChromeDriver
Command: [c4571d60d09ca3d20985f75a5bb8563a, findElement {using=xpath, value=//div[@class='bp4-tab pl-12 pr-12 pb-2 font-bold text-xl lg:ml-60 mx-auto']}]
Capabilities {acceptInsecureCerts: false, browserName: chrome, browserVersion: 110.0.5481.100, chrome: {chromedriverVersion: 110.0.5481.77 (65ed616c6e8e..., userDataDir: /var/folders/00/xzw63_pj58g...}, goog:chromeOptions: {debuggerAddress: localhost:52608}, javascriptEnabled: true, networkConnectionEnabled: false, pageLoadStrategy: normal, platform: MAC, platformName: MAC, proxy: Proxy(), se:cdp: ws://localhost:52608/devtoo..., se:cdpVersion: 110.0.5481.100, setWindowRect: true, strictFileInteractability: false, timeouts: {implicit: 0, pageLoad: 300000, script: 30000}, unhandledPromptBehavior: dismiss and notify, webauthn:extension:credBlob: true, webauthn:extension:largeBlob: true, webauthn:virtualAuthenticators: true}
Session ID: c4571d60d09ca3d20985f75a5bb8563a
]]></error>
  </testcase>
  <testcase name="And User move to edit profile" classname="Scenario: Teacher &apos;Perbarui&apos; button with all data form has been filled" time="0.006">
    <error message="no such element: Unable to locate element: {&quot;method&quot;:&quot;xpath&quot;,&quot;selector&quot;:&quot;//div[@class=&apos;bp4-tab pl-12 pr-12 pb-2 font-bold text-xl lg:ml-60 mx-auto&apos;]&quot;}&#10;  (Session info: chrome=110.0.5481.100)&#10;For documentation on this error, please visit: https://selenium.dev/exceptions/#no_such_element&#10;Build info: version: &apos;4.1.2&apos;, revision: &apos;9a5a329c5a&apos;&#10;System info: host: &apos;nsystem-mbp&apos;, ip: &apos;fe80:0:0:0:ce7:beec:a50b:8367%en0&apos;, os.name: &apos;Mac OS X&apos;, os.arch: &apos;x86_64&apos;, os.version: &apos;10.16&apos;, java.version: &apos;1.8.0_201&apos;&#10;Driver info: org.openqa.selenium.chrome.ChromeDriver&#10;Command: [18c7c63ee7e842637681040f26dc0f64, findElement {using=xpath, value=//div[@class=&apos;bp4-tab pl-12 pr-12 pb-2 font-bold text-xl lg:ml-60 mx-auto&apos;]}]&#10;Capabilities {acceptInsecureCerts: false, browserName: chrome, browserVersion: 110.0.5481.100, chrome: {chromedriverVersion: 110.0.5481.77 (65ed616c6e8e..., userDataDir: /var/folders/00/xzw63_pj58g...}, goog:chromeOptions: {debuggerAddress: localhost:52631}, javascriptEnabled: true, networkConnectionEnabled: false, pageLoadStrategy: normal, platform: MAC, platformName: MAC, proxy: Proxy(), se:cdp: ws://localhost:52631/devtoo..., se:cdpVersion: 110.0.5481.100, setWindowRect: true, strictFileInteractability: false, timeouts: {implicit: 0, pageLoad: 300000, script: 30000}, unhandledPromptBehavior: dismiss and notify, webauthn:extension:credBlob: true, webauthn:extension:largeBlob: true, webauthn:virtualAuthenticators: true}&#10;Session ID: 18c7c63ee7e842637681040f26dc0f64" type="org.openqa.selenium.NoSuchElementException"><![CDATA[org.openqa.selenium.NoSuchElementException: 
no such element: Unable to locate element: {"method":"xpath","selector":"//div[@class='bp4-tab pl-12 pr-12 pb-2 font-bold text-xl lg:ml-60 mx-auto']"}
  (Session info: chrome=110.0.5481.100)
For documentation on this error, please visit: https://selenium.dev/exceptions/#no_such_element
Build info: version: '4.1.2', revision: '9a5a329c5a'
System info: host: 'nsystem-mbp', ip: 'fe80:0:0:0:ce7:beec:a50b:8367%en0', os.name: 'Mac OS X', os.arch: 'x86_64', os.version: '10.16', java.version: '1.8.0_201'
Driver info: org.openqa.selenium.chrome.ChromeDriver
Command: [18c7c63ee7e842637681040f26dc0f64, findElement {using=xpath, value=//div[@class='bp4-tab pl-12 pr-12 pb-2 font-bold text-xl lg:ml-60 mx-auto']}]
Capabilities {acceptInsecureCerts: false, browserName: chrome, browserVersion: 110.0.5481.100, chrome: {chromedriverVersion: 110.0.5481.77 (65ed616c6e8e..., userDataDir: /var/folders/00/xzw63_pj58g...}, goog:chromeOptions: {debuggerAddress: localhost:52631}, javascriptEnabled: true, networkConnectionEnabled: false, pageLoadStrategy: normal, platform: MAC, platformName: MAC, proxy: Proxy(), se:cdp: ws://localhost:52631/devtoo..., se:cdpVersion: 110.0.5481.100, setWindowRect: true, strictFileInteractability: false, timeouts: {implicit: 0, pageLoad: 300000, script: 30000}, unhandledPromptBehavior: dismiss and notify, webauthn:extension:credBlob: true, webauthn:extension:largeBlob: true, webauthn:virtualAuthenticators: true}
Session ID: 18c7c63ee7e842637681040f26dc0f64
]]></error>
  </testcase>
  <testcase name="And User move to edit profile" classname="Scenario: Teacher &apos;Perbarui&apos; button with all data form has been filled" time="0.004">
    <error message="no such element: Unable to locate element: {&quot;method&quot;:&quot;xpath&quot;,&quot;selector&quot;:&quot;//div[@class=&apos;bp4-tab pl-12 pr-12 pb-2 font-bold text-xl lg:ml-60 mx-auto&apos;]&quot;}&#10;  (Session info: chrome=110.0.5481.100)&#10;For documentation on this error, please visit: https://selenium.dev/exceptions/#no_such_element&#10;Build info: version: &apos;4.1.2&apos;, revision: &apos;9a5a329c5a&apos;&#10;System info: host: &apos;nsystem-mbp&apos;, ip: &apos;fe80:0:0:0:ce7:beec:a50b:8367%en0&apos;, os.name: &apos;Mac OS X&apos;, os.arch: &apos;x86_64&apos;, os.version: &apos;10.16&apos;, java.version: &apos;1.8.0_201&apos;&#10;Driver info: org.openqa.selenium.chrome.ChromeDriver&#10;Command: [3992c43eadd9830908e162be0bcabb39, findElement {using=xpath, value=//div[@class=&apos;bp4-tab pl-12 pr-12 pb-2 font-bold text-xl lg:ml-60 mx-auto&apos;]}]&#10;Capabilities {acceptInsecureCerts: false, browserName: chrome, browserVersion: 110.0.5481.100, chrome: {chromedriverVersion: 110.0.5481.77 (65ed616c6e8e..., userDataDir: /var/folders/00/xzw63_pj58g...}, goog:chromeOptions: {debuggerAddress: localhost:52657}, javascriptEnabled: true, networkConnectionEnabled: false, pageLoadStrategy: normal, platform: MAC, platformName: MAC, proxy: Proxy(), se:cdp: ws://localhost:52657/devtoo..., se:cdpVersion: 110.0.5481.100, setWindowRect: true, strictFileInteractability: false, timeouts: {implicit: 0, pageLoad: 300000, script: 30000}, unhandledPromptBehavior: dismiss and notify, webauthn:extension:credBlob: true, webauthn:extension:largeBlob: true, webauthn:virtualAuthenticators: true}&#10;Session ID: 3992c43eadd9830908e162be0bcabb39" type="org.openqa.selenium.NoSuchElementException"><![CDATA[org.openqa.selenium.NoSuchElementException: 
no such element: Unable to locate element: {"method":"xpath","selector":"//div[@class='bp4-tab pl-12 pr-12 pb-2 font-bold text-xl lg:ml-60 mx-auto']"}
  (Session info: chrome=110.0.5481.100)
For documentation on this error, please visit: https://selenium.dev/exceptions/#no_such_element
Build info: version: '4.1.2', revision: '9a5a329c5a'
System info: host: 'nsystem-mbp', ip: 'fe80:0:0:0:ce7:beec:a50b:8367%en0', os.name: 'Mac OS X', os.arch: 'x86_64', os.version: '10.16', java.version: '1.8.0_201'
Driver info: org.openqa.selenium.chrome.ChromeDriver
Command: [3992c43eadd9830908e162be0bcabb39, findElement {using=xpath, value=//div[@class='bp4-tab pl-12 pr-12 pb-2 font-bold text-xl lg:ml-60 mx-auto']}]
Capabilities {acceptInsecureCerts: false, browserName: chrome, browserVersion: 110.0.5481.100, chrome: {chromedriverVersion: 110.0.5481.77 (65ed616c6e8e..., userDataDir: /var/folders/00/xzw63_pj58g...}, goog:chromeOptions: {debuggerAddress: localhost:52657}, javascriptEnabled: true, networkConnectionEnabled: false, pageLoadStrategy: normal, platform: MAC, platformName: MAC, proxy: Proxy(), se:cdp: ws://localhost:52657/devtoo..., se:cdpVersion: 110.0.5481.100, setWindowRect: true, strictFileInteractability: false, timeouts: {implicit: 0, pageLoad: 300000, script: 30000}, unhandledPromptBehavior: dismiss and notify, webauthn:extension:credBlob: true, webauthn:extension:largeBlob: true, webauthn:virtualAuthenticators: true}
Session ID: 3992c43eadd9830908e162be0bcabb39
]]></error>
  </testcase>
  <testcase name="" classname="Scenario: Teacher &apos;Perbarui&apos; button with all data form has been filled" time="0.005">
    <error message="no such element: Unable to locate element: {&quot;method&quot;:&quot;xpath&quot;,&quot;selector&quot;:&quot;//div[@class=&apos;bp4-tab pl-12 pr-12 pb-2 font-bold text-xl lg:ml-60 mx-auto&apos;]&quot;}&#10;  (Session info: chrome=110.0.5481.100)&#10;For documentation on this error, please visit: https://selenium.dev/exceptions/#no_such_element&#10;Build info: version: &apos;4.1.2&apos;, revision: &apos;9a5a329c5a&apos;&#10;System info: host: &apos;nsystem-mbp&apos;, ip: &apos;fe80:0:0:0:ce7:beec:a50b:8367%en0&apos;, os.name: &apos;Mac OS X&apos;, os.arch: &apos;x86_64&apos;, os.version: &apos;10.16&apos;, java.version: &apos;1.8.0_201&apos;&#10;Driver info: org.openqa.selenium.chrome.ChromeDriver&#10;Command: [ed7df8bbafa0bb54eba3cd9e216d27cf, findElement {using=xpath, value=//div[@class=&apos;bp4-tab pl-12 pr-12 pb-2 font-bold text-xl lg:ml-60 mx-auto&apos;]}]&#10;Capabilities {acceptInsecureCerts: false, browserName: chrome, browserVersion: 110.0.5481.100, chrome: {chromedriverVersion: 110.0.5481.77 (65ed616c6e8e..., userDataDir: /var/folders/00/xzw63_pj58g...}, goog:chromeOptions: {debuggerAddress: localhost:52232}, javascriptEnabled: true, networkConnectionEnabled: false, pageLoadStrategy: normal, platform: MAC, platformName: MAC, proxy: Proxy(), se:cdp: ws://localhost:52232/devtoo..., se:cdpVersion: 110.0.5481.100, setWindowRect: true, strictFileInteractability: false, timeouts: {implicit: 0, pageLoad: 300000, script: 30000}, unhandledPromptBehavior: dismiss and notify, webauthn:extension:credBlob: true, webauthn:extension:largeBlob: true, webauthn:virtualAuthenticators: true}&#10;Session ID: ed7df8bbafa0bb54eba3cd9e216d27cf" type="org.openqa.selenium.NoSuchElementException"><![CDATA[org.openqa.selenium.NoSuchElementException: 
no such element: Unable to locate element: {"method":"xpath","selector":"//div[@class='bp4-tab pl-12 pr-12 pb-2 font-bold text-xl lg:ml-60 mx-auto']"}
  (Session info: chrome=110.0.5481.100)
For documentation on this error, please visit: https://selenium.dev/exceptions/#no_such_element
Build info: version: '4.1.2', revision: '9a5a329c5a'
System info: host: 'nsystem-mbp', ip: 'fe80:0:0:0:ce7:beec:a50b:8367%en0', os.name: 'Mac OS X', os.arch: 'x86_64', os.version: '10.16', java.version: '1.8.0_201'
Driver info: org.openqa.selenium.chrome.ChromeDriver
Command: [ed7df8bbafa0bb54eba3cd9e216d27cf, findElement {using=xpath, value=//div[@class='bp4-tab pl-12 pr-12 pb-2 font-bold text-xl lg:ml-60 mx-auto']}]
Capabilities {acceptInsecureCerts: false, browserName: chrome, browserVersion: 110.0.5481.100, chrome: {chromedriverVersion: 110.0.5481.77 (65ed616c6e8e..., userDataDir: /var/folders/00/xzw63_pj58g...}, goog:chromeOptions: {debuggerAddress: localhost:52232}, javascriptEnabled: true, networkConnectionEnabled: false, pageLoadStrategy: normal, platform: MAC, platformName: MAC, proxy: Proxy(), se:cdp: ws://localhost:52232/devtoo..., se:cdpVersion: 110.0.5481.100, setWindowRect: true, strictFileInteractability: false, timeouts: {implicit: 0, pageLoad: 300000, script: 30000}, unhandledPromptBehavior: dismiss and notify, webauthn:extension:credBlob: true, webauthn:extension:largeBlob: true, webauthn:virtualAuthenticators: true}
Session ID: ed7df8bbafa0bb54eba3cd9e216d27cf
]]></error>
  </testcase>
  <testcase name="" classname="Scenario: Teacher &apos;Perbarui&apos; button with all data form has been filled" time="0.006">
    <error message="no such element: Unable to locate element: {&quot;method&quot;:&quot;xpath&quot;,&quot;selector&quot;:&quot;//div[@class=&apos;bp4-tab pl-12 pr-12 pb-2 font-bold text-xl lg:ml-60 mx-auto&apos;]&quot;}&#10;  (Session info: chrome=110.0.5481.100)&#10;For documentation on this error, please visit: https://selenium.dev/exceptions/#no_such_element&#10;Build info: version: &apos;4.1.2&apos;, revision: &apos;9a5a329c5a&apos;&#10;System info: host: &apos;nsystem-mbp&apos;, ip: &apos;fe80:0:0:0:ce7:beec:a50b:8367%en0&apos;, os.name: &apos;Mac OS X&apos;, os.arch: &apos;x86_64&apos;, os.version: &apos;10.16&apos;, java.version: &apos;1.8.0_201&apos;&#10;Driver info: org.openqa.selenium.chrome.ChromeDriver&#10;Command: [3459a39cd14eca53840b627b6973b7a3, findElement {using=xpath, value=//div[@class=&apos;bp4-tab pl-12 pr-12 pb-2 font-bold text-xl lg:ml-60 mx-auto&apos;]}]&#10;Capabilities {acceptInsecureCerts: false, browserName: chrome, browserVersion: 110.0.5481.100, chrome: {chromedriverVersion: 110.0.5481.77 (65ed616c6e8e..., userDataDir: /var/folders/00/xzw63_pj58g...}, goog:chromeOptions: {debuggerAddress: localhost:52258}, javascriptEnabled: true, networkConnectionEnabled: false, pageLoadStrategy: normal, platform: MAC, platformName: MAC, proxy: Proxy(), se:cdp: ws://localhost:52258/devtoo..., se:cdpVersion: 110.0.5481.100, setWindowRect: true, strictFileInteractability: false, timeouts: {implicit: 0, pageLoad: 300000, script: 30000}, unhandledPromptBehavior: dismiss and notify, webauthn:extension:credBlob: true, webauthn:extension:largeBlob: true, webauthn:virtualAuthenticators: true}&#10;Session ID: 3459a39cd14eca53840b627b6973b7a3" type="org.openqa.selenium.NoSuchElementException"><![CDATA[org.openqa.selenium.NoSuchElementException: 
no such element: Unable to locate element: {"method":"xpath","selector":"//div[@class='bp4-tab pl-12 pr-12 pb-2 font-bold text-xl lg:ml-60 mx-auto']"}
  (Session info: chrome=110.0.5481.100)
For documentation on this error, please visit: https://selenium.dev/exceptions/#no_such_element
Build info: version: '4.1.2', revision: '9a5a329c5a'
System info: host: 'nsystem-mbp', ip: 'fe80:0:0:0:ce7:beec:a50b:8367%en0', os.name: 'Mac OS X', os.arch: 'x86_64', os.version: '10.16', java.version: '1.8.0_201'
Driver info: org.openqa.selenium.chrome.ChromeDriver
Command: [3459a39cd14eca53840b627b6973b7a3, findElement {using=xpath, value=//div[@class='bp4-tab pl-12 pr-12 pb-2 font-bold text-xl lg:ml-60 mx-auto']}]
Capabilities {acceptInsecureCerts: false, browserName: chrome, browserVersion: 110.0.5481.100, chrome: {chromedriverVersion: 110.0.5481.77 (65ed616c6e8e..., userDataDir: /var/folders/00/xzw63_pj58g...}, goog:chromeOptions: {debuggerAddress: localhost:52258}, javascriptEnabled: true, networkConnectionEnabled: false, pageLoadStrategy: normal, platform: MAC, platformName: MAC, proxy: Proxy(), se:cdp: ws://localhost:52258/devtoo..., se:cdpVersion: 110.0.5481.100, setWindowRect: true, strictFileInteractability: false, timeouts: {implicit: 0, pageLoad: 300000, script: 30000}, unhandledPromptBehavior: dismiss and notify, webauthn:extension:credBlob: true, webauthn:extension:largeBlob: true, webauthn:virtualAuthenticators: true}
Session ID: 3459a39cd14eca53840b627b6973b7a3
]]></error>
  </testcase>
  <testcase name="" classname="Scenario: Teacher &apos;Perbarui&apos; button with all data form has been filled" time="0">
    <error message="✽.When Teacher fill all data form but not on &apos;Tarif / Jam&apos; field(features/UpdateTeacher.feature:445) matches more than one step definition:&#10;  Teacher fill all data form in UpdateTeacherSteps.teacherFillAllDataForm()&#10;  Teacher fill all data form but not on &apos;Tarif / Jam&apos; field in UpdateTeacherSteps.teacherFillAllDataFormButNotOnTarifJamField()&#10;" type="cucumber.runtime.AmbiguousStepDefinitionsException"><![CDATA[cucumber.runtime.AmbiguousStepDefinitionsException: 
✽.When Teacher fill all data form but not on 'Tarif / Jam' field(features/UpdateTeacher.feature:445) matches more than one step definition:
  Teacher fill all data form in UpdateTeacherSteps.teacherFillAllDataForm()
  Teacher fill all data form but not on 'Tarif / Jam' field in UpdateTeacherSteps.teacherFillAllDataFormButNotOnTarifJamField()

]]></error>
  </testcase>
  <testcase name="" classname="Scenario: Teacher &apos;Perbarui&apos; button with all data form has been filled" time="0.005">
    <error message="no such element: Unable to locate element: {&quot;method&quot;:&quot;xpath&quot;,&quot;selector&quot;:&quot;//div[@class=&apos;bp4-tab pl-12 pr-12 pb-2 font-bold text-xl lg:ml-60 mx-auto&apos;]&quot;}&#10;  (Session info: chrome=110.0.5481.100)&#10;For documentation on this error, please visit: https://selenium.dev/exceptions/#no_such_element&#10;Build info: version: &apos;4.1.2&apos;, revision: &apos;9a5a329c5a&apos;&#10;System info: host: &apos;nsystem-mbp&apos;, ip: &apos;fe80:0:0:0:ce7:beec:a50b:8367%en0&apos;, os.name: &apos;Mac OS X&apos;, os.arch: &apos;x86_64&apos;, os.version: &apos;10.16&apos;, java.version: &apos;1.8.0_201&apos;&#10;Driver info: org.openqa.selenium.chrome.ChromeDriver&#10;Command: [8148edcf3dda66c5e33167cbc610a892, findElement {using=xpath, value=//div[@class=&apos;bp4-tab pl-12 pr-12 pb-2 font-bold text-xl lg:ml-60 mx-auto&apos;]}]&#10;Capabilities {acceptInsecureCerts: false, browserName: chrome, browserVersion: 110.0.5481.100, chrome: {chromedriverVersion: 110.0.5481.77 (65ed616c6e8e..., userDataDir: /var/folders/00/xzw63_pj58g...}, goog:chromeOptions: {debuggerAddress: localhost:52285}, javascriptEnabled: true, networkConnectionEnabled: false, pageLoadStrategy: normal, platform: MAC, platformName: MAC, proxy: Proxy(), se:cdp: ws://localhost:52285/devtoo..., se:cdpVersion: 110.0.5481.100, setWindowRect: true, strictFileInteractability: false, timeouts: {implicit: 0, pageLoad: 300000, script: 30000}, unhandledPromptBehavior: dismiss and notify, webauthn:extension:credBlob: true, webauthn:extension:largeBlob: true, webauthn:virtualAuthenticators: true}&#10;Session ID: 8148edcf3dda66c5e33167cbc610a892" type="org.openqa.selenium.NoSuchElementException"><![CDATA[org.openqa.selenium.NoSuchElementException: 
no such element: Unable to locate element: {"method":"xpath","selector":"//div[@class='bp4-tab pl-12 pr-12 pb-2 font-bold text-xl lg:ml-60 mx-auto']"}
  (Session info: chrome=110.0.5481.100)
For documentation on this error, please visit: https://selenium.dev/exceptions/#no_such_element
Build info: version: '4.1.2', revision: '9a5a329c5a'
System info: host: 'nsystem-mbp', ip: 'fe80:0:0:0:ce7:beec:a50b:8367%en0', os.name: 'Mac OS X', os.arch: 'x86_64', os.version: '10.16', java.version: '1.8.0_201'
Driver info: org.openqa.selenium.chrome.ChromeDriver
Command: [8148edcf3dda66c5e33167cbc610a892, findElement {using=xpath, value=//div[@class='bp4-tab pl-12 pr-12 pb-2 font-bold text-xl lg:ml-60 mx-auto']}]
Capabilities {acceptInsecureCerts: false, browserName: chrome, browserVersion: 110.0.5481.100, chrome: {chromedriverVersion: 110.0.5481.77 (65ed616c6e8e..., userDataDir: /var/folders/00/xzw63_pj58g...}, goog:chromeOptions: {debuggerAddress: localhost:52285}, javascriptEnabled: true, networkConnectionEnabled: false, pageLoadStrategy: normal, platform: MAC, platformName: MAC, proxy: Proxy(), se:cdp: ws://localhost:52285/devtoo..., se:cdpVersion: 110.0.5481.100, setWindowRect: true, strictFileInteractability: false, timeouts: {implicit: 0, pageLoad: 300000, script: 30000}, unhandledPromptBehavior: dismiss and notify, webauthn:extension:credBlob: true, webauthn:extension:largeBlob: true, webauthn:virtualAuthenticators: true}
Session ID: 8148edcf3dda66c5e33167cbc610a892
]]></error>
  </testcase>
  <testcase name="" classname="Scenario: Teacher &apos;Perbarui&apos; button with all data form has been filled" time="0">
    <error message="✽.When Teacher fill all data form but not on &apos;Specialis Mata Pelajaran&apos; field(features/UpdateTeacher.feature:450) matches more than one step definition:&#10;  Teacher fill all data form in UpdateTeacherSteps.teacherFillAllDataForm()&#10;  Teacher fill all data form but not on &apos;Specialis Mata Pelajaran&apos; field in UpdateTeacherSteps.teacherFillAllDataFormButNotOnSpecialisMataPelajaranField()&#10;" type="cucumber.runtime.AmbiguousStepDefinitionsException"><![CDATA[cucumber.runtime.AmbiguousStepDefinitionsException: 
✽.When Teacher fill all data form but not on 'Specialis Mata Pelajaran' field(features/UpdateTeacher.feature:450) matches more than one step definition:
  Teacher fill all data form in UpdateTeacherSteps.teacherFillAllDataForm()
  Teacher fill all data form but not on 'Specialis Mata Pelajaran' field in UpdateTeacherSteps.teacherFillAllDataFormButNotOnSpecialisMataPelajaranField()

]]></error>
  </testcase>
  <testcase name="" classname="Scenario: Teacher &apos;Perbarui&apos; button with all data form has been filled" time="0.004">
    <error message="no such element: Unable to locate element: {&quot;method&quot;:&quot;xpath&quot;,&quot;selector&quot;:&quot;//div[@class=&apos;bp4-tab pl-12 pr-12 pb-2 font-bold text-xl lg:ml-60 mx-auto&apos;]&quot;}&#10;  (Session info: chrome=110.0.5481.100)&#10;For documentation on this error, please visit: https://selenium.dev/exceptions/#no_such_element&#10;Build info: version: &apos;4.1.2&apos;, revision: &apos;9a5a329c5a&apos;&#10;System info: host: &apos;nsystem-mbp&apos;, ip: &apos;fe80:0:0:0:ce7:beec:a50b:8367%en0&apos;, os.name: &apos;Mac OS X&apos;, os.arch: &apos;x86_64&apos;, os.version: &apos;10.16&apos;, java.version: &apos;1.8.0_201&apos;&#10;Driver info: org.openqa.selenium.chrome.ChromeDriver&#10;Command: [35fa1cfedf7a8bb83007e60f24c50d8d, findElement {using=xpath, value=//div[@class=&apos;bp4-tab pl-12 pr-12 pb-2 font-bold text-xl lg:ml-60 mx-auto&apos;]}]&#10;Capabilities {acceptInsecureCerts: false, browserName: chrome, browserVersion: 110.0.5481.100, chrome: {chromedriverVersion: 110.0.5481.77 (65ed616c6e8e..., userDataDir: /var/folders/00/xzw63_pj58g...}, goog:chromeOptions: {debuggerAddress: localhost:52311}, javascriptEnabled: true, networkConnectionEnabled: false, pageLoadStrategy: normal, platform: MAC, platformName: MAC, proxy: Proxy(), se:cdp: ws://localhost:52311/devtoo..., se:cdpVersion: 110.0.5481.100, setWindowRect: true, strictFileInteractability: false, timeouts: {implicit: 0, pageLoad: 300000, script: 30000}, unhandledPromptBehavior: dismiss and notify, webauthn:extension:credBlob: true, webauthn:extension:largeBlob: true, webauthn:virtualAuthenticators: true}&#10;Session ID: 35fa1cfedf7a8bb83007e60f24c50d8d" type="org.openqa.selenium.NoSuchElementException"><![CDATA[org.openqa.selenium.NoSuchElementException: 
no such element: Unable to locate element: {"method":"xpath","selector":"//div[@class='bp4-tab pl-12 pr-12 pb-2 font-bold text-xl lg:ml-60 mx-auto']"}
  (Session info: chrome=110.0.5481.100)
For documentation on this error, please visit: https://selenium.dev/exceptions/#no_such_element
Build info: version: '4.1.2', revision: '9a5a329c5a'
System info: host: 'nsystem-mbp', ip: 'fe80:0:0:0:ce7:beec:a50b:8367%en0', os.name: 'Mac OS X', os.arch: 'x86_64', os.version: '10.16', java.version: '1.8.0_201'
Driver info: org.openqa.selenium.chrome.ChromeDriver
Command: [35fa1cfedf7a8bb83007e60f24c50d8d, findElement {using=xpath, value=//div[@class='bp4-tab pl-12 pr-12 pb-2 font-bold text-xl lg:ml-60 mx-auto']}]
Capabilities {acceptInsecureCerts: false, browserName: chrome, browserVersion: 110.0.5481.100, chrome: {chromedriverVersion: 110.0.5481.77 (65ed616c6e8e..., userDataDir: /var/folders/00/xzw63_pj58g...}, goog:chromeOptions: {debuggerAddress: localhost:52311}, javascriptEnabled: true, networkConnectionEnabled: false, pageLoadStrategy: normal, platform: MAC, platformName: MAC, proxy: Proxy(), se:cdp: ws://localhost:52311/devtoo..., se:cdpVersion: 110.0.5481.100, setWindowRect: true, strictFileInteractability: false, timeouts: {implicit: 0, pageLoad: 300000, script: 30000}, unhandledPromptBehavior: dismiss and notify, webauthn:extension:credBlob: true, webauthn:extension:largeBlob: true, webauthn:virtualAuthenticators: true}
Session ID: 35fa1cfedf7a8bb83007e60f24c50d8d
]]></error>
  </testcase>
  <testcase name="" classname="Scenario: Teacher &apos;Perbarui&apos; button with all data form has been filled" time="0">
    <error message="✽.When Teacher fill all data form but not on &apos;Jenjang Pendidikan&apos; field(features/UpdateTeacher.feature:455) matches more than one step definition:&#10;  Teacher fill all data form in UpdateTeacherSteps.teacherFillAllDataForm()&#10;  Teacher fill all data form but not on &apos;Jenjang Pendidikan&apos; field in UpdateTeacherSteps.teacherFillAllDataFormButNotOnJenjangPendidikanField()&#10;" type="cucumber.runtime.AmbiguousStepDefinitionsException"><![CDATA[cucumber.runtime.AmbiguousStepDefinitionsException: 
✽.When Teacher fill all data form but not on 'Jenjang Pendidikan' field(features/UpdateTeacher.feature:455) matches more than one step definition:
  Teacher fill all data form in UpdateTeacherSteps.teacherFillAllDataForm()
  Teacher fill all data form but not on 'Jenjang Pendidikan' field in UpdateTeacherSteps.teacherFillAllDataFormButNotOnJenjangPendidikanField()

]]></error>
  </testcase>
  <testcase name="" classname="Scenario: Teacher &apos;Perbarui&apos; button with all data form has been filled" time="0.004">
    <error message="no such element: Unable to locate element: {&quot;method&quot;:&quot;xpath&quot;,&quot;selector&quot;:&quot;//h2[@class=&apos;swal2-title&apos;]&quot;}&#10;  (Session info: chrome=110.0.5481.100)&#10;For documentation on this error, please visit: https://selenium.dev/exceptions/#no_such_element&#10;Build info: version: &apos;4.1.2&apos;, revision: &apos;9a5a329c5a&apos;&#10;System info: host: &apos;nsystem-mbp&apos;, ip: &apos;fe80:0:0:0:ce7:beec:a50b:8367%en0&apos;, os.name: &apos;Mac OS X&apos;, os.arch: &apos;x86_64&apos;, os.version: &apos;10.16&apos;, java.version: &apos;1.8.0_201&apos;&#10;Driver info: org.openqa.selenium.chrome.ChromeDriver&#10;Command: [c58d815c4d8ac2b2e252757dabf55304, findElement {using=xpath, value=//h2[@class=&apos;swal2-title&apos;]}]&#10;Capabilities {acceptInsecureCerts: false, browserName: chrome, browserVersion: 110.0.5481.100, chrome: {chromedriverVersion: 110.0.5481.77 (65ed616c6e8e..., userDataDir: /var/folders/00/xzw63_pj58g...}, goog:chromeOptions: {debuggerAddress: localhost:52387}, javascriptEnabled: true, networkConnectionEnabled: false, pageLoadStrategy: normal, platform: MAC, platformName: MAC, proxy: Proxy(), se:cdp: ws://localhost:52387/devtoo..., se:cdpVersion: 110.0.5481.100, setWindowRect: true, strictFileInteractability: false, timeouts: {implicit: 0, pageLoad: 300000, script: 30000}, unhandledPromptBehavior: dismiss and notify, webauthn:extension:credBlob: true, webauthn:extension:largeBlob: true, webauthn:virtualAuthenticators: true}&#10;Session ID: c58d815c4d8ac2b2e252757dabf55304" type="org.openqa.selenium.NoSuchElementException"><![CDATA[org.openqa.selenium.NoSuchElementException: 
no such element: Unable to locate element: {"method":"xpath","selector":"//h2[@class='swal2-title']"}
  (Session info: chrome=110.0.5481.100)
For documentation on this error, please visit: https://selenium.dev/exceptions/#no_such_element
Build info: version: '4.1.2', revision: '9a5a329c5a'
System info: host: 'nsystem-mbp', ip: 'fe80:0:0:0:ce7:beec:a50b:8367%en0', os.name: 'Mac OS X', os.arch: 'x86_64', os.version: '10.16', java.version: '1.8.0_201'
Driver info: org.openqa.selenium.chrome.ChromeDriver
Command: [c58d815c4d8ac2b2e252757dabf55304, findElement {using=xpath, value=//h2[@class='swal2-title']}]
Capabilities {acceptInsecureCerts: false, browserName: chrome, browserVersion: 110.0.5481.100, chrome: {chromedriverVersion: 110.0.5481.77 (65ed616c6e8e..., userDataDir: /var/folders/00/xzw63_pj58g...}, goog:chromeOptions: {debuggerAddress: localhost:52387}, javascriptEnabled: true, networkConnectionEnabled: false, pageLoadStrategy: normal, platform: MAC, platformName: MAC, proxy: Proxy(), se:cdp: ws://localhost:52387/devtoo..., se:cdpVersion: 110.0.5481.100, setWindowRect: true, strictFileInteractability: false, timeouts: {implicit: 0, pageLoad: 300000, script: 30000}, unhandledPromptBehavior: dismiss and notify, webauthn:extension:credBlob: true, webauthn:extension:largeBlob: true, webauthn:virtualAuthenticators: true}
Session ID: c58d815c4d8ac2b2e252757dabf55304
]]></error>
  </testcase>
  <testcase name="" classname="Scenario: Teacher &apos;Perbarui&apos; button with all data form has been filled" time="0">
    <error message="✽.When Teacher fill all data form but not on &apos;Gelar&apos; field(features/UpdateTeacher.feature:470) matches more than one step definition:&#10;  Teacher fill all data form in UpdateTeacherSteps.teacherFillAllDataForm()&#10;  Teacher fill all data form but not on &apos;Gelar&apos; field in UpdateTeacherSteps.teacherFillAllDataFormButNotOnGelarField()&#10;" type="cucumber.runtime.AmbiguousStepDefinitionsException"><![CDATA[cucumber.runtime.AmbiguousStepDefinitionsException: 
✽.When Teacher fill all data form but not on 'Gelar' field(features/UpdateTeacher.feature:470) matches more than one step definition:
  Teacher fill all data form in UpdateTeacherSteps.teacherFillAllDataForm()
  Teacher fill all data form but not on 'Gelar' field in UpdateTeacherSteps.teacherFillAllDataFormButNotOnGelarField()

]]></error>
  </testcase>
  <testcase name="" classname="Scenario: Teacher &apos;Perbarui&apos; button with all data form has been filled" time="0.004">
    <error message="no such element: Unable to locate element: {&quot;method&quot;:&quot;xpath&quot;,&quot;selector&quot;:&quot;//div[@class=&apos;bp4-tab pl-12 pr-12 pb-2 font-bold text-xl lg:ml-60 mx-auto&apos;]&quot;}&#10;  (Session info: chrome=110.0.5481.100)&#10;For documentation on this error, please visit: https://selenium.dev/exceptions/#no_such_element&#10;Build info: version: &apos;4.1.2&apos;, revision: &apos;9a5a329c5a&apos;&#10;System info: host: &apos;nsystem-mbp&apos;, ip: &apos;fe80:0:0:0:ce7:beec:a50b:8367%en0&apos;, os.name: &apos;Mac OS X&apos;, os.arch: &apos;x86_64&apos;, os.version: &apos;10.16&apos;, java.version: &apos;1.8.0_201&apos;&#10;Driver info: org.openqa.selenium.chrome.ChromeDriver&#10;Command: [ced39227bddc0094f423d7ce4abdcdb8, findElement {using=xpath, value=//div[@class=&apos;bp4-tab pl-12 pr-12 pb-2 font-bold text-xl lg:ml-60 mx-auto&apos;]}]&#10;Capabilities {acceptInsecureCerts: false, browserName: chrome, browserVersion: 110.0.5481.100, chrome: {chromedriverVersion: 110.0.5481.77 (65ed616c6e8e..., userDataDir: /var/folders/00/xzw63_pj58g...}, goog:chromeOptions: {debuggerAddress: localhost:52407}, javascriptEnabled: true, networkConnectionEnabled: false, pageLoadStrategy: normal, platform: MAC, platformName: MAC, proxy: Proxy(), se:cdp: ws://localhost:52407/devtoo..., se:cdpVersion: 110.0.5481.100, setWindowRect: true, strictFileInteractability: false, timeouts: {implicit: 0, pageLoad: 300000, script: 30000}, unhandledPromptBehavior: dismiss and notify, webauthn:extension:credBlob: true, webauthn:extension:largeBlob: true, webauthn:virtualAuthenticators: true}&#10;Session ID: ced39227bddc0094f423d7ce4abdcdb8" type="org.openqa.selenium.NoSuchElementException"><![CDATA[org.openqa.selenium.NoSuchElementException: 
no such element: Unable to locate element: {"method":"xpath","selector":"//div[@class='bp4-tab pl-12 pr-12 pb-2 font-bold text-xl lg:ml-60 mx-auto']"}
  (Session info: chrome=110.0.5481.100)
For documentation on this error, please visit: https://selenium.dev/exceptions/#no_such_element
Build info: version: '4.1.2', revision: '9a5a329c5a'
System info: host: 'nsystem-mbp', ip: 'fe80:0:0:0:ce7:beec:a50b:8367%en0', os.name: 'Mac OS X', os.arch: 'x86_64', os.version: '10.16', java.version: '1.8.0_201'
Driver info: org.openqa.selenium.chrome.ChromeDriver
Command: [ced39227bddc0094f423d7ce4abdcdb8, findElement {using=xpath, value=//div[@class='bp4-tab pl-12 pr-12 pb-2 font-bold text-xl lg:ml-60 mx-auto']}]
Capabilities {acceptInsecureCerts: false, browserName: chrome, browserVersion: 110.0.5481.100, chrome: {chromedriverVersion: 110.0.5481.77 (65ed616c6e8e..., userDataDir: /var/folders/00/xzw63_pj58g...}, goog:chromeOptions: {debuggerAddress: localhost:52407}, javascriptEnabled: true, networkConnectionEnabled: false, pageLoadStrategy: normal, platform: MAC, platformName: MAC, proxy: Proxy(), se:cdp: ws://localhost:52407/devtoo..., se:cdpVersion: 110.0.5481.100, setWindowRect: true, strictFileInteractability: false, timeouts: {implicit: 0, pageLoad: 300000, script: 30000}, unhandledPromptBehavior: dismiss and notify, webauthn:extension:credBlob: true, webauthn:extension:largeBlob: true, webauthn:virtualAuthenticators: true}
Session ID: ced39227bddc0094f423d7ce4abdcdb8
]]></error>
  </testcase>
  <testcase name="" classname="Scenario: Teacher &apos;Perbarui&apos; button with all data form has been filled" time="0">
    <error message="✽.When Teacher fill all data form but not on &apos;Tentang Saya&apos; field(features/UpdateTeacher.feature:475) matches more than one step definition:&#10;  Teacher fill all data form in UpdateTeacherSteps.teacherFillAllDataForm()&#10;  Teacher fill all data form but not on &apos;Tentang Saya&apos; field in UpdateTeacherSteps.teacherFillAllDataFormButNotOnTentangSayaField()&#10;" type="cucumber.runtime.AmbiguousStepDefinitionsException"><![CDATA[cucumber.runtime.AmbiguousStepDefinitionsException: 
✽.When Teacher fill all data form but not on 'Tentang Saya' field(features/UpdateTeacher.feature:475) matches more than one step definition:
  Teacher fill all data form in UpdateTeacherSteps.teacherFillAllDataForm()
  Teacher fill all data form but not on 'Tentang Saya' field in UpdateTeacherSteps.teacherFillAllDataFormButNotOnTentangSayaField()

]]></error>
  </testcase>
  <testcase name="" classname="Scenario: Teacher &apos;Perbarui&apos; button with all data form has been filled" time="0.012">
    <error message="no such element: Unable to locate element: {&quot;method&quot;:&quot;xpath&quot;,&quot;selector&quot;:&quot;//div[@class=&apos;bp4-tab pl-12 pr-12 pb-2 font-bold text-xl lg:ml-60 mx-auto&apos;]&quot;}&#10;  (Session info: chrome=110.0.5481.100)&#10;For documentation on this error, please visit: https://selenium.dev/exceptions/#no_such_element&#10;Build info: version: &apos;4.1.2&apos;, revision: &apos;9a5a329c5a&apos;&#10;System info: host: &apos;nsystem-mbp&apos;, ip: &apos;fe80:0:0:0:ce7:beec:a50b:8367%en0&apos;, os.name: &apos;Mac OS X&apos;, os.arch: &apos;x86_64&apos;, os.version: &apos;10.16&apos;, java.version: &apos;1.8.0_201&apos;&#10;Driver info: org.openqa.selenium.chrome.ChromeDriver&#10;Command: [e219c1616f7e8e6b92cee705c28afe62, findElement {using=xpath, value=//div[@class=&apos;bp4-tab pl-12 pr-12 pb-2 font-bold text-xl lg:ml-60 mx-auto&apos;]}]&#10;Capabilities {acceptInsecureCerts: false, browserName: chrome, browserVersion: 110.0.5481.100, chrome: {chromedriverVersion: 110.0.5481.77 (65ed616c6e8e..., userDataDir: /var/folders/00/xzw63_pj58g...}, goog:chromeOptions: {debuggerAddress: localhost:52433}, javascriptEnabled: true, networkConnectionEnabled: false, pageLoadStrategy: normal, platform: MAC, platformName: MAC, proxy: Proxy(), se:cdp: ws://localhost:52433/devtoo..., se:cdpVersion: 110.0.5481.100, setWindowRect: true, strictFileInteractability: false, timeouts: {implicit: 0, pageLoad: 300000, script: 30000}, unhandledPromptBehavior: dismiss and notify, webauthn:extension:credBlob: true, webauthn:extension:largeBlob: true, webauthn:virtualAuthenticators: true}&#10;Session ID: e219c1616f7e8e6b92cee705c28afe62" type="org.openqa.selenium.NoSuchElementException"><![CDATA[org.openqa.selenium.NoSuchElementException: 
no such element: Unable to locate element: {"method":"xpath","selector":"//div[@class='bp4-tab pl-12 pr-12 pb-2 font-bold text-xl lg:ml-60 mx-auto']"}
  (Session info: chrome=110.0.5481.100)
For documentation on this error, please visit: https://selenium.dev/exceptions/#no_such_element
Build info: version: '4.1.2', revision: '9a5a329c5a'
System info: host: 'nsystem-mbp', ip: 'fe80:0:0:0:ce7:beec:a50b:8367%en0', os.name: 'Mac OS X', os.arch: 'x86_64', os.version: '10.16', java.version: '1.8.0_201'
Driver info: org.openqa.selenium.chrome.ChromeDriver
Command: [e219c1616f7e8e6b92cee705c28afe62, findElement {using=xpath, value=//div[@class='bp4-tab pl-12 pr-12 pb-2 font-bold text-xl lg:ml-60 mx-auto']}]
Capabilities {acceptInsecureCerts: false, browserName: chrome, browserVersion: 110.0.5481.100, chrome: {chromedriverVersion: 110.0.5481.77 (65ed616c6e8e..., userDataDir: /var/folders/00/xzw63_pj58g...}, goog:chromeOptions: {debuggerAddress: localhost:52433}, javascriptEnabled: true, networkConnectionEnabled: false, pageLoadStrategy: normal, platform: MAC, platformName: MAC, proxy: Proxy(), se:cdp: ws://localhost:52433/devtoo..., se:cdpVersion: 110.0.5481.100, setWindowRect: true, strictFileInteractability: false, timeouts: {implicit: 0, pageLoad: 300000, script: 30000}, unhandledPromptBehavior: dismiss and notify, webauthn:extension:credBlob: true, webauthn:extension:largeBlob: true, webauthn:virtualAuthenticators: true}
Session ID: e219c1616f7e8e6b92cee705c28afe62
]]></error>
  </testcase>
  <testcase name="" classname="Scenario: Teacher &apos;Perbarui&apos; button with all data form has been filled" time="0">
    <error message="✽.When Teacher fill all data form but not on &apos;Lokasi Saya&apos; field(features/UpdateTeacher.feature:480) matches more than one step definition:&#10;  Teacher fill all data form in UpdateTeacherSteps.teacherFillAllDataForm()&#10;  Teacher fill all data form but not on &apos;Lokasi Saya&apos; field in UpdateTeacherSteps.teacherFillAllDataFormButNotOnLokasiSayaField()&#10;" type="cucumber.runtime.AmbiguousStepDefinitionsException"><![CDATA[cucumber.runtime.AmbiguousStepDefinitionsException: 
✽.When Teacher fill all data form but not on 'Lokasi Saya' field(features/UpdateTeacher.feature:480) matches more than one step definition:
  Teacher fill all data form in UpdateTeacherSteps.teacherFillAllDataForm()
  Teacher fill all data form but not on 'Lokasi Saya' field in UpdateTeacherSteps.teacherFillAllDataFormButNotOnLokasiSayaField()

]]></error>
  </testcase>
  <testcase name="" classname="Scenario: Teacher &apos;Perbarui&apos; button with all data form has been filled" time="0.006">
    <error message="no such element: Unable to locate element: {&quot;method&quot;:&quot;xpath&quot;,&quot;selector&quot;:&quot;//div[@class=&apos;bp4-tab pl-12 pr-12 pb-2 font-bold text-xl lg:ml-60 mx-auto&apos;]&quot;}&#10;  (Session info: chrome=110.0.5481.100)&#10;For documentation on this error, please visit: https://selenium.dev/exceptions/#no_such_element&#10;Build info: version: &apos;4.1.2&apos;, revision: &apos;9a5a329c5a&apos;&#10;System info: host: &apos;nsystem-mbp&apos;, ip: &apos;fe80:0:0:0:ce7:beec:a50b:8367%en0&apos;, os.name: &apos;Mac OS X&apos;, os.arch: &apos;x86_64&apos;, os.version: &apos;10.16&apos;, java.version: &apos;1.8.0_201&apos;&#10;Driver info: org.openqa.selenium.chrome.ChromeDriver&#10;Command: [7809b593663980d6b34ee84598d018a6, findElement {using=xpath, value=//div[@class=&apos;bp4-tab pl-12 pr-12 pb-2 font-bold text-xl lg:ml-60 mx-auto&apos;]}]&#10;Capabilities {acceptInsecureCerts: false, browserName: chrome, browserVersion: 110.0.5481.100, chrome: {chromedriverVersion: 110.0.5481.77 (65ed616c6e8e..., userDataDir: /var/folders/00/xzw63_pj58g...}, goog:chromeOptions: {debuggerAddress: localhost:52461}, javascriptEnabled: true, networkConnectionEnabled: false, pageLoadStrategy: normal, platform: MAC, platformName: MAC, proxy: Proxy(), se:cdp: ws://localhost:52461/devtoo..., se:cdpVersion: 110.0.5481.100, setWindowRect: true, strictFileInteractability: false, timeouts: {implicit: 0, pageLoad: 300000, script: 30000}, unhandledPromptBehavior: dismiss and notify, webauthn:extension:credBlob: true, webauthn:extension:largeBlob: true, webauthn:virtualAuthenticators: true}&#10;Session ID: 7809b593663980d6b34ee84598d018a6" type="org.openqa.selenium.NoSuchElementException"><![CDATA[org.openqa.selenium.NoSuchElementException: 
no such element: Unable to locate element: {"method":"xpath","selector":"//div[@class='bp4-tab pl-12 pr-12 pb-2 font-bold text-xl lg:ml-60 mx-auto']"}
  (Session info: chrome=110.0.5481.100)
For documentation on this error, please visit: https://selenium.dev/exceptions/#no_such_element
Build info: version: '4.1.2', revision: '9a5a329c5a'
System info: host: 'nsystem-mbp', ip: 'fe80:0:0:0:ce7:beec:a50b:8367%en0', os.name: 'Mac OS X', os.arch: 'x86_64', os.version: '10.16', java.version: '1.8.0_201'
Driver info: org.openqa.selenium.chrome.ChromeDriver
Command: [7809b593663980d6b34ee84598d018a6, findElement {using=xpath, value=//div[@class='bp4-tab pl-12 pr-12 pb-2 font-bold text-xl lg:ml-60 mx-auto']}]
Capabilities {acceptInsecureCerts: false, browserName: chrome, browserVersion: 110.0.5481.100, chrome: {chromedriverVersion: 110.0.5481.77 (65ed616c6e8e..., userDataDir: /var/folders/00/xzw63_pj58g...}, goog:chromeOptions: {debuggerAddress: localhost:52461}, javascriptEnabled: true, networkConnectionEnabled: false, pageLoadStrategy: normal, platform: MAC, platformName: MAC, proxy: Proxy(), se:cdp: ws://localhost:52461/devtoo..., se:cdpVersion: 110.0.5481.100, setWindowRect: true, strictFileInteractability: false, timeouts: {implicit: 0, pageLoad: 300000, script: 30000}, unhandledPromptBehavior: dismiss and notify, webauthn:extension:credBlob: true, webauthn:extension:largeBlob: true, webauthn:virtualAuthenticators: true}
Session ID: 7809b593663980d6b34ee84598d018a6
]]></error>
  </testcase>
  <testcase name="" classname="Scenario: Teacher &apos;Perbarui&apos; button with all data form has been filled" time="0">
    <error message="✽.When Teacher fill all data form but not on &apos;Offline&apos; button in Ketersediaan field(features/UpdateTeacher.feature:485) matches more than one step definition:&#10;  Teacher fill all data form in UpdateTeacherSteps.teacherFillAllDataForm()&#10;  Teacher fill all data form but not on &apos;Offline&apos; button in Ketersediaan field in UpdateTeacherSteps.teacherFillAllDataFormButNotOnOfflineButtonInKetersediaanField()&#10;" type="cucumber.runtime.AmbiguousStepDefinitionsException"><![CDATA[cucumber.runtime.AmbiguousStepDefinitionsException: 
✽.When Teacher fill all data form but not on 'Offline' button in Ketersediaan field(features/UpdateTeacher.feature:485) matches more than one step definition:
  Teacher fill all data form in UpdateTeacherSteps.teacherFillAllDataForm()
  Teacher fill all data form but not on 'Offline' button in Ketersediaan field in UpdateTeacherSteps.teacherFillAllDataFormButNotOnOfflineButtonInKetersediaanField()

]]></error>
  </testcase>
  <testcase name="" classname="Scenario: Teacher &apos;Perbarui&apos; button with all data form has been filled" time="0.005">
    <error message="no such element: Unable to locate element: {&quot;method&quot;:&quot;xpath&quot;,&quot;selector&quot;:&quot;//div[@class=&apos;bp4-tab pl-12 pr-12 pb-2 font-bold text-xl lg:ml-60 mx-auto&apos;]&quot;}&#10;  (Session info: chrome=110.0.5481.100)&#10;For documentation on this error, please visit: https://selenium.dev/exceptions/#no_such_element&#10;Build info: version: &apos;4.1.2&apos;, revision: &apos;9a5a329c5a&apos;&#10;System info: host: &apos;nsystem-mbp&apos;, ip: &apos;fe80:0:0:0:ce7:beec:a50b:8367%en0&apos;, os.name: &apos;Mac OS X&apos;, os.arch: &apos;x86_64&apos;, os.version: &apos;10.16&apos;, java.version: &apos;1.8.0_201&apos;&#10;Driver info: org.openqa.selenium.chrome.ChromeDriver&#10;Command: [51a86b5ffb120ae556a2e7e7d9461671, findElement {using=xpath, value=//div[@class=&apos;bp4-tab pl-12 pr-12 pb-2 font-bold text-xl lg:ml-60 mx-auto&apos;]}]&#10;Capabilities {acceptInsecureCerts: false, browserName: chrome, browserVersion: 110.0.5481.100, chrome: {chromedriverVersion: 110.0.5481.77 (65ed616c6e8e..., userDataDir: /var/folders/00/xzw63_pj58g...}, goog:chromeOptions: {debuggerAddress: localhost:52483}, javascriptEnabled: true, networkConnectionEnabled: false, pageLoadStrategy: normal, platform: MAC, platformName: MAC, proxy: Proxy(), se:cdp: ws://localhost:52483/devtoo..., se:cdpVersion: 110.0.5481.100, setWindowRect: true, strictFileInteractability: false, timeouts: {implicit: 0, pageLoad: 300000, script: 30000}, unhandledPromptBehavior: dismiss and notify, webauthn:extension:credBlob: true, webauthn:extension:largeBlob: true, webauthn:virtualAuthenticators: true}&#10;Session ID: 51a86b5ffb120ae556a2e7e7d9461671" type="org.openqa.selenium.NoSuchElementException"><![CDATA[org.openqa.selenium.NoSuchElementException: 
no such element: Unable to locate element: {"method":"xpath","selector":"//div[@class='bp4-tab pl-12 pr-12 pb-2 font-bold text-xl lg:ml-60 mx-auto']"}
  (Session info: chrome=110.0.5481.100)
For documentation on this error, please visit: https://selenium.dev/exceptions/#no_such_element
Build info: version: '4.1.2', revision: '9a5a329c5a'
System info: host: 'nsystem-mbp', ip: 'fe80:0:0:0:ce7:beec:a50b:8367%en0', os.name: 'Mac OS X', os.arch: 'x86_64', os.version: '10.16', java.version: '1.8.0_201'
Driver info: org.openqa.selenium.chrome.ChromeDriver
Command: [51a86b5ffb120ae556a2e7e7d9461671, findElement {using=xpath, value=//div[@class='bp4-tab pl-12 pr-12 pb-2 font-bold text-xl lg:ml-60 mx-auto']}]
Capabilities {acceptInsecureCerts: false, browserName: chrome, browserVersion: 110.0.5481.100, chrome: {chromedriverVersion: 110.0.5481.77 (65ed616c6e8e..., userDataDir: /var/folders/00/xzw63_pj58g...}, goog:chromeOptions: {debuggerAddress: localhost:52483}, javascriptEnabled: true, networkConnectionEnabled: false, pageLoadStrategy: normal, platform: MAC, platformName: MAC, proxy: Proxy(), se:cdp: ws://localhost:52483/devtoo..., se:cdpVersion: 110.0.5481.100, setWindowRect: true, strictFileInteractability: false, timeouts: {implicit: 0, pageLoad: 300000, script: 30000}, unhandledPromptBehavior: dismiss and notify, webauthn:extension:credBlob: true, webauthn:extension:largeBlob: true, webauthn:virtualAuthenticators: true}
Session ID: 51a86b5ffb120ae556a2e7e7d9461671
]]></error>
  </testcase>
  <testcase name="" classname="Scenario: Teacher &apos;Perbarui&apos; button with all data form has been filled" time="0">
    <error message="✽.When Teacher fill all data form but not on &apos;Online&apos; button in Ketersediaan field(features/UpdateTeacher.feature:490) matches more than one step definition:&#10;  Teacher fill all data form in UpdateTeacherSteps.teacherFillAllDataForm()&#10;  Teacher fill all data form but not on &apos;Online&apos; button in Ketersediaan field in UpdateTeacherSteps.teacherFillAllDataFormButNotOnOnlineButtonInKetersediaanField()&#10;" type="cucumber.runtime.AmbiguousStepDefinitionsException"><![CDATA[cucumber.runtime.AmbiguousStepDefinitionsException: 
✽.When Teacher fill all data form but not on 'Online' button in Ketersediaan field(features/UpdateTeacher.feature:490) matches more than one step definition:
  Teacher fill all data form in UpdateTeacherSteps.teacherFillAllDataForm()
  Teacher fill all data form but not on 'Online' button in Ketersediaan field in UpdateTeacherSteps.teacherFillAllDataFormButNotOnOnlineButtonInKetersediaanField()

]]></error>
  </testcase>
  <testcase name="" classname="Scenario: Teacher &apos;Perbarui&apos; button with all data form has been filled" time="0.006">
    <error message="no such element: Unable to locate element: {&quot;method&quot;:&quot;xpath&quot;,&quot;selector&quot;:&quot;//div[@class=&apos;bp4-tab pl-12 pr-12 pb-2 font-bold text-xl lg:ml-60 mx-auto&apos;]&quot;}&#10;  (Session info: chrome=110.0.5481.100)&#10;For documentation on this error, please visit: https://selenium.dev/exceptions/#no_such_element&#10;Build info: version: &apos;4.1.2&apos;, revision: &apos;9a5a329c5a&apos;&#10;System info: host: &apos;nsystem-mbp&apos;, ip: &apos;fe80:0:0:0:ce7:beec:a50b:8367%en0&apos;, os.name: &apos;Mac OS X&apos;, os.arch: &apos;x86_64&apos;, os.version: &apos;10.16&apos;, java.version: &apos;1.8.0_201&apos;&#10;Driver info: org.openqa.selenium.chrome.ChromeDriver&#10;Command: [ce0e580705c8c23f194c431ce546fa75, findElement {using=xpath, value=//div[@class=&apos;bp4-tab pl-12 pr-12 pb-2 font-bold text-xl lg:ml-60 mx-auto&apos;]}]&#10;Capabilities {acceptInsecureCerts: false, browserName: chrome, browserVersion: 110.0.5481.100, chrome: {chromedriverVersion: 110.0.5481.77 (65ed616c6e8e..., userDataDir: /var/folders/00/xzw63_pj58g...}, goog:chromeOptions: {debuggerAddress: localhost:52513}, javascriptEnabled: true, networkConnectionEnabled: false, pageLoadStrategy: normal, platform: MAC, platformName: MAC, proxy: Proxy(), se:cdp: ws://localhost:52513/devtoo..., se:cdpVersion: 110.0.5481.100, setWindowRect: true, strictFileInteractability: false, timeouts: {implicit: 0, pageLoad: 300000, script: 30000}, unhandledPromptBehavior: dismiss and notify, webauthn:extension:credBlob: true, webauthn:extension:largeBlob: true, webauthn:virtualAuthenticators: true}&#10;Session ID: ce0e580705c8c23f194c431ce546fa75" type="org.openqa.selenium.NoSuchElementException"><![CDATA[org.openqa.selenium.NoSuchElementException: 
no such element: Unable to locate element: {"method":"xpath","selector":"//div[@class='bp4-tab pl-12 pr-12 pb-2 font-bold text-xl lg:ml-60 mx-auto']"}
  (Session info: chrome=110.0.5481.100)
For documentation on this error, please visit: https://selenium.dev/exceptions/#no_such_element
Build info: version: '4.1.2', revision: '9a5a329c5a'
System info: host: 'nsystem-mbp', ip: 'fe80:0:0:0:ce7:beec:a50b:8367%en0', os.name: 'Mac OS X', os.arch: 'x86_64', os.version: '10.16', java.version: '1.8.0_201'
Driver info: org.openqa.selenium.chrome.ChromeDriver
Command: [ce0e580705c8c23f194c431ce546fa75, findElement {using=xpath, value=//div[@class='bp4-tab pl-12 pr-12 pb-2 font-bold text-xl lg:ml-60 mx-auto']}]
Capabilities {acceptInsecureCerts: false, browserName: chrome, browserVersion: 110.0.5481.100, chrome: {chromedriverVersion: 110.0.5481.77 (65ed616c6e8e..., userDataDir: /var/folders/00/xzw63_pj58g...}, goog:chromeOptions: {debuggerAddress: localhost:52513}, javascriptEnabled: true, networkConnectionEnabled: false, pageLoadStrategy: normal, platform: MAC, platformName: MAC, proxy: Proxy(), se:cdp: ws://localhost:52513/devtoo..., se:cdpVersion: 110.0.5481.100, setWindowRect: true, strictFileInteractability: false, timeouts: {implicit: 0, pageLoad: 300000, script: 30000}, unhandledPromptBehavior: dismiss and notify, webauthn:extension:credBlob: true, webauthn:extension:largeBlob: true, webauthn:virtualAuthenticators: true}
Session ID: ce0e580705c8c23f194c431ce546fa75
]]></error>
  </testcase>
  <testcase name="" classname="Scenario: Teacher &apos;Perbarui&apos; button with all data form has been filled" time="0">
    <error message="✽.When Teacher fill all data form but not on &apos;Handphone&apos; field(features/UpdateTeacher.feature:495) matches more than one step definition:&#10;  Teacher fill all data form in UpdateTeacherSteps.teacherFillAllDataForm()&#10;  Teacher fill all data form but not on &apos;Handphone&apos; field in UpdateTeacherSteps.teacherFillAllDataFormButNotOnHandphoneField()&#10;" type="cucumber.runtime.AmbiguousStepDefinitionsException"><![CDATA[cucumber.runtime.AmbiguousStepDefinitionsException: 
✽.When Teacher fill all data form but not on 'Handphone' field(features/UpdateTeacher.feature:495) matches more than one step definition:
  Teacher fill all data form in UpdateTeacherSteps.teacherFillAllDataForm()
  Teacher fill all data form but not on 'Handphone' field in UpdateTeacherSteps.teacherFillAllDataFormButNotOnHandphoneField()

]]></error>
  </testcase>
  <testcase name="" classname="Scenario: Teacher &apos;Perbarui&apos; button with all data form has been filled" time="0.003">
    <error message="no such element: Unable to locate element: {&quot;method&quot;:&quot;xpath&quot;,&quot;selector&quot;:&quot;//h2[@class=&apos;swal2-title&apos;]&quot;}&#10;  (Session info: chrome=110.0.5481.100)&#10;For documentation on this error, please visit: https://selenium.dev/exceptions/#no_such_element&#10;Build info: version: &apos;4.1.2&apos;, revision: &apos;9a5a329c5a&apos;&#10;System info: host: &apos;nsystem-mbp&apos;, ip: &apos;fe80:0:0:0:ce7:beec:a50b:8367%en0&apos;, os.name: &apos;Mac OS X&apos;, os.arch: &apos;x86_64&apos;, os.version: &apos;10.16&apos;, java.version: &apos;1.8.0_201&apos;&#10;Driver info: org.openqa.selenium.chrome.ChromeDriver&#10;Command: [b783c044a5f240c760b3eb0befe530a6, findElement {using=xpath, value=//h2[@class=&apos;swal2-title&apos;]}]&#10;Capabilities {acceptInsecureCerts: false, browserName: chrome, browserVersion: 110.0.5481.100, chrome: {chromedriverVersion: 110.0.5481.77 (65ed616c6e8e..., userDataDir: /var/folders/00/xzw63_pj58g...}, goog:chromeOptions: {debuggerAddress: localhost:52539}, javascriptEnabled: true, networkConnectionEnabled: false, pageLoadStrategy: normal, platform: MAC, platformName: MAC, proxy: Proxy(), se:cdp: ws://localhost:52539/devtoo..., se:cdpVersion: 110.0.5481.100, setWindowRect: true, strictFileInteractability: false, timeouts: {implicit: 0, pageLoad: 300000, script: 30000}, unhandledPromptBehavior: dismiss and notify, webauthn:extension:credBlob: true, webauthn:extension:largeBlob: true, webauthn:virtualAuthenticators: true}&#10;Session ID: b783c044a5f240c760b3eb0befe530a6" type="org.openqa.selenium.NoSuchElementException"><![CDATA[org.openqa.selenium.NoSuchElementException: 
no such element: Unable to locate element: {"method":"xpath","selector":"//h2[@class='swal2-title']"}
  (Session info: chrome=110.0.5481.100)
For documentation on this error, please visit: https://selenium.dev/exceptions/#no_such_element
Build info: version: '4.1.2', revision: '9a5a329c5a'
System info: host: 'nsystem-mbp', ip: 'fe80:0:0:0:ce7:beec:a50b:8367%en0', os.name: 'Mac OS X', os.arch: 'x86_64', os.version: '10.16', java.version: '1.8.0_201'
Driver info: org.openqa.selenium.chrome.ChromeDriver
Command: [b783c044a5f240c760b3eb0befe530a6, findElement {using=xpath, value=//h2[@class='swal2-title']}]
Capabilities {acceptInsecureCerts: false, browserName: chrome, browserVersion: 110.0.5481.100, chrome: {chromedriverVersion: 110.0.5481.77 (65ed616c6e8e..., userDataDir: /var/folders/00/xzw63_pj58g...}, goog:chromeOptions: {debuggerAddress: localhost:52539}, javascriptEnabled: true, networkConnectionEnabled: false, pageLoadStrategy: normal, platform: MAC, platformName: MAC, proxy: Proxy(), se:cdp: ws://localhost:52539/devtoo..., se:cdpVersion: 110.0.5481.100, setWindowRect: true, strictFileInteractability: false, timeouts: {implicit: 0, pageLoad: 300000, script: 30000}, unhandledPromptBehavior: dismiss and notify, webauthn:extension:credBlob: true, webauthn:extension:largeBlob: true, webauthn:virtualAuthenticators: true}
Session ID: b783c044a5f240c760b3eb0befe530a6
]]></error>
  </testcase>
  <testcase name="" classname="Scenario: Teacher &apos;Perbarui&apos; button with all data form has been filled" time="0">
    <error message="✽.When Teacher fill all data form but not on &apos;Email&apos; field(features/UpdateTeacher.feature:500) matches more than one step definition:&#10;  Teacher fill all data form in UpdateTeacherSteps.teacherFillAllDataForm()&#10;  Teacher fill all data form but not on &apos;Email&apos; field in UpdateTeacherSteps.teacherFillAllDataFormButNotOnEmailField()&#10;" type="cucumber.runtime.AmbiguousStepDefinitionsException"><![CDATA[cucumber.runtime.AmbiguousStepDefinitionsException: 
✽.When Teacher fill all data form but not on 'Email' field(features/UpdateTeacher.feature:500) matches more than one step definition:
  Teacher fill all data form in UpdateTeacherSteps.teacherFillAllDataForm()
  Teacher fill all data form but not on 'Email' field in UpdateTeacherSteps.teacherFillAllDataFormButNotOnEmailField()

]]></error>
  </testcase>
  <testcase name="" classname="Scenario: Teacher &apos;Perbarui&apos; button with all data form has been filled" time="0.008">
    <error message="no such element: Unable to locate element: {&quot;method&quot;:&quot;xpath&quot;,&quot;selector&quot;:&quot;//h2[@class=&apos;swal2-title&apos;]&quot;}&#10;  (Session info: chrome=110.0.5481.100)&#10;For documentation on this error, please visit: https://selenium.dev/exceptions/#no_such_element&#10;Build info: version: &apos;4.1.2&apos;, revision: &apos;9a5a329c5a&apos;&#10;System info: host: &apos;nsystem-mbp&apos;, ip: &apos;fe80:0:0:0:ce7:beec:a50b:8367%en0&apos;, os.name: &apos;Mac OS X&apos;, os.arch: &apos;x86_64&apos;, os.version: &apos;10.16&apos;, java.version: &apos;1.8.0_201&apos;&#10;Driver info: org.openqa.selenium.chrome.ChromeDriver&#10;Command: [0ff8dc9f6312eca0332c61b0a09ed2cb, findElement {using=xpath, value=//h2[@class=&apos;swal2-title&apos;]}]&#10;Capabilities {acceptInsecureCerts: false, browserName: chrome, browserVersion: 110.0.5481.100, chrome: {chromedriverVersion: 110.0.5481.77 (65ed616c6e8e..., userDataDir: /var/folders/00/xzw63_pj58g...}, goog:chromeOptions: {debuggerAddress: localhost:52564}, javascriptEnabled: true, networkConnectionEnabled: false, pageLoadStrategy: normal, platform: MAC, platformName: MAC, proxy: Proxy(), se:cdp: ws://localhost:52564/devtoo..., se:cdpVersion: 110.0.5481.100, setWindowRect: true, strictFileInteractability: false, timeouts: {implicit: 0, pageLoad: 300000, script: 30000}, unhandledPromptBehavior: dismiss and notify, webauthn:extension:credBlob: true, webauthn:extension:largeBlob: true, webauthn:virtualAuthenticators: true}&#10;Session ID: 0ff8dc9f6312eca0332c61b0a09ed2cb" type="org.openqa.selenium.NoSuchElementException"><![CDATA[org.openqa.selenium.NoSuchElementException: 
no such element: Unable to locate element: {"method":"xpath","selector":"//h2[@class='swal2-title']"}
  (Session info: chrome=110.0.5481.100)
For documentation on this error, please visit: https://selenium.dev/exceptions/#no_such_element
Build info: version: '4.1.2', revision: '9a5a329c5a'
System info: host: 'nsystem-mbp', ip: 'fe80:0:0:0:ce7:beec:a50b:8367%en0', os.name: 'Mac OS X', os.arch: 'x86_64', os.version: '10.16', java.version: '1.8.0_201'
Driver info: org.openqa.selenium.chrome.ChromeDriver
Command: [0ff8dc9f6312eca0332c61b0a09ed2cb, findElement {using=xpath, value=//h2[@class='swal2-title']}]
Capabilities {acceptInsecureCerts: false, browserName: chrome, browserVersion: 110.0.5481.100, chrome: {chromedriverVersion: 110.0.5481.77 (65ed616c6e8e..., userDataDir: /var/folders/00/xzw63_pj58g...}, goog:chromeOptions: {debuggerAddress: localhost:52564}, javascriptEnabled: true, networkConnectionEnabled: false, pageLoadStrategy: normal, platform: MAC, platformName: MAC, proxy: Proxy(), se:cdp: ws://localhost:52564/devtoo..., se:cdpVersion: 110.0.5481.100, setWindowRect: true, strictFileInteractability: false, timeouts: {implicit: 0, pageLoad: 300000, script: 30000}, unhandledPromptBehavior: dismiss and notify, webauthn:extension:credBlob: true, webauthn:extension:largeBlob: true, webauthn:virtualAuthenticators: true}
Session ID: 0ff8dc9f6312eca0332c61b0a09ed2cb
]]></error>
  </testcase>
  <testcase name="" classname="Scenario: Teacher &apos;Perbarui&apos; button with all data form has been filled" time="0">
    <error message="✽.When Teacher fill all data form but not on &apos;LinkedIn&apos; field(features/UpdateTeacher.feature:505) matches more than one step definition:&#10;  Teacher fill all data form in UpdateTeacherSteps.teacherFillAllDataForm()&#10;  Teacher fill all data form but not on &apos;LinkedIn&apos; field in UpdateTeacherSteps.teacherFillAllDataFormButNotOnLinkedInField()&#10;" type="cucumber.runtime.AmbiguousStepDefinitionsException"><![CDATA[cucumber.runtime.AmbiguousStepDefinitionsException: 
✽.When Teacher fill all data form but not on 'LinkedIn' field(features/UpdateTeacher.feature:505) matches more than one step definition:
  Teacher fill all data form in UpdateTeacherSteps.teacherFillAllDataForm()
  Teacher fill all data form but not on 'LinkedIn' field in UpdateTeacherSteps.teacherFillAllDataFormButNotOnLinkedInField()

]]></error>
  </testcase>
  <testcase name="" classname="Scenario: Teacher &apos;Perbarui&apos; button with all data form has been filled" time="0.005">
    <error message="no such element: Unable to locate element: {&quot;method&quot;:&quot;xpath&quot;,&quot;selector&quot;:&quot;//div[@class=&apos;bp4-tab pl-12 pr-12 pb-2 font-bold text-xl lg:ml-60 mx-auto&apos;]&quot;}&#10;  (Session info: chrome=110.0.5481.100)&#10;For documentation on this error, please visit: https://selenium.dev/exceptions/#no_such_element&#10;Build info: version: &apos;4.1.2&apos;, revision: &apos;9a5a329c5a&apos;&#10;System info: host: &apos;nsystem-mbp&apos;, ip: &apos;fe80:0:0:0:ce7:beec:a50b:8367%en0&apos;, os.name: &apos;Mac OS X&apos;, os.arch: &apos;x86_64&apos;, os.version: &apos;10.16&apos;, java.version: &apos;1.8.0_201&apos;&#10;Driver info: org.openqa.selenium.chrome.ChromeDriver&#10;Command: [c4571d60d09ca3d20985f75a5bb8563a, findElement {using=xpath, value=//div[@class=&apos;bp4-tab pl-12 pr-12 pb-2 font-bold text-xl lg:ml-60 mx-auto&apos;]}]&#10;Capabilities {acceptInsecureCerts: false, browserName: chrome, browserVersion: 110.0.5481.100, chrome: {chromedriverVersion: 110.0.5481.77 (65ed616c6e8e..., userDataDir: /var/folders/00/xzw63_pj58g...}, goog:chromeOptions: {debuggerAddress: localhost:52608}, javascriptEnabled: true, networkConnectionEnabled: false, pageLoadStrategy: normal, platform: MAC, platformName: MAC, proxy: Proxy(), se:cdp: ws://localhost:52608/devtoo..., se:cdpVersion: 110.0.5481.100, setWindowRect: true, strictFileInteractability: false, timeouts: {implicit: 0, pageLoad: 300000, script: 30000}, unhandledPromptBehavior: dismiss and notify, webauthn:extension:credBlob: true, webauthn:extension:largeBlob: true, webauthn:virtualAuthenticators: true}&#10;Session ID: c4571d60d09ca3d20985f75a5bb8563a" type="org.openqa.selenium.NoSuchElementException"><![CDATA[org.openqa.selenium.NoSuchElementException: 
no such element: Unable to locate element: {"method":"xpath","selector":"//div[@class='bp4-tab pl-12 pr-12 pb-2 font-bold text-xl lg:ml-60 mx-auto']"}
  (Session info: chrome=110.0.5481.100)
For documentation on this error, please visit: https://selenium.dev/exceptions/#no_such_element
Build info: version: '4.1.2', revision: '9a5a329c5a'
System info: host: 'nsystem-mbp', ip: 'fe80:0:0:0:ce7:beec:a50b:8367%en0', os.name: 'Mac OS X', os.arch: 'x86_64', os.version: '10.16', java.version: '1.8.0_201'
Driver info: org.openqa.selenium.chrome.ChromeDriver
Command: [c4571d60d09ca3d20985f75a5bb8563a, findElement {using=xpath, value=//div[@class='bp4-tab pl-12 pr-12 pb-2 font-bold text-xl lg:ml-60 mx-auto']}]
Capabilities {acceptInsecureCerts: false, browserName: chrome, browserVersion: 110.0.5481.100, chrome: {chromedriverVersion: 110.0.5481.77 (65ed616c6e8e..., userDataDir: /var/folders/00/xzw63_pj58g...}, goog:chromeOptions: {debuggerAddress: localhost:52608}, javascriptEnabled: true, networkConnectionEnabled: false, pageLoadStrategy: normal, platform: MAC, platformName: MAC, proxy: Proxy(), se:cdp: ws://localhost:52608/devtoo..., se:cdpVersion: 110.0.5481.100, setWindowRect: true, strictFileInteractability: false, timeouts: {implicit: 0, pageLoad: 300000, script: 30000}, unhandledPromptBehavior: dismiss and notify, webauthn:extension:credBlob: true, webauthn:extension:largeBlob: true, webauthn:virtualAuthenticators: true}
Session ID: c4571d60d09ca3d20985f75a5bb8563a
]]></error>
  </testcase>
  <testcase name="" classname="Scenario: Teacher &apos;Perbarui&apos; button with all data form has been filled" time="0">
    <error message="✽.When Teacher fill all data form &apos;Tambah Jadwal Mengajar&apos; but not on Date in &apos;Atur Waktu Mengajar&apos; field(features/UpdateTeacher.feature:515) matches more than one step definition:&#10;  Teacher fill all data form in UpdateTeacherSteps.teacherFillAllDataForm()&#10;  Teacher fill all data form &apos;Tambah Jadwal Mengajar&apos; but not on Date in &apos;Atur Waktu Mengajar&apos; field in UpdateTeacherSteps.teacherFillAllDataFormTambahJadwalMengajarButNotOnDateInAturWaktuMengajarField()&#10;" type="cucumber.runtime.AmbiguousStepDefinitionsException"><![CDATA[cucumber.runtime.AmbiguousStepDefinitionsException: 
✽.When Teacher fill all data form 'Tambah Jadwal Mengajar' but not on Date in 'Atur Waktu Mengajar' field(features/UpdateTeacher.feature:515) matches more than one step definition:
  Teacher fill all data form in UpdateTeacherSteps.teacherFillAllDataForm()
  Teacher fill all data form 'Tambah Jadwal Mengajar' but not on Date in 'Atur Waktu Mengajar' field in UpdateTeacherSteps.teacherFillAllDataFormTambahJadwalMengajarButNotOnDateInAturWaktuMengajarField()

]]></error>
  </testcase>
  <testcase name="" classname="Scenario: Teacher &apos;Perbarui&apos; button with all data form has been filled" time="0.008">
    <error message="no such element: Unable to locate element: {&quot;method&quot;:&quot;xpath&quot;,&quot;selector&quot;:&quot;//div[@class=&apos;bp4-tab pl-12 pr-12 pb-2 font-bold text-xl lg:ml-60 mx-auto&apos;]&quot;}&#10;  (Session info: chrome=110.0.5481.100)&#10;For documentation on this error, please visit: https://selenium.dev/exceptions/#no_such_element&#10;Build info: version: &apos;4.1.2&apos;, revision: &apos;9a5a329c5a&apos;&#10;System info: host: &apos;nsystem-mbp&apos;, ip: &apos;fe80:0:0:0:ce7:beec:a50b:8367%en0&apos;, os.name: &apos;Mac OS X&apos;, os.arch: &apos;x86_64&apos;, os.version: &apos;10.16&apos;, java.version: &apos;1.8.0_201&apos;&#10;Driver info: org.openqa.selenium.chrome.ChromeDriver&#10;Command: [18c7c63ee7e842637681040f26dc0f64, findElement {using=xpath, value=//div[@class=&apos;bp4-tab pl-12 pr-12 pb-2 font-bold text-xl lg:ml-60 mx-auto&apos;]}]&#10;Capabilities {acceptInsecureCerts: false, browserName: chrome, browserVersion: 110.0.5481.100, chrome: {chromedriverVersion: 110.0.5481.77 (65ed616c6e8e..., userDataDir: /var/folders/00/xzw63_pj58g...}, goog:chromeOptions: {debuggerAddress: localhost:52631}, javascriptEnabled: true, networkConnectionEnabled: false, pageLoadStrategy: normal, platform: MAC, platformName: MAC, proxy: Proxy(), se:cdp: ws://localhost:52631/devtoo..., se:cdpVersion: 110.0.5481.100, setWindowRect: true, strictFileInteractability: false, timeouts: {implicit: 0, pageLoad: 300000, script: 30000}, unhandledPromptBehavior: dismiss and notify, webauthn:extension:credBlob: true, webauthn:extension:largeBlob: true, webauthn:virtualAuthenticators: true}&#10;Session ID: 18c7c63ee7e842637681040f26dc0f64" type="org.openqa.selenium.NoSuchElementException"><![CDATA[org.openqa.selenium.NoSuchElementException: 
no such element: Unable to locate element: {"method":"xpath","selector":"//div[@class='bp4-tab pl-12 pr-12 pb-2 font-bold text-xl lg:ml-60 mx-auto']"}
  (Session info: chrome=110.0.5481.100)
For documentation on this error, please visit: https://selenium.dev/exceptions/#no_such_element
Build info: version: '4.1.2', revision: '9a5a329c5a'
System info: host: 'nsystem-mbp', ip: 'fe80:0:0:0:ce7:beec:a50b:8367%en0', os.name: 'Mac OS X', os.arch: 'x86_64', os.version: '10.16', java.version: '1.8.0_201'
Driver info: org.openqa.selenium.chrome.ChromeDriver
Command: [18c7c63ee7e842637681040f26dc0f64, findElement {using=xpath, value=//div[@class='bp4-tab pl-12 pr-12 pb-2 font-bold text-xl lg:ml-60 mx-auto']}]
Capabilities {acceptInsecureCerts: false, browserName: chrome, browserVersion: 110.0.5481.100, chrome: {chromedriverVersion: 110.0.5481.77 (65ed616c6e8e..., userDataDir: /var/folders/00/xzw63_pj58g...}, goog:chromeOptions: {debuggerAddress: localhost:52631}, javascriptEnabled: true, networkConnectionEnabled: false, pageLoadStrategy: normal, platform: MAC, platformName: MAC, proxy: Proxy(), se:cdp: ws://localhost:52631/devtoo..., se:cdpVersion: 110.0.5481.100, setWindowRect: true, strictFileInteractability: false, timeouts: {implicit: 0, pageLoad: 300000, script: 30000}, unhandledPromptBehavior: dismiss and notify, webauthn:extension:credBlob: true, webauthn:extension:largeBlob: true, webauthn:virtualAuthenticators: true}
Session ID: 18c7c63ee7e842637681040f26dc0f64
]]></error>
  </testcase>
  <testcase name="" classname="Scenario: Teacher &apos;Perbarui&apos; button with all data form has been filled" time="0">
    <error message="✽.When Teacher fill all data form &apos;Tambah Jadwal Mengajar&apos; but not on Hour in &apos;Atur Waktu Mengajar&apos; field(features/UpdateTeacher.feature:520) matches more than one step definition:&#10;  Teacher fill all data form in UpdateTeacherSteps.teacherFillAllDataForm()&#10;  Teacher fill all data form &apos;Tambah Jadwal Mengajar&apos; but not on Hour in &apos;Atur Waktu Mengajar&apos; field in UpdateTeacherSteps.teacherFillAllDataFormTambahJadwalMengajarButNotOnHourInAturWaktuMengajarField()&#10;" type="cucumber.runtime.AmbiguousStepDefinitionsException"><![CDATA[cucumber.runtime.AmbiguousStepDefinitionsException: 
✽.When Teacher fill all data form 'Tambah Jadwal Mengajar' but not on Hour in 'Atur Waktu Mengajar' field(features/UpdateTeacher.feature:520) matches more than one step definition:
  Teacher fill all data form in UpdateTeacherSteps.teacherFillAllDataForm()
  Teacher fill all data form 'Tambah Jadwal Mengajar' but not on Hour in 'Atur Waktu Mengajar' field in UpdateTeacherSteps.teacherFillAllDataFormTambahJadwalMengajarButNotOnHourInAturWaktuMengajarField()

]]></error>
  </testcase>
  <testcase name="" classname="Scenario: Teacher &apos;Perbarui&apos; button with all data form has been filled" time="0.012">
    <error message="no such element: Unable to locate element: {&quot;method&quot;:&quot;xpath&quot;,&quot;selector&quot;:&quot;//div[@class=&apos;bp4-tab pl-12 pr-12 pb-2 font-bold text-xl lg:ml-60 mx-auto&apos;]&quot;}&#10;  (Session info: chrome=110.0.5481.100)&#10;For documentation on this error, please visit: https://selenium.dev/exceptions/#no_such_element&#10;Build info: version: &apos;4.1.2&apos;, revision: &apos;9a5a329c5a&apos;&#10;System info: host: &apos;nsystem-mbp&apos;, ip: &apos;fe80:0:0:0:ce7:beec:a50b:8367%en0&apos;, os.name: &apos;Mac OS X&apos;, os.arch: &apos;x86_64&apos;, os.version: &apos;10.16&apos;, java.version: &apos;1.8.0_201&apos;&#10;Driver info: org.openqa.selenium.chrome.ChromeDriver&#10;Command: [3992c43eadd9830908e162be0bcabb39, findElement {using=xpath, value=//div[@class=&apos;bp4-tab pl-12 pr-12 pb-2 font-bold text-xl lg:ml-60 mx-auto&apos;]}]&#10;Capabilities {acceptInsecureCerts: false, browserName: chrome, browserVersion: 110.0.5481.100, chrome: {chromedriverVersion: 110.0.5481.77 (65ed616c6e8e..., userDataDir: /var/folders/00/xzw63_pj58g...}, goog:chromeOptions: {debuggerAddress: localhost:52657}, javascriptEnabled: true, networkConnectionEnabled: false, pageLoadStrategy: normal, platform: MAC, platformName: MAC, proxy: Proxy(), se:cdp: ws://localhost:52657/devtoo..., se:cdpVersion: 110.0.5481.100, setWindowRect: true, strictFileInteractability: false, timeouts: {implicit: 0, pageLoad: 300000, script: 30000}, unhandledPromptBehavior: dismiss and notify, webauthn:extension:credBlob: true, webauthn:extension:largeBlob: true, webauthn:virtualAuthenticators: true}&#10;Session ID: 3992c43eadd9830908e162be0bcabb39" type="org.openqa.selenium.NoSuchElementException"><![CDATA[org.openqa.selenium.NoSuchElementException: 
no such element: Unable to locate element: {"method":"xpath","selector":"//div[@class='bp4-tab pl-12 pr-12 pb-2 font-bold text-xl lg:ml-60 mx-auto']"}
  (Session info: chrome=110.0.5481.100)
For documentation on this error, please visit: https://selenium.dev/exceptions/#no_such_element
Build info: version: '4.1.2', revision: '9a5a329c5a'
System info: host: 'nsystem-mbp', ip: 'fe80:0:0:0:ce7:beec:a50b:8367%en0', os.name: 'Mac OS X', os.arch: 'x86_64', os.version: '10.16', java.version: '1.8.0_201'
Driver info: org.openqa.selenium.chrome.ChromeDriver
Command: [3992c43eadd9830908e162be0bcabb39, findElement {using=xpath, value=//div[@class='bp4-tab pl-12 pr-12 pb-2 font-bold text-xl lg:ml-60 mx-auto']}]
Capabilities {acceptInsecureCerts: false, browserName: chrome, browserVersion: 110.0.5481.100, chrome: {chromedriverVersion: 110.0.5481.77 (65ed616c6e8e..., userDataDir: /var/folders/00/xzw63_pj58g...}, goog:chromeOptions: {debuggerAddress: localhost:52657}, javascriptEnabled: true, networkConnectionEnabled: false, pageLoadStrategy: normal, platform: MAC, platformName: MAC, proxy: Proxy(), se:cdp: ws://localhost:52657/devtoo..., se:cdpVersion: 110.0.5481.100, setWindowRect: true, strictFileInteractability: false, timeouts: {implicit: 0, pageLoad: 300000, script: 30000}, unhandledPromptBehavior: dismiss and notify, webauthn:extension:credBlob: true, webauthn:extension:largeBlob: true, webauthn:virtualAuthenticators: true}
Session ID: 3992c43eadd9830908e162be0bcabb39
]]></error>
  </testcase>
  <testcase name="" classname="Scenario: Teacher &apos;Perbarui&apos; button with all data form has been filled" time="0">
    <error message="✽.When Teacher fill all data form &apos;Tambah Jadwal Mengajar&apos; but not on Maps in &apos;Atur Tempat Mengajar&apos; field(features/UpdateTeacher.feature:525) matches more than one step definition:&#10;  Teacher fill all data form in UpdateTeacherSteps.teacherFillAllDataForm()&#10;  Teacher fill all data form &apos;Tambah Jadwal Mengajar&apos; but not on Maps in &apos;Atur Tempat Mengajar&apos; field in UpdateTeacherSteps.teacherFillAllDataFormTambahJadwalMengajarButNotOnMapsInAturTempatMengajarField()&#10;" type="cucumber.runtime.AmbiguousStepDefinitionsException"><![CDATA[cucumber.runtime.AmbiguousStepDefinitionsException: 
✽.When Teacher fill all data form 'Tambah Jadwal Mengajar' but not on Maps in 'Atur Tempat Mengajar' field(features/UpdateTeacher.feature:525) matches more than one step definition:
  Teacher fill all data form in UpdateTeacherSteps.teacherFillAllDataForm()
  Teacher fill all data form 'Tambah Jadwal Mengajar' but not on Maps in 'Atur Tempat Mengajar' field in UpdateTeacherSteps.teacherFillAllDataFormTambahJadwalMengajarButNotOnMapsInAturTempatMengajarField()

]]></error>
  </testcase>
  <testcase name="Given Teacher already on Edit Profile page" classname="Scenario: Teacher &apos;Perbarui&apos; button with all data form has been filled" time="0">
    <skipped/>
    <system-out><![CDATA[
  Background:                                                                   &amp#27;[90m# features/UpdateTeacher.feature:4&amp#27;[0m
    &amp#27;[32mGiven &amp#27;[0m&amp#27;[32mUser open the website GuruMu&amp#27;[0m                                          &amp#27;[90m# LoginSteps.userOpenTheWebsiteGuruMu()&amp#27;[0m
    &amp#27;[32mWhen &amp#27;[0m&amp#27;[32mUser click avatar navigation&amp#27;[0m                                           &amp#27;[90m# LoginSteps.userClickAvatarNavigation()&amp#27;[0m
    &amp#27;[32mAnd &amp#27;[0m&amp#27;[32mUser click menu Masuk&amp#27;[0m                                                   &amp#27;[90m# LoginSteps.userClickMenuMasuk()&amp#27;[0m
    &amp#27;[32mAnd &amp#27;[0m&amp#27;[32mUser input "&amp#27;[0m&amp#27;[32m&amp#27;[1mzulfeekei@gmail.com&amp#27;[0m&amp#27;[32m" as email and input "&amp#27;[0m&amp#27;[32m&amp#27;[1mbe123&amp#27;[0m&amp#27;[32m" as password&amp#27;[0m &amp#27;[90m# LoginSteps.inputCredential(String,String)&amp#27;[0m
    &amp#27;[32mAnd &amp#27;[0m&amp#27;[32mUser clicked masuk button&amp#27;[0m                                               &amp#27;[90m# LoginSteps.userClickMasukButton()&amp#27;[0m
    &amp#27;[32mWhen &amp#27;[0m&amp#27;[32mUser move to Profile Page&amp#27;[0m                                              &amp#27;[90m# PenilaianUlasanSteps.userMoveToProfilePage()&amp#27;[0m
    &amp#27;[31mAnd &amp#27;[0m&amp#27;[31mUser move to edit profile&amp#27;[0m                                               &amp#27;[90m# UpdateTeacherSteps.userMoveToEditProfile()&amp#27;[0m
      &amp#27;[31morg.openqa.selenium.NoSuchElementException: no such element: Unable to locate element: {"method":"xpath","selector":"//div[@class='bp4-tab pl-12 pr-12 pb-2 font-bold text-xl lg:ml-60 mx-auto']"}
        (Session info: chrome=110.0.5481.100)
      For documentation on this error, please visit: https://selenium.dev/exceptions/#no_such_element
      Build info: version: '4.1.2', revision: '9a5a329c5a'
      System info: host: 'nsystem-mbp', ip: 'fe80:0:0:0:ce7:beec:a50b:8367%en0', os.name: 'Mac OS X', os.arch: 'x86_64', os.version: '10.16', java.version: '1.8.0_201'
      Driver info: org.openqa.selenium.chrome.ChromeDriver
      Command: [ed7df8bbafa0bb54eba3cd9e216d27cf, findElement {using=xpath, value=//div[@class='bp4-tab pl-12 pr-12 pb-2 font-bold text-xl lg:ml-60 mx-auto']}]
      Capabilities {acceptInsecureCerts: false, browserName: chrome, browserVersion: 110.0.5481.100, chrome: {chromedriverVersion: 110.0.5481.77 (65ed616c6e8e..., userDataDir: /var/folders/00/xzw63_pj58g...}, goog:chromeOptions: {debuggerAddress: localhost:52232}, javascriptEnabled: true, networkConnectionEnabled: false, pageLoadStrategy: normal, platform: MAC, platformName: MAC, proxy: Proxy(), se:cdp: ws://localhost:52232/devtoo..., se:cdpVersion: 110.0.5481.100, setWindowRect: true, strictFileInteractability: false, timeouts: {implicit: 0, pageLoad: 300000, script: 30000}, unhandledPromptBehavior: dismiss and notify, webauthn:extension:credBlob: true, webauthn:extension:largeBlob: true, webauthn:virtualAuthenticators: true}
      Session ID: ed7df8bbafa0bb54eba3cd9e216d27cf
      	at sun.reflect.GeneratedConstructorAccessor38.newInstance(Unknown Source)
      	at sun.reflect.DelegatingConstructorAccessorImpl.newInstance(DelegatingConstructorAccessorImpl.java:45)
      	at java.lang.reflect.Constructor.newInstance(Constructor.java:423)
      	at org.openqa.selenium.remote.codec.w3c.W3CHttpResponseCodec.createException(W3CHttpResponseCodec.java:200)
      	at org.openqa.selenium.remote.codec.w3c.W3CHttpResponseCodec.decode(W3CHttpResponseCodec.java:133)
      	at org.openqa.selenium.remote.codec.w3c.W3CHttpResponseCodec.decode(W3CHttpResponseCodec.java:53)
      	at org.openqa.selenium.remote.HttpCommandExecutor.execute(HttpCommandExecutor.java:184)
      	at org.openqa.selenium.remote.service.DriverCommandExecutor.invokeExecute(DriverCommandExecutor.java:167)
      	at org.openqa.selenium.remote.service.DriverCommandExecutor.execute(DriverCommandExecutor.java:142)
      	at org.openqa.selenium.remote.RemoteWebDriver.execute(RemoteWebDriver.java:558)
      	at org.openqa.selenium.remote.ElementLocation$ElementFinder$2.findElement(ElementLocation.java:162)
      	at org.openqa.selenium.remote.ElementLocation.findElement(ElementLocation.java:60)
      	at org.openqa.selenium.remote.RemoteWebDriver.findElement(RemoteWebDriver.java:382)
      	at org.openqa.selenium.remote.RemoteWebDriver.findElement(RemoteWebDriver.java:374)
      	at org.openqa.selenium.support.pagefactory.DefaultElementLocator.findElement(DefaultElementLocator.java:70)
      	at org.openqa.selenium.support.pagefactory.internal.LocatingElementHandler.invoke(LocatingElementHandler.java:39)
      	at com.sun.proxy.$Proxy21.click(Unknown Source)
      	at org.example.pageObject.UpdateTeacherPage.toEditProfile(UpdateTeacherPage.java:327)
      	at step_definitions.UpdateTeacherSteps.userMoveToEditProfile(UpdateTeacherSteps.java:1195)
      	at ✽.And User move to edit profile(features/UpdateTeacher.feature:11)
      &amp#27;[0m
]]></system-out>
  </testcase>
  <testcase name="Given Teacher already on Edit Profile page" classname="Scenario: Teacher &apos;Perbarui&apos; button with all data form has been filled" time="0">
    <skipped/>
    <system-out><![CDATA[
  Background:                                                                   &amp#27;[90m# features/UpdateTeacher.feature:4&amp#27;[0m
    &amp#27;[32mGiven &amp#27;[0m&amp#27;[32mUser open the website GuruMu&amp#27;[0m                                          &amp#27;[90m# LoginSteps.userOpenTheWebsiteGuruMu()&amp#27;[0m
    &amp#27;[32mWhen &amp#27;[0m&amp#27;[32mUser click avatar navigation&amp#27;[0m                                           &amp#27;[90m# LoginSteps.userClickAvatarNavigation()&amp#27;[0m
    &amp#27;[32mAnd &amp#27;[0m&amp#27;[32mUser click menu Masuk&amp#27;[0m                                                   &amp#27;[90m# LoginSteps.userClickMenuMasuk()&amp#27;[0m
    &amp#27;[32mAnd &amp#27;[0m&amp#27;[32mUser input "&amp#27;[0m&amp#27;[32m&amp#27;[1mzulfeekei@gmail.com&amp#27;[0m&amp#27;[32m" as email and input "&amp#27;[0m&amp#27;[32m&amp#27;[1mbe123&amp#27;[0m&amp#27;[32m" as password&amp#27;[0m &amp#27;[90m# LoginSteps.inputCredential(String,String)&amp#27;[0m
    &amp#27;[32mAnd &amp#27;[0m&amp#27;[32mUser clicked masuk button&amp#27;[0m                                               &amp#27;[90m# LoginSteps.userClickMasukButton()&amp#27;[0m
    &amp#27;[32mWhen &amp#27;[0m&amp#27;[32mUser move to Profile Page&amp#27;[0m                                              &amp#27;[90m# PenilaianUlasanSteps.userMoveToProfilePage()&amp#27;[0m
    &amp#27;[31mAnd &amp#27;[0m&amp#27;[31mUser move to edit profile&amp#27;[0m                                               &amp#27;[90m# UpdateTeacherSteps.userMoveToEditProfile()&amp#27;[0m
      &amp#27;[31morg.openqa.selenium.NoSuchElementException: no such element: Unable to locate element: {"method":"xpath","selector":"//div[@class='bp4-tab pl-12 pr-12 pb-2 font-bold text-xl lg:ml-60 mx-auto']"}
        (Session info: chrome=110.0.5481.100)
      For documentation on this error, please visit: https://selenium.dev/exceptions/#no_such_element
      Build info: version: '4.1.2', revision: '9a5a329c5a'
      System info: host: 'nsystem-mbp', ip: 'fe80:0:0:0:ce7:beec:a50b:8367%en0', os.name: 'Mac OS X', os.arch: 'x86_64', os.version: '10.16', java.version: '1.8.0_201'
      Driver info: org.openqa.selenium.chrome.ChromeDriver
      Command: [3459a39cd14eca53840b627b6973b7a3, findElement {using=xpath, value=//div[@class='bp4-tab pl-12 pr-12 pb-2 font-bold text-xl lg:ml-60 mx-auto']}]
      Capabilities {acceptInsecureCerts: false, browserName: chrome, browserVersion: 110.0.5481.100, chrome: {chromedriverVersion: 110.0.5481.77 (65ed616c6e8e..., userDataDir: /var/folders/00/xzw63_pj58g...}, goog:chromeOptions: {debuggerAddress: localhost:52258}, javascriptEnabled: true, networkConnectionEnabled: false, pageLoadStrategy: normal, platform: MAC, platformName: MAC, proxy: Proxy(), se:cdp: ws://localhost:52258/devtoo..., se:cdpVersion: 110.0.5481.100, setWindowRect: true, strictFileInteractability: false, timeouts: {implicit: 0, pageLoad: 300000, script: 30000}, unhandledPromptBehavior: dismiss and notify, webauthn:extension:credBlob: true, webauthn:extension:largeBlob: true, webauthn:virtualAuthenticators: true}
      Session ID: 3459a39cd14eca53840b627b6973b7a3
      	at sun.reflect.GeneratedConstructorAccessor38.newInstance(Unknown Source)
      	at sun.reflect.DelegatingConstructorAccessorImpl.newInstance(DelegatingConstructorAccessorImpl.java:45)
      	at java.lang.reflect.Constructor.newInstance(Constructor.java:423)
      	at org.openqa.selenium.remote.codec.w3c.W3CHttpResponseCodec.createException(W3CHttpResponseCodec.java:200)
      	at org.openqa.selenium.remote.codec.w3c.W3CHttpResponseCodec.decode(W3CHttpResponseCodec.java:133)
      	at org.openqa.selenium.remote.codec.w3c.W3CHttpResponseCodec.decode(W3CHttpResponseCodec.java:53)
      	at org.openqa.selenium.remote.HttpCommandExecutor.execute(HttpCommandExecutor.java:184)
      	at org.openqa.selenium.remote.service.DriverCommandExecutor.invokeExecute(DriverCommandExecutor.java:167)
      	at org.openqa.selenium.remote.service.DriverCommandExecutor.execute(DriverCommandExecutor.java:142)
      	at org.openqa.selenium.remote.RemoteWebDriver.execute(RemoteWebDriver.java:558)
      	at org.openqa.selenium.remote.ElementLocation$ElementFinder$2.findElement(ElementLocation.java:162)
      	at org.openqa.selenium.remote.ElementLocation.findElement(ElementLocation.java:60)
      	at org.openqa.selenium.remote.RemoteWebDriver.findElement(RemoteWebDriver.java:382)
      	at org.openqa.selenium.remote.RemoteWebDriver.findElement(RemoteWebDriver.java:374)
      	at org.openqa.selenium.support.pagefactory.DefaultElementLocator.findElement(DefaultElementLocator.java:70)
      	at org.openqa.selenium.support.pagefactory.internal.LocatingElementHandler.invoke(LocatingElementHandler.java:39)
      	at com.sun.proxy.$Proxy21.click(Unknown Source)
      	at org.example.pageObject.UpdateTeacherPage.toEditProfile(UpdateTeacherPage.java:327)
      	at step_definitions.UpdateTeacherSteps.userMoveToEditProfile(UpdateTeacherSteps.java:1195)
      	at ✽.And User move to edit profile(features/UpdateTeacher.feature:11)
      &amp#27;[0m
]]></system-out>
  </testcase>
  <testcase name="Given Teacher already on Edit Profile page" classname="Scenario: Teacher &apos;Perbarui&apos; button with all data form has been filled" time="0">
    <skipped/>
    <system-out><![CDATA[
  Background:                                                                   &amp#27;[90m# features/UpdateTeacher.feature:4&amp#27;[0m
    &amp#27;[32mGiven &amp#27;[0m&amp#27;[32mUser open the website GuruMu&amp#27;[0m                                          &amp#27;[90m# LoginSteps.userOpenTheWebsiteGuruMu()&amp#27;[0m
    &amp#27;[32mWhen &amp#27;[0m&amp#27;[32mUser click avatar navigation&amp#27;[0m                                           &amp#27;[90m# LoginSteps.userClickAvatarNavigation()&amp#27;[0m
    &amp#27;[32mAnd &amp#27;[0m&amp#27;[32mUser click menu Masuk&amp#27;[0m                                                   &amp#27;[90m# LoginSteps.userClickMenuMasuk()&amp#27;[0m
    &amp#27;[32mAnd &amp#27;[0m&amp#27;[32mUser input "&amp#27;[0m&amp#27;[32m&amp#27;[1mzulfeekei@gmail.com&amp#27;[0m&amp#27;[32m" as email and input "&amp#27;[0m&amp#27;[32m&amp#27;[1mbe123&amp#27;[0m&amp#27;[32m" as password&amp#27;[0m &amp#27;[90m# LoginSteps.inputCredential(String,String)&amp#27;[0m
    &amp#27;[32mAnd &amp#27;[0m&amp#27;[32mUser clicked masuk button&amp#27;[0m                                               &amp#27;[90m# LoginSteps.userClickMasukButton()&amp#27;[0m
    &amp#27;[32mWhen &amp#27;[0m&amp#27;[32mUser move to Profile Page&amp#27;[0m                                              &amp#27;[90m# PenilaianUlasanSteps.userMoveToProfilePage()&amp#27;[0m
    &amp#27;[31mAnd &amp#27;[0m&amp#27;[31mUser move to edit profile&amp#27;[0m                                               &amp#27;[90m# UpdateTeacherSteps.userMoveToEditProfile()&amp#27;[0m
      &amp#27;[31morg.openqa.selenium.NoSuchElementException: no such element: Unable to locate element: {"method":"xpath","selector":"//div[@class='bp4-tab pl-12 pr-12 pb-2 font-bold text-xl lg:ml-60 mx-auto']"}
        (Session info: chrome=110.0.5481.100)
      For documentation on this error, please visit: https://selenium.dev/exceptions/#no_such_element
      Build info: version: '4.1.2', revision: '9a5a329c5a'
      System info: host: 'nsystem-mbp', ip: 'fe80:0:0:0:ce7:beec:a50b:8367%en0', os.name: 'Mac OS X', os.arch: 'x86_64', os.version: '10.16', java.version: '1.8.0_201'
      Driver info: org.openqa.selenium.chrome.ChromeDriver
      Command: [8148edcf3dda66c5e33167cbc610a892, findElement {using=xpath, value=//div[@class='bp4-tab pl-12 pr-12 pb-2 font-bold text-xl lg:ml-60 mx-auto']}]
      Capabilities {acceptInsecureCerts: false, browserName: chrome, browserVersion: 110.0.5481.100, chrome: {chromedriverVersion: 110.0.5481.77 (65ed616c6e8e..., userDataDir: /var/folders/00/xzw63_pj58g...}, goog:chromeOptions: {debuggerAddress: localhost:52285}, javascriptEnabled: true, networkConnectionEnabled: false, pageLoadStrategy: normal, platform: MAC, platformName: MAC, proxy: Proxy(), se:cdp: ws://localhost:52285/devtoo..., se:cdpVersion: 110.0.5481.100, setWindowRect: true, strictFileInteractability: false, timeouts: {implicit: 0, pageLoad: 300000, script: 30000}, unhandledPromptBehavior: dismiss and notify, webauthn:extension:credBlob: true, webauthn:extension:largeBlob: true, webauthn:virtualAuthenticators: true}
      Session ID: 8148edcf3dda66c5e33167cbc610a892
      	at sun.reflect.GeneratedConstructorAccessor38.newInstance(Unknown Source)
      	at sun.reflect.DelegatingConstructorAccessorImpl.newInstance(DelegatingConstructorAccessorImpl.java:45)
      	at java.lang.reflect.Constructor.newInstance(Constructor.java:423)
      	at org.openqa.selenium.remote.codec.w3c.W3CHttpResponseCodec.createException(W3CHttpResponseCodec.java:200)
      	at org.openqa.selenium.remote.codec.w3c.W3CHttpResponseCodec.decode(W3CHttpResponseCodec.java:133)
      	at org.openqa.selenium.remote.codec.w3c.W3CHttpResponseCodec.decode(W3CHttpResponseCodec.java:53)
      	at org.openqa.selenium.remote.HttpCommandExecutor.execute(HttpCommandExecutor.java:184)
      	at org.openqa.selenium.remote.service.DriverCommandExecutor.invokeExecute(DriverCommandExecutor.java:167)
      	at org.openqa.selenium.remote.service.DriverCommandExecutor.execute(DriverCommandExecutor.java:142)
      	at org.openqa.selenium.remote.RemoteWebDriver.execute(RemoteWebDriver.java:558)
      	at org.openqa.selenium.remote.ElementLocation$ElementFinder$2.findElement(ElementLocation.java:162)
      	at org.openqa.selenium.remote.ElementLocation.findElement(ElementLocation.java:60)
      	at org.openqa.selenium.remote.RemoteWebDriver.findElement(RemoteWebDriver.java:382)
      	at org.openqa.selenium.remote.RemoteWebDriver.findElement(RemoteWebDriver.java:374)
      	at org.openqa.selenium.support.pagefactory.DefaultElementLocator.findElement(DefaultElementLocator.java:70)
      	at org.openqa.selenium.support.pagefactory.internal.LocatingElementHandler.invoke(LocatingElementHandler.java:39)
      	at com.sun.proxy.$Proxy21.click(Unknown Source)
      	at org.example.pageObject.UpdateTeacherPage.toEditProfile(UpdateTeacherPage.java:327)
      	at step_definitions.UpdateTeacherSteps.userMoveToEditProfile(UpdateTeacherSteps.java:1195)
      	at ✽.And User move to edit profile(features/UpdateTeacher.feature:11)
      &amp#27;[0m
]]></system-out>
  </testcase>
  <testcase name="Given Teacher already on Edit Profile page" classname="Scenario: Teacher &apos;Perbarui&apos; button with all data form has been filled" time="0">
    <skipped/>
    <system-out><![CDATA[
  Background:                                                                   &amp#27;[90m# features/UpdateTeacher.feature:4&amp#27;[0m
    &amp#27;[32mGiven &amp#27;[0m&amp#27;[32mUser open the website GuruMu&amp#27;[0m                                          &amp#27;[90m# LoginSteps.userOpenTheWebsiteGuruMu()&amp#27;[0m
    &amp#27;[32mWhen &amp#27;[0m&amp#27;[32mUser click avatar navigation&amp#27;[0m                                           &amp#27;[90m# LoginSteps.userClickAvatarNavigation()&amp#27;[0m
    &amp#27;[32mAnd &amp#27;[0m&amp#27;[32mUser click menu Masuk&amp#27;[0m                                                   &amp#27;[90m# LoginSteps.userClickMenuMasuk()&amp#27;[0m
    &amp#27;[32mAnd &amp#27;[0m&amp#27;[32mUser input "&amp#27;[0m&amp#27;[32m&amp#27;[1mzulfeekei@gmail.com&amp#27;[0m&amp#27;[32m" as email and input "&amp#27;[0m&amp#27;[32m&amp#27;[1mbe123&amp#27;[0m&amp#27;[32m" as password&amp#27;[0m &amp#27;[90m# LoginSteps.inputCredential(String,String)&amp#27;[0m
    &amp#27;[32mAnd &amp#27;[0m&amp#27;[32mUser clicked masuk button&amp#27;[0m                                               &amp#27;[90m# LoginSteps.userClickMasukButton()&amp#27;[0m
    &amp#27;[32mWhen &amp#27;[0m&amp#27;[32mUser move to Profile Page&amp#27;[0m                                              &amp#27;[90m# PenilaianUlasanSteps.userMoveToProfilePage()&amp#27;[0m
    &amp#27;[31mAnd &amp#27;[0m&amp#27;[31mUser move to edit profile&amp#27;[0m                                               &amp#27;[90m# UpdateTeacherSteps.userMoveToEditProfile()&amp#27;[0m
      &amp#27;[31morg.openqa.selenium.NoSuchElementException: no such element: Unable to locate element: {"method":"xpath","selector":"//div[@class='bp4-tab pl-12 pr-12 pb-2 font-bold text-xl lg:ml-60 mx-auto']"}
        (Session info: chrome=110.0.5481.100)
      For documentation on this error, please visit: https://selenium.dev/exceptions/#no_such_element
      Build info: version: '4.1.2', revision: '9a5a329c5a'
      System info: host: 'nsystem-mbp', ip: 'fe80:0:0:0:ce7:beec:a50b:8367%en0', os.name: 'Mac OS X', os.arch: 'x86_64', os.version: '10.16', java.version: '1.8.0_201'
      Driver info: org.openqa.selenium.chrome.ChromeDriver
      Command: [35fa1cfedf7a8bb83007e60f24c50d8d, findElement {using=xpath, value=//div[@class='bp4-tab pl-12 pr-12 pb-2 font-bold text-xl lg:ml-60 mx-auto']}]
      Capabilities {acceptInsecureCerts: false, browserName: chrome, browserVersion: 110.0.5481.100, chrome: {chromedriverVersion: 110.0.5481.77 (65ed616c6e8e..., userDataDir: /var/folders/00/xzw63_pj58g...}, goog:chromeOptions: {debuggerAddress: localhost:52311}, javascriptEnabled: true, networkConnectionEnabled: false, pageLoadStrategy: normal, platform: MAC, platformName: MAC, proxy: Proxy(), se:cdp: ws://localhost:52311/devtoo..., se:cdpVersion: 110.0.5481.100, setWindowRect: true, strictFileInteractability: false, timeouts: {implicit: 0, pageLoad: 300000, script: 30000}, unhandledPromptBehavior: dismiss and notify, webauthn:extension:credBlob: true, webauthn:extension:largeBlob: true, webauthn:virtualAuthenticators: true}
      Session ID: 35fa1cfedf7a8bb83007e60f24c50d8d
      	at sun.reflect.GeneratedConstructorAccessor38.newInstance(Unknown Source)
      	at sun.reflect.DelegatingConstructorAccessorImpl.newInstance(DelegatingConstructorAccessorImpl.java:45)
      	at java.lang.reflect.Constructor.newInstance(Constructor.java:423)
      	at org.openqa.selenium.remote.codec.w3c.W3CHttpResponseCodec.createException(W3CHttpResponseCodec.java:200)
      	at org.openqa.selenium.remote.codec.w3c.W3CHttpResponseCodec.decode(W3CHttpResponseCodec.java:133)
      	at org.openqa.selenium.remote.codec.w3c.W3CHttpResponseCodec.decode(W3CHttpResponseCodec.java:53)
      	at org.openqa.selenium.remote.HttpCommandExecutor.execute(HttpCommandExecutor.java:184)
      	at org.openqa.selenium.remote.service.DriverCommandExecutor.invokeExecute(DriverCommandExecutor.java:167)
      	at org.openqa.selenium.remote.service.DriverCommandExecutor.execute(DriverCommandExecutor.java:142)
      	at org.openqa.selenium.remote.RemoteWebDriver.execute(RemoteWebDriver.java:558)
      	at org.openqa.selenium.remote.ElementLocation$ElementFinder$2.findElement(ElementLocation.java:162)
      	at org.openqa.selenium.remote.ElementLocation.findElement(ElementLocation.java:60)
      	at org.openqa.selenium.remote.RemoteWebDriver.findElement(RemoteWebDriver.java:382)
      	at org.openqa.selenium.remote.RemoteWebDriver.findElement(RemoteWebDriver.java:374)
      	at org.openqa.selenium.support.pagefactory.DefaultElementLocator.findElement(DefaultElementLocator.java:70)
      	at org.openqa.selenium.support.pagefactory.internal.LocatingElementHandler.invoke(LocatingElementHandler.java:39)
      	at com.sun.proxy.$Proxy21.click(Unknown Source)
      	at org.example.pageObject.UpdateTeacherPage.toEditProfile(UpdateTeacherPage.java:327)
      	at step_definitions.UpdateTeacherSteps.userMoveToEditProfile(UpdateTeacherSteps.java:1195)
      	at ✽.And User move to edit profile(features/UpdateTeacher.feature:11)
      &amp#27;[0m
]]></system-out>
  </testcase>
  <testcase name="Given Teacher already on Edit Profile page" classname="Scenario: Teacher &apos;Perbarui&apos; button with all data form has been filled" time="0">
    <skipped/>
    <system-out><![CDATA[
  Background:                                                                   &amp#27;[90m# features/UpdateTeacher.feature:4&amp#27;[0m
    &amp#27;[32mGiven &amp#27;[0m&amp#27;[32mUser open the website GuruMu&amp#27;[0m                                          &amp#27;[90m# LoginSteps.userOpenTheWebsiteGuruMu()&amp#27;[0m
    &amp#27;[32mWhen &amp#27;[0m&amp#27;[32mUser click avatar navigation&amp#27;[0m                                           &amp#27;[90m# LoginSteps.userClickAvatarNavigation()&amp#27;[0m
    &amp#27;[32mAnd &amp#27;[0m&amp#27;[32mUser click menu Masuk&amp#27;[0m                                                   &amp#27;[90m# LoginSteps.userClickMenuMasuk()&amp#27;[0m
    &amp#27;[32mAnd &amp#27;[0m&amp#27;[32mUser input "&amp#27;[0m&amp#27;[32m&amp#27;[1mzulfeekei@gmail.com&amp#27;[0m&amp#27;[32m" as email and input "&amp#27;[0m&amp#27;[32m&amp#27;[1mbe123&amp#27;[0m&amp#27;[32m" as password&amp#27;[0m &amp#27;[90m# LoginSteps.inputCredential(String,String)&amp#27;[0m
    &amp#27;[32mAnd &amp#27;[0m&amp#27;[32mUser clicked masuk button&amp#27;[0m                                               &amp#27;[90m# LoginSteps.userClickMasukButton()&amp#27;[0m
    &amp#27;[31mWhen &amp#27;[0m&amp#27;[31mUser move to Profile Page&amp#27;[0m                                              &amp#27;[90m# PenilaianUlasanSteps.userMoveToProfilePage()&amp#27;[0m
      &amp#27;[31morg.openqa.selenium.NoSuchElementException: no such element: Unable to locate element: {"method":"xpath","selector":"//h2[@class='swal2-title']"}
        (Session info: chrome=110.0.5481.100)
      For documentation on this error, please visit: https://selenium.dev/exceptions/#no_such_element
      Build info: version: '4.1.2', revision: '9a5a329c5a'
      System info: host: 'nsystem-mbp', ip: 'fe80:0:0:0:ce7:beec:a50b:8367%en0', os.name: 'Mac OS X', os.arch: 'x86_64', os.version: '10.16', java.version: '1.8.0_201'
      Driver info: org.openqa.selenium.chrome.ChromeDriver
      Command: [c58d815c4d8ac2b2e252757dabf55304, findElement {using=xpath, value=//h2[@class='swal2-title']}]
      Capabilities {acceptInsecureCerts: false, browserName: chrome, browserVersion: 110.0.5481.100, chrome: {chromedriverVersion: 110.0.5481.77 (65ed616c6e8e..., userDataDir: /var/folders/00/xzw63_pj58g...}, goog:chromeOptions: {debuggerAddress: localhost:52387}, javascriptEnabled: true, networkConnectionEnabled: false, pageLoadStrategy: normal, platform: MAC, platformName: MAC, proxy: Proxy(), se:cdp: ws://localhost:52387/devtoo..., se:cdpVersion: 110.0.5481.100, setWindowRect: true, strictFileInteractability: false, timeouts: {implicit: 0, pageLoad: 300000, script: 30000}, unhandledPromptBehavior: dismiss and notify, webauthn:extension:credBlob: true, webauthn:extension:largeBlob: true, webauthn:virtualAuthenticators: true}
      Session ID: c58d815c4d8ac2b2e252757dabf55304
      	at sun.reflect.GeneratedConstructorAccessor38.newInstance(Unknown Source)
      	at sun.reflect.DelegatingConstructorAccessorImpl.newInstance(DelegatingConstructorAccessorImpl.java:45)
      	at java.lang.reflect.Constructor.newInstance(Constructor.java:423)
      	at org.openqa.selenium.remote.codec.w3c.W3CHttpResponseCodec.createException(W3CHttpResponseCodec.java:200)
      	at org.openqa.selenium.remote.codec.w3c.W3CHttpResponseCodec.decode(W3CHttpResponseCodec.java:133)
      	at org.openqa.selenium.remote.codec.w3c.W3CHttpResponseCodec.decode(W3CHttpResponseCodec.java:53)
      	at org.openqa.selenium.remote.HttpCommandExecutor.execute(HttpCommandExecutor.java:184)
      	at org.openqa.selenium.remote.service.DriverCommandExecutor.invokeExecute(DriverCommandExecutor.java:167)
      	at org.openqa.selenium.remote.service.DriverCommandExecutor.execute(DriverCommandExecutor.java:142)
      	at org.openqa.selenium.remote.RemoteWebDriver.execute(RemoteWebDriver.java:558)
      	at org.openqa.selenium.remote.ElementLocation$ElementFinder$2.findElement(ElementLocation.java:162)
      	at org.openqa.selenium.remote.ElementLocation.findElement(ElementLocation.java:60)
      	at org.openqa.selenium.remote.RemoteWebDriver.findElement(RemoteWebDriver.java:382)
      	at org.openqa.selenium.remote.RemoteWebDriver.findElement(RemoteWebDriver.java:374)
      	at org.openqa.selenium.support.pagefactory.DefaultElementLocator.findElement(DefaultElementLocator.java:70)
      	at org.openqa.selenium.support.pagefactory.internal.LocatingElementHandler.invoke(LocatingElementHandler.java:39)
      	at com.sun.proxy.$Proxy21.isDisplayed(Unknown Source)
      	at org.example.pageObject.BerandaPage.successMessageIsDisplayed(BerandaPage.java:169)
      	at step_definitions.PenilaianUlasanSteps.userMoveToProfilePage(PenilaianUlasanSteps.java:163)
      	at ✽.When User move to Profile Page(features/UpdateTeacher.feature:10)
      &amp#27;[0m
    &amp#27;[36mAnd &amp#27;[0m&amp#27;[36mUser move to edit profile&amp#27;[0m                                               &amp#27;[90m# UpdateTeacherSteps.userMoveToEditProfile()&amp#27;[0m
]]></system-out>
  </testcase>
  <testcase name="Given Teacher already on Edit Profile page" classname="Scenario: Teacher &apos;Perbarui&apos; button with all data form has been filled" time="0">
    <skipped/>
    <system-out><![CDATA[
  Background:                                                                   &amp#27;[90m# features/UpdateTeacher.feature:4&amp#27;[0m
    &amp#27;[32mGiven &amp#27;[0m&amp#27;[32mUser open the website GuruMu&amp#27;[0m                                          &amp#27;[90m# LoginSteps.userOpenTheWebsiteGuruMu()&amp#27;[0m
    &amp#27;[32mWhen &amp#27;[0m&amp#27;[32mUser click avatar navigation&amp#27;[0m                                           &amp#27;[90m# LoginSteps.userClickAvatarNavigation()&amp#27;[0m
    &amp#27;[32mAnd &amp#27;[0m&amp#27;[32mUser click menu Masuk&amp#27;[0m                                                   &amp#27;[90m# LoginSteps.userClickMenuMasuk()&amp#27;[0m
    &amp#27;[32mAnd &amp#27;[0m&amp#27;[32mUser input "&amp#27;[0m&amp#27;[32m&amp#27;[1mzulfeekei@gmail.com&amp#27;[0m&amp#27;[32m" as email and input "&amp#27;[0m&amp#27;[32m&amp#27;[1mbe123&amp#27;[0m&amp#27;[32m" as password&amp#27;[0m &amp#27;[90m# LoginSteps.inputCredential(String,String)&amp#27;[0m
    &amp#27;[32mAnd &amp#27;[0m&amp#27;[32mUser clicked masuk button&amp#27;[0m                                               &amp#27;[90m# LoginSteps.userClickMasukButton()&amp#27;[0m
    &amp#27;[32mWhen &amp#27;[0m&amp#27;[32mUser move to Profile Page&amp#27;[0m                                              &amp#27;[90m# PenilaianUlasanSteps.userMoveToProfilePage()&amp#27;[0m
    &amp#27;[31mAnd &amp#27;[0m&amp#27;[31mUser move to edit profile&amp#27;[0m                                               &amp#27;[90m# UpdateTeacherSteps.userMoveToEditProfile()&amp#27;[0m
      &amp#27;[31morg.openqa.selenium.NoSuchElementException: no such element: Unable to locate element: {"method":"xpath","selector":"//div[@class='bp4-tab pl-12 pr-12 pb-2 font-bold text-xl lg:ml-60 mx-auto']"}
        (Session info: chrome=110.0.5481.100)
      For documentation on this error, please visit: https://selenium.dev/exceptions/#no_such_element
      Build info: version: '4.1.2', revision: '9a5a329c5a'
      System info: host: 'nsystem-mbp', ip: 'fe80:0:0:0:ce7:beec:a50b:8367%en0', os.name: 'Mac OS X', os.arch: 'x86_64', os.version: '10.16', java.version: '1.8.0_201'
      Driver info: org.openqa.selenium.chrome.ChromeDriver
      Command: [ced39227bddc0094f423d7ce4abdcdb8, findElement {using=xpath, value=//div[@class='bp4-tab pl-12 pr-12 pb-2 font-bold text-xl lg:ml-60 mx-auto']}]
      Capabilities {acceptInsecureCerts: false, browserName: chrome, browserVersion: 110.0.5481.100, chrome: {chromedriverVersion: 110.0.5481.77 (65ed616c6e8e..., userDataDir: /var/folders/00/xzw63_pj58g...}, goog:chromeOptions: {debuggerAddress: localhost:52407}, javascriptEnabled: true, networkConnectionEnabled: false, pageLoadStrategy: normal, platform: MAC, platformName: MAC, proxy: Proxy(), se:cdp: ws://localhost:52407/devtoo..., se:cdpVersion: 110.0.5481.100, setWindowRect: true, strictFileInteractability: false, timeouts: {implicit: 0, pageLoad: 300000, script: 30000}, unhandledPromptBehavior: dismiss and notify, webauthn:extension:credBlob: true, webauthn:extension:largeBlob: true, webauthn:virtualAuthenticators: true}
      Session ID: ced39227bddc0094f423d7ce4abdcdb8
      	at sun.reflect.GeneratedConstructorAccessor38.newInstance(Unknown Source)
      	at sun.reflect.DelegatingConstructorAccessorImpl.newInstance(DelegatingConstructorAccessorImpl.java:45)
      	at java.lang.reflect.Constructor.newInstance(Constructor.java:423)
      	at org.openqa.selenium.remote.codec.w3c.W3CHttpResponseCodec.createException(W3CHttpResponseCodec.java:200)
      	at org.openqa.selenium.remote.codec.w3c.W3CHttpResponseCodec.decode(W3CHttpResponseCodec.java:133)
      	at org.openqa.selenium.remote.codec.w3c.W3CHttpResponseCodec.decode(W3CHttpResponseCodec.java:53)
      	at org.openqa.selenium.remote.HttpCommandExecutor.execute(HttpCommandExecutor.java:184)
      	at org.openqa.selenium.remote.service.DriverCommandExecutor.invokeExecute(DriverCommandExecutor.java:167)
      	at org.openqa.selenium.remote.service.DriverCommandExecutor.execute(DriverCommandExecutor.java:142)
      	at org.openqa.selenium.remote.RemoteWebDriver.execute(RemoteWebDriver.java:558)
      	at org.openqa.selenium.remote.ElementLocation$ElementFinder$2.findElement(ElementLocation.java:162)
      	at org.openqa.selenium.remote.ElementLocation.findElement(ElementLocation.java:60)
      	at org.openqa.selenium.remote.RemoteWebDriver.findElement(RemoteWebDriver.java:382)
      	at org.openqa.selenium.remote.RemoteWebDriver.findElement(RemoteWebDriver.java:374)
      	at org.openqa.selenium.support.pagefactory.DefaultElementLocator.findElement(DefaultElementLocator.java:70)
      	at org.openqa.selenium.support.pagefactory.internal.LocatingElementHandler.invoke(LocatingElementHandler.java:39)
      	at com.sun.proxy.$Proxy21.click(Unknown Source)
      	at org.example.pageObject.UpdateTeacherPage.toEditProfile(UpdateTeacherPage.java:327)
      	at step_definitions.UpdateTeacherSteps.userMoveToEditProfile(UpdateTeacherSteps.java:1195)
      	at ✽.And User move to edit profile(features/UpdateTeacher.feature:11)
      &amp#27;[0m
]]></system-out>
  </testcase>
  <testcase name="Given Teacher already on Edit Profile page" classname="Scenario: Teacher &apos;Perbarui&apos; button with all data form has been filled" time="0">
    <skipped/>
    <system-out><![CDATA[
  Background:                                                                   &amp#27;[90m# features/UpdateTeacher.feature:4&amp#27;[0m
    &amp#27;[32mGiven &amp#27;[0m&amp#27;[32mUser open the website GuruMu&amp#27;[0m                                          &amp#27;[90m# LoginSteps.userOpenTheWebsiteGuruMu()&amp#27;[0m
    &amp#27;[32mWhen &amp#27;[0m&amp#27;[32mUser click avatar navigation&amp#27;[0m                                           &amp#27;[90m# LoginSteps.userClickAvatarNavigation()&amp#27;[0m
    &amp#27;[32mAnd &amp#27;[0m&amp#27;[32mUser click menu Masuk&amp#27;[0m                                                   &amp#27;[90m# LoginSteps.userClickMenuMasuk()&amp#27;[0m
    &amp#27;[32mAnd &amp#27;[0m&amp#27;[32mUser input "&amp#27;[0m&amp#27;[32m&amp#27;[1mzulfeekei@gmail.com&amp#27;[0m&amp#27;[32m" as email and input "&amp#27;[0m&amp#27;[32m&amp#27;[1mbe123&amp#27;[0m&amp#27;[32m" as password&amp#27;[0m &amp#27;[90m# LoginSteps.inputCredential(String,String)&amp#27;[0m
    &amp#27;[32mAnd &amp#27;[0m&amp#27;[32mUser clicked masuk button&amp#27;[0m                                               &amp#27;[90m# LoginSteps.userClickMasukButton()&amp#27;[0m
    &amp#27;[32mWhen &amp#27;[0m&amp#27;[32mUser move to Profile Page&amp#27;[0m                                              &amp#27;[90m# PenilaianUlasanSteps.userMoveToProfilePage()&amp#27;[0m
    &amp#27;[31mAnd &amp#27;[0m&amp#27;[31mUser move to edit profile&amp#27;[0m                                               &amp#27;[90m# UpdateTeacherSteps.userMoveToEditProfile()&amp#27;[0m
      &amp#27;[31morg.openqa.selenium.NoSuchElementException: no such element: Unable to locate element: {"method":"xpath","selector":"//div[@class='bp4-tab pl-12 pr-12 pb-2 font-bold text-xl lg:ml-60 mx-auto']"}
        (Session info: chrome=110.0.5481.100)
      For documentation on this error, please visit: https://selenium.dev/exceptions/#no_such_element
      Build info: version: '4.1.2', revision: '9a5a329c5a'
      System info: host: 'nsystem-mbp', ip: 'fe80:0:0:0:ce7:beec:a50b:8367%en0', os.name: 'Mac OS X', os.arch: 'x86_64', os.version: '10.16', java.version: '1.8.0_201'
      Driver info: org.openqa.selenium.chrome.ChromeDriver
      Command: [e219c1616f7e8e6b92cee705c28afe62, findElement {using=xpath, value=//div[@class='bp4-tab pl-12 pr-12 pb-2 font-bold text-xl lg:ml-60 mx-auto']}]
      Capabilities {acceptInsecureCerts: false, browserName: chrome, browserVersion: 110.0.5481.100, chrome: {chromedriverVersion: 110.0.5481.77 (65ed616c6e8e..., userDataDir: /var/folders/00/xzw63_pj58g...}, goog:chromeOptions: {debuggerAddress: localhost:52433}, javascriptEnabled: true, networkConnectionEnabled: false, pageLoadStrategy: normal, platform: MAC, platformName: MAC, proxy: Proxy(), se:cdp: ws://localhost:52433/devtoo..., se:cdpVersion: 110.0.5481.100, setWindowRect: true, strictFileInteractability: false, timeouts: {implicit: 0, pageLoad: 300000, script: 30000}, unhandledPromptBehavior: dismiss and notify, webauthn:extension:credBlob: true, webauthn:extension:largeBlob: true, webauthn:virtualAuthenticators: true}
      Session ID: e219c1616f7e8e6b92cee705c28afe62
      	at sun.reflect.GeneratedConstructorAccessor38.newInstance(Unknown Source)
      	at sun.reflect.DelegatingConstructorAccessorImpl.newInstance(DelegatingConstructorAccessorImpl.java:45)
      	at java.lang.reflect.Constructor.newInstance(Constructor.java:423)
      	at org.openqa.selenium.remote.codec.w3c.W3CHttpResponseCodec.createException(W3CHttpResponseCodec.java:200)
      	at org.openqa.selenium.remote.codec.w3c.W3CHttpResponseCodec.decode(W3CHttpResponseCodec.java:133)
      	at org.openqa.selenium.remote.codec.w3c.W3CHttpResponseCodec.decode(W3CHttpResponseCodec.java:53)
      	at org.openqa.selenium.remote.HttpCommandExecutor.execute(HttpCommandExecutor.java:184)
      	at org.openqa.selenium.remote.service.DriverCommandExecutor.invokeExecute(DriverCommandExecutor.java:167)
      	at org.openqa.selenium.remote.service.DriverCommandExecutor.execute(DriverCommandExecutor.java:142)
      	at org.openqa.selenium.remote.RemoteWebDriver.execute(RemoteWebDriver.java:558)
      	at org.openqa.selenium.remote.ElementLocation$ElementFinder$2.findElement(ElementLocation.java:162)
      	at org.openqa.selenium.remote.ElementLocation.findElement(ElementLocation.java:60)
      	at org.openqa.selenium.remote.RemoteWebDriver.findElement(RemoteWebDriver.java:382)
      	at org.openqa.selenium.remote.RemoteWebDriver.findElement(RemoteWebDriver.java:374)
      	at org.openqa.selenium.support.pagefactory.DefaultElementLocator.findElement(DefaultElementLocator.java:70)
      	at org.openqa.selenium.support.pagefactory.internal.LocatingElementHandler.invoke(LocatingElementHandler.java:39)
      	at com.sun.proxy.$Proxy21.click(Unknown Source)
      	at org.example.pageObject.UpdateTeacherPage.toEditProfile(UpdateTeacherPage.java:327)
      	at step_definitions.UpdateTeacherSteps.userMoveToEditProfile(UpdateTeacherSteps.java:1195)
      	at ✽.And User move to edit profile(features/UpdateTeacher.feature:11)
      &amp#27;[0m
]]></system-out>
  </testcase>
  <testcase name="Given Teacher already on Edit Profile page" classname="Scenario: Teacher &apos;Perbarui&apos; button with all data form has been filled" time="0">
    <skipped/>
    <system-out><![CDATA[
  Background:                                                                   &amp#27;[90m# features/UpdateTeacher.feature:4&amp#27;[0m
    &amp#27;[32mGiven &amp#27;[0m&amp#27;[32mUser open the website GuruMu&amp#27;[0m                                          &amp#27;[90m# LoginSteps.userOpenTheWebsiteGuruMu()&amp#27;[0m
    &amp#27;[32mWhen &amp#27;[0m&amp#27;[32mUser click avatar navigation&amp#27;[0m                                           &amp#27;[90m# LoginSteps.userClickAvatarNavigation()&amp#27;[0m
    &amp#27;[32mAnd &amp#27;[0m&amp#27;[32mUser click menu Masuk&amp#27;[0m                                                   &amp#27;[90m# LoginSteps.userClickMenuMasuk()&amp#27;[0m
    &amp#27;[32mAnd &amp#27;[0m&amp#27;[32mUser input "&amp#27;[0m&amp#27;[32m&amp#27;[1mzulfeekei@gmail.com&amp#27;[0m&amp#27;[32m" as email and input "&amp#27;[0m&amp#27;[32m&amp#27;[1mbe123&amp#27;[0m&amp#27;[32m" as password&amp#27;[0m &amp#27;[90m# LoginSteps.inputCredential(String,String)&amp#27;[0m
    &amp#27;[32mAnd &amp#27;[0m&amp#27;[32mUser clicked masuk button&amp#27;[0m                                               &amp#27;[90m# LoginSteps.userClickMasukButton()&amp#27;[0m
    &amp#27;[32mWhen &amp#27;[0m&amp#27;[32mUser move to Profile Page&amp#27;[0m                                              &amp#27;[90m# PenilaianUlasanSteps.userMoveToProfilePage()&amp#27;[0m
    &amp#27;[31mAnd &amp#27;[0m&amp#27;[31mUser move to edit profile&amp#27;[0m                                               &amp#27;[90m# UpdateTeacherSteps.userMoveToEditProfile()&amp#27;[0m
      &amp#27;[31morg.openqa.selenium.NoSuchElementException: no such element: Unable to locate element: {"method":"xpath","selector":"//div[@class='bp4-tab pl-12 pr-12 pb-2 font-bold text-xl lg:ml-60 mx-auto']"}
        (Session info: chrome=110.0.5481.100)
      For documentation on this error, please visit: https://selenium.dev/exceptions/#no_such_element
      Build info: version: '4.1.2', revision: '9a5a329c5a'
      System info: host: 'nsystem-mbp', ip: 'fe80:0:0:0:ce7:beec:a50b:8367%en0', os.name: 'Mac OS X', os.arch: 'x86_64', os.version: '10.16', java.version: '1.8.0_201'
      Driver info: org.openqa.selenium.chrome.ChromeDriver
      Command: [7809b593663980d6b34ee84598d018a6, findElement {using=xpath, value=//div[@class='bp4-tab pl-12 pr-12 pb-2 font-bold text-xl lg:ml-60 mx-auto']}]
      Capabilities {acceptInsecureCerts: false, browserName: chrome, browserVersion: 110.0.5481.100, chrome: {chromedriverVersion: 110.0.5481.77 (65ed616c6e8e..., userDataDir: /var/folders/00/xzw63_pj58g...}, goog:chromeOptions: {debuggerAddress: localhost:52461}, javascriptEnabled: true, networkConnectionEnabled: false, pageLoadStrategy: normal, platform: MAC, platformName: MAC, proxy: Proxy(), se:cdp: ws://localhost:52461/devtoo..., se:cdpVersion: 110.0.5481.100, setWindowRect: true, strictFileInteractability: false, timeouts: {implicit: 0, pageLoad: 300000, script: 30000}, unhandledPromptBehavior: dismiss and notify, webauthn:extension:credBlob: true, webauthn:extension:largeBlob: true, webauthn:virtualAuthenticators: true}
      Session ID: 7809b593663980d6b34ee84598d018a6
      	at sun.reflect.GeneratedConstructorAccessor38.newInstance(Unknown Source)
      	at sun.reflect.DelegatingConstructorAccessorImpl.newInstance(DelegatingConstructorAccessorImpl.java:45)
      	at java.lang.reflect.Constructor.newInstance(Constructor.java:423)
      	at org.openqa.selenium.remote.codec.w3c.W3CHttpResponseCodec.createException(W3CHttpResponseCodec.java:200)
      	at org.openqa.selenium.remote.codec.w3c.W3CHttpResponseCodec.decode(W3CHttpResponseCodec.java:133)
      	at org.openqa.selenium.remote.codec.w3c.W3CHttpResponseCodec.decode(W3CHttpResponseCodec.java:53)
      	at org.openqa.selenium.remote.HttpCommandExecutor.execute(HttpCommandExecutor.java:184)
      	at org.openqa.selenium.remote.service.DriverCommandExecutor.invokeExecute(DriverCommandExecutor.java:167)
      	at org.openqa.selenium.remote.service.DriverCommandExecutor.execute(DriverCommandExecutor.java:142)
      	at org.openqa.selenium.remote.RemoteWebDriver.execute(RemoteWebDriver.java:558)
      	at org.openqa.selenium.remote.ElementLocation$ElementFinder$2.findElement(ElementLocation.java:162)
      	at org.openqa.selenium.remote.ElementLocation.findElement(ElementLocation.java:60)
      	at org.openqa.selenium.remote.RemoteWebDriver.findElement(RemoteWebDriver.java:382)
      	at org.openqa.selenium.remote.RemoteWebDriver.findElement(RemoteWebDriver.java:374)
      	at org.openqa.selenium.support.pagefactory.DefaultElementLocator.findElement(DefaultElementLocator.java:70)
      	at org.openqa.selenium.support.pagefactory.internal.LocatingElementHandler.invoke(LocatingElementHandler.java:39)
      	at com.sun.proxy.$Proxy21.click(Unknown Source)
      	at org.example.pageObject.UpdateTeacherPage.toEditProfile(UpdateTeacherPage.java:327)
      	at step_definitions.UpdateTeacherSteps.userMoveToEditProfile(UpdateTeacherSteps.java:1195)
      	at ✽.And User move to edit profile(features/UpdateTeacher.feature:11)
      &amp#27;[0m
]]></system-out>
  </testcase>
  <testcase name="Given Teacher already on Edit Profile page" classname="Scenario: Teacher &apos;Perbarui&apos; button with all data form has been filled" time="0">
    <skipped/>
    <system-out><![CDATA[
  Background:                                                                   &amp#27;[90m# features/UpdateTeacher.feature:4&amp#27;[0m
    &amp#27;[32mGiven &amp#27;[0m&amp#27;[32mUser open the website GuruMu&amp#27;[0m                                          &amp#27;[90m# LoginSteps.userOpenTheWebsiteGuruMu()&amp#27;[0m
    &amp#27;[32mWhen &amp#27;[0m&amp#27;[32mUser click avatar navigation&amp#27;[0m                                           &amp#27;[90m# LoginSteps.userClickAvatarNavigation()&amp#27;[0m
    &amp#27;[32mAnd &amp#27;[0m&amp#27;[32mUser click menu Masuk&amp#27;[0m                                                   &amp#27;[90m# LoginSteps.userClickMenuMasuk()&amp#27;[0m
    &amp#27;[32mAnd &amp#27;[0m&amp#27;[32mUser input "&amp#27;[0m&amp#27;[32m&amp#27;[1mzulfeekei@gmail.com&amp#27;[0m&amp#27;[32m" as email and input "&amp#27;[0m&amp#27;[32m&amp#27;[1mbe123&amp#27;[0m&amp#27;[32m" as password&amp#27;[0m &amp#27;[90m# LoginSteps.inputCredential(String,String)&amp#27;[0m
    &amp#27;[32mAnd &amp#27;[0m&amp#27;[32mUser clicked masuk button&amp#27;[0m                                               &amp#27;[90m# LoginSteps.userClickMasukButton()&amp#27;[0m
    &amp#27;[32mWhen &amp#27;[0m&amp#27;[32mUser move to Profile Page&amp#27;[0m                                              &amp#27;[90m# PenilaianUlasanSteps.userMoveToProfilePage()&amp#27;[0m
    &amp#27;[31mAnd &amp#27;[0m&amp#27;[31mUser move to edit profile&amp#27;[0m                                               &amp#27;[90m# UpdateTeacherSteps.userMoveToEditProfile()&amp#27;[0m
      &amp#27;[31morg.openqa.selenium.NoSuchElementException: no such element: Unable to locate element: {"method":"xpath","selector":"//div[@class='bp4-tab pl-12 pr-12 pb-2 font-bold text-xl lg:ml-60 mx-auto']"}
        (Session info: chrome=110.0.5481.100)
      For documentation on this error, please visit: https://selenium.dev/exceptions/#no_such_element
      Build info: version: '4.1.2', revision: '9a5a329c5a'
      System info: host: 'nsystem-mbp', ip: 'fe80:0:0:0:ce7:beec:a50b:8367%en0', os.name: 'Mac OS X', os.arch: 'x86_64', os.version: '10.16', java.version: '1.8.0_201'
      Driver info: org.openqa.selenium.chrome.ChromeDriver
      Command: [51a86b5ffb120ae556a2e7e7d9461671, findElement {using=xpath, value=//div[@class='bp4-tab pl-12 pr-12 pb-2 font-bold text-xl lg:ml-60 mx-auto']}]
      Capabilities {acceptInsecureCerts: false, browserName: chrome, browserVersion: 110.0.5481.100, chrome: {chromedriverVersion: 110.0.5481.77 (65ed616c6e8e..., userDataDir: /var/folders/00/xzw63_pj58g...}, goog:chromeOptions: {debuggerAddress: localhost:52483}, javascriptEnabled: true, networkConnectionEnabled: false, pageLoadStrategy: normal, platform: MAC, platformName: MAC, proxy: Proxy(), se:cdp: ws://localhost:52483/devtoo..., se:cdpVersion: 110.0.5481.100, setWindowRect: true, strictFileInteractability: false, timeouts: {implicit: 0, pageLoad: 300000, script: 30000}, unhandledPromptBehavior: dismiss and notify, webauthn:extension:credBlob: true, webauthn:extension:largeBlob: true, webauthn:virtualAuthenticators: true}
      Session ID: 51a86b5ffb120ae556a2e7e7d9461671
      	at sun.reflect.GeneratedConstructorAccessor38.newInstance(Unknown Source)
      	at sun.reflect.DelegatingConstructorAccessorImpl.newInstance(DelegatingConstructorAccessorImpl.java:45)
      	at java.lang.reflect.Constructor.newInstance(Constructor.java:423)
      	at org.openqa.selenium.remote.codec.w3c.W3CHttpResponseCodec.createException(W3CHttpResponseCodec.java:200)
      	at org.openqa.selenium.remote.codec.w3c.W3CHttpResponseCodec.decode(W3CHttpResponseCodec.java:133)
      	at org.openqa.selenium.remote.codec.w3c.W3CHttpResponseCodec.decode(W3CHttpResponseCodec.java:53)
      	at org.openqa.selenium.remote.HttpCommandExecutor.execute(HttpCommandExecutor.java:184)
      	at org.openqa.selenium.remote.service.DriverCommandExecutor.invokeExecute(DriverCommandExecutor.java:167)
      	at org.openqa.selenium.remote.service.DriverCommandExecutor.execute(DriverCommandExecutor.java:142)
      	at org.openqa.selenium.remote.RemoteWebDriver.execute(RemoteWebDriver.java:558)
      	at org.openqa.selenium.remote.ElementLocation$ElementFinder$2.findElement(ElementLocation.java:162)
      	at org.openqa.selenium.remote.ElementLocation.findElement(ElementLocation.java:60)
      	at org.openqa.selenium.remote.RemoteWebDriver.findElement(RemoteWebDriver.java:382)
      	at org.openqa.selenium.remote.RemoteWebDriver.findElement(RemoteWebDriver.java:374)
      	at org.openqa.selenium.support.pagefactory.DefaultElementLocator.findElement(DefaultElementLocator.java:70)
      	at org.openqa.selenium.support.pagefactory.internal.LocatingElementHandler.invoke(LocatingElementHandler.java:39)
      	at com.sun.proxy.$Proxy21.click(Unknown Source)
      	at org.example.pageObject.UpdateTeacherPage.toEditProfile(UpdateTeacherPage.java:327)
      	at step_definitions.UpdateTeacherSteps.userMoveToEditProfile(UpdateTeacherSteps.java:1195)
      	at ✽.And User move to edit profile(features/UpdateTeacher.feature:11)
      &amp#27;[0m
]]></system-out>
  </testcase>
  <testcase name="Given Teacher already on Edit Profile page" classname="Scenario: Teacher &apos;Perbarui&apos; button with all data form has been filled" time="0">
    <skipped/>
    <system-out><![CDATA[
  Background:                                                                   &amp#27;[90m# features/UpdateTeacher.feature:4&amp#27;[0m
    &amp#27;[32mGiven &amp#27;[0m&amp#27;[32mUser open the website GuruMu&amp#27;[0m                                          &amp#27;[90m# LoginSteps.userOpenTheWebsiteGuruMu()&amp#27;[0m
    &amp#27;[32mWhen &amp#27;[0m&amp#27;[32mUser click avatar navigation&amp#27;[0m                                           &amp#27;[90m# LoginSteps.userClickAvatarNavigation()&amp#27;[0m
    &amp#27;[32mAnd &amp#27;[0m&amp#27;[32mUser click menu Masuk&amp#27;[0m                                                   &amp#27;[90m# LoginSteps.userClickMenuMasuk()&amp#27;[0m
    &amp#27;[32mAnd &amp#27;[0m&amp#27;[32mUser input "&amp#27;[0m&amp#27;[32m&amp#27;[1mzulfeekei@gmail.com&amp#27;[0m&amp#27;[32m" as email and input "&amp#27;[0m&amp#27;[32m&amp#27;[1mbe123&amp#27;[0m&amp#27;[32m" as password&amp#27;[0m &amp#27;[90m# LoginSteps.inputCredential(String,String)&amp#27;[0m
    &amp#27;[32mAnd &amp#27;[0m&amp#27;[32mUser clicked masuk button&amp#27;[0m                                               &amp#27;[90m# LoginSteps.userClickMasukButton()&amp#27;[0m
    &amp#27;[32mWhen &amp#27;[0m&amp#27;[32mUser move to Profile Page&amp#27;[0m                                              &amp#27;[90m# PenilaianUlasanSteps.userMoveToProfilePage()&amp#27;[0m
    &amp#27;[31mAnd &amp#27;[0m&amp#27;[31mUser move to edit profile&amp#27;[0m                                               &amp#27;[90m# UpdateTeacherSteps.userMoveToEditProfile()&amp#27;[0m
      &amp#27;[31morg.openqa.selenium.NoSuchElementException: no such element: Unable to locate element: {"method":"xpath","selector":"//div[@class='bp4-tab pl-12 pr-12 pb-2 font-bold text-xl lg:ml-60 mx-auto']"}
        (Session info: chrome=110.0.5481.100)
      For documentation on this error, please visit: https://selenium.dev/exceptions/#no_such_element
      Build info: version: '4.1.2', revision: '9a5a329c5a'
      System info: host: 'nsystem-mbp', ip: 'fe80:0:0:0:ce7:beec:a50b:8367%en0', os.name: 'Mac OS X', os.arch: 'x86_64', os.version: '10.16', java.version: '1.8.0_201'
      Driver info: org.openqa.selenium.chrome.ChromeDriver
      Command: [ce0e580705c8c23f194c431ce546fa75, findElement {using=xpath, value=//div[@class='bp4-tab pl-12 pr-12 pb-2 font-bold text-xl lg:ml-60 mx-auto']}]
      Capabilities {acceptInsecureCerts: false, browserName: chrome, browserVersion: 110.0.5481.100, chrome: {chromedriverVersion: 110.0.5481.77 (65ed616c6e8e..., userDataDir: /var/folders/00/xzw63_pj58g...}, goog:chromeOptions: {debuggerAddress: localhost:52513}, javascriptEnabled: true, networkConnectionEnabled: false, pageLoadStrategy: normal, platform: MAC, platformName: MAC, proxy: Proxy(), se:cdp: ws://localhost:52513/devtoo..., se:cdpVersion: 110.0.5481.100, setWindowRect: true, strictFileInteractability: false, timeouts: {implicit: 0, pageLoad: 300000, script: 30000}, unhandledPromptBehavior: dismiss and notify, webauthn:extension:credBlob: true, webauthn:extension:largeBlob: true, webauthn:virtualAuthenticators: true}
      Session ID: ce0e580705c8c23f194c431ce546fa75
      	at sun.reflect.GeneratedConstructorAccessor38.newInstance(Unknown Source)
      	at sun.reflect.DelegatingConstructorAccessorImpl.newInstance(DelegatingConstructorAccessorImpl.java:45)
      	at java.lang.reflect.Constructor.newInstance(Constructor.java:423)
      	at org.openqa.selenium.remote.codec.w3c.W3CHttpResponseCodec.createException(W3CHttpResponseCodec.java:200)
      	at org.openqa.selenium.remote.codec.w3c.W3CHttpResponseCodec.decode(W3CHttpResponseCodec.java:133)
      	at org.openqa.selenium.remote.codec.w3c.W3CHttpResponseCodec.decode(W3CHttpResponseCodec.java:53)
      	at org.openqa.selenium.remote.HttpCommandExecutor.execute(HttpCommandExecutor.java:184)
      	at org.openqa.selenium.remote.service.DriverCommandExecutor.invokeExecute(DriverCommandExecutor.java:167)
      	at org.openqa.selenium.remote.service.DriverCommandExecutor.execute(DriverCommandExecutor.java:142)
      	at org.openqa.selenium.remote.RemoteWebDriver.execute(RemoteWebDriver.java:558)
      	at org.openqa.selenium.remote.ElementLocation$ElementFinder$2.findElement(ElementLocation.java:162)
      	at org.openqa.selenium.remote.ElementLocation.findElement(ElementLocation.java:60)
      	at org.openqa.selenium.remote.RemoteWebDriver.findElement(RemoteWebDriver.java:382)
      	at org.openqa.selenium.remote.RemoteWebDriver.findElement(RemoteWebDriver.java:374)
      	at org.openqa.selenium.support.pagefactory.DefaultElementLocator.findElement(DefaultElementLocator.java:70)
      	at org.openqa.selenium.support.pagefactory.internal.LocatingElementHandler.invoke(LocatingElementHandler.java:39)
      	at com.sun.proxy.$Proxy21.click(Unknown Source)
      	at org.example.pageObject.UpdateTeacherPage.toEditProfile(UpdateTeacherPage.java:327)
      	at step_definitions.UpdateTeacherSteps.userMoveToEditProfile(UpdateTeacherSteps.java:1195)
      	at ✽.And User move to edit profile(features/UpdateTeacher.feature:11)
      &amp#27;[0m
]]></system-out>
  </testcase>
  <testcase name="Given Teacher already on Edit Profile page" classname="Scenario: Teacher &apos;Perbarui&apos; button with all data form has been filled" time="0">
    <skipped/>
    <system-out><![CDATA[
  Background:                                                                   &amp#27;[90m# features/UpdateTeacher.feature:4&amp#27;[0m
    &amp#27;[32mGiven &amp#27;[0m&amp#27;[32mUser open the website GuruMu&amp#27;[0m                                          &amp#27;[90m# LoginSteps.userOpenTheWebsiteGuruMu()&amp#27;[0m
    &amp#27;[32mWhen &amp#27;[0m&amp#27;[32mUser click avatar navigation&amp#27;[0m                                           &amp#27;[90m# LoginSteps.userClickAvatarNavigation()&amp#27;[0m
    &amp#27;[32mAnd &amp#27;[0m&amp#27;[32mUser click menu Masuk&amp#27;[0m                                                   &amp#27;[90m# LoginSteps.userClickMenuMasuk()&amp#27;[0m
    &amp#27;[32mAnd &amp#27;[0m&amp#27;[32mUser input "&amp#27;[0m&amp#27;[32m&amp#27;[1mzulfeekei@gmail.com&amp#27;[0m&amp#27;[32m" as email and input "&amp#27;[0m&amp#27;[32m&amp#27;[1mbe123&amp#27;[0m&amp#27;[32m" as password&amp#27;[0m &amp#27;[90m# LoginSteps.inputCredential(String,String)&amp#27;[0m
    &amp#27;[32mAnd &amp#27;[0m&amp#27;[32mUser clicked masuk button&amp#27;[0m                                               &amp#27;[90m# LoginSteps.userClickMasukButton()&amp#27;[0m
    &amp#27;[31mWhen &amp#27;[0m&amp#27;[31mUser move to Profile Page&amp#27;[0m                                              &amp#27;[90m# PenilaianUlasanSteps.userMoveToProfilePage()&amp#27;[0m
      &amp#27;[31morg.openqa.selenium.NoSuchElementException: no such element: Unable to locate element: {"method":"xpath","selector":"//h2[@class='swal2-title']"}
        (Session info: chrome=110.0.5481.100)
      For documentation on this error, please visit: https://selenium.dev/exceptions/#no_such_element
      Build info: version: '4.1.2', revision: '9a5a329c5a'
      System info: host: 'nsystem-mbp', ip: 'fe80:0:0:0:ce7:beec:a50b:8367%en0', os.name: 'Mac OS X', os.arch: 'x86_64', os.version: '10.16', java.version: '1.8.0_201'
      Driver info: org.openqa.selenium.chrome.ChromeDriver
      Command: [b783c044a5f240c760b3eb0befe530a6, findElement {using=xpath, value=//h2[@class='swal2-title']}]
      Capabilities {acceptInsecureCerts: false, browserName: chrome, browserVersion: 110.0.5481.100, chrome: {chromedriverVersion: 110.0.5481.77 (65ed616c6e8e..., userDataDir: /var/folders/00/xzw63_pj58g...}, goog:chromeOptions: {debuggerAddress: localhost:52539}, javascriptEnabled: true, networkConnectionEnabled: false, pageLoadStrategy: normal, platform: MAC, platformName: MAC, proxy: Proxy(), se:cdp: ws://localhost:52539/devtoo..., se:cdpVersion: 110.0.5481.100, setWindowRect: true, strictFileInteractability: false, timeouts: {implicit: 0, pageLoad: 300000, script: 30000}, unhandledPromptBehavior: dismiss and notify, webauthn:extension:credBlob: true, webauthn:extension:largeBlob: true, webauthn:virtualAuthenticators: true}
      Session ID: b783c044a5f240c760b3eb0befe530a6
      	at sun.reflect.GeneratedConstructorAccessor38.newInstance(Unknown Source)
      	at sun.reflect.DelegatingConstructorAccessorImpl.newInstance(DelegatingConstructorAccessorImpl.java:45)
      	at java.lang.reflect.Constructor.newInstance(Constructor.java:423)
      	at org.openqa.selenium.remote.codec.w3c.W3CHttpResponseCodec.createException(W3CHttpResponseCodec.java:200)
      	at org.openqa.selenium.remote.codec.w3c.W3CHttpResponseCodec.decode(W3CHttpResponseCodec.java:133)
      	at org.openqa.selenium.remote.codec.w3c.W3CHttpResponseCodec.decode(W3CHttpResponseCodec.java:53)
      	at org.openqa.selenium.remote.HttpCommandExecutor.execute(HttpCommandExecutor.java:184)
      	at org.openqa.selenium.remote.service.DriverCommandExecutor.invokeExecute(DriverCommandExecutor.java:167)
      	at org.openqa.selenium.remote.service.DriverCommandExecutor.execute(DriverCommandExecutor.java:142)
      	at org.openqa.selenium.remote.RemoteWebDriver.execute(RemoteWebDriver.java:558)
      	at org.openqa.selenium.remote.ElementLocation$ElementFinder$2.findElement(ElementLocation.java:162)
      	at org.openqa.selenium.remote.ElementLocation.findElement(ElementLocation.java:60)
      	at org.openqa.selenium.remote.RemoteWebDriver.findElement(RemoteWebDriver.java:382)
      	at org.openqa.selenium.remote.RemoteWebDriver.findElement(RemoteWebDriver.java:374)
      	at org.openqa.selenium.support.pagefactory.DefaultElementLocator.findElement(DefaultElementLocator.java:70)
      	at org.openqa.selenium.support.pagefactory.internal.LocatingElementHandler.invoke(LocatingElementHandler.java:39)
      	at com.sun.proxy.$Proxy21.isDisplayed(Unknown Source)
      	at org.example.pageObject.BerandaPage.successMessageIsDisplayed(BerandaPage.java:169)
      	at step_definitions.PenilaianUlasanSteps.userMoveToProfilePage(PenilaianUlasanSteps.java:163)
      	at ✽.When User move to Profile Page(features/UpdateTeacher.feature:10)
      &amp#27;[0m
    &amp#27;[36mAnd &amp#27;[0m&amp#27;[36mUser move to edit profile&amp#27;[0m                                               &amp#27;[90m# UpdateTeacherSteps.userMoveToEditProfile()&amp#27;[0m
]]></system-out>
  </testcase>
  <testcase name="Given Teacher already on Edit Profile page" classname="Scenario: Teacher &apos;Perbarui&apos; button with all data form has been filled" time="0">
    <skipped/>
    <system-out><![CDATA[
  Background:                                                                   &amp#27;[90m# features/UpdateTeacher.feature:4&amp#27;[0m
    &amp#27;[32mGiven &amp#27;[0m&amp#27;[32mUser open the website GuruMu&amp#27;[0m                                          &amp#27;[90m# LoginSteps.userOpenTheWebsiteGuruMu()&amp#27;[0m
    &amp#27;[32mWhen &amp#27;[0m&amp#27;[32mUser click avatar navigation&amp#27;[0m                                           &amp#27;[90m# LoginSteps.userClickAvatarNavigation()&amp#27;[0m
    &amp#27;[32mAnd &amp#27;[0m&amp#27;[32mUser click menu Masuk&amp#27;[0m                                                   &amp#27;[90m# LoginSteps.userClickMenuMasuk()&amp#27;[0m
    &amp#27;[32mAnd &amp#27;[0m&amp#27;[32mUser input "&amp#27;[0m&amp#27;[32m&amp#27;[1mzulfeekei@gmail.com&amp#27;[0m&amp#27;[32m" as email and input "&amp#27;[0m&amp#27;[32m&amp#27;[1mbe123&amp#27;[0m&amp#27;[32m" as password&amp#27;[0m &amp#27;[90m# LoginSteps.inputCredential(String,String)&amp#27;[0m
    &amp#27;[32mAnd &amp#27;[0m&amp#27;[32mUser clicked masuk button&amp#27;[0m                                               &amp#27;[90m# LoginSteps.userClickMasukButton()&amp#27;[0m
    &amp#27;[31mWhen &amp#27;[0m&amp#27;[31mUser move to Profile Page&amp#27;[0m                                              &amp#27;[90m# PenilaianUlasanSteps.userMoveToProfilePage()&amp#27;[0m
      &amp#27;[31morg.openqa.selenium.NoSuchElementException: no such element: Unable to locate element: {"method":"xpath","selector":"//h2[@class='swal2-title']"}
        (Session info: chrome=110.0.5481.100)
      For documentation on this error, please visit: https://selenium.dev/exceptions/#no_such_element
      Build info: version: '4.1.2', revision: '9a5a329c5a'
      System info: host: 'nsystem-mbp', ip: 'fe80:0:0:0:ce7:beec:a50b:8367%en0', os.name: 'Mac OS X', os.arch: 'x86_64', os.version: '10.16', java.version: '1.8.0_201'
      Driver info: org.openqa.selenium.chrome.ChromeDriver
      Command: [0ff8dc9f6312eca0332c61b0a09ed2cb, findElement {using=xpath, value=//h2[@class='swal2-title']}]
      Capabilities {acceptInsecureCerts: false, browserName: chrome, browserVersion: 110.0.5481.100, chrome: {chromedriverVersion: 110.0.5481.77 (65ed616c6e8e..., userDataDir: /var/folders/00/xzw63_pj58g...}, goog:chromeOptions: {debuggerAddress: localhost:52564}, javascriptEnabled: true, networkConnectionEnabled: false, pageLoadStrategy: normal, platform: MAC, platformName: MAC, proxy: Proxy(), se:cdp: ws://localhost:52564/devtoo..., se:cdpVersion: 110.0.5481.100, setWindowRect: true, strictFileInteractability: false, timeouts: {implicit: 0, pageLoad: 300000, script: 30000}, unhandledPromptBehavior: dismiss and notify, webauthn:extension:credBlob: true, webauthn:extension:largeBlob: true, webauthn:virtualAuthenticators: true}
      Session ID: 0ff8dc9f6312eca0332c61b0a09ed2cb
      	at sun.reflect.GeneratedConstructorAccessor38.newInstance(Unknown Source)
      	at sun.reflect.DelegatingConstructorAccessorImpl.newInstance(DelegatingConstructorAccessorImpl.java:45)
      	at java.lang.reflect.Constructor.newInstance(Constructor.java:423)
      	at org.openqa.selenium.remote.codec.w3c.W3CHttpResponseCodec.createException(W3CHttpResponseCodec.java:200)
      	at org.openqa.selenium.remote.codec.w3c.W3CHttpResponseCodec.decode(W3CHttpResponseCodec.java:133)
      	at org.openqa.selenium.remote.codec.w3c.W3CHttpResponseCodec.decode(W3CHttpResponseCodec.java:53)
      	at org.openqa.selenium.remote.HttpCommandExecutor.execute(HttpCommandExecutor.java:184)
      	at org.openqa.selenium.remote.service.DriverCommandExecutor.invokeExecute(DriverCommandExecutor.java:167)
      	at org.openqa.selenium.remote.service.DriverCommandExecutor.execute(DriverCommandExecutor.java:142)
      	at org.openqa.selenium.remote.RemoteWebDriver.execute(RemoteWebDriver.java:558)
      	at org.openqa.selenium.remote.ElementLocation$ElementFinder$2.findElement(ElementLocation.java:162)
      	at org.openqa.selenium.remote.ElementLocation.findElement(ElementLocation.java:60)
      	at org.openqa.selenium.remote.RemoteWebDriver.findElement(RemoteWebDriver.java:382)
      	at org.openqa.selenium.remote.RemoteWebDriver.findElement(RemoteWebDriver.java:374)
      	at org.openqa.selenium.support.pagefactory.DefaultElementLocator.findElement(DefaultElementLocator.java:70)
      	at org.openqa.selenium.support.pagefactory.internal.LocatingElementHandler.invoke(LocatingElementHandler.java:39)
      	at com.sun.proxy.$Proxy21.isDisplayed(Unknown Source)
      	at org.example.pageObject.BerandaPage.successMessageIsDisplayed(BerandaPage.java:169)
      	at step_definitions.PenilaianUlasanSteps.userMoveToProfilePage(PenilaianUlasanSteps.java:163)
      	at ✽.When User move to Profile Page(features/UpdateTeacher.feature:10)
      &amp#27;[0m
    &amp#27;[36mAnd &amp#27;[0m&amp#27;[36mUser move to edit profile&amp#27;[0m                                               &amp#27;[90m# UpdateTeacherSteps.userMoveToEditProfile()&amp#27;[0m
]]></system-out>
  </testcase>
  <testcase name="Given Teacher already on Edit Profile page" classname="Scenario: Teacher &apos;Perbarui&apos; button with all data form has been filled" time="0">
    <skipped/>
    <system-out><![CDATA[
  Background:                                                                   &amp#27;[90m# features/UpdateTeacher.feature:4&amp#27;[0m
    &amp#27;[32mGiven &amp#27;[0m&amp#27;[32mUser open the website GuruMu&amp#27;[0m                                          &amp#27;[90m# LoginSteps.userOpenTheWebsiteGuruMu()&amp#27;[0m
    &amp#27;[32mWhen &amp#27;[0m&amp#27;[32mUser click avatar navigation&amp#27;[0m                                           &amp#27;[90m# LoginSteps.userClickAvatarNavigation()&amp#27;[0m
    &amp#27;[32mAnd &amp#27;[0m&amp#27;[32mUser click menu Masuk&amp#27;[0m                                                   &amp#27;[90m# LoginSteps.userClickMenuMasuk()&amp#27;[0m
    &amp#27;[32mAnd &amp#27;[0m&amp#27;[32mUser input "&amp#27;[0m&amp#27;[32m&amp#27;[1mzulfeekei@gmail.com&amp#27;[0m&amp#27;[32m" as email and input "&amp#27;[0m&amp#27;[32m&amp#27;[1mbe123&amp#27;[0m&amp#27;[32m" as password&amp#27;[0m &amp#27;[90m# LoginSteps.inputCredential(String,String)&amp#27;[0m
    &amp#27;[32mAnd &amp#27;[0m&amp#27;[32mUser clicked masuk button&amp#27;[0m                                               &amp#27;[90m# LoginSteps.userClickMasukButton()&amp#27;[0m
    &amp#27;[32mWhen &amp#27;[0m&amp#27;[32mUser move to Profile Page&amp#27;[0m                                              &amp#27;[90m# PenilaianUlasanSteps.userMoveToProfilePage()&amp#27;[0m
    &amp#27;[31mAnd &amp#27;[0m&amp#27;[31mUser move to edit profile&amp#27;[0m                                               &amp#27;[90m# UpdateTeacherSteps.userMoveToEditProfile()&amp#27;[0m
      &amp#27;[31morg.openqa.selenium.NoSuchElementException: no such element: Unable to locate element: {"method":"xpath","selector":"//div[@class='bp4-tab pl-12 pr-12 pb-2 font-bold text-xl lg:ml-60 mx-auto']"}
        (Session info: chrome=110.0.5481.100)
      For documentation on this error, please visit: https://selenium.dev/exceptions/#no_such_element
      Build info: version: '4.1.2', revision: '9a5a329c5a'
      System info: host: 'nsystem-mbp', ip: 'fe80:0:0:0:ce7:beec:a50b:8367%en0', os.name: 'Mac OS X', os.arch: 'x86_64', os.version: '10.16', java.version: '1.8.0_201'
      Driver info: org.openqa.selenium.chrome.ChromeDriver
      Command: [c4571d60d09ca3d20985f75a5bb8563a, findElement {using=xpath, value=//div[@class='bp4-tab pl-12 pr-12 pb-2 font-bold text-xl lg:ml-60 mx-auto']}]
      Capabilities {acceptInsecureCerts: false, browserName: chrome, browserVersion: 110.0.5481.100, chrome: {chromedriverVersion: 110.0.5481.77 (65ed616c6e8e..., userDataDir: /var/folders/00/xzw63_pj58g...}, goog:chromeOptions: {debuggerAddress: localhost:52608}, javascriptEnabled: true, networkConnectionEnabled: false, pageLoadStrategy: normal, platform: MAC, platformName: MAC, proxy: Proxy(), se:cdp: ws://localhost:52608/devtoo..., se:cdpVersion: 110.0.5481.100, setWindowRect: true, strictFileInteractability: false, timeouts: {implicit: 0, pageLoad: 300000, script: 30000}, unhandledPromptBehavior: dismiss and notify, webauthn:extension:credBlob: true, webauthn:extension:largeBlob: true, webauthn:virtualAuthenticators: true}
      Session ID: c4571d60d09ca3d20985f75a5bb8563a
      	at sun.reflect.GeneratedConstructorAccessor38.newInstance(Unknown Source)
      	at sun.reflect.DelegatingConstructorAccessorImpl.newInstance(DelegatingConstructorAccessorImpl.java:45)
      	at java.lang.reflect.Constructor.newInstance(Constructor.java:423)
      	at org.openqa.selenium.remote.codec.w3c.W3CHttpResponseCodec.createException(W3CHttpResponseCodec.java:200)
      	at org.openqa.selenium.remote.codec.w3c.W3CHttpResponseCodec.decode(W3CHttpResponseCodec.java:133)
      	at org.openqa.selenium.remote.codec.w3c.W3CHttpResponseCodec.decode(W3CHttpResponseCodec.java:53)
      	at org.openqa.selenium.remote.HttpCommandExecutor.execute(HttpCommandExecutor.java:184)
      	at org.openqa.selenium.remote.service.DriverCommandExecutor.invokeExecute(DriverCommandExecutor.java:167)
      	at org.openqa.selenium.remote.service.DriverCommandExecutor.execute(DriverCommandExecutor.java:142)
      	at org.openqa.selenium.remote.RemoteWebDriver.execute(RemoteWebDriver.java:558)
      	at org.openqa.selenium.remote.ElementLocation$ElementFinder$2.findElement(ElementLocation.java:162)
      	at org.openqa.selenium.remote.ElementLocation.findElement(ElementLocation.java:60)
      	at org.openqa.selenium.remote.RemoteWebDriver.findElement(RemoteWebDriver.java:382)
      	at org.openqa.selenium.remote.RemoteWebDriver.findElement(RemoteWebDriver.java:374)
      	at org.openqa.selenium.support.pagefactory.DefaultElementLocator.findElement(DefaultElementLocator.java:70)
      	at org.openqa.selenium.support.pagefactory.internal.LocatingElementHandler.invoke(LocatingElementHandler.java:39)
      	at com.sun.proxy.$Proxy21.click(Unknown Source)
      	at org.example.pageObject.UpdateTeacherPage.toEditProfile(UpdateTeacherPage.java:327)
      	at step_definitions.UpdateTeacherSteps.userMoveToEditProfile(UpdateTeacherSteps.java:1195)
      	at ✽.And User move to edit profile(features/UpdateTeacher.feature:11)
      &amp#27;[0m
]]></system-out>
  </testcase>
  <testcase name="Given Teacher already on Edit Profile page" classname="Scenario: Teacher &apos;Perbarui&apos; button with all data form has been filled" time="0">
    <skipped/>
    <system-out><![CDATA[
  Background:                                                                   &amp#27;[90m# features/UpdateTeacher.feature:4&amp#27;[0m
    &amp#27;[32mGiven &amp#27;[0m&amp#27;[32mUser open the website GuruMu&amp#27;[0m                                          &amp#27;[90m# LoginSteps.userOpenTheWebsiteGuruMu()&amp#27;[0m
    &amp#27;[32mWhen &amp#27;[0m&amp#27;[32mUser click avatar navigation&amp#27;[0m                                           &amp#27;[90m# LoginSteps.userClickAvatarNavigation()&amp#27;[0m
    &amp#27;[32mAnd &amp#27;[0m&amp#27;[32mUser click menu Masuk&amp#27;[0m                                                   &amp#27;[90m# LoginSteps.userClickMenuMasuk()&amp#27;[0m
    &amp#27;[32mAnd &amp#27;[0m&amp#27;[32mUser input "&amp#27;[0m&amp#27;[32m&amp#27;[1mzulfeekei@gmail.com&amp#27;[0m&amp#27;[32m" as email and input "&amp#27;[0m&amp#27;[32m&amp#27;[1mbe123&amp#27;[0m&amp#27;[32m" as password&amp#27;[0m &amp#27;[90m# LoginSteps.inputCredential(String,String)&amp#27;[0m
    &amp#27;[32mAnd &amp#27;[0m&amp#27;[32mUser clicked masuk button&amp#27;[0m                                               &amp#27;[90m# LoginSteps.userClickMasukButton()&amp#27;[0m
    &amp#27;[32mWhen &amp#27;[0m&amp#27;[32mUser move to Profile Page&amp#27;[0m                                              &amp#27;[90m# PenilaianUlasanSteps.userMoveToProfilePage()&amp#27;[0m
    &amp#27;[31mAnd &amp#27;[0m&amp#27;[31mUser move to edit profile&amp#27;[0m                                               &amp#27;[90m# UpdateTeacherSteps.userMoveToEditProfile()&amp#27;[0m
      &amp#27;[31morg.openqa.selenium.NoSuchElementException: no such element: Unable to locate element: {"method":"xpath","selector":"//div[@class='bp4-tab pl-12 pr-12 pb-2 font-bold text-xl lg:ml-60 mx-auto']"}
        (Session info: chrome=110.0.5481.100)
      For documentation on this error, please visit: https://selenium.dev/exceptions/#no_such_element
      Build info: version: '4.1.2', revision: '9a5a329c5a'
      System info: host: 'nsystem-mbp', ip: 'fe80:0:0:0:ce7:beec:a50b:8367%en0', os.name: 'Mac OS X', os.arch: 'x86_64', os.version: '10.16', java.version: '1.8.0_201'
      Driver info: org.openqa.selenium.chrome.ChromeDriver
      Command: [18c7c63ee7e842637681040f26dc0f64, findElement {using=xpath, value=//div[@class='bp4-tab pl-12 pr-12 pb-2 font-bold text-xl lg:ml-60 mx-auto']}]
      Capabilities {acceptInsecureCerts: false, browserName: chrome, browserVersion: 110.0.5481.100, chrome: {chromedriverVersion: 110.0.5481.77 (65ed616c6e8e..., userDataDir: /var/folders/00/xzw63_pj58g...}, goog:chromeOptions: {debuggerAddress: localhost:52631}, javascriptEnabled: true, networkConnectionEnabled: false, pageLoadStrategy: normal, platform: MAC, platformName: MAC, proxy: Proxy(), se:cdp: ws://localhost:52631/devtoo..., se:cdpVersion: 110.0.5481.100, setWindowRect: true, strictFileInteractability: false, timeouts: {implicit: 0, pageLoad: 300000, script: 30000}, unhandledPromptBehavior: dismiss and notify, webauthn:extension:credBlob: true, webauthn:extension:largeBlob: true, webauthn:virtualAuthenticators: true}
      Session ID: 18c7c63ee7e842637681040f26dc0f64
      	at sun.reflect.GeneratedConstructorAccessor38.newInstance(Unknown Source)
      	at sun.reflect.DelegatingConstructorAccessorImpl.newInstance(DelegatingConstructorAccessorImpl.java:45)
      	at java.lang.reflect.Constructor.newInstance(Constructor.java:423)
      	at org.openqa.selenium.remote.codec.w3c.W3CHttpResponseCodec.createException(W3CHttpResponseCodec.java:200)
      	at org.openqa.selenium.remote.codec.w3c.W3CHttpResponseCodec.decode(W3CHttpResponseCodec.java:133)
      	at org.openqa.selenium.remote.codec.w3c.W3CHttpResponseCodec.decode(W3CHttpResponseCodec.java:53)
      	at org.openqa.selenium.remote.HttpCommandExecutor.execute(HttpCommandExecutor.java:184)
      	at org.openqa.selenium.remote.service.DriverCommandExecutor.invokeExecute(DriverCommandExecutor.java:167)
      	at org.openqa.selenium.remote.service.DriverCommandExecutor.execute(DriverCommandExecutor.java:142)
      	at org.openqa.selenium.remote.RemoteWebDriver.execute(RemoteWebDriver.java:558)
      	at org.openqa.selenium.remote.ElementLocation$ElementFinder$2.findElement(ElementLocation.java:162)
      	at org.openqa.selenium.remote.ElementLocation.findElement(ElementLocation.java:60)
      	at org.openqa.selenium.remote.RemoteWebDriver.findElement(RemoteWebDriver.java:382)
      	at org.openqa.selenium.remote.RemoteWebDriver.findElement(RemoteWebDriver.java:374)
      	at org.openqa.selenium.support.pagefactory.DefaultElementLocator.findElement(DefaultElementLocator.java:70)
      	at org.openqa.selenium.support.pagefactory.internal.LocatingElementHandler.invoke(LocatingElementHandler.java:39)
      	at com.sun.proxy.$Proxy21.click(Unknown Source)
      	at org.example.pageObject.UpdateTeacherPage.toEditProfile(UpdateTeacherPage.java:327)
      	at step_definitions.UpdateTeacherSteps.userMoveToEditProfile(UpdateTeacherSteps.java:1195)
      	at ✽.And User move to edit profile(features/UpdateTeacher.feature:11)
      &amp#27;[0m
]]></system-out>
  </testcase>
  <testcase name="Given Teacher already on Edit Profile page" classname="Scenario: Teacher &apos;Perbarui&apos; button with all data form has been filled" time="0">
    <skipped/>
    <system-out><![CDATA[
  Background:                                                                   &amp#27;[90m# features/UpdateTeacher.feature:4&amp#27;[0m
    &amp#27;[32mGiven &amp#27;[0m&amp#27;[32mUser open the website GuruMu&amp#27;[0m                                          &amp#27;[90m# LoginSteps.userOpenTheWebsiteGuruMu()&amp#27;[0m
    &amp#27;[32mWhen &amp#27;[0m&amp#27;[32mUser click avatar navigation&amp#27;[0m                                           &amp#27;[90m# LoginSteps.userClickAvatarNavigation()&amp#27;[0m
    &amp#27;[32mAnd &amp#27;[0m&amp#27;[32mUser click menu Masuk&amp#27;[0m                                                   &amp#27;[90m# LoginSteps.userClickMenuMasuk()&amp#27;[0m
    &amp#27;[32mAnd &amp#27;[0m&amp#27;[32mUser input "&amp#27;[0m&amp#27;[32m&amp#27;[1mzulfeekei@gmail.com&amp#27;[0m&amp#27;[32m" as email and input "&amp#27;[0m&amp#27;[32m&amp#27;[1mbe123&amp#27;[0m&amp#27;[32m" as password&amp#27;[0m &amp#27;[90m# LoginSteps.inputCredential(String,String)&amp#27;[0m
    &amp#27;[32mAnd &amp#27;[0m&amp#27;[32mUser clicked masuk button&amp#27;[0m                                               &amp#27;[90m# LoginSteps.userClickMasukButton()&amp#27;[0m
    &amp#27;[32mWhen &amp#27;[0m&amp#27;[32mUser move to Profile Page&amp#27;[0m                                              &amp#27;[90m# PenilaianUlasanSteps.userMoveToProfilePage()&amp#27;[0m
    &amp#27;[31mAnd &amp#27;[0m&amp#27;[31mUser move to edit profile&amp#27;[0m                                               &amp#27;[90m# UpdateTeacherSteps.userMoveToEditProfile()&amp#27;[0m
      &amp#27;[31morg.openqa.selenium.NoSuchElementException: no such element: Unable to locate element: {"method":"xpath","selector":"//div[@class='bp4-tab pl-12 pr-12 pb-2 font-bold text-xl lg:ml-60 mx-auto']"}
        (Session info: chrome=110.0.5481.100)
      For documentation on this error, please visit: https://selenium.dev/exceptions/#no_such_element
      Build info: version: '4.1.2', revision: '9a5a329c5a'
      System info: host: 'nsystem-mbp', ip: 'fe80:0:0:0:ce7:beec:a50b:8367%en0', os.name: 'Mac OS X', os.arch: 'x86_64', os.version: '10.16', java.version: '1.8.0_201'
      Driver info: org.openqa.selenium.chrome.ChromeDriver
      Command: [3992c43eadd9830908e162be0bcabb39, findElement {using=xpath, value=//div[@class='bp4-tab pl-12 pr-12 pb-2 font-bold text-xl lg:ml-60 mx-auto']}]
      Capabilities {acceptInsecureCerts: false, browserName: chrome, browserVersion: 110.0.5481.100, chrome: {chromedriverVersion: 110.0.5481.77 (65ed616c6e8e..., userDataDir: /var/folders/00/xzw63_pj58g...}, goog:chromeOptions: {debuggerAddress: localhost:52657}, javascriptEnabled: true, networkConnectionEnabled: false, pageLoadStrategy: normal, platform: MAC, platformName: MAC, proxy: Proxy(), se:cdp: ws://localhost:52657/devtoo..., se:cdpVersion: 110.0.5481.100, setWindowRect: true, strictFileInteractability: false, timeouts: {implicit: 0, pageLoad: 300000, script: 30000}, unhandledPromptBehavior: dismiss and notify, webauthn:extension:credBlob: true, webauthn:extension:largeBlob: true, webauthn:virtualAuthenticators: true}
      Session ID: 3992c43eadd9830908e162be0bcabb39
      	at sun.reflect.GeneratedConstructorAccessor38.newInstance(Unknown Source)
      	at sun.reflect.DelegatingConstructorAccessorImpl.newInstance(DelegatingConstructorAccessorImpl.java:45)
      	at java.lang.reflect.Constructor.newInstance(Constructor.java:423)
      	at org.openqa.selenium.remote.codec.w3c.W3CHttpResponseCodec.createException(W3CHttpResponseCodec.java:200)
      	at org.openqa.selenium.remote.codec.w3c.W3CHttpResponseCodec.decode(W3CHttpResponseCodec.java:133)
      	at org.openqa.selenium.remote.codec.w3c.W3CHttpResponseCodec.decode(W3CHttpResponseCodec.java:53)
      	at org.openqa.selenium.remote.HttpCommandExecutor.execute(HttpCommandExecutor.java:184)
      	at org.openqa.selenium.remote.service.DriverCommandExecutor.invokeExecute(DriverCommandExecutor.java:167)
      	at org.openqa.selenium.remote.service.DriverCommandExecutor.execute(DriverCommandExecutor.java:142)
      	at org.openqa.selenium.remote.RemoteWebDriver.execute(RemoteWebDriver.java:558)
      	at org.openqa.selenium.remote.ElementLocation$ElementFinder$2.findElement(ElementLocation.java:162)
      	at org.openqa.selenium.remote.ElementLocation.findElement(ElementLocation.java:60)
      	at org.openqa.selenium.remote.RemoteWebDriver.findElement(RemoteWebDriver.java:382)
      	at org.openqa.selenium.remote.RemoteWebDriver.findElement(RemoteWebDriver.java:374)
      	at org.openqa.selenium.support.pagefactory.DefaultElementLocator.findElement(DefaultElementLocator.java:70)
      	at org.openqa.selenium.support.pagefactory.internal.LocatingElementHandler.invoke(LocatingElementHandler.java:39)
      	at com.sun.proxy.$Proxy21.click(Unknown Source)
      	at org.example.pageObject.UpdateTeacherPage.toEditProfile(UpdateTeacherPage.java:327)
      	at step_definitions.UpdateTeacherSteps.userMoveToEditProfile(UpdateTeacherSteps.java:1195)
      	at ✽.And User move to edit profile(features/UpdateTeacher.feature:11)
      &amp#27;[0m
]]></system-out>
  </testcase>
  <testcase name="When Teacher fill all data form" classname="Scenario: Teacher &apos;Perbarui&apos; button with all data form has been filled" time="0">
    <skipped/>
  </testcase>
  <testcase name="Then Teacher click &apos;Perbarui&apos; button" classname="Scenario: Teacher &apos;Perbarui&apos; button with all data form has been filled" time="0">
    <skipped/>
  </testcase>
  <testcase name="Then Teacher click &apos;Perbarui&apos; button" classname="Scenario: Teacher &apos;Perbarui&apos; button with all data form has been filled" time="0">
    <skipped/>
  </testcase>
  <testcase name="Then Teacher click &apos;Perbarui&apos; button" classname="Scenario: Teacher &apos;Perbarui&apos; button with all data form has been filled" time="0">
    <skipped/>
  </testcase>
  <testcase name="Then Teacher click &apos;Perbarui&apos; button" classname="Scenario: Teacher &apos;Perbarui&apos; button with all data form has been filled" time="0">
    <skipped/>
  </testcase>
  <testcase name="Then Teacher click &apos;Perbarui&apos; button" classname="Scenario: Teacher &apos;Perbarui&apos; button with all data form has been filled" time="0">
    <skipped/>
  </testcase>
  <testcase name="Then Teacher click &apos;Perbarui&apos; button" classname="Scenario: Teacher &apos;Perbarui&apos; button with all data form has been filled" time="0">
    <skipped/>
  </testcase>
  <testcase name="Then Teacher click &apos;Perbarui&apos; button" classname="Scenario: Teacher &apos;Perbarui&apos; button with all data form has been filled" time="0">
    <skipped/>
  </testcase>
  <testcase name="Then Teacher click &apos;Perbarui&apos; button" classname="Scenario: Teacher &apos;Perbarui&apos; button with all data form has been filled" time="0">
    <skipped/>
  </testcase>
  <testcase name="Then Teacher click &apos;Perbarui&apos; button" classname="Scenario: Teacher &apos;Perbarui&apos; button with all data form has been filled" time="0">
    <skipped/>
  </testcase>
  <testcase name="Then Teacher click &apos;Perbarui&apos; button" classname="Scenario: Teacher &apos;Perbarui&apos; button with all data form has been filled" time="0">
    <skipped/>
  </testcase>
  <testcase name="Then Teacher click &apos;Perbarui&apos; button" classname="Scenario: Teacher &apos;Perbarui&apos; button with all data form has been filled" time="0">
    <skipped/>
  </testcase>
  <testcase name="Then Teacher click &apos;Perbarui&apos; button" classname="Scenario: Teacher &apos;Perbarui&apos; button with all data form has been filled" time="0">
    <skipped/>
  </testcase>
  <testcase name="Then Teacher click &apos;Perbarui&apos; button" classname="Scenario: Teacher &apos;Perbarui&apos; button with all data form has been filled" time="0">
    <skipped/>
  </testcase>
  <testcase name="Then Teacher click &apos;Perbarui&apos; button" classname="Scenario: Teacher &apos;Perbarui&apos; button with all data form has been filled" time="0">
    <skipped/>
  </testcase>
  <testcase name="Then Teacher click &apos;Perbarui&apos; button" classname="Scenario: Teacher &apos;Perbarui&apos; button with all data form has been filled" time="0">
    <skipped/>
  </testcase>
  <testcase name="When Teacher fill all data form but not on &apos;Tarif / Jam&apos; field" classname="Scenario: Teacher &apos;Perbarui&apos; button with all data form has been filled" time="0">
    <error message="✽.When Teacher fill all data form but not on &apos;Tarif / Jam&apos; field(features/UpdateTeacher.feature:445) matches more than one step definition:&#10;  Teacher fill all data form in UpdateTeacherSteps.teacherFillAllDataForm()&#10;  Teacher fill all data form but not on &apos;Tarif / Jam&apos; field in UpdateTeacherSteps.teacherFillAllDataFormButNotOnTarifJamField()&#10;" type="cucumber.runtime.AmbiguousStepDefinitionsException"><![CDATA[cucumber.runtime.AmbiguousStepDefinitionsException: 
✽.When Teacher fill all data form but not on 'Tarif / Jam' field(features/UpdateTeacher.feature:445) matches more than one step definition:
  Teacher fill all data form in UpdateTeacherSteps.teacherFillAllDataForm()
  Teacher fill all data form but not on 'Tarif / Jam' field in UpdateTeacherSteps.teacherFillAllDataFormButNotOnTarifJamField()

]]></error>
  </testcase>
  <testcase name="When Teacher fill all data form but not on &apos;Specialis Mata Pelajaran&apos; field" classname="Scenario: Teacher &apos;Perbarui&apos; button with all data form has been filled" time="0">
    <error message="✽.When Teacher fill all data form but not on &apos;Specialis Mata Pelajaran&apos; field(features/UpdateTeacher.feature:450) matches more than one step definition:&#10;  Teacher fill all data form in UpdateTeacherSteps.teacherFillAllDataForm()&#10;  Teacher fill all data form but not on &apos;Specialis Mata Pelajaran&apos; field in UpdateTeacherSteps.teacherFillAllDataFormButNotOnSpecialisMataPelajaranField()&#10;" type="cucumber.runtime.AmbiguousStepDefinitionsException"><![CDATA[cucumber.runtime.AmbiguousStepDefinitionsException: 
✽.When Teacher fill all data form but not on 'Specialis Mata Pelajaran' field(features/UpdateTeacher.feature:450) matches more than one step definition:
  Teacher fill all data form in UpdateTeacherSteps.teacherFillAllDataForm()
  Teacher fill all data form but not on 'Specialis Mata Pelajaran' field in UpdateTeacherSteps.teacherFillAllDataFormButNotOnSpecialisMataPelajaranField()

]]></error>
  </testcase>
  <testcase name="When Teacher fill all data form but not on &apos;Jenjang Pendidikan&apos; field" classname="Scenario: Teacher &apos;Perbarui&apos; button with all data form has been filled" time="0">
    <error message="✽.When Teacher fill all data form but not on &apos;Jenjang Pendidikan&apos; field(features/UpdateTeacher.feature:455) matches more than one step definition:&#10;  Teacher fill all data form in UpdateTeacherSteps.teacherFillAllDataForm()&#10;  Teacher fill all data form but not on &apos;Jenjang Pendidikan&apos; field in UpdateTeacherSteps.teacherFillAllDataFormButNotOnJenjangPendidikanField()&#10;" type="cucumber.runtime.AmbiguousStepDefinitionsException"><![CDATA[cucumber.runtime.AmbiguousStepDefinitionsException: 
✽.When Teacher fill all data form but not on 'Jenjang Pendidikan' field(features/UpdateTeacher.feature:455) matches more than one step definition:
  Teacher fill all data form in UpdateTeacherSteps.teacherFillAllDataForm()
  Teacher fill all data form but not on 'Jenjang Pendidikan' field in UpdateTeacherSteps.teacherFillAllDataFormButNotOnJenjangPendidikanField()

]]></error>
  </testcase>
  <testcase name="When Teacher fill all data form but not on &apos;Gelar&apos; field" classname="Scenario: Teacher &apos;Perbarui&apos; button with all data form has been filled" time="0">
    <error message="✽.When Teacher fill all data form but not on &apos;Gelar&apos; field(features/UpdateTeacher.feature:470) matches more than one step definition:&#10;  Teacher fill all data form in UpdateTeacherSteps.teacherFillAllDataForm()&#10;  Teacher fill all data form but not on &apos;Gelar&apos; field in UpdateTeacherSteps.teacherFillAllDataFormButNotOnGelarField()&#10;" type="cucumber.runtime.AmbiguousStepDefinitionsException"><![CDATA[cucumber.runtime.AmbiguousStepDefinitionsException: 
✽.When Teacher fill all data form but not on 'Gelar' field(features/UpdateTeacher.feature:470) matches more than one step definition:
  Teacher fill all data form in UpdateTeacherSteps.teacherFillAllDataForm()
  Teacher fill all data form but not on 'Gelar' field in UpdateTeacherSteps.teacherFillAllDataFormButNotOnGelarField()

]]></error>
  </testcase>
  <testcase name="When Teacher fill all data form but not on &apos;Tentang Saya&apos; field" classname="Scenario: Teacher &apos;Perbarui&apos; button with all data form has been filled" time="0">
    <error message="✽.When Teacher fill all data form but not on &apos;Tentang Saya&apos; field(features/UpdateTeacher.feature:475) matches more than one step definition:&#10;  Teacher fill all data form in UpdateTeacherSteps.teacherFillAllDataForm()&#10;  Teacher fill all data form but not on &apos;Tentang Saya&apos; field in UpdateTeacherSteps.teacherFillAllDataFormButNotOnTentangSayaField()&#10;" type="cucumber.runtime.AmbiguousStepDefinitionsException"><![CDATA[cucumber.runtime.AmbiguousStepDefinitionsException: 
✽.When Teacher fill all data form but not on 'Tentang Saya' field(features/UpdateTeacher.feature:475) matches more than one step definition:
  Teacher fill all data form in UpdateTeacherSteps.teacherFillAllDataForm()
  Teacher fill all data form but not on 'Tentang Saya' field in UpdateTeacherSteps.teacherFillAllDataFormButNotOnTentangSayaField()

]]></error>
  </testcase>
  <testcase name="When Teacher fill all data form but not on &apos;Lokasi Saya&apos; field" classname="Scenario: Teacher &apos;Perbarui&apos; button with all data form has been filled" time="0">
    <error message="✽.When Teacher fill all data form but not on &apos;Lokasi Saya&apos; field(features/UpdateTeacher.feature:480) matches more than one step definition:&#10;  Teacher fill all data form in UpdateTeacherSteps.teacherFillAllDataForm()&#10;  Teacher fill all data form but not on &apos;Lokasi Saya&apos; field in UpdateTeacherSteps.teacherFillAllDataFormButNotOnLokasiSayaField()&#10;" type="cucumber.runtime.AmbiguousStepDefinitionsException"><![CDATA[cucumber.runtime.AmbiguousStepDefinitionsException: 
✽.When Teacher fill all data form but not on 'Lokasi Saya' field(features/UpdateTeacher.feature:480) matches more than one step definition:
  Teacher fill all data form in UpdateTeacherSteps.teacherFillAllDataForm()
  Teacher fill all data form but not on 'Lokasi Saya' field in UpdateTeacherSteps.teacherFillAllDataFormButNotOnLokasiSayaField()

]]></error>
  </testcase>
  <testcase name="When Teacher fill all data form but not on &apos;Offline&apos; button in Ketersediaan field" classname="Scenario: Teacher &apos;Perbarui&apos; button with all data form has been filled" time="0">
    <error message="✽.When Teacher fill all data form but not on &apos;Offline&apos; button in Ketersediaan field(features/UpdateTeacher.feature:485) matches more than one step definition:&#10;  Teacher fill all data form in UpdateTeacherSteps.teacherFillAllDataForm()&#10;  Teacher fill all data form but not on &apos;Offline&apos; button in Ketersediaan field in UpdateTeacherSteps.teacherFillAllDataFormButNotOnOfflineButtonInKetersediaanField()&#10;" type="cucumber.runtime.AmbiguousStepDefinitionsException"><![CDATA[cucumber.runtime.AmbiguousStepDefinitionsException: 
✽.When Teacher fill all data form but not on 'Offline' button in Ketersediaan field(features/UpdateTeacher.feature:485) matches more than one step definition:
  Teacher fill all data form in UpdateTeacherSteps.teacherFillAllDataForm()
  Teacher fill all data form but not on 'Offline' button in Ketersediaan field in UpdateTeacherSteps.teacherFillAllDataFormButNotOnOfflineButtonInKetersediaanField()

]]></error>
  </testcase>
  <testcase name="When Teacher fill all data form but not on &apos;Online&apos; button in Ketersediaan field" classname="Scenario: Teacher &apos;Perbarui&apos; button with all data form has been filled" time="0">
    <error message="✽.When Teacher fill all data form but not on &apos;Online&apos; button in Ketersediaan field(features/UpdateTeacher.feature:490) matches more than one step definition:&#10;  Teacher fill all data form in UpdateTeacherSteps.teacherFillAllDataForm()&#10;  Teacher fill all data form but not on &apos;Online&apos; button in Ketersediaan field in UpdateTeacherSteps.teacherFillAllDataFormButNotOnOnlineButtonInKetersediaanField()&#10;" type="cucumber.runtime.AmbiguousStepDefinitionsException"><![CDATA[cucumber.runtime.AmbiguousStepDefinitionsException: 
✽.When Teacher fill all data form but not on 'Online' button in Ketersediaan field(features/UpdateTeacher.feature:490) matches more than one step definition:
  Teacher fill all data form in UpdateTeacherSteps.teacherFillAllDataForm()
  Teacher fill all data form but not on 'Online' button in Ketersediaan field in UpdateTeacherSteps.teacherFillAllDataFormButNotOnOnlineButtonInKetersediaanField()

]]></error>
  </testcase>
  <testcase name="When Teacher fill all data form but not on &apos;Handphone&apos; field" classname="Scenario: Teacher &apos;Perbarui&apos; button with all data form has been filled" time="0">
    <error message="✽.When Teacher fill all data form but not on &apos;Handphone&apos; field(features/UpdateTeacher.feature:495) matches more than one step definition:&#10;  Teacher fill all data form in UpdateTeacherSteps.teacherFillAllDataForm()&#10;  Teacher fill all data form but not on &apos;Handphone&apos; field in UpdateTeacherSteps.teacherFillAllDataFormButNotOnHandphoneField()&#10;" type="cucumber.runtime.AmbiguousStepDefinitionsException"><![CDATA[cucumber.runtime.AmbiguousStepDefinitionsException: 
✽.When Teacher fill all data form but not on 'Handphone' field(features/UpdateTeacher.feature:495) matches more than one step definition:
  Teacher fill all data form in UpdateTeacherSteps.teacherFillAllDataForm()
  Teacher fill all data form but not on 'Handphone' field in UpdateTeacherSteps.teacherFillAllDataFormButNotOnHandphoneField()

]]></error>
  </testcase>
  <testcase name="When Teacher fill all data form but not on &apos;Email&apos; field" classname="Scenario: Teacher &apos;Perbarui&apos; button with all data form has been filled" time="0">
    <error message="✽.When Teacher fill all data form but not on &apos;Email&apos; field(features/UpdateTeacher.feature:500) matches more than one step definition:&#10;  Teacher fill all data form in UpdateTeacherSteps.teacherFillAllDataForm()&#10;  Teacher fill all data form but not on &apos;Email&apos; field in UpdateTeacherSteps.teacherFillAllDataFormButNotOnEmailField()&#10;" type="cucumber.runtime.AmbiguousStepDefinitionsException"><![CDATA[cucumber.runtime.AmbiguousStepDefinitionsException: 
✽.When Teacher fill all data form but not on 'Email' field(features/UpdateTeacher.feature:500) matches more than one step definition:
  Teacher fill all data form in UpdateTeacherSteps.teacherFillAllDataForm()
  Teacher fill all data form but not on 'Email' field in UpdateTeacherSteps.teacherFillAllDataFormButNotOnEmailField()

]]></error>
  </testcase>
  <testcase name="When Teacher fill all data form but not on &apos;LinkedIn&apos; field" classname="Scenario: Teacher &apos;Perbarui&apos; button with all data form has been filled" time="0">
    <error message="✽.When Teacher fill all data form but not on &apos;LinkedIn&apos; field(features/UpdateTeacher.feature:505) matches more than one step definition:&#10;  Teacher fill all data form in UpdateTeacherSteps.teacherFillAllDataForm()&#10;  Teacher fill all data form but not on &apos;LinkedIn&apos; field in UpdateTeacherSteps.teacherFillAllDataFormButNotOnLinkedInField()&#10;" type="cucumber.runtime.AmbiguousStepDefinitionsException"><![CDATA[cucumber.runtime.AmbiguousStepDefinitionsException: 
✽.When Teacher fill all data form but not on 'LinkedIn' field(features/UpdateTeacher.feature:505) matches more than one step definition:
  Teacher fill all data form in UpdateTeacherSteps.teacherFillAllDataForm()
  Teacher fill all data form but not on 'LinkedIn' field in UpdateTeacherSteps.teacherFillAllDataFormButNotOnLinkedInField()

]]></error>
  </testcase>
  <testcase name="When Teacher fill all data form &apos;Tambah Jadwal Mengajar&apos; but not on Date in &apos;Atur Waktu Mengajar&apos; field" classname="Scenario: Teacher &apos;Perbarui&apos; button with all data form has been filled" time="0">
    <error message="✽.When Teacher fill all data form &apos;Tambah Jadwal Mengajar&apos; but not on Date in &apos;Atur Waktu Mengajar&apos; field(features/UpdateTeacher.feature:515) matches more than one step definition:&#10;  Teacher fill all data form in UpdateTeacherSteps.teacherFillAllDataForm()&#10;  Teacher fill all data form &apos;Tambah Jadwal Mengajar&apos; but not on Date in &apos;Atur Waktu Mengajar&apos; field in UpdateTeacherSteps.teacherFillAllDataFormTambahJadwalMengajarButNotOnDateInAturWaktuMengajarField()&#10;" type="cucumber.runtime.AmbiguousStepDefinitionsException"><![CDATA[cucumber.runtime.AmbiguousStepDefinitionsException: 
✽.When Teacher fill all data form 'Tambah Jadwal Mengajar' but not on Date in 'Atur Waktu Mengajar' field(features/UpdateTeacher.feature:515) matches more than one step definition:
  Teacher fill all data form in UpdateTeacherSteps.teacherFillAllDataForm()
  Teacher fill all data form 'Tambah Jadwal Mengajar' but not on Date in 'Atur Waktu Mengajar' field in UpdateTeacherSteps.teacherFillAllDataFormTambahJadwalMengajarButNotOnDateInAturWaktuMengajarField()

]]></error>
  </testcase>
  <testcase name="When Teacher fill all data form &apos;Tambah Jadwal Mengajar&apos; but not on Hour in &apos;Atur Waktu Mengajar&apos; field" classname="Scenario: Teacher &apos;Perbarui&apos; button with all data form has been filled" time="0">
    <error message="✽.When Teacher fill all data form &apos;Tambah Jadwal Mengajar&apos; but not on Hour in &apos;Atur Waktu Mengajar&apos; field(features/UpdateTeacher.feature:520) matches more than one step definition:&#10;  Teacher fill all data form in UpdateTeacherSteps.teacherFillAllDataForm()&#10;  Teacher fill all data form &apos;Tambah Jadwal Mengajar&apos; but not on Hour in &apos;Atur Waktu Mengajar&apos; field in UpdateTeacherSteps.teacherFillAllDataFormTambahJadwalMengajarButNotOnHourInAturWaktuMengajarField()&#10;" type="cucumber.runtime.AmbiguousStepDefinitionsException"><![CDATA[cucumber.runtime.AmbiguousStepDefinitionsException: 
✽.When Teacher fill all data form 'Tambah Jadwal Mengajar' but not on Hour in 'Atur Waktu Mengajar' field(features/UpdateTeacher.feature:520) matches more than one step definition:
  Teacher fill all data form in UpdateTeacherSteps.teacherFillAllDataForm()
  Teacher fill all data form 'Tambah Jadwal Mengajar' but not on Hour in 'Atur Waktu Mengajar' field in UpdateTeacherSteps.teacherFillAllDataFormTambahJadwalMengajarButNotOnHourInAturWaktuMengajarField()

]]></error>
  </testcase>
  <testcase name="When Teacher fill all data form &apos;Tambah Jadwal Mengajar&apos; but not on Maps in &apos;Atur Tempat Mengajar&apos; field" classname="Scenario: Teacher &apos;Perbarui&apos; button with all data form has been filled" time="0">
    <error message="✽.When Teacher fill all data form &apos;Tambah Jadwal Mengajar&apos; but not on Maps in &apos;Atur Tempat Mengajar&apos; field(features/UpdateTeacher.feature:525) matches more than one step definition:&#10;  Teacher fill all data form in UpdateTeacherSteps.teacherFillAllDataForm()&#10;  Teacher fill all data form &apos;Tambah Jadwal Mengajar&apos; but not on Maps in &apos;Atur Tempat Mengajar&apos; field in UpdateTeacherSteps.teacherFillAllDataFormTambahJadwalMengajarButNotOnMapsInAturTempatMengajarField()&#10;" type="cucumber.runtime.AmbiguousStepDefinitionsException"><![CDATA[cucumber.runtime.AmbiguousStepDefinitionsException: 
✽.When Teacher fill all data form 'Tambah Jadwal Mengajar' but not on Maps in 'Atur Tempat Mengajar' field(features/UpdateTeacher.feature:525) matches more than one step definition:
  Teacher fill all data form in UpdateTeacherSteps.teacherFillAllDataForm()
  Teacher fill all data form 'Tambah Jadwal Mengajar' but not on Maps in 'Atur Tempat Mengajar' field in UpdateTeacherSteps.teacherFillAllDataFormTambahJadwalMengajarButNotOnMapsInAturTempatMengajarField()

]]></error>
  </testcase>
  <testcase name="Given User open the website GuruMu" classname="Scenario: Submit &apos;Perbarui&apos; button with all data form has been filled" time="0">
    <system-out><![CDATA[
  Scenario: Teacher 'Perbarui' button with all data form has been filled  &amp#27;[90m# features/UpdateTeacher.feature:453&amp#27;[0m
    &amp#27;[36mGiven &amp#27;[0m&amp#27;[36mTeacher already on Edit Profile page&amp#27;[0m                            &amp#27;[90m# UpdateTeacherSteps.teacherAlreadyOnEditProfilePage()&amp#27;[0m
    &amp#27;[31mWhen &amp#27;[0m&amp#27;[31mTeacher fill all data form but not on 'Jenjang Pendidikan' field&amp#27;[0m &amp#27;[90m# UpdateTeacherSteps.teacherFillAllDataForm()&amp#27;[0m
      &amp#27;[31mcucumber.runtime.AmbiguousStepDefinitionsException: ✽.When Teacher fill all data form but not on 'Jenjang Pendidikan' field(features/UpdateTeacher.feature:455) matches more than one step definition:
        Teacher fill all data form in UpdateTeacherSteps.teacherFillAllDataForm()
        Teacher fill all data form but not on 'Jenjang Pendidikan' field in UpdateTeacherSteps.teacherFillAllDataFormButNotOnJenjangPendidikanField()
      
      	at cucumber.runtime.RuntimeGlue.stepDefinitionMatch(RuntimeGlue.java:71)
      	at cucumber.runtime.Runtime.runStep(Runtime.java:267)
      	at cucumber.runtime.model.StepContainer.runStep(StepContainer.java:44)
      	at cucumber.runtime.model.StepContainer.runSteps(StepContainer.java:39)
      	at cucumber.runtime.model.CucumberScenario.run(CucumberScenario.java:44)
      	at cucumber.runtime.junit.ExecutionUnitRunner.run(ExecutionUnitRunner.java:102)
      	at cucumber.runtime.junit.FeatureRunner.runChild(FeatureRunner.java:63)
      	at cucumber.runtime.junit.FeatureRunner.runChild(FeatureRunner.java:18)
      	at org.junit.runners.ParentRunner$3.run(ParentRunner.java:238)
      	at org.junit.runners.ParentRunner$1.schedule(ParentRunner.java:63)
      	at org.junit.runners.ParentRunner.runChildren(ParentRunner.java:236)
      	at org.junit.runners.ParentRunner.access$000(ParentRunner.java:53)
      	at org.junit.runners.ParentRunner$2.evaluate(ParentRunner.java:229)
      	at org.junit.runners.ParentRunner.run(ParentRunner.java:309)
      	at cucumber.runtime.junit.FeatureRunner.run(FeatureRunner.java:70)
      	at cucumber.api.junit.Cucumber.runChild(Cucumber.java:95)
      	at cucumber.api.junit.Cucumber.runChild(Cucumber.java:38)
      	at org.junit.runners.ParentRunner$3.run(ParentRunner.java:238)
      	at org.junit.runners.ParentRunner$1.schedule(ParentRunner.java:63)
      	at org.junit.runners.ParentRunner.runChildren(ParentRunner.java:236)
      	at org.junit.runners.ParentRunner.access$000(ParentRunner.java:53)
      	at org.junit.runners.ParentRunner$2.evaluate(ParentRunner.java:229)
      	at org.junit.runners.ParentRunner.run(ParentRunner.java:309)
      	at cucumber.api.junit.Cucumber.run(Cucumber.java:100)
      	at org.apache.maven.surefire.junit4.JUnit4Provider.execute(JUnit4Provider.java:364)
      	at org.apache.maven.surefire.junit4.JUnit4Provider.executeWithRerun(JUnit4Provider.java:272)
      	at org.apache.maven.surefire.junit4.JUnit4Provider.executeTestSet(JUnit4Provider.java:237)
      	at org.apache.maven.surefire.junit4.JUnit4Provider.invoke(JUnit4Provider.java:158)
      	at org.apache.maven.surefire.booter.ForkedBooter.runSuitesInProcess(ForkedBooter.java:428)
      	at org.apache.maven.surefire.booter.ForkedBooter.execute(ForkedBooter.java:162)
      	at org.apache.maven.surefire.booter.ForkedBooter.run(ForkedBooter.java:562)
      	at org.apache.maven.surefire.booter.ForkedBooter.main(ForkedBooter.java:548)
      &amp#27;[0m
    &amp#27;[36mThen &amp#27;[0m&amp#27;[36mTeacher click 'Perbarui' button&amp#27;[0m                                  &amp#27;[90m# UpdateTeacherSteps.teacherClickPerbaruiButton()&amp#27;[0m
]]></system-out>
    <system-err><![CDATA[Starting ChromeDriver 110.0.5481.77 (65ed616c6e8ee3fe0ad64fe83796c020644d42af-refs/branch-heads/5481@{#839}) on port 49310
Only local connections are allowed.
Please see https://chromedriver.chromium.org/security-considerations for suggestions on keeping ChromeDriver safe.
ChromeDriver was started successfully.
[1676556236.627][WARNING]: virtual void DevToolsClientImpl::AddListener(DevToolsEventListener *) subscribing a listener to the already connected DevToolsClient. Connection notification will not arrive.
Feb 16, 2023 9:03:56 PM org.openqa.selenium.remote.ProtocolHandshake createSession
INFO: Detected dialect: W3C
Feb 16, 2023 9:03:56 PM org.openqa.selenium.devtools.CdpVersionFinder findNearestMatch
WARNING: Unable to find an exact match for CDP version 110, so returning the closest version found: a no-op implementation
Feb 16, 2023 9:03:56 PM org.openqa.selenium.devtools.CdpVersionFinder findNearestMatch
INFO: Unable to find CDP implementation matching 110.
Feb 16, 2023 9:03:56 PM org.openqa.selenium.chromium.ChromiumDriver lambda$new$3
WARNING: Unable to find version of CDP to use for . You may need to include a dependency on a specific version of the CDP using something similar to `org.seleniumhq.selenium:selenium-devtools-v86:4.1.2` where the version ("v86") matches the version of the chromium-based browser you're using and the version number of the artifact is the same as Selenium's.
]]></system-err>
  </testcase>
  <testcase name="Given User open the website GuruMu" classname="Scenario: Submit &apos;Perbarui&apos; button with all data form has been filled" time="0">
    <system-out><![CDATA[
  Scenario: Submit 'Perbarui' button with all data form has been filled &amp#27;[90m# features/UpdateTeacher.feature:458&amp#27;[0m
    &amp#27;[36mGiven &amp#27;[0m&amp#27;[36mTeacher already on Edit Profile page&amp#27;[0m                          &amp#27;[90m# UpdateTeacherSteps.teacherAlreadyOnEditProfilePage()&amp#27;[0m
    &amp#27;[31mWhen &amp#27;[0m&amp#27;[31mTeacher fill all data form but not on 'Unggah Ijazah' field&amp#27;[0m    &amp#27;[90m# UpdateTeacherSteps.teacherFillAllDataForm()&amp#27;[0m
      &amp#27;[31mcucumber.runtime.AmbiguousStepDefinitionsException: ✽.When Teacher fill all data form but not on 'Unggah Ijazah' field(features/UpdateTeacher.feature:460) matches more than one step definition:
        Teacher fill all data form in UpdateTeacherSteps.teacherFillAllDataForm()
        Teacher fill all data form but not on 'Unggah Ijazah' field in UpdateTeacherSteps.teacherFillAllDataFormButNotOnUnggahIjazahField()
      
      	at cucumber.runtime.RuntimeGlue.stepDefinitionMatch(RuntimeGlue.java:71)
      	at cucumber.runtime.Runtime.runStep(Runtime.java:267)
      	at cucumber.runtime.model.StepContainer.runStep(StepContainer.java:44)
      	at cucumber.runtime.model.StepContainer.runSteps(StepContainer.java:39)
      	at cucumber.runtime.model.CucumberScenario.run(CucumberScenario.java:44)
      	at cucumber.runtime.junit.ExecutionUnitRunner.run(ExecutionUnitRunner.java:102)
      	at cucumber.runtime.junit.FeatureRunner.runChild(FeatureRunner.java:63)
      	at cucumber.runtime.junit.FeatureRunner.runChild(FeatureRunner.java:18)
      	at org.junit.runners.ParentRunner$3.run(ParentRunner.java:238)
      	at org.junit.runners.ParentRunner$1.schedule(ParentRunner.java:63)
      	at org.junit.runners.ParentRunner.runChildren(ParentRunner.java:236)
      	at org.junit.runners.ParentRunner.access$000(ParentRunner.java:53)
      	at org.junit.runners.ParentRunner$2.evaluate(ParentRunner.java:229)
      	at org.junit.runners.ParentRunner.run(ParentRunner.java:309)
      	at cucumber.runtime.junit.FeatureRunner.run(FeatureRunner.java:70)
      	at cucumber.api.junit.Cucumber.runChild(Cucumber.java:95)
      	at cucumber.api.junit.Cucumber.runChild(Cucumber.java:38)
      	at org.junit.runners.ParentRunner$3.run(ParentRunner.java:238)
      	at org.junit.runners.ParentRunner$1.schedule(ParentRunner.java:63)
      	at org.junit.runners.ParentRunner.runChildren(ParentRunner.java:236)
      	at org.junit.runners.ParentRunner.access$000(ParentRunner.java:53)
      	at org.junit.runners.ParentRunner$2.evaluate(ParentRunner.java:229)
      	at org.junit.runners.ParentRunner.run(ParentRunner.java:309)
      	at cucumber.api.junit.Cucumber.run(Cucumber.java:100)
      	at org.apache.maven.surefire.junit4.JUnit4Provider.execute(JUnit4Provider.java:364)
      	at org.apache.maven.surefire.junit4.JUnit4Provider.executeWithRerun(JUnit4Provider.java:272)
      	at org.apache.maven.surefire.junit4.JUnit4Provider.executeTestSet(JUnit4Provider.java:237)
      	at org.apache.maven.surefire.junit4.JUnit4Provider.invoke(JUnit4Provider.java:158)
      	at org.apache.maven.surefire.booter.ForkedBooter.runSuitesInProcess(ForkedBooter.java:428)
      	at org.apache.maven.surefire.booter.ForkedBooter.execute(ForkedBooter.java:162)
      	at org.apache.maven.surefire.booter.ForkedBooter.run(ForkedBooter.java:562)
      	at org.apache.maven.surefire.booter.ForkedBooter.main(ForkedBooter.java:548)
      &amp#27;[0m
    &amp#27;[36mThen &amp#27;[0m&amp#27;[36mTeacher click 'Perbarui' button&amp#27;[0m                                &amp#27;[90m# UpdateTeacherSteps.teacherClickPerbaruiButton()&amp#27;[0m
]]></system-out>
    <system-err><![CDATA[Starting ChromeDriver 110.0.5481.77 (65ed616c6e8ee3fe0ad64fe83796c020644d42af-refs/branch-heads/5481@{#839}) on port 61867
Only local connections are allowed.
Please see https://chromedriver.chromium.org/security-considerations for suggestions on keeping ChromeDriver safe.
ChromeDriver was started successfully.
[1676556271.304][WARNING]: virtual void DevToolsClientImpl::AddListener(DevToolsEventListener *) subscribing a listener to the already connected DevToolsClient. Connection notification will not arrive.
Feb 16, 2023 9:04:31 PM org.openqa.selenium.remote.ProtocolHandshake createSession
INFO: Detected dialect: W3C
Feb 16, 2023 9:04:31 PM org.openqa.selenium.devtools.CdpVersionFinder findNearestMatch
WARNING: Unable to find an exact match for CDP version 110, so returning the closest version found: a no-op implementation
Feb 16, 2023 9:04:31 PM org.openqa.selenium.devtools.CdpVersionFinder findNearestMatch
INFO: Unable to find CDP implementation matching 110.
Feb 16, 2023 9:04:31 PM org.openqa.selenium.chromium.ChromiumDriver lambda$new$3
WARNING: Unable to find version of CDP to use for . You may need to include a dependency on a specific version of the CDP using something similar to `org.seleniumhq.selenium:selenium-devtools-v86:4.1.2` where the version ("v86") matches the version of the chromium-based browser you're using and the version number of the artifact is the same as Selenium's.
]]></system-err>
  </testcase>
  <testcase name="When User click avatar navigation" classname="Scenario: Submit &apos;Perbarui&apos; button with all data form has been filled" time="0"/>
  <testcase name="When User click avatar navigation" classname="Scenario: Submit &apos;Perbarui&apos; button with all data form has been filled" time="0"/>
  <testcase name="And User click menu Masuk" classname="Scenario: Submit &apos;Perbarui&apos; button with all data form has been filled" time="0"/>
  <testcase name="And User click menu Masuk" classname="Scenario: Submit &apos;Perbarui&apos; button with all data form has been filled" time="0"/>
  <testcase name="And User input &quot;zulfeekei@gmail.com&quot; as email and input &quot;be123&quot; as password" classname="Scenario: Submit &apos;Perbarui&apos; button with all data form has been filled" time="0"/>
  <testcase name="And User input &quot;zulfeekei@gmail.com&quot; as email and input &quot;be123&quot; as password" classname="Scenario: Submit &apos;Perbarui&apos; button with all data form has been filled" time="0"/>
  <testcase name="And User clicked masuk button" classname="Scenario: Submit &apos;Perbarui&apos; button with all data form has been filled" time="0"/>
  <testcase name="And User clicked masuk button" classname="Scenario: Submit &apos;Perbarui&apos; button with all data form has been filled" time="0"/>
  <testcase name="When User move to Profile Page" classname="Scenario: Submit &apos;Perbarui&apos; button with all data form has been filled" time="0"/>
  <testcase name="When User move to Profile Page" classname="Scenario: Submit &apos;Perbarui&apos; button with all data form has been filled" time="0"/>
  <testcase name="And User move to edit profile" classname="Scenario: Submit &apos;Perbarui&apos; button with all data form has been filled" time="0.004">
    <error message="no such element: Unable to locate element: {&quot;method&quot;:&quot;xpath&quot;,&quot;selector&quot;:&quot;//div[@class=&apos;bp4-tab pl-12 pr-12 pb-2 font-bold text-xl lg:ml-60 mx-auto&apos;]&quot;}&#10;  (Session info: chrome=110.0.5481.100)&#10;For documentation on this error, please visit: https://selenium.dev/exceptions/#no_such_element&#10;Build info: version: &apos;4.1.2&apos;, revision: &apos;9a5a329c5a&apos;&#10;System info: host: &apos;nsystem-mbp&apos;, ip: &apos;fe80:0:0:0:ce7:beec:a50b:8367%en0&apos;, os.name: &apos;Mac OS X&apos;, os.arch: &apos;x86_64&apos;, os.version: &apos;10.16&apos;, java.version: &apos;1.8.0_201&apos;&#10;Driver info: org.openqa.selenium.chrome.ChromeDriver&#10;Command: [abb0a18f52761245781a807af466bcdc, findElement {using=xpath, value=//div[@class=&apos;bp4-tab pl-12 pr-12 pb-2 font-bold text-xl lg:ml-60 mx-auto&apos;]}]&#10;Capabilities {acceptInsecureCerts: false, browserName: chrome, browserVersion: 110.0.5481.100, chrome: {chromedriverVersion: 110.0.5481.77 (65ed616c6e8e..., userDataDir: /var/folders/00/xzw63_pj58g...}, goog:chromeOptions: {debuggerAddress: localhost:52336}, javascriptEnabled: true, networkConnectionEnabled: false, pageLoadStrategy: normal, platform: MAC, platformName: MAC, proxy: Proxy(), se:cdp: ws://localhost:52336/devtoo..., se:cdpVersion: 110.0.5481.100, setWindowRect: true, strictFileInteractability: false, timeouts: {implicit: 0, pageLoad: 300000, script: 30000}, unhandledPromptBehavior: dismiss and notify, webauthn:extension:credBlob: true, webauthn:extension:largeBlob: true, webauthn:virtualAuthenticators: true}&#10;Session ID: abb0a18f52761245781a807af466bcdc" type="org.openqa.selenium.NoSuchElementException"><![CDATA[org.openqa.selenium.NoSuchElementException: 
no such element: Unable to locate element: {"method":"xpath","selector":"//div[@class='bp4-tab pl-12 pr-12 pb-2 font-bold text-xl lg:ml-60 mx-auto']"}
  (Session info: chrome=110.0.5481.100)
For documentation on this error, please visit: https://selenium.dev/exceptions/#no_such_element
Build info: version: '4.1.2', revision: '9a5a329c5a'
System info: host: 'nsystem-mbp', ip: 'fe80:0:0:0:ce7:beec:a50b:8367%en0', os.name: 'Mac OS X', os.arch: 'x86_64', os.version: '10.16', java.version: '1.8.0_201'
Driver info: org.openqa.selenium.chrome.ChromeDriver
Command: [abb0a18f52761245781a807af466bcdc, findElement {using=xpath, value=//div[@class='bp4-tab pl-12 pr-12 pb-2 font-bold text-xl lg:ml-60 mx-auto']}]
Capabilities {acceptInsecureCerts: false, browserName: chrome, browserVersion: 110.0.5481.100, chrome: {chromedriverVersion: 110.0.5481.77 (65ed616c6e8e..., userDataDir: /var/folders/00/xzw63_pj58g...}, goog:chromeOptions: {debuggerAddress: localhost:52336}, javascriptEnabled: true, networkConnectionEnabled: false, pageLoadStrategy: normal, platform: MAC, platformName: MAC, proxy: Proxy(), se:cdp: ws://localhost:52336/devtoo..., se:cdpVersion: 110.0.5481.100, setWindowRect: true, strictFileInteractability: false, timeouts: {implicit: 0, pageLoad: 300000, script: 30000}, unhandledPromptBehavior: dismiss and notify, webauthn:extension:credBlob: true, webauthn:extension:largeBlob: true, webauthn:virtualAuthenticators: true}
Session ID: abb0a18f52761245781a807af466bcdc
]]></error>
  </testcase>
  <testcase name="And User move to edit profile" classname="Scenario: Submit &apos;Perbarui&apos; button with all data form has been filled" time="0.003">
    <error message="no such element: Unable to locate element: {&quot;method&quot;:&quot;xpath&quot;,&quot;selector&quot;:&quot;//div[@class=&apos;bp4-tab pl-12 pr-12 pb-2 font-bold text-xl lg:ml-60 mx-auto&apos;]&quot;}&#10;  (Session info: chrome=110.0.5481.100)&#10;For documentation on this error, please visit: https://selenium.dev/exceptions/#no_such_element&#10;Build info: version: &apos;4.1.2&apos;, revision: &apos;9a5a329c5a&apos;&#10;System info: host: &apos;nsystem-mbp&apos;, ip: &apos;fe80:0:0:0:ce7:beec:a50b:8367%en0&apos;, os.name: &apos;Mac OS X&apos;, os.arch: &apos;x86_64&apos;, os.version: &apos;10.16&apos;, java.version: &apos;1.8.0_201&apos;&#10;Driver info: org.openqa.selenium.chrome.ChromeDriver&#10;Command: [e4b5670bb924ef3559d318011279e1e3, findElement {using=xpath, value=//div[@class=&apos;bp4-tab pl-12 pr-12 pb-2 font-bold text-xl lg:ml-60 mx-auto&apos;]}]&#10;Capabilities {acceptInsecureCerts: false, browserName: chrome, browserVersion: 110.0.5481.100, chrome: {chromedriverVersion: 110.0.5481.77 (65ed616c6e8e..., userDataDir: /var/folders/00/xzw63_pj58g...}, goog:chromeOptions: {debuggerAddress: localhost:52360}, javascriptEnabled: true, networkConnectionEnabled: false, pageLoadStrategy: normal, platform: MAC, platformName: MAC, proxy: Proxy(), se:cdp: ws://localhost:52360/devtoo..., se:cdpVersion: 110.0.5481.100, setWindowRect: true, strictFileInteractability: false, timeouts: {implicit: 0, pageLoad: 300000, script: 30000}, unhandledPromptBehavior: dismiss and notify, webauthn:extension:credBlob: true, webauthn:extension:largeBlob: true, webauthn:virtualAuthenticators: true}&#10;Session ID: e4b5670bb924ef3559d318011279e1e3" type="org.openqa.selenium.NoSuchElementException"><![CDATA[org.openqa.selenium.NoSuchElementException: 
no such element: Unable to locate element: {"method":"xpath","selector":"//div[@class='bp4-tab pl-12 pr-12 pb-2 font-bold text-xl lg:ml-60 mx-auto']"}
  (Session info: chrome=110.0.5481.100)
For documentation on this error, please visit: https://selenium.dev/exceptions/#no_such_element
Build info: version: '4.1.2', revision: '9a5a329c5a'
System info: host: 'nsystem-mbp', ip: 'fe80:0:0:0:ce7:beec:a50b:8367%en0', os.name: 'Mac OS X', os.arch: 'x86_64', os.version: '10.16', java.version: '1.8.0_201'
Driver info: org.openqa.selenium.chrome.ChromeDriver
Command: [e4b5670bb924ef3559d318011279e1e3, findElement {using=xpath, value=//div[@class='bp4-tab pl-12 pr-12 pb-2 font-bold text-xl lg:ml-60 mx-auto']}]
Capabilities {acceptInsecureCerts: false, browserName: chrome, browserVersion: 110.0.5481.100, chrome: {chromedriverVersion: 110.0.5481.77 (65ed616c6e8e..., userDataDir: /var/folders/00/xzw63_pj58g...}, goog:chromeOptions: {debuggerAddress: localhost:52360}, javascriptEnabled: true, networkConnectionEnabled: false, pageLoadStrategy: normal, platform: MAC, platformName: MAC, proxy: Proxy(), se:cdp: ws://localhost:52360/devtoo..., se:cdpVersion: 110.0.5481.100, setWindowRect: true, strictFileInteractability: false, timeouts: {implicit: 0, pageLoad: 300000, script: 30000}, unhandledPromptBehavior: dismiss and notify, webauthn:extension:credBlob: true, webauthn:extension:largeBlob: true, webauthn:virtualAuthenticators: true}
Session ID: e4b5670bb924ef3559d318011279e1e3
]]></error>
  </testcase>
  <testcase name="" classname="Scenario: Submit &apos;Perbarui&apos; button with all data form has been filled" time="0.005">
    <error message="no such element: Unable to locate element: {&quot;method&quot;:&quot;xpath&quot;,&quot;selector&quot;:&quot;//div[@class=&apos;bp4-tab pl-12 pr-12 pb-2 font-bold text-xl lg:ml-60 mx-auto&apos;]&quot;}&#10;  (Session info: chrome=110.0.5481.100)&#10;For documentation on this error, please visit: https://selenium.dev/exceptions/#no_such_element&#10;Build info: version: &apos;4.1.2&apos;, revision: &apos;9a5a329c5a&apos;&#10;System info: host: &apos;nsystem-mbp&apos;, ip: &apos;fe80:0:0:0:ce7:beec:a50b:8367%en0&apos;, os.name: &apos;Mac OS X&apos;, os.arch: &apos;x86_64&apos;, os.version: &apos;10.16&apos;, java.version: &apos;1.8.0_201&apos;&#10;Driver info: org.openqa.selenium.chrome.ChromeDriver&#10;Command: [abb0a18f52761245781a807af466bcdc, findElement {using=xpath, value=//div[@class=&apos;bp4-tab pl-12 pr-12 pb-2 font-bold text-xl lg:ml-60 mx-auto&apos;]}]&#10;Capabilities {acceptInsecureCerts: false, browserName: chrome, browserVersion: 110.0.5481.100, chrome: {chromedriverVersion: 110.0.5481.77 (65ed616c6e8e..., userDataDir: /var/folders/00/xzw63_pj58g...}, goog:chromeOptions: {debuggerAddress: localhost:52336}, javascriptEnabled: true, networkConnectionEnabled: false, pageLoadStrategy: normal, platform: MAC, platformName: MAC, proxy: Proxy(), se:cdp: ws://localhost:52336/devtoo..., se:cdpVersion: 110.0.5481.100, setWindowRect: true, strictFileInteractability: false, timeouts: {implicit: 0, pageLoad: 300000, script: 30000}, unhandledPromptBehavior: dismiss and notify, webauthn:extension:credBlob: true, webauthn:extension:largeBlob: true, webauthn:virtualAuthenticators: true}&#10;Session ID: abb0a18f52761245781a807af466bcdc" type="org.openqa.selenium.NoSuchElementException"><![CDATA[org.openqa.selenium.NoSuchElementException: 
no such element: Unable to locate element: {"method":"xpath","selector":"//div[@class='bp4-tab pl-12 pr-12 pb-2 font-bold text-xl lg:ml-60 mx-auto']"}
  (Session info: chrome=110.0.5481.100)
For documentation on this error, please visit: https://selenium.dev/exceptions/#no_such_element
Build info: version: '4.1.2', revision: '9a5a329c5a'
System info: host: 'nsystem-mbp', ip: 'fe80:0:0:0:ce7:beec:a50b:8367%en0', os.name: 'Mac OS X', os.arch: 'x86_64', os.version: '10.16', java.version: '1.8.0_201'
Driver info: org.openqa.selenium.chrome.ChromeDriver
Command: [abb0a18f52761245781a807af466bcdc, findElement {using=xpath, value=//div[@class='bp4-tab pl-12 pr-12 pb-2 font-bold text-xl lg:ml-60 mx-auto']}]
Capabilities {acceptInsecureCerts: false, browserName: chrome, browserVersion: 110.0.5481.100, chrome: {chromedriverVersion: 110.0.5481.77 (65ed616c6e8e..., userDataDir: /var/folders/00/xzw63_pj58g...}, goog:chromeOptions: {debuggerAddress: localhost:52336}, javascriptEnabled: true, networkConnectionEnabled: false, pageLoadStrategy: normal, platform: MAC, platformName: MAC, proxy: Proxy(), se:cdp: ws://localhost:52336/devtoo..., se:cdpVersion: 110.0.5481.100, setWindowRect: true, strictFileInteractability: false, timeouts: {implicit: 0, pageLoad: 300000, script: 30000}, unhandledPromptBehavior: dismiss and notify, webauthn:extension:credBlob: true, webauthn:extension:largeBlob: true, webauthn:virtualAuthenticators: true}
Session ID: abb0a18f52761245781a807af466bcdc
]]></error>
  </testcase>
  <testcase name="" classname="Scenario: Submit &apos;Perbarui&apos; button with all data form has been filled" time="0">
    <error message="✽.When Teacher fill all data form but not on &apos;Unggah Ijazah&apos; field(features/UpdateTeacher.feature:460) matches more than one step definition:&#10;  Teacher fill all data form in UpdateTeacherSteps.teacherFillAllDataForm()&#10;  Teacher fill all data form but not on &apos;Unggah Ijazah&apos; field in UpdateTeacherSteps.teacherFillAllDataFormButNotOnUnggahIjazahField()&#10;" type="cucumber.runtime.AmbiguousStepDefinitionsException"><![CDATA[cucumber.runtime.AmbiguousStepDefinitionsException: 
✽.When Teacher fill all data form but not on 'Unggah Ijazah' field(features/UpdateTeacher.feature:460) matches more than one step definition:
  Teacher fill all data form in UpdateTeacherSteps.teacherFillAllDataForm()
  Teacher fill all data form but not on 'Unggah Ijazah' field in UpdateTeacherSteps.teacherFillAllDataFormButNotOnUnggahIjazahField()

]]></error>
  </testcase>
  <testcase name="" classname="Scenario: Submit &apos;Perbarui&apos; button with all data form has been filled" time="0.004">
    <error message="no such element: Unable to locate element: {&quot;method&quot;:&quot;xpath&quot;,&quot;selector&quot;:&quot;//div[@class=&apos;bp4-tab pl-12 pr-12 pb-2 font-bold text-xl lg:ml-60 mx-auto&apos;]&quot;}&#10;  (Session info: chrome=110.0.5481.100)&#10;For documentation on this error, please visit: https://selenium.dev/exceptions/#no_such_element&#10;Build info: version: &apos;4.1.2&apos;, revision: &apos;9a5a329c5a&apos;&#10;System info: host: &apos;nsystem-mbp&apos;, ip: &apos;fe80:0:0:0:ce7:beec:a50b:8367%en0&apos;, os.name: &apos;Mac OS X&apos;, os.arch: &apos;x86_64&apos;, os.version: &apos;10.16&apos;, java.version: &apos;1.8.0_201&apos;&#10;Driver info: org.openqa.selenium.chrome.ChromeDriver&#10;Command: [e4b5670bb924ef3559d318011279e1e3, findElement {using=xpath, value=//div[@class=&apos;bp4-tab pl-12 pr-12 pb-2 font-bold text-xl lg:ml-60 mx-auto&apos;]}]&#10;Capabilities {acceptInsecureCerts: false, browserName: chrome, browserVersion: 110.0.5481.100, chrome: {chromedriverVersion: 110.0.5481.77 (65ed616c6e8e..., userDataDir: /var/folders/00/xzw63_pj58g...}, goog:chromeOptions: {debuggerAddress: localhost:52360}, javascriptEnabled: true, networkConnectionEnabled: false, pageLoadStrategy: normal, platform: MAC, platformName: MAC, proxy: Proxy(), se:cdp: ws://localhost:52360/devtoo..., se:cdpVersion: 110.0.5481.100, setWindowRect: true, strictFileInteractability: false, timeouts: {implicit: 0, pageLoad: 300000, script: 30000}, unhandledPromptBehavior: dismiss and notify, webauthn:extension:credBlob: true, webauthn:extension:largeBlob: true, webauthn:virtualAuthenticators: true}&#10;Session ID: e4b5670bb924ef3559d318011279e1e3" type="org.openqa.selenium.NoSuchElementException"><![CDATA[org.openqa.selenium.NoSuchElementException: 
no such element: Unable to locate element: {"method":"xpath","selector":"//div[@class='bp4-tab pl-12 pr-12 pb-2 font-bold text-xl lg:ml-60 mx-auto']"}
  (Session info: chrome=110.0.5481.100)
For documentation on this error, please visit: https://selenium.dev/exceptions/#no_such_element
Build info: version: '4.1.2', revision: '9a5a329c5a'
System info: host: 'nsystem-mbp', ip: 'fe80:0:0:0:ce7:beec:a50b:8367%en0', os.name: 'Mac OS X', os.arch: 'x86_64', os.version: '10.16', java.version: '1.8.0_201'
Driver info: org.openqa.selenium.chrome.ChromeDriver
Command: [e4b5670bb924ef3559d318011279e1e3, findElement {using=xpath, value=//div[@class='bp4-tab pl-12 pr-12 pb-2 font-bold text-xl lg:ml-60 mx-auto']}]
Capabilities {acceptInsecureCerts: false, browserName: chrome, browserVersion: 110.0.5481.100, chrome: {chromedriverVersion: 110.0.5481.77 (65ed616c6e8e..., userDataDir: /var/folders/00/xzw63_pj58g...}, goog:chromeOptions: {debuggerAddress: localhost:52360}, javascriptEnabled: true, networkConnectionEnabled: false, pageLoadStrategy: normal, platform: MAC, platformName: MAC, proxy: Proxy(), se:cdp: ws://localhost:52360/devtoo..., se:cdpVersion: 110.0.5481.100, setWindowRect: true, strictFileInteractability: false, timeouts: {implicit: 0, pageLoad: 300000, script: 30000}, unhandledPromptBehavior: dismiss and notify, webauthn:extension:credBlob: true, webauthn:extension:largeBlob: true, webauthn:virtualAuthenticators: true}
Session ID: e4b5670bb924ef3559d318011279e1e3
]]></error>
  </testcase>
  <testcase name="" classname="Scenario: Submit &apos;Perbarui&apos; button with all data form has been filled" time="0">
    <error message="✽.When Teacher fill all data form but not on &apos;Unggah Foto&apos; field(features/UpdateTeacher.feature:465) matches more than one step definition:&#10;  Teacher fill all data form in UpdateTeacherSteps.teacherFillAllDataForm()&#10;  Teacher fill all data form but not on &apos;Unggah Foto&apos; field in UpdateTeacherSteps.teacherFillAllDataFormButNotOnUnggahFotoField()&#10;" type="cucumber.runtime.AmbiguousStepDefinitionsException"><![CDATA[cucumber.runtime.AmbiguousStepDefinitionsException: 
✽.When Teacher fill all data form but not on 'Unggah Foto' field(features/UpdateTeacher.feature:465) matches more than one step definition:
  Teacher fill all data form in UpdateTeacherSteps.teacherFillAllDataForm()
  Teacher fill all data form but not on 'Unggah Foto' field in UpdateTeacherSteps.teacherFillAllDataFormButNotOnUnggahFotoField()

]]></error>
  </testcase>
  <testcase name="Given Teacher already on Edit Profile page" classname="Scenario: Submit &apos;Perbarui&apos; button with all data form has been filled" time="0">
    <skipped/>
    <system-out><![CDATA[
  Background:                                                                   &amp#27;[90m# features/UpdateTeacher.feature:4&amp#27;[0m
    &amp#27;[32mGiven &amp#27;[0m&amp#27;[32mUser open the website GuruMu&amp#27;[0m                                          &amp#27;[90m# LoginSteps.userOpenTheWebsiteGuruMu()&amp#27;[0m
    &amp#27;[32mWhen &amp#27;[0m&amp#27;[32mUser click avatar navigation&amp#27;[0m                                           &amp#27;[90m# LoginSteps.userClickAvatarNavigation()&amp#27;[0m
    &amp#27;[32mAnd &amp#27;[0m&amp#27;[32mUser click menu Masuk&amp#27;[0m                                                   &amp#27;[90m# LoginSteps.userClickMenuMasuk()&amp#27;[0m
    &amp#27;[32mAnd &amp#27;[0m&amp#27;[32mUser input "&amp#27;[0m&amp#27;[32m&amp#27;[1mzulfeekei@gmail.com&amp#27;[0m&amp#27;[32m" as email and input "&amp#27;[0m&amp#27;[32m&amp#27;[1mbe123&amp#27;[0m&amp#27;[32m" as password&amp#27;[0m &amp#27;[90m# LoginSteps.inputCredential(String,String)&amp#27;[0m
    &amp#27;[32mAnd &amp#27;[0m&amp#27;[32mUser clicked masuk button&amp#27;[0m                                               &amp#27;[90m# LoginSteps.userClickMasukButton()&amp#27;[0m
    &amp#27;[32mWhen &amp#27;[0m&amp#27;[32mUser move to Profile Page&amp#27;[0m                                              &amp#27;[90m# PenilaianUlasanSteps.userMoveToProfilePage()&amp#27;[0m
    &amp#27;[31mAnd &amp#27;[0m&amp#27;[31mUser move to edit profile&amp#27;[0m                                               &amp#27;[90m# UpdateTeacherSteps.userMoveToEditProfile()&amp#27;[0m
      &amp#27;[31morg.openqa.selenium.NoSuchElementException: no such element: Unable to locate element: {"method":"xpath","selector":"//div[@class='bp4-tab pl-12 pr-12 pb-2 font-bold text-xl lg:ml-60 mx-auto']"}
        (Session info: chrome=110.0.5481.100)
      For documentation on this error, please visit: https://selenium.dev/exceptions/#no_such_element
      Build info: version: '4.1.2', revision: '9a5a329c5a'
      System info: host: 'nsystem-mbp', ip: 'fe80:0:0:0:ce7:beec:a50b:8367%en0', os.name: 'Mac OS X', os.arch: 'x86_64', os.version: '10.16', java.version: '1.8.0_201'
      Driver info: org.openqa.selenium.chrome.ChromeDriver
      Command: [abb0a18f52761245781a807af466bcdc, findElement {using=xpath, value=//div[@class='bp4-tab pl-12 pr-12 pb-2 font-bold text-xl lg:ml-60 mx-auto']}]
      Capabilities {acceptInsecureCerts: false, browserName: chrome, browserVersion: 110.0.5481.100, chrome: {chromedriverVersion: 110.0.5481.77 (65ed616c6e8e..., userDataDir: /var/folders/00/xzw63_pj58g...}, goog:chromeOptions: {debuggerAddress: localhost:52336}, javascriptEnabled: true, networkConnectionEnabled: false, pageLoadStrategy: normal, platform: MAC, platformName: MAC, proxy: Proxy(), se:cdp: ws://localhost:52336/devtoo..., se:cdpVersion: 110.0.5481.100, setWindowRect: true, strictFileInteractability: false, timeouts: {implicit: 0, pageLoad: 300000, script: 30000}, unhandledPromptBehavior: dismiss and notify, webauthn:extension:credBlob: true, webauthn:extension:largeBlob: true, webauthn:virtualAuthenticators: true}
      Session ID: abb0a18f52761245781a807af466bcdc
      	at sun.reflect.GeneratedConstructorAccessor38.newInstance(Unknown Source)
      	at sun.reflect.DelegatingConstructorAccessorImpl.newInstance(DelegatingConstructorAccessorImpl.java:45)
      	at java.lang.reflect.Constructor.newInstance(Constructor.java:423)
      	at org.openqa.selenium.remote.codec.w3c.W3CHttpResponseCodec.createException(W3CHttpResponseCodec.java:200)
      	at org.openqa.selenium.remote.codec.w3c.W3CHttpResponseCodec.decode(W3CHttpResponseCodec.java:133)
      	at org.openqa.selenium.remote.codec.w3c.W3CHttpResponseCodec.decode(W3CHttpResponseCodec.java:53)
      	at org.openqa.selenium.remote.HttpCommandExecutor.execute(HttpCommandExecutor.java:184)
      	at org.openqa.selenium.remote.service.DriverCommandExecutor.invokeExecute(DriverCommandExecutor.java:167)
      	at org.openqa.selenium.remote.service.DriverCommandExecutor.execute(DriverCommandExecutor.java:142)
      	at org.openqa.selenium.remote.RemoteWebDriver.execute(RemoteWebDriver.java:558)
      	at org.openqa.selenium.remote.ElementLocation$ElementFinder$2.findElement(ElementLocation.java:162)
      	at org.openqa.selenium.remote.ElementLocation.findElement(ElementLocation.java:60)
      	at org.openqa.selenium.remote.RemoteWebDriver.findElement(RemoteWebDriver.java:382)
      	at org.openqa.selenium.remote.RemoteWebDriver.findElement(RemoteWebDriver.java:374)
      	at org.openqa.selenium.support.pagefactory.DefaultElementLocator.findElement(DefaultElementLocator.java:70)
      	at org.openqa.selenium.support.pagefactory.internal.LocatingElementHandler.invoke(LocatingElementHandler.java:39)
      	at com.sun.proxy.$Proxy21.click(Unknown Source)
      	at org.example.pageObject.UpdateTeacherPage.toEditProfile(UpdateTeacherPage.java:327)
      	at step_definitions.UpdateTeacherSteps.userMoveToEditProfile(UpdateTeacherSteps.java:1195)
      	at ✽.And User move to edit profile(features/UpdateTeacher.feature:11)
      &amp#27;[0m
]]></system-out>
  </testcase>
  <testcase name="Given Teacher already on Edit Profile page" classname="Scenario: Submit &apos;Perbarui&apos; button with all data form has been filled" time="0">
    <skipped/>
    <system-out><![CDATA[
  Background:                                                                   &amp#27;[90m# features/UpdateTeacher.feature:4&amp#27;[0m
    &amp#27;[32mGiven &amp#27;[0m&amp#27;[32mUser open the website GuruMu&amp#27;[0m                                          &amp#27;[90m# LoginSteps.userOpenTheWebsiteGuruMu()&amp#27;[0m
    &amp#27;[32mWhen &amp#27;[0m&amp#27;[32mUser click avatar navigation&amp#27;[0m                                           &amp#27;[90m# LoginSteps.userClickAvatarNavigation()&amp#27;[0m
    &amp#27;[32mAnd &amp#27;[0m&amp#27;[32mUser click menu Masuk&amp#27;[0m                                                   &amp#27;[90m# LoginSteps.userClickMenuMasuk()&amp#27;[0m
    &amp#27;[32mAnd &amp#27;[0m&amp#27;[32mUser input "&amp#27;[0m&amp#27;[32m&amp#27;[1mzulfeekei@gmail.com&amp#27;[0m&amp#27;[32m" as email and input "&amp#27;[0m&amp#27;[32m&amp#27;[1mbe123&amp#27;[0m&amp#27;[32m" as password&amp#27;[0m &amp#27;[90m# LoginSteps.inputCredential(String,String)&amp#27;[0m
    &amp#27;[32mAnd &amp#27;[0m&amp#27;[32mUser clicked masuk button&amp#27;[0m                                               &amp#27;[90m# LoginSteps.userClickMasukButton()&amp#27;[0m
    &amp#27;[32mWhen &amp#27;[0m&amp#27;[32mUser move to Profile Page&amp#27;[0m                                              &amp#27;[90m# PenilaianUlasanSteps.userMoveToProfilePage()&amp#27;[0m
    &amp#27;[31mAnd &amp#27;[0m&amp#27;[31mUser move to edit profile&amp#27;[0m                                               &amp#27;[90m# UpdateTeacherSteps.userMoveToEditProfile()&amp#27;[0m
      &amp#27;[31morg.openqa.selenium.NoSuchElementException: no such element: Unable to locate element: {"method":"xpath","selector":"//div[@class='bp4-tab pl-12 pr-12 pb-2 font-bold text-xl lg:ml-60 mx-auto']"}
        (Session info: chrome=110.0.5481.100)
      For documentation on this error, please visit: https://selenium.dev/exceptions/#no_such_element
      Build info: version: '4.1.2', revision: '9a5a329c5a'
      System info: host: 'nsystem-mbp', ip: 'fe80:0:0:0:ce7:beec:a50b:8367%en0', os.name: 'Mac OS X', os.arch: 'x86_64', os.version: '10.16', java.version: '1.8.0_201'
      Driver info: org.openqa.selenium.chrome.ChromeDriver
      Command: [e4b5670bb924ef3559d318011279e1e3, findElement {using=xpath, value=//div[@class='bp4-tab pl-12 pr-12 pb-2 font-bold text-xl lg:ml-60 mx-auto']}]
      Capabilities {acceptInsecureCerts: false, browserName: chrome, browserVersion: 110.0.5481.100, chrome: {chromedriverVersion: 110.0.5481.77 (65ed616c6e8e..., userDataDir: /var/folders/00/xzw63_pj58g...}, goog:chromeOptions: {debuggerAddress: localhost:52360}, javascriptEnabled: true, networkConnectionEnabled: false, pageLoadStrategy: normal, platform: MAC, platformName: MAC, proxy: Proxy(), se:cdp: ws://localhost:52360/devtoo..., se:cdpVersion: 110.0.5481.100, setWindowRect: true, strictFileInteractability: false, timeouts: {implicit: 0, pageLoad: 300000, script: 30000}, unhandledPromptBehavior: dismiss and notify, webauthn:extension:credBlob: true, webauthn:extension:largeBlob: true, webauthn:virtualAuthenticators: true}
      Session ID: e4b5670bb924ef3559d318011279e1e3
      	at sun.reflect.GeneratedConstructorAccessor38.newInstance(Unknown Source)
      	at sun.reflect.DelegatingConstructorAccessorImpl.newInstance(DelegatingConstructorAccessorImpl.java:45)
      	at java.lang.reflect.Constructor.newInstance(Constructor.java:423)
      	at org.openqa.selenium.remote.codec.w3c.W3CHttpResponseCodec.createException(W3CHttpResponseCodec.java:200)
      	at org.openqa.selenium.remote.codec.w3c.W3CHttpResponseCodec.decode(W3CHttpResponseCodec.java:133)
      	at org.openqa.selenium.remote.codec.w3c.W3CHttpResponseCodec.decode(W3CHttpResponseCodec.java:53)
      	at org.openqa.selenium.remote.HttpCommandExecutor.execute(HttpCommandExecutor.java:184)
      	at org.openqa.selenium.remote.service.DriverCommandExecutor.invokeExecute(DriverCommandExecutor.java:167)
      	at org.openqa.selenium.remote.service.DriverCommandExecutor.execute(DriverCommandExecutor.java:142)
      	at org.openqa.selenium.remote.RemoteWebDriver.execute(RemoteWebDriver.java:558)
      	at org.openqa.selenium.remote.ElementLocation$ElementFinder$2.findElement(ElementLocation.java:162)
      	at org.openqa.selenium.remote.ElementLocation.findElement(ElementLocation.java:60)
      	at org.openqa.selenium.remote.RemoteWebDriver.findElement(RemoteWebDriver.java:382)
      	at org.openqa.selenium.remote.RemoteWebDriver.findElement(RemoteWebDriver.java:374)
      	at org.openqa.selenium.support.pagefactory.DefaultElementLocator.findElement(DefaultElementLocator.java:70)
      	at org.openqa.selenium.support.pagefactory.internal.LocatingElementHandler.invoke(LocatingElementHandler.java:39)
      	at com.sun.proxy.$Proxy21.click(Unknown Source)
      	at org.example.pageObject.UpdateTeacherPage.toEditProfile(UpdateTeacherPage.java:327)
      	at step_definitions.UpdateTeacherSteps.userMoveToEditProfile(UpdateTeacherSteps.java:1195)
      	at ✽.And User move to edit profile(features/UpdateTeacher.feature:11)
      &amp#27;[0m
]]></system-out>
  </testcase>
  <testcase name="When Teacher fill all data form but not on &apos;Unggah Ijazah&apos; field" classname="Scenario: Submit &apos;Perbarui&apos; button with all data form has been filled" time="0">
    <error message="✽.When Teacher fill all data form but not on &apos;Unggah Ijazah&apos; field(features/UpdateTeacher.feature:460) matches more than one step definition:&#10;  Teacher fill all data form in UpdateTeacherSteps.teacherFillAllDataForm()&#10;  Teacher fill all data form but not on &apos;Unggah Ijazah&apos; field in UpdateTeacherSteps.teacherFillAllDataFormButNotOnUnggahIjazahField()&#10;" type="cucumber.runtime.AmbiguousStepDefinitionsException"><![CDATA[cucumber.runtime.AmbiguousStepDefinitionsException: 
✽.When Teacher fill all data form but not on 'Unggah Ijazah' field(features/UpdateTeacher.feature:460) matches more than one step definition:
  Teacher fill all data form in UpdateTeacherSteps.teacherFillAllDataForm()
  Teacher fill all data form but not on 'Unggah Ijazah' field in UpdateTeacherSteps.teacherFillAllDataFormButNotOnUnggahIjazahField()

]]></error>
  </testcase>
  <testcase name="Then Teacher click &apos;Perbarui&apos; button" classname="Scenario: Submit &apos;Perbarui&apos; button with all data form has been filled" time="0">
    <skipped/>
  </testcase>
  <testcase name="Then Teacher click &apos;Perbarui&apos; button" classname="Scenario: Submit &apos;Perbarui&apos; button with all data form has been filled" time="0">
    <skipped/>
  </testcase>
  <testcase name="When Teacher fill all data form but not on &apos;Unggah Foto&apos; field" classname="Scenario: Submit &apos;Perbarui&apos; button with all data form has been filled" time="0">
    <error message="✽.When Teacher fill all data form but not on &apos;Unggah Foto&apos; field(features/UpdateTeacher.feature:465) matches more than one step definition:&#10;  Teacher fill all data form in UpdateTeacherSteps.teacherFillAllDataForm()&#10;  Teacher fill all data form but not on &apos;Unggah Foto&apos; field in UpdateTeacherSteps.teacherFillAllDataFormButNotOnUnggahFotoField()&#10;" type="cucumber.runtime.AmbiguousStepDefinitionsException"><![CDATA[cucumber.runtime.AmbiguousStepDefinitionsException: 
✽.When Teacher fill all data form but not on 'Unggah Foto' field(features/UpdateTeacher.feature:465) matches more than one step definition:
  Teacher fill all data form in UpdateTeacherSteps.teacherFillAllDataForm()
  Teacher fill all data form but not on 'Unggah Foto' field in UpdateTeacherSteps.teacherFillAllDataFormButNotOnUnggahFotoField()

]]></error>
  </testcase>
  <testcase name="Given User open the website GuruMu" classname="Scenario: Teacher &apos;Tambah Jadwal Mengajar&apos; button with all data form has been filled" time="0">
    <system-out><![CDATA[
  Scenario: Teacher 'Perbarui' button with all data form has been filled &amp#27;[90m# features/UpdateTeacher.feature:503&amp#27;[0m
    &amp#27;[36mGiven &amp#27;[0m&amp#27;[36mTeacher already on Edit Profile page&amp#27;[0m                           &amp#27;[90m# UpdateTeacherSteps.teacherAlreadyOnEditProfilePage()&amp#27;[0m
    &amp#27;[31mWhen &amp#27;[0m&amp#27;[31mTeacher fill all data form but not on 'LinkedIn' field&amp#27;[0m          &amp#27;[90m# UpdateTeacherSteps.teacherFillAllDataForm()&amp#27;[0m
      &amp#27;[31mcucumber.runtime.AmbiguousStepDefinitionsException: ✽.When Teacher fill all data form but not on 'LinkedIn' field(features/UpdateTeacher.feature:505) matches more than one step definition:
        Teacher fill all data form in UpdateTeacherSteps.teacherFillAllDataForm()
        Teacher fill all data form but not on 'LinkedIn' field in UpdateTeacherSteps.teacherFillAllDataFormButNotOnLinkedInField()
      
      	at cucumber.runtime.RuntimeGlue.stepDefinitionMatch(RuntimeGlue.java:71)
      	at cucumber.runtime.Runtime.runStep(Runtime.java:267)
      	at cucumber.runtime.model.StepContainer.runStep(StepContainer.java:44)
      	at cucumber.runtime.model.StepContainer.runSteps(StepContainer.java:39)
      	at cucumber.runtime.model.CucumberScenario.run(CucumberScenario.java:44)
      	at cucumber.runtime.junit.ExecutionUnitRunner.run(ExecutionUnitRunner.java:102)
      	at cucumber.runtime.junit.FeatureRunner.runChild(FeatureRunner.java:63)
      	at cucumber.runtime.junit.FeatureRunner.runChild(FeatureRunner.java:18)
      	at org.junit.runners.ParentRunner$3.run(ParentRunner.java:238)
      	at org.junit.runners.ParentRunner$1.schedule(ParentRunner.java:63)
      	at org.junit.runners.ParentRunner.runChildren(ParentRunner.java:236)
      	at org.junit.runners.ParentRunner.access$000(ParentRunner.java:53)
      	at org.junit.runners.ParentRunner$2.evaluate(ParentRunner.java:229)
      	at org.junit.runners.ParentRunner.run(ParentRunner.java:309)
      	at cucumber.runtime.junit.FeatureRunner.run(FeatureRunner.java:70)
      	at cucumber.api.junit.Cucumber.runChild(Cucumber.java:95)
      	at cucumber.api.junit.Cucumber.runChild(Cucumber.java:38)
      	at org.junit.runners.ParentRunner$3.run(ParentRunner.java:238)
      	at org.junit.runners.ParentRunner$1.schedule(ParentRunner.java:63)
      	at org.junit.runners.ParentRunner.runChildren(ParentRunner.java:236)
      	at org.junit.runners.ParentRunner.access$000(ParentRunner.java:53)
      	at org.junit.runners.ParentRunner$2.evaluate(ParentRunner.java:229)
      	at org.junit.runners.ParentRunner.run(ParentRunner.java:309)
      	at cucumber.api.junit.Cucumber.run(Cucumber.java:100)
      	at org.apache.maven.surefire.junit4.JUnit4Provider.execute(JUnit4Provider.java:364)
      	at org.apache.maven.surefire.junit4.JUnit4Provider.executeWithRerun(JUnit4Provider.java:272)
      	at org.apache.maven.surefire.junit4.JUnit4Provider.executeTestSet(JUnit4Provider.java:237)
      	at org.apache.maven.surefire.junit4.JUnit4Provider.invoke(JUnit4Provider.java:158)
      	at org.apache.maven.surefire.booter.ForkedBooter.runSuitesInProcess(ForkedBooter.java:428)
      	at org.apache.maven.surefire.booter.ForkedBooter.execute(ForkedBooter.java:162)
      	at org.apache.maven.surefire.booter.ForkedBooter.run(ForkedBooter.java:562)
      	at org.apache.maven.surefire.booter.ForkedBooter.main(ForkedBooter.java:548)
      &amp#27;[0m
    &amp#27;[36mThen &amp#27;[0m&amp#27;[36mTeacher click 'Perbarui' button&amp#27;[0m                                 &amp#27;[90m# UpdateTeacherSteps.teacherClickPerbaruiButton()&amp#27;[0m
]]></system-out>
    <system-err><![CDATA[Starting ChromeDriver 110.0.5481.77 (65ed616c6e8ee3fe0ad64fe83796c020644d42af-refs/branch-heads/5481@{#839}) on port 54828
Only local connections are allowed.
Please see https://chromedriver.chromium.org/security-considerations for suggestions on keeping ChromeDriver safe.
ChromeDriver was started successfully.
[1676556560.479][WARNING]: virtual void DevToolsClientImpl::AddListener(DevToolsEventListener *) subscribing a listener to the already connected DevToolsClient. Connection notification will not arrive.
Feb 16, 2023 9:09:20 PM org.openqa.selenium.remote.ProtocolHandshake createSession
INFO: Detected dialect: W3C
Feb 16, 2023 9:09:20 PM org.openqa.selenium.devtools.CdpVersionFinder findNearestMatch
WARNING: Unable to find an exact match for CDP version 110, so returning the closest version found: a no-op implementation
Feb 16, 2023 9:09:20 PM org.openqa.selenium.devtools.CdpVersionFinder findNearestMatch
INFO: Unable to find CDP implementation matching 110.
Feb 16, 2023 9:09:20 PM org.openqa.selenium.chromium.ChromiumDriver lambda$new$3
WARNING: Unable to find version of CDP to use for . You may need to include a dependency on a specific version of the CDP using something similar to `org.seleniumhq.selenium:selenium-devtools-v86:4.1.2` where the version ("v86") matches the version of the chromium-based browser you're using and the version number of the artifact is the same as Selenium's.
]]></system-err>
  </testcase>
  <testcase name="When User click avatar navigation" classname="Scenario: Teacher &apos;Tambah Jadwal Mengajar&apos; button with all data form has been filled" time="0"/>
  <testcase name="And User click menu Masuk" classname="Scenario: Teacher &apos;Tambah Jadwal Mengajar&apos; button with all data form has been filled" time="0"/>
  <testcase name="And User input &quot;zulfeekei@gmail.com&quot; as email and input &quot;be123&quot; as password" classname="Scenario: Teacher &apos;Tambah Jadwal Mengajar&apos; button with all data form has been filled" time="0"/>
  <testcase name="And User clicked masuk button" classname="Scenario: Teacher &apos;Tambah Jadwal Mengajar&apos; button with all data form has been filled" time="0"/>
  <testcase name="When User move to Profile Page" classname="Scenario: Teacher &apos;Tambah Jadwal Mengajar&apos; button with all data form has been filled" time="0.003">
    <error message="no such element: Unable to locate element: {&quot;method&quot;:&quot;xpath&quot;,&quot;selector&quot;:&quot;//h2[@class=&apos;swal2-title&apos;]&quot;}&#10;  (Session info: chrome=110.0.5481.100)&#10;For documentation on this error, please visit: https://selenium.dev/exceptions/#no_such_element&#10;Build info: version: &apos;4.1.2&apos;, revision: &apos;9a5a329c5a&apos;&#10;System info: host: &apos;nsystem-mbp&apos;, ip: &apos;fe80:0:0:0:ce7:beec:a50b:8367%en0&apos;, os.name: &apos;Mac OS X&apos;, os.arch: &apos;x86_64&apos;, os.version: &apos;10.16&apos;, java.version: &apos;1.8.0_201&apos;&#10;Driver info: org.openqa.selenium.chrome.ChromeDriver&#10;Command: [7ad62b19d884fc5da1da9cfb85cb19c6, findElement {using=xpath, value=//h2[@class=&apos;swal2-title&apos;]}]&#10;Capabilities {acceptInsecureCerts: false, browserName: chrome, browserVersion: 110.0.5481.100, chrome: {chromedriverVersion: 110.0.5481.77 (65ed616c6e8e..., userDataDir: /var/folders/00/xzw63_pj58g...}, goog:chromeOptions: {debuggerAddress: localhost:52586}, javascriptEnabled: true, networkConnectionEnabled: false, pageLoadStrategy: normal, platform: MAC, platformName: MAC, proxy: Proxy(), se:cdp: ws://localhost:52586/devtoo..., se:cdpVersion: 110.0.5481.100, setWindowRect: true, strictFileInteractability: false, timeouts: {implicit: 0, pageLoad: 300000, script: 30000}, unhandledPromptBehavior: dismiss and notify, webauthn:extension:credBlob: true, webauthn:extension:largeBlob: true, webauthn:virtualAuthenticators: true}&#10;Session ID: 7ad62b19d884fc5da1da9cfb85cb19c6" type="org.openqa.selenium.NoSuchElementException"><![CDATA[org.openqa.selenium.NoSuchElementException: 
no such element: Unable to locate element: {"method":"xpath","selector":"//h2[@class='swal2-title']"}
  (Session info: chrome=110.0.5481.100)
For documentation on this error, please visit: https://selenium.dev/exceptions/#no_such_element
Build info: version: '4.1.2', revision: '9a5a329c5a'
System info: host: 'nsystem-mbp', ip: 'fe80:0:0:0:ce7:beec:a50b:8367%en0', os.name: 'Mac OS X', os.arch: 'x86_64', os.version: '10.16', java.version: '1.8.0_201'
Driver info: org.openqa.selenium.chrome.ChromeDriver
Command: [7ad62b19d884fc5da1da9cfb85cb19c6, findElement {using=xpath, value=//h2[@class='swal2-title']}]
Capabilities {acceptInsecureCerts: false, browserName: chrome, browserVersion: 110.0.5481.100, chrome: {chromedriverVersion: 110.0.5481.77 (65ed616c6e8e..., userDataDir: /var/folders/00/xzw63_pj58g...}, goog:chromeOptions: {debuggerAddress: localhost:52586}, javascriptEnabled: true, networkConnectionEnabled: false, pageLoadStrategy: normal, platform: MAC, platformName: MAC, proxy: Proxy(), se:cdp: ws://localhost:52586/devtoo..., se:cdpVersion: 110.0.5481.100, setWindowRect: true, strictFileInteractability: false, timeouts: {implicit: 0, pageLoad: 300000, script: 30000}, unhandledPromptBehavior: dismiss and notify, webauthn:extension:credBlob: true, webauthn:extension:largeBlob: true, webauthn:virtualAuthenticators: true}
Session ID: 7ad62b19d884fc5da1da9cfb85cb19c6
]]></error>
  </testcase>
  <testcase name="" classname="Scenario: Teacher &apos;Tambah Jadwal Mengajar&apos; button with all data form has been filled" time="0.004">
    <error message="no such element: Unable to locate element: {&quot;method&quot;:&quot;xpath&quot;,&quot;selector&quot;:&quot;//h2[@class=&apos;swal2-title&apos;]&quot;}&#10;  (Session info: chrome=110.0.5481.100)&#10;For documentation on this error, please visit: https://selenium.dev/exceptions/#no_such_element&#10;Build info: version: &apos;4.1.2&apos;, revision: &apos;9a5a329c5a&apos;&#10;System info: host: &apos;nsystem-mbp&apos;, ip: &apos;fe80:0:0:0:ce7:beec:a50b:8367%en0&apos;, os.name: &apos;Mac OS X&apos;, os.arch: &apos;x86_64&apos;, os.version: &apos;10.16&apos;, java.version: &apos;1.8.0_201&apos;&#10;Driver info: org.openqa.selenium.chrome.ChromeDriver&#10;Command: [7ad62b19d884fc5da1da9cfb85cb19c6, findElement {using=xpath, value=//h2[@class=&apos;swal2-title&apos;]}]&#10;Capabilities {acceptInsecureCerts: false, browserName: chrome, browserVersion: 110.0.5481.100, chrome: {chromedriverVersion: 110.0.5481.77 (65ed616c6e8e..., userDataDir: /var/folders/00/xzw63_pj58g...}, goog:chromeOptions: {debuggerAddress: localhost:52586}, javascriptEnabled: true, networkConnectionEnabled: false, pageLoadStrategy: normal, platform: MAC, platformName: MAC, proxy: Proxy(), se:cdp: ws://localhost:52586/devtoo..., se:cdpVersion: 110.0.5481.100, setWindowRect: true, strictFileInteractability: false, timeouts: {implicit: 0, pageLoad: 300000, script: 30000}, unhandledPromptBehavior: dismiss and notify, webauthn:extension:credBlob: true, webauthn:extension:largeBlob: true, webauthn:virtualAuthenticators: true}&#10;Session ID: 7ad62b19d884fc5da1da9cfb85cb19c6" type="org.openqa.selenium.NoSuchElementException"><![CDATA[org.openqa.selenium.NoSuchElementException: 
no such element: Unable to locate element: {"method":"xpath","selector":"//h2[@class='swal2-title']"}
  (Session info: chrome=110.0.5481.100)
For documentation on this error, please visit: https://selenium.dev/exceptions/#no_such_element
Build info: version: '4.1.2', revision: '9a5a329c5a'
System info: host: 'nsystem-mbp', ip: 'fe80:0:0:0:ce7:beec:a50b:8367%en0', os.name: 'Mac OS X', os.arch: 'x86_64', os.version: '10.16', java.version: '1.8.0_201'
Driver info: org.openqa.selenium.chrome.ChromeDriver
Command: [7ad62b19d884fc5da1da9cfb85cb19c6, findElement {using=xpath, value=//h2[@class='swal2-title']}]
Capabilities {acceptInsecureCerts: false, browserName: chrome, browserVersion: 110.0.5481.100, chrome: {chromedriverVersion: 110.0.5481.77 (65ed616c6e8e..., userDataDir: /var/folders/00/xzw63_pj58g...}, goog:chromeOptions: {debuggerAddress: localhost:52586}, javascriptEnabled: true, networkConnectionEnabled: false, pageLoadStrategy: normal, platform: MAC, platformName: MAC, proxy: Proxy(), se:cdp: ws://localhost:52586/devtoo..., se:cdpVersion: 110.0.5481.100, setWindowRect: true, strictFileInteractability: false, timeouts: {implicit: 0, pageLoad: 300000, script: 30000}, unhandledPromptBehavior: dismiss and notify, webauthn:extension:credBlob: true, webauthn:extension:largeBlob: true, webauthn:virtualAuthenticators: true}
Session ID: 7ad62b19d884fc5da1da9cfb85cb19c6
]]></error>
  </testcase>
  <testcase name="And User move to edit profile" classname="Scenario: Teacher &apos;Tambah Jadwal Mengajar&apos; button with all data form has been filled" time="0">
    <skipped/>
  </testcase>
  <testcase name="Given Teacher already on Edit Profile page" classname="Scenario: Teacher &apos;Tambah Jadwal Mengajar&apos; button with all data form has been filled" time="0">
    <skipped/>
    <system-out><![CDATA[
  Background:                                                                   &amp#27;[90m# features/UpdateTeacher.feature:4&amp#27;[0m
    &amp#27;[32mGiven &amp#27;[0m&amp#27;[32mUser open the website GuruMu&amp#27;[0m                                          &amp#27;[90m# LoginSteps.userOpenTheWebsiteGuruMu()&amp#27;[0m
    &amp#27;[32mWhen &amp#27;[0m&amp#27;[32mUser click avatar navigation&amp#27;[0m                                           &amp#27;[90m# LoginSteps.userClickAvatarNavigation()&amp#27;[0m
    &amp#27;[32mAnd &amp#27;[0m&amp#27;[32mUser click menu Masuk&amp#27;[0m                                                   &amp#27;[90m# LoginSteps.userClickMenuMasuk()&amp#27;[0m
    &amp#27;[32mAnd &amp#27;[0m&amp#27;[32mUser input "&amp#27;[0m&amp#27;[32m&amp#27;[1mzulfeekei@gmail.com&amp#27;[0m&amp#27;[32m" as email and input "&amp#27;[0m&amp#27;[32m&amp#27;[1mbe123&amp#27;[0m&amp#27;[32m" as password&amp#27;[0m &amp#27;[90m# LoginSteps.inputCredential(String,String)&amp#27;[0m
    &amp#27;[32mAnd &amp#27;[0m&amp#27;[32mUser clicked masuk button&amp#27;[0m                                               &amp#27;[90m# LoginSteps.userClickMasukButton()&amp#27;[0m
    &amp#27;[31mWhen &amp#27;[0m&amp#27;[31mUser move to Profile Page&amp#27;[0m                                              &amp#27;[90m# PenilaianUlasanSteps.userMoveToProfilePage()&amp#27;[0m
      &amp#27;[31morg.openqa.selenium.NoSuchElementException: no such element: Unable to locate element: {"method":"xpath","selector":"//h2[@class='swal2-title']"}
        (Session info: chrome=110.0.5481.100)
      For documentation on this error, please visit: https://selenium.dev/exceptions/#no_such_element
      Build info: version: '4.1.2', revision: '9a5a329c5a'
      System info: host: 'nsystem-mbp', ip: 'fe80:0:0:0:ce7:beec:a50b:8367%en0', os.name: 'Mac OS X', os.arch: 'x86_64', os.version: '10.16', java.version: '1.8.0_201'
      Driver info: org.openqa.selenium.chrome.ChromeDriver
      Command: [7ad62b19d884fc5da1da9cfb85cb19c6, findElement {using=xpath, value=//h2[@class='swal2-title']}]
      Capabilities {acceptInsecureCerts: false, browserName: chrome, browserVersion: 110.0.5481.100, chrome: {chromedriverVersion: 110.0.5481.77 (65ed616c6e8e..., userDataDir: /var/folders/00/xzw63_pj58g...}, goog:chromeOptions: {debuggerAddress: localhost:52586}, javascriptEnabled: true, networkConnectionEnabled: false, pageLoadStrategy: normal, platform: MAC, platformName: MAC, proxy: Proxy(), se:cdp: ws://localhost:52586/devtoo..., se:cdpVersion: 110.0.5481.100, setWindowRect: true, strictFileInteractability: false, timeouts: {implicit: 0, pageLoad: 300000, script: 30000}, unhandledPromptBehavior: dismiss and notify, webauthn:extension:credBlob: true, webauthn:extension:largeBlob: true, webauthn:virtualAuthenticators: true}
      Session ID: 7ad62b19d884fc5da1da9cfb85cb19c6
      	at sun.reflect.GeneratedConstructorAccessor38.newInstance(Unknown Source)
      	at sun.reflect.DelegatingConstructorAccessorImpl.newInstance(DelegatingConstructorAccessorImpl.java:45)
      	at java.lang.reflect.Constructor.newInstance(Constructor.java:423)
      	at org.openqa.selenium.remote.codec.w3c.W3CHttpResponseCodec.createException(W3CHttpResponseCodec.java:200)
      	at org.openqa.selenium.remote.codec.w3c.W3CHttpResponseCodec.decode(W3CHttpResponseCodec.java:133)
      	at org.openqa.selenium.remote.codec.w3c.W3CHttpResponseCodec.decode(W3CHttpResponseCodec.java:53)
      	at org.openqa.selenium.remote.HttpCommandExecutor.execute(HttpCommandExecutor.java:184)
      	at org.openqa.selenium.remote.service.DriverCommandExecutor.invokeExecute(DriverCommandExecutor.java:167)
      	at org.openqa.selenium.remote.service.DriverCommandExecutor.execute(DriverCommandExecutor.java:142)
      	at org.openqa.selenium.remote.RemoteWebDriver.execute(RemoteWebDriver.java:558)
      	at org.openqa.selenium.remote.ElementLocation$ElementFinder$2.findElement(ElementLocation.java:162)
      	at org.openqa.selenium.remote.ElementLocation.findElement(ElementLocation.java:60)
      	at org.openqa.selenium.remote.RemoteWebDriver.findElement(RemoteWebDriver.java:382)
      	at org.openqa.selenium.remote.RemoteWebDriver.findElement(RemoteWebDriver.java:374)
      	at org.openqa.selenium.support.pagefactory.DefaultElementLocator.findElement(DefaultElementLocator.java:70)
      	at org.openqa.selenium.support.pagefactory.internal.LocatingElementHandler.invoke(LocatingElementHandler.java:39)
      	at com.sun.proxy.$Proxy21.isDisplayed(Unknown Source)
      	at org.example.pageObject.BerandaPage.successMessageIsDisplayed(BerandaPage.java:169)
      	at step_definitions.PenilaianUlasanSteps.userMoveToProfilePage(PenilaianUlasanSteps.java:163)
      	at ✽.When User move to Profile Page(features/UpdateTeacher.feature:10)
      &amp#27;[0m
    &amp#27;[36mAnd &amp#27;[0m&amp#27;[36mUser move to edit profile&amp#27;[0m                                               &amp#27;[90m# UpdateTeacherSteps.userMoveToEditProfile()&amp#27;[0m
]]></system-out>
  </testcase>
  <testcase name="When Teacher fill all data form" classname="Scenario: Teacher &apos;Tambah Jadwal Mengajar&apos; button with all data form has been filled" time="0">
    <skipped/>
  </testcase>
  <testcase name="Then Teacher click &apos;Tambah Jadwal Mengajar&apos; button" classname="Scenario: Teacher &apos;Tambah Jadwal Mengajar&apos; button with all data form has been filled" time="0">
    <skipped/>
  </testcase>
  <testcase name="Given User open the website GuruMu" classname="Scenario: Verify &apos;user&apos; button is enabled" time="0">
    <system-out><![CDATA[
  Scenario: Teacher 'Perbarui' button with all data form has been filled                                     &amp#27;[90m# features/UpdateTeacher.feature:523&amp#27;[0m
    &amp#27;[36mGiven &amp#27;[0m&amp#27;[36mTeacher already on Edit Profile page&amp#27;[0m                                                               &amp#27;[90m# UpdateTeacherSteps.teacherAlreadyOnEditProfilePage()&amp#27;[0m
    &amp#27;[31mWhen &amp#27;[0m&amp#27;[31mTeacher fill all data form 'Tambah Jadwal Mengajar' but not on Maps in 'Atur Tempat Mengajar' field&amp#27;[0m &amp#27;[90m# UpdateTeacherSteps.teacherFillAllDataForm()&amp#27;[0m
      &amp#27;[31mcucumber.runtime.AmbiguousStepDefinitionsException: ✽.When Teacher fill all data form 'Tambah Jadwal Mengajar' but not on Maps in 'Atur Tempat Mengajar' field(features/UpdateTeacher.feature:525) matches more than one step definition:
        Teacher fill all data form in UpdateTeacherSteps.teacherFillAllDataForm()
        Teacher fill all data form 'Tambah Jadwal Mengajar' but not on Maps in 'Atur Tempat Mengajar' field in UpdateTeacherSteps.teacherFillAllDataFormTambahJadwalMengajarButNotOnMapsInAturTempatMengajarField()
      
      	at cucumber.runtime.RuntimeGlue.stepDefinitionMatch(RuntimeGlue.java:71)
      	at cucumber.runtime.Runtime.runStep(Runtime.java:267)
      	at cucumber.runtime.model.StepContainer.runStep(StepContainer.java:44)
      	at cucumber.runtime.model.StepContainer.runSteps(StepContainer.java:39)
      	at cucumber.runtime.model.CucumberScenario.run(CucumberScenario.java:44)
      	at cucumber.runtime.junit.ExecutionUnitRunner.run(ExecutionUnitRunner.java:102)
      	at cucumber.runtime.junit.FeatureRunner.runChild(FeatureRunner.java:63)
      	at cucumber.runtime.junit.FeatureRunner.runChild(FeatureRunner.java:18)
      	at org.junit.runners.ParentRunner$3.run(ParentRunner.java:238)
      	at org.junit.runners.ParentRunner$1.schedule(ParentRunner.java:63)
      	at org.junit.runners.ParentRunner.runChildren(ParentRunner.java:236)
      	at org.junit.runners.ParentRunner.access$000(ParentRunner.java:53)
      	at org.junit.runners.ParentRunner$2.evaluate(ParentRunner.java:229)
      	at org.junit.runners.ParentRunner.run(ParentRunner.java:309)
      	at cucumber.runtime.junit.FeatureRunner.run(FeatureRunner.java:70)
      	at cucumber.api.junit.Cucumber.runChild(Cucumber.java:95)
      	at cucumber.api.junit.Cucumber.runChild(Cucumber.java:38)
      	at org.junit.runners.ParentRunner$3.run(ParentRunner.java:238)
      	at org.junit.runners.ParentRunner$1.schedule(ParentRunner.java:63)
      	at org.junit.runners.ParentRunner.runChildren(ParentRunner.java:236)
      	at org.junit.runners.ParentRunner.access$000(ParentRunner.java:53)
      	at org.junit.runners.ParentRunner$2.evaluate(ParentRunner.java:229)
      	at org.junit.runners.ParentRunner.run(ParentRunner.java:309)
      	at cucumber.api.junit.Cucumber.run(Cucumber.java:100)
      	at org.apache.maven.surefire.junit4.JUnit4Provider.execute(JUnit4Provider.java:364)
      	at org.apache.maven.surefire.junit4.JUnit4Provider.executeWithRerun(JUnit4Provider.java:272)
      	at org.apache.maven.surefire.junit4.JUnit4Provider.executeTestSet(JUnit4Provider.java:237)
      	at org.apache.maven.surefire.junit4.JUnit4Provider.invoke(JUnit4Provider.java:158)
      	at org.apache.maven.surefire.booter.ForkedBooter.runSuitesInProcess(ForkedBooter.java:428)
      	at org.apache.maven.surefire.booter.ForkedBooter.execute(ForkedBooter.java:162)
      	at org.apache.maven.surefire.booter.ForkedBooter.run(ForkedBooter.java:562)
      	at org.apache.maven.surefire.booter.ForkedBooter.main(ForkedBooter.java:548)
      &amp#27;[0m
    &amp#27;[36mThen &amp#27;[0m&amp#27;[36mTeacher click 'Perbarui' button&amp#27;[0m                                                                     &amp#27;[90m# UpdateTeacherSteps.teacherClickPerbaruiButton()&amp#27;[0m
@TestViewStudent @Test
Feature: View Student
]]></system-out>
    <system-err><![CDATA[Starting ChromeDriver 110.0.5481.77 (65ed616c6e8ee3fe0ad64fe83796c020644d42af-refs/branch-heads/5481@{#839}) on port 64573
Only local connections are allowed.
Please see https://chromedriver.chromium.org/security-considerations for suggestions on keeping ChromeDriver safe.
ChromeDriver was started successfully.
[1676556690.903][WARNING]: virtual void DevToolsClientImpl::AddListener(DevToolsEventListener *) subscribing a listener to the already connected DevToolsClient. Connection notification will not arrive.
Feb 16, 2023 9:11:31 PM org.openqa.selenium.remote.ProtocolHandshake createSession
INFO: Detected dialect: W3C
Feb 16, 2023 9:11:31 PM org.openqa.selenium.devtools.CdpVersionFinder findNearestMatch
WARNING: Unable to find an exact match for CDP version 110, so returning the closest version found: a no-op implementation
Feb 16, 2023 9:11:31 PM org.openqa.selenium.devtools.CdpVersionFinder findNearestMatch
INFO: Unable to find CDP implementation matching 110.
Feb 16, 2023 9:11:31 PM org.openqa.selenium.chromium.ChromiumDriver lambda$new$3
WARNING: Unable to find version of CDP to use for . You may need to include a dependency on a specific version of the CDP using something similar to `org.seleniumhq.selenium:selenium-devtools-v86:4.1.2` where the version ("v86") matches the version of the chromium-based browser you're using and the version number of the artifact is the same as Selenium's.
]]></system-err>
  </testcase>
  <testcase name="Given User open the website GuruMu" classname="Scenario: Verify &apos;user&apos; button is enabled" time="0">
    <system-out><![CDATA[
  Scenario: Verify 'Perbarui Profil' button is enabled &amp#27;[90m# features/ViewStudent.feature:70&amp#27;[0m
    &amp#27;[32mGiven &amp#27;[0m&amp#27;[32mUser move to Profile Page&amp#27;[0m                    &amp#27;[90m# PenilaianUlasanSteps.userMoveToProfilePage()&amp#27;[0m
    &amp#27;[32mWhen &amp#27;[0m&amp#27;[32mStudent already on User's Profile Page&amp#27;[0m        &amp#27;[90m# ViewStudentSteps.studentAlreadyOnUserSProfilePage()&amp#27;[0m
    &amp#27;[32mThen &amp#27;[0m&amp#27;[32mStudent click 'Perbarui Profil' button&amp#27;[0m        &amp#27;[90m# ViewStudentSteps.studentClickPerbaruiProfilButton()&amp#27;[0m
    &amp#27;[32mAnd &amp#27;[0m&amp#27;[32mbutton is enabled&amp#27;[0m                              &amp#27;[90m# ViewStudentSteps.buttonIsEnabled()&amp#27;[0m
@TestViewTeacher @Test
Feature: View Teacher
]]></system-out>
    <system-err><![CDATA[Starting ChromeDriver 110.0.5481.77 (65ed616c6e8ee3fe0ad64fe83796c020644d42af-refs/branch-heads/5481@{#839}) on port 55160
Only local connections are allowed.
Please see https://chromedriver.chromium.org/security-considerations for suggestions on keeping ChromeDriver safe.
ChromeDriver was started successfully.
[1676557023.515][WARNING]: virtual void DevToolsClientImpl::AddListener(DevToolsEventListener *) subscribing a listener to the already connected DevToolsClient. Connection notification will not arrive.
Feb 16, 2023 9:17:03 PM org.openqa.selenium.remote.ProtocolHandshake createSession
INFO: Detected dialect: W3C
Feb 16, 2023 9:17:03 PM org.openqa.selenium.devtools.CdpVersionFinder findNearestMatch
WARNING: Unable to find an exact match for CDP version 110, so returning the closest version found: a no-op implementation
Feb 16, 2023 9:17:03 PM org.openqa.selenium.devtools.CdpVersionFinder findNearestMatch
INFO: Unable to find CDP implementation matching 110.
Feb 16, 2023 9:17:03 PM org.openqa.selenium.chromium.ChromiumDriver lambda$new$3
WARNING: Unable to find version of CDP to use for . You may need to include a dependency on a specific version of the CDP using something similar to `org.seleniumhq.selenium:selenium-devtools-v86:4.1.2` where the version ("v86") matches the version of the chromium-based browser you're using and the version number of the artifact is the same as Selenium's.
]]></system-err>
  </testcase>
  <testcase name="When User click avatar navigation" classname="Scenario: Verify &apos;user&apos; button is enabled" time="0"/>
  <testcase name="When User click avatar navigation" classname="Scenario: Verify &apos;user&apos; button is enabled" time="0"/>
  <testcase name="And User click menu Masuk" classname="Scenario: Verify &apos;user&apos; button is enabled" time="0"/>
  <testcase name="And User input &quot;herdiladania11@gmail.com&quot; as email and input &quot;fe123&quot; as password" classname="Scenario: Verify &apos;user&apos; button is enabled" time="0"/>
  <testcase name="And User clicked masuk button" classname="Scenario: Verify &apos;user&apos; button is enabled" time="0"/>
  <testcase name="And User clicked masuk button" classname="Scenario: Verify &apos;user&apos; button is enabled" time="0"/>
  <testcase name="Given Student already on Beranda / Home" classname="Scenario: Verify &apos;user&apos; button is enabled" time="0.001">
    <error message="no such element: Unable to locate element: {&quot;method&quot;:&quot;xpath&quot;,&quot;selector&quot;:&quot;//div[@class=&apos;dropdown dropdown-end&apos;]&quot;}&#10;  (Session info: chrome=110.0.5481.100)&#10;For documentation on this error, please visit: https://selenium.dev/exceptions/#no_such_element&#10;Build info: version: &apos;4.1.2&apos;, revision: &apos;9a5a329c5a&apos;&#10;System info: host: &apos;nsystem-mbp&apos;, ip: &apos;fe80:0:0:0:ce7:beec:a50b:8367%en0&apos;, os.name: &apos;Mac OS X&apos;, os.arch: &apos;x86_64&apos;, os.version: &apos;10.16&apos;, java.version: &apos;1.8.0_201&apos;&#10;Driver info: org.openqa.selenium.chrome.ChromeDriver&#10;Command: [983954a57396d9bc1fdbf76bcd0d5fc3, findElement {using=xpath, value=//div[@class=&apos;dropdown dropdown-end&apos;]}]&#10;Capabilities {acceptInsecureCerts: false, browserName: chrome, browserVersion: 110.0.5481.100, chrome: {chromedriverVersion: 110.0.5481.77 (65ed616c6e8e..., userDataDir: /var/folders/00/xzw63_pj58g...}, goog:chromeOptions: {debuggerAddress: localhost:52682}, javascriptEnabled: true, networkConnectionEnabled: false, pageLoadStrategy: normal, platform: MAC, platformName: MAC, proxy: Proxy(), se:cdp: ws://localhost:52682/devtoo..., se:cdpVersion: 110.0.5481.100, setWindowRect: true, strictFileInteractability: false, timeouts: {implicit: 0, pageLoad: 300000, script: 30000}, unhandledPromptBehavior: dismiss and notify, webauthn:extension:credBlob: true, webauthn:extension:largeBlob: true, webauthn:virtualAuthenticators: true}&#10;Session ID: 983954a57396d9bc1fdbf76bcd0d5fc3" type="org.openqa.selenium.NoSuchElementException"><![CDATA[org.openqa.selenium.NoSuchElementException: 
no such element: Unable to locate element: {"method":"xpath","selector":"//div[@class='dropdown dropdown-end']"}
  (Session info: chrome=110.0.5481.100)
For documentation on this error, please visit: https://selenium.dev/exceptions/#no_such_element
Build info: version: '4.1.2', revision: '9a5a329c5a'
System info: host: 'nsystem-mbp', ip: 'fe80:0:0:0:ce7:beec:a50b:8367%en0', os.name: 'Mac OS X', os.arch: 'x86_64', os.version: '10.16', java.version: '1.8.0_201'
Driver info: org.openqa.selenium.chrome.ChromeDriver
Command: [983954a57396d9bc1fdbf76bcd0d5fc3, findElement {using=xpath, value=//div[@class='dropdown dropdown-end']}]
Capabilities {acceptInsecureCerts: false, browserName: chrome, browserVersion: 110.0.5481.100, chrome: {chromedriverVersion: 110.0.5481.77 (65ed616c6e8e..., userDataDir: /var/folders/00/xzw63_pj58g...}, goog:chromeOptions: {debuggerAddress: localhost:52682}, javascriptEnabled: true, networkConnectionEnabled: false, pageLoadStrategy: normal, platform: MAC, platformName: MAC, proxy: Proxy(), se:cdp: ws://localhost:52682/devtoo..., se:cdpVersion: 110.0.5481.100, setWindowRect: true, strictFileInteractability: false, timeouts: {implicit: 0, pageLoad: 300000, script: 30000}, unhandledPromptBehavior: dismiss and notify, webauthn:extension:credBlob: true, webauthn:extension:largeBlob: true, webauthn:virtualAuthenticators: true}
Session ID: 983954a57396d9bc1fdbf76bcd0d5fc3
]]></error>
    <system-out><![CDATA[
  Background:                                                                        &amp#27;[90m# features/ViewStudent.feature:4&amp#27;[0m
    &amp#27;[32mGiven &amp#27;[0m&amp#27;[32mUser open the website GuruMu&amp#27;[0m                                               &amp#27;[90m# LoginSteps.userOpenTheWebsiteGuruMu()&amp#27;[0m
    &amp#27;[32mWhen &amp#27;[0m&amp#27;[32mUser click avatar navigation&amp#27;[0m                                                &amp#27;[90m# LoginSteps.userClickAvatarNavigation()&amp#27;[0m
    &amp#27;[32mAnd &amp#27;[0m&amp#27;[32mUser click menu Masuk&amp#27;[0m                                                        &amp#27;[90m# LoginSteps.userClickMenuMasuk()&amp#27;[0m
    &amp#27;[32mAnd &amp#27;[0m&amp#27;[32mUser input "&amp#27;[0m&amp#27;[32m&amp#27;[1mherdiladania11@gmail.com&amp#27;[0m&amp#27;[32m" as email and input "&amp#27;[0m&amp#27;[32m&amp#27;[1mfe123&amp#27;[0m&amp#27;[32m" as password&amp#27;[0m &amp#27;[90m# LoginSteps.inputCredential(String,String)&amp#27;[0m
    &amp#27;[32mAnd &amp#27;[0m&amp#27;[32mUser clicked masuk button&amp#27;[0m                                                    &amp#27;[90m# LoginSteps.userClickMasukButton()&amp#27;[0m
]]></system-out>
  </testcase>
  <testcase name="" classname="Scenario: Verify &apos;user&apos; button is enabled" time="0.002">
    <error message="no such element: Unable to locate element: {&quot;method&quot;:&quot;xpath&quot;,&quot;selector&quot;:&quot;//div[@class=&apos;dropdown dropdown-end&apos;]&quot;}&#10;  (Session info: chrome=110.0.5481.100)&#10;For documentation on this error, please visit: https://selenium.dev/exceptions/#no_such_element&#10;Build info: version: &apos;4.1.2&apos;, revision: &apos;9a5a329c5a&apos;&#10;System info: host: &apos;nsystem-mbp&apos;, ip: &apos;fe80:0:0:0:ce7:beec:a50b:8367%en0&apos;, os.name: &apos;Mac OS X&apos;, os.arch: &apos;x86_64&apos;, os.version: &apos;10.16&apos;, java.version: &apos;1.8.0_201&apos;&#10;Driver info: org.openqa.selenium.chrome.ChromeDriver&#10;Command: [983954a57396d9bc1fdbf76bcd0d5fc3, findElement {using=xpath, value=//div[@class=&apos;dropdown dropdown-end&apos;]}]&#10;Capabilities {acceptInsecureCerts: false, browserName: chrome, browserVersion: 110.0.5481.100, chrome: {chromedriverVersion: 110.0.5481.77 (65ed616c6e8e..., userDataDir: /var/folders/00/xzw63_pj58g...}, goog:chromeOptions: {debuggerAddress: localhost:52682}, javascriptEnabled: true, networkConnectionEnabled: false, pageLoadStrategy: normal, platform: MAC, platformName: MAC, proxy: Proxy(), se:cdp: ws://localhost:52682/devtoo..., se:cdpVersion: 110.0.5481.100, setWindowRect: true, strictFileInteractability: false, timeouts: {implicit: 0, pageLoad: 300000, script: 30000}, unhandledPromptBehavior: dismiss and notify, webauthn:extension:credBlob: true, webauthn:extension:largeBlob: true, webauthn:virtualAuthenticators: true}&#10;Session ID: 983954a57396d9bc1fdbf76bcd0d5fc3" type="org.openqa.selenium.NoSuchElementException"><![CDATA[org.openqa.selenium.NoSuchElementException: 
no such element: Unable to locate element: {"method":"xpath","selector":"//div[@class='dropdown dropdown-end']"}
  (Session info: chrome=110.0.5481.100)
For documentation on this error, please visit: https://selenium.dev/exceptions/#no_such_element
Build info: version: '4.1.2', revision: '9a5a329c5a'
System info: host: 'nsystem-mbp', ip: 'fe80:0:0:0:ce7:beec:a50b:8367%en0', os.name: 'Mac OS X', os.arch: 'x86_64', os.version: '10.16', java.version: '1.8.0_201'
Driver info: org.openqa.selenium.chrome.ChromeDriver
Command: [983954a57396d9bc1fdbf76bcd0d5fc3, findElement {using=xpath, value=//div[@class='dropdown dropdown-end']}]
Capabilities {acceptInsecureCerts: false, browserName: chrome, browserVersion: 110.0.5481.100, chrome: {chromedriverVersion: 110.0.5481.77 (65ed616c6e8e..., userDataDir: /var/folders/00/xzw63_pj58g...}, goog:chromeOptions: {debuggerAddress: localhost:52682}, javascriptEnabled: true, networkConnectionEnabled: false, pageLoadStrategy: normal, platform: MAC, platformName: MAC, proxy: Proxy(), se:cdp: ws://localhost:52682/devtoo..., se:cdpVersion: 110.0.5481.100, setWindowRect: true, strictFileInteractability: false, timeouts: {implicit: 0, pageLoad: 300000, script: 30000}, unhandledPromptBehavior: dismiss and notify, webauthn:extension:credBlob: true, webauthn:extension:largeBlob: true, webauthn:virtualAuthenticators: true}
Session ID: 983954a57396d9bc1fdbf76bcd0d5fc3
]]></error>
  </testcase>
  <testcase name="" classname="Scenario: Verify &apos;user&apos; button is enabled" time="0.173"/>
  <testcase name="When Student click &apos;user&apos; button" classname="Scenario: Verify &apos;user&apos; button is enabled" time="0">
    <skipped/>
  </testcase>
  <testcase name="Then button is enabled" classname="Scenario: Verify &apos;user&apos; button is enabled" time="0">
    <skipped/>
  </testcase>
  <testcase name="Then button is enabled" classname="Scenario: Verify &apos;user&apos; button is enabled" time="0"/>
  <testcase name="And click &apos;user&apos; button" classname="Scenario: Verify &apos;user&apos; button is enabled" time="0">
    <skipped/>
  </testcase>
  <testcase name="And click &apos;user&apos; button" classname="Scenario: Verify &apos;user&apos; button is enabled" time="0"/>
  <testcase name="Then Student click &apos;Profile&apos; option" classname="Scenario: Verify &apos;user&apos; button is enabled" time="0">
    <skipped/>
  </testcase>
  <testcase name="And Go to Student Profile" classname="Scenario: Verify &apos;user&apos; button is enabled" time="0">
    <skipped/>
  </testcase>
  <testcase name="Then User click menu Masuk" classname="Scenario: Verify &apos;user&apos; button is enabled" time="0"/>
  <testcase name="And User input &quot;shafirayuria@gmail.com&quot; as email and input &quot;Akuinhere22&quot; as password" classname="Scenario: Verify &apos;user&apos; button is enabled" time="0"/>
  <testcase name="Given Teacher already on Beranda / Home" classname="Scenario: Verify &apos;user&apos; button is enabled" time="0">
    <system-out><![CDATA[
  Background:                                                                            &amp#27;[90m# features/ViewTeacher.feature:4&amp#27;[0m
    &amp#27;[32mGiven &amp#27;[0m&amp#27;[32mUser open the website GuruMu&amp#27;[0m                                                   &amp#27;[90m# LoginSteps.userOpenTheWebsiteGuruMu()&amp#27;[0m
    &amp#27;[32mWhen &amp#27;[0m&amp#27;[32mUser click avatar navigation&amp#27;[0m                                                    &amp#27;[90m# LoginSteps.userClickAvatarNavigation()&amp#27;[0m
    &amp#27;[32mThen &amp#27;[0m&amp#27;[32mUser click menu Masuk&amp#27;[0m                                                           &amp#27;[90m# LoginSteps.userClickMenuMasuk()&amp#27;[0m
    &amp#27;[32mAnd &amp#27;[0m&amp#27;[32mUser input "&amp#27;[0m&amp#27;[32m&amp#27;[1mshafirayuria@gmail.com&amp#27;[0m&amp#27;[32m" as email and input "&amp#27;[0m&amp#27;[32m&amp#27;[1mAkuinhere22&amp#27;[0m&amp#27;[32m" as password&amp#27;[0m &amp#27;[90m# LoginSteps.inputCredential(String,String)&amp#27;[0m
    &amp#27;[32mAnd &amp#27;[0m&amp#27;[32mUser clicked masuk button&amp#27;[0m                                                        &amp#27;[90m# LoginSteps.userClickMasukButton()&amp#27;[0m
]]></system-out>
  </testcase>
  <testcase name="When Teacher click &apos;user&apos; button" classname="Scenario: Verify &apos;user&apos; button is enabled" time="0"/>
  <testcase name="Then Teacher Click &apos;Profile&apos; option" classname="Scenario: Verify &apos;user&apos; button is enabled" time="0"/>
  <testcase name="And Go to Teacher Profile" classname="Scenario: Verify &apos;user&apos; button is enabled" time="0"/>
  <testcase name="Given User open the website GuruMu" classname="Scenario: Verify &apos;Profile Picture&apos; is Displayed" time="0">
    <system-out><![CDATA[
  Scenario: Verify 'user' button is enabled &amp#27;[90m# features/ViewStudent.feature:11&amp#27;[0m
    &amp#27;[31mGiven &amp#27;[0m&amp#27;[31mStudent already on Beranda / Home&amp#27;[0m &amp#27;[90m# ViewStudentSteps.studentAlreadyOnBerandaHome()&amp#27;[0m
      &amp#27;[31morg.openqa.selenium.NoSuchElementException: no such element: Unable to locate element: {"method":"xpath","selector":"//div[@class='dropdown dropdown-end']"}
        (Session info: chrome=110.0.5481.100)
      For documentation on this error, please visit: https://selenium.dev/exceptions/#no_such_element
      Build info: version: '4.1.2', revision: '9a5a329c5a'
      System info: host: 'nsystem-mbp', ip: 'fe80:0:0:0:ce7:beec:a50b:8367%en0', os.name: 'Mac OS X', os.arch: 'x86_64', os.version: '10.16', java.version: '1.8.0_201'
      Driver info: org.openqa.selenium.chrome.ChromeDriver
      Command: [983954a57396d9bc1fdbf76bcd0d5fc3, findElement {using=xpath, value=//div[@class='dropdown dropdown-end']}]
      Capabilities {acceptInsecureCerts: false, browserName: chrome, browserVersion: 110.0.5481.100, chrome: {chromedriverVersion: 110.0.5481.77 (65ed616c6e8e..., userDataDir: /var/folders/00/xzw63_pj58g...}, goog:chromeOptions: {debuggerAddress: localhost:52682}, javascriptEnabled: true, networkConnectionEnabled: false, pageLoadStrategy: normal, platform: MAC, platformName: MAC, proxy: Proxy(), se:cdp: ws://localhost:52682/devtoo..., se:cdpVersion: 110.0.5481.100, setWindowRect: true, strictFileInteractability: false, timeouts: {implicit: 0, pageLoad: 300000, script: 30000}, unhandledPromptBehavior: dismiss and notify, webauthn:extension:credBlob: true, webauthn:extension:largeBlob: true, webauthn:virtualAuthenticators: true}
      Session ID: 983954a57396d9bc1fdbf76bcd0d5fc3
      	at sun.reflect.GeneratedConstructorAccessor38.newInstance(Unknown Source)
      	at sun.reflect.DelegatingConstructorAccessorImpl.newInstance(DelegatingConstructorAccessorImpl.java:45)
      	at java.lang.reflect.Constructor.newInstance(Constructor.java:423)
      	at org.openqa.selenium.remote.codec.w3c.W3CHttpResponseCodec.createException(W3CHttpResponseCodec.java:200)
      	at org.openqa.selenium.remote.codec.w3c.W3CHttpResponseCodec.decode(W3CHttpResponseCodec.java:133)
      	at org.openqa.selenium.remote.codec.w3c.W3CHttpResponseCodec.decode(W3CHttpResponseCodec.java:53)
      	at org.openqa.selenium.remote.HttpCommandExecutor.execute(HttpCommandExecutor.java:184)
      	at org.openqa.selenium.remote.service.DriverCommandExecutor.invokeExecute(DriverCommandExecutor.java:167)
      	at org.openqa.selenium.remote.service.DriverCommandExecutor.execute(DriverCommandExecutor.java:142)
      	at org.openqa.selenium.remote.RemoteWebDriver.execute(RemoteWebDriver.java:558)
      	at org.openqa.selenium.remote.ElementLocation$ElementFinder$2.findElement(ElementLocation.java:162)
      	at org.openqa.selenium.remote.ElementLocation.findElement(ElementLocation.java:60)
      	at org.openqa.selenium.remote.RemoteWebDriver.findElement(RemoteWebDriver.java:382)
      	at org.openqa.selenium.remote.RemoteWebDriver.findElement(RemoteWebDriver.java:374)
      	at org.openqa.selenium.support.pagefactory.DefaultElementLocator.findElement(DefaultElementLocator.java:70)
      	at org.openqa.selenium.support.pagefactory.internal.LocatingElementHandler.invoke(LocatingElementHandler.java:39)
      	at com.sun.proxy.$Proxy21.isDisplayed(Unknown Source)
      	at org.example.pageObject.ViewStudentPage.isHomeDisplayed(ViewStudentPage.java:135)
      	at step_definitions.ViewStudentSteps.studentAlreadyOnBerandaHome(ViewStudentSteps.java:24)
      	at ✽.Given Student already on Beranda / Home(features/ViewStudent.feature:12)
      &amp#27;[0m
    &amp#27;[36mWhen &amp#27;[0m&amp#27;[36mStudent click 'user' button&amp#27;[0m        &amp#27;[90m# ViewStudentSteps.studentClickUserButton()&amp#27;[0m
    &amp#27;[36mThen &amp#27;[0m&amp#27;[36mbutton is enabled&amp#27;[0m                  &amp#27;[90m# ViewStudentSteps.buttonIsEnabled()&amp#27;[0m
    &amp#27;[36mAnd &amp#27;[0m&amp#27;[36mclick 'user' button&amp#27;[0m                 &amp#27;[90m# ViewStudentSteps.clickUserButton()&amp#27;[0m
    &amp#27;[36mThen &amp#27;[0m&amp#27;[36mStudent click 'Profile' option&amp#27;[0m     &amp#27;[90m# ViewStudentSteps.studentClickProfileOption()&amp#27;[0m
    &amp#27;[36mAnd &amp#27;[0m&amp#27;[36mGo to Student Profile&amp#27;[0m               &amp#27;[90m# ViewStudentSteps.goToStudentProfile()&amp#27;[0m
]]></system-out>
    <system-err><![CDATA[Starting ChromeDriver 110.0.5481.77 (65ed616c6e8ee3fe0ad64fe83796c020644d42af-refs/branch-heads/5481@{#839}) on port 49905
Only local connections are allowed.
Please see https://chromedriver.chromium.org/security-considerations for suggestions on keeping ChromeDriver safe.
ChromeDriver was started successfully.
[1676556716.183][WARNING]: virtual void DevToolsClientImpl::AddListener(DevToolsEventListener *) subscribing a listener to the already connected DevToolsClient. Connection notification will not arrive.
Feb 16, 2023 9:11:56 PM org.openqa.selenium.remote.ProtocolHandshake createSession
INFO: Detected dialect: W3C
Feb 16, 2023 9:11:56 PM org.openqa.selenium.devtools.CdpVersionFinder findNearestMatch
WARNING: Unable to find an exact match for CDP version 110, so returning the closest version found: a no-op implementation
Feb 16, 2023 9:11:56 PM org.openqa.selenium.devtools.CdpVersionFinder findNearestMatch
INFO: Unable to find CDP implementation matching 110.
Feb 16, 2023 9:11:56 PM org.openqa.selenium.chromium.ChromiumDriver lambda$new$3
WARNING: Unable to find version of CDP to use for . You may need to include a dependency on a specific version of the CDP using something similar to `org.seleniumhq.selenium:selenium-devtools-v86:4.1.2` where the version ("v86") matches the version of the chromium-based browser you're using and the version number of the artifact is the same as Selenium's.
]]></system-err>
  </testcase>
  <testcase name="When User click avatar navigation" classname="Scenario: Verify &apos;Profile Picture&apos; is Displayed" time="0"/>
  <testcase name="And User click menu Masuk" classname="Scenario: Verify &apos;Profile Picture&apos; is Displayed" time="0"/>
  <testcase name="And User input &quot;herdiladania11@gmail.com&quot; as email and input &quot;fe123&quot; as password" classname="Scenario: Verify &apos;Profile Picture&apos; is Displayed" time="0"/>
  <testcase name="And User clicked masuk button" classname="Scenario: Verify &apos;Profile Picture&apos; is Displayed" time="0"/>
  <testcase name="Given User move to Profile Page" classname="Scenario: Verify &apos;Profile Picture&apos; is Displayed" time="0">
    <system-out><![CDATA[
  Background:                                                                        &amp#27;[90m# features/ViewStudent.feature:4&amp#27;[0m
    &amp#27;[32mGiven &amp#27;[0m&amp#27;[32mUser open the website GuruMu&amp#27;[0m                                               &amp#27;[90m# LoginSteps.userOpenTheWebsiteGuruMu()&amp#27;[0m
    &amp#27;[32mWhen &amp#27;[0m&amp#27;[32mUser click avatar navigation&amp#27;[0m                                                &amp#27;[90m# LoginSteps.userClickAvatarNavigation()&amp#27;[0m
    &amp#27;[32mAnd &amp#27;[0m&amp#27;[32mUser click menu Masuk&amp#27;[0m                                                        &amp#27;[90m# LoginSteps.userClickMenuMasuk()&amp#27;[0m
    &amp#27;[32mAnd &amp#27;[0m&amp#27;[32mUser input "&amp#27;[0m&amp#27;[32m&amp#27;[1mherdiladania11@gmail.com&amp#27;[0m&amp#27;[32m" as email and input "&amp#27;[0m&amp#27;[32m&amp#27;[1mfe123&amp#27;[0m&amp#27;[32m" as password&amp#27;[0m &amp#27;[90m# LoginSteps.inputCredential(String,String)&amp#27;[0m
    &amp#27;[32mAnd &amp#27;[0m&amp#27;[32mUser clicked masuk button&amp#27;[0m                                                    &amp#27;[90m# LoginSteps.userClickMasukButton()&amp#27;[0m
]]></system-out>
  </testcase>
  <testcase name="When Student already on User&apos;s Profile Page" classname="Scenario: Verify &apos;Profile Picture&apos; is Displayed" time="0"/>
  <testcase name="Then Student verifies &apos;Profile Picture&apos;" classname="Scenario: Verify &apos;Profile Picture&apos; is Displayed" time="0"/>
  <testcase name="And Profile picture is displayed" classname="Scenario: Verify &apos;Profile Picture&apos; is Displayed" time="0"/>
  <testcase name="" classname="Scenario: Verify &apos;Profile Picture&apos; is Displayed" time="0.113"/>
  <testcase name="Given User open the website GuruMu" classname="Scenario: Verify &apos;Name&apos; is Displayed" time="0.001">
    <system-out><![CDATA[
  Scenario: Verify 'Profile Picture' is Displayed &amp#27;[90m# features/ViewStudent.feature:19&amp#27;[0m
    &amp#27;[32mGiven &amp#27;[0m&amp#27;[32mUser move to Profile Page&amp#27;[0m               &amp#27;[90m# PenilaianUlasanSteps.userMoveToProfilePage()&amp#27;[0m
    &amp#27;[32mWhen &amp#27;[0m&amp#27;[32mStudent already on User's Profile Page&amp#27;[0m   &amp#27;[90m# ViewStudentSteps.studentAlreadyOnUserSProfilePage()&amp#27;[0m
    &amp#27;[32mThen &amp#27;[0m&amp#27;[32mStudent verifies 'Profile Picture'&amp#27;[0m       &amp#27;[90m# ViewStudentSteps.studentVerifiesProfilePicture()&amp#27;[0m
    &amp#27;[32mAnd &amp#27;[0m&amp#27;[32mProfile picture is displayed&amp#27;[0m              &amp#27;[90m# ViewStudentSteps.profilePictureIsDisplayed()&amp#27;[0m
]]></system-out>
    <system-err><![CDATA[Starting ChromeDriver 110.0.5481.77 (65ed616c6e8ee3fe0ad64fe83796c020644d42af-refs/branch-heads/5481@{#839}) on port 61404
Only local connections are allowed.
Please see https://chromedriver.chromium.org/security-considerations for suggestions on keeping ChromeDriver safe.
ChromeDriver was started successfully.
[1676556746.518][WARNING]: virtual void DevToolsClientImpl::AddListener(DevToolsEventListener *) subscribing a listener to the already connected DevToolsClient. Connection notification will not arrive.
Feb 16, 2023 9:12:26 PM org.openqa.selenium.remote.ProtocolHandshake createSession
INFO: Detected dialect: W3C
Feb 16, 2023 9:12:26 PM org.openqa.selenium.devtools.CdpVersionFinder findNearestMatch
WARNING: Unable to find an exact match for CDP version 110, so returning the closest version found: a no-op implementation
Feb 16, 2023 9:12:26 PM org.openqa.selenium.devtools.CdpVersionFinder findNearestMatch
INFO: Unable to find CDP implementation matching 110.
Feb 16, 2023 9:12:26 PM org.openqa.selenium.chromium.ChromiumDriver lambda$new$3
WARNING: Unable to find version of CDP to use for . You may need to include a dependency on a specific version of the CDP using something similar to `org.seleniumhq.selenium:selenium-devtools-v86:4.1.2` where the version ("v86") matches the version of the chromium-based browser you're using and the version number of the artifact is the same as Selenium's.
]]></system-err>
  </testcase>
  <testcase name="When User click avatar navigation" classname="Scenario: Verify &apos;Name&apos; is Displayed" time="0"/>
  <testcase name="And User click menu Masuk" classname="Scenario: Verify &apos;Name&apos; is Displayed" time="0"/>
  <testcase name="And User input &quot;herdiladania11@gmail.com&quot; as email and input &quot;fe123&quot; as password" classname="Scenario: Verify &apos;Name&apos; is Displayed" time="0"/>
  <testcase name="And User clicked masuk button" classname="Scenario: Verify &apos;Name&apos; is Displayed" time="0"/>
  <testcase name="Given User move to Profile Page" classname="Scenario: Verify &apos;Name&apos; is Displayed" time="0">
    <system-out><![CDATA[
  Background:                                                                        &amp#27;[90m# features/ViewStudent.feature:4&amp#27;[0m
    &amp#27;[32mGiven &amp#27;[0m&amp#27;[32mUser open the website GuruMu&amp#27;[0m                                               &amp#27;[90m# LoginSteps.userOpenTheWebsiteGuruMu()&amp#27;[0m
    &amp#27;[32mWhen &amp#27;[0m&amp#27;[32mUser click avatar navigation&amp#27;[0m                                                &amp#27;[90m# LoginSteps.userClickAvatarNavigation()&amp#27;[0m
    &amp#27;[32mAnd &amp#27;[0m&amp#27;[32mUser click menu Masuk&amp#27;[0m                                                        &amp#27;[90m# LoginSteps.userClickMenuMasuk()&amp#27;[0m
    &amp#27;[32mAnd &amp#27;[0m&amp#27;[32mUser input "&amp#27;[0m&amp#27;[32m&amp#27;[1mherdiladania11@gmail.com&amp#27;[0m&amp#27;[32m" as email and input "&amp#27;[0m&amp#27;[32m&amp#27;[1mfe123&amp#27;[0m&amp#27;[32m" as password&amp#27;[0m &amp#27;[90m# LoginSteps.inputCredential(String,String)&amp#27;[0m
    &amp#27;[32mAnd &amp#27;[0m&amp#27;[32mUser clicked masuk button&amp#27;[0m                                                    &amp#27;[90m# LoginSteps.userClickMasukButton()&amp#27;[0m
]]></system-out>
  </testcase>
  <testcase name="When Student already on User&apos;s Profile Page" classname="Scenario: Verify &apos;Name&apos; is Displayed" time="0"/>
  <testcase name="Then Student verifies &apos;Name&apos;" classname="Scenario: Verify &apos;Name&apos; is Displayed" time="0"/>
  <testcase name="And Name is displayed" classname="Scenario: Verify &apos;Name&apos; is Displayed" time="0"/>
  <testcase name="" classname="Scenario: Verify &apos;Name&apos; is Displayed" time="0.117"/>
  <testcase name="Given User open the website GuruMu" classname="Scenario: Verify &apos;Email&apos; is Displayed" time="0">
    <system-out><![CDATA[
  Scenario: Verify 'Name' is Displayed          &amp#27;[90m# features/ViewStudent.feature:25&amp#27;[0m
    &amp#27;[32mGiven &amp#27;[0m&amp#27;[32mUser move to Profile Page&amp#27;[0m             &amp#27;[90m# PenilaianUlasanSteps.userMoveToProfilePage()&amp#27;[0m
    &amp#27;[32mWhen &amp#27;[0m&amp#27;[32mStudent already on User's Profile Page&amp#27;[0m &amp#27;[90m# ViewStudentSteps.studentAlreadyOnUserSProfilePage()&amp#27;[0m
    &amp#27;[32mThen &amp#27;[0m&amp#27;[32mStudent verifies 'Name'&amp#27;[0m                &amp#27;[90m# ViewStudentSteps.studentVerifiesName()&amp#27;[0m
    &amp#27;[32mAnd &amp#27;[0m&amp#27;[32mName is displayed&amp#27;[0m                       &amp#27;[90m# ViewStudentSteps.nameIsDisplayed()&amp#27;[0m
]]></system-out>
    <system-err><![CDATA[Starting ChromeDriver 110.0.5481.77 (65ed616c6e8ee3fe0ad64fe83796c020644d42af-refs/branch-heads/5481@{#839}) on port 50695
Only local connections are allowed.
Please see https://chromedriver.chromium.org/security-considerations for suggestions on keeping ChromeDriver safe.
ChromeDriver was started successfully.
[1676556779.082][WARNING]: virtual void DevToolsClientImpl::AddListener(DevToolsEventListener *) subscribing a listener to the already connected DevToolsClient. Connection notification will not arrive.
Feb 16, 2023 9:12:59 PM org.openqa.selenium.remote.ProtocolHandshake createSession
INFO: Detected dialect: W3C
Feb 16, 2023 9:12:59 PM org.openqa.selenium.devtools.CdpVersionFinder findNearestMatch
WARNING: Unable to find an exact match for CDP version 110, so returning the closest version found: a no-op implementation
Feb 16, 2023 9:12:59 PM org.openqa.selenium.devtools.CdpVersionFinder findNearestMatch
INFO: Unable to find CDP implementation matching 110.
Feb 16, 2023 9:12:59 PM org.openqa.selenium.chromium.ChromiumDriver lambda$new$3
WARNING: Unable to find version of CDP to use for . You may need to include a dependency on a specific version of the CDP using something similar to `org.seleniumhq.selenium:selenium-devtools-v86:4.1.2` where the version ("v86") matches the version of the chromium-based browser you're using and the version number of the artifact is the same as Selenium's.
]]></system-err>
  </testcase>
  <testcase name="When User click avatar navigation" classname="Scenario: Verify &apos;Email&apos; is Displayed" time="0"/>
  <testcase name="And User click menu Masuk" classname="Scenario: Verify &apos;Email&apos; is Displayed" time="0"/>
  <testcase name="And User input &quot;herdiladania11@gmail.com&quot; as email and input &quot;fe123&quot; as password" classname="Scenario: Verify &apos;Email&apos; is Displayed" time="0"/>
  <testcase name="And User clicked masuk button" classname="Scenario: Verify &apos;Email&apos; is Displayed" time="0"/>
  <testcase name="Given User move to Profile Page" classname="Scenario: Verify &apos;Email&apos; is Displayed" time="0">
    <system-out><![CDATA[
  Background:                                                                        &amp#27;[90m# features/ViewStudent.feature:4&amp#27;[0m
    &amp#27;[32mGiven &amp#27;[0m&amp#27;[32mUser open the website GuruMu&amp#27;[0m                                               &amp#27;[90m# LoginSteps.userOpenTheWebsiteGuruMu()&amp#27;[0m
    &amp#27;[32mWhen &amp#27;[0m&amp#27;[32mUser click avatar navigation&amp#27;[0m                                                &amp#27;[90m# LoginSteps.userClickAvatarNavigation()&amp#27;[0m
    &amp#27;[32mAnd &amp#27;[0m&amp#27;[32mUser click menu Masuk&amp#27;[0m                                                        &amp#27;[90m# LoginSteps.userClickMenuMasuk()&amp#27;[0m
    &amp#27;[32mAnd &amp#27;[0m&amp#27;[32mUser input "&amp#27;[0m&amp#27;[32m&amp#27;[1mherdiladania11@gmail.com&amp#27;[0m&amp#27;[32m" as email and input "&amp#27;[0m&amp#27;[32m&amp#27;[1mfe123&amp#27;[0m&amp#27;[32m" as password&amp#27;[0m &amp#27;[90m# LoginSteps.inputCredential(String,String)&amp#27;[0m
    &amp#27;[32mAnd &amp#27;[0m&amp#27;[32mUser clicked masuk button&amp#27;[0m                                                    &amp#27;[90m# LoginSteps.userClickMasukButton()&amp#27;[0m
]]></system-out>
  </testcase>
  <testcase name="When Student already on User&apos;s Profile Page" classname="Scenario: Verify &apos;Email&apos; is Displayed" time="0"/>
  <testcase name="Then Student verifies &apos;Email&apos;" classname="Scenario: Verify &apos;Email&apos; is Displayed" time="0"/>
  <testcase name="And Email is displayed" classname="Scenario: Verify &apos;Email&apos; is Displayed" time="0.001"/>
  <testcase name="" classname="Scenario: Verify &apos;Email&apos; is Displayed" time="0.12"/>
  <testcase name="Given User open the website GuruMu" classname="Scenario: Verify &apos;Handphone&apos; is Displayed\" time="0">
    <system-out><![CDATA[
  Scenario: Verify 'Email' is Displayed         &amp#27;[90m# features/ViewStudent.feature:31&amp#27;[0m
    &amp#27;[32mGiven &amp#27;[0m&amp#27;[32mUser move to Profile Page&amp#27;[0m             &amp#27;[90m# PenilaianUlasanSteps.userMoveToProfilePage()&amp#27;[0m
    &amp#27;[32mWhen &amp#27;[0m&amp#27;[32mStudent already on User's Profile Page&amp#27;[0m &amp#27;[90m# ViewStudentSteps.studentAlreadyOnUserSProfilePage()&amp#27;[0m
    &amp#27;[32mThen &amp#27;[0m&amp#27;[32mStudent verifies 'Email'&amp#27;[0m               &amp#27;[90m# ViewStudentSteps.studentVerifiesEmail()&amp#27;[0m
    &amp#27;[32mAnd &amp#27;[0m&amp#27;[32mEmail is displayed&amp#27;[0m                      &amp#27;[90m# ViewStudentSteps.emailIsDisplayed()&amp#27;[0m
]]></system-out>
    <system-err><![CDATA[Starting ChromeDriver 110.0.5481.77 (65ed616c6e8ee3fe0ad64fe83796c020644d42af-refs/branch-heads/5481@{#839}) on port 57315
Only local connections are allowed.
Please see https://chromedriver.chromium.org/security-considerations for suggestions on keeping ChromeDriver safe.
ChromeDriver was started successfully.
[1676556813.917][WARNING]: virtual void DevToolsClientImpl::AddListener(DevToolsEventListener *) subscribing a listener to the already connected DevToolsClient. Connection notification will not arrive.
Feb 16, 2023 9:13:34 PM org.openqa.selenium.remote.ProtocolHandshake createSession
INFO: Detected dialect: W3C
Feb 16, 2023 9:13:34 PM org.openqa.selenium.devtools.CdpVersionFinder findNearestMatch
WARNING: Unable to find an exact match for CDP version 110, so returning the closest version found: a no-op implementation
Feb 16, 2023 9:13:34 PM org.openqa.selenium.devtools.CdpVersionFinder findNearestMatch
INFO: Unable to find CDP implementation matching 110.
Feb 16, 2023 9:13:34 PM org.openqa.selenium.chromium.ChromiumDriver lambda$new$3
WARNING: Unable to find version of CDP to use for . You may need to include a dependency on a specific version of the CDP using something similar to `org.seleniumhq.selenium:selenium-devtools-v86:4.1.2` where the version ("v86") matches the version of the chromium-based browser you're using and the version number of the artifact is the same as Selenium's.
]]></system-err>
  </testcase>
  <testcase name="When User click avatar navigation" classname="Scenario: Verify &apos;Handphone&apos; is Displayed\" time="0"/>
  <testcase name="And User click menu Masuk" classname="Scenario: Verify &apos;Handphone&apos; is Displayed\" time="0"/>
  <testcase name="And User input &quot;herdiladania11@gmail.com&quot; as email and input &quot;fe123&quot; as password" classname="Scenario: Verify &apos;Handphone&apos; is Displayed\" time="0"/>
  <testcase name="And User clicked masuk button" classname="Scenario: Verify &apos;Handphone&apos; is Displayed\" time="0"/>
  <testcase name="Given User move to Profile Page" classname="Scenario: Verify &apos;Handphone&apos; is Displayed\" time="0">
    <system-out><![CDATA[
  Background:                                                                        &amp#27;[90m# features/ViewStudent.feature:4&amp#27;[0m
    &amp#27;[32mGiven &amp#27;[0m&amp#27;[32mUser open the website GuruMu&amp#27;[0m                                               &amp#27;[90m# LoginSteps.userOpenTheWebsiteGuruMu()&amp#27;[0m
    &amp#27;[32mWhen &amp#27;[0m&amp#27;[32mUser click avatar navigation&amp#27;[0m                                                &amp#27;[90m# LoginSteps.userClickAvatarNavigation()&amp#27;[0m
    &amp#27;[32mAnd &amp#27;[0m&amp#27;[32mUser click menu Masuk&amp#27;[0m                                                        &amp#27;[90m# LoginSteps.userClickMenuMasuk()&amp#27;[0m
    &amp#27;[32mAnd &amp#27;[0m&amp#27;[32mUser input "&amp#27;[0m&amp#27;[32m&amp#27;[1mherdiladania11@gmail.com&amp#27;[0m&amp#27;[32m" as email and input "&amp#27;[0m&amp#27;[32m&amp#27;[1mfe123&amp#27;[0m&amp#27;[32m" as password&amp#27;[0m &amp#27;[90m# LoginSteps.inputCredential(String,String)&amp#27;[0m
    &amp#27;[32mAnd &amp#27;[0m&amp#27;[32mUser clicked masuk button&amp#27;[0m                                                    &amp#27;[90m# LoginSteps.userClickMasukButton()&amp#27;[0m
]]></system-out>
  </testcase>
  <testcase name="When Student already on User&apos;s Profile Page" classname="Scenario: Verify &apos;Handphone&apos; is Displayed\" time="0"/>
  <testcase name="Then Student verifies &apos;Handphone&apos;" classname="Scenario: Verify &apos;Handphone&apos; is Displayed\" time="0"/>
  <testcase name="And Handphone is displayed" classname="Scenario: Verify &apos;Handphone&apos; is Displayed\" time="0"/>
  <testcase name="" classname="Scenario: Verify &apos;Handphone&apos; is Displayed\" time="0.117"/>
  <testcase name="Given User open the website GuruMu" classname="Scenario: Verify &apos;Alamat&apos; is Displayed" time="0">
    <system-out><![CDATA[
  Scenario: Verify 'Handphone' is Displayed\    &amp#27;[90m# features/ViewStudent.feature:37&amp#27;[0m
    &amp#27;[32mGiven &amp#27;[0m&amp#27;[32mUser move to Profile Page&amp#27;[0m             &amp#27;[90m# PenilaianUlasanSteps.userMoveToProfilePage()&amp#27;[0m
    &amp#27;[32mWhen &amp#27;[0m&amp#27;[32mStudent already on User's Profile Page&amp#27;[0m &amp#27;[90m# ViewStudentSteps.studentAlreadyOnUserSProfilePage()&amp#27;[0m
    &amp#27;[32mThen &amp#27;[0m&amp#27;[32mStudent verifies 'Handphone'&amp#27;[0m           &amp#27;[90m# ViewStudentSteps.studentVerifiesHandphone()&amp#27;[0m
    &amp#27;[32mAnd &amp#27;[0m&amp#27;[32mHandphone is displayed&amp#27;[0m                  &amp#27;[90m# ViewStudentSteps.handphoneIsDisplayed()&amp#27;[0m
]]></system-out>
    <system-err><![CDATA[Starting ChromeDriver 110.0.5481.77 (65ed616c6e8ee3fe0ad64fe83796c020644d42af-refs/branch-heads/5481@{#839}) on port 61066
Only local connections are allowed.
Please see https://chromedriver.chromium.org/security-considerations for suggestions on keeping ChromeDriver safe.
ChromeDriver was started successfully.
[1676556846.460][WARNING]: virtual void DevToolsClientImpl::AddListener(DevToolsEventListener *) subscribing a listener to the already connected DevToolsClient. Connection notification will not arrive.
Feb 16, 2023 9:14:06 PM org.openqa.selenium.remote.ProtocolHandshake createSession
INFO: Detected dialect: W3C
Feb 16, 2023 9:14:06 PM org.openqa.selenium.devtools.CdpVersionFinder findNearestMatch
WARNING: Unable to find an exact match for CDP version 110, so returning the closest version found: a no-op implementation
Feb 16, 2023 9:14:06 PM org.openqa.selenium.devtools.CdpVersionFinder findNearestMatch
INFO: Unable to find CDP implementation matching 110.
Feb 16, 2023 9:14:06 PM org.openqa.selenium.chromium.ChromiumDriver lambda$new$3
WARNING: Unable to find version of CDP to use for . You may need to include a dependency on a specific version of the CDP using something similar to `org.seleniumhq.selenium:selenium-devtools-v86:4.1.2` where the version ("v86") matches the version of the chromium-based browser you're using and the version number of the artifact is the same as Selenium's.
]]></system-err>
  </testcase>
  <testcase name="When User click avatar navigation" classname="Scenario: Verify &apos;Alamat&apos; is Displayed" time="0"/>
  <testcase name="And User click menu Masuk" classname="Scenario: Verify &apos;Alamat&apos; is Displayed" time="0"/>
  <testcase name="And User input &quot;herdiladania11@gmail.com&quot; as email and input &quot;fe123&quot; as password" classname="Scenario: Verify &apos;Alamat&apos; is Displayed" time="0"/>
  <testcase name="And User clicked masuk button" classname="Scenario: Verify &apos;Alamat&apos; is Displayed" time="0.001"/>
  <testcase name="Given User move to Profile Page" classname="Scenario: Verify &apos;Alamat&apos; is Displayed" time="0">
    <system-out><![CDATA[
  Background:                                                                        &amp#27;[90m# features/ViewStudent.feature:4&amp#27;[0m
    &amp#27;[32mGiven &amp#27;[0m&amp#27;[32mUser open the website GuruMu&amp#27;[0m                                               &amp#27;[90m# LoginSteps.userOpenTheWebsiteGuruMu()&amp#27;[0m
    &amp#27;[32mWhen &amp#27;[0m&amp#27;[32mUser click avatar navigation&amp#27;[0m                                                &amp#27;[90m# LoginSteps.userClickAvatarNavigation()&amp#27;[0m
    &amp#27;[32mAnd &amp#27;[0m&amp#27;[32mUser click menu Masuk&amp#27;[0m                                                        &amp#27;[90m# LoginSteps.userClickMenuMasuk()&amp#27;[0m
    &amp#27;[32mAnd &amp#27;[0m&amp#27;[32mUser input "&amp#27;[0m&amp#27;[32m&amp#27;[1mherdiladania11@gmail.com&amp#27;[0m&amp#27;[32m" as email and input "&amp#27;[0m&amp#27;[32m&amp#27;[1mfe123&amp#27;[0m&amp#27;[32m" as password&amp#27;[0m &amp#27;[90m# LoginSteps.inputCredential(String,String)&amp#27;[0m
    &amp#27;[32mAnd &amp#27;[0m&amp#27;[32mUser clicked masuk button&amp#27;[0m                                                    &amp#27;[90m# LoginSteps.userClickMasukButton()&amp#27;[0m
]]></system-out>
  </testcase>
  <testcase name="When Student already on User&apos;s Profile Page" classname="Scenario: Verify &apos;Alamat&apos; is Displayed" time="0"/>
  <testcase name="Then Student verifies &apos;Alamat&apos;" classname="Scenario: Verify &apos;Alamat&apos; is Displayed" time="0"/>
  <testcase name="And Alamat is displayed" classname="Scenario: Verify &apos;Alamat&apos; is Displayed" time="0"/>
  <testcase name="" classname="Scenario: Verify &apos;Alamat&apos; is Displayed" time="0.115"/>
  <testcase name="Given User open the website GuruMu" classname="Scenario: Verify &apos;Profile&apos; button is enabled" time="0">
    <system-out><![CDATA[
  Scenario: Verify 'Alamat' is Displayed        &amp#27;[90m# features/ViewStudent.feature:43&amp#27;[0m
    &amp#27;[32mGiven &amp#27;[0m&amp#27;[32mUser move to Profile Page&amp#27;[0m             &amp#27;[90m# PenilaianUlasanSteps.userMoveToProfilePage()&amp#27;[0m
    &amp#27;[32mWhen &amp#27;[0m&amp#27;[32mStudent already on User's Profile Page&amp#27;[0m &amp#27;[90m# ViewStudentSteps.studentAlreadyOnUserSProfilePage()&amp#27;[0m
    &amp#27;[32mThen &amp#27;[0m&amp#27;[32mStudent verifies 'Alamat'&amp#27;[0m              &amp#27;[90m# ViewStudentSteps.studentVerifiesAlamat()&amp#27;[0m
    &amp#27;[32mAnd &amp#27;[0m&amp#27;[32mAlamat is displayed&amp#27;[0m                     &amp#27;[90m# ViewStudentSteps.alamatIsDisplayed()&amp#27;[0m
]]></system-out>
    <system-err><![CDATA[Starting ChromeDriver 110.0.5481.77 (65ed616c6e8ee3fe0ad64fe83796c020644d42af-refs/branch-heads/5481@{#839}) on port 62725
Only local connections are allowed.
Please see https://chromedriver.chromium.org/security-considerations for suggestions on keeping ChromeDriver safe.
ChromeDriver was started successfully.
[1676556881.617][WARNING]: virtual void DevToolsClientImpl::AddListener(DevToolsEventListener *) subscribing a listener to the already connected DevToolsClient. Connection notification will not arrive.
Feb 16, 2023 9:14:41 PM org.openqa.selenium.remote.ProtocolHandshake createSession
INFO: Detected dialect: W3C
Feb 16, 2023 9:14:41 PM org.openqa.selenium.devtools.CdpVersionFinder findNearestMatch
WARNING: Unable to find an exact match for CDP version 110, so returning the closest version found: a no-op implementation
Feb 16, 2023 9:14:41 PM org.openqa.selenium.devtools.CdpVersionFinder findNearestMatch
INFO: Unable to find CDP implementation matching 110.
Feb 16, 2023 9:14:41 PM org.openqa.selenium.chromium.ChromiumDriver lambda$new$3
WARNING: Unable to find version of CDP to use for . You may need to include a dependency on a specific version of the CDP using something similar to `org.seleniumhq.selenium:selenium-devtools-v86:4.1.2` where the version ("v86") matches the version of the chromium-based browser you're using and the version number of the artifact is the same as Selenium's.
]]></system-err>
  </testcase>
  <testcase name="When User click avatar navigation" classname="Scenario: Verify &apos;Profile&apos; button is enabled" time="0"/>
  <testcase name="And User click menu Masuk" classname="Scenario: Verify &apos;Profile&apos; button is enabled" time="0"/>
  <testcase name="And User input &quot;herdiladania11@gmail.com&quot; as email and input &quot;fe123&quot; as password" classname="Scenario: Verify &apos;Profile&apos; button is enabled" time="0"/>
  <testcase name="And User clicked masuk button" classname="Scenario: Verify &apos;Profile&apos; button is enabled" time="0"/>
  <testcase name="Given User move to Profile Page" classname="Scenario: Verify &apos;Profile&apos; button is enabled" time="0">
    <system-out><![CDATA[
  Background:                                                                        &amp#27;[90m# features/ViewStudent.feature:4&amp#27;[0m
    &amp#27;[32mGiven &amp#27;[0m&amp#27;[32mUser open the website GuruMu&amp#27;[0m                                               &amp#27;[90m# LoginSteps.userOpenTheWebsiteGuruMu()&amp#27;[0m
    &amp#27;[32mWhen &amp#27;[0m&amp#27;[32mUser click avatar navigation&amp#27;[0m                                                &amp#27;[90m# LoginSteps.userClickAvatarNavigation()&amp#27;[0m
    &amp#27;[32mAnd &amp#27;[0m&amp#27;[32mUser click menu Masuk&amp#27;[0m                                                        &amp#27;[90m# LoginSteps.userClickMenuMasuk()&amp#27;[0m
    &amp#27;[32mAnd &amp#27;[0m&amp#27;[32mUser input "&amp#27;[0m&amp#27;[32m&amp#27;[1mherdiladania11@gmail.com&amp#27;[0m&amp#27;[32m" as email and input "&amp#27;[0m&amp#27;[32m&amp#27;[1mfe123&amp#27;[0m&amp#27;[32m" as password&amp#27;[0m &amp#27;[90m# LoginSteps.inputCredential(String,String)&amp#27;[0m
    &amp#27;[32mAnd &amp#27;[0m&amp#27;[32mUser clicked masuk button&amp#27;[0m                                                    &amp#27;[90m# LoginSteps.userClickMasukButton()&amp#27;[0m
]]></system-out>
  </testcase>
  <testcase name="When Student already on User&apos;s Profile Page" classname="Scenario: Verify &apos;Profile&apos; button is enabled" time="0"/>
  <testcase name="Then Student click &apos;Profile&apos; button" classname="Scenario: Verify &apos;Profile&apos; button is enabled" time="0"/>
  <testcase name="Then button is enabled" classname="Scenario: Verify &apos;Profile&apos; button is enabled" time="0"/>
  <testcase name="And Show Profile sidebar" classname="Scenario: Verify &apos;Profile&apos; button is enabled" time="0.001"/>
  <testcase name="" classname="Scenario: Verify &apos;Profile&apos; button is enabled" time="0.113"/>
  <testcase name="Given User open the website GuruMu" classname="Scenario: Verify &apos;Riwayat&apos; button is enabled" time="0.005">
    <system-out><![CDATA[
  Scenario: Verify 'Profile' button is enabled  &amp#27;[90m# features/ViewStudent.feature:49&amp#27;[0m
    &amp#27;[32mGiven &amp#27;[0m&amp#27;[32mUser move to Profile Page&amp#27;[0m             &amp#27;[90m# PenilaianUlasanSteps.userMoveToProfilePage()&amp#27;[0m
    &amp#27;[32mWhen &amp#27;[0m&amp#27;[32mStudent already on User's Profile Page&amp#27;[0m &amp#27;[90m# ViewStudentSteps.studentAlreadyOnUserSProfilePage()&amp#27;[0m
    &amp#27;[32mThen &amp#27;[0m&amp#27;[32mStudent click 'Profile' button&amp#27;[0m         &amp#27;[90m# ViewStudentSteps.studentClickProfileButton()&amp#27;[0m
    &amp#27;[32mThen &amp#27;[0m&amp#27;[32mbutton is enabled&amp#27;[0m                      &amp#27;[90m# ViewStudentSteps.buttonIsEnabled()&amp#27;[0m
    &amp#27;[32mAnd &amp#27;[0m&amp#27;[32mShow Profile sidebar&amp#27;[0m                    &amp#27;[90m# ViewStudentSteps.showProfileSidebar()&amp#27;[0m
]]></system-out>
    <system-err><![CDATA[Starting ChromeDriver 110.0.5481.77 (65ed616c6e8ee3fe0ad64fe83796c020644d42af-refs/branch-heads/5481@{#839}) on port 59387
Only local connections are allowed.
Please see https://chromedriver.chromium.org/security-considerations for suggestions on keeping ChromeDriver safe.
ChromeDriver was started successfully.
[1676556914.048][WARNING]: virtual void DevToolsClientImpl::AddListener(DevToolsEventListener *) subscribing a listener to the already connected DevToolsClient. Connection notification will not arrive.
Feb 16, 2023 9:15:14 PM org.openqa.selenium.remote.ProtocolHandshake createSession
INFO: Detected dialect: W3C
Feb 16, 2023 9:15:14 PM org.openqa.selenium.devtools.CdpVersionFinder findNearestMatch
WARNING: Unable to find an exact match for CDP version 110, so returning the closest version found: a no-op implementation
Feb 16, 2023 9:15:14 PM org.openqa.selenium.devtools.CdpVersionFinder findNearestMatch
INFO: Unable to find CDP implementation matching 110.
Feb 16, 2023 9:15:14 PM org.openqa.selenium.chromium.ChromiumDriver lambda$new$3
WARNING: Unable to find version of CDP to use for . You may need to include a dependency on a specific version of the CDP using something similar to `org.seleniumhq.selenium:selenium-devtools-v86:4.1.2` where the version ("v86") matches the version of the chromium-based browser you're using and the version number of the artifact is the same as Selenium's.
]]></system-err>
  </testcase>
  <testcase name="When User click avatar navigation" classname="Scenario: Verify &apos;Riwayat&apos; button is enabled" time="0.001"/>
  <testcase name="And User click menu Masuk" classname="Scenario: Verify &apos;Riwayat&apos; button is enabled" time="0"/>
  <testcase name="And User input &quot;herdiladania11@gmail.com&quot; as email and input &quot;fe123&quot; as password" classname="Scenario: Verify &apos;Riwayat&apos; button is enabled" time="0"/>
  <testcase name="And User clicked masuk button" classname="Scenario: Verify &apos;Riwayat&apos; button is enabled" time="0"/>
  <testcase name="Given User move to Profile Page" classname="Scenario: Verify &apos;Riwayat&apos; button is enabled" time="0">
    <system-out><![CDATA[
  Background:                                                                        &amp#27;[90m# features/ViewStudent.feature:4&amp#27;[0m
    &amp#27;[32mGiven &amp#27;[0m&amp#27;[32mUser open the website GuruMu&amp#27;[0m                                               &amp#27;[90m# LoginSteps.userOpenTheWebsiteGuruMu()&amp#27;[0m
    &amp#27;[32mWhen &amp#27;[0m&amp#27;[32mUser click avatar navigation&amp#27;[0m                                                &amp#27;[90m# LoginSteps.userClickAvatarNavigation()&amp#27;[0m
    &amp#27;[32mAnd &amp#27;[0m&amp#27;[32mUser click menu Masuk&amp#27;[0m                                                        &amp#27;[90m# LoginSteps.userClickMenuMasuk()&amp#27;[0m
    &amp#27;[32mAnd &amp#27;[0m&amp#27;[32mUser input "&amp#27;[0m&amp#27;[32m&amp#27;[1mherdiladania11@gmail.com&amp#27;[0m&amp#27;[32m" as email and input "&amp#27;[0m&amp#27;[32m&amp#27;[1mfe123&amp#27;[0m&amp#27;[32m" as password&amp#27;[0m &amp#27;[90m# LoginSteps.inputCredential(String,String)&amp#27;[0m
    &amp#27;[32mAnd &amp#27;[0m&amp#27;[32mUser clicked masuk button&amp#27;[0m                                                    &amp#27;[90m# LoginSteps.userClickMasukButton()&amp#27;[0m
]]></system-out>
  </testcase>
  <testcase name="When Student already on User&apos;s Profile Page" classname="Scenario: Verify &apos;Riwayat&apos; button is enabled" time="0"/>
  <testcase name="Then Student click &apos;Riwayat&apos; button" classname="Scenario: Verify &apos;Riwayat&apos; button is enabled" time="0"/>
  <testcase name="Then button is enabled" classname="Scenario: Verify &apos;Riwayat&apos; button is enabled" time="0"/>
  <testcase name="And Show Riwayat sidebar" classname="Scenario: Verify &apos;Riwayat&apos; button is enabled" time="0"/>
  <testcase name="" classname="Scenario: Verify &apos;Riwayat&apos; button is enabled" time="0.109"/>
  <testcase name="Given User open the website GuruMu" classname="Scenario: Verify &apos;Sedang Berlangsung&apos; button is enabled" time="0">
    <system-out><![CDATA[
  Scenario: Verify 'Riwayat' button is enabled  &amp#27;[90m# features/ViewStudent.feature:56&amp#27;[0m
    &amp#27;[32mGiven &amp#27;[0m&amp#27;[32mUser move to Profile Page&amp#27;[0m             &amp#27;[90m# PenilaianUlasanSteps.userMoveToProfilePage()&amp#27;[0m
    &amp#27;[32mWhen &amp#27;[0m&amp#27;[32mStudent already on User's Profile Page&amp#27;[0m &amp#27;[90m# ViewStudentSteps.studentAlreadyOnUserSProfilePage()&amp#27;[0m
    &amp#27;[32mThen &amp#27;[0m&amp#27;[32mStudent click 'Riwayat' button&amp#27;[0m         &amp#27;[90m# ViewStudentSteps.studentClickRiwayatButton()&amp#27;[0m
    &amp#27;[32mThen &amp#27;[0m&amp#27;[32mbutton is enabled&amp#27;[0m                      &amp#27;[90m# ViewStudentSteps.buttonIsEnabled()&amp#27;[0m
    &amp#27;[32mAnd &amp#27;[0m&amp#27;[32mShow Riwayat sidebar&amp#27;[0m                    &amp#27;[90m# ViewStudentSteps.showRiwayatSidebar()&amp#27;[0m
]]></system-out>
    <system-err><![CDATA[Starting ChromeDriver 110.0.5481.77 (65ed616c6e8ee3fe0ad64fe83796c020644d42af-refs/branch-heads/5481@{#839}) on port 63670
Only local connections are allowed.
Please see https://chromedriver.chromium.org/security-considerations for suggestions on keeping ChromeDriver safe.
ChromeDriver was started successfully.
[1676556950.629][WARNING]: virtual void DevToolsClientImpl::AddListener(DevToolsEventListener *) subscribing a listener to the already connected DevToolsClient. Connection notification will not arrive.
Feb 16, 2023 9:15:50 PM org.openqa.selenium.remote.ProtocolHandshake createSession
INFO: Detected dialect: W3C
Feb 16, 2023 9:15:50 PM org.openqa.selenium.devtools.CdpVersionFinder findNearestMatch
WARNING: Unable to find an exact match for CDP version 110, so returning the closest version found: a no-op implementation
Feb 16, 2023 9:15:50 PM org.openqa.selenium.devtools.CdpVersionFinder findNearestMatch
INFO: Unable to find CDP implementation matching 110.
Feb 16, 2023 9:15:50 PM org.openqa.selenium.chromium.ChromiumDriver lambda$new$3
WARNING: Unable to find version of CDP to use for . You may need to include a dependency on a specific version of the CDP using something similar to `org.seleniumhq.selenium:selenium-devtools-v86:4.1.2` where the version ("v86") matches the version of the chromium-based browser you're using and the version number of the artifact is the same as Selenium's.
]]></system-err>
  </testcase>
  <testcase name="When User click avatar navigation" classname="Scenario: Verify &apos;Sedang Berlangsung&apos; button is enabled" time="0"/>
  <testcase name="And User click menu Masuk" classname="Scenario: Verify &apos;Sedang Berlangsung&apos; button is enabled" time="0"/>
  <testcase name="And User input &quot;herdiladania11@gmail.com&quot; as email and input &quot;fe123&quot; as password" classname="Scenario: Verify &apos;Sedang Berlangsung&apos; button is enabled" time="0"/>
  <testcase name="And User clicked masuk button" classname="Scenario: Verify &apos;Sedang Berlangsung&apos; button is enabled" time="0"/>
  <testcase name="Given User move to Profile Page" classname="Scenario: Verify &apos;Sedang Berlangsung&apos; button is enabled" time="0">
    <system-out><![CDATA[
  Background:                                                                        &amp#27;[90m# features/ViewStudent.feature:4&amp#27;[0m
    &amp#27;[32mGiven &amp#27;[0m&amp#27;[32mUser open the website GuruMu&amp#27;[0m                                               &amp#27;[90m# LoginSteps.userOpenTheWebsiteGuruMu()&amp#27;[0m
    &amp#27;[32mWhen &amp#27;[0m&amp#27;[32mUser click avatar navigation&amp#27;[0m                                                &amp#27;[90m# LoginSteps.userClickAvatarNavigation()&amp#27;[0m
    &amp#27;[32mAnd &amp#27;[0m&amp#27;[32mUser click menu Masuk&amp#27;[0m                                                        &amp#27;[90m# LoginSteps.userClickMenuMasuk()&amp#27;[0m
    &amp#27;[32mAnd &amp#27;[0m&amp#27;[32mUser input "&amp#27;[0m&amp#27;[32m&amp#27;[1mherdiladania11@gmail.com&amp#27;[0m&amp#27;[32m" as email and input "&amp#27;[0m&amp#27;[32m&amp#27;[1mfe123&amp#27;[0m&amp#27;[32m" as password&amp#27;[0m &amp#27;[90m# LoginSteps.inputCredential(String,String)&amp#27;[0m
    &amp#27;[32mAnd &amp#27;[0m&amp#27;[32mUser clicked masuk button&amp#27;[0m                                                    &amp#27;[90m# LoginSteps.userClickMasukButton()&amp#27;[0m
]]></system-out>
  </testcase>
  <testcase name="When Student already on User&apos;s Profile Page" classname="Scenario: Verify &apos;Sedang Berlangsung&apos; button is enabled" time="0"/>
  <testcase name="Then Student click &apos;Sedang Berlangsung&apos; button" classname="Scenario: Verify &apos;Sedang Berlangsung&apos; button is enabled" time="0"/>
  <testcase name="Then button is enabled" classname="Scenario: Verify &apos;Sedang Berlangsung&apos; button is enabled" time="0"/>
  <testcase name="And Show Sedang Berlangsung sidebar" classname="Scenario: Verify &apos;Sedang Berlangsung&apos; button is enabled" time="0"/>
  <testcase name="" classname="Scenario: Verify &apos;Sedang Berlangsung&apos; button is enabled" time="0.115"/>
  <testcase name="Given User open the website GuruMu" classname="Scenario: Verify &apos;Perbarui Profil&apos; button is enabled" time="0">
    <system-out><![CDATA[
  Scenario: Verify 'Sedang Berlangsung' button is enabled &amp#27;[90m# features/ViewStudent.feature:63&amp#27;[0m
    &amp#27;[32mGiven &amp#27;[0m&amp#27;[32mUser move to Profile Page&amp#27;[0m                       &amp#27;[90m# PenilaianUlasanSteps.userMoveToProfilePage()&amp#27;[0m
    &amp#27;[32mWhen &amp#27;[0m&amp#27;[32mStudent already on User's Profile Page&amp#27;[0m           &amp#27;[90m# ViewStudentSteps.studentAlreadyOnUserSProfilePage()&amp#27;[0m
    &amp#27;[32mThen &amp#27;[0m&amp#27;[32mStudent click 'Sedang Berlangsung' button&amp#27;[0m        &amp#27;[90m# ViewStudentSteps.studentClickSedangBerlangsungButton()&amp#27;[0m
    &amp#27;[32mThen &amp#27;[0m&amp#27;[32mbutton is enabled&amp#27;[0m                                &amp#27;[90m# ViewStudentSteps.buttonIsEnabled()&amp#27;[0m
    &amp#27;[32mAnd &amp#27;[0m&amp#27;[32mShow Sedang Berlangsung sidebar&amp#27;[0m                   &amp#27;[90m# ViewStudentSteps.showSedangBerlangsungSidebar()&amp#27;[0m
]]></system-out>
    <system-err><![CDATA[Starting ChromeDriver 110.0.5481.77 (65ed616c6e8ee3fe0ad64fe83796c020644d42af-refs/branch-heads/5481@{#839}) on port 58799
Only local connections are allowed.
Please see https://chromedriver.chromium.org/security-considerations for suggestions on keeping ChromeDriver safe.
ChromeDriver was started successfully.
[1676556988.295][WARNING]: virtual void DevToolsClientImpl::AddListener(DevToolsEventListener *) subscribing a listener to the already connected DevToolsClient. Connection notification will not arrive.
Feb 16, 2023 9:16:28 PM org.openqa.selenium.remote.ProtocolHandshake createSession
INFO: Detected dialect: W3C
Feb 16, 2023 9:16:28 PM org.openqa.selenium.devtools.CdpVersionFinder findNearestMatch
WARNING: Unable to find an exact match for CDP version 110, so returning the closest version found: a no-op implementation
Feb 16, 2023 9:16:28 PM org.openqa.selenium.devtools.CdpVersionFinder findNearestMatch
INFO: Unable to find CDP implementation matching 110.
Feb 16, 2023 9:16:28 PM org.openqa.selenium.chromium.ChromiumDriver lambda$new$3
WARNING: Unable to find version of CDP to use for . You may need to include a dependency on a specific version of the CDP using something similar to `org.seleniumhq.selenium:selenium-devtools-v86:4.1.2` where the version ("v86") matches the version of the chromium-based browser you're using and the version number of the artifact is the same as Selenium's.
]]></system-err>
  </testcase>
  <testcase name="When User click avatar navigation" classname="Scenario: Verify &apos;Perbarui Profil&apos; button is enabled" time="0"/>
  <testcase name="And User click menu Masuk" classname="Scenario: Verify &apos;Perbarui Profil&apos; button is enabled" time="0"/>
  <testcase name="And User input &quot;herdiladania11@gmail.com&quot; as email and input &quot;fe123&quot; as password" classname="Scenario: Verify &apos;Perbarui Profil&apos; button is enabled" time="0"/>
  <testcase name="And User clicked masuk button" classname="Scenario: Verify &apos;Perbarui Profil&apos; button is enabled" time="0"/>
  <testcase name="Given User move to Profile Page" classname="Scenario: Verify &apos;Perbarui Profil&apos; button is enabled" time="0">
    <system-out><![CDATA[
  Background:                                                                        &amp#27;[90m# features/ViewStudent.feature:4&amp#27;[0m
    &amp#27;[32mGiven &amp#27;[0m&amp#27;[32mUser open the website GuruMu&amp#27;[0m                                               &amp#27;[90m# LoginSteps.userOpenTheWebsiteGuruMu()&amp#27;[0m
    &amp#27;[32mWhen &amp#27;[0m&amp#27;[32mUser click avatar navigation&amp#27;[0m                                                &amp#27;[90m# LoginSteps.userClickAvatarNavigation()&amp#27;[0m
    &amp#27;[32mAnd &amp#27;[0m&amp#27;[32mUser click menu Masuk&amp#27;[0m                                                        &amp#27;[90m# LoginSteps.userClickMenuMasuk()&amp#27;[0m
    &amp#27;[32mAnd &amp#27;[0m&amp#27;[32mUser input "&amp#27;[0m&amp#27;[32m&amp#27;[1mherdiladania11@gmail.com&amp#27;[0m&amp#27;[32m" as email and input "&amp#27;[0m&amp#27;[32m&amp#27;[1mfe123&amp#27;[0m&amp#27;[32m" as password&amp#27;[0m &amp#27;[90m# LoginSteps.inputCredential(String,String)&amp#27;[0m
    &amp#27;[32mAnd &amp#27;[0m&amp#27;[32mUser clicked masuk button&amp#27;[0m                                                    &amp#27;[90m# LoginSteps.userClickMasukButton()&amp#27;[0m
]]></system-out>
  </testcase>
  <testcase name="When Student already on User&apos;s Profile Page" classname="Scenario: Verify &apos;Perbarui Profil&apos; button is enabled" time="0"/>
  <testcase name="Then Student click &apos;Perbarui Profil&apos; button" classname="Scenario: Verify &apos;Perbarui Profil&apos; button is enabled" time="0"/>
  <testcase name="And button is enabled" classname="Scenario: Verify &apos;Perbarui Profil&apos; button is enabled" time="0"/>
  <testcase name="" classname="Scenario: Verify &apos;Perbarui Profil&apos; button is enabled" time="0.122"/>
  <testcase name="Given User open the website GuruMu" classname="Scenario: Verify &apos;Profile Picture&apos; is" time="0">
    <system-out><![CDATA[
  Scenario: Verify 'user' button is enabled &amp#27;[90m# features/ViewTeacher.feature:11&amp#27;[0m
    &amp#27;[32mGiven &amp#27;[0m&amp#27;[32mTeacher already on Beranda / Home&amp#27;[0m &amp#27;[90m# ViewTeacherSteps.teacherAlreadyOnBerandaHome()&amp#27;[0m
    &amp#27;[32mWhen &amp#27;[0m&amp#27;[32mTeacher click 'user' button&amp#27;[0m        &amp#27;[90m# ViewTeacherSteps.teacherClickUserButton()&amp#27;[0m
    &amp#27;[32mThen &amp#27;[0m&amp#27;[32mbutton is enabled&amp#27;[0m                  &amp#27;[90m# ViewStudentSteps.buttonIsEnabled()&amp#27;[0m
    &amp#27;[32mAnd &amp#27;[0m&amp#27;[32mclick 'user' button&amp#27;[0m                 &amp#27;[90m# ViewStudentSteps.clickUserButton()&amp#27;[0m
    &amp#27;[32mThen &amp#27;[0m&amp#27;[32mTeacher Click 'Profile' option&amp#27;[0m     &amp#27;[90m# ViewTeacherSteps.teacherClickProfileOption()&amp#27;[0m
    &amp#27;[32mAnd &amp#27;[0m&amp#27;[32mGo to Teacher Profile&amp#27;[0m               &amp#27;[90m# ViewTeacherSteps.goToTeacherProfile()&amp#27;[0m
]]></system-out>
    <system-err><![CDATA[Starting ChromeDriver 110.0.5481.77 (65ed616c6e8ee3fe0ad64fe83796c020644d42af-refs/branch-heads/5481@{#839}) on port 55471
Only local connections are allowed.
Please see https://chromedriver.chromium.org/security-considerations for suggestions on keeping ChromeDriver safe.
ChromeDriver was started successfully.
[1676557049.982][WARNING]: virtual void DevToolsClientImpl::AddListener(DevToolsEventListener *) subscribing a listener to the already connected DevToolsClient. Connection notification will not arrive.
Feb 16, 2023 9:17:30 PM org.openqa.selenium.remote.ProtocolHandshake createSession
INFO: Detected dialect: W3C
Feb 16, 2023 9:17:30 PM org.openqa.selenium.devtools.CdpVersionFinder findNearestMatch
WARNING: Unable to find an exact match for CDP version 110, so returning the closest version found: a no-op implementation
Feb 16, 2023 9:17:30 PM org.openqa.selenium.devtools.CdpVersionFinder findNearestMatch
INFO: Unable to find CDP implementation matching 110.
Feb 16, 2023 9:17:30 PM org.openqa.selenium.chromium.ChromiumDriver lambda$new$3
WARNING: Unable to find version of CDP to use for . You may need to include a dependency on a specific version of the CDP using something similar to `org.seleniumhq.selenium:selenium-devtools-v86:4.1.2` where the version ("v86") matches the version of the chromium-based browser you're using and the version number of the artifact is the same as Selenium's.
]]></system-err>
  </testcase>
  <testcase name="When User click avatar navigation" classname="Scenario: Verify &apos;Profile Picture&apos; is" time="0.001"/>
  <testcase name="Then User click menu Masuk" classname="Scenario: Verify &apos;Profile Picture&apos; is" time="0"/>
  <testcase name="And User input &quot;shafirayuria@gmail.com&quot; as email and input &quot;Akuinhere22&quot; as password" classname="Scenario: Verify &apos;Profile Picture&apos; is" time="0"/>
  <testcase name="And User clicked masuk button" classname="Scenario: Verify &apos;Profile Picture&apos; is" time="0"/>
  <testcase name="Given User move to Profile Page" classname="Scenario: Verify &apos;Profile Picture&apos; is" time="0">
    <system-out><![CDATA[
  Background:                                                                            &amp#27;[90m# features/ViewTeacher.feature:4&amp#27;[0m
    &amp#27;[32mGiven &amp#27;[0m&amp#27;[32mUser open the website GuruMu&amp#27;[0m                                                   &amp#27;[90m# LoginSteps.userOpenTheWebsiteGuruMu()&amp#27;[0m
    &amp#27;[32mWhen &amp#27;[0m&amp#27;[32mUser click avatar navigation&amp#27;[0m                                                    &amp#27;[90m# LoginSteps.userClickAvatarNavigation()&amp#27;[0m
    &amp#27;[32mThen &amp#27;[0m&amp#27;[32mUser click menu Masuk&amp#27;[0m                                                           &amp#27;[90m# LoginSteps.userClickMenuMasuk()&amp#27;[0m
    &amp#27;[32mAnd &amp#27;[0m&amp#27;[32mUser input "&amp#27;[0m&amp#27;[32m&amp#27;[1mshafirayuria@gmail.com&amp#27;[0m&amp#27;[32m" as email and input "&amp#27;[0m&amp#27;[32m&amp#27;[1mAkuinhere22&amp#27;[0m&amp#27;[32m" as password&amp#27;[0m &amp#27;[90m# LoginSteps.inputCredential(String,String)&amp#27;[0m
    &amp#27;[32mAnd &amp#27;[0m&amp#27;[32mUser clicked masuk button&amp#27;[0m                                                        &amp#27;[90m# LoginSteps.userClickMasukButton()&amp#27;[0m
]]></system-out>
  </testcase>
  <testcase name="When Teacher already on User&apos;s Profile Page" classname="Scenario: Verify &apos;Profile Picture&apos; is" time="0"/>
  <testcase name="Then Teacher verifies &apos;Profile Picture&apos;" classname="Scenario: Verify &apos;Profile Picture&apos; is" time="0"/>
  <testcase name="And Profile picture teacher is displayed" classname="Scenario: Verify &apos;Profile Picture&apos; is" time="0"/>
  <testcase name="" classname="Scenario: Verify &apos;Profile Picture&apos; is" time="0.112"/>
  <testcase name="Given User open the website GuruMu" classname="Scenario: Verify &apos;Teacher Name&apos; is Displayed" time="0">
    <system-out><![CDATA[
  Scenario: Verify 'Profile Picture' is         &amp#27;[90m# features/ViewTeacher.feature:19&amp#27;[0m
    &amp#27;[32mGiven &amp#27;[0m&amp#27;[32mUser move to Profile Page&amp#27;[0m             &amp#27;[90m# PenilaianUlasanSteps.userMoveToProfilePage()&amp#27;[0m
    &amp#27;[32mWhen &amp#27;[0m&amp#27;[32mTeacher already on User's Profile Page&amp#27;[0m &amp#27;[90m# ViewTeacherSteps.teacherAlreadyOnUserSProfilePage()&amp#27;[0m
    &amp#27;[32mThen &amp#27;[0m&amp#27;[32mTeacher verifies 'Profile Picture'&amp#27;[0m     &amp#27;[90m# ViewTeacherSteps.teacherVerifiesProfilePicture()&amp#27;[0m
    &amp#27;[32mAnd &amp#27;[0m&amp#27;[32mProfile picture teacher is displayed&amp#27;[0m    &amp#27;[90m# ViewTeacherSteps.profilePictureTeacherIsDisplayed()&amp#27;[0m
]]></system-out>
    <system-err><![CDATA[Starting ChromeDriver 110.0.5481.77 (65ed616c6e8ee3fe0ad64fe83796c020644d42af-refs/branch-heads/5481@{#839}) on port 58852
Only local connections are allowed.
Please see https://chromedriver.chromium.org/security-considerations for suggestions on keeping ChromeDriver safe.
ChromeDriver was started successfully.
[1676557084.614][WARNING]: virtual void DevToolsClientImpl::AddListener(DevToolsEventListener *) subscribing a listener to the already connected DevToolsClient. Connection notification will not arrive.
Feb 16, 2023 9:18:04 PM org.openqa.selenium.remote.ProtocolHandshake createSession
INFO: Detected dialect: W3C
Feb 16, 2023 9:18:04 PM org.openqa.selenium.devtools.CdpVersionFinder findNearestMatch
WARNING: Unable to find an exact match for CDP version 110, so returning the closest version found: a no-op implementation
Feb 16, 2023 9:18:04 PM org.openqa.selenium.devtools.CdpVersionFinder findNearestMatch
INFO: Unable to find CDP implementation matching 110.
Feb 16, 2023 9:18:04 PM org.openqa.selenium.chromium.ChromiumDriver lambda$new$3
WARNING: Unable to find version of CDP to use for . You may need to include a dependency on a specific version of the CDP using something similar to `org.seleniumhq.selenium:selenium-devtools-v86:4.1.2` where the version ("v86") matches the version of the chromium-based browser you're using and the version number of the artifact is the same as Selenium's.
]]></system-err>
  </testcase>
  <testcase name="When User click avatar navigation" classname="Scenario: Verify &apos;Teacher Name&apos; is Displayed" time="0"/>
  <testcase name="Then User click menu Masuk" classname="Scenario: Verify &apos;Teacher Name&apos; is Displayed" time="0"/>
  <testcase name="And User input &quot;shafirayuria@gmail.com&quot; as email and input &quot;Akuinhere22&quot; as password" classname="Scenario: Verify &apos;Teacher Name&apos; is Displayed" time="0"/>
  <testcase name="And User clicked masuk button" classname="Scenario: Verify &apos;Teacher Name&apos; is Displayed" time="0"/>
  <testcase name="Given User move to Profile Page" classname="Scenario: Verify &apos;Teacher Name&apos; is Displayed" time="0">
    <system-out><![CDATA[
  Background:                                                                            &amp#27;[90m# features/ViewTeacher.feature:4&amp#27;[0m
    &amp#27;[32mGiven &amp#27;[0m&amp#27;[32mUser open the website GuruMu&amp#27;[0m                                                   &amp#27;[90m# LoginSteps.userOpenTheWebsiteGuruMu()&amp#27;[0m
    &amp#27;[32mWhen &amp#27;[0m&amp#27;[32mUser click avatar navigation&amp#27;[0m                                                    &amp#27;[90m# LoginSteps.userClickAvatarNavigation()&amp#27;[0m
    &amp#27;[32mThen &amp#27;[0m&amp#27;[32mUser click menu Masuk&amp#27;[0m                                                           &amp#27;[90m# LoginSteps.userClickMenuMasuk()&amp#27;[0m
    &amp#27;[32mAnd &amp#27;[0m&amp#27;[32mUser input "&amp#27;[0m&amp#27;[32m&amp#27;[1mshafirayuria@gmail.com&amp#27;[0m&amp#27;[32m" as email and input "&amp#27;[0m&amp#27;[32m&amp#27;[1mAkuinhere22&amp#27;[0m&amp#27;[32m" as password&amp#27;[0m &amp#27;[90m# LoginSteps.inputCredential(String,String)&amp#27;[0m
    &amp#27;[32mAnd &amp#27;[0m&amp#27;[32mUser clicked masuk button&amp#27;[0m                                                        &amp#27;[90m# LoginSteps.userClickMasukButton()&amp#27;[0m
]]></system-out>
  </testcase>
  <testcase name="When Teacher already on User&apos;s Profile Page" classname="Scenario: Verify &apos;Teacher Name&apos; is Displayed" time="0"/>
  <testcase name="Then Teacher verifies &apos;Teacher Name&apos;" classname="Scenario: Verify &apos;Teacher Name&apos; is Displayed" time="0"/>
  <testcase name="And Teacher name is displayed" classname="Scenario: Verify &apos;Teacher Name&apos; is Displayed" time="0"/>
  <testcase name="" classname="Scenario: Verify &apos;Teacher Name&apos; is Displayed" time="0.112"/>
  <testcase name="Given User open the website GuruMu" classname="Scenario: Verify &apos;Rating&apos; is Displayed" time="0">
    <system-out><![CDATA[
  Scenario: Verify 'Teacher Name' is Displayed  &amp#27;[90m# features/ViewTeacher.feature:25&amp#27;[0m
    &amp#27;[32mGiven &amp#27;[0m&amp#27;[32mUser move to Profile Page&amp#27;[0m             &amp#27;[90m# PenilaianUlasanSteps.userMoveToProfilePage()&amp#27;[0m
    &amp#27;[32mWhen &amp#27;[0m&amp#27;[32mTeacher already on User's Profile Page&amp#27;[0m &amp#27;[90m# ViewTeacherSteps.teacherAlreadyOnUserSProfilePage()&amp#27;[0m
    &amp#27;[32mThen &amp#27;[0m&amp#27;[32mTeacher verifies 'Teacher Name'&amp#27;[0m        &amp#27;[90m# ViewTeacherSteps.teacherVerifiesTeacherName()&amp#27;[0m
    &amp#27;[32mAnd &amp#27;[0m&amp#27;[32mTeacher name is displayed&amp#27;[0m               &amp#27;[90m# ViewTeacherSteps.teacherNameIsDisplayed()&amp#27;[0m
]]></system-out>
    <system-err><![CDATA[Starting ChromeDriver 110.0.5481.77 (65ed616c6e8ee3fe0ad64fe83796c020644d42af-refs/branch-heads/5481@{#839}) on port 60807
Only local connections are allowed.
Please see https://chromedriver.chromium.org/security-considerations for suggestions on keeping ChromeDriver safe.
ChromeDriver was started successfully.
[1676557117.244][WARNING]: virtual void DevToolsClientImpl::AddListener(DevToolsEventListener *) subscribing a listener to the already connected DevToolsClient. Connection notification will not arrive.
Feb 16, 2023 9:18:37 PM org.openqa.selenium.remote.ProtocolHandshake createSession
INFO: Detected dialect: W3C
Feb 16, 2023 9:18:37 PM org.openqa.selenium.devtools.CdpVersionFinder findNearestMatch
WARNING: Unable to find an exact match for CDP version 110, so returning the closest version found: a no-op implementation
Feb 16, 2023 9:18:37 PM org.openqa.selenium.devtools.CdpVersionFinder findNearestMatch
INFO: Unable to find CDP implementation matching 110.
Feb 16, 2023 9:18:37 PM org.openqa.selenium.chromium.ChromiumDriver lambda$new$3
WARNING: Unable to find version of CDP to use for . You may need to include a dependency on a specific version of the CDP using something similar to `org.seleniumhq.selenium:selenium-devtools-v86:4.1.2` where the version ("v86") matches the version of the chromium-based browser you're using and the version number of the artifact is the same as Selenium's.
]]></system-err>
  </testcase>
  <testcase name="When User click avatar navigation" classname="Scenario: Verify &apos;Rating&apos; is Displayed" time="0"/>
  <testcase name="Then User click menu Masuk" classname="Scenario: Verify &apos;Rating&apos; is Displayed" time="0"/>
  <testcase name="And User input &quot;shafirayuria@gmail.com&quot; as email and input &quot;Akuinhere22&quot; as password" classname="Scenario: Verify &apos;Rating&apos; is Displayed" time="0"/>
  <testcase name="And User clicked masuk button" classname="Scenario: Verify &apos;Rating&apos; is Displayed" time="0"/>
  <testcase name="Given User move to Profile Page" classname="Scenario: Verify &apos;Rating&apos; is Displayed" time="0">
    <system-out><![CDATA[
  Background:                                                                            &amp#27;[90m# features/ViewTeacher.feature:4&amp#27;[0m
    &amp#27;[32mGiven &amp#27;[0m&amp#27;[32mUser open the website GuruMu&amp#27;[0m                                                   &amp#27;[90m# LoginSteps.userOpenTheWebsiteGuruMu()&amp#27;[0m
    &amp#27;[32mWhen &amp#27;[0m&amp#27;[32mUser click avatar navigation&amp#27;[0m                                                    &amp#27;[90m# LoginSteps.userClickAvatarNavigation()&amp#27;[0m
    &amp#27;[32mThen &amp#27;[0m&amp#27;[32mUser click menu Masuk&amp#27;[0m                                                           &amp#27;[90m# LoginSteps.userClickMenuMasuk()&amp#27;[0m
    &amp#27;[32mAnd &amp#27;[0m&amp#27;[32mUser input "&amp#27;[0m&amp#27;[32m&amp#27;[1mshafirayuria@gmail.com&amp#27;[0m&amp#27;[32m" as email and input "&amp#27;[0m&amp#27;[32m&amp#27;[1mAkuinhere22&amp#27;[0m&amp#27;[32m" as password&amp#27;[0m &amp#27;[90m# LoginSteps.inputCredential(String,String)&amp#27;[0m
    &amp#27;[32mAnd &amp#27;[0m&amp#27;[32mUser clicked masuk button&amp#27;[0m                                                        &amp#27;[90m# LoginSteps.userClickMasukButton()&amp#27;[0m
]]></system-out>
  </testcase>
  <testcase name="When Teacher already on User&apos;s Profile Page" classname="Scenario: Verify &apos;Rating&apos; is Displayed" time="0"/>
  <testcase name="Then Teacher verifies &apos;Rating&apos;" classname="Scenario: Verify &apos;Rating&apos; is Displayed" time="0"/>
  <testcase name="And Rating is displayed" classname="Scenario: Verify &apos;Rating&apos; is Displayed" time="0"/>
  <testcase name="" classname="Scenario: Verify &apos;Rating&apos; is Displayed" time="0.116"/>
  <testcase name="Given User open the website GuruMu" classname="Scenario: Verify &apos;Tarif Belajar&apos; is Displayed" time="0">
    <system-out><![CDATA[
  Scenario: Verify 'Rating' is Displayed        &amp#27;[90m# features/ViewTeacher.feature:31&amp#27;[0m
    &amp#27;[32mGiven &amp#27;[0m&amp#27;[32mUser move to Profile Page&amp#27;[0m             &amp#27;[90m# PenilaianUlasanSteps.userMoveToProfilePage()&amp#27;[0m
    &amp#27;[32mWhen &amp#27;[0m&amp#27;[32mTeacher already on User's Profile Page&amp#27;[0m &amp#27;[90m# ViewTeacherSteps.teacherAlreadyOnUserSProfilePage()&amp#27;[0m
    &amp#27;[32mThen &amp#27;[0m&amp#27;[32mTeacher verifies 'Rating'&amp#27;[0m              &amp#27;[90m# ViewTeacherSteps.teacherVerifiesRating()&amp#27;[0m
    &amp#27;[32mAnd &amp#27;[0m&amp#27;[32mRating is displayed&amp#27;[0m                     &amp#27;[90m# ViewTeacherSteps.ratingIsDisplayed()&amp#27;[0m
]]></system-out>
    <system-err><![CDATA[Starting ChromeDriver 110.0.5481.77 (65ed616c6e8ee3fe0ad64fe83796c020644d42af-refs/branch-heads/5481@{#839}) on port 55450
Only local connections are allowed.
Please see https://chromedriver.chromium.org/security-considerations for suggestions on keeping ChromeDriver safe.
ChromeDriver was started successfully.
[1676557150.666][WARNING]: virtual void DevToolsClientImpl::AddListener(DevToolsEventListener *) subscribing a listener to the already connected DevToolsClient. Connection notification will not arrive.
Feb 16, 2023 9:19:10 PM org.openqa.selenium.remote.ProtocolHandshake createSession
INFO: Detected dialect: W3C
Feb 16, 2023 9:19:10 PM org.openqa.selenium.devtools.CdpVersionFinder findNearestMatch
WARNING: Unable to find an exact match for CDP version 110, so returning the closest version found: a no-op implementation
Feb 16, 2023 9:19:10 PM org.openqa.selenium.devtools.CdpVersionFinder findNearestMatch
INFO: Unable to find CDP implementation matching 110.
Feb 16, 2023 9:19:10 PM org.openqa.selenium.chromium.ChromiumDriver lambda$new$3
WARNING: Unable to find version of CDP to use for . You may need to include a dependency on a specific version of the CDP using something similar to `org.seleniumhq.selenium:selenium-devtools-v86:4.1.2` where the version ("v86") matches the version of the chromium-based browser you're using and the version number of the artifact is the same as Selenium's.
]]></system-err>
  </testcase>
  <testcase name="When User click avatar navigation" classname="Scenario: Verify &apos;Tarif Belajar&apos; is Displayed" time="0"/>
  <testcase name="Then User click menu Masuk" classname="Scenario: Verify &apos;Tarif Belajar&apos; is Displayed" time="0"/>
  <testcase name="And User input &quot;shafirayuria@gmail.com&quot; as email and input &quot;Akuinhere22&quot; as password" classname="Scenario: Verify &apos;Tarif Belajar&apos; is Displayed" time="0"/>
  <testcase name="And User clicked masuk button" classname="Scenario: Verify &apos;Tarif Belajar&apos; is Displayed" time="0"/>
  <testcase name="Given User move to Profile Page" classname="Scenario: Verify &apos;Tarif Belajar&apos; is Displayed" time="0.004">
    <error message="no such element: Unable to locate element: {&quot;method&quot;:&quot;xpath&quot;,&quot;selector&quot;:&quot;//h2[@class=&apos;swal2-title&apos;]&quot;}&#10;  (Session info: chrome=110.0.5481.100)&#10;For documentation on this error, please visit: https://selenium.dev/exceptions/#no_such_element&#10;Build info: version: &apos;4.1.2&apos;, revision: &apos;9a5a329c5a&apos;&#10;System info: host: &apos;nsystem-mbp&apos;, ip: &apos;fe80:0:0:0:ce7:beec:a50b:8367%en0&apos;, os.name: &apos;Mac OS X&apos;, os.arch: &apos;x86_64&apos;, os.version: &apos;10.16&apos;, java.version: &apos;1.8.0_201&apos;&#10;Driver info: org.openqa.selenium.chrome.ChromeDriver&#10;Command: [bc5b49ac35b0bf8d082e4de5b911aede, findElement {using=xpath, value=//h2[@class=&apos;swal2-title&apos;]}]&#10;Capabilities {acceptInsecureCerts: false, browserName: chrome, browserVersion: 110.0.5481.100, chrome: {chromedriverVersion: 110.0.5481.77 (65ed616c6e8e..., userDataDir: /var/folders/00/xzw63_pj58g...}, goog:chromeOptions: {debuggerAddress: localhost:53041}, javascriptEnabled: true, networkConnectionEnabled: false, pageLoadStrategy: normal, platform: MAC, platformName: MAC, proxy: Proxy(), se:cdp: ws://localhost:53041/devtoo..., se:cdpVersion: 110.0.5481.100, setWindowRect: true, strictFileInteractability: false, timeouts: {implicit: 0, pageLoad: 300000, script: 30000}, unhandledPromptBehavior: dismiss and notify, webauthn:extension:credBlob: true, webauthn:extension:largeBlob: true, webauthn:virtualAuthenticators: true}&#10;Session ID: bc5b49ac35b0bf8d082e4de5b911aede" type="org.openqa.selenium.NoSuchElementException"><![CDATA[org.openqa.selenium.NoSuchElementException: 
no such element: Unable to locate element: {"method":"xpath","selector":"//h2[@class='swal2-title']"}
  (Session info: chrome=110.0.5481.100)
For documentation on this error, please visit: https://selenium.dev/exceptions/#no_such_element
Build info: version: '4.1.2', revision: '9a5a329c5a'
System info: host: 'nsystem-mbp', ip: 'fe80:0:0:0:ce7:beec:a50b:8367%en0', os.name: 'Mac OS X', os.arch: 'x86_64', os.version: '10.16', java.version: '1.8.0_201'
Driver info: org.openqa.selenium.chrome.ChromeDriver
Command: [bc5b49ac35b0bf8d082e4de5b911aede, findElement {using=xpath, value=//h2[@class='swal2-title']}]
Capabilities {acceptInsecureCerts: false, browserName: chrome, browserVersion: 110.0.5481.100, chrome: {chromedriverVersion: 110.0.5481.77 (65ed616c6e8e..., userDataDir: /var/folders/00/xzw63_pj58g...}, goog:chromeOptions: {debuggerAddress: localhost:53041}, javascriptEnabled: true, networkConnectionEnabled: false, pageLoadStrategy: normal, platform: MAC, platformName: MAC, proxy: Proxy(), se:cdp: ws://localhost:53041/devtoo..., se:cdpVersion: 110.0.5481.100, setWindowRect: true, strictFileInteractability: false, timeouts: {implicit: 0, pageLoad: 300000, script: 30000}, unhandledPromptBehavior: dismiss and notify, webauthn:extension:credBlob: true, webauthn:extension:largeBlob: true, webauthn:virtualAuthenticators: true}
Session ID: bc5b49ac35b0bf8d082e4de5b911aede
]]></error>
    <system-out><![CDATA[
  Background:                                                                            &amp#27;[90m# features/ViewTeacher.feature:4&amp#27;[0m
    &amp#27;[32mGiven &amp#27;[0m&amp#27;[32mUser open the website GuruMu&amp#27;[0m                                                   &amp#27;[90m# LoginSteps.userOpenTheWebsiteGuruMu()&amp#27;[0m
    &amp#27;[32mWhen &amp#27;[0m&amp#27;[32mUser click avatar navigation&amp#27;[0m                                                    &amp#27;[90m# LoginSteps.userClickAvatarNavigation()&amp#27;[0m
    &amp#27;[32mThen &amp#27;[0m&amp#27;[32mUser click menu Masuk&amp#27;[0m                                                           &amp#27;[90m# LoginSteps.userClickMenuMasuk()&amp#27;[0m
    &amp#27;[32mAnd &amp#27;[0m&amp#27;[32mUser input "&amp#27;[0m&amp#27;[32m&amp#27;[1mshafirayuria@gmail.com&amp#27;[0m&amp#27;[32m" as email and input "&amp#27;[0m&amp#27;[32m&amp#27;[1mAkuinhere22&amp#27;[0m&amp#27;[32m" as password&amp#27;[0m &amp#27;[90m# LoginSteps.inputCredential(String,String)&amp#27;[0m
    &amp#27;[32mAnd &amp#27;[0m&amp#27;[32mUser clicked masuk button&amp#27;[0m                                                        &amp#27;[90m# LoginSteps.userClickMasukButton()&amp#27;[0m
]]></system-out>
  </testcase>
  <testcase name="" classname="Scenario: Verify &apos;Tarif Belajar&apos; is Displayed" time="0.005">
    <error message="no such element: Unable to locate element: {&quot;method&quot;:&quot;xpath&quot;,&quot;selector&quot;:&quot;//h2[@class=&apos;swal2-title&apos;]&quot;}&#10;  (Session info: chrome=110.0.5481.100)&#10;For documentation on this error, please visit: https://selenium.dev/exceptions/#no_such_element&#10;Build info: version: &apos;4.1.2&apos;, revision: &apos;9a5a329c5a&apos;&#10;System info: host: &apos;nsystem-mbp&apos;, ip: &apos;fe80:0:0:0:ce7:beec:a50b:8367%en0&apos;, os.name: &apos;Mac OS X&apos;, os.arch: &apos;x86_64&apos;, os.version: &apos;10.16&apos;, java.version: &apos;1.8.0_201&apos;&#10;Driver info: org.openqa.selenium.chrome.ChromeDriver&#10;Command: [bc5b49ac35b0bf8d082e4de5b911aede, findElement {using=xpath, value=//h2[@class=&apos;swal2-title&apos;]}]&#10;Capabilities {acceptInsecureCerts: false, browserName: chrome, browserVersion: 110.0.5481.100, chrome: {chromedriverVersion: 110.0.5481.77 (65ed616c6e8e..., userDataDir: /var/folders/00/xzw63_pj58g...}, goog:chromeOptions: {debuggerAddress: localhost:53041}, javascriptEnabled: true, networkConnectionEnabled: false, pageLoadStrategy: normal, platform: MAC, platformName: MAC, proxy: Proxy(), se:cdp: ws://localhost:53041/devtoo..., se:cdpVersion: 110.0.5481.100, setWindowRect: true, strictFileInteractability: false, timeouts: {implicit: 0, pageLoad: 300000, script: 30000}, unhandledPromptBehavior: dismiss and notify, webauthn:extension:credBlob: true, webauthn:extension:largeBlob: true, webauthn:virtualAuthenticators: true}&#10;Session ID: bc5b49ac35b0bf8d082e4de5b911aede" type="org.openqa.selenium.NoSuchElementException"><![CDATA[org.openqa.selenium.NoSuchElementException: 
no such element: Unable to locate element: {"method":"xpath","selector":"//h2[@class='swal2-title']"}
  (Session info: chrome=110.0.5481.100)
For documentation on this error, please visit: https://selenium.dev/exceptions/#no_such_element
Build info: version: '4.1.2', revision: '9a5a329c5a'
System info: host: 'nsystem-mbp', ip: 'fe80:0:0:0:ce7:beec:a50b:8367%en0', os.name: 'Mac OS X', os.arch: 'x86_64', os.version: '10.16', java.version: '1.8.0_201'
Driver info: org.openqa.selenium.chrome.ChromeDriver
Command: [bc5b49ac35b0bf8d082e4de5b911aede, findElement {using=xpath, value=//h2[@class='swal2-title']}]
Capabilities {acceptInsecureCerts: false, browserName: chrome, browserVersion: 110.0.5481.100, chrome: {chromedriverVersion: 110.0.5481.77 (65ed616c6e8e..., userDataDir: /var/folders/00/xzw63_pj58g...}, goog:chromeOptions: {debuggerAddress: localhost:53041}, javascriptEnabled: true, networkConnectionEnabled: false, pageLoadStrategy: normal, platform: MAC, platformName: MAC, proxy: Proxy(), se:cdp: ws://localhost:53041/devtoo..., se:cdpVersion: 110.0.5481.100, setWindowRect: true, strictFileInteractability: false, timeouts: {implicit: 0, pageLoad: 300000, script: 30000}, unhandledPromptBehavior: dismiss and notify, webauthn:extension:credBlob: true, webauthn:extension:largeBlob: true, webauthn:virtualAuthenticators: true}
Session ID: bc5b49ac35b0bf8d082e4de5b911aede
]]></error>
  </testcase>
  <testcase name="When Teacher already on User&apos;s Profile Page" classname="Scenario: Verify &apos;Tarif Belajar&apos; is Displayed" time="0">
    <skipped/>
  </testcase>
  <testcase name="Then Teacher verifies &apos;Tarif Belajar&apos;" classname="Scenario: Verify &apos;Tarif Belajar&apos; is Displayed" time="0">
    <skipped/>
  </testcase>
  <testcase name="And Tarif Belajar is displayed" classname="Scenario: Verify &apos;Tarif Belajar&apos; is Displayed" time="0">
    <skipped/>
  </testcase>
  <testcase name="Given User open the website GuruMu" classname="Scenario: Verify &apos;Mata Pelajaran dan Tingkatan&apos; is Displayed" time="0">
    <system-out><![CDATA[
  Scenario: Verify 'Tarif Belajar' is Displayed &amp#27;[90m# features/ViewTeacher.feature:37&amp#27;[0m
    &amp#27;[31mGiven &amp#27;[0m&amp#27;[31mUser move to Profile Page&amp#27;[0m             &amp#27;[90m# PenilaianUlasanSteps.userMoveToProfilePage()&amp#27;[0m
      &amp#27;[31morg.openqa.selenium.NoSuchElementException: no such element: Unable to locate element: {"method":"xpath","selector":"//h2[@class='swal2-title']"}
        (Session info: chrome=110.0.5481.100)
      For documentation on this error, please visit: https://selenium.dev/exceptions/#no_such_element
      Build info: version: '4.1.2', revision: '9a5a329c5a'
      System info: host: 'nsystem-mbp', ip: 'fe80:0:0:0:ce7:beec:a50b:8367%en0', os.name: 'Mac OS X', os.arch: 'x86_64', os.version: '10.16', java.version: '1.8.0_201'
      Driver info: org.openqa.selenium.chrome.ChromeDriver
      Command: [bc5b49ac35b0bf8d082e4de5b911aede, findElement {using=xpath, value=//h2[@class='swal2-title']}]
      Capabilities {acceptInsecureCerts: false, browserName: chrome, browserVersion: 110.0.5481.100, chrome: {chromedriverVersion: 110.0.5481.77 (65ed616c6e8e..., userDataDir: /var/folders/00/xzw63_pj58g...}, goog:chromeOptions: {debuggerAddress: localhost:53041}, javascriptEnabled: true, networkConnectionEnabled: false, pageLoadStrategy: normal, platform: MAC, platformName: MAC, proxy: Proxy(), se:cdp: ws://localhost:53041/devtoo..., se:cdpVersion: 110.0.5481.100, setWindowRect: true, strictFileInteractability: false, timeouts: {implicit: 0, pageLoad: 300000, script: 30000}, unhandledPromptBehavior: dismiss and notify, webauthn:extension:credBlob: true, webauthn:extension:largeBlob: true, webauthn:virtualAuthenticators: true}
      Session ID: bc5b49ac35b0bf8d082e4de5b911aede
      	at sun.reflect.GeneratedConstructorAccessor38.newInstance(Unknown Source)
      	at sun.reflect.DelegatingConstructorAccessorImpl.newInstance(DelegatingConstructorAccessorImpl.java:45)
      	at java.lang.reflect.Constructor.newInstance(Constructor.java:423)
      	at org.openqa.selenium.remote.codec.w3c.W3CHttpResponseCodec.createException(W3CHttpResponseCodec.java:200)
      	at org.openqa.selenium.remote.codec.w3c.W3CHttpResponseCodec.decode(W3CHttpResponseCodec.java:133)
      	at org.openqa.selenium.remote.codec.w3c.W3CHttpResponseCodec.decode(W3CHttpResponseCodec.java:53)
      	at org.openqa.selenium.remote.HttpCommandExecutor.execute(HttpCommandExecutor.java:184)
      	at org.openqa.selenium.remote.service.DriverCommandExecutor.invokeExecute(DriverCommandExecutor.java:167)
      	at org.openqa.selenium.remote.service.DriverCommandExecutor.execute(DriverCommandExecutor.java:142)
      	at org.openqa.selenium.remote.RemoteWebDriver.execute(RemoteWebDriver.java:558)
      	at org.openqa.selenium.remote.ElementLocation$ElementFinder$2.findElement(ElementLocation.java:162)
      	at org.openqa.selenium.remote.ElementLocation.findElement(ElementLocation.java:60)
      	at org.openqa.selenium.remote.RemoteWebDriver.findElement(RemoteWebDriver.java:382)
      	at org.openqa.selenium.remote.RemoteWebDriver.findElement(RemoteWebDriver.java:374)
      	at org.openqa.selenium.support.pagefactory.DefaultElementLocator.findElement(DefaultElementLocator.java:70)
      	at org.openqa.selenium.support.pagefactory.internal.LocatingElementHandler.invoke(LocatingElementHandler.java:39)
      	at com.sun.proxy.$Proxy21.isDisplayed(Unknown Source)
      	at org.example.pageObject.BerandaPage.successMessageIsDisplayed(BerandaPage.java:169)
      	at step_definitions.PenilaianUlasanSteps.userMoveToProfilePage(PenilaianUlasanSteps.java:163)
      	at ✽.Given User move to Profile Page(features/ViewTeacher.feature:38)
      &amp#27;[0m
    &amp#27;[36mWhen &amp#27;[0m&amp#27;[36mTeacher already on User's Profile Page&amp#27;[0m &amp#27;[90m# ViewTeacherSteps.teacherAlreadyOnUserSProfilePage()&amp#27;[0m
    &amp#27;[36mThen &amp#27;[0m&amp#27;[36mTeacher verifies 'Tarif Belajar'&amp#27;[0m       &amp#27;[90m# ViewTeacherSteps.teacherVerifiesTarifBelajar()&amp#27;[0m
    &amp#27;[36mAnd &amp#27;[0m&amp#27;[36mTarif Belajar is displayed&amp#27;[0m              &amp#27;[90m# ViewTeacherSteps.tarifBelajarIsDisplayed()&amp#27;[0m
]]></system-out>
    <system-err><![CDATA[Starting ChromeDriver 110.0.5481.77 (65ed616c6e8ee3fe0ad64fe83796c020644d42af-refs/branch-heads/5481@{#839}) on port 63769
Only local connections are allowed.
Please see https://chromedriver.chromium.org/security-considerations for suggestions on keeping ChromeDriver safe.
ChromeDriver was started successfully.
[1676557174.681][WARNING]: virtual void DevToolsClientImpl::AddListener(DevToolsEventListener *) subscribing a listener to the already connected DevToolsClient. Connection notification will not arrive.
Feb 16, 2023 9:19:34 PM org.openqa.selenium.remote.ProtocolHandshake createSession
INFO: Detected dialect: W3C
Feb 16, 2023 9:19:34 PM org.openqa.selenium.devtools.CdpVersionFinder findNearestMatch
WARNING: Unable to find an exact match for CDP version 110, so returning the closest version found: a no-op implementation
Feb 16, 2023 9:19:34 PM org.openqa.selenium.devtools.CdpVersionFinder findNearestMatch
INFO: Unable to find CDP implementation matching 110.
Feb 16, 2023 9:19:34 PM org.openqa.selenium.chromium.ChromiumDriver lambda$new$3
WARNING: Unable to find version of CDP to use for . You may need to include a dependency on a specific version of the CDP using something similar to `org.seleniumhq.selenium:selenium-devtools-v86:4.1.2` where the version ("v86") matches the version of the chromium-based browser you're using and the version number of the artifact is the same as Selenium's.
]]></system-err>
  </testcase>
  <testcase name="When User click avatar navigation" classname="Scenario: Verify &apos;Mata Pelajaran dan Tingkatan&apos; is Displayed" time="0"/>
  <testcase name="Then User click menu Masuk" classname="Scenario: Verify &apos;Mata Pelajaran dan Tingkatan&apos; is Displayed" time="0"/>
  <testcase name="And User input &quot;shafirayuria@gmail.com&quot; as email and input &quot;Akuinhere22&quot; as password" classname="Scenario: Verify &apos;Mata Pelajaran dan Tingkatan&apos; is Displayed" time="0"/>
  <testcase name="And User clicked masuk button" classname="Scenario: Verify &apos;Mata Pelajaran dan Tingkatan&apos; is Displayed" time="0"/>
  <testcase name="Given User move to Profile Page" classname="Scenario: Verify &apos;Mata Pelajaran dan Tingkatan&apos; is Displayed" time="0">
    <system-out><![CDATA[
  Background:                                                                            &amp#27;[90m# features/ViewTeacher.feature:4&amp#27;[0m
    &amp#27;[32mGiven &amp#27;[0m&amp#27;[32mUser open the website GuruMu&amp#27;[0m                                                   &amp#27;[90m# LoginSteps.userOpenTheWebsiteGuruMu()&amp#27;[0m
    &amp#27;[32mWhen &amp#27;[0m&amp#27;[32mUser click avatar navigation&amp#27;[0m                                                    &amp#27;[90m# LoginSteps.userClickAvatarNavigation()&amp#27;[0m
    &amp#27;[32mThen &amp#27;[0m&amp#27;[32mUser click menu Masuk&amp#27;[0m                                                           &amp#27;[90m# LoginSteps.userClickMenuMasuk()&amp#27;[0m
    &amp#27;[32mAnd &amp#27;[0m&amp#27;[32mUser input "&amp#27;[0m&amp#27;[32m&amp#27;[1mshafirayuria@gmail.com&amp#27;[0m&amp#27;[32m" as email and input "&amp#27;[0m&amp#27;[32m&amp#27;[1mAkuinhere22&amp#27;[0m&amp#27;[32m" as password&amp#27;[0m &amp#27;[90m# LoginSteps.inputCredential(String,String)&amp#27;[0m
    &amp#27;[32mAnd &amp#27;[0m&amp#27;[32mUser clicked masuk button&amp#27;[0m                                                        &amp#27;[90m# LoginSteps.userClickMasukButton()&amp#27;[0m
]]></system-out>
  </testcase>
  <testcase name="When Teacher already on User&apos;s Profile Page" classname="Scenario: Verify &apos;Mata Pelajaran dan Tingkatan&apos; is Displayed" time="0"/>
  <testcase name="Then Teacher verifies &apos;Mata Pelajaran dan Tingkatan&apos;" classname="Scenario: Verify &apos;Mata Pelajaran dan Tingkatan&apos; is Displayed" time="0"/>
  <testcase name="And Mata Pelajaran dan Tingkatan is displayed" classname="Scenario: Verify &apos;Mata Pelajaran dan Tingkatan&apos; is Displayed" time="0"/>
  <testcase name="" classname="Scenario: Verify &apos;Mata Pelajaran dan Tingkatan&apos; is Displayed" time="0.113"/>
  <testcase name="Given User open the website GuruMu" classname="Scenario: Verify Tentang Kursus in &apos;Spesialis Mata Pelajaran&apos; is Displayed" time="0">
    <system-out><![CDATA[
  Scenario: Verify 'Mata Pelajaran dan Tingkatan' is Displayed &amp#27;[90m# features/ViewTeacher.feature:43&amp#27;[0m
    &amp#27;[32mGiven &amp#27;[0m&amp#27;[32mUser move to Profile Page&amp#27;[0m                            &amp#27;[90m# PenilaianUlasanSteps.userMoveToProfilePage()&amp#27;[0m
    &amp#27;[32mWhen &amp#27;[0m&amp#27;[32mTeacher already on User's Profile Page&amp#27;[0m                &amp#27;[90m# ViewTeacherSteps.teacherAlreadyOnUserSProfilePage()&amp#27;[0m
    &amp#27;[32mThen &amp#27;[0m&amp#27;[32mTeacher verifies 'Mata Pelajaran dan Tingkatan'&amp#27;[0m       &amp#27;[90m# ViewTeacherSteps.teacherVerifiesMataPelajaranDanTingkatan()&amp#27;[0m
    &amp#27;[32mAnd &amp#27;[0m&amp#27;[32mMata Pelajaran dan Tingkatan is displayed&amp#27;[0m              &amp#27;[90m# ViewTeacherSteps.mataPelajaranDanTingkatanIsDisplayed()&amp#27;[0m
]]></system-out>
    <system-err><![CDATA[Starting ChromeDriver 110.0.5481.77 (65ed616c6e8ee3fe0ad64fe83796c020644d42af-refs/branch-heads/5481@{#839}) on port 51746
Only local connections are allowed.
Please see https://chromedriver.chromium.org/security-considerations for suggestions on keeping ChromeDriver safe.
ChromeDriver was started successfully.
[1676557206.937][WARNING]: virtual void DevToolsClientImpl::AddListener(DevToolsEventListener *) subscribing a listener to the already connected DevToolsClient. Connection notification will not arrive.
Feb 16, 2023 9:20:07 PM org.openqa.selenium.remote.ProtocolHandshake createSession
INFO: Detected dialect: W3C
Feb 16, 2023 9:20:07 PM org.openqa.selenium.devtools.CdpVersionFinder findNearestMatch
WARNING: Unable to find an exact match for CDP version 110, so returning the closest version found: a no-op implementation
Feb 16, 2023 9:20:07 PM org.openqa.selenium.devtools.CdpVersionFinder findNearestMatch
INFO: Unable to find CDP implementation matching 110.
Feb 16, 2023 9:20:07 PM org.openqa.selenium.chromium.ChromiumDriver lambda$new$3
WARNING: Unable to find version of CDP to use for . You may need to include a dependency on a specific version of the CDP using something similar to `org.seleniumhq.selenium:selenium-devtools-v86:4.1.2` where the version ("v86") matches the version of the chromium-based browser you're using and the version number of the artifact is the same as Selenium's.
]]></system-err>
  </testcase>
  <testcase name="When User click avatar navigation" classname="Scenario: Verify Tentang Kursus in &apos;Spesialis Mata Pelajaran&apos; is Displayed" time="0"/>
  <testcase name="Then User click menu Masuk" classname="Scenario: Verify Tentang Kursus in &apos;Spesialis Mata Pelajaran&apos; is Displayed" time="0"/>
  <testcase name="And User input &quot;shafirayuria@gmail.com&quot; as email and input &quot;Akuinhere22&quot; as password" classname="Scenario: Verify Tentang Kursus in &apos;Spesialis Mata Pelajaran&apos; is Displayed" time="0"/>
  <testcase name="And User clicked masuk button" classname="Scenario: Verify Tentang Kursus in &apos;Spesialis Mata Pelajaran&apos; is Displayed" time="0"/>
  <testcase name="Given User move to Profile Page" classname="Scenario: Verify Tentang Kursus in &apos;Spesialis Mata Pelajaran&apos; is Displayed" time="0">
    <system-out><![CDATA[
  Background:                                                                            &amp#27;[90m# features/ViewTeacher.feature:4&amp#27;[0m
    &amp#27;[32mGiven &amp#27;[0m&amp#27;[32mUser open the website GuruMu&amp#27;[0m                                                   &amp#27;[90m# LoginSteps.userOpenTheWebsiteGuruMu()&amp#27;[0m
    &amp#27;[32mWhen &amp#27;[0m&amp#27;[32mUser click avatar navigation&amp#27;[0m                                                    &amp#27;[90m# LoginSteps.userClickAvatarNavigation()&amp#27;[0m
    &amp#27;[32mThen &amp#27;[0m&amp#27;[32mUser click menu Masuk&amp#27;[0m                                                           &amp#27;[90m# LoginSteps.userClickMenuMasuk()&amp#27;[0m
    &amp#27;[32mAnd &amp#27;[0m&amp#27;[32mUser input "&amp#27;[0m&amp#27;[32m&amp#27;[1mshafirayuria@gmail.com&amp#27;[0m&amp#27;[32m" as email and input "&amp#27;[0m&amp#27;[32m&amp#27;[1mAkuinhere22&amp#27;[0m&amp#27;[32m" as password&amp#27;[0m &amp#27;[90m# LoginSteps.inputCredential(String,String)&amp#27;[0m
    &amp#27;[32mAnd &amp#27;[0m&amp#27;[32mUser clicked masuk button&amp#27;[0m                                                        &amp#27;[90m# LoginSteps.userClickMasukButton()&amp#27;[0m
]]></system-out>
  </testcase>
  <testcase name="When Teacher already on User&apos;s Profile Page" classname="Scenario: Verify Tentang Kursus in &apos;Spesialis Mata Pelajaran&apos; is Displayed" time="0"/>
  <testcase name="Then Teacher verifies &apos;Spesialis Mata Pelajaran&apos;" classname="Scenario: Verify Tentang Kursus in &apos;Spesialis Mata Pelajaran&apos; is Displayed" time="0"/>
  <testcase name="And Spesialis Mata Pelajaran is displayed" classname="Scenario: Verify Tentang Kursus in &apos;Spesialis Mata Pelajaran&apos; is Displayed" time="0"/>
  <testcase name="" classname="Scenario: Verify Tentang Kursus in &apos;Spesialis Mata Pelajaran&apos; is Displayed" time="0.115"/>
  <testcase name="Given User open the website GuruMu" classname="Scenario: Verify Tentang Kursus in &apos;Jenjang Pendidikan&apos; is Displayed" time="0.001">
    <system-out><![CDATA[
  Scenario: Verify Tentang Kursus in 'Spesialis Mata Pelajaran' is Displayed &amp#27;[90m# features/ViewTeacher.feature:49&amp#27;[0m
    &amp#27;[32mGiven &amp#27;[0m&amp#27;[32mUser move to Profile Page&amp#27;[0m                                          &amp#27;[90m# PenilaianUlasanSteps.userMoveToProfilePage()&amp#27;[0m
    &amp#27;[32mWhen &amp#27;[0m&amp#27;[32mTeacher already on User's Profile Page&amp#27;[0m                              &amp#27;[90m# ViewTeacherSteps.teacherAlreadyOnUserSProfilePage()&amp#27;[0m
    &amp#27;[32mThen &amp#27;[0m&amp#27;[32mTeacher verifies 'Spesialis Mata Pelajaran'&amp#27;[0m                         &amp#27;[90m# ViewTeacherSteps.teacherVerifiesSpesialisMataPelajaran()&amp#27;[0m
    &amp#27;[32mAnd &amp#27;[0m&amp#27;[32mSpesialis Mata Pelajaran is displayed&amp#27;[0m                                &amp#27;[90m# ViewTeacherSteps.spesialisMataPelajaranIsDisplayed()&amp#27;[0m
]]></system-out>
    <system-err><![CDATA[Starting ChromeDriver 110.0.5481.77 (65ed616c6e8ee3fe0ad64fe83796c020644d42af-refs/branch-heads/5481@{#839}) on port 53615
Only local connections are allowed.
Please see https://chromedriver.chromium.org/security-considerations for suggestions on keeping ChromeDriver safe.
ChromeDriver was started successfully.
[1676557241.636][WARNING]: virtual void DevToolsClientImpl::AddListener(DevToolsEventListener *) subscribing a listener to the already connected DevToolsClient. Connection notification will not arrive.
Feb 16, 2023 9:20:41 PM org.openqa.selenium.remote.ProtocolHandshake createSession
INFO: Detected dialect: W3C
Feb 16, 2023 9:20:41 PM org.openqa.selenium.devtools.CdpVersionFinder findNearestMatch
WARNING: Unable to find an exact match for CDP version 110, so returning the closest version found: a no-op implementation
Feb 16, 2023 9:20:41 PM org.openqa.selenium.devtools.CdpVersionFinder findNearestMatch
INFO: Unable to find CDP implementation matching 110.
Feb 16, 2023 9:20:41 PM org.openqa.selenium.chromium.ChromiumDriver lambda$new$3
WARNING: Unable to find version of CDP to use for . You may need to include a dependency on a specific version of the CDP using something similar to `org.seleniumhq.selenium:selenium-devtools-v86:4.1.2` where the version ("v86") matches the version of the chromium-based browser you're using and the version number of the artifact is the same as Selenium's.
]]></system-err>
  </testcase>
  <testcase name="When User click avatar navigation" classname="Scenario: Verify Tentang Kursus in &apos;Jenjang Pendidikan&apos; is Displayed" time="0"/>
  <testcase name="Then User click menu Masuk" classname="Scenario: Verify Tentang Kursus in &apos;Jenjang Pendidikan&apos; is Displayed" time="0"/>
  <testcase name="And User input &quot;shafirayuria@gmail.com&quot; as email and input &quot;Akuinhere22&quot; as password" classname="Scenario: Verify Tentang Kursus in &apos;Jenjang Pendidikan&apos; is Displayed" time="0"/>
  <testcase name="And User clicked masuk button" classname="Scenario: Verify Tentang Kursus in &apos;Jenjang Pendidikan&apos; is Displayed" time="0"/>
  <testcase name="Given User move to Profile Page" classname="Scenario: Verify Tentang Kursus in &apos;Jenjang Pendidikan&apos; is Displayed" time="0">
    <system-out><![CDATA[
  Background:                                                                            &amp#27;[90m# features/ViewTeacher.feature:4&amp#27;[0m
    &amp#27;[32mGiven &amp#27;[0m&amp#27;[32mUser open the website GuruMu&amp#27;[0m                                                   &amp#27;[90m# LoginSteps.userOpenTheWebsiteGuruMu()&amp#27;[0m
    &amp#27;[32mWhen &amp#27;[0m&amp#27;[32mUser click avatar navigation&amp#27;[0m                                                    &amp#27;[90m# LoginSteps.userClickAvatarNavigation()&amp#27;[0m
    &amp#27;[32mThen &amp#27;[0m&amp#27;[32mUser click menu Masuk&amp#27;[0m                                                           &amp#27;[90m# LoginSteps.userClickMenuMasuk()&amp#27;[0m
    &amp#27;[32mAnd &amp#27;[0m&amp#27;[32mUser input "&amp#27;[0m&amp#27;[32m&amp#27;[1mshafirayuria@gmail.com&amp#27;[0m&amp#27;[32m" as email and input "&amp#27;[0m&amp#27;[32m&amp#27;[1mAkuinhere22&amp#27;[0m&amp#27;[32m" as password&amp#27;[0m &amp#27;[90m# LoginSteps.inputCredential(String,String)&amp#27;[0m
    &amp#27;[32mAnd &amp#27;[0m&amp#27;[32mUser clicked masuk button&amp#27;[0m                                                        &amp#27;[90m# LoginSteps.userClickMasukButton()&amp#27;[0m
]]></system-out>
  </testcase>
  <testcase name="When Teacher already on User&apos;s Profile Page" classname="Scenario: Verify Tentang Kursus in &apos;Jenjang Pendidikan&apos; is Displayed" time="0"/>
  <testcase name="Then Teacher verifies &apos;Jenjang Pendidikan&apos;" classname="Scenario: Verify Tentang Kursus in &apos;Jenjang Pendidikan&apos; is Displayed" time="0"/>
  <testcase name="And Jenjang Pendidikan is displayed" classname="Scenario: Verify Tentang Kursus in &apos;Jenjang Pendidikan&apos; is Displayed" time="0"/>
  <testcase name="" classname="Scenario: Verify Tentang Kursus in &apos;Jenjang Pendidikan&apos; is Displayed" time="0.116"/>
  <testcase name="Given User open the website GuruMu" classname="Scenario: Verify &apos;Degree&apos; is Displayed" time="0">
    <system-out><![CDATA[
  Scenario: Verify Tentang Kursus in 'Jenjang Pendidikan' is Displayed &amp#27;[90m# features/ViewTeacher.feature:55&amp#27;[0m
    &amp#27;[32mGiven &amp#27;[0m&amp#27;[32mUser move to Profile Page&amp#27;[0m                                    &amp#27;[90m# PenilaianUlasanSteps.userMoveToProfilePage()&amp#27;[0m
    &amp#27;[32mWhen &amp#27;[0m&amp#27;[32mTeacher already on User's Profile Page&amp#27;[0m                        &amp#27;[90m# ViewTeacherSteps.teacherAlreadyOnUserSProfilePage()&amp#27;[0m
    &amp#27;[32mThen &amp#27;[0m&amp#27;[32mTeacher verifies 'Jenjang Pendidikan'&amp#27;[0m                         &amp#27;[90m# ViewTeacherSteps.teacherVerifiesJenjangPendidikan()&amp#27;[0m
    &amp#27;[32mAnd &amp#27;[0m&amp#27;[32mJenjang Pendidikan is displayed&amp#27;[0m                                &amp#27;[90m# ViewTeacherSteps.jenjangPendidikanIsDisplayed()&amp#27;[0m
]]></system-out>
    <system-err><![CDATA[Starting ChromeDriver 110.0.5481.77 (65ed616c6e8ee3fe0ad64fe83796c020644d42af-refs/branch-heads/5481@{#839}) on port 60701
Only local connections are allowed.
Please see https://chromedriver.chromium.org/security-considerations for suggestions on keeping ChromeDriver safe.
ChromeDriver was started successfully.
[1676557276.091][WARNING]: virtual void DevToolsClientImpl::AddListener(DevToolsEventListener *) subscribing a listener to the already connected DevToolsClient. Connection notification will not arrive.
Feb 16, 2023 9:21:16 PM org.openqa.selenium.remote.ProtocolHandshake createSession
INFO: Detected dialect: W3C
Feb 16, 2023 9:21:16 PM org.openqa.selenium.devtools.CdpVersionFinder findNearestMatch
WARNING: Unable to find an exact match for CDP version 110, so returning the closest version found: a no-op implementation
Feb 16, 2023 9:21:16 PM org.openqa.selenium.devtools.CdpVersionFinder findNearestMatch
INFO: Unable to find CDP implementation matching 110.
Feb 16, 2023 9:21:16 PM org.openqa.selenium.chromium.ChromiumDriver lambda$new$3
WARNING: Unable to find version of CDP to use for . You may need to include a dependency on a specific version of the CDP using something similar to `org.seleniumhq.selenium:selenium-devtools-v86:4.1.2` where the version ("v86") matches the version of the chromium-based browser you're using and the version number of the artifact is the same as Selenium's.
]]></system-err>
  </testcase>
  <testcase name="When User click avatar navigation" classname="Scenario: Verify &apos;Degree&apos; is Displayed" time="0"/>
  <testcase name="Then User click menu Masuk" classname="Scenario: Verify &apos;Degree&apos; is Displayed" time="0"/>
  <testcase name="And User input &quot;shafirayuria@gmail.com&quot; as email and input &quot;Akuinhere22&quot; as password" classname="Scenario: Verify &apos;Degree&apos; is Displayed" time="0"/>
  <testcase name="And User clicked masuk button" classname="Scenario: Verify &apos;Degree&apos; is Displayed" time="0"/>
  <testcase name="Given User move to Profile Page" classname="Scenario: Verify &apos;Degree&apos; is Displayed" time="0">
    <system-out><![CDATA[
  Background:                                                                            &amp#27;[90m# features/ViewTeacher.feature:4&amp#27;[0m
    &amp#27;[32mGiven &amp#27;[0m&amp#27;[32mUser open the website GuruMu&amp#27;[0m                                                   &amp#27;[90m# LoginSteps.userOpenTheWebsiteGuruMu()&amp#27;[0m
    &amp#27;[32mWhen &amp#27;[0m&amp#27;[32mUser click avatar navigation&amp#27;[0m                                                    &amp#27;[90m# LoginSteps.userClickAvatarNavigation()&amp#27;[0m
    &amp#27;[32mThen &amp#27;[0m&amp#27;[32mUser click menu Masuk&amp#27;[0m                                                           &amp#27;[90m# LoginSteps.userClickMenuMasuk()&amp#27;[0m
    &amp#27;[32mAnd &amp#27;[0m&amp#27;[32mUser input "&amp#27;[0m&amp#27;[32m&amp#27;[1mshafirayuria@gmail.com&amp#27;[0m&amp#27;[32m" as email and input "&amp#27;[0m&amp#27;[32m&amp#27;[1mAkuinhere22&amp#27;[0m&amp#27;[32m" as password&amp#27;[0m &amp#27;[90m# LoginSteps.inputCredential(String,String)&amp#27;[0m
    &amp#27;[32mAnd &amp#27;[0m&amp#27;[32mUser clicked masuk button&amp#27;[0m                                                        &amp#27;[90m# LoginSteps.userClickMasukButton()&amp#27;[0m
]]></system-out>
  </testcase>
  <testcase name="When Teacher already on User&apos;s Profile Page" classname="Scenario: Verify &apos;Degree&apos; is Displayed" time="0"/>
  <testcase name="Then Teacher verifies &apos;Degree&apos;" classname="Scenario: Verify &apos;Degree&apos; is Displayed" time="0"/>
  <testcase name="And Degree is displayed" classname="Scenario: Verify &apos;Degree&apos; is Displayed" time="0"/>
  <testcase name="" classname="Scenario: Verify &apos;Degree&apos; is Displayed" time="0.114"/>
  <testcase name="Given User open the website GuruMu" classname="Scenario: Verify &apos;Tentang Saya&apos; is Displayed" time="0">
    <system-out><![CDATA[
  Scenario: Verify 'Degree' is Displayed        &amp#27;[90m# features/ViewTeacher.feature:61&amp#27;[0m
    &amp#27;[32mGiven &amp#27;[0m&amp#27;[32mUser move to Profile Page&amp#27;[0m             &amp#27;[90m# PenilaianUlasanSteps.userMoveToProfilePage()&amp#27;[0m
    &amp#27;[32mWhen &amp#27;[0m&amp#27;[32mTeacher already on User's Profile Page&amp#27;[0m &amp#27;[90m# ViewTeacherSteps.teacherAlreadyOnUserSProfilePage()&amp#27;[0m
    &amp#27;[32mThen &amp#27;[0m&amp#27;[32mTeacher verifies 'Degree'&amp#27;[0m              &amp#27;[90m# ViewTeacherSteps.teacherVerifiesDegree()&amp#27;[0m
    &amp#27;[32mAnd &amp#27;[0m&amp#27;[32mDegree is displayed&amp#27;[0m                     &amp#27;[90m# ViewTeacherSteps.degreeIsDisplayed()&amp#27;[0m
]]></system-out>
    <system-err><![CDATA[Starting ChromeDriver 110.0.5481.77 (65ed616c6e8ee3fe0ad64fe83796c020644d42af-refs/branch-heads/5481@{#839}) on port 55137
Only local connections are allowed.
Please see https://chromedriver.chromium.org/security-considerations for suggestions on keeping ChromeDriver safe.
ChromeDriver was started successfully.
[1676557308.022][WARNING]: virtual void DevToolsClientImpl::AddListener(DevToolsEventListener *) subscribing a listener to the already connected DevToolsClient. Connection notification will not arrive.
Feb 16, 2023 9:21:48 PM org.openqa.selenium.remote.ProtocolHandshake createSession
INFO: Detected dialect: W3C
Feb 16, 2023 9:21:48 PM org.openqa.selenium.devtools.CdpVersionFinder findNearestMatch
WARNING: Unable to find an exact match for CDP version 110, so returning the closest version found: a no-op implementation
Feb 16, 2023 9:21:48 PM org.openqa.selenium.devtools.CdpVersionFinder findNearestMatch
INFO: Unable to find CDP implementation matching 110.
Feb 16, 2023 9:21:48 PM org.openqa.selenium.chromium.ChromiumDriver lambda$new$3
WARNING: Unable to find version of CDP to use for . You may need to include a dependency on a specific version of the CDP using something similar to `org.seleniumhq.selenium:selenium-devtools-v86:4.1.2` where the version ("v86") matches the version of the chromium-based browser you're using and the version number of the artifact is the same as Selenium's.
]]></system-err>
  </testcase>
  <testcase name="When User click avatar navigation" classname="Scenario: Verify &apos;Tentang Saya&apos; is Displayed" time="0"/>
  <testcase name="Then User click menu Masuk" classname="Scenario: Verify &apos;Tentang Saya&apos; is Displayed" time="0"/>
  <testcase name="And User input &quot;shafirayuria@gmail.com&quot; as email and input &quot;Akuinhere22&quot; as password" classname="Scenario: Verify &apos;Tentang Saya&apos; is Displayed" time="0"/>
  <testcase name="And User clicked masuk button" classname="Scenario: Verify &apos;Tentang Saya&apos; is Displayed" time="0"/>
  <testcase name="Given User move to Profile Page" classname="Scenario: Verify &apos;Tentang Saya&apos; is Displayed" time="0">
    <system-out><![CDATA[
  Background:                                                                            &amp#27;[90m# features/ViewTeacher.feature:4&amp#27;[0m
    &amp#27;[32mGiven &amp#27;[0m&amp#27;[32mUser open the website GuruMu&amp#27;[0m                                                   &amp#27;[90m# LoginSteps.userOpenTheWebsiteGuruMu()&amp#27;[0m
    &amp#27;[32mWhen &amp#27;[0m&amp#27;[32mUser click avatar navigation&amp#27;[0m                                                    &amp#27;[90m# LoginSteps.userClickAvatarNavigation()&amp#27;[0m
    &amp#27;[32mThen &amp#27;[0m&amp#27;[32mUser click menu Masuk&amp#27;[0m                                                           &amp#27;[90m# LoginSteps.userClickMenuMasuk()&amp#27;[0m
    &amp#27;[32mAnd &amp#27;[0m&amp#27;[32mUser input "&amp#27;[0m&amp#27;[32m&amp#27;[1mshafirayuria@gmail.com&amp#27;[0m&amp#27;[32m" as email and input "&amp#27;[0m&amp#27;[32m&amp#27;[1mAkuinhere22&amp#27;[0m&amp#27;[32m" as password&amp#27;[0m &amp#27;[90m# LoginSteps.inputCredential(String,String)&amp#27;[0m
    &amp#27;[32mAnd &amp#27;[0m&amp#27;[32mUser clicked masuk button&amp#27;[0m                                                        &amp#27;[90m# LoginSteps.userClickMasukButton()&amp#27;[0m
]]></system-out>
  </testcase>
  <testcase name="When Teacher already on User&apos;s Profile Page" classname="Scenario: Verify &apos;Tentang Saya&apos; is Displayed" time="0.001"/>
  <testcase name="Then Teacher verifies &apos;Tentang Saya&apos;" classname="Scenario: Verify &apos;Tentang Saya&apos; is Displayed" time="0"/>
  <testcase name="And Tentang Saya is displayed" classname="Scenario: Verify &apos;Tentang Saya&apos; is Displayed" time="0"/>
  <testcase name="" classname="Scenario: Verify &apos;Tentang Saya&apos; is Displayed" time="0.116"/>
  <testcase name="Given User open the website GuruMu" classname="Scenario: Verify &apos;Pengalaman&apos; is Displayed" time="0.001">
    <system-out><![CDATA[
  Scenario: Verify 'Tentang Saya' is Displayed  &amp#27;[90m# features/ViewTeacher.feature:67&amp#27;[0m
    &amp#27;[32mGiven &amp#27;[0m&amp#27;[32mUser move to Profile Page&amp#27;[0m             &amp#27;[90m# PenilaianUlasanSteps.userMoveToProfilePage()&amp#27;[0m
    &amp#27;[32mWhen &amp#27;[0m&amp#27;[32mTeacher already on User's Profile Page&amp#27;[0m &amp#27;[90m# ViewTeacherSteps.teacherAlreadyOnUserSProfilePage()&amp#27;[0m
    &amp#27;[32mThen &amp#27;[0m&amp#27;[32mTeacher verifies 'Tentang Saya'&amp#27;[0m        &amp#27;[90m# ViewTeacherSteps.teacherVerifiesTentangSaya()&amp#27;[0m
    &amp#27;[32mAnd &amp#27;[0m&amp#27;[32mTentang Saya is displayed&amp#27;[0m               &amp#27;[90m# ViewTeacherSteps.tentangSayaIsDisplayed()&amp#27;[0m
]]></system-out>
    <system-err><![CDATA[Starting ChromeDriver 110.0.5481.77 (65ed616c6e8ee3fe0ad64fe83796c020644d42af-refs/branch-heads/5481@{#839}) on port 49848
Only local connections are allowed.
Please see https://chromedriver.chromium.org/security-considerations for suggestions on keeping ChromeDriver safe.
ChromeDriver was started successfully.
[1676557340.629][WARNING]: virtual void DevToolsClientImpl::AddListener(DevToolsEventListener *) subscribing a listener to the already connected DevToolsClient. Connection notification will not arrive.
Feb 16, 2023 9:22:20 PM org.openqa.selenium.remote.ProtocolHandshake createSession
INFO: Detected dialect: W3C
Feb 16, 2023 9:22:20 PM org.openqa.selenium.devtools.CdpVersionFinder findNearestMatch
WARNING: Unable to find an exact match for CDP version 110, so returning the closest version found: a no-op implementation
Feb 16, 2023 9:22:20 PM org.openqa.selenium.devtools.CdpVersionFinder findNearestMatch
INFO: Unable to find CDP implementation matching 110.
Feb 16, 2023 9:22:20 PM org.openqa.selenium.chromium.ChromiumDriver lambda$new$3
WARNING: Unable to find version of CDP to use for . You may need to include a dependency on a specific version of the CDP using something similar to `org.seleniumhq.selenium:selenium-devtools-v86:4.1.2` where the version ("v86") matches the version of the chromium-based browser you're using and the version number of the artifact is the same as Selenium's.
]]></system-err>
  </testcase>
  <testcase name="When User click avatar navigation" classname="Scenario: Verify &apos;Pengalaman&apos; is Displayed" time="0"/>
  <testcase name="Then User click menu Masuk" classname="Scenario: Verify &apos;Pengalaman&apos; is Displayed" time="0"/>
  <testcase name="And User input &quot;shafirayuria@gmail.com&quot; as email and input &quot;Akuinhere22&quot; as password" classname="Scenario: Verify &apos;Pengalaman&apos; is Displayed" time="0"/>
  <testcase name="And User clicked masuk button" classname="Scenario: Verify &apos;Pengalaman&apos; is Displayed" time="0"/>
  <testcase name="Given User move to Profile Page" classname="Scenario: Verify &apos;Pengalaman&apos; is Displayed" time="0">
    <system-out><![CDATA[
  Background:                                                                            &amp#27;[90m# features/ViewTeacher.feature:4&amp#27;[0m
    &amp#27;[32mGiven &amp#27;[0m&amp#27;[32mUser open the website GuruMu&amp#27;[0m                                                   &amp#27;[90m# LoginSteps.userOpenTheWebsiteGuruMu()&amp#27;[0m
    &amp#27;[32mWhen &amp#27;[0m&amp#27;[32mUser click avatar navigation&amp#27;[0m                                                    &amp#27;[90m# LoginSteps.userClickAvatarNavigation()&amp#27;[0m
    &amp#27;[32mThen &amp#27;[0m&amp#27;[32mUser click menu Masuk&amp#27;[0m                                                           &amp#27;[90m# LoginSteps.userClickMenuMasuk()&amp#27;[0m
    &amp#27;[32mAnd &amp#27;[0m&amp#27;[32mUser input "&amp#27;[0m&amp#27;[32m&amp#27;[1mshafirayuria@gmail.com&amp#27;[0m&amp#27;[32m" as email and input "&amp#27;[0m&amp#27;[32m&amp#27;[1mAkuinhere22&amp#27;[0m&amp#27;[32m" as password&amp#27;[0m &amp#27;[90m# LoginSteps.inputCredential(String,String)&amp#27;[0m
    &amp#27;[32mAnd &amp#27;[0m&amp#27;[32mUser clicked masuk button&amp#27;[0m                                                        &amp#27;[90m# LoginSteps.userClickMasukButton()&amp#27;[0m
]]></system-out>
  </testcase>
  <testcase name="When Teacher already on User&apos;s Profile Page" classname="Scenario: Verify &apos;Pengalaman&apos; is Displayed" time="0"/>
  <testcase name="Then Teacher verifies &apos;Pengalaman&apos;" classname="Scenario: Verify &apos;Pengalaman&apos; is Displayed" time="0"/>
  <testcase name="And Pengalaman is displayed" classname="Scenario: Verify &apos;Pengalaman&apos; is Displayed" time="0"/>
  <testcase name="" classname="Scenario: Verify &apos;Pengalaman&apos; is Displayed" time="0.114"/>
  <testcase name="Given User open the website GuruMu" classname="Scenario: Verify &apos;Selengkapnya&apos; button is enabled" time="0">
    <system-out><![CDATA[
  Scenario: Verify 'Pengalaman' is Displayed    &amp#27;[90m# features/ViewTeacher.feature:73&amp#27;[0m
    &amp#27;[32mGiven &amp#27;[0m&amp#27;[32mUser move to Profile Page&amp#27;[0m             &amp#27;[90m# PenilaianUlasanSteps.userMoveToProfilePage()&amp#27;[0m
    &amp#27;[32mWhen &amp#27;[0m&amp#27;[32mTeacher already on User's Profile Page&amp#27;[0m &amp#27;[90m# ViewTeacherSteps.teacherAlreadyOnUserSProfilePage()&amp#27;[0m
    &amp#27;[32mThen &amp#27;[0m&amp#27;[32mTeacher verifies 'Pengalaman'&amp#27;[0m          &amp#27;[90m# ViewTeacherSteps.teacherVerifiesPengalaman()&amp#27;[0m
    &amp#27;[32mAnd &amp#27;[0m&amp#27;[32mPengalaman is displayed&amp#27;[0m                 &amp#27;[90m# ViewTeacherSteps.pengalamanIsDisplayed()&amp#27;[0m
]]></system-out>
    <system-err><![CDATA[Starting ChromeDriver 110.0.5481.77 (65ed616c6e8ee3fe0ad64fe83796c020644d42af-refs/branch-heads/5481@{#839}) on port 55924
Only local connections are allowed.
Please see https://chromedriver.chromium.org/security-considerations for suggestions on keeping ChromeDriver safe.
ChromeDriver was started successfully.
[1676557373.510][WARNING]: virtual void DevToolsClientImpl::AddListener(DevToolsEventListener *) subscribing a listener to the already connected DevToolsClient. Connection notification will not arrive.
Feb 16, 2023 9:22:53 PM org.openqa.selenium.remote.ProtocolHandshake createSession
INFO: Detected dialect: W3C
Feb 16, 2023 9:22:53 PM org.openqa.selenium.devtools.CdpVersionFinder findNearestMatch
WARNING: Unable to find an exact match for CDP version 110, so returning the closest version found: a no-op implementation
Feb 16, 2023 9:22:53 PM org.openqa.selenium.devtools.CdpVersionFinder findNearestMatch
INFO: Unable to find CDP implementation matching 110.
Feb 16, 2023 9:22:53 PM org.openqa.selenium.chromium.ChromiumDriver lambda$new$3
WARNING: Unable to find version of CDP to use for . You may need to include a dependency on a specific version of the CDP using something similar to `org.seleniumhq.selenium:selenium-devtools-v86:4.1.2` where the version ("v86") matches the version of the chromium-based browser you're using and the version number of the artifact is the same as Selenium's.
]]></system-err>
  </testcase>
  <testcase name="When User click avatar navigation" classname="Scenario: Verify &apos;Selengkapnya&apos; button is enabled" time="0"/>
  <testcase name="Then User click menu Masuk" classname="Scenario: Verify &apos;Selengkapnya&apos; button is enabled" time="0"/>
  <testcase name="And User input &quot;shafirayuria@gmail.com&quot; as email and input &quot;Akuinhere22&quot; as password" classname="Scenario: Verify &apos;Selengkapnya&apos; button is enabled" time="0"/>
  <testcase name="And User clicked masuk button" classname="Scenario: Verify &apos;Selengkapnya&apos; button is enabled" time="0"/>
  <testcase name="Given User move to Profile Page" classname="Scenario: Verify &apos;Selengkapnya&apos; button is enabled" time="0">
    <system-out><![CDATA[
  Background:                                                                            &amp#27;[90m# features/ViewTeacher.feature:4&amp#27;[0m
    &amp#27;[32mGiven &amp#27;[0m&amp#27;[32mUser open the website GuruMu&amp#27;[0m                                                   &amp#27;[90m# LoginSteps.userOpenTheWebsiteGuruMu()&amp#27;[0m
    &amp#27;[32mWhen &amp#27;[0m&amp#27;[32mUser click avatar navigation&amp#27;[0m                                                    &amp#27;[90m# LoginSteps.userClickAvatarNavigation()&amp#27;[0m
    &amp#27;[32mThen &amp#27;[0m&amp#27;[32mUser click menu Masuk&amp#27;[0m                                                           &amp#27;[90m# LoginSteps.userClickMenuMasuk()&amp#27;[0m
    &amp#27;[32mAnd &amp#27;[0m&amp#27;[32mUser input "&amp#27;[0m&amp#27;[32m&amp#27;[1mshafirayuria@gmail.com&amp#27;[0m&amp#27;[32m" as email and input "&amp#27;[0m&amp#27;[32m&amp#27;[1mAkuinhere22&amp#27;[0m&amp#27;[32m" as password&amp#27;[0m &amp#27;[90m# LoginSteps.inputCredential(String,String)&amp#27;[0m
    &amp#27;[32mAnd &amp#27;[0m&amp#27;[32mUser clicked masuk button&amp#27;[0m                                                        &amp#27;[90m# LoginSteps.userClickMasukButton()&amp#27;[0m
]]></system-out>
  </testcase>
  <testcase name="When Teacher already on User&apos;s Profile Page" classname="Scenario: Verify &apos;Selengkapnya&apos; button is enabled" time="0"/>
  <testcase name="Then Teacher click &apos;Selengkapnya&apos; button" classname="Scenario: Verify &apos;Selengkapnya&apos; button is enabled" time="0"/>
  <testcase name="Then button is enabled" classname="Scenario: Verify &apos;Selengkapnya&apos; button is enabled" time="0"/>
  <testcase name="And Show &apos;Selengkapnya&apos; modal" classname="Scenario: Verify &apos;Selengkapnya&apos; button is enabled" time="0.004">
    <error message="no such element: Unable to locate element: {&quot;method&quot;:&quot;xpath&quot;,&quot;selector&quot;:&quot;//p[@class=&apos;mt-5 mb-10&apos;]&quot;}&#10;  (Session info: chrome=110.0.5481.100)&#10;For documentation on this error, please visit: https://selenium.dev/exceptions/#no_such_element&#10;Build info: version: &apos;4.1.2&apos;, revision: &apos;9a5a329c5a&apos;&#10;System info: host: &apos;nsystem-mbp&apos;, ip: &apos;fe80:0:0:0:ce7:beec:a50b:8367%en0&apos;, os.name: &apos;Mac OS X&apos;, os.arch: &apos;x86_64&apos;, os.version: &apos;10.16&apos;, java.version: &apos;1.8.0_201&apos;&#10;Driver info: org.openqa.selenium.chrome.ChromeDriver&#10;Command: [e4a8b178e1bd4c1bd1cd9b588f689ac6, findElement {using=xpath, value=//p[@class=&apos;mt-5 mb-10&apos;]}]&#10;Capabilities {acceptInsecureCerts: false, browserName: chrome, browserVersion: 110.0.5481.100, chrome: {chromedriverVersion: 110.0.5481.77 (65ed616c6e8e..., userDataDir: /var/folders/00/xzw63_pj58g...}, goog:chromeOptions: {debuggerAddress: localhost:53214}, javascriptEnabled: true, networkConnectionEnabled: false, pageLoadStrategy: normal, platform: MAC, platformName: MAC, proxy: Proxy(), se:cdp: ws://localhost:53214/devtoo..., se:cdpVersion: 110.0.5481.100, setWindowRect: true, strictFileInteractability: false, timeouts: {implicit: 0, pageLoad: 300000, script: 30000}, unhandledPromptBehavior: dismiss and notify, webauthn:extension:credBlob: true, webauthn:extension:largeBlob: true, webauthn:virtualAuthenticators: true}&#10;Session ID: e4a8b178e1bd4c1bd1cd9b588f689ac6" type="org.openqa.selenium.NoSuchElementException"><![CDATA[org.openqa.selenium.NoSuchElementException: 
no such element: Unable to locate element: {"method":"xpath","selector":"//p[@class='mt-5 mb-10']"}
  (Session info: chrome=110.0.5481.100)
For documentation on this error, please visit: https://selenium.dev/exceptions/#no_such_element
Build info: version: '4.1.2', revision: '9a5a329c5a'
System info: host: 'nsystem-mbp', ip: 'fe80:0:0:0:ce7:beec:a50b:8367%en0', os.name: 'Mac OS X', os.arch: 'x86_64', os.version: '10.16', java.version: '1.8.0_201'
Driver info: org.openqa.selenium.chrome.ChromeDriver
Command: [e4a8b178e1bd4c1bd1cd9b588f689ac6, findElement {using=xpath, value=//p[@class='mt-5 mb-10']}]
Capabilities {acceptInsecureCerts: false, browserName: chrome, browserVersion: 110.0.5481.100, chrome: {chromedriverVersion: 110.0.5481.77 (65ed616c6e8e..., userDataDir: /var/folders/00/xzw63_pj58g...}, goog:chromeOptions: {debuggerAddress: localhost:53214}, javascriptEnabled: true, networkConnectionEnabled: false, pageLoadStrategy: normal, platform: MAC, platformName: MAC, proxy: Proxy(), se:cdp: ws://localhost:53214/devtoo..., se:cdpVersion: 110.0.5481.100, setWindowRect: true, strictFileInteractability: false, timeouts: {implicit: 0, pageLoad: 300000, script: 30000}, unhandledPromptBehavior: dismiss and notify, webauthn:extension:credBlob: true, webauthn:extension:largeBlob: true, webauthn:virtualAuthenticators: true}
Session ID: e4a8b178e1bd4c1bd1cd9b588f689ac6
]]></error>
  </testcase>
  <testcase name="" classname="Scenario: Verify &apos;Selengkapnya&apos; button is enabled" time="0.005">
    <error message="no such element: Unable to locate element: {&quot;method&quot;:&quot;xpath&quot;,&quot;selector&quot;:&quot;//p[@class=&apos;mt-5 mb-10&apos;]&quot;}&#10;  (Session info: chrome=110.0.5481.100)&#10;For documentation on this error, please visit: https://selenium.dev/exceptions/#no_such_element&#10;Build info: version: &apos;4.1.2&apos;, revision: &apos;9a5a329c5a&apos;&#10;System info: host: &apos;nsystem-mbp&apos;, ip: &apos;fe80:0:0:0:ce7:beec:a50b:8367%en0&apos;, os.name: &apos;Mac OS X&apos;, os.arch: &apos;x86_64&apos;, os.version: &apos;10.16&apos;, java.version: &apos;1.8.0_201&apos;&#10;Driver info: org.openqa.selenium.chrome.ChromeDriver&#10;Command: [e4a8b178e1bd4c1bd1cd9b588f689ac6, findElement {using=xpath, value=//p[@class=&apos;mt-5 mb-10&apos;]}]&#10;Capabilities {acceptInsecureCerts: false, browserName: chrome, browserVersion: 110.0.5481.100, chrome: {chromedriverVersion: 110.0.5481.77 (65ed616c6e8e..., userDataDir: /var/folders/00/xzw63_pj58g...}, goog:chromeOptions: {debuggerAddress: localhost:53214}, javascriptEnabled: true, networkConnectionEnabled: false, pageLoadStrategy: normal, platform: MAC, platformName: MAC, proxy: Proxy(), se:cdp: ws://localhost:53214/devtoo..., se:cdpVersion: 110.0.5481.100, setWindowRect: true, strictFileInteractability: false, timeouts: {implicit: 0, pageLoad: 300000, script: 30000}, unhandledPromptBehavior: dismiss and notify, webauthn:extension:credBlob: true, webauthn:extension:largeBlob: true, webauthn:virtualAuthenticators: true}&#10;Session ID: e4a8b178e1bd4c1bd1cd9b588f689ac6" type="org.openqa.selenium.NoSuchElementException"><![CDATA[org.openqa.selenium.NoSuchElementException: 
no such element: Unable to locate element: {"method":"xpath","selector":"//p[@class='mt-5 mb-10']"}
  (Session info: chrome=110.0.5481.100)
For documentation on this error, please visit: https://selenium.dev/exceptions/#no_such_element
Build info: version: '4.1.2', revision: '9a5a329c5a'
System info: host: 'nsystem-mbp', ip: 'fe80:0:0:0:ce7:beec:a50b:8367%en0', os.name: 'Mac OS X', os.arch: 'x86_64', os.version: '10.16', java.version: '1.8.0_201'
Driver info: org.openqa.selenium.chrome.ChromeDriver
Command: [e4a8b178e1bd4c1bd1cd9b588f689ac6, findElement {using=xpath, value=//p[@class='mt-5 mb-10']}]
Capabilities {acceptInsecureCerts: false, browserName: chrome, browserVersion: 110.0.5481.100, chrome: {chromedriverVersion: 110.0.5481.77 (65ed616c6e8e..., userDataDir: /var/folders/00/xzw63_pj58g...}, goog:chromeOptions: {debuggerAddress: localhost:53214}, javascriptEnabled: true, networkConnectionEnabled: false, pageLoadStrategy: normal, platform: MAC, platformName: MAC, proxy: Proxy(), se:cdp: ws://localhost:53214/devtoo..., se:cdpVersion: 110.0.5481.100, setWindowRect: true, strictFileInteractability: false, timeouts: {implicit: 0, pageLoad: 300000, script: 30000}, unhandledPromptBehavior: dismiss and notify, webauthn:extension:credBlob: true, webauthn:extension:largeBlob: true, webauthn:virtualAuthenticators: true}
Session ID: e4a8b178e1bd4c1bd1cd9b588f689ac6
]]></error>
  </testcase>
  <testcase name="Given User open the website GuruMu" classname="Scenario: Verify &apos;Lokasi Saya&apos; is Displayed" time="0">
    <system-out><![CDATA[
  Scenario: Verify 'Selengkapnya' button is enabled &amp#27;[90m# features/ViewTeacher.feature:79&amp#27;[0m
    &amp#27;[32mGiven &amp#27;[0m&amp#27;[32mUser move to Profile Page&amp#27;[0m                 &amp#27;[90m# PenilaianUlasanSteps.userMoveToProfilePage()&amp#27;[0m
    &amp#27;[32mWhen &amp#27;[0m&amp#27;[32mTeacher already on User's Profile Page&amp#27;[0m     &amp#27;[90m# ViewTeacherSteps.teacherAlreadyOnUserSProfilePage()&amp#27;[0m
    &amp#27;[32mThen &amp#27;[0m&amp#27;[32mTeacher click 'Selengkapnya' button&amp#27;[0m        &amp#27;[90m# ViewTeacherSteps.teacherClickSelengkapnyaButton()&amp#27;[0m
    &amp#27;[32mThen &amp#27;[0m&amp#27;[32mbutton is enabled&amp#27;[0m                          &amp#27;[90m# ViewStudentSteps.buttonIsEnabled()&amp#27;[0m
    &amp#27;[31mAnd &amp#27;[0m&amp#27;[31mShow 'Selengkapnya' modal&amp#27;[0m                   &amp#27;[90m# ViewTeacherSteps.showSelengkapnyaModal()&amp#27;[0m
      &amp#27;[31morg.openqa.selenium.NoSuchElementException: no such element: Unable to locate element: {"method":"xpath","selector":"//p[@class='mt-5 mb-10']"}
        (Session info: chrome=110.0.5481.100)
      For documentation on this error, please visit: https://selenium.dev/exceptions/#no_such_element
      Build info: version: '4.1.2', revision: '9a5a329c5a'
      System info: host: 'nsystem-mbp', ip: 'fe80:0:0:0:ce7:beec:a50b:8367%en0', os.name: 'Mac OS X', os.arch: 'x86_64', os.version: '10.16', java.version: '1.8.0_201'
      Driver info: org.openqa.selenium.chrome.ChromeDriver
      Command: [e4a8b178e1bd4c1bd1cd9b588f689ac6, findElement {using=xpath, value=//p[@class='mt-5 mb-10']}]
      Capabilities {acceptInsecureCerts: false, browserName: chrome, browserVersion: 110.0.5481.100, chrome: {chromedriverVersion: 110.0.5481.77 (65ed616c6e8e..., userDataDir: /var/folders/00/xzw63_pj58g...}, goog:chromeOptions: {debuggerAddress: localhost:53214}, javascriptEnabled: true, networkConnectionEnabled: false, pageLoadStrategy: normal, platform: MAC, platformName: MAC, proxy: Proxy(), se:cdp: ws://localhost:53214/devtoo..., se:cdpVersion: 110.0.5481.100, setWindowRect: true, strictFileInteractability: false, timeouts: {implicit: 0, pageLoad: 300000, script: 30000}, unhandledPromptBehavior: dismiss and notify, webauthn:extension:credBlob: true, webauthn:extension:largeBlob: true, webauthn:virtualAuthenticators: true}
      Session ID: e4a8b178e1bd4c1bd1cd9b588f689ac6
      	at sun.reflect.GeneratedConstructorAccessor38.newInstance(Unknown Source)
      	at sun.reflect.DelegatingConstructorAccessorImpl.newInstance(DelegatingConstructorAccessorImpl.java:45)
      	at java.lang.reflect.Constructor.newInstance(Constructor.java:423)
      	at org.openqa.selenium.remote.codec.w3c.W3CHttpResponseCodec.createException(W3CHttpResponseCodec.java:200)
      	at org.openqa.selenium.remote.codec.w3c.W3CHttpResponseCodec.decode(W3CHttpResponseCodec.java:133)
      	at org.openqa.selenium.remote.codec.w3c.W3CHttpResponseCodec.decode(W3CHttpResponseCodec.java:53)
      	at org.openqa.selenium.remote.HttpCommandExecutor.execute(HttpCommandExecutor.java:184)
      	at org.openqa.selenium.remote.service.DriverCommandExecutor.invokeExecute(DriverCommandExecutor.java:167)
      	at org.openqa.selenium.remote.service.DriverCommandExecutor.execute(DriverCommandExecutor.java:142)
      	at org.openqa.selenium.remote.RemoteWebDriver.execute(RemoteWebDriver.java:558)
      	at org.openqa.selenium.remote.ElementLocation$ElementFinder$2.findElement(ElementLocation.java:162)
      	at org.openqa.selenium.remote.ElementLocation.findElement(ElementLocation.java:60)
      	at org.openqa.selenium.remote.RemoteWebDriver.findElement(RemoteWebDriver.java:382)
      	at org.openqa.selenium.remote.RemoteWebDriver.findElement(RemoteWebDriver.java:374)
      	at org.openqa.selenium.support.pagefactory.DefaultElementLocator.findElement(DefaultElementLocator.java:70)
      	at org.openqa.selenium.support.pagefactory.internal.LocatingElementHandler.invoke(LocatingElementHandler.java:39)
      	at com.sun.proxy.$Proxy21.isDisplayed(Unknown Source)
      	at org.example.pageObject.ViewTeacherPage.isBacaSelengkapnyaDisplayed(ViewTeacherPage.java:159)
      	at step_definitions.ViewTeacherSteps.showSelengkapnyaModal(ViewTeacherSteps.java:157)
      	at ✽.And Show 'Selengkapnya' modal(features/ViewTeacher.feature:84)
      &amp#27;[0m
]]></system-out>
    <system-err><![CDATA[Starting ChromeDriver 110.0.5481.77 (65ed616c6e8ee3fe0ad64fe83796c020644d42af-refs/branch-heads/5481@{#839}) on port 59480
Only local connections are allowed.
Please see https://chromedriver.chromium.org/security-considerations for suggestions on keeping ChromeDriver safe.
ChromeDriver was started successfully.
[1676557406.227][WARNING]: virtual void DevToolsClientImpl::AddListener(DevToolsEventListener *) subscribing a listener to the already connected DevToolsClient. Connection notification will not arrive.
Feb 16, 2023 9:23:26 PM org.openqa.selenium.remote.ProtocolHandshake createSession
INFO: Detected dialect: W3C
Feb 16, 2023 9:23:26 PM org.openqa.selenium.devtools.CdpVersionFinder findNearestMatch
WARNING: Unable to find an exact match for CDP version 110, so returning the closest version found: a no-op implementation
Feb 16, 2023 9:23:26 PM org.openqa.selenium.devtools.CdpVersionFinder findNearestMatch
INFO: Unable to find CDP implementation matching 110.
Feb 16, 2023 9:23:26 PM org.openqa.selenium.chromium.ChromiumDriver lambda$new$3
WARNING: Unable to find version of CDP to use for . You may need to include a dependency on a specific version of the CDP using something similar to `org.seleniumhq.selenium:selenium-devtools-v86:4.1.2` where the version ("v86") matches the version of the chromium-based browser you're using and the version number of the artifact is the same as Selenium's.
]]></system-err>
  </testcase>
  <testcase name="When User click avatar navigation" classname="Scenario: Verify &apos;Lokasi Saya&apos; is Displayed" time="0"/>
  <testcase name="Then User click menu Masuk" classname="Scenario: Verify &apos;Lokasi Saya&apos; is Displayed" time="0"/>
  <testcase name="And User input &quot;shafirayuria@gmail.com&quot; as email and input &quot;Akuinhere22&quot; as password" classname="Scenario: Verify &apos;Lokasi Saya&apos; is Displayed" time="0"/>
  <testcase name="And User clicked masuk button" classname="Scenario: Verify &apos;Lokasi Saya&apos; is Displayed" time="0"/>
  <testcase name="Given User move to Profile Page" classname="Scenario: Verify &apos;Lokasi Saya&apos; is Displayed" time="0">
    <system-out><![CDATA[
  Background:                                                                            &amp#27;[90m# features/ViewTeacher.feature:4&amp#27;[0m
    &amp#27;[32mGiven &amp#27;[0m&amp#27;[32mUser open the website GuruMu&amp#27;[0m                                                   &amp#27;[90m# LoginSteps.userOpenTheWebsiteGuruMu()&amp#27;[0m
    &amp#27;[32mWhen &amp#27;[0m&amp#27;[32mUser click avatar navigation&amp#27;[0m                                                    &amp#27;[90m# LoginSteps.userClickAvatarNavigation()&amp#27;[0m
    &amp#27;[32mThen &amp#27;[0m&amp#27;[32mUser click menu Masuk&amp#27;[0m                                                           &amp#27;[90m# LoginSteps.userClickMenuMasuk()&amp#27;[0m
    &amp#27;[32mAnd &amp#27;[0m&amp#27;[32mUser input "&amp#27;[0m&amp#27;[32m&amp#27;[1mshafirayuria@gmail.com&amp#27;[0m&amp#27;[32m" as email and input "&amp#27;[0m&amp#27;[32m&amp#27;[1mAkuinhere22&amp#27;[0m&amp#27;[32m" as password&amp#27;[0m &amp#27;[90m# LoginSteps.inputCredential(String,String)&amp#27;[0m
    &amp#27;[32mAnd &amp#27;[0m&amp#27;[32mUser clicked masuk button&amp#27;[0m                                                        &amp#27;[90m# LoginSteps.userClickMasukButton()&amp#27;[0m
]]></system-out>
  </testcase>
  <testcase name="When Teacher already on User&apos;s Profile Page" classname="Scenario: Verify &apos;Lokasi Saya&apos; is Displayed" time="0"/>
  <testcase name="Then Teacher verifies &apos;Lokasi Saya&apos;" classname="Scenario: Verify &apos;Lokasi Saya&apos; is Displayed" time="0"/>
  <testcase name="And Lokasi Saya is displayed" classname="Scenario: Verify &apos;Lokasi Saya&apos; is Displayed" time="0"/>
  <testcase name="" classname="Scenario: Verify &apos;Lokasi Saya&apos; is Displayed" time="0.112"/>
  <testcase name="Given User open the website GuruMu" classname="Scenario: Verify Ketersediaan in &apos;Offline&apos; is Displayed" time="0">
    <system-out><![CDATA[
  Scenario: Verify 'Lokasi Saya' is Displayed   &amp#27;[90m# features/ViewTeacher.feature:86&amp#27;[0m
    &amp#27;[32mGiven &amp#27;[0m&amp#27;[32mUser move to Profile Page&amp#27;[0m             &amp#27;[90m# PenilaianUlasanSteps.userMoveToProfilePage()&amp#27;[0m
    &amp#27;[32mWhen &amp#27;[0m&amp#27;[32mTeacher already on User's Profile Page&amp#27;[0m &amp#27;[90m# ViewTeacherSteps.teacherAlreadyOnUserSProfilePage()&amp#27;[0m
    &amp#27;[32mThen &amp#27;[0m&amp#27;[32mTeacher verifies 'Lokasi Saya'&amp#27;[0m         &amp#27;[90m# ViewTeacherSteps.teacherVerifiesLokasiSaya()&amp#27;[0m
    &amp#27;[32mAnd &amp#27;[0m&amp#27;[32mLokasi Saya is displayed&amp#27;[0m                &amp#27;[90m# ViewTeacherSteps.lokasiSayaIsDisplayed()&amp#27;[0m
]]></system-out>
    <system-err><![CDATA[Starting ChromeDriver 110.0.5481.77 (65ed616c6e8ee3fe0ad64fe83796c020644d42af-refs/branch-heads/5481@{#839}) on port 58305
Only local connections are allowed.
Please see https://chromedriver.chromium.org/security-considerations for suggestions on keeping ChromeDriver safe.
ChromeDriver was started successfully.
[1676557439.386][WARNING]: virtual void DevToolsClientImpl::AddListener(DevToolsEventListener *) subscribing a listener to the already connected DevToolsClient. Connection notification will not arrive.
Feb 16, 2023 9:23:59 PM org.openqa.selenium.remote.ProtocolHandshake createSession
INFO: Detected dialect: W3C
Feb 16, 2023 9:23:59 PM org.openqa.selenium.devtools.CdpVersionFinder findNearestMatch
WARNING: Unable to find an exact match for CDP version 110, so returning the closest version found: a no-op implementation
Feb 16, 2023 9:23:59 PM org.openqa.selenium.devtools.CdpVersionFinder findNearestMatch
INFO: Unable to find CDP implementation matching 110.
Feb 16, 2023 9:23:59 PM org.openqa.selenium.chromium.ChromiumDriver lambda$new$3
WARNING: Unable to find version of CDP to use for . You may need to include a dependency on a specific version of the CDP using something similar to `org.seleniumhq.selenium:selenium-devtools-v86:4.1.2` where the version ("v86") matches the version of the chromium-based browser you're using and the version number of the artifact is the same as Selenium's.
]]></system-err>
  </testcase>
  <testcase name="When User click avatar navigation" classname="Scenario: Verify Ketersediaan in &apos;Offline&apos; is Displayed" time="0.001"/>
  <testcase name="Then User click menu Masuk" classname="Scenario: Verify Ketersediaan in &apos;Offline&apos; is Displayed" time="0"/>
  <testcase name="And User input &quot;shafirayuria@gmail.com&quot; as email and input &quot;Akuinhere22&quot; as password" classname="Scenario: Verify Ketersediaan in &apos;Offline&apos; is Displayed" time="0"/>
  <testcase name="And User clicked masuk button" classname="Scenario: Verify Ketersediaan in &apos;Offline&apos; is Displayed" time="0"/>
  <testcase name="Given User move to Profile Page" classname="Scenario: Verify Ketersediaan in &apos;Offline&apos; is Displayed" time="0">
    <system-out><![CDATA[
  Background:                                                                            &amp#27;[90m# features/ViewTeacher.feature:4&amp#27;[0m
    &amp#27;[32mGiven &amp#27;[0m&amp#27;[32mUser open the website GuruMu&amp#27;[0m                                                   &amp#27;[90m# LoginSteps.userOpenTheWebsiteGuruMu()&amp#27;[0m
    &amp#27;[32mWhen &amp#27;[0m&amp#27;[32mUser click avatar navigation&amp#27;[0m                                                    &amp#27;[90m# LoginSteps.userClickAvatarNavigation()&amp#27;[0m
    &amp#27;[32mThen &amp#27;[0m&amp#27;[32mUser click menu Masuk&amp#27;[0m                                                           &amp#27;[90m# LoginSteps.userClickMenuMasuk()&amp#27;[0m
    &amp#27;[32mAnd &amp#27;[0m&amp#27;[32mUser input "&amp#27;[0m&amp#27;[32m&amp#27;[1mshafirayuria@gmail.com&amp#27;[0m&amp#27;[32m" as email and input "&amp#27;[0m&amp#27;[32m&amp#27;[1mAkuinhere22&amp#27;[0m&amp#27;[32m" as password&amp#27;[0m &amp#27;[90m# LoginSteps.inputCredential(String,String)&amp#27;[0m
    &amp#27;[32mAnd &amp#27;[0m&amp#27;[32mUser clicked masuk button&amp#27;[0m                                                        &amp#27;[90m# LoginSteps.userClickMasukButton()&amp#27;[0m
]]></system-out>
  </testcase>
  <testcase name="When Teacher already on User&apos;s Profile Page" classname="Scenario: Verify Ketersediaan in &apos;Offline&apos; is Displayed" time="0"/>
  <testcase name="Then Teacher verifies &apos;Offline&apos;" classname="Scenario: Verify Ketersediaan in &apos;Offline&apos; is Displayed" time="0"/>
  <testcase name="And Ketersediaan in &apos;Offline&apos; is displayed" classname="Scenario: Verify Ketersediaan in &apos;Offline&apos; is Displayed" time="0"/>
  <testcase name="" classname="Scenario: Verify Ketersediaan in &apos;Offline&apos; is Displayed" time="0.111"/>
  <testcase name="Given User open the website GuruMu" classname="Scenario: Verify Ketersediaan in &apos;Online&apos; is Displayed" time="0">
    <system-out><![CDATA[
  Scenario: Verify Ketersediaan in 'Offline' is Displayed &amp#27;[90m# features/ViewTeacher.feature:92&amp#27;[0m
    &amp#27;[32mGiven &amp#27;[0m&amp#27;[32mUser move to Profile Page&amp#27;[0m                       &amp#27;[90m# PenilaianUlasanSteps.userMoveToProfilePage()&amp#27;[0m
    &amp#27;[32mWhen &amp#27;[0m&amp#27;[32mTeacher already on User's Profile Page&amp#27;[0m           &amp#27;[90m# ViewTeacherSteps.teacherAlreadyOnUserSProfilePage()&amp#27;[0m
    &amp#27;[32mThen &amp#27;[0m&amp#27;[32mTeacher verifies 'Offline'&amp#27;[0m                       &amp#27;[90m# ViewTeacherSteps.teacherVerifiesOffline()&amp#27;[0m
    &amp#27;[32mAnd &amp#27;[0m&amp#27;[32mKetersediaan in 'Offline' is displayed&amp#27;[0m            &amp#27;[90m# ViewTeacherSteps.ketersediaanInOfflineIsDisplayed()&amp#27;[0m
]]></system-out>
    <system-err><![CDATA[Starting ChromeDriver 110.0.5481.77 (65ed616c6e8ee3fe0ad64fe83796c020644d42af-refs/branch-heads/5481@{#839}) on port 65035
Only local connections are allowed.
Please see https://chromedriver.chromium.org/security-considerations for suggestions on keeping ChromeDriver safe.
ChromeDriver was started successfully.
[1676557480.696][WARNING]: virtual void DevToolsClientImpl::AddListener(DevToolsEventListener *) subscribing a listener to the already connected DevToolsClient. Connection notification will not arrive.
Feb 16, 2023 9:24:40 PM org.openqa.selenium.remote.ProtocolHandshake createSession
INFO: Detected dialect: W3C
Feb 16, 2023 9:24:40 PM org.openqa.selenium.devtools.CdpVersionFinder findNearestMatch
WARNING: Unable to find an exact match for CDP version 110, so returning the closest version found: a no-op implementation
Feb 16, 2023 9:24:40 PM org.openqa.selenium.devtools.CdpVersionFinder findNearestMatch
INFO: Unable to find CDP implementation matching 110.
Feb 16, 2023 9:24:40 PM org.openqa.selenium.chromium.ChromiumDriver lambda$new$3
WARNING: Unable to find version of CDP to use for . You may need to include a dependency on a specific version of the CDP using something similar to `org.seleniumhq.selenium:selenium-devtools-v86:4.1.2` where the version ("v86") matches the version of the chromium-based browser you're using and the version number of the artifact is the same as Selenium's.
]]></system-err>
  </testcase>
  <testcase name="When User click avatar navigation" classname="Scenario: Verify Ketersediaan in &apos;Online&apos; is Displayed" time="0"/>
  <testcase name="Then User click menu Masuk" classname="Scenario: Verify Ketersediaan in &apos;Online&apos; is Displayed" time="0"/>
  <testcase name="And User input &quot;shafirayuria@gmail.com&quot; as email and input &quot;Akuinhere22&quot; as password" classname="Scenario: Verify Ketersediaan in &apos;Online&apos; is Displayed" time="0"/>
  <testcase name="And User clicked masuk button" classname="Scenario: Verify Ketersediaan in &apos;Online&apos; is Displayed" time="0"/>
  <testcase name="Given User move to Profile Page" classname="Scenario: Verify Ketersediaan in &apos;Online&apos; is Displayed" time="0.003">
    <error message="no such element: Unable to locate element: {&quot;method&quot;:&quot;xpath&quot;,&quot;selector&quot;:&quot;//h2[@class=&apos;swal2-title&apos;]&quot;}&#10;  (Session info: chrome=110.0.5481.100)&#10;For documentation on this error, please visit: https://selenium.dev/exceptions/#no_such_element&#10;Build info: version: &apos;4.1.2&apos;, revision: &apos;9a5a329c5a&apos;&#10;System info: host: &apos;nsystem-mbp&apos;, ip: &apos;fe80:0:0:0:ce7:beec:a50b:8367%en0&apos;, os.name: &apos;Mac OS X&apos;, os.arch: &apos;x86_64&apos;, os.version: &apos;10.16&apos;, java.version: &apos;1.8.0_201&apos;&#10;Driver info: org.openqa.selenium.chrome.ChromeDriver&#10;Command: [70c38ccc309a9f70dae3ae36f533f325, findElement {using=xpath, value=//h2[@class=&apos;swal2-title&apos;]}]&#10;Capabilities {acceptInsecureCerts: false, browserName: chrome, browserVersion: 110.0.5481.100, chrome: {chromedriverVersion: 110.0.5481.77 (65ed616c6e8e..., userDataDir: /var/folders/00/xzw63_pj58g...}, goog:chromeOptions: {debuggerAddress: localhost:53289}, javascriptEnabled: true, networkConnectionEnabled: false, pageLoadStrategy: normal, platform: MAC, platformName: MAC, proxy: Proxy(), se:cdp: ws://localhost:53289/devtoo..., se:cdpVersion: 110.0.5481.100, setWindowRect: true, strictFileInteractability: false, timeouts: {implicit: 0, pageLoad: 300000, script: 30000}, unhandledPromptBehavior: dismiss and notify, webauthn:extension:credBlob: true, webauthn:extension:largeBlob: true, webauthn:virtualAuthenticators: true}&#10;Session ID: 70c38ccc309a9f70dae3ae36f533f325" type="org.openqa.selenium.NoSuchElementException"><![CDATA[org.openqa.selenium.NoSuchElementException: 
no such element: Unable to locate element: {"method":"xpath","selector":"//h2[@class='swal2-title']"}
  (Session info: chrome=110.0.5481.100)
For documentation on this error, please visit: https://selenium.dev/exceptions/#no_such_element
Build info: version: '4.1.2', revision: '9a5a329c5a'
System info: host: 'nsystem-mbp', ip: 'fe80:0:0:0:ce7:beec:a50b:8367%en0', os.name: 'Mac OS X', os.arch: 'x86_64', os.version: '10.16', java.version: '1.8.0_201'
Driver info: org.openqa.selenium.chrome.ChromeDriver
Command: [70c38ccc309a9f70dae3ae36f533f325, findElement {using=xpath, value=//h2[@class='swal2-title']}]
Capabilities {acceptInsecureCerts: false, browserName: chrome, browserVersion: 110.0.5481.100, chrome: {chromedriverVersion: 110.0.5481.77 (65ed616c6e8e..., userDataDir: /var/folders/00/xzw63_pj58g...}, goog:chromeOptions: {debuggerAddress: localhost:53289}, javascriptEnabled: true, networkConnectionEnabled: false, pageLoadStrategy: normal, platform: MAC, platformName: MAC, proxy: Proxy(), se:cdp: ws://localhost:53289/devtoo..., se:cdpVersion: 110.0.5481.100, setWindowRect: true, strictFileInteractability: false, timeouts: {implicit: 0, pageLoad: 300000, script: 30000}, unhandledPromptBehavior: dismiss and notify, webauthn:extension:credBlob: true, webauthn:extension:largeBlob: true, webauthn:virtualAuthenticators: true}
Session ID: 70c38ccc309a9f70dae3ae36f533f325
]]></error>
    <system-out><![CDATA[
  Background:                                                                            &amp#27;[90m# features/ViewTeacher.feature:4&amp#27;[0m
    &amp#27;[32mGiven &amp#27;[0m&amp#27;[32mUser open the website GuruMu&amp#27;[0m                                                   &amp#27;[90m# LoginSteps.userOpenTheWebsiteGuruMu()&amp#27;[0m
    &amp#27;[32mWhen &amp#27;[0m&amp#27;[32mUser click avatar navigation&amp#27;[0m                                                    &amp#27;[90m# LoginSteps.userClickAvatarNavigation()&amp#27;[0m
    &amp#27;[32mThen &amp#27;[0m&amp#27;[32mUser click menu Masuk&amp#27;[0m                                                           &amp#27;[90m# LoginSteps.userClickMenuMasuk()&amp#27;[0m
    &amp#27;[32mAnd &amp#27;[0m&amp#27;[32mUser input "&amp#27;[0m&amp#27;[32m&amp#27;[1mshafirayuria@gmail.com&amp#27;[0m&amp#27;[32m" as email and input "&amp#27;[0m&amp#27;[32m&amp#27;[1mAkuinhere22&amp#27;[0m&amp#27;[32m" as password&amp#27;[0m &amp#27;[90m# LoginSteps.inputCredential(String,String)&amp#27;[0m
    &amp#27;[32mAnd &amp#27;[0m&amp#27;[32mUser clicked masuk button&amp#27;[0m                                                        &amp#27;[90m# LoginSteps.userClickMasukButton()&amp#27;[0m
]]></system-out>
  </testcase>
  <testcase name="" classname="Scenario: Verify Ketersediaan in &apos;Online&apos; is Displayed" time="0.003">
    <error message="no such element: Unable to locate element: {&quot;method&quot;:&quot;xpath&quot;,&quot;selector&quot;:&quot;//h2[@class=&apos;swal2-title&apos;]&quot;}&#10;  (Session info: chrome=110.0.5481.100)&#10;For documentation on this error, please visit: https://selenium.dev/exceptions/#no_such_element&#10;Build info: version: &apos;4.1.2&apos;, revision: &apos;9a5a329c5a&apos;&#10;System info: host: &apos;nsystem-mbp&apos;, ip: &apos;fe80:0:0:0:ce7:beec:a50b:8367%en0&apos;, os.name: &apos;Mac OS X&apos;, os.arch: &apos;x86_64&apos;, os.version: &apos;10.16&apos;, java.version: &apos;1.8.0_201&apos;&#10;Driver info: org.openqa.selenium.chrome.ChromeDriver&#10;Command: [70c38ccc309a9f70dae3ae36f533f325, findElement {using=xpath, value=//h2[@class=&apos;swal2-title&apos;]}]&#10;Capabilities {acceptInsecureCerts: false, browserName: chrome, browserVersion: 110.0.5481.100, chrome: {chromedriverVersion: 110.0.5481.77 (65ed616c6e8e..., userDataDir: /var/folders/00/xzw63_pj58g...}, goog:chromeOptions: {debuggerAddress: localhost:53289}, javascriptEnabled: true, networkConnectionEnabled: false, pageLoadStrategy: normal, platform: MAC, platformName: MAC, proxy: Proxy(), se:cdp: ws://localhost:53289/devtoo..., se:cdpVersion: 110.0.5481.100, setWindowRect: true, strictFileInteractability: false, timeouts: {implicit: 0, pageLoad: 300000, script: 30000}, unhandledPromptBehavior: dismiss and notify, webauthn:extension:credBlob: true, webauthn:extension:largeBlob: true, webauthn:virtualAuthenticators: true}&#10;Session ID: 70c38ccc309a9f70dae3ae36f533f325" type="org.openqa.selenium.NoSuchElementException"><![CDATA[org.openqa.selenium.NoSuchElementException: 
no such element: Unable to locate element: {"method":"xpath","selector":"//h2[@class='swal2-title']"}
  (Session info: chrome=110.0.5481.100)
For documentation on this error, please visit: https://selenium.dev/exceptions/#no_such_element
Build info: version: '4.1.2', revision: '9a5a329c5a'
System info: host: 'nsystem-mbp', ip: 'fe80:0:0:0:ce7:beec:a50b:8367%en0', os.name: 'Mac OS X', os.arch: 'x86_64', os.version: '10.16', java.version: '1.8.0_201'
Driver info: org.openqa.selenium.chrome.ChromeDriver
Command: [70c38ccc309a9f70dae3ae36f533f325, findElement {using=xpath, value=//h2[@class='swal2-title']}]
Capabilities {acceptInsecureCerts: false, browserName: chrome, browserVersion: 110.0.5481.100, chrome: {chromedriverVersion: 110.0.5481.77 (65ed616c6e8e..., userDataDir: /var/folders/00/xzw63_pj58g...}, goog:chromeOptions: {debuggerAddress: localhost:53289}, javascriptEnabled: true, networkConnectionEnabled: false, pageLoadStrategy: normal, platform: MAC, platformName: MAC, proxy: Proxy(), se:cdp: ws://localhost:53289/devtoo..., se:cdpVersion: 110.0.5481.100, setWindowRect: true, strictFileInteractability: false, timeouts: {implicit: 0, pageLoad: 300000, script: 30000}, unhandledPromptBehavior: dismiss and notify, webauthn:extension:credBlob: true, webauthn:extension:largeBlob: true, webauthn:virtualAuthenticators: true}
Session ID: 70c38ccc309a9f70dae3ae36f533f325
]]></error>
  </testcase>
  <testcase name="When Teacher already on User&apos;s Profile Page" classname="Scenario: Verify Ketersediaan in &apos;Online&apos; is Displayed" time="0">
    <skipped/>
  </testcase>
  <testcase name="Then Teacher verifies &apos;Online&apos;" classname="Scenario: Verify Ketersediaan in &apos;Online&apos; is Displayed" time="0">
    <skipped/>
  </testcase>
  <testcase name="And Ketersediaan in &apos;Online&apos; is displayed" classname="Scenario: Verify Ketersediaan in &apos;Online&apos; is Displayed" time="0">
    <skipped/>
  </testcase>
  <testcase name="Given User open the website GuruMu" classname="Scenario: Verify &apos;Ulasan&apos; is Displayed" time="0">
    <system-out><![CDATA[
  Scenario: Verify Ketersediaan in 'Online' is Displayed &amp#27;[90m# features/ViewTeacher.feature:98&amp#27;[0m
    &amp#27;[31mGiven &amp#27;[0m&amp#27;[31mUser move to Profile Page&amp#27;[0m                      &amp#27;[90m# PenilaianUlasanSteps.userMoveToProfilePage()&amp#27;[0m
      &amp#27;[31morg.openqa.selenium.NoSuchElementException: no such element: Unable to locate element: {"method":"xpath","selector":"//h2[@class='swal2-title']"}
        (Session info: chrome=110.0.5481.100)
      For documentation on this error, please visit: https://selenium.dev/exceptions/#no_such_element
      Build info: version: '4.1.2', revision: '9a5a329c5a'
      System info: host: 'nsystem-mbp', ip: 'fe80:0:0:0:ce7:beec:a50b:8367%en0', os.name: 'Mac OS X', os.arch: 'x86_64', os.version: '10.16', java.version: '1.8.0_201'
      Driver info: org.openqa.selenium.chrome.ChromeDriver
      Command: [70c38ccc309a9f70dae3ae36f533f325, findElement {using=xpath, value=//h2[@class='swal2-title']}]
      Capabilities {acceptInsecureCerts: false, browserName: chrome, browserVersion: 110.0.5481.100, chrome: {chromedriverVersion: 110.0.5481.77 (65ed616c6e8e..., userDataDir: /var/folders/00/xzw63_pj58g...}, goog:chromeOptions: {debuggerAddress: localhost:53289}, javascriptEnabled: true, networkConnectionEnabled: false, pageLoadStrategy: normal, platform: MAC, platformName: MAC, proxy: Proxy(), se:cdp: ws://localhost:53289/devtoo..., se:cdpVersion: 110.0.5481.100, setWindowRect: true, strictFileInteractability: false, timeouts: {implicit: 0, pageLoad: 300000, script: 30000}, unhandledPromptBehavior: dismiss and notify, webauthn:extension:credBlob: true, webauthn:extension:largeBlob: true, webauthn:virtualAuthenticators: true}
      Session ID: 70c38ccc309a9f70dae3ae36f533f325
      	at sun.reflect.GeneratedConstructorAccessor38.newInstance(Unknown Source)
      	at sun.reflect.DelegatingConstructorAccessorImpl.newInstance(DelegatingConstructorAccessorImpl.java:45)
      	at java.lang.reflect.Constructor.newInstance(Constructor.java:423)
      	at org.openqa.selenium.remote.codec.w3c.W3CHttpResponseCodec.createException(W3CHttpResponseCodec.java:200)
      	at org.openqa.selenium.remote.codec.w3c.W3CHttpResponseCodec.decode(W3CHttpResponseCodec.java:133)
      	at org.openqa.selenium.remote.codec.w3c.W3CHttpResponseCodec.decode(W3CHttpResponseCodec.java:53)
      	at org.openqa.selenium.remote.HttpCommandExecutor.execute(HttpCommandExecutor.java:184)
      	at org.openqa.selenium.remote.service.DriverCommandExecutor.invokeExecute(DriverCommandExecutor.java:167)
      	at org.openqa.selenium.remote.service.DriverCommandExecutor.execute(DriverCommandExecutor.java:142)
      	at org.openqa.selenium.remote.RemoteWebDriver.execute(RemoteWebDriver.java:558)
      	at org.openqa.selenium.remote.ElementLocation$ElementFinder$2.findElement(ElementLocation.java:162)
      	at org.openqa.selenium.remote.ElementLocation.findElement(ElementLocation.java:60)
      	at org.openqa.selenium.remote.RemoteWebDriver.findElement(RemoteWebDriver.java:382)
      	at org.openqa.selenium.remote.RemoteWebDriver.findElement(RemoteWebDriver.java:374)
      	at org.openqa.selenium.support.pagefactory.DefaultElementLocator.findElement(DefaultElementLocator.java:70)
      	at org.openqa.selenium.support.pagefactory.internal.LocatingElementHandler.invoke(LocatingElementHandler.java:39)
      	at com.sun.proxy.$Proxy21.isDisplayed(Unknown Source)
      	at org.example.pageObject.BerandaPage.successMessageIsDisplayed(BerandaPage.java:169)
      	at step_definitions.PenilaianUlasanSteps.userMoveToProfilePage(PenilaianUlasanSteps.java:163)
      	at ✽.Given User move to Profile Page(features/ViewTeacher.feature:99)
      &amp#27;[0m
    &amp#27;[36mWhen &amp#27;[0m&amp#27;[36mTeacher already on User's Profile Page&amp#27;[0m          &amp#27;[90m# ViewTeacherSteps.teacherAlreadyOnUserSProfilePage()&amp#27;[0m
    &amp#27;[36mThen &amp#27;[0m&amp#27;[36mTeacher verifies 'Online'&amp#27;[0m                       &amp#27;[90m# ViewTeacherSteps.teacherVerifiesOnline()&amp#27;[0m
    &amp#27;[36mAnd &amp#27;[0m&amp#27;[36mKetersediaan in 'Online' is displayed&amp#27;[0m            &amp#27;[90m# ViewTeacherSteps.ketersediaanInOnlineIsDisplayed()&amp#27;[0m
]]></system-out>
    <system-err><![CDATA[Starting ChromeDriver 110.0.5481.77 (65ed616c6e8ee3fe0ad64fe83796c020644d42af-refs/branch-heads/5481@{#839}) on port 59367
Only local connections are allowed.
Please see https://chromedriver.chromium.org/security-considerations for suggestions on keeping ChromeDriver safe.
ChromeDriver was started successfully.
[1676557506.915][WARNING]: virtual void DevToolsClientImpl::AddListener(DevToolsEventListener *) subscribing a listener to the already connected DevToolsClient. Connection notification will not arrive.
Feb 16, 2023 9:25:07 PM org.openqa.selenium.remote.ProtocolHandshake createSession
INFO: Detected dialect: W3C
Feb 16, 2023 9:25:07 PM org.openqa.selenium.devtools.CdpVersionFinder findNearestMatch
WARNING: Unable to find an exact match for CDP version 110, so returning the closest version found: a no-op implementation
Feb 16, 2023 9:25:07 PM org.openqa.selenium.devtools.CdpVersionFinder findNearestMatch
INFO: Unable to find CDP implementation matching 110.
Feb 16, 2023 9:25:07 PM org.openqa.selenium.chromium.ChromiumDriver lambda$new$3
WARNING: Unable to find version of CDP to use for . You may need to include a dependency on a specific version of the CDP using something similar to `org.seleniumhq.selenium:selenium-devtools-v86:4.1.2` where the version ("v86") matches the version of the chromium-based browser you're using and the version number of the artifact is the same as Selenium's.
]]></system-err>
  </testcase>
  <testcase name="When User click avatar navigation" classname="Scenario: Verify &apos;Ulasan&apos; is Displayed" time="0"/>
  <testcase name="Then User click menu Masuk" classname="Scenario: Verify &apos;Ulasan&apos; is Displayed" time="0"/>
  <testcase name="And User input &quot;shafirayuria@gmail.com&quot; as email and input &quot;Akuinhere22&quot; as password" classname="Scenario: Verify &apos;Ulasan&apos; is Displayed" time="0"/>
  <testcase name="And User clicked masuk button" classname="Scenario: Verify &apos;Ulasan&apos; is Displayed" time="0"/>
  <testcase name="Given User move to Profile Page" classname="Scenario: Verify &apos;Ulasan&apos; is Displayed" time="0.003">
    <error message="no such element: Unable to locate element: {&quot;method&quot;:&quot;xpath&quot;,&quot;selector&quot;:&quot;//h2[@class=&apos;swal2-title&apos;]&quot;}&#10;  (Session info: chrome=110.0.5481.100)&#10;For documentation on this error, please visit: https://selenium.dev/exceptions/#no_such_element&#10;Build info: version: &apos;4.1.2&apos;, revision: &apos;9a5a329c5a&apos;&#10;System info: host: &apos;nsystem-mbp&apos;, ip: &apos;fe80:0:0:0:ce7:beec:a50b:8367%en0&apos;, os.name: &apos;Mac OS X&apos;, os.arch: &apos;x86_64&apos;, os.version: &apos;10.16&apos;, java.version: &apos;1.8.0_201&apos;&#10;Driver info: org.openqa.selenium.chrome.ChromeDriver&#10;Command: [ca1a7c45d208619ceeaadff230c765f2, findElement {using=xpath, value=//h2[@class=&apos;swal2-title&apos;]}]&#10;Capabilities {acceptInsecureCerts: false, browserName: chrome, browserVersion: 110.0.5481.100, chrome: {chromedriverVersion: 110.0.5481.77 (65ed616c6e8e..., userDataDir: /var/folders/00/xzw63_pj58g...}, goog:chromeOptions: {debuggerAddress: localhost:53309}, javascriptEnabled: true, networkConnectionEnabled: false, pageLoadStrategy: normal, platform: MAC, platformName: MAC, proxy: Proxy(), se:cdp: ws://localhost:53309/devtoo..., se:cdpVersion: 110.0.5481.100, setWindowRect: true, strictFileInteractability: false, timeouts: {implicit: 0, pageLoad: 300000, script: 30000}, unhandledPromptBehavior: dismiss and notify, webauthn:extension:credBlob: true, webauthn:extension:largeBlob: true, webauthn:virtualAuthenticators: true}&#10;Session ID: ca1a7c45d208619ceeaadff230c765f2" type="org.openqa.selenium.NoSuchElementException"><![CDATA[org.openqa.selenium.NoSuchElementException: 
no such element: Unable to locate element: {"method":"xpath","selector":"//h2[@class='swal2-title']"}
  (Session info: chrome=110.0.5481.100)
For documentation on this error, please visit: https://selenium.dev/exceptions/#no_such_element
Build info: version: '4.1.2', revision: '9a5a329c5a'
System info: host: 'nsystem-mbp', ip: 'fe80:0:0:0:ce7:beec:a50b:8367%en0', os.name: 'Mac OS X', os.arch: 'x86_64', os.version: '10.16', java.version: '1.8.0_201'
Driver info: org.openqa.selenium.chrome.ChromeDriver
Command: [ca1a7c45d208619ceeaadff230c765f2, findElement {using=xpath, value=//h2[@class='swal2-title']}]
Capabilities {acceptInsecureCerts: false, browserName: chrome, browserVersion: 110.0.5481.100, chrome: {chromedriverVersion: 110.0.5481.77 (65ed616c6e8e..., userDataDir: /var/folders/00/xzw63_pj58g...}, goog:chromeOptions: {debuggerAddress: localhost:53309}, javascriptEnabled: true, networkConnectionEnabled: false, pageLoadStrategy: normal, platform: MAC, platformName: MAC, proxy: Proxy(), se:cdp: ws://localhost:53309/devtoo..., se:cdpVersion: 110.0.5481.100, setWindowRect: true, strictFileInteractability: false, timeouts: {implicit: 0, pageLoad: 300000, script: 30000}, unhandledPromptBehavior: dismiss and notify, webauthn:extension:credBlob: true, webauthn:extension:largeBlob: true, webauthn:virtualAuthenticators: true}
Session ID: ca1a7c45d208619ceeaadff230c765f2
]]></error>
    <system-out><![CDATA[
  Background:                                                                            &amp#27;[90m# features/ViewTeacher.feature:4&amp#27;[0m
    &amp#27;[32mGiven &amp#27;[0m&amp#27;[32mUser open the website GuruMu&amp#27;[0m                                                   &amp#27;[90m# LoginSteps.userOpenTheWebsiteGuruMu()&amp#27;[0m
    &amp#27;[32mWhen &amp#27;[0m&amp#27;[32mUser click avatar navigation&amp#27;[0m                                                    &amp#27;[90m# LoginSteps.userClickAvatarNavigation()&amp#27;[0m
    &amp#27;[32mThen &amp#27;[0m&amp#27;[32mUser click menu Masuk&amp#27;[0m                                                           &amp#27;[90m# LoginSteps.userClickMenuMasuk()&amp#27;[0m
    &amp#27;[32mAnd &amp#27;[0m&amp#27;[32mUser input "&amp#27;[0m&amp#27;[32m&amp#27;[1mshafirayuria@gmail.com&amp#27;[0m&amp#27;[32m" as email and input "&amp#27;[0m&amp#27;[32m&amp#27;[1mAkuinhere22&amp#27;[0m&amp#27;[32m" as password&amp#27;[0m &amp#27;[90m# LoginSteps.inputCredential(String,String)&amp#27;[0m
    &amp#27;[32mAnd &amp#27;[0m&amp#27;[32mUser clicked masuk button&amp#27;[0m                                                        &amp#27;[90m# LoginSteps.userClickMasukButton()&amp#27;[0m
]]></system-out>
  </testcase>
  <testcase name="" classname="Scenario: Verify &apos;Ulasan&apos; is Displayed" time="0.004">
    <error message="no such element: Unable to locate element: {&quot;method&quot;:&quot;xpath&quot;,&quot;selector&quot;:&quot;//h2[@class=&apos;swal2-title&apos;]&quot;}&#10;  (Session info: chrome=110.0.5481.100)&#10;For documentation on this error, please visit: https://selenium.dev/exceptions/#no_such_element&#10;Build info: version: &apos;4.1.2&apos;, revision: &apos;9a5a329c5a&apos;&#10;System info: host: &apos;nsystem-mbp&apos;, ip: &apos;fe80:0:0:0:ce7:beec:a50b:8367%en0&apos;, os.name: &apos;Mac OS X&apos;, os.arch: &apos;x86_64&apos;, os.version: &apos;10.16&apos;, java.version: &apos;1.8.0_201&apos;&#10;Driver info: org.openqa.selenium.chrome.ChromeDriver&#10;Command: [ca1a7c45d208619ceeaadff230c765f2, findElement {using=xpath, value=//h2[@class=&apos;swal2-title&apos;]}]&#10;Capabilities {acceptInsecureCerts: false, browserName: chrome, browserVersion: 110.0.5481.100, chrome: {chromedriverVersion: 110.0.5481.77 (65ed616c6e8e..., userDataDir: /var/folders/00/xzw63_pj58g...}, goog:chromeOptions: {debuggerAddress: localhost:53309}, javascriptEnabled: true, networkConnectionEnabled: false, pageLoadStrategy: normal, platform: MAC, platformName: MAC, proxy: Proxy(), se:cdp: ws://localhost:53309/devtoo..., se:cdpVersion: 110.0.5481.100, setWindowRect: true, strictFileInteractability: false, timeouts: {implicit: 0, pageLoad: 300000, script: 30000}, unhandledPromptBehavior: dismiss and notify, webauthn:extension:credBlob: true, webauthn:extension:largeBlob: true, webauthn:virtualAuthenticators: true}&#10;Session ID: ca1a7c45d208619ceeaadff230c765f2" type="org.openqa.selenium.NoSuchElementException"><![CDATA[org.openqa.selenium.NoSuchElementException: 
no such element: Unable to locate element: {"method":"xpath","selector":"//h2[@class='swal2-title']"}
  (Session info: chrome=110.0.5481.100)
For documentation on this error, please visit: https://selenium.dev/exceptions/#no_such_element
Build info: version: '4.1.2', revision: '9a5a329c5a'
System info: host: 'nsystem-mbp', ip: 'fe80:0:0:0:ce7:beec:a50b:8367%en0', os.name: 'Mac OS X', os.arch: 'x86_64', os.version: '10.16', java.version: '1.8.0_201'
Driver info: org.openqa.selenium.chrome.ChromeDriver
Command: [ca1a7c45d208619ceeaadff230c765f2, findElement {using=xpath, value=//h2[@class='swal2-title']}]
Capabilities {acceptInsecureCerts: false, browserName: chrome, browserVersion: 110.0.5481.100, chrome: {chromedriverVersion: 110.0.5481.77 (65ed616c6e8e..., userDataDir: /var/folders/00/xzw63_pj58g...}, goog:chromeOptions: {debuggerAddress: localhost:53309}, javascriptEnabled: true, networkConnectionEnabled: false, pageLoadStrategy: normal, platform: MAC, platformName: MAC, proxy: Proxy(), se:cdp: ws://localhost:53309/devtoo..., se:cdpVersion: 110.0.5481.100, setWindowRect: true, strictFileInteractability: false, timeouts: {implicit: 0, pageLoad: 300000, script: 30000}, unhandledPromptBehavior: dismiss and notify, webauthn:extension:credBlob: true, webauthn:extension:largeBlob: true, webauthn:virtualAuthenticators: true}
Session ID: ca1a7c45d208619ceeaadff230c765f2
]]></error>
  </testcase>
  <testcase name="When Teacher already on User&apos;s Profile Page" classname="Scenario: Verify &apos;Ulasan&apos; is Displayed" time="0">
    <skipped/>
  </testcase>
  <testcase name="Then Teacher verifies &apos;Ulasan&apos;" classname="Scenario: Verify &apos;Ulasan&apos; is Displayed" time="0">
    <skipped/>
  </testcase>
  <testcase name="And Ulasan is displayed" classname="Scenario: Verify &apos;Ulasan&apos; is Displayed" time="0">
    <skipped/>
  </testcase>
  <testcase name="Given User open the website GuruMu" classname="Scenario: Verify &apos;Lihat Lebih Banyak&apos; button is enabled" time="0">
    <system-out><![CDATA[
  Scenario: Verify 'Ulasan' is Displayed        &amp#27;[90m# features/ViewTeacher.feature:104&amp#27;[0m
    &amp#27;[31mGiven &amp#27;[0m&amp#27;[31mUser move to Profile Page&amp#27;[0m             &amp#27;[90m# PenilaianUlasanSteps.userMoveToProfilePage()&amp#27;[0m
      &amp#27;[31morg.openqa.selenium.NoSuchElementException: no such element: Unable to locate element: {"method":"xpath","selector":"//h2[@class='swal2-title']"}
        (Session info: chrome=110.0.5481.100)
      For documentation on this error, please visit: https://selenium.dev/exceptions/#no_such_element
      Build info: version: '4.1.2', revision: '9a5a329c5a'
      System info: host: 'nsystem-mbp', ip: 'fe80:0:0:0:ce7:beec:a50b:8367%en0', os.name: 'Mac OS X', os.arch: 'x86_64', os.version: '10.16', java.version: '1.8.0_201'
      Driver info: org.openqa.selenium.chrome.ChromeDriver
      Command: [ca1a7c45d208619ceeaadff230c765f2, findElement {using=xpath, value=//h2[@class='swal2-title']}]
      Capabilities {acceptInsecureCerts: false, browserName: chrome, browserVersion: 110.0.5481.100, chrome: {chromedriverVersion: 110.0.5481.77 (65ed616c6e8e..., userDataDir: /var/folders/00/xzw63_pj58g...}, goog:chromeOptions: {debuggerAddress: localhost:53309}, javascriptEnabled: true, networkConnectionEnabled: false, pageLoadStrategy: normal, platform: MAC, platformName: MAC, proxy: Proxy(), se:cdp: ws://localhost:53309/devtoo..., se:cdpVersion: 110.0.5481.100, setWindowRect: true, strictFileInteractability: false, timeouts: {implicit: 0, pageLoad: 300000, script: 30000}, unhandledPromptBehavior: dismiss and notify, webauthn:extension:credBlob: true, webauthn:extension:largeBlob: true, webauthn:virtualAuthenticators: true}
      Session ID: ca1a7c45d208619ceeaadff230c765f2
      	at sun.reflect.GeneratedConstructorAccessor38.newInstance(Unknown Source)
      	at sun.reflect.DelegatingConstructorAccessorImpl.newInstance(DelegatingConstructorAccessorImpl.java:45)
      	at java.lang.reflect.Constructor.newInstance(Constructor.java:423)
      	at org.openqa.selenium.remote.codec.w3c.W3CHttpResponseCodec.createException(W3CHttpResponseCodec.java:200)
      	at org.openqa.selenium.remote.codec.w3c.W3CHttpResponseCodec.decode(W3CHttpResponseCodec.java:133)
      	at org.openqa.selenium.remote.codec.w3c.W3CHttpResponseCodec.decode(W3CHttpResponseCodec.java:53)
      	at org.openqa.selenium.remote.HttpCommandExecutor.execute(HttpCommandExecutor.java:184)
      	at org.openqa.selenium.remote.service.DriverCommandExecutor.invokeExecute(DriverCommandExecutor.java:167)
      	at org.openqa.selenium.remote.service.DriverCommandExecutor.execute(DriverCommandExecutor.java:142)
      	at org.openqa.selenium.remote.RemoteWebDriver.execute(RemoteWebDriver.java:558)
      	at org.openqa.selenium.remote.ElementLocation$ElementFinder$2.findElement(ElementLocation.java:162)
      	at org.openqa.selenium.remote.ElementLocation.findElement(ElementLocation.java:60)
      	at org.openqa.selenium.remote.RemoteWebDriver.findElement(RemoteWebDriver.java:382)
      	at org.openqa.selenium.remote.RemoteWebDriver.findElement(RemoteWebDriver.java:374)
      	at org.openqa.selenium.support.pagefactory.DefaultElementLocator.findElement(DefaultElementLocator.java:70)
      	at org.openqa.selenium.support.pagefactory.internal.LocatingElementHandler.invoke(LocatingElementHandler.java:39)
      	at com.sun.proxy.$Proxy21.isDisplayed(Unknown Source)
      	at org.example.pageObject.BerandaPage.successMessageIsDisplayed(BerandaPage.java:169)
      	at step_definitions.PenilaianUlasanSteps.userMoveToProfilePage(PenilaianUlasanSteps.java:163)
      	at ✽.Given User move to Profile Page(features/ViewTeacher.feature:105)
      &amp#27;[0m
    &amp#27;[36mWhen &amp#27;[0m&amp#27;[36mTeacher already on User's Profile Page&amp#27;[0m &amp#27;[90m# ViewTeacherSteps.teacherAlreadyOnUserSProfilePage()&amp#27;[0m
    &amp#27;[36mThen &amp#27;[0m&amp#27;[36mTeacher verifies 'Ulasan'&amp#27;[0m              &amp#27;[90m# ViewTeacherSteps.teacherVerifiesUlasan()&amp#27;[0m
    &amp#27;[36mAnd &amp#27;[0m&amp#27;[36mUlasan is displayed&amp#27;[0m                     &amp#27;[90m# ViewTeacherSteps.ulasanIsDisplayed()&amp#27;[0m
]]></system-out>
    <system-err><![CDATA[Starting ChromeDriver 110.0.5481.77 (65ed616c6e8ee3fe0ad64fe83796c020644d42af-refs/branch-heads/5481@{#839}) on port 58114
Only local connections are allowed.
Please see https://chromedriver.chromium.org/security-considerations for suggestions on keeping ChromeDriver safe.
ChromeDriver was started successfully.
[1676557534.948][WARNING]: virtual void DevToolsClientImpl::AddListener(DevToolsEventListener *) subscribing a listener to the already connected DevToolsClient. Connection notification will not arrive.
Feb 16, 2023 9:25:35 PM org.openqa.selenium.remote.ProtocolHandshake createSession
INFO: Detected dialect: W3C
Feb 16, 2023 9:25:35 PM org.openqa.selenium.devtools.CdpVersionFinder findNearestMatch
WARNING: Unable to find an exact match for CDP version 110, so returning the closest version found: a no-op implementation
Feb 16, 2023 9:25:35 PM org.openqa.selenium.devtools.CdpVersionFinder findNearestMatch
INFO: Unable to find CDP implementation matching 110.
Feb 16, 2023 9:25:35 PM org.openqa.selenium.chromium.ChromiumDriver lambda$new$3
WARNING: Unable to find version of CDP to use for . You may need to include a dependency on a specific version of the CDP using something similar to `org.seleniumhq.selenium:selenium-devtools-v86:4.1.2` where the version ("v86") matches the version of the chromium-based browser you're using and the version number of the artifact is the same as Selenium's.
]]></system-err>
  </testcase>
  <testcase name="When User click avatar navigation" classname="Scenario: Verify &apos;Lihat Lebih Banyak&apos; button is enabled" time="0"/>
  <testcase name="Then User click menu Masuk" classname="Scenario: Verify &apos;Lihat Lebih Banyak&apos; button is enabled" time="0"/>
  <testcase name="And User input &quot;shafirayuria@gmail.com&quot; as email and input &quot;Akuinhere22&quot; as password" classname="Scenario: Verify &apos;Lihat Lebih Banyak&apos; button is enabled" time="0"/>
  <testcase name="And User clicked masuk button" classname="Scenario: Verify &apos;Lihat Lebih Banyak&apos; button is enabled" time="0"/>
  <testcase name="Given User move to Profile Page" classname="Scenario: Verify &apos;Lihat Lebih Banyak&apos; button is enabled" time="0">
    <system-out><![CDATA[
  Background:                                                                            &amp#27;[90m# features/ViewTeacher.feature:4&amp#27;[0m
    &amp#27;[32mGiven &amp#27;[0m&amp#27;[32mUser open the website GuruMu&amp#27;[0m                                                   &amp#27;[90m# LoginSteps.userOpenTheWebsiteGuruMu()&amp#27;[0m
    &amp#27;[32mWhen &amp#27;[0m&amp#27;[32mUser click avatar navigation&amp#27;[0m                                                    &amp#27;[90m# LoginSteps.userClickAvatarNavigation()&amp#27;[0m
    &amp#27;[32mThen &amp#27;[0m&amp#27;[32mUser click menu Masuk&amp#27;[0m                                                           &amp#27;[90m# LoginSteps.userClickMenuMasuk()&amp#27;[0m
    &amp#27;[32mAnd &amp#27;[0m&amp#27;[32mUser input "&amp#27;[0m&amp#27;[32m&amp#27;[1mshafirayuria@gmail.com&amp#27;[0m&amp#27;[32m" as email and input "&amp#27;[0m&amp#27;[32m&amp#27;[1mAkuinhere22&amp#27;[0m&amp#27;[32m" as password&amp#27;[0m &amp#27;[90m# LoginSteps.inputCredential(String,String)&amp#27;[0m
    &amp#27;[32mAnd &amp#27;[0m&amp#27;[32mUser clicked masuk button&amp#27;[0m                                                        &amp#27;[90m# LoginSteps.userClickMasukButton()&amp#27;[0m
]]></system-out>
  </testcase>
  <testcase name="When Teacher already on User&apos;s Profile Page" classname="Scenario: Verify &apos;Lihat Lebih Banyak&apos; button is enabled" time="0"/>
  <testcase name="Then Teacher click &apos;Lihat Lebih Banyak&apos; button" classname="Scenario: Verify &apos;Lihat Lebih Banyak&apos; button is enabled" time="0.002">
    <error message="no such element: Unable to locate element: {&quot;method&quot;:&quot;xpath&quot;,&quot;selector&quot;:&quot;//p[@class=&apos;mt-5&apos;]&quot;}&#10;  (Session info: chrome=110.0.5481.100)&#10;For documentation on this error, please visit: https://selenium.dev/exceptions/#no_such_element&#10;Build info: version: &apos;4.1.2&apos;, revision: &apos;9a5a329c5a&apos;&#10;System info: host: &apos;nsystem-mbp&apos;, ip: &apos;fe80:0:0:0:ce7:beec:a50b:8367%en0&apos;, os.name: &apos;Mac OS X&apos;, os.arch: &apos;x86_64&apos;, os.version: &apos;10.16&apos;, java.version: &apos;1.8.0_201&apos;&#10;Driver info: org.openqa.selenium.chrome.ChromeDriver&#10;Command: [3375f0cb4763d200bdcd6bd5a1270a32, findElement {using=xpath, value=//p[@class=&apos;mt-5&apos;]}]&#10;Capabilities {acceptInsecureCerts: false, browserName: chrome, browserVersion: 110.0.5481.100, chrome: {chromedriverVersion: 110.0.5481.77 (65ed616c6e8e..., userDataDir: /var/folders/00/xzw63_pj58g...}, goog:chromeOptions: {debuggerAddress: localhost:53331}, javascriptEnabled: true, networkConnectionEnabled: false, pageLoadStrategy: normal, platform: MAC, platformName: MAC, proxy: Proxy(), se:cdp: ws://localhost:53331/devtoo..., se:cdpVersion: 110.0.5481.100, setWindowRect: true, strictFileInteractability: false, timeouts: {implicit: 0, pageLoad: 300000, script: 30000}, unhandledPromptBehavior: dismiss and notify, webauthn:extension:credBlob: true, webauthn:extension:largeBlob: true, webauthn:virtualAuthenticators: true}&#10;Session ID: 3375f0cb4763d200bdcd6bd5a1270a32" type="org.openqa.selenium.NoSuchElementException"><![CDATA[org.openqa.selenium.NoSuchElementException: 
no such element: Unable to locate element: {"method":"xpath","selector":"//p[@class='mt-5']"}
  (Session info: chrome=110.0.5481.100)
For documentation on this error, please visit: https://selenium.dev/exceptions/#no_such_element
Build info: version: '4.1.2', revision: '9a5a329c5a'
System info: host: 'nsystem-mbp', ip: 'fe80:0:0:0:ce7:beec:a50b:8367%en0', os.name: 'Mac OS X', os.arch: 'x86_64', os.version: '10.16', java.version: '1.8.0_201'
Driver info: org.openqa.selenium.chrome.ChromeDriver
Command: [3375f0cb4763d200bdcd6bd5a1270a32, findElement {using=xpath, value=//p[@class='mt-5']}]
Capabilities {acceptInsecureCerts: false, browserName: chrome, browserVersion: 110.0.5481.100, chrome: {chromedriverVersion: 110.0.5481.77 (65ed616c6e8e..., userDataDir: /var/folders/00/xzw63_pj58g...}, goog:chromeOptions: {debuggerAddress: localhost:53331}, javascriptEnabled: true, networkConnectionEnabled: false, pageLoadStrategy: normal, platform: MAC, platformName: MAC, proxy: Proxy(), se:cdp: ws://localhost:53331/devtoo..., se:cdpVersion: 110.0.5481.100, setWindowRect: true, strictFileInteractability: false, timeouts: {implicit: 0, pageLoad: 300000, script: 30000}, unhandledPromptBehavior: dismiss and notify, webauthn:extension:credBlob: true, webauthn:extension:largeBlob: true, webauthn:virtualAuthenticators: true}
Session ID: 3375f0cb4763d200bdcd6bd5a1270a32
]]></error>
  </testcase>
  <testcase name="" classname="Scenario: Verify &apos;Lihat Lebih Banyak&apos; button is enabled" time="0.003">
    <error message="no such element: Unable to locate element: {&quot;method&quot;:&quot;xpath&quot;,&quot;selector&quot;:&quot;//p[@class=&apos;mt-5&apos;]&quot;}&#10;  (Session info: chrome=110.0.5481.100)&#10;For documentation on this error, please visit: https://selenium.dev/exceptions/#no_such_element&#10;Build info: version: &apos;4.1.2&apos;, revision: &apos;9a5a329c5a&apos;&#10;System info: host: &apos;nsystem-mbp&apos;, ip: &apos;fe80:0:0:0:ce7:beec:a50b:8367%en0&apos;, os.name: &apos;Mac OS X&apos;, os.arch: &apos;x86_64&apos;, os.version: &apos;10.16&apos;, java.version: &apos;1.8.0_201&apos;&#10;Driver info: org.openqa.selenium.chrome.ChromeDriver&#10;Command: [3375f0cb4763d200bdcd6bd5a1270a32, findElement {using=xpath, value=//p[@class=&apos;mt-5&apos;]}]&#10;Capabilities {acceptInsecureCerts: false, browserName: chrome, browserVersion: 110.0.5481.100, chrome: {chromedriverVersion: 110.0.5481.77 (65ed616c6e8e..., userDataDir: /var/folders/00/xzw63_pj58g...}, goog:chromeOptions: {debuggerAddress: localhost:53331}, javascriptEnabled: true, networkConnectionEnabled: false, pageLoadStrategy: normal, platform: MAC, platformName: MAC, proxy: Proxy(), se:cdp: ws://localhost:53331/devtoo..., se:cdpVersion: 110.0.5481.100, setWindowRect: true, strictFileInteractability: false, timeouts: {implicit: 0, pageLoad: 300000, script: 30000}, unhandledPromptBehavior: dismiss and notify, webauthn:extension:credBlob: true, webauthn:extension:largeBlob: true, webauthn:virtualAuthenticators: true}&#10;Session ID: 3375f0cb4763d200bdcd6bd5a1270a32" type="org.openqa.selenium.NoSuchElementException"><![CDATA[org.openqa.selenium.NoSuchElementException: 
no such element: Unable to locate element: {"method":"xpath","selector":"//p[@class='mt-5']"}
  (Session info: chrome=110.0.5481.100)
For documentation on this error, please visit: https://selenium.dev/exceptions/#no_such_element
Build info: version: '4.1.2', revision: '9a5a329c5a'
System info: host: 'nsystem-mbp', ip: 'fe80:0:0:0:ce7:beec:a50b:8367%en0', os.name: 'Mac OS X', os.arch: 'x86_64', os.version: '10.16', java.version: '1.8.0_201'
Driver info: org.openqa.selenium.chrome.ChromeDriver
Command: [3375f0cb4763d200bdcd6bd5a1270a32, findElement {using=xpath, value=//p[@class='mt-5']}]
Capabilities {acceptInsecureCerts: false, browserName: chrome, browserVersion: 110.0.5481.100, chrome: {chromedriverVersion: 110.0.5481.77 (65ed616c6e8e..., userDataDir: /var/folders/00/xzw63_pj58g...}, goog:chromeOptions: {debuggerAddress: localhost:53331}, javascriptEnabled: true, networkConnectionEnabled: false, pageLoadStrategy: normal, platform: MAC, platformName: MAC, proxy: Proxy(), se:cdp: ws://localhost:53331/devtoo..., se:cdpVersion: 110.0.5481.100, setWindowRect: true, strictFileInteractability: false, timeouts: {implicit: 0, pageLoad: 300000, script: 30000}, unhandledPromptBehavior: dismiss and notify, webauthn:extension:credBlob: true, webauthn:extension:largeBlob: true, webauthn:virtualAuthenticators: true}
Session ID: 3375f0cb4763d200bdcd6bd5a1270a32
]]></error>
  </testcase>
  <testcase name="And button is enabled" classname="Scenario: Verify &apos;Lihat Lebih Banyak&apos; button is enabled" time="0">
    <skipped/>
  </testcase>
  <testcase name="Given User open the website GuruMu" classname="Scenario: Verify &apos;Cek Jadwal&apos; button is enabled" time="0">
    <system-out><![CDATA[
  Scenario: Verify 'Lihat Lebih Banyak' button is enabled &amp#27;[90m# features/ViewTeacher.feature:110&amp#27;[0m
    &amp#27;[32mGiven &amp#27;[0m&amp#27;[32mUser move to Profile Page&amp#27;[0m                       &amp#27;[90m# PenilaianUlasanSteps.userMoveToProfilePage()&amp#27;[0m
    &amp#27;[32mWhen &amp#27;[0m&amp#27;[32mTeacher already on User's Profile Page&amp#27;[0m           &amp#27;[90m# ViewTeacherSteps.teacherAlreadyOnUserSProfilePage()&amp#27;[0m
    &amp#27;[31mThen &amp#27;[0m&amp#27;[31mTeacher click 'Lihat Lebih Banyak' button&amp#27;[0m        &amp#27;[90m# ViewTeacherSteps.teacherClickLihatLebihBanyakButton()&amp#27;[0m
      &amp#27;[31morg.openqa.selenium.NoSuchElementException: no such element: Unable to locate element: {"method":"xpath","selector":"//p[@class='mt-5']"}
        (Session info: chrome=110.0.5481.100)
      For documentation on this error, please visit: https://selenium.dev/exceptions/#no_such_element
      Build info: version: '4.1.2', revision: '9a5a329c5a'
      System info: host: 'nsystem-mbp', ip: 'fe80:0:0:0:ce7:beec:a50b:8367%en0', os.name: 'Mac OS X', os.arch: 'x86_64', os.version: '10.16', java.version: '1.8.0_201'
      Driver info: org.openqa.selenium.chrome.ChromeDriver
      Command: [3375f0cb4763d200bdcd6bd5a1270a32, findElement {using=xpath, value=//p[@class='mt-5']}]
      Capabilities {acceptInsecureCerts: false, browserName: chrome, browserVersion: 110.0.5481.100, chrome: {chromedriverVersion: 110.0.5481.77 (65ed616c6e8e..., userDataDir: /var/folders/00/xzw63_pj58g...}, goog:chromeOptions: {debuggerAddress: localhost:53331}, javascriptEnabled: true, networkConnectionEnabled: false, pageLoadStrategy: normal, platform: MAC, platformName: MAC, proxy: Proxy(), se:cdp: ws://localhost:53331/devtoo..., se:cdpVersion: 110.0.5481.100, setWindowRect: true, strictFileInteractability: false, timeouts: {implicit: 0, pageLoad: 300000, script: 30000}, unhandledPromptBehavior: dismiss and notify, webauthn:extension:credBlob: true, webauthn:extension:largeBlob: true, webauthn:virtualAuthenticators: true}
      Session ID: 3375f0cb4763d200bdcd6bd5a1270a32
      	at sun.reflect.GeneratedConstructorAccessor38.newInstance(Unknown Source)
      	at sun.reflect.DelegatingConstructorAccessorImpl.newInstance(DelegatingConstructorAccessorImpl.java:45)
      	at java.lang.reflect.Constructor.newInstance(Constructor.java:423)
      	at org.openqa.selenium.remote.codec.w3c.W3CHttpResponseCodec.createException(W3CHttpResponseCodec.java:200)
      	at org.openqa.selenium.remote.codec.w3c.W3CHttpResponseCodec.decode(W3CHttpResponseCodec.java:133)
      	at org.openqa.selenium.remote.codec.w3c.W3CHttpResponseCodec.decode(W3CHttpResponseCodec.java:53)
      	at org.openqa.selenium.remote.HttpCommandExecutor.execute(HttpCommandExecutor.java:184)
      	at org.openqa.selenium.remote.service.DriverCommandExecutor.invokeExecute(DriverCommandExecutor.java:167)
      	at org.openqa.selenium.remote.service.DriverCommandExecutor.execute(DriverCommandExecutor.java:142)
      	at org.openqa.selenium.remote.RemoteWebDriver.execute(RemoteWebDriver.java:558)
      	at org.openqa.selenium.remote.ElementLocation$ElementFinder$2.findElement(ElementLocation.java:162)
      	at org.openqa.selenium.remote.ElementLocation.findElement(ElementLocation.java:60)
      	at org.openqa.selenium.remote.RemoteWebDriver.findElement(RemoteWebDriver.java:382)
      	at org.openqa.selenium.remote.RemoteWebDriver.findElement(RemoteWebDriver.java:374)
      	at org.openqa.selenium.support.pagefactory.DefaultElementLocator.findElement(DefaultElementLocator.java:70)
      	at org.openqa.selenium.support.pagefactory.internal.LocatingElementHandler.invoke(LocatingElementHandler.java:39)
      	at com.sun.proxy.$Proxy21.isDisplayed(Unknown Source)
      	at org.example.pageObject.ViewTeacherPage.isLihatLebihBanyakDisplayed(ViewTeacherPage.java:188)
      	at step_definitions.ViewTeacherSteps.teacherClickLihatLebihBanyakButton(ViewTeacherSteps.java:201)
      	at ✽.Then Teacher click 'Lihat Lebih Banyak' button(features/ViewTeacher.feature:113)
      &amp#27;[0m
    &amp#27;[36mAnd &amp#27;[0m&amp#27;[36mbutton is enabled&amp#27;[0m                                 &amp#27;[90m# ViewStudentSteps.buttonIsEnabled()&amp#27;[0m
]]></system-out>
    <system-err><![CDATA[Starting ChromeDriver 110.0.5481.77 (65ed616c6e8ee3fe0ad64fe83796c020644d42af-refs/branch-heads/5481@{#839}) on port 49566
Only local connections are allowed.
Please see https://chromedriver.chromium.org/security-considerations for suggestions on keeping ChromeDriver safe.
ChromeDriver was started successfully.
[1676557578.032][WARNING]: virtual void DevToolsClientImpl::AddListener(DevToolsEventListener *) subscribing a listener to the already connected DevToolsClient. Connection notification will not arrive.
Feb 16, 2023 9:26:18 PM org.openqa.selenium.remote.ProtocolHandshake createSession
INFO: Detected dialect: W3C
Feb 16, 2023 9:26:18 PM org.openqa.selenium.devtools.CdpVersionFinder findNearestMatch
WARNING: Unable to find an exact match for CDP version 110, so returning the closest version found: a no-op implementation
Feb 16, 2023 9:26:18 PM org.openqa.selenium.devtools.CdpVersionFinder findNearestMatch
INFO: Unable to find CDP implementation matching 110.
Feb 16, 2023 9:26:18 PM org.openqa.selenium.chromium.ChromiumDriver lambda$new$3
WARNING: Unable to find version of CDP to use for . You may need to include a dependency on a specific version of the CDP using something similar to `org.seleniumhq.selenium:selenium-devtools-v86:4.1.2` where the version ("v86") matches the version of the chromium-based browser you're using and the version number of the artifact is the same as Selenium's.
]]></system-err>
  </testcase>
  <testcase name="When User click avatar navigation" classname="Scenario: Verify &apos;Cek Jadwal&apos; button is enabled" time="0"/>
  <testcase name="Then User click menu Masuk" classname="Scenario: Verify &apos;Cek Jadwal&apos; button is enabled" time="0"/>
  <testcase name="And User input &quot;shafirayuria@gmail.com&quot; as email and input &quot;Akuinhere22&quot; as password" classname="Scenario: Verify &apos;Cek Jadwal&apos; button is enabled" time="0"/>
  <testcase name="And User clicked masuk button" classname="Scenario: Verify &apos;Cek Jadwal&apos; button is enabled" time="0"/>
  <testcase name="Given User move to Profile Page" classname="Scenario: Verify &apos;Cek Jadwal&apos; button is enabled" time="0">
    <system-out><![CDATA[
  Background:                                                                            &amp#27;[90m# features/ViewTeacher.feature:4&amp#27;[0m
    &amp#27;[32mGiven &amp#27;[0m&amp#27;[32mUser open the website GuruMu&amp#27;[0m                                                   &amp#27;[90m# LoginSteps.userOpenTheWebsiteGuruMu()&amp#27;[0m
    &amp#27;[32mWhen &amp#27;[0m&amp#27;[32mUser click avatar navigation&amp#27;[0m                                                    &amp#27;[90m# LoginSteps.userClickAvatarNavigation()&amp#27;[0m
    &amp#27;[32mThen &amp#27;[0m&amp#27;[32mUser click menu Masuk&amp#27;[0m                                                           &amp#27;[90m# LoginSteps.userClickMenuMasuk()&amp#27;[0m
    &amp#27;[32mAnd &amp#27;[0m&amp#27;[32mUser input "&amp#27;[0m&amp#27;[32m&amp#27;[1mshafirayuria@gmail.com&amp#27;[0m&amp#27;[32m" as email and input "&amp#27;[0m&amp#27;[32m&amp#27;[1mAkuinhere22&amp#27;[0m&amp#27;[32m" as password&amp#27;[0m &amp#27;[90m# LoginSteps.inputCredential(String,String)&amp#27;[0m
    &amp#27;[32mAnd &amp#27;[0m&amp#27;[32mUser clicked masuk button&amp#27;[0m                                                        &amp#27;[90m# LoginSteps.userClickMasukButton()&amp#27;[0m
]]></system-out>
  </testcase>
  <testcase name="When Teacher already on User&apos;s Profile Page" classname="Scenario: Verify &apos;Cek Jadwal&apos; button is enabled" time="0"/>
  <testcase name="Then Teacher click &apos;Cek Jadwal&apos; button" classname="Scenario: Verify &apos;Cek Jadwal&apos; button is enabled" time="0"/>
  <testcase name="" classname="Scenario: Verify &apos;Cek Jadwal&apos; button is enabled" time="0.114"/>
</testsuite>